[2025-04-28T10:35:19.207-0400] {processor.py:186} INFO - Started process (PID=5587) to work on /home/aangava/MSP/airflow_venv/lib/python3.12/site-packages/airflow/example_dags/example_display_name.py
[2025-04-28T10:35:19.208-0400] {processor.py:914} INFO - Processing file /home/aangava/MSP/airflow_venv/lib/python3.12/site-packages/airflow/example_dags/example_display_name.py for tasks to queue
[2025-04-28T10:35:19.211-0400] {logging_mixin.py:190} INFO - [2025-04-28T10:35:19.210-0400] {dagbag.py:588} INFO - Filling up the DagBag from /home/aangava/MSP/airflow_venv/lib/python3.12/site-packages/airflow/example_dags/example_display_name.py
[2025-04-28T10:35:19.220-0400] {processor.py:925} INFO - DAG(s) 'example_display_name' retrieved from /home/aangava/MSP/airflow_venv/lib/python3.12/site-packages/airflow/example_dags/example_display_name.py
[2025-04-28T10:35:19.335-0400] {logging_mixin.py:190} INFO - [2025-04-28T10:35:19.333-0400] {override.py:1912} INFO - Created Permission View: can read on DAG:example_display_name
[2025-04-28T10:35:19.345-0400] {logging_mixin.py:190} INFO - [2025-04-28T10:35:19.345-0400] {override.py:1912} INFO - Created Permission View: can edit on DAG:example_display_name
[2025-04-28T10:35:19.353-0400] {logging_mixin.py:190} INFO - [2025-04-28T10:35:19.353-0400] {override.py:1912} INFO - Created Permission View: can delete on DAG:example_display_name
[2025-04-28T10:35:19.368-0400] {logging_mixin.py:190} INFO - [2025-04-28T10:35:19.367-0400] {override.py:1912} INFO - Created Permission View: can read on DAG Run:example_display_name
[2025-04-28T10:35:19.377-0400] {logging_mixin.py:190} INFO - [2025-04-28T10:35:19.377-0400] {override.py:1912} INFO - Created Permission View: can delete on DAG Run:example_display_name
[2025-04-28T10:35:19.386-0400] {logging_mixin.py:190} INFO - [2025-04-28T10:35:19.386-0400] {override.py:1912} INFO - Created Permission View: can create on DAG Run:example_display_name
[2025-04-28T10:35:19.394-0400] {logging_mixin.py:190} INFO - [2025-04-28T10:35:19.393-0400] {override.py:1912} INFO - Created Permission View: menu access on DAG Run:example_display_name
[2025-04-28T10:35:19.394-0400] {logging_mixin.py:190} INFO - [2025-04-28T10:35:19.394-0400] {dag.py:3239} INFO - Sync 1 DAGs
[2025-04-28T10:35:19.402-0400] {logging_mixin.py:190} INFO - [2025-04-28T10:35:19.402-0400] {dag.py:3262} INFO - Creating ORM DAG for example_display_name
[2025-04-28T10:35:19.402-0400] {logging_mixin.py:190} INFO - [2025-04-28T10:35:19.402-0400] {dag.py:4180} INFO - Setting next_dagrun for example_display_name to None, run_after=None
[2025-04-28T10:35:19.418-0400] {processor.py:208} INFO - Processing /home/aangava/MSP/airflow_venv/lib/python3.12/site-packages/airflow/example_dags/example_display_name.py took 0.218 seconds
[2025-04-28T10:36:24.720-0400] {processor.py:186} INFO - Started process (PID=6056) to work on /home/aangava/MSP/airflow_venv/lib/python3.12/site-packages/airflow/example_dags/example_display_name.py
[2025-04-28T10:36:24.721-0400] {processor.py:914} INFO - Processing file /home/aangava/MSP/airflow_venv/lib/python3.12/site-packages/airflow/example_dags/example_display_name.py for tasks to queue
[2025-04-28T10:36:24.723-0400] {logging_mixin.py:190} INFO - [2025-04-28T10:36:24.722-0400] {dagbag.py:588} INFO - Filling up the DagBag from /home/aangava/MSP/airflow_venv/lib/python3.12/site-packages/airflow/example_dags/example_display_name.py
[2025-04-28T10:36:24.728-0400] {processor.py:925} INFO - DAG(s) 'example_display_name' retrieved from /home/aangava/MSP/airflow_venv/lib/python3.12/site-packages/airflow/example_dags/example_display_name.py
[2025-04-28T10:36:24.739-0400] {logging_mixin.py:190} INFO - [2025-04-28T10:36:24.738-0400] {dag.py:3239} INFO - Sync 1 DAGs
[2025-04-28T10:36:24.746-0400] {logging_mixin.py:190} INFO - [2025-04-28T10:36:24.746-0400] {dag.py:4180} INFO - Setting next_dagrun for example_display_name to None, run_after=None
[2025-04-28T10:36:24.762-0400] {processor.py:208} INFO - Processing /home/aangava/MSP/airflow_venv/lib/python3.12/site-packages/airflow/example_dags/example_display_name.py took 0.048 seconds
[2025-04-28T10:37:22.511-0400] {processor.py:186} INFO - Started process (PID=6616) to work on /home/aangava/MSP/airflow_venv/lib/python3.12/site-packages/airflow/example_dags/example_display_name.py
[2025-04-28T10:37:22.522-0400] {processor.py:914} INFO - Processing file /home/aangava/MSP/airflow_venv/lib/python3.12/site-packages/airflow/example_dags/example_display_name.py for tasks to queue
[2025-04-28T10:37:22.524-0400] {logging_mixin.py:190} INFO - [2025-04-28T10:37:22.524-0400] {dagbag.py:588} INFO - Filling up the DagBag from /home/aangava/MSP/airflow_venv/lib/python3.12/site-packages/airflow/example_dags/example_display_name.py
[2025-04-28T10:37:22.536-0400] {processor.py:925} INFO - DAG(s) 'example_display_name' retrieved from /home/aangava/MSP/airflow_venv/lib/python3.12/site-packages/airflow/example_dags/example_display_name.py
[2025-04-28T10:37:22.554-0400] {logging_mixin.py:190} INFO - [2025-04-28T10:37:22.554-0400] {dag.py:3239} INFO - Sync 1 DAGs
[2025-04-28T10:37:22.569-0400] {logging_mixin.py:190} INFO - [2025-04-28T10:37:22.569-0400] {dag.py:4180} INFO - Setting next_dagrun for example_display_name to None, run_after=None
[2025-04-28T10:37:22.595-0400] {processor.py:208} INFO - Processing /home/aangava/MSP/airflow_venv/lib/python3.12/site-packages/airflow/example_dags/example_display_name.py took 0.090 seconds
[2025-04-28T10:43:44.900-0400] {processor.py:186} INFO - Started process (PID=9001) to work on /home/aangava/MSP/airflow_venv/lib/python3.12/site-packages/airflow/example_dags/example_display_name.py
[2025-04-28T10:43:44.902-0400] {processor.py:914} INFO - Processing file /home/aangava/MSP/airflow_venv/lib/python3.12/site-packages/airflow/example_dags/example_display_name.py for tasks to queue
[2025-04-28T10:43:44.904-0400] {logging_mixin.py:190} INFO - [2025-04-28T10:43:44.904-0400] {dagbag.py:588} INFO - Filling up the DagBag from /home/aangava/MSP/airflow_venv/lib/python3.12/site-packages/airflow/example_dags/example_display_name.py
[2025-04-28T10:43:44.913-0400] {processor.py:925} INFO - DAG(s) 'example_display_name' retrieved from /home/aangava/MSP/airflow_venv/lib/python3.12/site-packages/airflow/example_dags/example_display_name.py
[2025-04-28T10:43:44.930-0400] {logging_mixin.py:190} INFO - [2025-04-28T10:43:44.930-0400] {dag.py:3239} INFO - Sync 1 DAGs
[2025-04-28T10:43:44.940-0400] {logging_mixin.py:190} INFO - [2025-04-28T10:43:44.940-0400] {dag.py:4180} INFO - Setting next_dagrun for example_display_name to None, run_after=None
[2025-04-28T10:43:44.963-0400] {processor.py:208} INFO - Processing /home/aangava/MSP/airflow_venv/lib/python3.12/site-packages/airflow/example_dags/example_display_name.py took 0.068 seconds
[2025-04-28T10:44:41.739-0400] {processor.py:186} INFO - Started process (PID=9384) to work on /home/aangava/MSP/airflow_venv/lib/python3.12/site-packages/airflow/example_dags/example_display_name.py
[2025-04-28T10:44:41.750-0400] {processor.py:914} INFO - Processing file /home/aangava/MSP/airflow_venv/lib/python3.12/site-packages/airflow/example_dags/example_display_name.py for tasks to queue
[2025-04-28T10:44:41.754-0400] {logging_mixin.py:190} INFO - [2025-04-28T10:44:41.753-0400] {dagbag.py:588} INFO - Filling up the DagBag from /home/aangava/MSP/airflow_venv/lib/python3.12/site-packages/airflow/example_dags/example_display_name.py
[2025-04-28T10:44:41.766-0400] {processor.py:925} INFO - DAG(s) 'example_display_name' retrieved from /home/aangava/MSP/airflow_venv/lib/python3.12/site-packages/airflow/example_dags/example_display_name.py
[2025-04-28T10:44:41.787-0400] {logging_mixin.py:190} INFO - [2025-04-28T10:44:41.787-0400] {dag.py:3239} INFO - Sync 1 DAGs
[2025-04-28T10:44:41.805-0400] {logging_mixin.py:190} INFO - [2025-04-28T10:44:41.805-0400] {dag.py:4180} INFO - Setting next_dagrun for example_display_name to None, run_after=None
[2025-04-28T10:44:41.837-0400] {processor.py:208} INFO - Processing /home/aangava/MSP/airflow_venv/lib/python3.12/site-packages/airflow/example_dags/example_display_name.py took 0.107 seconds
[2025-04-28T10:45:40.140-0400] {processor.py:186} INFO - Started process (PID=9638) to work on /home/aangava/MSP/airflow_venv/lib/python3.12/site-packages/airflow/example_dags/example_display_name.py
[2025-04-28T10:45:40.142-0400] {processor.py:914} INFO - Processing file /home/aangava/MSP/airflow_venv/lib/python3.12/site-packages/airflow/example_dags/example_display_name.py for tasks to queue
[2025-04-28T10:45:40.147-0400] {logging_mixin.py:190} INFO - [2025-04-28T10:45:40.146-0400] {dagbag.py:588} INFO - Filling up the DagBag from /home/aangava/MSP/airflow_venv/lib/python3.12/site-packages/airflow/example_dags/example_display_name.py
[2025-04-28T10:45:40.159-0400] {processor.py:925} INFO - DAG(s) 'example_display_name' retrieved from /home/aangava/MSP/airflow_venv/lib/python3.12/site-packages/airflow/example_dags/example_display_name.py
[2025-04-28T10:45:40.180-0400] {logging_mixin.py:190} INFO - [2025-04-28T10:45:40.179-0400] {dag.py:3239} INFO - Sync 1 DAGs
[2025-04-28T10:45:40.195-0400] {logging_mixin.py:190} INFO - [2025-04-28T10:45:40.195-0400] {dag.py:4180} INFO - Setting next_dagrun for example_display_name to None, run_after=None
[2025-04-28T10:45:40.219-0400] {processor.py:208} INFO - Processing /home/aangava/MSP/airflow_venv/lib/python3.12/site-packages/airflow/example_dags/example_display_name.py took 0.092 seconds
[2025-04-28T10:46:35.191-0400] {processor.py:186} INFO - Started process (PID=9861) to work on /home/aangava/MSP/airflow_venv/lib/python3.12/site-packages/airflow/example_dags/example_display_name.py
[2025-04-28T10:46:35.193-0400] {processor.py:914} INFO - Processing file /home/aangava/MSP/airflow_venv/lib/python3.12/site-packages/airflow/example_dags/example_display_name.py for tasks to queue
[2025-04-28T10:46:35.195-0400] {logging_mixin.py:190} INFO - [2025-04-28T10:46:35.195-0400] {dagbag.py:588} INFO - Filling up the DagBag from /home/aangava/MSP/airflow_venv/lib/python3.12/site-packages/airflow/example_dags/example_display_name.py
[2025-04-28T10:46:35.200-0400] {processor.py:925} INFO - DAG(s) 'example_display_name' retrieved from /home/aangava/MSP/airflow_venv/lib/python3.12/site-packages/airflow/example_dags/example_display_name.py
[2025-04-28T10:46:35.213-0400] {logging_mixin.py:190} INFO - [2025-04-28T10:46:35.213-0400] {dag.py:3239} INFO - Sync 1 DAGs
[2025-04-28T10:46:35.222-0400] {logging_mixin.py:190} INFO - [2025-04-28T10:46:35.222-0400] {dag.py:4180} INFO - Setting next_dagrun for example_display_name to None, run_after=None
[2025-04-28T10:46:35.241-0400] {processor.py:208} INFO - Processing /home/aangava/MSP/airflow_venv/lib/python3.12/site-packages/airflow/example_dags/example_display_name.py took 0.053 seconds
[2025-04-28T10:47:34.674-0400] {processor.py:186} INFO - Started process (PID=10138) to work on /home/aangava/MSP/airflow_venv/lib/python3.12/site-packages/airflow/example_dags/example_display_name.py
[2025-04-28T10:47:34.686-0400] {processor.py:914} INFO - Processing file /home/aangava/MSP/airflow_venv/lib/python3.12/site-packages/airflow/example_dags/example_display_name.py for tasks to queue
[2025-04-28T10:47:34.688-0400] {logging_mixin.py:190} INFO - [2025-04-28T10:47:34.688-0400] {dagbag.py:588} INFO - Filling up the DagBag from /home/aangava/MSP/airflow_venv/lib/python3.12/site-packages/airflow/example_dags/example_display_name.py
[2025-04-28T10:47:34.700-0400] {processor.py:925} INFO - DAG(s) 'example_display_name' retrieved from /home/aangava/MSP/airflow_venv/lib/python3.12/site-packages/airflow/example_dags/example_display_name.py
[2025-04-28T10:47:34.722-0400] {logging_mixin.py:190} INFO - [2025-04-28T10:47:34.721-0400] {dag.py:3239} INFO - Sync 1 DAGs
[2025-04-28T10:47:34.737-0400] {logging_mixin.py:190} INFO - [2025-04-28T10:47:34.736-0400] {dag.py:4180} INFO - Setting next_dagrun for example_display_name to None, run_after=None
[2025-04-28T10:47:34.768-0400] {processor.py:208} INFO - Processing /home/aangava/MSP/airflow_venv/lib/python3.12/site-packages/airflow/example_dags/example_display_name.py took 0.103 seconds
[2025-04-28T10:48:32.919-0400] {processor.py:186} INFO - Started process (PID=10496) to work on /home/aangava/MSP/airflow_venv/lib/python3.12/site-packages/airflow/example_dags/example_display_name.py
[2025-04-28T10:48:32.921-0400] {processor.py:914} INFO - Processing file /home/aangava/MSP/airflow_venv/lib/python3.12/site-packages/airflow/example_dags/example_display_name.py for tasks to queue
[2025-04-28T10:48:32.923-0400] {logging_mixin.py:190} INFO - [2025-04-28T10:48:32.922-0400] {dagbag.py:588} INFO - Filling up the DagBag from /home/aangava/MSP/airflow_venv/lib/python3.12/site-packages/airflow/example_dags/example_display_name.py
[2025-04-28T10:48:32.933-0400] {processor.py:925} INFO - DAG(s) 'example_display_name' retrieved from /home/aangava/MSP/airflow_venv/lib/python3.12/site-packages/airflow/example_dags/example_display_name.py
[2025-04-28T10:48:32.949-0400] {logging_mixin.py:190} INFO - [2025-04-28T10:48:32.949-0400] {dag.py:3239} INFO - Sync 1 DAGs
[2025-04-28T10:48:32.961-0400] {logging_mixin.py:190} INFO - [2025-04-28T10:48:32.961-0400] {dag.py:4180} INFO - Setting next_dagrun for example_display_name to None, run_after=None
[2025-04-28T10:48:32.987-0400] {processor.py:208} INFO - Processing /home/aangava/MSP/airflow_venv/lib/python3.12/site-packages/airflow/example_dags/example_display_name.py took 0.073 seconds
[2025-04-28T10:49:28.441-0400] {processor.py:186} INFO - Started process (PID=10833) to work on /home/aangava/MSP/airflow_venv/lib/python3.12/site-packages/airflow/example_dags/example_display_name.py
[2025-04-28T10:49:28.444-0400] {processor.py:914} INFO - Processing file /home/aangava/MSP/airflow_venv/lib/python3.12/site-packages/airflow/example_dags/example_display_name.py for tasks to queue
[2025-04-28T10:49:28.448-0400] {logging_mixin.py:190} INFO - [2025-04-28T10:49:28.447-0400] {dagbag.py:588} INFO - Filling up the DagBag from /home/aangava/MSP/airflow_venv/lib/python3.12/site-packages/airflow/example_dags/example_display_name.py
[2025-04-28T10:49:28.461-0400] {processor.py:925} INFO - DAG(s) 'example_display_name' retrieved from /home/aangava/MSP/airflow_venv/lib/python3.12/site-packages/airflow/example_dags/example_display_name.py
[2025-04-28T10:49:28.482-0400] {logging_mixin.py:190} INFO - [2025-04-28T10:49:28.481-0400] {dag.py:3239} INFO - Sync 1 DAGs
[2025-04-28T10:49:28.496-0400] {logging_mixin.py:190} INFO - [2025-04-28T10:49:28.495-0400] {dag.py:4180} INFO - Setting next_dagrun for example_display_name to None, run_after=None
[2025-04-28T10:49:28.526-0400] {processor.py:208} INFO - Processing /home/aangava/MSP/airflow_venv/lib/python3.12/site-packages/airflow/example_dags/example_display_name.py took 0.092 seconds
[2025-04-28T10:50:26.460-0400] {processor.py:186} INFO - Started process (PID=11209) to work on /home/aangava/MSP/airflow_venv/lib/python3.12/site-packages/airflow/example_dags/example_display_name.py
[2025-04-28T10:50:26.462-0400] {processor.py:914} INFO - Processing file /home/aangava/MSP/airflow_venv/lib/python3.12/site-packages/airflow/example_dags/example_display_name.py for tasks to queue
[2025-04-28T10:50:26.464-0400] {logging_mixin.py:190} INFO - [2025-04-28T10:50:26.463-0400] {dagbag.py:588} INFO - Filling up the DagBag from /home/aangava/MSP/airflow_venv/lib/python3.12/site-packages/airflow/example_dags/example_display_name.py
[2025-04-28T10:50:26.473-0400] {processor.py:925} INFO - DAG(s) 'example_display_name' retrieved from /home/aangava/MSP/airflow_venv/lib/python3.12/site-packages/airflow/example_dags/example_display_name.py
[2025-04-28T10:50:26.490-0400] {logging_mixin.py:190} INFO - [2025-04-28T10:50:26.489-0400] {dag.py:3239} INFO - Sync 1 DAGs
[2025-04-28T10:50:26.505-0400] {logging_mixin.py:190} INFO - [2025-04-28T10:50:26.505-0400] {dag.py:4180} INFO - Setting next_dagrun for example_display_name to None, run_after=None
[2025-04-28T10:50:26.652-0400] {processor.py:208} INFO - Processing /home/aangava/MSP/airflow_venv/lib/python3.12/site-packages/airflow/example_dags/example_display_name.py took 0.197 seconds
[2025-04-28T10:51:30.214-0400] {processor.py:186} INFO - Started process (PID=11587) to work on /home/aangava/MSP/airflow_venv/lib/python3.12/site-packages/airflow/example_dags/example_display_name.py
[2025-04-28T10:51:30.226-0400] {processor.py:914} INFO - Processing file /home/aangava/MSP/airflow_venv/lib/python3.12/site-packages/airflow/example_dags/example_display_name.py for tasks to queue
[2025-04-28T10:51:30.229-0400] {logging_mixin.py:190} INFO - [2025-04-28T10:51:30.229-0400] {dagbag.py:588} INFO - Filling up the DagBag from /home/aangava/MSP/airflow_venv/lib/python3.12/site-packages/airflow/example_dags/example_display_name.py
[2025-04-28T10:51:30.241-0400] {processor.py:925} INFO - DAG(s) 'example_display_name' retrieved from /home/aangava/MSP/airflow_venv/lib/python3.12/site-packages/airflow/example_dags/example_display_name.py
[2025-04-28T10:51:30.264-0400] {logging_mixin.py:190} INFO - [2025-04-28T10:51:30.263-0400] {dag.py:3239} INFO - Sync 1 DAGs
[2025-04-28T10:51:30.279-0400] {logging_mixin.py:190} INFO - [2025-04-28T10:51:30.279-0400] {dag.py:4180} INFO - Setting next_dagrun for example_display_name to None, run_after=None
[2025-04-28T10:51:30.309-0400] {processor.py:208} INFO - Processing /home/aangava/MSP/airflow_venv/lib/python3.12/site-packages/airflow/example_dags/example_display_name.py took 0.105 seconds
[2025-04-28T10:52:32.640-0400] {processor.py:186} INFO - Started process (PID=11980) to work on /home/aangava/MSP/airflow_venv/lib/python3.12/site-packages/airflow/example_dags/example_display_name.py
[2025-04-28T10:52:32.652-0400] {processor.py:914} INFO - Processing file /home/aangava/MSP/airflow_venv/lib/python3.12/site-packages/airflow/example_dags/example_display_name.py for tasks to queue
[2025-04-28T10:52:32.656-0400] {logging_mixin.py:190} INFO - [2025-04-28T10:52:32.656-0400] {dagbag.py:588} INFO - Filling up the DagBag from /home/aangava/MSP/airflow_venv/lib/python3.12/site-packages/airflow/example_dags/example_display_name.py
[2025-04-28T10:52:32.669-0400] {processor.py:925} INFO - DAG(s) 'example_display_name' retrieved from /home/aangava/MSP/airflow_venv/lib/python3.12/site-packages/airflow/example_dags/example_display_name.py
[2025-04-28T10:52:32.692-0400] {logging_mixin.py:190} INFO - [2025-04-28T10:52:32.691-0400] {dag.py:3239} INFO - Sync 1 DAGs
[2025-04-28T10:52:32.709-0400] {logging_mixin.py:190} INFO - [2025-04-28T10:52:32.709-0400] {dag.py:4180} INFO - Setting next_dagrun for example_display_name to None, run_after=None
[2025-04-28T10:52:32.737-0400] {processor.py:208} INFO - Processing /home/aangava/MSP/airflow_venv/lib/python3.12/site-packages/airflow/example_dags/example_display_name.py took 0.106 seconds
[2025-04-28T10:53:29.777-0400] {processor.py:186} INFO - Started process (PID=12314) to work on /home/aangava/MSP/airflow_venv/lib/python3.12/site-packages/airflow/example_dags/example_display_name.py
[2025-04-28T10:53:29.787-0400] {processor.py:914} INFO - Processing file /home/aangava/MSP/airflow_venv/lib/python3.12/site-packages/airflow/example_dags/example_display_name.py for tasks to queue
[2025-04-28T10:53:29.790-0400] {logging_mixin.py:190} INFO - [2025-04-28T10:53:29.789-0400] {dagbag.py:588} INFO - Filling up the DagBag from /home/aangava/MSP/airflow_venv/lib/python3.12/site-packages/airflow/example_dags/example_display_name.py
[2025-04-28T10:53:29.805-0400] {processor.py:925} INFO - DAG(s) 'example_display_name' retrieved from /home/aangava/MSP/airflow_venv/lib/python3.12/site-packages/airflow/example_dags/example_display_name.py
[2025-04-28T10:53:29.829-0400] {logging_mixin.py:190} INFO - [2025-04-28T10:53:29.828-0400] {dag.py:3239} INFO - Sync 1 DAGs
[2025-04-28T10:53:29.844-0400] {logging_mixin.py:190} INFO - [2025-04-28T10:53:29.844-0400] {dag.py:4180} INFO - Setting next_dagrun for example_display_name to None, run_after=None
[2025-04-28T10:53:29.868-0400] {processor.py:208} INFO - Processing /home/aangava/MSP/airflow_venv/lib/python3.12/site-packages/airflow/example_dags/example_display_name.py took 0.099 seconds
[2025-04-28T10:54:31.076-0400] {processor.py:186} INFO - Started process (PID=12582) to work on /home/aangava/MSP/airflow_venv/lib/python3.12/site-packages/airflow/example_dags/example_display_name.py
[2025-04-28T10:54:31.077-0400] {processor.py:914} INFO - Processing file /home/aangava/MSP/airflow_venv/lib/python3.12/site-packages/airflow/example_dags/example_display_name.py for tasks to queue
[2025-04-28T10:54:31.079-0400] {logging_mixin.py:190} INFO - [2025-04-28T10:54:31.078-0400] {dagbag.py:588} INFO - Filling up the DagBag from /home/aangava/MSP/airflow_venv/lib/python3.12/site-packages/airflow/example_dags/example_display_name.py
[2025-04-28T10:54:31.090-0400] {processor.py:925} INFO - DAG(s) 'example_display_name' retrieved from /home/aangava/MSP/airflow_venv/lib/python3.12/site-packages/airflow/example_dags/example_display_name.py
[2025-04-28T10:54:31.111-0400] {logging_mixin.py:190} INFO - [2025-04-28T10:54:31.110-0400] {dag.py:3239} INFO - Sync 1 DAGs
[2025-04-28T10:54:31.126-0400] {logging_mixin.py:190} INFO - [2025-04-28T10:54:31.126-0400] {dag.py:4180} INFO - Setting next_dagrun for example_display_name to None, run_after=None
[2025-04-28T10:54:31.155-0400] {processor.py:208} INFO - Processing /home/aangava/MSP/airflow_venv/lib/python3.12/site-packages/airflow/example_dags/example_display_name.py took 0.087 seconds
[2025-04-28T10:55:30.894-0400] {processor.py:186} INFO - Started process (PID=12839) to work on /home/aangava/MSP/airflow_venv/lib/python3.12/site-packages/airflow/example_dags/example_display_name.py
[2025-04-28T10:55:30.896-0400] {processor.py:914} INFO - Processing file /home/aangava/MSP/airflow_venv/lib/python3.12/site-packages/airflow/example_dags/example_display_name.py for tasks to queue
[2025-04-28T10:55:30.898-0400] {logging_mixin.py:190} INFO - [2025-04-28T10:55:30.897-0400] {dagbag.py:588} INFO - Filling up the DagBag from /home/aangava/MSP/airflow_venv/lib/python3.12/site-packages/airflow/example_dags/example_display_name.py
[2025-04-28T10:55:30.908-0400] {processor.py:925} INFO - DAG(s) 'example_display_name' retrieved from /home/aangava/MSP/airflow_venv/lib/python3.12/site-packages/airflow/example_dags/example_display_name.py
[2025-04-28T10:55:30.918-0400] {logging_mixin.py:190} INFO - [2025-04-28T10:55:30.917-0400] {dag.py:3239} INFO - Sync 1 DAGs
[2025-04-28T10:55:30.929-0400] {logging_mixin.py:190} INFO - [2025-04-28T10:55:30.929-0400] {dag.py:4180} INFO - Setting next_dagrun for example_display_name to None, run_after=None
[2025-04-28T10:55:30.945-0400] {processor.py:208} INFO - Processing /home/aangava/MSP/airflow_venv/lib/python3.12/site-packages/airflow/example_dags/example_display_name.py took 0.059 seconds
[2025-04-28T10:56:32.552-0400] {processor.py:186} INFO - Started process (PID=13081) to work on /home/aangava/MSP/airflow_venv/lib/python3.12/site-packages/airflow/example_dags/example_display_name.py
[2025-04-28T10:56:32.563-0400] {processor.py:914} INFO - Processing file /home/aangava/MSP/airflow_venv/lib/python3.12/site-packages/airflow/example_dags/example_display_name.py for tasks to queue
[2025-04-28T10:56:32.564-0400] {logging_mixin.py:190} INFO - [2025-04-28T10:56:32.564-0400] {dagbag.py:588} INFO - Filling up the DagBag from /home/aangava/MSP/airflow_venv/lib/python3.12/site-packages/airflow/example_dags/example_display_name.py
[2025-04-28T10:56:32.571-0400] {processor.py:925} INFO - DAG(s) 'example_display_name' retrieved from /home/aangava/MSP/airflow_venv/lib/python3.12/site-packages/airflow/example_dags/example_display_name.py
[2025-04-28T10:56:32.583-0400] {logging_mixin.py:190} INFO - [2025-04-28T10:56:32.583-0400] {dag.py:3239} INFO - Sync 1 DAGs
[2025-04-28T10:56:32.592-0400] {logging_mixin.py:190} INFO - [2025-04-28T10:56:32.592-0400] {dag.py:4180} INFO - Setting next_dagrun for example_display_name to None, run_after=None
[2025-04-28T10:56:32.606-0400] {processor.py:208} INFO - Processing /home/aangava/MSP/airflow_venv/lib/python3.12/site-packages/airflow/example_dags/example_display_name.py took 0.058 seconds
[2025-04-28T10:57:27.446-0400] {processor.py:186} INFO - Started process (PID=13331) to work on /home/aangava/MSP/airflow_venv/lib/python3.12/site-packages/airflow/example_dags/example_display_name.py
[2025-04-28T10:57:27.456-0400] {processor.py:914} INFO - Processing file /home/aangava/MSP/airflow_venv/lib/python3.12/site-packages/airflow/example_dags/example_display_name.py for tasks to queue
[2025-04-28T10:57:27.457-0400] {logging_mixin.py:190} INFO - [2025-04-28T10:57:27.457-0400] {dagbag.py:588} INFO - Filling up the DagBag from /home/aangava/MSP/airflow_venv/lib/python3.12/site-packages/airflow/example_dags/example_display_name.py
[2025-04-28T10:57:27.468-0400] {processor.py:925} INFO - DAG(s) 'example_display_name' retrieved from /home/aangava/MSP/airflow_venv/lib/python3.12/site-packages/airflow/example_dags/example_display_name.py
[2025-04-28T10:57:27.486-0400] {logging_mixin.py:190} INFO - [2025-04-28T10:57:27.485-0400] {dag.py:3239} INFO - Sync 1 DAGs
[2025-04-28T10:57:27.500-0400] {logging_mixin.py:190} INFO - [2025-04-28T10:57:27.499-0400] {dag.py:4180} INFO - Setting next_dagrun for example_display_name to None, run_after=None
[2025-04-28T10:57:27.520-0400] {processor.py:208} INFO - Processing /home/aangava/MSP/airflow_venv/lib/python3.12/site-packages/airflow/example_dags/example_display_name.py took 0.081 seconds
[2025-04-28T10:58:19.876-0400] {processor.py:186} INFO - Started process (PID=13757) to work on /home/aangava/MSP/airflow_venv/lib/python3.12/site-packages/airflow/example_dags/example_display_name.py
[2025-04-28T10:58:19.879-0400] {processor.py:914} INFO - Processing file /home/aangava/MSP/airflow_venv/lib/python3.12/site-packages/airflow/example_dags/example_display_name.py for tasks to queue
[2025-04-28T10:58:19.880-0400] {logging_mixin.py:190} INFO - [2025-04-28T10:58:19.880-0400] {dagbag.py:588} INFO - Filling up the DagBag from /home/aangava/MSP/airflow_venv/lib/python3.12/site-packages/airflow/example_dags/example_display_name.py
[2025-04-28T10:58:19.891-0400] {processor.py:925} INFO - DAG(s) 'example_display_name' retrieved from /home/aangava/MSP/airflow_venv/lib/python3.12/site-packages/airflow/example_dags/example_display_name.py
[2025-04-28T10:58:19.916-0400] {logging_mixin.py:190} INFO - [2025-04-28T10:58:19.916-0400] {dag.py:3239} INFO - Sync 1 DAGs
[2025-04-28T10:58:19.933-0400] {logging_mixin.py:190} INFO - [2025-04-28T10:58:19.932-0400] {dag.py:4180} INFO - Setting next_dagrun for example_display_name to None, run_after=None
[2025-04-28T10:58:19.962-0400] {processor.py:208} INFO - Processing /home/aangava/MSP/airflow_venv/lib/python3.12/site-packages/airflow/example_dags/example_display_name.py took 0.098 seconds
[2025-04-28T10:59:16.996-0400] {processor.py:186} INFO - Started process (PID=14091) to work on /home/aangava/MSP/airflow_venv/lib/python3.12/site-packages/airflow/example_dags/example_display_name.py
[2025-04-28T10:59:17.006-0400] {processor.py:914} INFO - Processing file /home/aangava/MSP/airflow_venv/lib/python3.12/site-packages/airflow/example_dags/example_display_name.py for tasks to queue
[2025-04-28T10:59:17.007-0400] {logging_mixin.py:190} INFO - [2025-04-28T10:59:17.007-0400] {dagbag.py:588} INFO - Filling up the DagBag from /home/aangava/MSP/airflow_venv/lib/python3.12/site-packages/airflow/example_dags/example_display_name.py
[2025-04-28T10:59:17.016-0400] {processor.py:925} INFO - DAG(s) 'example_display_name' retrieved from /home/aangava/MSP/airflow_venv/lib/python3.12/site-packages/airflow/example_dags/example_display_name.py
[2025-04-28T10:59:17.036-0400] {logging_mixin.py:190} INFO - [2025-04-28T10:59:17.036-0400] {dag.py:3239} INFO - Sync 1 DAGs
[2025-04-28T10:59:17.057-0400] {logging_mixin.py:190} INFO - [2025-04-28T10:59:17.056-0400] {dag.py:4180} INFO - Setting next_dagrun for example_display_name to None, run_after=None
[2025-04-28T10:59:17.080-0400] {processor.py:208} INFO - Processing /home/aangava/MSP/airflow_venv/lib/python3.12/site-packages/airflow/example_dags/example_display_name.py took 0.093 seconds
[2025-04-28T11:00:16.876-0400] {processor.py:186} INFO - Started process (PID=14472) to work on /home/aangava/MSP/airflow_venv/lib/python3.12/site-packages/airflow/example_dags/example_display_name.py
[2025-04-28T11:00:16.886-0400] {processor.py:914} INFO - Processing file /home/aangava/MSP/airflow_venv/lib/python3.12/site-packages/airflow/example_dags/example_display_name.py for tasks to queue
[2025-04-28T11:00:16.888-0400] {logging_mixin.py:190} INFO - [2025-04-28T11:00:16.888-0400] {dagbag.py:588} INFO - Filling up the DagBag from /home/aangava/MSP/airflow_venv/lib/python3.12/site-packages/airflow/example_dags/example_display_name.py
[2025-04-28T11:00:16.897-0400] {processor.py:925} INFO - DAG(s) 'example_display_name' retrieved from /home/aangava/MSP/airflow_venv/lib/python3.12/site-packages/airflow/example_dags/example_display_name.py
[2025-04-28T11:00:16.917-0400] {logging_mixin.py:190} INFO - [2025-04-28T11:00:16.917-0400] {dag.py:3239} INFO - Sync 1 DAGs
[2025-04-28T11:00:16.934-0400] {logging_mixin.py:190} INFO - [2025-04-28T11:00:16.934-0400] {dag.py:4180} INFO - Setting next_dagrun for example_display_name to None, run_after=None
[2025-04-28T11:00:16.960-0400] {processor.py:208} INFO - Processing /home/aangava/MSP/airflow_venv/lib/python3.12/site-packages/airflow/example_dags/example_display_name.py took 0.093 seconds
[2025-04-28T11:01:17.831-0400] {processor.py:186} INFO - Started process (PID=14723) to work on /home/aangava/MSP/airflow_venv/lib/python3.12/site-packages/airflow/example_dags/example_display_name.py
[2025-04-28T11:01:17.843-0400] {processor.py:914} INFO - Processing file /home/aangava/MSP/airflow_venv/lib/python3.12/site-packages/airflow/example_dags/example_display_name.py for tasks to queue
[2025-04-28T11:01:17.845-0400] {logging_mixin.py:190} INFO - [2025-04-28T11:01:17.845-0400] {dagbag.py:588} INFO - Filling up the DagBag from /home/aangava/MSP/airflow_venv/lib/python3.12/site-packages/airflow/example_dags/example_display_name.py
[2025-04-28T11:01:17.858-0400] {processor.py:925} INFO - DAG(s) 'example_display_name' retrieved from /home/aangava/MSP/airflow_venv/lib/python3.12/site-packages/airflow/example_dags/example_display_name.py
[2025-04-28T11:01:17.881-0400] {logging_mixin.py:190} INFO - [2025-04-28T11:01:17.880-0400] {dag.py:3239} INFO - Sync 1 DAGs
[2025-04-28T11:01:17.895-0400] {logging_mixin.py:190} INFO - [2025-04-28T11:01:17.895-0400] {dag.py:4180} INFO - Setting next_dagrun for example_display_name to None, run_after=None
[2025-04-28T11:01:17.927-0400] {processor.py:208} INFO - Processing /home/aangava/MSP/airflow_venv/lib/python3.12/site-packages/airflow/example_dags/example_display_name.py took 0.109 seconds
[2025-04-28T11:02:13.809-0400] {processor.py:186} INFO - Started process (PID=14958) to work on /home/aangava/MSP/airflow_venv/lib/python3.12/site-packages/airflow/example_dags/example_display_name.py
[2025-04-28T11:02:13.819-0400] {processor.py:914} INFO - Processing file /home/aangava/MSP/airflow_venv/lib/python3.12/site-packages/airflow/example_dags/example_display_name.py for tasks to queue
[2025-04-28T11:02:13.821-0400] {logging_mixin.py:190} INFO - [2025-04-28T11:02:13.820-0400] {dagbag.py:588} INFO - Filling up the DagBag from /home/aangava/MSP/airflow_venv/lib/python3.12/site-packages/airflow/example_dags/example_display_name.py
[2025-04-28T11:02:13.827-0400] {processor.py:925} INFO - DAG(s) 'example_display_name' retrieved from /home/aangava/MSP/airflow_venv/lib/python3.12/site-packages/airflow/example_dags/example_display_name.py
[2025-04-28T11:02:13.843-0400] {logging_mixin.py:190} INFO - [2025-04-28T11:02:13.842-0400] {dag.py:3239} INFO - Sync 1 DAGs
[2025-04-28T11:02:13.855-0400] {logging_mixin.py:190} INFO - [2025-04-28T11:02:13.855-0400] {dag.py:4180} INFO - Setting next_dagrun for example_display_name to None, run_after=None
[2025-04-28T11:02:13.873-0400] {processor.py:208} INFO - Processing /home/aangava/MSP/airflow_venv/lib/python3.12/site-packages/airflow/example_dags/example_display_name.py took 0.073 seconds
[2025-04-28T11:03:13.042-0400] {processor.py:186} INFO - Started process (PID=15250) to work on /home/aangava/MSP/airflow_venv/lib/python3.12/site-packages/airflow/example_dags/example_display_name.py
[2025-04-28T11:03:13.053-0400] {processor.py:914} INFO - Processing file /home/aangava/MSP/airflow_venv/lib/python3.12/site-packages/airflow/example_dags/example_display_name.py for tasks to queue
[2025-04-28T11:03:13.054-0400] {logging_mixin.py:190} INFO - [2025-04-28T11:03:13.054-0400] {dagbag.py:588} INFO - Filling up the DagBag from /home/aangava/MSP/airflow_venv/lib/python3.12/site-packages/airflow/example_dags/example_display_name.py
[2025-04-28T11:03:13.061-0400] {processor.py:925} INFO - DAG(s) 'example_display_name' retrieved from /home/aangava/MSP/airflow_venv/lib/python3.12/site-packages/airflow/example_dags/example_display_name.py
[2025-04-28T11:03:13.073-0400] {logging_mixin.py:190} INFO - [2025-04-28T11:03:13.073-0400] {dag.py:3239} INFO - Sync 1 DAGs
[2025-04-28T11:03:13.083-0400] {logging_mixin.py:190} INFO - [2025-04-28T11:03:13.083-0400] {dag.py:4180} INFO - Setting next_dagrun for example_display_name to None, run_after=None
[2025-04-28T11:03:13.102-0400] {processor.py:208} INFO - Processing /home/aangava/MSP/airflow_venv/lib/python3.12/site-packages/airflow/example_dags/example_display_name.py took 0.068 seconds
[2025-04-28T11:04:11.698-0400] {processor.py:186} INFO - Started process (PID=15614) to work on /home/aangava/MSP/airflow_venv/lib/python3.12/site-packages/airflow/example_dags/example_display_name.py
[2025-04-28T11:04:11.700-0400] {processor.py:914} INFO - Processing file /home/aangava/MSP/airflow_venv/lib/python3.12/site-packages/airflow/example_dags/example_display_name.py for tasks to queue
[2025-04-28T11:04:11.702-0400] {logging_mixin.py:190} INFO - [2025-04-28T11:04:11.701-0400] {dagbag.py:588} INFO - Filling up the DagBag from /home/aangava/MSP/airflow_venv/lib/python3.12/site-packages/airflow/example_dags/example_display_name.py
[2025-04-28T11:04:11.713-0400] {processor.py:925} INFO - DAG(s) 'example_display_name' retrieved from /home/aangava/MSP/airflow_venv/lib/python3.12/site-packages/airflow/example_dags/example_display_name.py
[2025-04-28T11:04:11.731-0400] {logging_mixin.py:190} INFO - [2025-04-28T11:04:11.731-0400] {dag.py:3239} INFO - Sync 1 DAGs
[2025-04-28T11:04:11.745-0400] {logging_mixin.py:190} INFO - [2025-04-28T11:04:11.744-0400] {dag.py:4180} INFO - Setting next_dagrun for example_display_name to None, run_after=None
[2025-04-28T11:04:11.767-0400] {processor.py:208} INFO - Processing /home/aangava/MSP/airflow_venv/lib/python3.12/site-packages/airflow/example_dags/example_display_name.py took 0.085 seconds
[2025-04-28T11:05:13.038-0400] {processor.py:186} INFO - Started process (PID=15967) to work on /home/aangava/MSP/airflow_venv/lib/python3.12/site-packages/airflow/example_dags/example_display_name.py
[2025-04-28T11:05:13.049-0400] {processor.py:914} INFO - Processing file /home/aangava/MSP/airflow_venv/lib/python3.12/site-packages/airflow/example_dags/example_display_name.py for tasks to queue
[2025-04-28T11:05:13.051-0400] {logging_mixin.py:190} INFO - [2025-04-28T11:05:13.051-0400] {dagbag.py:588} INFO - Filling up the DagBag from /home/aangava/MSP/airflow_venv/lib/python3.12/site-packages/airflow/example_dags/example_display_name.py
[2025-04-28T11:05:13.061-0400] {processor.py:925} INFO - DAG(s) 'example_display_name' retrieved from /home/aangava/MSP/airflow_venv/lib/python3.12/site-packages/airflow/example_dags/example_display_name.py
[2025-04-28T11:05:13.078-0400] {logging_mixin.py:190} INFO - [2025-04-28T11:05:13.078-0400] {dag.py:3239} INFO - Sync 1 DAGs
[2025-04-28T11:05:13.095-0400] {logging_mixin.py:190} INFO - [2025-04-28T11:05:13.095-0400] {dag.py:4180} INFO - Setting next_dagrun for example_display_name to None, run_after=None
[2025-04-28T11:05:13.124-0400] {processor.py:208} INFO - Processing /home/aangava/MSP/airflow_venv/lib/python3.12/site-packages/airflow/example_dags/example_display_name.py took 0.096 seconds
[2025-04-28T11:06:13.088-0400] {processor.py:186} INFO - Started process (PID=16370) to work on /home/aangava/MSP/airflow_venv/lib/python3.12/site-packages/airflow/example_dags/example_display_name.py
[2025-04-28T11:06:13.099-0400] {processor.py:914} INFO - Processing file /home/aangava/MSP/airflow_venv/lib/python3.12/site-packages/airflow/example_dags/example_display_name.py for tasks to queue
[2025-04-28T11:06:13.101-0400] {logging_mixin.py:190} INFO - [2025-04-28T11:06:13.100-0400] {dagbag.py:588} INFO - Filling up the DagBag from /home/aangava/MSP/airflow_venv/lib/python3.12/site-packages/airflow/example_dags/example_display_name.py
[2025-04-28T11:06:13.109-0400] {processor.py:925} INFO - DAG(s) 'example_display_name' retrieved from /home/aangava/MSP/airflow_venv/lib/python3.12/site-packages/airflow/example_dags/example_display_name.py
[2025-04-28T11:06:13.123-0400] {logging_mixin.py:190} INFO - [2025-04-28T11:06:13.123-0400] {dag.py:3239} INFO - Sync 1 DAGs
[2025-04-28T11:06:13.134-0400] {logging_mixin.py:190} INFO - [2025-04-28T11:06:13.134-0400] {dag.py:4180} INFO - Setting next_dagrun for example_display_name to None, run_after=None
[2025-04-28T11:06:13.152-0400] {processor.py:208} INFO - Processing /home/aangava/MSP/airflow_venv/lib/python3.12/site-packages/airflow/example_dags/example_display_name.py took 0.073 seconds
[2025-04-28T11:07:10.772-0400] {processor.py:186} INFO - Started process (PID=16674) to work on /home/aangava/MSP/airflow_venv/lib/python3.12/site-packages/airflow/example_dags/example_display_name.py
[2025-04-28T11:07:10.782-0400] {processor.py:914} INFO - Processing file /home/aangava/MSP/airflow_venv/lib/python3.12/site-packages/airflow/example_dags/example_display_name.py for tasks to queue
[2025-04-28T11:07:10.783-0400] {logging_mixin.py:190} INFO - [2025-04-28T11:07:10.783-0400] {dagbag.py:588} INFO - Filling up the DagBag from /home/aangava/MSP/airflow_venv/lib/python3.12/site-packages/airflow/example_dags/example_display_name.py
[2025-04-28T11:07:10.789-0400] {processor.py:925} INFO - DAG(s) 'example_display_name' retrieved from /home/aangava/MSP/airflow_venv/lib/python3.12/site-packages/airflow/example_dags/example_display_name.py
[2025-04-28T11:07:10.804-0400] {logging_mixin.py:190} INFO - [2025-04-28T11:07:10.804-0400] {dag.py:3239} INFO - Sync 1 DAGs
[2025-04-28T11:07:10.813-0400] {logging_mixin.py:190} INFO - [2025-04-28T11:07:10.812-0400] {dag.py:4180} INFO - Setting next_dagrun for example_display_name to None, run_after=None
[2025-04-28T11:07:10.832-0400] {processor.py:208} INFO - Processing /home/aangava/MSP/airflow_venv/lib/python3.12/site-packages/airflow/example_dags/example_display_name.py took 0.066 seconds
[2025-04-28T11:08:07.861-0400] {processor.py:186} INFO - Started process (PID=17003) to work on /home/aangava/MSP/airflow_venv/lib/python3.12/site-packages/airflow/example_dags/example_display_name.py
[2025-04-28T11:08:07.862-0400] {processor.py:914} INFO - Processing file /home/aangava/MSP/airflow_venv/lib/python3.12/site-packages/airflow/example_dags/example_display_name.py for tasks to queue
[2025-04-28T11:08:07.863-0400] {logging_mixin.py:190} INFO - [2025-04-28T11:08:07.863-0400] {dagbag.py:588} INFO - Filling up the DagBag from /home/aangava/MSP/airflow_venv/lib/python3.12/site-packages/airflow/example_dags/example_display_name.py
[2025-04-28T11:08:07.869-0400] {processor.py:925} INFO - DAG(s) 'example_display_name' retrieved from /home/aangava/MSP/airflow_venv/lib/python3.12/site-packages/airflow/example_dags/example_display_name.py
[2025-04-28T11:08:07.883-0400] {logging_mixin.py:190} INFO - [2025-04-28T11:08:07.883-0400] {dag.py:3239} INFO - Sync 1 DAGs
[2025-04-28T11:08:07.896-0400] {logging_mixin.py:190} INFO - [2025-04-28T11:08:07.896-0400] {dag.py:4180} INFO - Setting next_dagrun for example_display_name to None, run_after=None
[2025-04-28T11:08:07.916-0400] {processor.py:208} INFO - Processing /home/aangava/MSP/airflow_venv/lib/python3.12/site-packages/airflow/example_dags/example_display_name.py took 0.059 seconds
[2025-04-28T11:09:07.451-0400] {processor.py:186} INFO - Started process (PID=17330) to work on /home/aangava/MSP/airflow_venv/lib/python3.12/site-packages/airflow/example_dags/example_display_name.py
[2025-04-28T11:09:07.463-0400] {processor.py:914} INFO - Processing file /home/aangava/MSP/airflow_venv/lib/python3.12/site-packages/airflow/example_dags/example_display_name.py for tasks to queue
[2025-04-28T11:09:07.465-0400] {logging_mixin.py:190} INFO - [2025-04-28T11:09:07.464-0400] {dagbag.py:588} INFO - Filling up the DagBag from /home/aangava/MSP/airflow_venv/lib/python3.12/site-packages/airflow/example_dags/example_display_name.py
[2025-04-28T11:09:07.478-0400] {processor.py:925} INFO - DAG(s) 'example_display_name' retrieved from /home/aangava/MSP/airflow_venv/lib/python3.12/site-packages/airflow/example_dags/example_display_name.py
[2025-04-28T11:09:07.495-0400] {logging_mixin.py:190} INFO - [2025-04-28T11:09:07.495-0400] {dag.py:3239} INFO - Sync 1 DAGs
[2025-04-28T11:09:07.503-0400] {logging_mixin.py:190} INFO - [2025-04-28T11:09:07.503-0400] {dag.py:4180} INFO - Setting next_dagrun for example_display_name to None, run_after=None
[2025-04-28T11:09:07.521-0400] {processor.py:208} INFO - Processing /home/aangava/MSP/airflow_venv/lib/python3.12/site-packages/airflow/example_dags/example_display_name.py took 0.078 seconds
[2025-04-28T11:09:59.195-0400] {processor.py:186} INFO - Started process (PID=17665) to work on /home/aangava/MSP/airflow_venv/lib/python3.12/site-packages/airflow/example_dags/example_display_name.py
[2025-04-28T11:09:59.196-0400] {processor.py:914} INFO - Processing file /home/aangava/MSP/airflow_venv/lib/python3.12/site-packages/airflow/example_dags/example_display_name.py for tasks to queue
[2025-04-28T11:09:59.198-0400] {logging_mixin.py:190} INFO - [2025-04-28T11:09:59.197-0400] {dagbag.py:588} INFO - Filling up the DagBag from /home/aangava/MSP/airflow_venv/lib/python3.12/site-packages/airflow/example_dags/example_display_name.py
[2025-04-28T11:09:59.203-0400] {processor.py:925} INFO - DAG(s) 'example_display_name' retrieved from /home/aangava/MSP/airflow_venv/lib/python3.12/site-packages/airflow/example_dags/example_display_name.py
[2025-04-28T11:09:59.213-0400] {logging_mixin.py:190} INFO - [2025-04-28T11:09:59.213-0400] {dag.py:3239} INFO - Sync 1 DAGs
[2025-04-28T11:09:59.223-0400] {logging_mixin.py:190} INFO - [2025-04-28T11:09:59.223-0400] {dag.py:4180} INFO - Setting next_dagrun for example_display_name to None, run_after=None
[2025-04-28T11:09:59.245-0400] {processor.py:208} INFO - Processing /home/aangava/MSP/airflow_venv/lib/python3.12/site-packages/airflow/example_dags/example_display_name.py took 0.056 seconds
[2025-04-28T11:11:20.777-0400] {processor.py:186} INFO - Started process (PID=18312) to work on /home/aangava/MSP/airflow_venv/lib/python3.12/site-packages/airflow/example_dags/example_display_name.py
[2025-04-28T11:11:20.778-0400] {processor.py:914} INFO - Processing file /home/aangava/MSP/airflow_venv/lib/python3.12/site-packages/airflow/example_dags/example_display_name.py for tasks to queue
[2025-04-28T11:11:20.779-0400] {logging_mixin.py:190} INFO - [2025-04-28T11:11:20.779-0400] {dagbag.py:588} INFO - Filling up the DagBag from /home/aangava/MSP/airflow_venv/lib/python3.12/site-packages/airflow/example_dags/example_display_name.py
[2025-04-28T11:11:20.785-0400] {processor.py:925} INFO - DAG(s) 'example_display_name' retrieved from /home/aangava/MSP/airflow_venv/lib/python3.12/site-packages/airflow/example_dags/example_display_name.py
[2025-04-28T11:11:20.799-0400] {logging_mixin.py:190} INFO - [2025-04-28T11:11:20.799-0400] {dag.py:3239} INFO - Sync 1 DAGs
[2025-04-28T11:11:20.807-0400] {logging_mixin.py:190} INFO - [2025-04-28T11:11:20.807-0400] {dag.py:4180} INFO - Setting next_dagrun for example_display_name to None, run_after=None
[2025-04-28T11:11:20.823-0400] {processor.py:208} INFO - Processing /home/aangava/MSP/airflow_venv/lib/python3.12/site-packages/airflow/example_dags/example_display_name.py took 0.050 seconds
[2025-04-28T11:12:23.165-0400] {processor.py:186} INFO - Started process (PID=18730) to work on /home/aangava/MSP/airflow_venv/lib/python3.12/site-packages/airflow/example_dags/example_display_name.py
[2025-04-28T11:12:23.177-0400] {processor.py:914} INFO - Processing file /home/aangava/MSP/airflow_venv/lib/python3.12/site-packages/airflow/example_dags/example_display_name.py for tasks to queue
[2025-04-28T11:12:23.179-0400] {logging_mixin.py:190} INFO - [2025-04-28T11:12:23.178-0400] {dagbag.py:588} INFO - Filling up the DagBag from /home/aangava/MSP/airflow_venv/lib/python3.12/site-packages/airflow/example_dags/example_display_name.py
[2025-04-28T11:12:23.190-0400] {processor.py:925} INFO - DAG(s) 'example_display_name' retrieved from /home/aangava/MSP/airflow_venv/lib/python3.12/site-packages/airflow/example_dags/example_display_name.py
[2025-04-28T11:12:23.209-0400] {logging_mixin.py:190} INFO - [2025-04-28T11:12:23.208-0400] {dag.py:3239} INFO - Sync 1 DAGs
[2025-04-28T11:12:23.224-0400] {logging_mixin.py:190} INFO - [2025-04-28T11:12:23.224-0400] {dag.py:4180} INFO - Setting next_dagrun for example_display_name to None, run_after=None
[2025-04-28T11:12:23.251-0400] {processor.py:208} INFO - Processing /home/aangava/MSP/airflow_venv/lib/python3.12/site-packages/airflow/example_dags/example_display_name.py took 0.097 seconds
[2025-04-28T11:13:21.963-0400] {processor.py:186} INFO - Started process (PID=19106) to work on /home/aangava/MSP/airflow_venv/lib/python3.12/site-packages/airflow/example_dags/example_display_name.py
[2025-04-28T11:13:21.975-0400] {processor.py:914} INFO - Processing file /home/aangava/MSP/airflow_venv/lib/python3.12/site-packages/airflow/example_dags/example_display_name.py for tasks to queue
[2025-04-28T11:13:21.978-0400] {logging_mixin.py:190} INFO - [2025-04-28T11:13:21.977-0400] {dagbag.py:588} INFO - Filling up the DagBag from /home/aangava/MSP/airflow_venv/lib/python3.12/site-packages/airflow/example_dags/example_display_name.py
[2025-04-28T11:13:21.995-0400] {processor.py:925} INFO - DAG(s) 'example_display_name' retrieved from /home/aangava/MSP/airflow_venv/lib/python3.12/site-packages/airflow/example_dags/example_display_name.py
[2025-04-28T11:13:22.017-0400] {logging_mixin.py:190} INFO - [2025-04-28T11:13:22.017-0400] {dag.py:3239} INFO - Sync 1 DAGs
[2025-04-28T11:13:22.032-0400] {logging_mixin.py:190} INFO - [2025-04-28T11:13:22.032-0400] {dag.py:4180} INFO - Setting next_dagrun for example_display_name to None, run_after=None
[2025-04-28T11:13:22.058-0400] {processor.py:208} INFO - Processing /home/aangava/MSP/airflow_venv/lib/python3.12/site-packages/airflow/example_dags/example_display_name.py took 0.109 seconds
[2025-04-28T11:14:28.718-0400] {processor.py:186} INFO - Started process (PID=19562) to work on /home/aangava/MSP/airflow_venv/lib/python3.12/site-packages/airflow/example_dags/example_display_name.py
[2025-04-28T11:14:28.722-0400] {processor.py:914} INFO - Processing file /home/aangava/MSP/airflow_venv/lib/python3.12/site-packages/airflow/example_dags/example_display_name.py for tasks to queue
[2025-04-28T11:14:28.724-0400] {logging_mixin.py:190} INFO - [2025-04-28T11:14:28.724-0400] {dagbag.py:588} INFO - Filling up the DagBag from /home/aangava/MSP/airflow_venv/lib/python3.12/site-packages/airflow/example_dags/example_display_name.py
[2025-04-28T11:14:28.734-0400] {processor.py:925} INFO - DAG(s) 'example_display_name' retrieved from /home/aangava/MSP/airflow_venv/lib/python3.12/site-packages/airflow/example_dags/example_display_name.py
[2025-04-28T11:14:28.751-0400] {logging_mixin.py:190} INFO - [2025-04-28T11:14:28.750-0400] {dag.py:3239} INFO - Sync 1 DAGs
[2025-04-28T11:14:28.769-0400] {logging_mixin.py:190} INFO - [2025-04-28T11:14:28.768-0400] {dag.py:4180} INFO - Setting next_dagrun for example_display_name to None, run_after=None
[2025-04-28T11:14:28.798-0400] {processor.py:208} INFO - Processing /home/aangava/MSP/airflow_venv/lib/python3.12/site-packages/airflow/example_dags/example_display_name.py took 0.092 seconds
[2025-04-28T11:15:31.508-0400] {processor.py:186} INFO - Started process (PID=19981) to work on /home/aangava/MSP/airflow_venv/lib/python3.12/site-packages/airflow/example_dags/example_display_name.py
[2025-04-28T11:15:31.518-0400] {processor.py:914} INFO - Processing file /home/aangava/MSP/airflow_venv/lib/python3.12/site-packages/airflow/example_dags/example_display_name.py for tasks to queue
[2025-04-28T11:15:31.520-0400] {logging_mixin.py:190} INFO - [2025-04-28T11:15:31.520-0400] {dagbag.py:588} INFO - Filling up the DagBag from /home/aangava/MSP/airflow_venv/lib/python3.12/site-packages/airflow/example_dags/example_display_name.py
[2025-04-28T11:15:31.526-0400] {processor.py:925} INFO - DAG(s) 'example_display_name' retrieved from /home/aangava/MSP/airflow_venv/lib/python3.12/site-packages/airflow/example_dags/example_display_name.py
[2025-04-28T11:15:31.539-0400] {logging_mixin.py:190} INFO - [2025-04-28T11:15:31.539-0400] {dag.py:3239} INFO - Sync 1 DAGs
[2025-04-28T11:15:31.551-0400] {logging_mixin.py:190} INFO - [2025-04-28T11:15:31.550-0400] {dag.py:4180} INFO - Setting next_dagrun for example_display_name to None, run_after=None
[2025-04-28T11:15:31.571-0400] {processor.py:208} INFO - Processing /home/aangava/MSP/airflow_venv/lib/python3.12/site-packages/airflow/example_dags/example_display_name.py took 0.072 seconds
[2025-04-28T11:16:34.183-0400] {processor.py:186} INFO - Started process (PID=20415) to work on /home/aangava/MSP/airflow_venv/lib/python3.12/site-packages/airflow/example_dags/example_display_name.py
[2025-04-28T11:16:34.184-0400] {processor.py:914} INFO - Processing file /home/aangava/MSP/airflow_venv/lib/python3.12/site-packages/airflow/example_dags/example_display_name.py for tasks to queue
[2025-04-28T11:16:34.185-0400] {logging_mixin.py:190} INFO - [2025-04-28T11:16:34.185-0400] {dagbag.py:588} INFO - Filling up the DagBag from /home/aangava/MSP/airflow_venv/lib/python3.12/site-packages/airflow/example_dags/example_display_name.py
[2025-04-28T11:16:34.191-0400] {processor.py:925} INFO - DAG(s) 'example_display_name' retrieved from /home/aangava/MSP/airflow_venv/lib/python3.12/site-packages/airflow/example_dags/example_display_name.py
[2025-04-28T11:16:34.204-0400] {logging_mixin.py:190} INFO - [2025-04-28T11:16:34.203-0400] {dag.py:3239} INFO - Sync 1 DAGs
[2025-04-28T11:16:34.213-0400] {logging_mixin.py:190} INFO - [2025-04-28T11:16:34.213-0400] {dag.py:4180} INFO - Setting next_dagrun for example_display_name to None, run_after=None
[2025-04-28T11:16:34.227-0400] {processor.py:208} INFO - Processing /home/aangava/MSP/airflow_venv/lib/python3.12/site-packages/airflow/example_dags/example_display_name.py took 0.050 seconds
[2025-04-28T11:17:34.462-0400] {processor.py:186} INFO - Started process (PID=20858) to work on /home/aangava/MSP/airflow_venv/lib/python3.12/site-packages/airflow/example_dags/example_display_name.py
[2025-04-28T11:17:34.464-0400] {processor.py:914} INFO - Processing file /home/aangava/MSP/airflow_venv/lib/python3.12/site-packages/airflow/example_dags/example_display_name.py for tasks to queue
[2025-04-28T11:17:34.465-0400] {logging_mixin.py:190} INFO - [2025-04-28T11:17:34.465-0400] {dagbag.py:588} INFO - Filling up the DagBag from /home/aangava/MSP/airflow_venv/lib/python3.12/site-packages/airflow/example_dags/example_display_name.py
[2025-04-28T11:17:34.475-0400] {processor.py:925} INFO - DAG(s) 'example_display_name' retrieved from /home/aangava/MSP/airflow_venv/lib/python3.12/site-packages/airflow/example_dags/example_display_name.py
[2025-04-28T11:17:34.493-0400] {logging_mixin.py:190} INFO - [2025-04-28T11:17:34.492-0400] {dag.py:3239} INFO - Sync 1 DAGs
[2025-04-28T11:17:34.507-0400] {logging_mixin.py:190} INFO - [2025-04-28T11:17:34.507-0400] {dag.py:4180} INFO - Setting next_dagrun for example_display_name to None, run_after=None
[2025-04-28T11:17:34.532-0400] {processor.py:208} INFO - Processing /home/aangava/MSP/airflow_venv/lib/python3.12/site-packages/airflow/example_dags/example_display_name.py took 0.082 seconds
[2025-04-28T11:18:38.513-0400] {processor.py:186} INFO - Started process (PID=21404) to work on /home/aangava/MSP/airflow_venv/lib/python3.12/site-packages/airflow/example_dags/example_display_name.py
[2025-04-28T11:18:38.515-0400] {processor.py:914} INFO - Processing file /home/aangava/MSP/airflow_venv/lib/python3.12/site-packages/airflow/example_dags/example_display_name.py for tasks to queue
[2025-04-28T11:18:38.517-0400] {logging_mixin.py:190} INFO - [2025-04-28T11:18:38.517-0400] {dagbag.py:588} INFO - Filling up the DagBag from /home/aangava/MSP/airflow_venv/lib/python3.12/site-packages/airflow/example_dags/example_display_name.py
[2025-04-28T11:18:38.529-0400] {processor.py:925} INFO - DAG(s) 'example_display_name' retrieved from /home/aangava/MSP/airflow_venv/lib/python3.12/site-packages/airflow/example_dags/example_display_name.py
[2025-04-28T11:18:38.548-0400] {logging_mixin.py:190} INFO - [2025-04-28T11:18:38.548-0400] {dag.py:3239} INFO - Sync 1 DAGs
[2025-04-28T11:18:38.563-0400] {logging_mixin.py:190} INFO - [2025-04-28T11:18:38.563-0400] {dag.py:4180} INFO - Setting next_dagrun for example_display_name to None, run_after=None
[2025-04-28T11:18:38.560-0400] {processor.py:208} INFO - Processing /home/aangava/MSP/airflow_venv/lib/python3.12/site-packages/airflow/example_dags/example_display_name.py took 0.088 seconds
[2025-04-28T11:19:36.227-0400] {processor.py:186} INFO - Started process (PID=21660) to work on /home/aangava/MSP/airflow_venv/lib/python3.12/site-packages/airflow/example_dags/example_display_name.py
[2025-04-28T11:19:36.228-0400] {processor.py:914} INFO - Processing file /home/aangava/MSP/airflow_venv/lib/python3.12/site-packages/airflow/example_dags/example_display_name.py for tasks to queue
[2025-04-28T11:19:36.229-0400] {logging_mixin.py:190} INFO - [2025-04-28T11:19:36.229-0400] {dagbag.py:588} INFO - Filling up the DagBag from /home/aangava/MSP/airflow_venv/lib/python3.12/site-packages/airflow/example_dags/example_display_name.py
[2025-04-28T11:19:36.239-0400] {processor.py:925} INFO - DAG(s) 'example_display_name' retrieved from /home/aangava/MSP/airflow_venv/lib/python3.12/site-packages/airflow/example_dags/example_display_name.py
[2025-04-28T11:19:36.253-0400] {logging_mixin.py:190} INFO - [2025-04-28T11:19:36.252-0400] {dag.py:3239} INFO - Sync 1 DAGs
[2025-04-28T11:19:36.264-0400] {logging_mixin.py:190} INFO - [2025-04-28T11:19:36.264-0400] {dag.py:4180} INFO - Setting next_dagrun for example_display_name to None, run_after=None
[2025-04-28T11:19:36.281-0400] {processor.py:208} INFO - Processing /home/aangava/MSP/airflow_venv/lib/python3.12/site-packages/airflow/example_dags/example_display_name.py took 0.059 seconds
[2025-04-28T11:20:35.823-0400] {processor.py:186} INFO - Started process (PID=21976) to work on /home/aangava/MSP/airflow_venv/lib/python3.12/site-packages/airflow/example_dags/example_display_name.py
[2025-04-28T11:20:35.826-0400] {processor.py:914} INFO - Processing file /home/aangava/MSP/airflow_venv/lib/python3.12/site-packages/airflow/example_dags/example_display_name.py for tasks to queue
[2025-04-28T11:20:35.829-0400] {logging_mixin.py:190} INFO - [2025-04-28T11:20:35.828-0400] {dagbag.py:588} INFO - Filling up the DagBag from /home/aangava/MSP/airflow_venv/lib/python3.12/site-packages/airflow/example_dags/example_display_name.py
[2025-04-28T11:20:35.840-0400] {processor.py:925} INFO - DAG(s) 'example_display_name' retrieved from /home/aangava/MSP/airflow_venv/lib/python3.12/site-packages/airflow/example_dags/example_display_name.py
[2025-04-28T11:20:35.859-0400] {logging_mixin.py:190} INFO - [2025-04-28T11:20:35.859-0400] {dag.py:3239} INFO - Sync 1 DAGs
[2025-04-28T11:20:35.875-0400] {logging_mixin.py:190} INFO - [2025-04-28T11:20:35.874-0400] {dag.py:4180} INFO - Setting next_dagrun for example_display_name to None, run_after=None
[2025-04-28T11:20:35.901-0400] {processor.py:208} INFO - Processing /home/aangava/MSP/airflow_venv/lib/python3.12/site-packages/airflow/example_dags/example_display_name.py took 0.093 seconds
[2025-04-28T11:21:36.932-0400] {processor.py:186} INFO - Started process (PID=22379) to work on /home/aangava/MSP/airflow_venv/lib/python3.12/site-packages/airflow/example_dags/example_display_name.py
[2025-04-28T11:21:36.934-0400] {processor.py:914} INFO - Processing file /home/aangava/MSP/airflow_venv/lib/python3.12/site-packages/airflow/example_dags/example_display_name.py for tasks to queue
[2025-04-28T11:21:36.935-0400] {logging_mixin.py:190} INFO - [2025-04-28T11:21:36.934-0400] {dagbag.py:588} INFO - Filling up the DagBag from /home/aangava/MSP/airflow_venv/lib/python3.12/site-packages/airflow/example_dags/example_display_name.py
[2025-04-28T11:21:36.943-0400] {processor.py:925} INFO - DAG(s) 'example_display_name' retrieved from /home/aangava/MSP/airflow_venv/lib/python3.12/site-packages/airflow/example_dags/example_display_name.py
[2025-04-28T11:21:36.959-0400] {logging_mixin.py:190} INFO - [2025-04-28T11:21:36.959-0400] {dag.py:3239} INFO - Sync 1 DAGs
[2025-04-28T11:21:36.971-0400] {logging_mixin.py:190} INFO - [2025-04-28T11:21:36.971-0400] {dag.py:4180} INFO - Setting next_dagrun for example_display_name to None, run_after=None
[2025-04-28T11:21:36.995-0400] {processor.py:208} INFO - Processing /home/aangava/MSP/airflow_venv/lib/python3.12/site-packages/airflow/example_dags/example_display_name.py took 0.069 seconds
[2025-04-28T11:23:01.581-0400] {processor.py:186} INFO - Started process (PID=23193) to work on /home/aangava/MSP/airflow_venv/lib/python3.12/site-packages/airflow/example_dags/example_display_name.py
[2025-04-28T11:23:01.583-0400] {processor.py:914} INFO - Processing file /home/aangava/MSP/airflow_venv/lib/python3.12/site-packages/airflow/example_dags/example_display_name.py for tasks to queue
[2025-04-28T11:23:01.586-0400] {logging_mixin.py:190} INFO - [2025-04-28T11:23:01.585-0400] {dagbag.py:588} INFO - Filling up the DagBag from /home/aangava/MSP/airflow_venv/lib/python3.12/site-packages/airflow/example_dags/example_display_name.py
[2025-04-28T11:23:01.596-0400] {processor.py:925} INFO - DAG(s) 'example_display_name' retrieved from /home/aangava/MSP/airflow_venv/lib/python3.12/site-packages/airflow/example_dags/example_display_name.py
[2025-04-28T11:23:01.615-0400] {logging_mixin.py:190} INFO - [2025-04-28T11:23:01.615-0400] {dag.py:3239} INFO - Sync 1 DAGs
[2025-04-28T11:23:01.630-0400] {logging_mixin.py:190} INFO - [2025-04-28T11:23:01.629-0400] {dag.py:4180} INFO - Setting next_dagrun for example_display_name to None, run_after=None
[2025-04-28T11:23:01.655-0400] {processor.py:208} INFO - Processing /home/aangava/MSP/airflow_venv/lib/python3.12/site-packages/airflow/example_dags/example_display_name.py took 0.083 seconds
[2025-04-28T11:24:03.856-0400] {processor.py:186} INFO - Started process (PID=23501) to work on /home/aangava/MSP/airflow_venv/lib/python3.12/site-packages/airflow/example_dags/example_display_name.py
[2025-04-28T11:24:03.867-0400] {processor.py:914} INFO - Processing file /home/aangava/MSP/airflow_venv/lib/python3.12/site-packages/airflow/example_dags/example_display_name.py for tasks to queue
[2025-04-28T11:24:03.870-0400] {logging_mixin.py:190} INFO - [2025-04-28T11:24:03.869-0400] {dagbag.py:588} INFO - Filling up the DagBag from /home/aangava/MSP/airflow_venv/lib/python3.12/site-packages/airflow/example_dags/example_display_name.py
[2025-04-28T11:24:03.882-0400] {processor.py:925} INFO - DAG(s) 'example_display_name' retrieved from /home/aangava/MSP/airflow_venv/lib/python3.12/site-packages/airflow/example_dags/example_display_name.py
[2025-04-28T11:24:03.903-0400] {logging_mixin.py:190} INFO - [2025-04-28T11:24:03.902-0400] {dag.py:3239} INFO - Sync 1 DAGs
[2025-04-28T11:24:03.921-0400] {logging_mixin.py:190} INFO - [2025-04-28T11:24:03.920-0400] {dag.py:4180} INFO - Setting next_dagrun for example_display_name to None, run_after=None
[2025-04-28T11:24:03.947-0400] {processor.py:208} INFO - Processing /home/aangava/MSP/airflow_venv/lib/python3.12/site-packages/airflow/example_dags/example_display_name.py took 0.103 seconds
[2025-04-28T11:25:03.127-0400] {processor.py:186} INFO - Started process (PID=23775) to work on /home/aangava/MSP/airflow_venv/lib/python3.12/site-packages/airflow/example_dags/example_display_name.py
[2025-04-28T11:25:03.129-0400] {processor.py:914} INFO - Processing file /home/aangava/MSP/airflow_venv/lib/python3.12/site-packages/airflow/example_dags/example_display_name.py for tasks to queue
[2025-04-28T11:25:03.129-0400] {logging_mixin.py:190} INFO - [2025-04-28T11:25:03.129-0400] {dagbag.py:588} INFO - Filling up the DagBag from /home/aangava/MSP/airflow_venv/lib/python3.12/site-packages/airflow/example_dags/example_display_name.py
[2025-04-28T11:25:03.136-0400] {processor.py:925} INFO - DAG(s) 'example_display_name' retrieved from /home/aangava/MSP/airflow_venv/lib/python3.12/site-packages/airflow/example_dags/example_display_name.py
[2025-04-28T11:25:03.147-0400] {logging_mixin.py:190} INFO - [2025-04-28T11:25:03.147-0400] {dag.py:3239} INFO - Sync 1 DAGs
[2025-04-28T11:25:03.156-0400] {logging_mixin.py:190} INFO - [2025-04-28T11:25:03.156-0400] {dag.py:4180} INFO - Setting next_dagrun for example_display_name to None, run_after=None
[2025-04-28T11:25:03.170-0400] {processor.py:208} INFO - Processing /home/aangava/MSP/airflow_venv/lib/python3.12/site-packages/airflow/example_dags/example_display_name.py took 0.048 seconds
[2025-04-28T11:25:55.902-0400] {processor.py:186} INFO - Started process (PID=24048) to work on /home/aangava/MSP/airflow_venv/lib/python3.12/site-packages/airflow/example_dags/example_display_name.py
[2025-04-28T11:25:55.913-0400] {processor.py:914} INFO - Processing file /home/aangava/MSP/airflow_venv/lib/python3.12/site-packages/airflow/example_dags/example_display_name.py for tasks to queue
[2025-04-28T11:25:55.914-0400] {logging_mixin.py:190} INFO - [2025-04-28T11:25:55.914-0400] {dagbag.py:588} INFO - Filling up the DagBag from /home/aangava/MSP/airflow_venv/lib/python3.12/site-packages/airflow/example_dags/example_display_name.py
[2025-04-28T11:25:55.919-0400] {processor.py:925} INFO - DAG(s) 'example_display_name' retrieved from /home/aangava/MSP/airflow_venv/lib/python3.12/site-packages/airflow/example_dags/example_display_name.py
[2025-04-28T11:25:55.930-0400] {logging_mixin.py:190} INFO - [2025-04-28T11:25:55.930-0400] {dag.py:3239} INFO - Sync 1 DAGs
[2025-04-28T11:25:55.938-0400] {logging_mixin.py:190} INFO - [2025-04-28T11:25:55.938-0400] {dag.py:4180} INFO - Setting next_dagrun for example_display_name to None, run_after=None
[2025-04-28T11:25:55.954-0400] {processor.py:208} INFO - Processing /home/aangava/MSP/airflow_venv/lib/python3.12/site-packages/airflow/example_dags/example_display_name.py took 0.057 seconds
[2025-04-28T11:26:47.595-0400] {processor.py:186} INFO - Started process (PID=24287) to work on /home/aangava/MSP/airflow_venv/lib/python3.12/site-packages/airflow/example_dags/example_display_name.py
[2025-04-28T11:26:47.599-0400] {processor.py:914} INFO - Processing file /home/aangava/MSP/airflow_venv/lib/python3.12/site-packages/airflow/example_dags/example_display_name.py for tasks to queue
[2025-04-28T11:26:47.600-0400] {logging_mixin.py:190} INFO - [2025-04-28T11:26:47.600-0400] {dagbag.py:588} INFO - Filling up the DagBag from /home/aangava/MSP/airflow_venv/lib/python3.12/site-packages/airflow/example_dags/example_display_name.py
[2025-04-28T11:26:47.605-0400] {processor.py:925} INFO - DAG(s) 'example_display_name' retrieved from /home/aangava/MSP/airflow_venv/lib/python3.12/site-packages/airflow/example_dags/example_display_name.py
[2025-04-28T11:26:47.615-0400] {logging_mixin.py:190} INFO - [2025-04-28T11:26:47.615-0400] {dag.py:3239} INFO - Sync 1 DAGs
[2025-04-28T11:26:47.623-0400] {logging_mixin.py:190} INFO - [2025-04-28T11:26:47.623-0400] {dag.py:4180} INFO - Setting next_dagrun for example_display_name to None, run_after=None
[2025-04-28T11:26:47.635-0400] {processor.py:208} INFO - Processing /home/aangava/MSP/airflow_venv/lib/python3.12/site-packages/airflow/example_dags/example_display_name.py took 0.046 seconds
[2025-04-28T11:27:51.007-0400] {processor.py:186} INFO - Started process (PID=25022) to work on /home/aangava/MSP/airflow_venv/lib/python3.12/site-packages/airflow/example_dags/example_display_name.py
[2025-04-28T11:27:51.017-0400] {processor.py:914} INFO - Processing file /home/aangava/MSP/airflow_venv/lib/python3.12/site-packages/airflow/example_dags/example_display_name.py for tasks to queue
[2025-04-28T11:27:51.018-0400] {logging_mixin.py:190} INFO - [2025-04-28T11:27:51.018-0400] {dagbag.py:588} INFO - Filling up the DagBag from /home/aangava/MSP/airflow_venv/lib/python3.12/site-packages/airflow/example_dags/example_display_name.py
[2025-04-28T11:27:51.024-0400] {processor.py:925} INFO - DAG(s) 'example_display_name' retrieved from /home/aangava/MSP/airflow_venv/lib/python3.12/site-packages/airflow/example_dags/example_display_name.py
[2025-04-28T11:27:51.035-0400] {logging_mixin.py:190} INFO - [2025-04-28T11:27:51.034-0400] {dag.py:3239} INFO - Sync 1 DAGs
[2025-04-28T11:27:51.044-0400] {logging_mixin.py:190} INFO - [2025-04-28T11:27:51.044-0400] {dag.py:4180} INFO - Setting next_dagrun for example_display_name to None, run_after=None
[2025-04-28T11:27:51.058-0400] {processor.py:208} INFO - Processing /home/aangava/MSP/airflow_venv/lib/python3.12/site-packages/airflow/example_dags/example_display_name.py took 0.055 seconds
[2025-04-28T11:28:47.019-0400] {processor.py:186} INFO - Started process (PID=25304) to work on /home/aangava/MSP/airflow_venv/lib/python3.12/site-packages/airflow/example_dags/example_display_name.py
[2025-04-28T11:28:47.029-0400] {processor.py:914} INFO - Processing file /home/aangava/MSP/airflow_venv/lib/python3.12/site-packages/airflow/example_dags/example_display_name.py for tasks to queue
[2025-04-28T11:28:47.031-0400] {logging_mixin.py:190} INFO - [2025-04-28T11:28:47.030-0400] {dagbag.py:588} INFO - Filling up the DagBag from /home/aangava/MSP/airflow_venv/lib/python3.12/site-packages/airflow/example_dags/example_display_name.py
[2025-04-28T11:28:47.037-0400] {processor.py:925} INFO - DAG(s) 'example_display_name' retrieved from /home/aangava/MSP/airflow_venv/lib/python3.12/site-packages/airflow/example_dags/example_display_name.py
[2025-04-28T11:28:47.048-0400] {logging_mixin.py:190} INFO - [2025-04-28T11:28:47.048-0400] {dag.py:3239} INFO - Sync 1 DAGs
[2025-04-28T11:28:47.057-0400] {logging_mixin.py:190} INFO - [2025-04-28T11:28:47.057-0400] {dag.py:4180} INFO - Setting next_dagrun for example_display_name to None, run_after=None
[2025-04-28T11:28:47.078-0400] {processor.py:208} INFO - Processing /home/aangava/MSP/airflow_venv/lib/python3.12/site-packages/airflow/example_dags/example_display_name.py took 0.064 seconds
[2025-04-28T11:30:03.876-0400] {processor.py:186} INFO - Started process (PID=26073) to work on /home/aangava/MSP/airflow_venv/lib/python3.12/site-packages/airflow/example_dags/example_display_name.py
[2025-04-28T11:30:03.886-0400] {processor.py:914} INFO - Processing file /home/aangava/MSP/airflow_venv/lib/python3.12/site-packages/airflow/example_dags/example_display_name.py for tasks to queue
[2025-04-28T11:30:03.887-0400] {logging_mixin.py:190} INFO - [2025-04-28T11:30:03.887-0400] {dagbag.py:588} INFO - Filling up the DagBag from /home/aangava/MSP/airflow_venv/lib/python3.12/site-packages/airflow/example_dags/example_display_name.py
[2025-04-28T11:30:03.892-0400] {processor.py:925} INFO - DAG(s) 'example_display_name' retrieved from /home/aangava/MSP/airflow_venv/lib/python3.12/site-packages/airflow/example_dags/example_display_name.py
[2025-04-28T11:30:03.904-0400] {logging_mixin.py:190} INFO - [2025-04-28T11:30:03.904-0400] {dag.py:3239} INFO - Sync 1 DAGs
[2025-04-28T11:30:03.913-0400] {logging_mixin.py:190} INFO - [2025-04-28T11:30:03.913-0400] {dag.py:4180} INFO - Setting next_dagrun for example_display_name to None, run_after=None
[2025-04-28T11:30:03.929-0400] {processor.py:208} INFO - Processing /home/aangava/MSP/airflow_venv/lib/python3.12/site-packages/airflow/example_dags/example_display_name.py took 0.058 seconds
[2025-04-28T11:31:00.258-0400] {processor.py:186} INFO - Started process (PID=26338) to work on /home/aangava/MSP/airflow_venv/lib/python3.12/site-packages/airflow/example_dags/example_display_name.py
[2025-04-28T11:31:00.259-0400] {processor.py:914} INFO - Processing file /home/aangava/MSP/airflow_venv/lib/python3.12/site-packages/airflow/example_dags/example_display_name.py for tasks to queue
[2025-04-28T11:31:00.260-0400] {logging_mixin.py:190} INFO - [2025-04-28T11:31:00.260-0400] {dagbag.py:588} INFO - Filling up the DagBag from /home/aangava/MSP/airflow_venv/lib/python3.12/site-packages/airflow/example_dags/example_display_name.py
[2025-04-28T11:31:00.266-0400] {processor.py:925} INFO - DAG(s) 'example_display_name' retrieved from /home/aangava/MSP/airflow_venv/lib/python3.12/site-packages/airflow/example_dags/example_display_name.py
[2025-04-28T11:31:00.277-0400] {logging_mixin.py:190} INFO - [2025-04-28T11:31:00.277-0400] {dag.py:3239} INFO - Sync 1 DAGs
[2025-04-28T11:31:00.287-0400] {logging_mixin.py:190} INFO - [2025-04-28T11:31:00.287-0400] {dag.py:4180} INFO - Setting next_dagrun for example_display_name to None, run_after=None
[2025-04-28T11:31:00.300-0400] {processor.py:208} INFO - Processing /home/aangava/MSP/airflow_venv/lib/python3.12/site-packages/airflow/example_dags/example_display_name.py took 0.048 seconds
[2025-04-28T11:31:52.798-0400] {processor.py:186} INFO - Started process (PID=26586) to work on /home/aangava/MSP/airflow_venv/lib/python3.12/site-packages/airflow/example_dags/example_display_name.py
[2025-04-28T11:31:52.799-0400] {processor.py:914} INFO - Processing file /home/aangava/MSP/airflow_venv/lib/python3.12/site-packages/airflow/example_dags/example_display_name.py for tasks to queue
[2025-04-28T11:31:52.800-0400] {logging_mixin.py:190} INFO - [2025-04-28T11:31:52.799-0400] {dagbag.py:588} INFO - Filling up the DagBag from /home/aangava/MSP/airflow_venv/lib/python3.12/site-packages/airflow/example_dags/example_display_name.py
[2025-04-28T11:31:52.805-0400] {processor.py:925} INFO - DAG(s) 'example_display_name' retrieved from /home/aangava/MSP/airflow_venv/lib/python3.12/site-packages/airflow/example_dags/example_display_name.py
[2025-04-28T11:31:52.816-0400] {logging_mixin.py:190} INFO - [2025-04-28T11:31:52.816-0400] {dag.py:3239} INFO - Sync 1 DAGs
[2025-04-28T11:31:52.825-0400] {logging_mixin.py:190} INFO - [2025-04-28T11:31:52.825-0400] {dag.py:4180} INFO - Setting next_dagrun for example_display_name to None, run_after=None
[2025-04-28T11:31:52.840-0400] {processor.py:208} INFO - Processing /home/aangava/MSP/airflow_venv/lib/python3.12/site-packages/airflow/example_dags/example_display_name.py took 0.047 seconds
[2025-04-28T11:32:47.726-0400] {processor.py:186} INFO - Started process (PID=26842) to work on /home/aangava/MSP/airflow_venv/lib/python3.12/site-packages/airflow/example_dags/example_display_name.py
[2025-04-28T11:32:47.727-0400] {processor.py:914} INFO - Processing file /home/aangava/MSP/airflow_venv/lib/python3.12/site-packages/airflow/example_dags/example_display_name.py for tasks to queue
[2025-04-28T11:32:47.728-0400] {logging_mixin.py:190} INFO - [2025-04-28T11:32:47.728-0400] {dagbag.py:588} INFO - Filling up the DagBag from /home/aangava/MSP/airflow_venv/lib/python3.12/site-packages/airflow/example_dags/example_display_name.py
[2025-04-28T11:32:47.733-0400] {processor.py:925} INFO - DAG(s) 'example_display_name' retrieved from /home/aangava/MSP/airflow_venv/lib/python3.12/site-packages/airflow/example_dags/example_display_name.py
[2025-04-28T11:32:47.743-0400] {logging_mixin.py:190} INFO - [2025-04-28T11:32:47.743-0400] {dag.py:3239} INFO - Sync 1 DAGs
[2025-04-28T11:32:47.751-0400] {logging_mixin.py:190} INFO - [2025-04-28T11:32:47.751-0400] {dag.py:4180} INFO - Setting next_dagrun for example_display_name to None, run_after=None
[2025-04-28T11:32:47.764-0400] {processor.py:208} INFO - Processing /home/aangava/MSP/airflow_venv/lib/python3.12/site-packages/airflow/example_dags/example_display_name.py took 0.043 seconds
[2025-04-28T11:33:39.849-0400] {processor.py:186} INFO - Started process (PID=27191) to work on /home/aangava/MSP/airflow_venv/lib/python3.12/site-packages/airflow/example_dags/example_display_name.py
[2025-04-28T11:33:39.850-0400] {processor.py:914} INFO - Processing file /home/aangava/MSP/airflow_venv/lib/python3.12/site-packages/airflow/example_dags/example_display_name.py for tasks to queue
[2025-04-28T11:33:39.851-0400] {logging_mixin.py:190} INFO - [2025-04-28T11:33:39.851-0400] {dagbag.py:588} INFO - Filling up the DagBag from /home/aangava/MSP/airflow_venv/lib/python3.12/site-packages/airflow/example_dags/example_display_name.py
[2025-04-28T11:33:39.857-0400] {processor.py:925} INFO - DAG(s) 'example_display_name' retrieved from /home/aangava/MSP/airflow_venv/lib/python3.12/site-packages/airflow/example_dags/example_display_name.py
[2025-04-28T11:33:39.868-0400] {logging_mixin.py:190} INFO - [2025-04-28T11:33:39.868-0400] {dag.py:3239} INFO - Sync 1 DAGs
[2025-04-28T11:33:39.878-0400] {logging_mixin.py:190} INFO - [2025-04-28T11:33:39.878-0400] {dag.py:4180} INFO - Setting next_dagrun for example_display_name to None, run_after=None
[2025-04-28T11:33:39.891-0400] {processor.py:208} INFO - Processing /home/aangava/MSP/airflow_venv/lib/python3.12/site-packages/airflow/example_dags/example_display_name.py took 0.048 seconds
[2025-04-28T11:34:32.876-0400] {processor.py:186} INFO - Started process (PID=27610) to work on /home/aangava/MSP/airflow_venv/lib/python3.12/site-packages/airflow/example_dags/example_display_name.py
[2025-04-28T11:34:32.878-0400] {processor.py:914} INFO - Processing file /home/aangava/MSP/airflow_venv/lib/python3.12/site-packages/airflow/example_dags/example_display_name.py for tasks to queue
[2025-04-28T11:34:32.880-0400] {logging_mixin.py:190} INFO - [2025-04-28T11:34:32.879-0400] {dagbag.py:588} INFO - Filling up the DagBag from /home/aangava/MSP/airflow_venv/lib/python3.12/site-packages/airflow/example_dags/example_display_name.py
[2025-04-28T11:34:32.887-0400] {processor.py:925} INFO - DAG(s) 'example_display_name' retrieved from /home/aangava/MSP/airflow_venv/lib/python3.12/site-packages/airflow/example_dags/example_display_name.py
[2025-04-28T11:34:32.900-0400] {logging_mixin.py:190} INFO - [2025-04-28T11:34:32.899-0400] {dag.py:3239} INFO - Sync 1 DAGs
[2025-04-28T11:34:32.909-0400] {logging_mixin.py:190} INFO - [2025-04-28T11:34:32.909-0400] {dag.py:4180} INFO - Setting next_dagrun for example_display_name to None, run_after=None
[2025-04-28T11:34:32.923-0400] {processor.py:208} INFO - Processing /home/aangava/MSP/airflow_venv/lib/python3.12/site-packages/airflow/example_dags/example_display_name.py took 0.054 seconds
[2025-04-28T11:35:23.751-0400] {processor.py:186} INFO - Started process (PID=27868) to work on /home/aangava/MSP/airflow_venv/lib/python3.12/site-packages/airflow/example_dags/example_display_name.py
[2025-04-28T11:35:23.760-0400] {processor.py:914} INFO - Processing file /home/aangava/MSP/airflow_venv/lib/python3.12/site-packages/airflow/example_dags/example_display_name.py for tasks to queue
[2025-04-28T11:35:23.761-0400] {logging_mixin.py:190} INFO - [2025-04-28T11:35:23.761-0400] {dagbag.py:588} INFO - Filling up the DagBag from /home/aangava/MSP/airflow_venv/lib/python3.12/site-packages/airflow/example_dags/example_display_name.py
[2025-04-28T11:35:23.766-0400] {processor.py:925} INFO - DAG(s) 'example_display_name' retrieved from /home/aangava/MSP/airflow_venv/lib/python3.12/site-packages/airflow/example_dags/example_display_name.py
[2025-04-28T11:35:23.776-0400] {logging_mixin.py:190} INFO - [2025-04-28T11:35:23.776-0400] {dag.py:3239} INFO - Sync 1 DAGs
[2025-04-28T11:35:23.785-0400] {logging_mixin.py:190} INFO - [2025-04-28T11:35:23.785-0400] {dag.py:4180} INFO - Setting next_dagrun for example_display_name to None, run_after=None
[2025-04-28T11:35:23.798-0400] {processor.py:208} INFO - Processing /home/aangava/MSP/airflow_venv/lib/python3.12/site-packages/airflow/example_dags/example_display_name.py took 0.053 seconds
[2025-04-28T11:36:15.315-0400] {processor.py:186} INFO - Started process (PID=28149) to work on /home/aangava/MSP/airflow_venv/lib/python3.12/site-packages/airflow/example_dags/example_display_name.py
[2025-04-28T11:36:15.324-0400] {processor.py:914} INFO - Processing file /home/aangava/MSP/airflow_venv/lib/python3.12/site-packages/airflow/example_dags/example_display_name.py for tasks to queue
[2025-04-28T11:36:15.325-0400] {logging_mixin.py:190} INFO - [2025-04-28T11:36:15.325-0400] {dagbag.py:588} INFO - Filling up the DagBag from /home/aangava/MSP/airflow_venv/lib/python3.12/site-packages/airflow/example_dags/example_display_name.py
[2025-04-28T11:36:15.331-0400] {processor.py:925} INFO - DAG(s) 'example_display_name' retrieved from /home/aangava/MSP/airflow_venv/lib/python3.12/site-packages/airflow/example_dags/example_display_name.py
[2025-04-28T11:36:15.342-0400] {logging_mixin.py:190} INFO - [2025-04-28T11:36:15.342-0400] {dag.py:3239} INFO - Sync 1 DAGs
[2025-04-28T11:36:15.350-0400] {logging_mixin.py:190} INFO - [2025-04-28T11:36:15.350-0400] {dag.py:4180} INFO - Setting next_dagrun for example_display_name to None, run_after=None
[2025-04-28T11:36:15.361-0400] {processor.py:208} INFO - Processing /home/aangava/MSP/airflow_venv/lib/python3.12/site-packages/airflow/example_dags/example_display_name.py took 0.052 seconds
[2025-04-28T11:37:05.641-0400] {processor.py:186} INFO - Started process (PID=28486) to work on /home/aangava/MSP/airflow_venv/lib/python3.12/site-packages/airflow/example_dags/example_display_name.py
[2025-04-28T11:37:05.644-0400] {processor.py:914} INFO - Processing file /home/aangava/MSP/airflow_venv/lib/python3.12/site-packages/airflow/example_dags/example_display_name.py for tasks to queue
[2025-04-28T11:37:05.646-0400] {logging_mixin.py:190} INFO - [2025-04-28T11:37:05.645-0400] {dagbag.py:588} INFO - Filling up the DagBag from /home/aangava/MSP/airflow_venv/lib/python3.12/site-packages/airflow/example_dags/example_display_name.py
[2025-04-28T11:37:05.651-0400] {processor.py:925} INFO - DAG(s) 'example_display_name' retrieved from /home/aangava/MSP/airflow_venv/lib/python3.12/site-packages/airflow/example_dags/example_display_name.py
[2025-04-28T11:37:05.661-0400] {logging_mixin.py:190} INFO - [2025-04-28T11:37:05.661-0400] {dag.py:3239} INFO - Sync 1 DAGs
[2025-04-28T11:37:05.669-0400] {logging_mixin.py:190} INFO - [2025-04-28T11:37:05.669-0400] {dag.py:4180} INFO - Setting next_dagrun for example_display_name to None, run_after=None
[2025-04-28T11:37:05.683-0400] {processor.py:208} INFO - Processing /home/aangava/MSP/airflow_venv/lib/python3.12/site-packages/airflow/example_dags/example_display_name.py took 0.047 seconds
[2025-04-28T11:38:00.011-0400] {processor.py:186} INFO - Started process (PID=28741) to work on /home/aangava/MSP/airflow_venv/lib/python3.12/site-packages/airflow/example_dags/example_display_name.py
[2025-04-28T11:38:00.013-0400] {processor.py:914} INFO - Processing file /home/aangava/MSP/airflow_venv/lib/python3.12/site-packages/airflow/example_dags/example_display_name.py for tasks to queue
[2025-04-28T11:38:00.014-0400] {logging_mixin.py:190} INFO - [2025-04-28T11:38:00.014-0400] {dagbag.py:588} INFO - Filling up the DagBag from /home/aangava/MSP/airflow_venv/lib/python3.12/site-packages/airflow/example_dags/example_display_name.py
[2025-04-28T11:38:00.021-0400] {processor.py:925} INFO - DAG(s) 'example_display_name' retrieved from /home/aangava/MSP/airflow_venv/lib/python3.12/site-packages/airflow/example_dags/example_display_name.py
[2025-04-28T11:38:00.031-0400] {logging_mixin.py:190} INFO - [2025-04-28T11:38:00.031-0400] {dag.py:3239} INFO - Sync 1 DAGs
[2025-04-28T11:38:00.039-0400] {logging_mixin.py:190} INFO - [2025-04-28T11:38:00.039-0400] {dag.py:4180} INFO - Setting next_dagrun for example_display_name to None, run_after=None
[2025-04-28T11:38:00.054-0400] {processor.py:208} INFO - Processing /home/aangava/MSP/airflow_venv/lib/python3.12/site-packages/airflow/example_dags/example_display_name.py took 0.048 seconds
[2025-04-28T11:38:53.810-0400] {processor.py:186} INFO - Started process (PID=29008) to work on /home/aangava/MSP/airflow_venv/lib/python3.12/site-packages/airflow/example_dags/example_display_name.py
[2025-04-28T11:38:53.820-0400] {processor.py:914} INFO - Processing file /home/aangava/MSP/airflow_venv/lib/python3.12/site-packages/airflow/example_dags/example_display_name.py for tasks to queue
[2025-04-28T11:38:53.821-0400] {logging_mixin.py:190} INFO - [2025-04-28T11:38:53.821-0400] {dagbag.py:588} INFO - Filling up the DagBag from /home/aangava/MSP/airflow_venv/lib/python3.12/site-packages/airflow/example_dags/example_display_name.py
[2025-04-28T11:38:53.827-0400] {processor.py:925} INFO - DAG(s) 'example_display_name' retrieved from /home/aangava/MSP/airflow_venv/lib/python3.12/site-packages/airflow/example_dags/example_display_name.py
[2025-04-28T11:38:53.837-0400] {logging_mixin.py:190} INFO - [2025-04-28T11:38:53.837-0400] {dag.py:3239} INFO - Sync 1 DAGs
[2025-04-28T11:38:53.846-0400] {logging_mixin.py:190} INFO - [2025-04-28T11:38:53.846-0400] {dag.py:4180} INFO - Setting next_dagrun for example_display_name to None, run_after=None
[2025-04-28T11:38:53.863-0400] {processor.py:208} INFO - Processing /home/aangava/MSP/airflow_venv/lib/python3.12/site-packages/airflow/example_dags/example_display_name.py took 0.057 seconds
[2025-04-28T11:39:45.669-0400] {processor.py:186} INFO - Started process (PID=29252) to work on /home/aangava/MSP/airflow_venv/lib/python3.12/site-packages/airflow/example_dags/example_display_name.py
[2025-04-28T11:39:45.670-0400] {processor.py:914} INFO - Processing file /home/aangava/MSP/airflow_venv/lib/python3.12/site-packages/airflow/example_dags/example_display_name.py for tasks to queue
[2025-04-28T11:39:45.671-0400] {logging_mixin.py:190} INFO - [2025-04-28T11:39:45.671-0400] {dagbag.py:588} INFO - Filling up the DagBag from /home/aangava/MSP/airflow_venv/lib/python3.12/site-packages/airflow/example_dags/example_display_name.py
[2025-04-28T11:39:45.676-0400] {processor.py:925} INFO - DAG(s) 'example_display_name' retrieved from /home/aangava/MSP/airflow_venv/lib/python3.12/site-packages/airflow/example_dags/example_display_name.py
[2025-04-28T11:39:45.687-0400] {logging_mixin.py:190} INFO - [2025-04-28T11:39:45.687-0400] {dag.py:3239} INFO - Sync 1 DAGs
[2025-04-28T11:39:45.696-0400] {logging_mixin.py:190} INFO - [2025-04-28T11:39:45.696-0400] {dag.py:4180} INFO - Setting next_dagrun for example_display_name to None, run_after=None
[2025-04-28T11:39:45.710-0400] {processor.py:208} INFO - Processing /home/aangava/MSP/airflow_venv/lib/python3.12/site-packages/airflow/example_dags/example_display_name.py took 0.046 seconds
[2025-04-28T11:40:41.581-0400] {processor.py:186} INFO - Started process (PID=29622) to work on /home/aangava/MSP/airflow_venv/lib/python3.12/site-packages/airflow/example_dags/example_display_name.py
[2025-04-28T11:40:41.591-0400] {processor.py:914} INFO - Processing file /home/aangava/MSP/airflow_venv/lib/python3.12/site-packages/airflow/example_dags/example_display_name.py for tasks to queue
[2025-04-28T11:40:41.593-0400] {logging_mixin.py:190} INFO - [2025-04-28T11:40:41.592-0400] {dagbag.py:588} INFO - Filling up the DagBag from /home/aangava/MSP/airflow_venv/lib/python3.12/site-packages/airflow/example_dags/example_display_name.py
[2025-04-28T11:40:41.599-0400] {processor.py:925} INFO - DAG(s) 'example_display_name' retrieved from /home/aangava/MSP/airflow_venv/lib/python3.12/site-packages/airflow/example_dags/example_display_name.py
[2025-04-28T11:40:41.610-0400] {logging_mixin.py:190} INFO - [2025-04-28T11:40:41.610-0400] {dag.py:3239} INFO - Sync 1 DAGs
[2025-04-28T11:40:41.619-0400] {logging_mixin.py:190} INFO - [2025-04-28T11:40:41.619-0400] {dag.py:4180} INFO - Setting next_dagrun for example_display_name to None, run_after=None
[2025-04-28T11:40:41.637-0400] {processor.py:208} INFO - Processing /home/aangava/MSP/airflow_venv/lib/python3.12/site-packages/airflow/example_dags/example_display_name.py took 0.061 seconds
[2025-04-28T11:41:35.732-0400] {processor.py:186} INFO - Started process (PID=29870) to work on /home/aangava/MSP/airflow_venv/lib/python3.12/site-packages/airflow/example_dags/example_display_name.py
[2025-04-28T11:41:35.734-0400] {processor.py:914} INFO - Processing file /home/aangava/MSP/airflow_venv/lib/python3.12/site-packages/airflow/example_dags/example_display_name.py for tasks to queue
[2025-04-28T11:41:35.735-0400] {logging_mixin.py:190} INFO - [2025-04-28T11:41:35.735-0400] {dagbag.py:588} INFO - Filling up the DagBag from /home/aangava/MSP/airflow_venv/lib/python3.12/site-packages/airflow/example_dags/example_display_name.py
[2025-04-28T11:41:35.740-0400] {processor.py:925} INFO - DAG(s) 'example_display_name' retrieved from /home/aangava/MSP/airflow_venv/lib/python3.12/site-packages/airflow/example_dags/example_display_name.py
[2025-04-28T11:41:35.751-0400] {logging_mixin.py:190} INFO - [2025-04-28T11:41:35.750-0400] {dag.py:3239} INFO - Sync 1 DAGs
[2025-04-28T11:41:35.759-0400] {logging_mixin.py:190} INFO - [2025-04-28T11:41:35.759-0400] {dag.py:4180} INFO - Setting next_dagrun for example_display_name to None, run_after=None
[2025-04-28T11:41:35.774-0400] {processor.py:208} INFO - Processing /home/aangava/MSP/airflow_venv/lib/python3.12/site-packages/airflow/example_dags/example_display_name.py took 0.047 seconds
