[2025-04-28T10:35:15.302-0400] {processor.py:186} INFO - Started process (PID=5578) to work on /home/aangava/MSP/airflow_venv/lib/python3.12/site-packages/airflow/example_dags/example_bash_decorator.py
[2025-04-28T10:35:15.303-0400] {processor.py:914} INFO - Processing file /home/aangava/MSP/airflow_venv/lib/python3.12/site-packages/airflow/example_dags/example_bash_decorator.py for tasks to queue
[2025-04-28T10:35:15.305-0400] {logging_mixin.py:190} INFO - [2025-04-28T10:35:15.305-0400] {dagbag.py:588} INFO - Filling up the DagBag from /home/aangava/MSP/airflow_venv/lib/python3.12/site-packages/airflow/example_dags/example_bash_decorator.py
[2025-04-28T10:35:15.321-0400] {processor.py:925} INFO - DAG(s) 'example_bash_decorator' retrieved from /home/aangava/MSP/airflow_venv/lib/python3.12/site-packages/airflow/example_dags/example_bash_decorator.py
[2025-04-28T10:35:15.441-0400] {logging_mixin.py:190} INFO - [2025-04-28T10:35:15.441-0400] {override.py:1912} INFO - Created Permission View: can read on DAG:example_bash_decorator
[2025-04-28T10:35:15.455-0400] {logging_mixin.py:190} INFO - [2025-04-28T10:35:15.454-0400] {override.py:1912} INFO - Created Permission View: can edit on DAG:example_bash_decorator
[2025-04-28T10:35:15.462-0400] {logging_mixin.py:190} INFO - [2025-04-28T10:35:15.462-0400] {override.py:1912} INFO - Created Permission View: can delete on DAG:example_bash_decorator
[2025-04-28T10:35:15.472-0400] {logging_mixin.py:190} INFO - [2025-04-28T10:35:15.472-0400] {override.py:1912} INFO - Created Permission View: can read on DAG Run:example_bash_decorator
[2025-04-28T10:35:15.480-0400] {logging_mixin.py:190} INFO - [2025-04-28T10:35:15.480-0400] {override.py:1912} INFO - Created Permission View: can delete on DAG Run:example_bash_decorator
[2025-04-28T10:35:15.487-0400] {logging_mixin.py:190} INFO - [2025-04-28T10:35:15.487-0400] {override.py:1912} INFO - Created Permission View: can create on DAG Run:example_bash_decorator
[2025-04-28T10:35:15.496-0400] {logging_mixin.py:190} INFO - [2025-04-28T10:35:15.496-0400] {override.py:1912} INFO - Created Permission View: menu access on DAG Run:example_bash_decorator
[2025-04-28T10:35:15.496-0400] {logging_mixin.py:190} INFO - [2025-04-28T10:35:15.496-0400] {dag.py:3239} INFO - Sync 1 DAGs
[2025-04-28T10:35:15.508-0400] {logging_mixin.py:190} INFO - [2025-04-28T10:35:15.508-0400] {dag.py:3262} INFO - Creating ORM DAG for example_bash_decorator
[2025-04-28T10:35:15.509-0400] {logging_mixin.py:190} INFO - [2025-04-28T10:35:15.509-0400] {dag.py:4180} INFO - Setting next_dagrun for example_bash_decorator to None, run_after=None
[2025-04-28T10:35:15.528-0400] {processor.py:208} INFO - Processing /home/aangava/MSP/airflow_venv/lib/python3.12/site-packages/airflow/example_dags/example_bash_decorator.py took 0.232 seconds
[2025-04-28T10:36:18.657-0400] {processor.py:186} INFO - Started process (PID=6032) to work on /home/aangava/MSP/airflow_venv/lib/python3.12/site-packages/airflow/example_dags/example_bash_decorator.py
[2025-04-28T10:36:18.658-0400] {processor.py:914} INFO - Processing file /home/aangava/MSP/airflow_venv/lib/python3.12/site-packages/airflow/example_dags/example_bash_decorator.py for tasks to queue
[2025-04-28T10:36:18.661-0400] {logging_mixin.py:190} INFO - [2025-04-28T10:36:18.660-0400] {dagbag.py:588} INFO - Filling up the DagBag from /home/aangava/MSP/airflow_venv/lib/python3.12/site-packages/airflow/example_dags/example_bash_decorator.py
[2025-04-28T10:36:18.674-0400] {processor.py:925} INFO - DAG(s) 'example_bash_decorator' retrieved from /home/aangava/MSP/airflow_venv/lib/python3.12/site-packages/airflow/example_dags/example_bash_decorator.py
[2025-04-28T10:36:18.689-0400] {logging_mixin.py:190} INFO - [2025-04-28T10:36:18.688-0400] {dag.py:3239} INFO - Sync 1 DAGs
[2025-04-28T10:36:18.697-0400] {logging_mixin.py:190} INFO - [2025-04-28T10:36:18.697-0400] {dag.py:4180} INFO - Setting next_dagrun for example_bash_decorator to None, run_after=None
[2025-04-28T10:36:18.715-0400] {processor.py:208} INFO - Processing /home/aangava/MSP/airflow_venv/lib/python3.12/site-packages/airflow/example_dags/example_bash_decorator.py took 0.065 seconds
[2025-04-28T10:37:15.635-0400] {processor.py:186} INFO - Started process (PID=6574) to work on /home/aangava/MSP/airflow_venv/lib/python3.12/site-packages/airflow/example_dags/example_bash_decorator.py
[2025-04-28T10:37:15.645-0400] {processor.py:914} INFO - Processing file /home/aangava/MSP/airflow_venv/lib/python3.12/site-packages/airflow/example_dags/example_bash_decorator.py for tasks to queue
[2025-04-28T10:37:15.647-0400] {logging_mixin.py:190} INFO - [2025-04-28T10:37:15.647-0400] {dagbag.py:588} INFO - Filling up the DagBag from /home/aangava/MSP/airflow_venv/lib/python3.12/site-packages/airflow/example_dags/example_bash_decorator.py
[2025-04-28T10:37:15.661-0400] {processor.py:925} INFO - DAG(s) 'example_bash_decorator' retrieved from /home/aangava/MSP/airflow_venv/lib/python3.12/site-packages/airflow/example_dags/example_bash_decorator.py
[2025-04-28T10:37:15.673-0400] {logging_mixin.py:190} INFO - [2025-04-28T10:37:15.673-0400] {dag.py:3239} INFO - Sync 1 DAGs
[2025-04-28T10:37:15.690-0400] {logging_mixin.py:190} INFO - [2025-04-28T10:37:15.689-0400] {dag.py:4180} INFO - Setting next_dagrun for example_bash_decorator to None, run_after=None
[2025-04-28T10:37:15.708-0400] {processor.py:208} INFO - Processing /home/aangava/MSP/airflow_venv/lib/python3.12/site-packages/airflow/example_dags/example_bash_decorator.py took 0.078 seconds
[2025-04-28T10:43:41.880-0400] {processor.py:186} INFO - Started process (PID=8986) to work on /home/aangava/MSP/airflow_venv/lib/python3.12/site-packages/airflow/example_dags/example_bash_decorator.py
[2025-04-28T10:43:41.883-0400] {processor.py:914} INFO - Processing file /home/aangava/MSP/airflow_venv/lib/python3.12/site-packages/airflow/example_dags/example_bash_decorator.py for tasks to queue
[2025-04-28T10:43:41.885-0400] {logging_mixin.py:190} INFO - [2025-04-28T10:43:41.885-0400] {dagbag.py:588} INFO - Filling up the DagBag from /home/aangava/MSP/airflow_venv/lib/python3.12/site-packages/airflow/example_dags/example_bash_decorator.py
[2025-04-28T10:43:41.902-0400] {processor.py:925} INFO - DAG(s) 'example_bash_decorator' retrieved from /home/aangava/MSP/airflow_venv/lib/python3.12/site-packages/airflow/example_dags/example_bash_decorator.py
[2025-04-28T10:43:42.020-0400] {logging_mixin.py:190} INFO - [2025-04-28T10:43:42.019-0400] {dag.py:3239} INFO - Sync 1 DAGs
[2025-04-28T10:43:42.034-0400] {logging_mixin.py:190} INFO - [2025-04-28T10:43:42.034-0400] {dag.py:4180} INFO - Setting next_dagrun for example_bash_decorator to None, run_after=None
[2025-04-28T10:43:42.056-0400] {processor.py:208} INFO - Processing /home/aangava/MSP/airflow_venv/lib/python3.12/site-packages/airflow/example_dags/example_bash_decorator.py took 0.182 seconds
[2025-04-28T10:44:39.026-0400] {processor.py:186} INFO - Started process (PID=9363) to work on /home/aangava/MSP/airflow_venv/lib/python3.12/site-packages/airflow/example_dags/example_bash_decorator.py
[2025-04-28T10:44:39.038-0400] {processor.py:914} INFO - Processing file /home/aangava/MSP/airflow_venv/lib/python3.12/site-packages/airflow/example_dags/example_bash_decorator.py for tasks to queue
[2025-04-28T10:44:39.042-0400] {logging_mixin.py:190} INFO - [2025-04-28T10:44:39.041-0400] {dagbag.py:588} INFO - Filling up the DagBag from /home/aangava/MSP/airflow_venv/lib/python3.12/site-packages/airflow/example_dags/example_bash_decorator.py
[2025-04-28T10:44:39.061-0400] {processor.py:925} INFO - DAG(s) 'example_bash_decorator' retrieved from /home/aangava/MSP/airflow_venv/lib/python3.12/site-packages/airflow/example_dags/example_bash_decorator.py
[2025-04-28T10:44:39.086-0400] {logging_mixin.py:190} INFO - [2025-04-28T10:44:39.085-0400] {dag.py:3239} INFO - Sync 1 DAGs
[2025-04-28T10:44:39.100-0400] {logging_mixin.py:190} INFO - [2025-04-28T10:44:39.100-0400] {dag.py:4180} INFO - Setting next_dagrun for example_bash_decorator to None, run_after=None
[2025-04-28T10:44:39.130-0400] {processor.py:208} INFO - Processing /home/aangava/MSP/airflow_venv/lib/python3.12/site-packages/airflow/example_dags/example_bash_decorator.py took 0.113 seconds
[2025-04-28T10:45:37.201-0400] {processor.py:186} INFO - Started process (PID=9623) to work on /home/aangava/MSP/airflow_venv/lib/python3.12/site-packages/airflow/example_dags/example_bash_decorator.py
[2025-04-28T10:45:37.213-0400] {processor.py:914} INFO - Processing file /home/aangava/MSP/airflow_venv/lib/python3.12/site-packages/airflow/example_dags/example_bash_decorator.py for tasks to queue
[2025-04-28T10:45:37.215-0400] {logging_mixin.py:190} INFO - [2025-04-28T10:45:37.215-0400] {dagbag.py:588} INFO - Filling up the DagBag from /home/aangava/MSP/airflow_venv/lib/python3.12/site-packages/airflow/example_dags/example_bash_decorator.py
[2025-04-28T10:45:37.231-0400] {processor.py:925} INFO - DAG(s) 'example_bash_decorator' retrieved from /home/aangava/MSP/airflow_venv/lib/python3.12/site-packages/airflow/example_dags/example_bash_decorator.py
[2025-04-28T10:45:37.254-0400] {logging_mixin.py:190} INFO - [2025-04-28T10:45:37.253-0400] {dag.py:3239} INFO - Sync 1 DAGs
[2025-04-28T10:45:37.269-0400] {logging_mixin.py:190} INFO - [2025-04-28T10:45:37.268-0400] {dag.py:4180} INFO - Setting next_dagrun for example_bash_decorator to None, run_after=None
[2025-04-28T10:45:37.292-0400] {processor.py:208} INFO - Processing /home/aangava/MSP/airflow_venv/lib/python3.12/site-packages/airflow/example_dags/example_bash_decorator.py took 0.099 seconds
[2025-04-28T10:46:32.147-0400] {processor.py:186} INFO - Started process (PID=9847) to work on /home/aangava/MSP/airflow_venv/lib/python3.12/site-packages/airflow/example_dags/example_bash_decorator.py
[2025-04-28T10:46:32.157-0400] {processor.py:914} INFO - Processing file /home/aangava/MSP/airflow_venv/lib/python3.12/site-packages/airflow/example_dags/example_bash_decorator.py for tasks to queue
[2025-04-28T10:46:32.158-0400] {logging_mixin.py:190} INFO - [2025-04-28T10:46:32.158-0400] {dagbag.py:588} INFO - Filling up the DagBag from /home/aangava/MSP/airflow_venv/lib/python3.12/site-packages/airflow/example_dags/example_bash_decorator.py
[2025-04-28T10:46:32.168-0400] {processor.py:925} INFO - DAG(s) 'example_bash_decorator' retrieved from /home/aangava/MSP/airflow_venv/lib/python3.12/site-packages/airflow/example_dags/example_bash_decorator.py
[2025-04-28T10:46:32.188-0400] {logging_mixin.py:190} INFO - [2025-04-28T10:46:32.188-0400] {dag.py:3239} INFO - Sync 1 DAGs
[2025-04-28T10:46:32.199-0400] {logging_mixin.py:190} INFO - [2025-04-28T10:46:32.199-0400] {dag.py:4180} INFO - Setting next_dagrun for example_bash_decorator to None, run_after=None
[2025-04-28T10:46:32.216-0400] {processor.py:208} INFO - Processing /home/aangava/MSP/airflow_venv/lib/python3.12/site-packages/airflow/example_dags/example_bash_decorator.py took 0.073 seconds
[2025-04-28T10:47:31.190-0400] {processor.py:186} INFO - Started process (PID=10114) to work on /home/aangava/MSP/airflow_venv/lib/python3.12/site-packages/airflow/example_dags/example_bash_decorator.py
[2025-04-28T10:47:31.202-0400] {processor.py:914} INFO - Processing file /home/aangava/MSP/airflow_venv/lib/python3.12/site-packages/airflow/example_dags/example_bash_decorator.py for tasks to queue
[2025-04-28T10:47:31.206-0400] {logging_mixin.py:190} INFO - [2025-04-28T10:47:31.205-0400] {dagbag.py:588} INFO - Filling up the DagBag from /home/aangava/MSP/airflow_venv/lib/python3.12/site-packages/airflow/example_dags/example_bash_decorator.py
[2025-04-28T10:47:31.225-0400] {processor.py:925} INFO - DAG(s) 'example_bash_decorator' retrieved from /home/aangava/MSP/airflow_venv/lib/python3.12/site-packages/airflow/example_dags/example_bash_decorator.py
[2025-04-28T10:47:31.247-0400] {logging_mixin.py:190} INFO - [2025-04-28T10:47:31.247-0400] {dag.py:3239} INFO - Sync 1 DAGs
[2025-04-28T10:47:31.261-0400] {logging_mixin.py:190} INFO - [2025-04-28T10:47:31.261-0400] {dag.py:4180} INFO - Setting next_dagrun for example_bash_decorator to None, run_after=None
[2025-04-28T10:47:31.290-0400] {processor.py:208} INFO - Processing /home/aangava/MSP/airflow_venv/lib/python3.12/site-packages/airflow/example_dags/example_bash_decorator.py took 0.109 seconds
[2025-04-28T10:48:29.299-0400] {processor.py:186} INFO - Started process (PID=10481) to work on /home/aangava/MSP/airflow_venv/lib/python3.12/site-packages/airflow/example_dags/example_bash_decorator.py
[2025-04-28T10:48:29.301-0400] {processor.py:914} INFO - Processing file /home/aangava/MSP/airflow_venv/lib/python3.12/site-packages/airflow/example_dags/example_bash_decorator.py for tasks to queue
[2025-04-28T10:48:29.303-0400] {logging_mixin.py:190} INFO - [2025-04-28T10:48:29.303-0400] {dagbag.py:588} INFO - Filling up the DagBag from /home/aangava/MSP/airflow_venv/lib/python3.12/site-packages/airflow/example_dags/example_bash_decorator.py
[2025-04-28T10:48:29.324-0400] {processor.py:925} INFO - DAG(s) 'example_bash_decorator' retrieved from /home/aangava/MSP/airflow_venv/lib/python3.12/site-packages/airflow/example_dags/example_bash_decorator.py
[2025-04-28T10:48:29.346-0400] {logging_mixin.py:190} INFO - [2025-04-28T10:48:29.345-0400] {dag.py:3239} INFO - Sync 1 DAGs
[2025-04-28T10:48:29.361-0400] {logging_mixin.py:190} INFO - [2025-04-28T10:48:29.361-0400] {dag.py:4180} INFO - Setting next_dagrun for example_bash_decorator to None, run_after=None
[2025-04-28T10:48:29.392-0400] {processor.py:208} INFO - Processing /home/aangava/MSP/airflow_venv/lib/python3.12/site-packages/airflow/example_dags/example_bash_decorator.py took 0.100 seconds
[2025-04-28T10:49:24.961-0400] {processor.py:186} INFO - Started process (PID=10824) to work on /home/aangava/MSP/airflow_venv/lib/python3.12/site-packages/airflow/example_dags/example_bash_decorator.py
[2025-04-28T10:49:24.973-0400] {processor.py:914} INFO - Processing file /home/aangava/MSP/airflow_venv/lib/python3.12/site-packages/airflow/example_dags/example_bash_decorator.py for tasks to queue
[2025-04-28T10:49:24.975-0400] {logging_mixin.py:190} INFO - [2025-04-28T10:49:24.975-0400] {dagbag.py:588} INFO - Filling up the DagBag from /home/aangava/MSP/airflow_venv/lib/python3.12/site-packages/airflow/example_dags/example_bash_decorator.py
[2025-04-28T10:49:24.995-0400] {processor.py:925} INFO - DAG(s) 'example_bash_decorator' retrieved from /home/aangava/MSP/airflow_venv/lib/python3.12/site-packages/airflow/example_dags/example_bash_decorator.py
[2025-04-28T10:49:25.019-0400] {logging_mixin.py:190} INFO - [2025-04-28T10:49:25.019-0400] {dag.py:3239} INFO - Sync 1 DAGs
[2025-04-28T10:49:25.033-0400] {logging_mixin.py:190} INFO - [2025-04-28T10:49:25.033-0400] {dag.py:4180} INFO - Setting next_dagrun for example_bash_decorator to None, run_after=None
[2025-04-28T10:49:25.060-0400] {processor.py:208} INFO - Processing /home/aangava/MSP/airflow_venv/lib/python3.12/site-packages/airflow/example_dags/example_bash_decorator.py took 0.110 seconds
[2025-04-28T10:50:23.004-0400] {processor.py:186} INFO - Started process (PID=11194) to work on /home/aangava/MSP/airflow_venv/lib/python3.12/site-packages/airflow/example_dags/example_bash_decorator.py
[2025-04-28T10:50:23.015-0400] {processor.py:914} INFO - Processing file /home/aangava/MSP/airflow_venv/lib/python3.12/site-packages/airflow/example_dags/example_bash_decorator.py for tasks to queue
[2025-04-28T10:50:23.017-0400] {logging_mixin.py:190} INFO - [2025-04-28T10:50:23.017-0400] {dagbag.py:588} INFO - Filling up the DagBag from /home/aangava/MSP/airflow_venv/lib/python3.12/site-packages/airflow/example_dags/example_bash_decorator.py
[2025-04-28T10:50:23.029-0400] {processor.py:925} INFO - DAG(s) 'example_bash_decorator' retrieved from /home/aangava/MSP/airflow_venv/lib/python3.12/site-packages/airflow/example_dags/example_bash_decorator.py
[2025-04-28T10:50:23.043-0400] {logging_mixin.py:190} INFO - [2025-04-28T10:50:23.043-0400] {dag.py:3239} INFO - Sync 1 DAGs
[2025-04-28T10:50:23.054-0400] {logging_mixin.py:190} INFO - [2025-04-28T10:50:23.054-0400] {dag.py:4180} INFO - Setting next_dagrun for example_bash_decorator to None, run_after=None
[2025-04-28T10:50:23.207-0400] {processor.py:208} INFO - Processing /home/aangava/MSP/airflow_venv/lib/python3.12/site-packages/airflow/example_dags/example_bash_decorator.py took 0.210 seconds
[2025-04-28T10:51:28.164-0400] {processor.py:186} INFO - Started process (PID=11566) to work on /home/aangava/MSP/airflow_venv/lib/python3.12/site-packages/airflow/example_dags/example_bash_decorator.py
[2025-04-28T10:51:28.167-0400] {processor.py:914} INFO - Processing file /home/aangava/MSP/airflow_venv/lib/python3.12/site-packages/airflow/example_dags/example_bash_decorator.py for tasks to queue
[2025-04-28T10:51:28.170-0400] {logging_mixin.py:190} INFO - [2025-04-28T10:51:28.169-0400] {dagbag.py:588} INFO - Filling up the DagBag from /home/aangava/MSP/airflow_venv/lib/python3.12/site-packages/airflow/example_dags/example_bash_decorator.py
[2025-04-28T10:51:28.193-0400] {processor.py:925} INFO - DAG(s) 'example_bash_decorator' retrieved from /home/aangava/MSP/airflow_venv/lib/python3.12/site-packages/airflow/example_dags/example_bash_decorator.py
[2025-04-28T10:51:28.224-0400] {logging_mixin.py:190} INFO - [2025-04-28T10:51:28.224-0400] {dag.py:3239} INFO - Sync 1 DAGs
[2025-04-28T10:51:28.242-0400] {logging_mixin.py:190} INFO - [2025-04-28T10:51:28.242-0400] {dag.py:4180} INFO - Setting next_dagrun for example_bash_decorator to None, run_after=None
[2025-04-28T10:51:28.275-0400] {processor.py:208} INFO - Processing /home/aangava/MSP/airflow_venv/lib/python3.12/site-packages/airflow/example_dags/example_bash_decorator.py took 0.122 seconds
[2025-04-28T10:52:29.422-0400] {processor.py:186} INFO - Started process (PID=11965) to work on /home/aangava/MSP/airflow_venv/lib/python3.12/site-packages/airflow/example_dags/example_bash_decorator.py
[2025-04-28T10:52:29.433-0400] {processor.py:914} INFO - Processing file /home/aangava/MSP/airflow_venv/lib/python3.12/site-packages/airflow/example_dags/example_bash_decorator.py for tasks to queue
[2025-04-28T10:52:29.436-0400] {logging_mixin.py:190} INFO - [2025-04-28T10:52:29.435-0400] {dagbag.py:588} INFO - Filling up the DagBag from /home/aangava/MSP/airflow_venv/lib/python3.12/site-packages/airflow/example_dags/example_bash_decorator.py
[2025-04-28T10:52:29.456-0400] {processor.py:925} INFO - DAG(s) 'example_bash_decorator' retrieved from /home/aangava/MSP/airflow_venv/lib/python3.12/site-packages/airflow/example_dags/example_bash_decorator.py
[2025-04-28T10:52:29.480-0400] {logging_mixin.py:190} INFO - [2025-04-28T10:52:29.479-0400] {dag.py:3239} INFO - Sync 1 DAGs
[2025-04-28T10:52:29.495-0400] {logging_mixin.py:190} INFO - [2025-04-28T10:52:29.495-0400] {dag.py:4180} INFO - Setting next_dagrun for example_bash_decorator to None, run_after=None
[2025-04-28T10:52:29.516-0400] {processor.py:208} INFO - Processing /home/aangava/MSP/airflow_venv/lib/python3.12/site-packages/airflow/example_dags/example_bash_decorator.py took 0.102 seconds
[2025-04-28T10:53:26.913-0400] {processor.py:186} INFO - Started process (PID=12297) to work on /home/aangava/MSP/airflow_venv/lib/python3.12/site-packages/airflow/example_dags/example_bash_decorator.py
[2025-04-28T10:53:26.923-0400] {processor.py:914} INFO - Processing file /home/aangava/MSP/airflow_venv/lib/python3.12/site-packages/airflow/example_dags/example_bash_decorator.py for tasks to queue
[2025-04-28T10:53:26.924-0400] {logging_mixin.py:190} INFO - [2025-04-28T10:53:26.923-0400] {dagbag.py:588} INFO - Filling up the DagBag from /home/aangava/MSP/airflow_venv/lib/python3.12/site-packages/airflow/example_dags/example_bash_decorator.py
[2025-04-28T10:53:26.935-0400] {processor.py:925} INFO - DAG(s) 'example_bash_decorator' retrieved from /home/aangava/MSP/airflow_venv/lib/python3.12/site-packages/airflow/example_dags/example_bash_decorator.py
[2025-04-28T10:53:26.947-0400] {logging_mixin.py:190} INFO - [2025-04-28T10:53:26.947-0400] {dag.py:3239} INFO - Sync 1 DAGs
[2025-04-28T10:53:26.955-0400] {logging_mixin.py:190} INFO - [2025-04-28T10:53:26.955-0400] {dag.py:4180} INFO - Setting next_dagrun for example_bash_decorator to None, run_after=None
[2025-04-28T10:53:26.971-0400] {processor.py:208} INFO - Processing /home/aangava/MSP/airflow_venv/lib/python3.12/site-packages/airflow/example_dags/example_bash_decorator.py took 0.063 seconds
[2025-04-28T10:54:27.997-0400] {processor.py:186} INFO - Started process (PID=12567) to work on /home/aangava/MSP/airflow_venv/lib/python3.12/site-packages/airflow/example_dags/example_bash_decorator.py
[2025-04-28T10:54:27.998-0400] {processor.py:914} INFO - Processing file /home/aangava/MSP/airflow_venv/lib/python3.12/site-packages/airflow/example_dags/example_bash_decorator.py for tasks to queue
[2025-04-28T10:54:28.000-0400] {logging_mixin.py:190} INFO - [2025-04-28T10:54:27.999-0400] {dagbag.py:588} INFO - Filling up the DagBag from /home/aangava/MSP/airflow_venv/lib/python3.12/site-packages/airflow/example_dags/example_bash_decorator.py
[2025-04-28T10:54:28.014-0400] {processor.py:925} INFO - DAG(s) 'example_bash_decorator' retrieved from /home/aangava/MSP/airflow_venv/lib/python3.12/site-packages/airflow/example_dags/example_bash_decorator.py
[2025-04-28T10:54:28.027-0400] {logging_mixin.py:190} INFO - [2025-04-28T10:54:28.027-0400] {dag.py:3239} INFO - Sync 1 DAGs
[2025-04-28T10:54:28.037-0400] {logging_mixin.py:190} INFO - [2025-04-28T10:54:28.037-0400] {dag.py:4180} INFO - Setting next_dagrun for example_bash_decorator to None, run_after=None
[2025-04-28T10:54:28.054-0400] {processor.py:208} INFO - Processing /home/aangava/MSP/airflow_venv/lib/python3.12/site-packages/airflow/example_dags/example_bash_decorator.py took 0.062 seconds
[2025-04-28T10:55:27.872-0400] {processor.py:186} INFO - Started process (PID=12830) to work on /home/aangava/MSP/airflow_venv/lib/python3.12/site-packages/airflow/example_dags/example_bash_decorator.py
[2025-04-28T10:55:27.883-0400] {processor.py:914} INFO - Processing file /home/aangava/MSP/airflow_venv/lib/python3.12/site-packages/airflow/example_dags/example_bash_decorator.py for tasks to queue
[2025-04-28T10:55:27.886-0400] {logging_mixin.py:190} INFO - [2025-04-28T10:55:27.885-0400] {dagbag.py:588} INFO - Filling up the DagBag from /home/aangava/MSP/airflow_venv/lib/python3.12/site-packages/airflow/example_dags/example_bash_decorator.py
[2025-04-28T10:55:27.906-0400] {processor.py:925} INFO - DAG(s) 'example_bash_decorator' retrieved from /home/aangava/MSP/airflow_venv/lib/python3.12/site-packages/airflow/example_dags/example_bash_decorator.py
[2025-04-28T10:55:27.927-0400] {logging_mixin.py:190} INFO - [2025-04-28T10:55:27.927-0400] {dag.py:3239} INFO - Sync 1 DAGs
[2025-04-28T10:55:27.942-0400] {logging_mixin.py:190} INFO - [2025-04-28T10:55:27.942-0400] {dag.py:4180} INFO - Setting next_dagrun for example_bash_decorator to None, run_after=None
[2025-04-28T10:55:27.966-0400] {processor.py:208} INFO - Processing /home/aangava/MSP/airflow_venv/lib/python3.12/site-packages/airflow/example_dags/example_bash_decorator.py took 0.103 seconds
[2025-04-28T10:56:30.733-0400] {processor.py:186} INFO - Started process (PID=13072) to work on /home/aangava/MSP/airflow_venv/lib/python3.12/site-packages/airflow/example_dags/example_bash_decorator.py
[2025-04-28T10:56:30.743-0400] {processor.py:914} INFO - Processing file /home/aangava/MSP/airflow_venv/lib/python3.12/site-packages/airflow/example_dags/example_bash_decorator.py for tasks to queue
[2025-04-28T10:56:30.744-0400] {logging_mixin.py:190} INFO - [2025-04-28T10:56:30.744-0400] {dagbag.py:588} INFO - Filling up the DagBag from /home/aangava/MSP/airflow_venv/lib/python3.12/site-packages/airflow/example_dags/example_bash_decorator.py
[2025-04-28T10:56:30.756-0400] {processor.py:925} INFO - DAG(s) 'example_bash_decorator' retrieved from /home/aangava/MSP/airflow_venv/lib/python3.12/site-packages/airflow/example_dags/example_bash_decorator.py
[2025-04-28T10:56:30.768-0400] {logging_mixin.py:190} INFO - [2025-04-28T10:56:30.768-0400] {dag.py:3239} INFO - Sync 1 DAGs
[2025-04-28T10:56:30.779-0400] {logging_mixin.py:190} INFO - [2025-04-28T10:56:30.778-0400] {dag.py:4180} INFO - Setting next_dagrun for example_bash_decorator to None, run_after=None
[2025-04-28T10:56:30.801-0400] {processor.py:208} INFO - Processing /home/aangava/MSP/airflow_venv/lib/python3.12/site-packages/airflow/example_dags/example_bash_decorator.py took 0.075 seconds
[2025-04-28T10:57:24.058-0400] {processor.py:186} INFO - Started process (PID=13311) to work on /home/aangava/MSP/airflow_venv/lib/python3.12/site-packages/airflow/example_dags/example_bash_decorator.py
[2025-04-28T10:57:24.060-0400] {processor.py:914} INFO - Processing file /home/aangava/MSP/airflow_venv/lib/python3.12/site-packages/airflow/example_dags/example_bash_decorator.py for tasks to queue
[2025-04-28T10:57:24.062-0400] {logging_mixin.py:190} INFO - [2025-04-28T10:57:24.061-0400] {dagbag.py:588} INFO - Filling up the DagBag from /home/aangava/MSP/airflow_venv/lib/python3.12/site-packages/airflow/example_dags/example_bash_decorator.py
[2025-04-28T10:57:24.073-0400] {processor.py:925} INFO - DAG(s) 'example_bash_decorator' retrieved from /home/aangava/MSP/airflow_venv/lib/python3.12/site-packages/airflow/example_dags/example_bash_decorator.py
[2025-04-28T10:57:24.090-0400] {logging_mixin.py:190} INFO - [2025-04-28T10:57:24.090-0400] {dag.py:3239} INFO - Sync 1 DAGs
[2025-04-28T10:57:24.104-0400] {logging_mixin.py:190} INFO - [2025-04-28T10:57:24.103-0400] {dag.py:4180} INFO - Setting next_dagrun for example_bash_decorator to None, run_after=None
[2025-04-28T10:57:24.129-0400] {processor.py:208} INFO - Processing /home/aangava/MSP/airflow_venv/lib/python3.12/site-packages/airflow/example_dags/example_bash_decorator.py took 0.078 seconds
[2025-04-28T10:58:17.318-0400] {processor.py:186} INFO - Started process (PID=13745) to work on /home/aangava/MSP/airflow_venv/lib/python3.12/site-packages/airflow/example_dags/example_bash_decorator.py
[2025-04-28T10:58:17.321-0400] {processor.py:914} INFO - Processing file /home/aangava/MSP/airflow_venv/lib/python3.12/site-packages/airflow/example_dags/example_bash_decorator.py for tasks to queue
[2025-04-28T10:58:17.324-0400] {logging_mixin.py:190} INFO - [2025-04-28T10:58:17.324-0400] {dagbag.py:588} INFO - Filling up the DagBag from /home/aangava/MSP/airflow_venv/lib/python3.12/site-packages/airflow/example_dags/example_bash_decorator.py
[2025-04-28T10:58:17.343-0400] {processor.py:925} INFO - DAG(s) 'example_bash_decorator' retrieved from /home/aangava/MSP/airflow_venv/lib/python3.12/site-packages/airflow/example_dags/example_bash_decorator.py
[2025-04-28T10:58:17.369-0400] {logging_mixin.py:190} INFO - [2025-04-28T10:58:17.368-0400] {dag.py:3239} INFO - Sync 1 DAGs
[2025-04-28T10:58:17.383-0400] {logging_mixin.py:190} INFO - [2025-04-28T10:58:17.382-0400] {dag.py:4180} INFO - Setting next_dagrun for example_bash_decorator to None, run_after=None
[2025-04-28T10:58:17.405-0400] {processor.py:208} INFO - Processing /home/aangava/MSP/airflow_venv/lib/python3.12/site-packages/airflow/example_dags/example_bash_decorator.py took 0.095 seconds
[2025-04-28T10:59:13.858-0400] {processor.py:186} INFO - Started process (PID=14076) to work on /home/aangava/MSP/airflow_venv/lib/python3.12/site-packages/airflow/example_dags/example_bash_decorator.py
[2025-04-28T10:59:13.860-0400] {processor.py:914} INFO - Processing file /home/aangava/MSP/airflow_venv/lib/python3.12/site-packages/airflow/example_dags/example_bash_decorator.py for tasks to queue
[2025-04-28T10:59:13.862-0400] {logging_mixin.py:190} INFO - [2025-04-28T10:59:13.861-0400] {dagbag.py:588} INFO - Filling up the DagBag from /home/aangava/MSP/airflow_venv/lib/python3.12/site-packages/airflow/example_dags/example_bash_decorator.py
[2025-04-28T10:59:13.878-0400] {processor.py:925} INFO - DAG(s) 'example_bash_decorator' retrieved from /home/aangava/MSP/airflow_venv/lib/python3.12/site-packages/airflow/example_dags/example_bash_decorator.py
[2025-04-28T10:59:13.896-0400] {logging_mixin.py:190} INFO - [2025-04-28T10:59:13.896-0400] {dag.py:3239} INFO - Sync 1 DAGs
[2025-04-28T10:59:13.907-0400] {logging_mixin.py:190} INFO - [2025-04-28T10:59:13.907-0400] {dag.py:4180} INFO - Setting next_dagrun for example_bash_decorator to None, run_after=None
[2025-04-28T10:59:13.923-0400] {processor.py:208} INFO - Processing /home/aangava/MSP/airflow_venv/lib/python3.12/site-packages/airflow/example_dags/example_bash_decorator.py took 0.072 seconds
[2025-04-28T11:00:13.566-0400] {processor.py:186} INFO - Started process (PID=14463) to work on /home/aangava/MSP/airflow_venv/lib/python3.12/site-packages/airflow/example_dags/example_bash_decorator.py
[2025-04-28T11:00:13.578-0400] {processor.py:914} INFO - Processing file /home/aangava/MSP/airflow_venv/lib/python3.12/site-packages/airflow/example_dags/example_bash_decorator.py for tasks to queue
[2025-04-28T11:00:13.580-0400] {logging_mixin.py:190} INFO - [2025-04-28T11:00:13.580-0400] {dagbag.py:588} INFO - Filling up the DagBag from /home/aangava/MSP/airflow_venv/lib/python3.12/site-packages/airflow/example_dags/example_bash_decorator.py
[2025-04-28T11:00:13.598-0400] {processor.py:925} INFO - DAG(s) 'example_bash_decorator' retrieved from /home/aangava/MSP/airflow_venv/lib/python3.12/site-packages/airflow/example_dags/example_bash_decorator.py
[2025-04-28T11:00:13.621-0400] {logging_mixin.py:190} INFO - [2025-04-28T11:00:13.620-0400] {dag.py:3239} INFO - Sync 1 DAGs
[2025-04-28T11:00:13.637-0400] {logging_mixin.py:190} INFO - [2025-04-28T11:00:13.636-0400] {dag.py:4180} INFO - Setting next_dagrun for example_bash_decorator to None, run_after=None
[2025-04-28T11:00:13.663-0400] {processor.py:208} INFO - Processing /home/aangava/MSP/airflow_venv/lib/python3.12/site-packages/airflow/example_dags/example_bash_decorator.py took 0.106 seconds
[2025-04-28T11:01:14.958-0400] {processor.py:186} INFO - Started process (PID=14714) to work on /home/aangava/MSP/airflow_venv/lib/python3.12/site-packages/airflow/example_dags/example_bash_decorator.py
[2025-04-28T11:01:14.969-0400] {processor.py:914} INFO - Processing file /home/aangava/MSP/airflow_venv/lib/python3.12/site-packages/airflow/example_dags/example_bash_decorator.py for tasks to queue
[2025-04-28T11:01:14.972-0400] {logging_mixin.py:190} INFO - [2025-04-28T11:01:14.971-0400] {dagbag.py:588} INFO - Filling up the DagBag from /home/aangava/MSP/airflow_venv/lib/python3.12/site-packages/airflow/example_dags/example_bash_decorator.py
[2025-04-28T11:01:14.984-0400] {processor.py:925} INFO - DAG(s) 'example_bash_decorator' retrieved from /home/aangava/MSP/airflow_venv/lib/python3.12/site-packages/airflow/example_dags/example_bash_decorator.py
[2025-04-28T11:01:14.998-0400] {logging_mixin.py:190} INFO - [2025-04-28T11:01:14.998-0400] {dag.py:3239} INFO - Sync 1 DAGs
[2025-04-28T11:01:15.007-0400] {logging_mixin.py:190} INFO - [2025-04-28T11:01:15.007-0400] {dag.py:4180} INFO - Setting next_dagrun for example_bash_decorator to None, run_after=None
[2025-04-28T11:01:15.023-0400] {processor.py:208} INFO - Processing /home/aangava/MSP/airflow_venv/lib/python3.12/site-packages/airflow/example_dags/example_bash_decorator.py took 0.073 seconds
[2025-04-28T11:02:10.865-0400] {processor.py:186} INFO - Started process (PID=14946) to work on /home/aangava/MSP/airflow_venv/lib/python3.12/site-packages/airflow/example_dags/example_bash_decorator.py
[2025-04-28T11:02:10.876-0400] {processor.py:914} INFO - Processing file /home/aangava/MSP/airflow_venv/lib/python3.12/site-packages/airflow/example_dags/example_bash_decorator.py for tasks to queue
[2025-04-28T11:02:10.879-0400] {logging_mixin.py:190} INFO - [2025-04-28T11:02:10.879-0400] {dagbag.py:588} INFO - Filling up the DagBag from /home/aangava/MSP/airflow_venv/lib/python3.12/site-packages/airflow/example_dags/example_bash_decorator.py
[2025-04-28T11:02:10.898-0400] {processor.py:925} INFO - DAG(s) 'example_bash_decorator' retrieved from /home/aangava/MSP/airflow_venv/lib/python3.12/site-packages/airflow/example_dags/example_bash_decorator.py
[2025-04-28T11:02:10.915-0400] {logging_mixin.py:190} INFO - [2025-04-28T11:02:10.915-0400] {dag.py:3239} INFO - Sync 1 DAGs
[2025-04-28T11:02:10.926-0400] {logging_mixin.py:190} INFO - [2025-04-28T11:02:10.926-0400] {dag.py:4180} INFO - Setting next_dagrun for example_bash_decorator to None, run_after=None
[2025-04-28T11:02:10.955-0400] {processor.py:208} INFO - Processing /home/aangava/MSP/airflow_venv/lib/python3.12/site-packages/airflow/example_dags/example_bash_decorator.py took 0.100 seconds
[2025-04-28T11:03:10.362-0400] {processor.py:186} INFO - Started process (PID=15241) to work on /home/aangava/MSP/airflow_venv/lib/python3.12/site-packages/airflow/example_dags/example_bash_decorator.py
[2025-04-28T11:03:10.373-0400] {processor.py:914} INFO - Processing file /home/aangava/MSP/airflow_venv/lib/python3.12/site-packages/airflow/example_dags/example_bash_decorator.py for tasks to queue
[2025-04-28T11:03:10.374-0400] {logging_mixin.py:190} INFO - [2025-04-28T11:03:10.374-0400] {dagbag.py:588} INFO - Filling up the DagBag from /home/aangava/MSP/airflow_venv/lib/python3.12/site-packages/airflow/example_dags/example_bash_decorator.py
[2025-04-28T11:03:10.384-0400] {processor.py:925} INFO - DAG(s) 'example_bash_decorator' retrieved from /home/aangava/MSP/airflow_venv/lib/python3.12/site-packages/airflow/example_dags/example_bash_decorator.py
[2025-04-28T11:03:10.397-0400] {logging_mixin.py:190} INFO - [2025-04-28T11:03:10.397-0400] {dag.py:3239} INFO - Sync 1 DAGs
[2025-04-28T11:03:10.405-0400] {logging_mixin.py:190} INFO - [2025-04-28T11:03:10.405-0400] {dag.py:4180} INFO - Setting next_dagrun for example_bash_decorator to None, run_after=None
[2025-04-28T11:03:10.427-0400] {processor.py:208} INFO - Processing /home/aangava/MSP/airflow_venv/lib/python3.12/site-packages/airflow/example_dags/example_bash_decorator.py took 0.070 seconds
[2025-04-28T11:04:09.422-0400] {processor.py:186} INFO - Started process (PID=15605) to work on /home/aangava/MSP/airflow_venv/lib/python3.12/site-packages/airflow/example_dags/example_bash_decorator.py
[2025-04-28T11:04:09.433-0400] {processor.py:914} INFO - Processing file /home/aangava/MSP/airflow_venv/lib/python3.12/site-packages/airflow/example_dags/example_bash_decorator.py for tasks to queue
[2025-04-28T11:04:09.435-0400] {logging_mixin.py:190} INFO - [2025-04-28T11:04:09.434-0400] {dagbag.py:588} INFO - Filling up the DagBag from /home/aangava/MSP/airflow_venv/lib/python3.12/site-packages/airflow/example_dags/example_bash_decorator.py
[2025-04-28T11:04:09.452-0400] {processor.py:925} INFO - DAG(s) 'example_bash_decorator' retrieved from /home/aangava/MSP/airflow_venv/lib/python3.12/site-packages/airflow/example_dags/example_bash_decorator.py
[2025-04-28T11:04:09.473-0400] {logging_mixin.py:190} INFO - [2025-04-28T11:04:09.473-0400] {dag.py:3239} INFO - Sync 1 DAGs
[2025-04-28T11:04:09.488-0400] {logging_mixin.py:190} INFO - [2025-04-28T11:04:09.487-0400] {dag.py:4180} INFO - Setting next_dagrun for example_bash_decorator to None, run_after=None
[2025-04-28T11:04:09.516-0400] {processor.py:208} INFO - Processing /home/aangava/MSP/airflow_venv/lib/python3.12/site-packages/airflow/example_dags/example_bash_decorator.py took 0.103 seconds
[2025-04-28T11:05:10.707-0400] {processor.py:186} INFO - Started process (PID=15958) to work on /home/aangava/MSP/airflow_venv/lib/python3.12/site-packages/airflow/example_dags/example_bash_decorator.py
[2025-04-28T11:05:10.718-0400] {processor.py:914} INFO - Processing file /home/aangava/MSP/airflow_venv/lib/python3.12/site-packages/airflow/example_dags/example_bash_decorator.py for tasks to queue
[2025-04-28T11:05:10.720-0400] {logging_mixin.py:190} INFO - [2025-04-28T11:05:10.720-0400] {dagbag.py:588} INFO - Filling up the DagBag from /home/aangava/MSP/airflow_venv/lib/python3.12/site-packages/airflow/example_dags/example_bash_decorator.py
[2025-04-28T11:05:10.741-0400] {processor.py:925} INFO - DAG(s) 'example_bash_decorator' retrieved from /home/aangava/MSP/airflow_venv/lib/python3.12/site-packages/airflow/example_dags/example_bash_decorator.py
[2025-04-28T11:05:10.761-0400] {logging_mixin.py:190} INFO - [2025-04-28T11:05:10.760-0400] {dag.py:3239} INFO - Sync 1 DAGs
[2025-04-28T11:05:10.776-0400] {logging_mixin.py:190} INFO - [2025-04-28T11:05:10.775-0400] {dag.py:4180} INFO - Setting next_dagrun for example_bash_decorator to None, run_after=None
[2025-04-28T11:05:10.800-0400] {processor.py:208} INFO - Processing /home/aangava/MSP/airflow_venv/lib/python3.12/site-packages/airflow/example_dags/example_bash_decorator.py took 0.102 seconds
[2025-04-28T11:06:09.459-0400] {processor.py:186} INFO - Started process (PID=16361) to work on /home/aangava/MSP/airflow_venv/lib/python3.12/site-packages/airflow/example_dags/example_bash_decorator.py
[2025-04-28T11:06:09.470-0400] {processor.py:914} INFO - Processing file /home/aangava/MSP/airflow_venv/lib/python3.12/site-packages/airflow/example_dags/example_bash_decorator.py for tasks to queue
[2025-04-28T11:06:09.472-0400] {logging_mixin.py:190} INFO - [2025-04-28T11:06:09.472-0400] {dagbag.py:588} INFO - Filling up the DagBag from /home/aangava/MSP/airflow_venv/lib/python3.12/site-packages/airflow/example_dags/example_bash_decorator.py
[2025-04-28T11:06:09.497-0400] {processor.py:925} INFO - DAG(s) 'example_bash_decorator' retrieved from /home/aangava/MSP/airflow_venv/lib/python3.12/site-packages/airflow/example_dags/example_bash_decorator.py
[2025-04-28T11:06:09.528-0400] {logging_mixin.py:190} INFO - [2025-04-28T11:06:09.527-0400] {dag.py:3239} INFO - Sync 1 DAGs
[2025-04-28T11:06:09.544-0400] {logging_mixin.py:190} INFO - [2025-04-28T11:06:09.544-0400] {dag.py:4180} INFO - Setting next_dagrun for example_bash_decorator to None, run_after=None
[2025-04-28T11:06:09.573-0400] {processor.py:208} INFO - Processing /home/aangava/MSP/airflow_venv/lib/python3.12/site-packages/airflow/example_dags/example_bash_decorator.py took 0.124 seconds
[2025-04-28T11:07:09.047-0400] {processor.py:186} INFO - Started process (PID=16665) to work on /home/aangava/MSP/airflow_venv/lib/python3.12/site-packages/airflow/example_dags/example_bash_decorator.py
[2025-04-28T11:07:09.049-0400] {processor.py:914} INFO - Processing file /home/aangava/MSP/airflow_venv/lib/python3.12/site-packages/airflow/example_dags/example_bash_decorator.py for tasks to queue
[2025-04-28T11:07:09.051-0400] {logging_mixin.py:190} INFO - [2025-04-28T11:07:09.050-0400] {dagbag.py:588} INFO - Filling up the DagBag from /home/aangava/MSP/airflow_venv/lib/python3.12/site-packages/airflow/example_dags/example_bash_decorator.py
[2025-04-28T11:07:09.064-0400] {processor.py:925} INFO - DAG(s) 'example_bash_decorator' retrieved from /home/aangava/MSP/airflow_venv/lib/python3.12/site-packages/airflow/example_dags/example_bash_decorator.py
[2025-04-28T11:07:09.081-0400] {logging_mixin.py:190} INFO - [2025-04-28T11:07:09.081-0400] {dag.py:3239} INFO - Sync 1 DAGs
[2025-04-28T11:07:09.091-0400] {logging_mixin.py:190} INFO - [2025-04-28T11:07:09.091-0400] {dag.py:4180} INFO - Setting next_dagrun for example_bash_decorator to None, run_after=None
[2025-04-28T11:07:09.112-0400] {processor.py:208} INFO - Processing /home/aangava/MSP/airflow_venv/lib/python3.12/site-packages/airflow/example_dags/example_bash_decorator.py took 0.071 seconds
[2025-04-28T11:08:06.184-0400] {processor.py:186} INFO - Started process (PID=16960) to work on /home/aangava/MSP/airflow_venv/lib/python3.12/site-packages/airflow/example_dags/example_bash_decorator.py
[2025-04-28T11:08:06.186-0400] {processor.py:914} INFO - Processing file /home/aangava/MSP/airflow_venv/lib/python3.12/site-packages/airflow/example_dags/example_bash_decorator.py for tasks to queue
[2025-04-28T11:08:06.189-0400] {logging_mixin.py:190} INFO - [2025-04-28T11:08:06.188-0400] {dagbag.py:588} INFO - Filling up the DagBag from /home/aangava/MSP/airflow_venv/lib/python3.12/site-packages/airflow/example_dags/example_bash_decorator.py
[2025-04-28T11:08:06.206-0400] {processor.py:925} INFO - DAG(s) 'example_bash_decorator' retrieved from /home/aangava/MSP/airflow_venv/lib/python3.12/site-packages/airflow/example_dags/example_bash_decorator.py
[2025-04-28T11:08:06.226-0400] {logging_mixin.py:190} INFO - [2025-04-28T11:08:06.226-0400] {dag.py:3239} INFO - Sync 1 DAGs
[2025-04-28T11:08:06.240-0400] {logging_mixin.py:190} INFO - [2025-04-28T11:08:06.240-0400] {dag.py:4180} INFO - Setting next_dagrun for example_bash_decorator to None, run_after=None
[2025-04-28T11:08:06.264-0400] {processor.py:208} INFO - Processing /home/aangava/MSP/airflow_venv/lib/python3.12/site-packages/airflow/example_dags/example_bash_decorator.py took 0.090 seconds
[2025-04-28T11:09:04.632-0400] {processor.py:186} INFO - Started process (PID=17321) to work on /home/aangava/MSP/airflow_venv/lib/python3.12/site-packages/airflow/example_dags/example_bash_decorator.py
[2025-04-28T11:09:04.633-0400] {processor.py:914} INFO - Processing file /home/aangava/MSP/airflow_venv/lib/python3.12/site-packages/airflow/example_dags/example_bash_decorator.py for tasks to queue
[2025-04-28T11:09:04.634-0400] {logging_mixin.py:190} INFO - [2025-04-28T11:09:04.634-0400] {dagbag.py:588} INFO - Filling up the DagBag from /home/aangava/MSP/airflow_venv/lib/python3.12/site-packages/airflow/example_dags/example_bash_decorator.py
[2025-04-28T11:09:04.651-0400] {processor.py:925} INFO - DAG(s) 'example_bash_decorator' retrieved from /home/aangava/MSP/airflow_venv/lib/python3.12/site-packages/airflow/example_dags/example_bash_decorator.py
[2025-04-28T11:09:04.670-0400] {logging_mixin.py:190} INFO - [2025-04-28T11:09:04.670-0400] {dag.py:3239} INFO - Sync 1 DAGs
[2025-04-28T11:09:04.681-0400] {logging_mixin.py:190} INFO - [2025-04-28T11:09:04.681-0400] {dag.py:4180} INFO - Setting next_dagrun for example_bash_decorator to None, run_after=None
[2025-04-28T11:09:04.710-0400] {processor.py:208} INFO - Processing /home/aangava/MSP/airflow_venv/lib/python3.12/site-packages/airflow/example_dags/example_bash_decorator.py took 0.082 seconds
[2025-04-28T11:09:56.727-0400] {processor.py:186} INFO - Started process (PID=17656) to work on /home/aangava/MSP/airflow_venv/lib/python3.12/site-packages/airflow/example_dags/example_bash_decorator.py
[2025-04-28T11:09:56.729-0400] {processor.py:914} INFO - Processing file /home/aangava/MSP/airflow_venv/lib/python3.12/site-packages/airflow/example_dags/example_bash_decorator.py for tasks to queue
[2025-04-28T11:09:56.731-0400] {logging_mixin.py:190} INFO - [2025-04-28T11:09:56.730-0400] {dagbag.py:588} INFO - Filling up the DagBag from /home/aangava/MSP/airflow_venv/lib/python3.12/site-packages/airflow/example_dags/example_bash_decorator.py
[2025-04-28T11:09:56.740-0400] {processor.py:925} INFO - DAG(s) 'example_bash_decorator' retrieved from /home/aangava/MSP/airflow_venv/lib/python3.12/site-packages/airflow/example_dags/example_bash_decorator.py
[2025-04-28T11:09:56.753-0400] {logging_mixin.py:190} INFO - [2025-04-28T11:09:56.753-0400] {dag.py:3239} INFO - Sync 1 DAGs
[2025-04-28T11:09:56.762-0400] {logging_mixin.py:190} INFO - [2025-04-28T11:09:56.762-0400] {dag.py:4180} INFO - Setting next_dagrun for example_bash_decorator to None, run_after=None
[2025-04-28T11:09:56.779-0400] {processor.py:208} INFO - Processing /home/aangava/MSP/airflow_venv/lib/python3.12/site-packages/airflow/example_dags/example_bash_decorator.py took 0.060 seconds
[2025-04-28T11:11:17.007-0400] {processor.py:186} INFO - Started process (PID=18288) to work on /home/aangava/MSP/airflow_venv/lib/python3.12/site-packages/airflow/example_dags/example_bash_decorator.py
[2025-04-28T11:11:17.010-0400] {processor.py:914} INFO - Processing file /home/aangava/MSP/airflow_venv/lib/python3.12/site-packages/airflow/example_dags/example_bash_decorator.py for tasks to queue
[2025-04-28T11:11:17.013-0400] {logging_mixin.py:190} INFO - [2025-04-28T11:11:17.012-0400] {dagbag.py:588} INFO - Filling up the DagBag from /home/aangava/MSP/airflow_venv/lib/python3.12/site-packages/airflow/example_dags/example_bash_decorator.py
[2025-04-28T11:11:17.032-0400] {processor.py:925} INFO - DAG(s) 'example_bash_decorator' retrieved from /home/aangava/MSP/airflow_venv/lib/python3.12/site-packages/airflow/example_dags/example_bash_decorator.py
[2025-04-28T11:11:17.052-0400] {logging_mixin.py:190} INFO - [2025-04-28T11:11:17.051-0400] {dag.py:3239} INFO - Sync 1 DAGs
[2025-04-28T11:11:17.072-0400] {logging_mixin.py:190} INFO - [2025-04-28T11:11:17.071-0400] {dag.py:4180} INFO - Setting next_dagrun for example_bash_decorator to None, run_after=None
[2025-04-28T11:11:17.097-0400] {processor.py:208} INFO - Processing /home/aangava/MSP/airflow_venv/lib/python3.12/site-packages/airflow/example_dags/example_bash_decorator.py took 0.105 seconds
[2025-04-28T11:12:20.398-0400] {processor.py:186} INFO - Started process (PID=18719) to work on /home/aangava/MSP/airflow_venv/lib/python3.12/site-packages/airflow/example_dags/example_bash_decorator.py
[2025-04-28T11:12:20.408-0400] {processor.py:914} INFO - Processing file /home/aangava/MSP/airflow_venv/lib/python3.12/site-packages/airflow/example_dags/example_bash_decorator.py for tasks to queue
[2025-04-28T11:12:20.410-0400] {logging_mixin.py:190} INFO - [2025-04-28T11:12:20.410-0400] {dagbag.py:588} INFO - Filling up the DagBag from /home/aangava/MSP/airflow_venv/lib/python3.12/site-packages/airflow/example_dags/example_bash_decorator.py
[2025-04-28T11:12:20.420-0400] {processor.py:925} INFO - DAG(s) 'example_bash_decorator' retrieved from /home/aangava/MSP/airflow_venv/lib/python3.12/site-packages/airflow/example_dags/example_bash_decorator.py
[2025-04-28T11:12:20.432-0400] {logging_mixin.py:190} INFO - [2025-04-28T11:12:20.432-0400] {dag.py:3239} INFO - Sync 1 DAGs
[2025-04-28T11:12:20.440-0400] {logging_mixin.py:190} INFO - [2025-04-28T11:12:20.440-0400] {dag.py:4180} INFO - Setting next_dagrun for example_bash_decorator to None, run_after=None
[2025-04-28T11:12:20.458-0400] {processor.py:208} INFO - Processing /home/aangava/MSP/airflow_venv/lib/python3.12/site-packages/airflow/example_dags/example_bash_decorator.py took 0.066 seconds
[2025-04-28T11:13:19.725-0400] {processor.py:186} INFO - Started process (PID=19097) to work on /home/aangava/MSP/airflow_venv/lib/python3.12/site-packages/airflow/example_dags/example_bash_decorator.py
[2025-04-28T11:13:19.736-0400] {processor.py:914} INFO - Processing file /home/aangava/MSP/airflow_venv/lib/python3.12/site-packages/airflow/example_dags/example_bash_decorator.py for tasks to queue
[2025-04-28T11:13:19.739-0400] {logging_mixin.py:190} INFO - [2025-04-28T11:13:19.738-0400] {dagbag.py:588} INFO - Filling up the DagBag from /home/aangava/MSP/airflow_venv/lib/python3.12/site-packages/airflow/example_dags/example_bash_decorator.py
[2025-04-28T11:13:19.761-0400] {processor.py:925} INFO - DAG(s) 'example_bash_decorator' retrieved from /home/aangava/MSP/airflow_venv/lib/python3.12/site-packages/airflow/example_dags/example_bash_decorator.py
[2025-04-28T11:13:19.783-0400] {logging_mixin.py:190} INFO - [2025-04-28T11:13:19.782-0400] {dag.py:3239} INFO - Sync 1 DAGs
[2025-04-28T11:13:19.797-0400] {logging_mixin.py:190} INFO - [2025-04-28T11:13:19.797-0400] {dag.py:4180} INFO - Setting next_dagrun for example_bash_decorator to None, run_after=None
[2025-04-28T11:13:19.828-0400] {processor.py:208} INFO - Processing /home/aangava/MSP/airflow_venv/lib/python3.12/site-packages/airflow/example_dags/example_bash_decorator.py took 0.113 seconds
[2025-04-28T11:14:24.940-0400] {processor.py:186} INFO - Started process (PID=19553) to work on /home/aangava/MSP/airflow_venv/lib/python3.12/site-packages/airflow/example_dags/example_bash_decorator.py
[2025-04-28T11:14:24.942-0400] {processor.py:914} INFO - Processing file /home/aangava/MSP/airflow_venv/lib/python3.12/site-packages/airflow/example_dags/example_bash_decorator.py for tasks to queue
[2025-04-28T11:14:24.945-0400] {logging_mixin.py:190} INFO - [2025-04-28T11:14:24.944-0400] {dagbag.py:588} INFO - Filling up the DagBag from /home/aangava/MSP/airflow_venv/lib/python3.12/site-packages/airflow/example_dags/example_bash_decorator.py
[2025-04-28T11:14:24.968-0400] {processor.py:925} INFO - DAG(s) 'example_bash_decorator' retrieved from /home/aangava/MSP/airflow_venv/lib/python3.12/site-packages/airflow/example_dags/example_bash_decorator.py
[2025-04-28T11:14:24.989-0400] {logging_mixin.py:190} INFO - [2025-04-28T11:14:24.989-0400] {dag.py:3239} INFO - Sync 1 DAGs
[2025-04-28T11:14:25.004-0400] {logging_mixin.py:190} INFO - [2025-04-28T11:14:25.004-0400] {dag.py:4180} INFO - Setting next_dagrun for example_bash_decorator to None, run_after=None
[2025-04-28T11:14:25.035-0400] {processor.py:208} INFO - Processing /home/aangava/MSP/airflow_venv/lib/python3.12/site-packages/airflow/example_dags/example_bash_decorator.py took 0.105 seconds
[2025-04-28T11:15:28.655-0400] {processor.py:186} INFO - Started process (PID=19967) to work on /home/aangava/MSP/airflow_venv/lib/python3.12/site-packages/airflow/example_dags/example_bash_decorator.py
[2025-04-28T11:15:28.666-0400] {processor.py:914} INFO - Processing file /home/aangava/MSP/airflow_venv/lib/python3.12/site-packages/airflow/example_dags/example_bash_decorator.py for tasks to queue
[2025-04-28T11:15:28.670-0400] {logging_mixin.py:190} INFO - [2025-04-28T11:15:28.669-0400] {dagbag.py:588} INFO - Filling up the DagBag from /home/aangava/MSP/airflow_venv/lib/python3.12/site-packages/airflow/example_dags/example_bash_decorator.py
[2025-04-28T11:15:28.692-0400] {processor.py:925} INFO - DAG(s) 'example_bash_decorator' retrieved from /home/aangava/MSP/airflow_venv/lib/python3.12/site-packages/airflow/example_dags/example_bash_decorator.py
[2025-04-28T11:15:28.714-0400] {logging_mixin.py:190} INFO - [2025-04-28T11:15:28.714-0400] {dag.py:3239} INFO - Sync 1 DAGs
[2025-04-28T11:15:28.731-0400] {logging_mixin.py:190} INFO - [2025-04-28T11:15:28.731-0400] {dag.py:4180} INFO - Setting next_dagrun for example_bash_decorator to None, run_after=None
[2025-04-28T11:15:28.757-0400] {processor.py:208} INFO - Processing /home/aangava/MSP/airflow_venv/lib/python3.12/site-packages/airflow/example_dags/example_bash_decorator.py took 0.114 seconds
[2025-04-28T11:16:31.296-0400] {processor.py:186} INFO - Started process (PID=20373) to work on /home/aangava/MSP/airflow_venv/lib/python3.12/site-packages/airflow/example_dags/example_bash_decorator.py
[2025-04-28T11:16:31.298-0400] {processor.py:914} INFO - Processing file /home/aangava/MSP/airflow_venv/lib/python3.12/site-packages/airflow/example_dags/example_bash_decorator.py for tasks to queue
[2025-04-28T11:16:31.299-0400] {logging_mixin.py:190} INFO - [2025-04-28T11:16:31.299-0400] {dagbag.py:588} INFO - Filling up the DagBag from /home/aangava/MSP/airflow_venv/lib/python3.12/site-packages/airflow/example_dags/example_bash_decorator.py
[2025-04-28T11:16:31.311-0400] {processor.py:925} INFO - DAG(s) 'example_bash_decorator' retrieved from /home/aangava/MSP/airflow_venv/lib/python3.12/site-packages/airflow/example_dags/example_bash_decorator.py
[2025-04-28T11:16:31.325-0400] {logging_mixin.py:190} INFO - [2025-04-28T11:16:31.325-0400] {dag.py:3239} INFO - Sync 1 DAGs
[2025-04-28T11:16:31.334-0400] {logging_mixin.py:190} INFO - [2025-04-28T11:16:31.334-0400] {dag.py:4180} INFO - Setting next_dagrun for example_bash_decorator to None, run_after=None
[2025-04-28T11:16:31.355-0400] {processor.py:208} INFO - Processing /home/aangava/MSP/airflow_venv/lib/python3.12/site-packages/airflow/example_dags/example_bash_decorator.py took 0.067 seconds
[2025-04-28T11:17:30.816-0400] {processor.py:186} INFO - Started process (PID=20826) to work on /home/aangava/MSP/airflow_venv/lib/python3.12/site-packages/airflow/example_dags/example_bash_decorator.py
[2025-04-28T11:17:30.827-0400] {processor.py:914} INFO - Processing file /home/aangava/MSP/airflow_venv/lib/python3.12/site-packages/airflow/example_dags/example_bash_decorator.py for tasks to queue
[2025-04-28T11:17:30.829-0400] {logging_mixin.py:190} INFO - [2025-04-28T11:17:30.829-0400] {dagbag.py:588} INFO - Filling up the DagBag from /home/aangava/MSP/airflow_venv/lib/python3.12/site-packages/airflow/example_dags/example_bash_decorator.py
[2025-04-28T11:17:30.844-0400] {processor.py:925} INFO - DAG(s) 'example_bash_decorator' retrieved from /home/aangava/MSP/airflow_venv/lib/python3.12/site-packages/airflow/example_dags/example_bash_decorator.py
[2025-04-28T11:17:30.861-0400] {logging_mixin.py:190} INFO - [2025-04-28T11:17:30.861-0400] {dag.py:3239} INFO - Sync 1 DAGs
[2025-04-28T11:17:30.871-0400] {logging_mixin.py:190} INFO - [2025-04-28T11:17:30.871-0400] {dag.py:4180} INFO - Setting next_dagrun for example_bash_decorator to None, run_after=None
[2025-04-28T11:17:30.892-0400] {processor.py:208} INFO - Processing /home/aangava/MSP/airflow_venv/lib/python3.12/site-packages/airflow/example_dags/example_bash_decorator.py took 0.080 seconds
[2025-04-28T11:18:35.747-0400] {processor.py:186} INFO - Started process (PID=21395) to work on /home/aangava/MSP/airflow_venv/lib/python3.12/site-packages/airflow/example_dags/example_bash_decorator.py
[2025-04-28T11:18:35.748-0400] {processor.py:914} INFO - Processing file /home/aangava/MSP/airflow_venv/lib/python3.12/site-packages/airflow/example_dags/example_bash_decorator.py for tasks to queue
[2025-04-28T11:18:35.750-0400] {logging_mixin.py:190} INFO - [2025-04-28T11:18:35.750-0400] {dagbag.py:588} INFO - Filling up the DagBag from /home/aangava/MSP/airflow_venv/lib/python3.12/site-packages/airflow/example_dags/example_bash_decorator.py
[2025-04-28T11:18:35.769-0400] {processor.py:925} INFO - DAG(s) 'example_bash_decorator' retrieved from /home/aangava/MSP/airflow_venv/lib/python3.12/site-packages/airflow/example_dags/example_bash_decorator.py
[2025-04-28T11:18:35.789-0400] {logging_mixin.py:190} INFO - [2025-04-28T11:18:35.789-0400] {dag.py:3239} INFO - Sync 1 DAGs
[2025-04-28T11:18:35.805-0400] {logging_mixin.py:190} INFO - [2025-04-28T11:18:35.805-0400] {dag.py:4180} INFO - Setting next_dagrun for example_bash_decorator to None, run_after=None
[2025-04-28T11:18:35.826-0400] {processor.py:208} INFO - Processing /home/aangava/MSP/airflow_venv/lib/python3.12/site-packages/airflow/example_dags/example_bash_decorator.py took 0.088 seconds
[2025-04-28T11:19:33.183-0400] {processor.py:186} INFO - Started process (PID=21651) to work on /home/aangava/MSP/airflow_venv/lib/python3.12/site-packages/airflow/example_dags/example_bash_decorator.py
[2025-04-28T11:19:33.193-0400] {processor.py:914} INFO - Processing file /home/aangava/MSP/airflow_venv/lib/python3.12/site-packages/airflow/example_dags/example_bash_decorator.py for tasks to queue
[2025-04-28T11:19:33.195-0400] {logging_mixin.py:190} INFO - [2025-04-28T11:19:33.195-0400] {dagbag.py:588} INFO - Filling up the DagBag from /home/aangava/MSP/airflow_venv/lib/python3.12/site-packages/airflow/example_dags/example_bash_decorator.py
[2025-04-28T11:19:33.213-0400] {processor.py:925} INFO - DAG(s) 'example_bash_decorator' retrieved from /home/aangava/MSP/airflow_venv/lib/python3.12/site-packages/airflow/example_dags/example_bash_decorator.py
[2025-04-28T11:19:33.230-0400] {logging_mixin.py:190} INFO - [2025-04-28T11:19:33.230-0400] {dag.py:3239} INFO - Sync 1 DAGs
[2025-04-28T11:19:33.242-0400] {logging_mixin.py:190} INFO - [2025-04-28T11:19:33.242-0400] {dag.py:4180} INFO - Setting next_dagrun for example_bash_decorator to None, run_after=None
[2025-04-28T11:19:33.264-0400] {processor.py:208} INFO - Processing /home/aangava/MSP/airflow_venv/lib/python3.12/site-packages/airflow/example_dags/example_bash_decorator.py took 0.087 seconds
[2025-04-28T11:20:32.255-0400] {processor.py:186} INFO - Started process (PID=21967) to work on /home/aangava/MSP/airflow_venv/lib/python3.12/site-packages/airflow/example_dags/example_bash_decorator.py
[2025-04-28T11:20:32.256-0400] {processor.py:914} INFO - Processing file /home/aangava/MSP/airflow_venv/lib/python3.12/site-packages/airflow/example_dags/example_bash_decorator.py for tasks to queue
[2025-04-28T11:20:32.258-0400] {logging_mixin.py:190} INFO - [2025-04-28T11:20:32.258-0400] {dagbag.py:588} INFO - Filling up the DagBag from /home/aangava/MSP/airflow_venv/lib/python3.12/site-packages/airflow/example_dags/example_bash_decorator.py
[2025-04-28T11:20:32.276-0400] {processor.py:925} INFO - DAG(s) 'example_bash_decorator' retrieved from /home/aangava/MSP/airflow_venv/lib/python3.12/site-packages/airflow/example_dags/example_bash_decorator.py
[2025-04-28T11:20:32.296-0400] {logging_mixin.py:190} INFO - [2025-04-28T11:20:32.295-0400] {dag.py:3239} INFO - Sync 1 DAGs
[2025-04-28T11:20:32.309-0400] {logging_mixin.py:190} INFO - [2025-04-28T11:20:32.308-0400] {dag.py:4180} INFO - Setting next_dagrun for example_bash_decorator to None, run_after=None
[2025-04-28T11:20:32.327-0400] {processor.py:208} INFO - Processing /home/aangava/MSP/airflow_venv/lib/python3.12/site-packages/airflow/example_dags/example_bash_decorator.py took 0.081 seconds
[2025-04-28T11:21:33.276-0400] {processor.py:186} INFO - Started process (PID=22347) to work on /home/aangava/MSP/airflow_venv/lib/python3.12/site-packages/airflow/example_dags/example_bash_decorator.py
[2025-04-28T11:21:33.278-0400] {processor.py:914} INFO - Processing file /home/aangava/MSP/airflow_venv/lib/python3.12/site-packages/airflow/example_dags/example_bash_decorator.py for tasks to queue
[2025-04-28T11:21:33.281-0400] {logging_mixin.py:190} INFO - [2025-04-28T11:21:33.281-0400] {dagbag.py:588} INFO - Filling up the DagBag from /home/aangava/MSP/airflow_venv/lib/python3.12/site-packages/airflow/example_dags/example_bash_decorator.py
[2025-04-28T11:21:33.305-0400] {processor.py:925} INFO - DAG(s) 'example_bash_decorator' retrieved from /home/aangava/MSP/airflow_venv/lib/python3.12/site-packages/airflow/example_dags/example_bash_decorator.py
[2025-04-28T11:21:33.333-0400] {logging_mixin.py:190} INFO - [2025-04-28T11:21:33.333-0400] {dag.py:3239} INFO - Sync 1 DAGs
[2025-04-28T11:21:33.348-0400] {logging_mixin.py:190} INFO - [2025-04-28T11:21:33.348-0400] {dag.py:4180} INFO - Setting next_dagrun for example_bash_decorator to None, run_after=None
[2025-04-28T11:21:33.373-0400] {processor.py:208} INFO - Processing /home/aangava/MSP/airflow_venv/lib/python3.12/site-packages/airflow/example_dags/example_bash_decorator.py took 0.106 seconds
[2025-04-28T11:22:35.818-0400] {processor.py:186} INFO - Started process (PID=23079) to work on /home/aangava/MSP/airflow_venv/lib/python3.12/site-packages/airflow/example_dags/example_bash_decorator.py
[2025-04-28T11:22:35.820-0400] {processor.py:914} INFO - Processing file /home/aangava/MSP/airflow_venv/lib/python3.12/site-packages/airflow/example_dags/example_bash_decorator.py for tasks to queue
[2025-04-28T11:22:35.822-0400] {logging_mixin.py:190} INFO - [2025-04-28T11:22:35.822-0400] {dagbag.py:588} INFO - Filling up the DagBag from /home/aangava/MSP/airflow_venv/lib/python3.12/site-packages/airflow/example_dags/example_bash_decorator.py
[2025-04-28T11:22:35.844-0400] {processor.py:925} INFO - DAG(s) 'example_bash_decorator' retrieved from /home/aangava/MSP/airflow_venv/lib/python3.12/site-packages/airflow/example_dags/example_bash_decorator.py
[2025-04-28T11:22:35.866-0400] {logging_mixin.py:190} INFO - [2025-04-28T11:22:35.866-0400] {dag.py:3239} INFO - Sync 1 DAGs
[2025-04-28T11:22:35.883-0400] {logging_mixin.py:190} INFO - [2025-04-28T11:22:35.882-0400] {dag.py:4180} INFO - Setting next_dagrun for example_bash_decorator to None, run_after=None
[2025-04-28T11:22:35.911-0400] {processor.py:208} INFO - Processing /home/aangava/MSP/airflow_venv/lib/python3.12/site-packages/airflow/example_dags/example_bash_decorator.py took 0.105 seconds
[2025-04-28T11:23:39.473-0400] {processor.py:186} INFO - Started process (PID=23393) to work on /home/aangava/MSP/airflow_venv/lib/python3.12/site-packages/airflow/example_dags/example_bash_decorator.py
[2025-04-28T11:23:39.484-0400] {processor.py:914} INFO - Processing file /home/aangava/MSP/airflow_venv/lib/python3.12/site-packages/airflow/example_dags/example_bash_decorator.py for tasks to queue
[2025-04-28T11:23:39.485-0400] {logging_mixin.py:190} INFO - [2025-04-28T11:23:39.485-0400] {dagbag.py:588} INFO - Filling up the DagBag from /home/aangava/MSP/airflow_venv/lib/python3.12/site-packages/airflow/example_dags/example_bash_decorator.py
[2025-04-28T11:23:39.505-0400] {processor.py:925} INFO - DAG(s) 'example_bash_decorator' retrieved from /home/aangava/MSP/airflow_venv/lib/python3.12/site-packages/airflow/example_dags/example_bash_decorator.py
[2025-04-28T11:23:39.523-0400] {logging_mixin.py:190} INFO - [2025-04-28T11:23:39.523-0400] {dag.py:3239} INFO - Sync 1 DAGs
[2025-04-28T11:23:39.532-0400] {logging_mixin.py:190} INFO - [2025-04-28T11:23:39.532-0400] {dag.py:4180} INFO - Setting next_dagrun for example_bash_decorator to None, run_after=None
[2025-04-28T11:23:39.547-0400] {processor.py:208} INFO - Processing /home/aangava/MSP/airflow_venv/lib/python3.12/site-packages/airflow/example_dags/example_bash_decorator.py took 0.078 seconds
[2025-04-28T11:24:43.391-0400] {processor.py:186} INFO - Started process (PID=23692) to work on /home/aangava/MSP/airflow_venv/lib/python3.12/site-packages/airflow/example_dags/example_bash_decorator.py
[2025-04-28T11:24:43.392-0400] {processor.py:914} INFO - Processing file /home/aangava/MSP/airflow_venv/lib/python3.12/site-packages/airflow/example_dags/example_bash_decorator.py for tasks to queue
[2025-04-28T11:24:43.393-0400] {logging_mixin.py:190} INFO - [2025-04-28T11:24:43.393-0400] {dagbag.py:588} INFO - Filling up the DagBag from /home/aangava/MSP/airflow_venv/lib/python3.12/site-packages/airflow/example_dags/example_bash_decorator.py
[2025-04-28T11:24:43.404-0400] {processor.py:925} INFO - DAG(s) 'example_bash_decorator' retrieved from /home/aangava/MSP/airflow_venv/lib/python3.12/site-packages/airflow/example_dags/example_bash_decorator.py
[2025-04-28T11:24:43.416-0400] {logging_mixin.py:190} INFO - [2025-04-28T11:24:43.416-0400] {dag.py:3239} INFO - Sync 1 DAGs
[2025-04-28T11:24:43.425-0400] {logging_mixin.py:190} INFO - [2025-04-28T11:24:43.425-0400] {dag.py:4180} INFO - Setting next_dagrun for example_bash_decorator to None, run_after=None
[2025-04-28T11:24:43.437-0400] {processor.py:208} INFO - Processing /home/aangava/MSP/airflow_venv/lib/python3.12/site-packages/airflow/example_dags/example_bash_decorator.py took 0.051 seconds
[2025-04-28T11:25:39.208-0400] {processor.py:186} INFO - Started process (PID=23958) to work on /home/aangava/MSP/airflow_venv/lib/python3.12/site-packages/airflow/example_dags/example_bash_decorator.py
[2025-04-28T11:25:39.210-0400] {processor.py:914} INFO - Processing file /home/aangava/MSP/airflow_venv/lib/python3.12/site-packages/airflow/example_dags/example_bash_decorator.py for tasks to queue
[2025-04-28T11:25:39.212-0400] {logging_mixin.py:190} INFO - [2025-04-28T11:25:39.211-0400] {dagbag.py:588} INFO - Filling up the DagBag from /home/aangava/MSP/airflow_venv/lib/python3.12/site-packages/airflow/example_dags/example_bash_decorator.py
[2025-04-28T11:25:39.223-0400] {processor.py:925} INFO - DAG(s) 'example_bash_decorator' retrieved from /home/aangava/MSP/airflow_venv/lib/python3.12/site-packages/airflow/example_dags/example_bash_decorator.py
[2025-04-28T11:25:39.237-0400] {logging_mixin.py:190} INFO - [2025-04-28T11:25:39.237-0400] {dag.py:3239} INFO - Sync 1 DAGs
[2025-04-28T11:25:39.245-0400] {logging_mixin.py:190} INFO - [2025-04-28T11:25:39.245-0400] {dag.py:4180} INFO - Setting next_dagrun for example_bash_decorator to None, run_after=None
[2025-04-28T11:25:39.257-0400] {processor.py:208} INFO - Processing /home/aangava/MSP/airflow_venv/lib/python3.12/site-packages/airflow/example_dags/example_bash_decorator.py took 0.054 seconds
[2025-04-28T11:26:31.246-0400] {processor.py:186} INFO - Started process (PID=24222) to work on /home/aangava/MSP/airflow_venv/lib/python3.12/site-packages/airflow/example_dags/example_bash_decorator.py
[2025-04-28T11:26:31.256-0400] {processor.py:914} INFO - Processing file /home/aangava/MSP/airflow_venv/lib/python3.12/site-packages/airflow/example_dags/example_bash_decorator.py for tasks to queue
[2025-04-28T11:26:31.258-0400] {logging_mixin.py:190} INFO - [2025-04-28T11:26:31.258-0400] {dagbag.py:588} INFO - Filling up the DagBag from /home/aangava/MSP/airflow_venv/lib/python3.12/site-packages/airflow/example_dags/example_bash_decorator.py
[2025-04-28T11:26:31.268-0400] {processor.py:925} INFO - DAG(s) 'example_bash_decorator' retrieved from /home/aangava/MSP/airflow_venv/lib/python3.12/site-packages/airflow/example_dags/example_bash_decorator.py
[2025-04-28T11:26:31.281-0400] {logging_mixin.py:190} INFO - [2025-04-28T11:26:31.281-0400] {dag.py:3239} INFO - Sync 1 DAGs
[2025-04-28T11:26:31.291-0400] {logging_mixin.py:190} INFO - [2025-04-28T11:26:31.291-0400] {dag.py:4180} INFO - Setting next_dagrun for example_bash_decorator to None, run_after=None
[2025-04-28T11:26:31.307-0400] {processor.py:208} INFO - Processing /home/aangava/MSP/airflow_venv/lib/python3.12/site-packages/airflow/example_dags/example_bash_decorator.py took 0.066 seconds
[2025-04-28T11:27:32.322-0400] {processor.py:186} INFO - Started process (PID=24803) to work on /home/aangava/MSP/airflow_venv/lib/python3.12/site-packages/airflow/example_dags/example_bash_decorator.py
[2025-04-28T11:27:32.332-0400] {processor.py:914} INFO - Processing file /home/aangava/MSP/airflow_venv/lib/python3.12/site-packages/airflow/example_dags/example_bash_decorator.py for tasks to queue
[2025-04-28T11:27:32.333-0400] {logging_mixin.py:190} INFO - [2025-04-28T11:27:32.333-0400] {dagbag.py:588} INFO - Filling up the DagBag from /home/aangava/MSP/airflow_venv/lib/python3.12/site-packages/airflow/example_dags/example_bash_decorator.py
[2025-04-28T11:27:32.344-0400] {processor.py:925} INFO - DAG(s) 'example_bash_decorator' retrieved from /home/aangava/MSP/airflow_venv/lib/python3.12/site-packages/airflow/example_dags/example_bash_decorator.py
[2025-04-28T11:27:32.355-0400] {logging_mixin.py:190} INFO - [2025-04-28T11:27:32.355-0400] {dag.py:3239} INFO - Sync 1 DAGs
[2025-04-28T11:27:32.363-0400] {logging_mixin.py:190} INFO - [2025-04-28T11:27:32.362-0400] {dag.py:4180} INFO - Setting next_dagrun for example_bash_decorator to None, run_after=None
[2025-04-28T11:27:32.378-0400] {processor.py:208} INFO - Processing /home/aangava/MSP/airflow_venv/lib/python3.12/site-packages/airflow/example_dags/example_bash_decorator.py took 0.060 seconds
[2025-04-28T11:28:30.504-0400] {processor.py:186} INFO - Started process (PID=25222) to work on /home/aangava/MSP/airflow_venv/lib/python3.12/site-packages/airflow/example_dags/example_bash_decorator.py
[2025-04-28T11:28:30.506-0400] {processor.py:914} INFO - Processing file /home/aangava/MSP/airflow_venv/lib/python3.12/site-packages/airflow/example_dags/example_bash_decorator.py for tasks to queue
[2025-04-28T11:28:30.507-0400] {logging_mixin.py:190} INFO - [2025-04-28T11:28:30.507-0400] {dagbag.py:588} INFO - Filling up the DagBag from /home/aangava/MSP/airflow_venv/lib/python3.12/site-packages/airflow/example_dags/example_bash_decorator.py
[2025-04-28T11:28:30.518-0400] {processor.py:925} INFO - DAG(s) 'example_bash_decorator' retrieved from /home/aangava/MSP/airflow_venv/lib/python3.12/site-packages/airflow/example_dags/example_bash_decorator.py
[2025-04-28T11:28:30.532-0400] {logging_mixin.py:190} INFO - [2025-04-28T11:28:30.532-0400] {dag.py:3239} INFO - Sync 1 DAGs
[2025-04-28T11:28:30.542-0400] {logging_mixin.py:190} INFO - [2025-04-28T11:28:30.541-0400] {dag.py:4180} INFO - Setting next_dagrun for example_bash_decorator to None, run_after=None
[2025-04-28T11:28:30.558-0400] {processor.py:208} INFO - Processing /home/aangava/MSP/airflow_venv/lib/python3.12/site-packages/airflow/example_dags/example_bash_decorator.py took 0.059 seconds
[2025-04-28T11:29:38.181-0400] {processor.py:186} INFO - Started process (PID=25955) to work on /home/aangava/MSP/airflow_venv/lib/python3.12/site-packages/airflow/example_dags/example_bash_decorator.py
[2025-04-28T11:29:38.183-0400] {processor.py:914} INFO - Processing file /home/aangava/MSP/airflow_venv/lib/python3.12/site-packages/airflow/example_dags/example_bash_decorator.py for tasks to queue
[2025-04-28T11:29:38.184-0400] {logging_mixin.py:190} INFO - [2025-04-28T11:29:38.184-0400] {dagbag.py:588} INFO - Filling up the DagBag from /home/aangava/MSP/airflow_venv/lib/python3.12/site-packages/airflow/example_dags/example_bash_decorator.py
[2025-04-28T11:29:38.194-0400] {processor.py:925} INFO - DAG(s) 'example_bash_decorator' retrieved from /home/aangava/MSP/airflow_venv/lib/python3.12/site-packages/airflow/example_dags/example_bash_decorator.py
[2025-04-28T11:29:38.207-0400] {logging_mixin.py:190} INFO - [2025-04-28T11:29:38.206-0400] {dag.py:3239} INFO - Sync 1 DAGs
[2025-04-28T11:29:38.216-0400] {logging_mixin.py:190} INFO - [2025-04-28T11:29:38.216-0400] {dag.py:4180} INFO - Setting next_dagrun for example_bash_decorator to None, run_after=None
[2025-04-28T11:29:38.232-0400] {processor.py:208} INFO - Processing /home/aangava/MSP/airflow_venv/lib/python3.12/site-packages/airflow/example_dags/example_bash_decorator.py took 0.056 seconds
[2025-04-28T11:30:42.022-0400] {processor.py:186} INFO - Started process (PID=26262) to work on /home/aangava/MSP/airflow_venv/lib/python3.12/site-packages/airflow/example_dags/example_bash_decorator.py
[2025-04-28T11:30:42.023-0400] {processor.py:914} INFO - Processing file /home/aangava/MSP/airflow_venv/lib/python3.12/site-packages/airflow/example_dags/example_bash_decorator.py for tasks to queue
[2025-04-28T11:30:42.025-0400] {logging_mixin.py:190} INFO - [2025-04-28T11:30:42.024-0400] {dagbag.py:588} INFO - Filling up the DagBag from /home/aangava/MSP/airflow_venv/lib/python3.12/site-packages/airflow/example_dags/example_bash_decorator.py
[2025-04-28T11:30:42.035-0400] {processor.py:925} INFO - DAG(s) 'example_bash_decorator' retrieved from /home/aangava/MSP/airflow_venv/lib/python3.12/site-packages/airflow/example_dags/example_bash_decorator.py
[2025-04-28T11:30:42.047-0400] {logging_mixin.py:190} INFO - [2025-04-28T11:30:42.046-0400] {dag.py:3239} INFO - Sync 1 DAGs
[2025-04-28T11:30:42.055-0400] {logging_mixin.py:190} INFO - [2025-04-28T11:30:42.055-0400] {dag.py:4180} INFO - Setting next_dagrun for example_bash_decorator to None, run_after=None
[2025-04-28T11:30:42.068-0400] {processor.py:208} INFO - Processing /home/aangava/MSP/airflow_venv/lib/python3.12/site-packages/airflow/example_dags/example_bash_decorator.py took 0.052 seconds
[2025-04-28T11:31:33.422-0400] {processor.py:186} INFO - Started process (PID=26488) to work on /home/aangava/MSP/airflow_venv/lib/python3.12/site-packages/airflow/example_dags/example_bash_decorator.py
[2025-04-28T11:31:33.432-0400] {processor.py:914} INFO - Processing file /home/aangava/MSP/airflow_venv/lib/python3.12/site-packages/airflow/example_dags/example_bash_decorator.py for tasks to queue
[2025-04-28T11:31:33.433-0400] {logging_mixin.py:190} INFO - [2025-04-28T11:31:33.433-0400] {dagbag.py:588} INFO - Filling up the DagBag from /home/aangava/MSP/airflow_venv/lib/python3.12/site-packages/airflow/example_dags/example_bash_decorator.py
[2025-04-28T11:31:33.443-0400] {processor.py:925} INFO - DAG(s) 'example_bash_decorator' retrieved from /home/aangava/MSP/airflow_venv/lib/python3.12/site-packages/airflow/example_dags/example_bash_decorator.py
[2025-04-28T11:31:33.457-0400] {logging_mixin.py:190} INFO - [2025-04-28T11:31:33.457-0400] {dag.py:3239} INFO - Sync 1 DAGs
[2025-04-28T11:31:33.466-0400] {logging_mixin.py:190} INFO - [2025-04-28T11:31:33.465-0400] {dag.py:4180} INFO - Setting next_dagrun for example_bash_decorator to None, run_after=None
[2025-04-28T11:31:33.480-0400] {processor.py:208} INFO - Processing /home/aangava/MSP/airflow_venv/lib/python3.12/site-packages/airflow/example_dags/example_bash_decorator.py took 0.063 seconds
[2025-04-28T11:32:27.584-0400] {processor.py:186} INFO - Started process (PID=26749) to work on /home/aangava/MSP/airflow_venv/lib/python3.12/site-packages/airflow/example_dags/example_bash_decorator.py
[2025-04-28T11:32:27.585-0400] {processor.py:914} INFO - Processing file /home/aangava/MSP/airflow_venv/lib/python3.12/site-packages/airflow/example_dags/example_bash_decorator.py for tasks to queue
[2025-04-28T11:32:27.586-0400] {logging_mixin.py:190} INFO - [2025-04-28T11:32:27.586-0400] {dagbag.py:588} INFO - Filling up the DagBag from /home/aangava/MSP/airflow_venv/lib/python3.12/site-packages/airflow/example_dags/example_bash_decorator.py
[2025-04-28T11:32:27.598-0400] {processor.py:925} INFO - DAG(s) 'example_bash_decorator' retrieved from /home/aangava/MSP/airflow_venv/lib/python3.12/site-packages/airflow/example_dags/example_bash_decorator.py
[2025-04-28T11:32:27.612-0400] {logging_mixin.py:190} INFO - [2025-04-28T11:32:27.612-0400] {dag.py:3239} INFO - Sync 1 DAGs
[2025-04-28T11:32:27.621-0400] {logging_mixin.py:190} INFO - [2025-04-28T11:32:27.621-0400] {dag.py:4180} INFO - Setting next_dagrun for example_bash_decorator to None, run_after=None
[2025-04-28T11:32:27.637-0400] {processor.py:208} INFO - Processing /home/aangava/MSP/airflow_venv/lib/python3.12/site-packages/airflow/example_dags/example_bash_decorator.py took 0.059 seconds
[2025-04-28T11:33:22.053-0400] {processor.py:186} INFO - Started process (PID=27076) to work on /home/aangava/MSP/airflow_venv/lib/python3.12/site-packages/airflow/example_dags/example_bash_decorator.py
[2025-04-28T11:33:22.055-0400] {processor.py:914} INFO - Processing file /home/aangava/MSP/airflow_venv/lib/python3.12/site-packages/airflow/example_dags/example_bash_decorator.py for tasks to queue
[2025-04-28T11:33:22.057-0400] {logging_mixin.py:190} INFO - [2025-04-28T11:33:22.056-0400] {dagbag.py:588} INFO - Filling up the DagBag from /home/aangava/MSP/airflow_venv/lib/python3.12/site-packages/airflow/example_dags/example_bash_decorator.py
[2025-04-28T11:33:22.066-0400] {processor.py:925} INFO - DAG(s) 'example_bash_decorator' retrieved from /home/aangava/MSP/airflow_venv/lib/python3.12/site-packages/airflow/example_dags/example_bash_decorator.py
[2025-04-28T11:33:22.078-0400] {logging_mixin.py:190} INFO - [2025-04-28T11:33:22.078-0400] {dag.py:3239} INFO - Sync 1 DAGs
[2025-04-28T11:33:22.086-0400] {logging_mixin.py:190} INFO - [2025-04-28T11:33:22.086-0400] {dag.py:4180} INFO - Setting next_dagrun for example_bash_decorator to None, run_after=None
[2025-04-28T11:33:22.099-0400] {processor.py:208} INFO - Processing /home/aangava/MSP/airflow_venv/lib/python3.12/site-packages/airflow/example_dags/example_bash_decorator.py took 0.051 seconds
[2025-04-28T11:34:14.873-0400] {processor.py:186} INFO - Started process (PID=27426) to work on /home/aangava/MSP/airflow_venv/lib/python3.12/site-packages/airflow/example_dags/example_bash_decorator.py
[2025-04-28T11:34:14.874-0400] {processor.py:914} INFO - Processing file /home/aangava/MSP/airflow_venv/lib/python3.12/site-packages/airflow/example_dags/example_bash_decorator.py for tasks to queue
[2025-04-28T11:34:14.876-0400] {logging_mixin.py:190} INFO - [2025-04-28T11:34:14.875-0400] {dagbag.py:588} INFO - Filling up the DagBag from /home/aangava/MSP/airflow_venv/lib/python3.12/site-packages/airflow/example_dags/example_bash_decorator.py
[2025-04-28T11:34:14.887-0400] {processor.py:925} INFO - DAG(s) 'example_bash_decorator' retrieved from /home/aangava/MSP/airflow_venv/lib/python3.12/site-packages/airflow/example_dags/example_bash_decorator.py
[2025-04-28T11:34:14.898-0400] {logging_mixin.py:190} INFO - [2025-04-28T11:34:14.898-0400] {dag.py:3239} INFO - Sync 1 DAGs
[2025-04-28T11:34:14.906-0400] {logging_mixin.py:190} INFO - [2025-04-28T11:34:14.906-0400] {dag.py:4180} INFO - Setting next_dagrun for example_bash_decorator to None, run_after=None
[2025-04-28T11:34:14.921-0400] {processor.py:208} INFO - Processing /home/aangava/MSP/airflow_venv/lib/python3.12/site-packages/airflow/example_dags/example_bash_decorator.py took 0.053 seconds
[2025-04-28T11:35:06.641-0400] {processor.py:186} INFO - Started process (PID=27766) to work on /home/aangava/MSP/airflow_venv/lib/python3.12/site-packages/airflow/example_dags/example_bash_decorator.py
[2025-04-28T11:35:06.651-0400] {processor.py:914} INFO - Processing file /home/aangava/MSP/airflow_venv/lib/python3.12/site-packages/airflow/example_dags/example_bash_decorator.py for tasks to queue
[2025-04-28T11:35:06.652-0400] {logging_mixin.py:190} INFO - [2025-04-28T11:35:06.651-0400] {dagbag.py:588} INFO - Filling up the DagBag from /home/aangava/MSP/airflow_venv/lib/python3.12/site-packages/airflow/example_dags/example_bash_decorator.py
[2025-04-28T11:35:06.661-0400] {processor.py:925} INFO - DAG(s) 'example_bash_decorator' retrieved from /home/aangava/MSP/airflow_venv/lib/python3.12/site-packages/airflow/example_dags/example_bash_decorator.py
[2025-04-28T11:35:06.674-0400] {logging_mixin.py:190} INFO - [2025-04-28T11:35:06.674-0400] {dag.py:3239} INFO - Sync 1 DAGs
[2025-04-28T11:35:06.682-0400] {logging_mixin.py:190} INFO - [2025-04-28T11:35:06.682-0400] {dag.py:4180} INFO - Setting next_dagrun for example_bash_decorator to None, run_after=None
[2025-04-28T11:35:06.696-0400] {processor.py:208} INFO - Processing /home/aangava/MSP/airflow_venv/lib/python3.12/site-packages/airflow/example_dags/example_bash_decorator.py took 0.060 seconds
[2025-04-28T11:35:57.075-0400] {processor.py:186} INFO - Started process (PID=28040) to work on /home/aangava/MSP/airflow_venv/lib/python3.12/site-packages/airflow/example_dags/example_bash_decorator.py
[2025-04-28T11:35:57.085-0400] {processor.py:914} INFO - Processing file /home/aangava/MSP/airflow_venv/lib/python3.12/site-packages/airflow/example_dags/example_bash_decorator.py for tasks to queue
[2025-04-28T11:35:57.086-0400] {logging_mixin.py:190} INFO - [2025-04-28T11:35:57.086-0400] {dagbag.py:588} INFO - Filling up the DagBag from /home/aangava/MSP/airflow_venv/lib/python3.12/site-packages/airflow/example_dags/example_bash_decorator.py
[2025-04-28T11:35:57.096-0400] {processor.py:925} INFO - DAG(s) 'example_bash_decorator' retrieved from /home/aangava/MSP/airflow_venv/lib/python3.12/site-packages/airflow/example_dags/example_bash_decorator.py
[2025-04-28T11:35:57.109-0400] {logging_mixin.py:190} INFO - [2025-04-28T11:35:57.108-0400] {dag.py:3239} INFO - Sync 1 DAGs
[2025-04-28T11:35:57.118-0400] {logging_mixin.py:190} INFO - [2025-04-28T11:35:57.118-0400] {dag.py:4180} INFO - Setting next_dagrun for example_bash_decorator to None, run_after=None
[2025-04-28T11:35:57.132-0400] {processor.py:208} INFO - Processing /home/aangava/MSP/airflow_venv/lib/python3.12/site-packages/airflow/example_dags/example_bash_decorator.py took 0.062 seconds
[2025-04-28T11:36:48.575-0400] {processor.py:186} INFO - Started process (PID=28416) to work on /home/aangava/MSP/airflow_venv/lib/python3.12/site-packages/airflow/example_dags/example_bash_decorator.py
[2025-04-28T11:36:48.576-0400] {processor.py:914} INFO - Processing file /home/aangava/MSP/airflow_venv/lib/python3.12/site-packages/airflow/example_dags/example_bash_decorator.py for tasks to queue
[2025-04-28T11:36:48.577-0400] {logging_mixin.py:190} INFO - [2025-04-28T11:36:48.577-0400] {dagbag.py:588} INFO - Filling up the DagBag from /home/aangava/MSP/airflow_venv/lib/python3.12/site-packages/airflow/example_dags/example_bash_decorator.py
[2025-04-28T11:36:48.588-0400] {processor.py:925} INFO - DAG(s) 'example_bash_decorator' retrieved from /home/aangava/MSP/airflow_venv/lib/python3.12/site-packages/airflow/example_dags/example_bash_decorator.py
[2025-04-28T11:36:48.600-0400] {logging_mixin.py:190} INFO - [2025-04-28T11:36:48.600-0400] {dag.py:3239} INFO - Sync 1 DAGs
[2025-04-28T11:36:48.609-0400] {logging_mixin.py:190} INFO - [2025-04-28T11:36:48.609-0400] {dag.py:4180} INFO - Setting next_dagrun for example_bash_decorator to None, run_after=None
[2025-04-28T11:36:48.623-0400] {processor.py:208} INFO - Processing /home/aangava/MSP/airflow_venv/lib/python3.12/site-packages/airflow/example_dags/example_bash_decorator.py took 0.053 seconds
[2025-04-28T11:37:41.309-0400] {processor.py:186} INFO - Started process (PID=28649) to work on /home/aangava/MSP/airflow_venv/lib/python3.12/site-packages/airflow/example_dags/example_bash_decorator.py
[2025-04-28T11:37:41.311-0400] {processor.py:914} INFO - Processing file /home/aangava/MSP/airflow_venv/lib/python3.12/site-packages/airflow/example_dags/example_bash_decorator.py for tasks to queue
[2025-04-28T11:37:41.312-0400] {logging_mixin.py:190} INFO - [2025-04-28T11:37:41.312-0400] {dagbag.py:588} INFO - Filling up the DagBag from /home/aangava/MSP/airflow_venv/lib/python3.12/site-packages/airflow/example_dags/example_bash_decorator.py
[2025-04-28T11:37:41.322-0400] {processor.py:925} INFO - DAG(s) 'example_bash_decorator' retrieved from /home/aangava/MSP/airflow_venv/lib/python3.12/site-packages/airflow/example_dags/example_bash_decorator.py
[2025-04-28T11:37:41.334-0400] {logging_mixin.py:190} INFO - [2025-04-28T11:37:41.334-0400] {dag.py:3239} INFO - Sync 1 DAGs
[2025-04-28T11:37:41.345-0400] {logging_mixin.py:190} INFO - [2025-04-28T11:37:41.345-0400] {dag.py:4180} INFO - Setting next_dagrun for example_bash_decorator to None, run_after=None
[2025-04-28T11:37:41.360-0400] {processor.py:208} INFO - Processing /home/aangava/MSP/airflow_venv/lib/python3.12/site-packages/airflow/example_dags/example_bash_decorator.py took 0.056 seconds
[2025-04-28T11:38:33.667-0400] {processor.py:186} INFO - Started process (PID=28924) to work on /home/aangava/MSP/airflow_venv/lib/python3.12/site-packages/airflow/example_dags/example_bash_decorator.py
[2025-04-28T11:38:33.677-0400] {processor.py:914} INFO - Processing file /home/aangava/MSP/airflow_venv/lib/python3.12/site-packages/airflow/example_dags/example_bash_decorator.py for tasks to queue
[2025-04-28T11:38:33.679-0400] {logging_mixin.py:190} INFO - [2025-04-28T11:38:33.678-0400] {dagbag.py:588} INFO - Filling up the DagBag from /home/aangava/MSP/airflow_venv/lib/python3.12/site-packages/airflow/example_dags/example_bash_decorator.py
[2025-04-28T11:38:33.689-0400] {processor.py:925} INFO - DAG(s) 'example_bash_decorator' retrieved from /home/aangava/MSP/airflow_venv/lib/python3.12/site-packages/airflow/example_dags/example_bash_decorator.py
[2025-04-28T11:38:33.701-0400] {logging_mixin.py:190} INFO - [2025-04-28T11:38:33.701-0400] {dag.py:3239} INFO - Sync 1 DAGs
[2025-04-28T11:38:33.709-0400] {logging_mixin.py:190} INFO - [2025-04-28T11:38:33.709-0400] {dag.py:4180} INFO - Setting next_dagrun for example_bash_decorator to None, run_after=None
[2025-04-28T11:38:33.722-0400] {processor.py:208} INFO - Processing /home/aangava/MSP/airflow_venv/lib/python3.12/site-packages/airflow/example_dags/example_bash_decorator.py took 0.059 seconds
[2025-04-28T11:39:25.163-0400] {processor.py:186} INFO - Started process (PID=29171) to work on /home/aangava/MSP/airflow_venv/lib/python3.12/site-packages/airflow/example_dags/example_bash_decorator.py
[2025-04-28T11:39:25.164-0400] {processor.py:914} INFO - Processing file /home/aangava/MSP/airflow_venv/lib/python3.12/site-packages/airflow/example_dags/example_bash_decorator.py for tasks to queue
[2025-04-28T11:39:25.166-0400] {logging_mixin.py:190} INFO - [2025-04-28T11:39:25.166-0400] {dagbag.py:588} INFO - Filling up the DagBag from /home/aangava/MSP/airflow_venv/lib/python3.12/site-packages/airflow/example_dags/example_bash_decorator.py
[2025-04-28T11:39:25.179-0400] {processor.py:925} INFO - DAG(s) 'example_bash_decorator' retrieved from /home/aangava/MSP/airflow_venv/lib/python3.12/site-packages/airflow/example_dags/example_bash_decorator.py
[2025-04-28T11:39:25.191-0400] {logging_mixin.py:190} INFO - [2025-04-28T11:39:25.191-0400] {dag.py:3239} INFO - Sync 1 DAGs
[2025-04-28T11:39:25.200-0400] {logging_mixin.py:190} INFO - [2025-04-28T11:39:25.200-0400] {dag.py:4180} INFO - Setting next_dagrun for example_bash_decorator to None, run_after=None
[2025-04-28T11:39:25.215-0400] {processor.py:208} INFO - Processing /home/aangava/MSP/airflow_venv/lib/python3.12/site-packages/airflow/example_dags/example_bash_decorator.py took 0.056 seconds
[2025-04-28T11:40:20.921-0400] {processor.py:186} INFO - Started process (PID=29502) to work on /home/aangava/MSP/airflow_venv/lib/python3.12/site-packages/airflow/example_dags/example_bash_decorator.py
[2025-04-28T11:40:20.931-0400] {processor.py:914} INFO - Processing file /home/aangava/MSP/airflow_venv/lib/python3.12/site-packages/airflow/example_dags/example_bash_decorator.py for tasks to queue
[2025-04-28T11:40:20.933-0400] {logging_mixin.py:190} INFO - [2025-04-28T11:40:20.932-0400] {dagbag.py:588} INFO - Filling up the DagBag from /home/aangava/MSP/airflow_venv/lib/python3.12/site-packages/airflow/example_dags/example_bash_decorator.py
[2025-04-28T11:40:20.946-0400] {processor.py:925} INFO - DAG(s) 'example_bash_decorator' retrieved from /home/aangava/MSP/airflow_venv/lib/python3.12/site-packages/airflow/example_dags/example_bash_decorator.py
[2025-04-28T11:40:20.963-0400] {logging_mixin.py:190} INFO - [2025-04-28T11:40:20.963-0400] {dag.py:3239} INFO - Sync 1 DAGs
[2025-04-28T11:40:20.973-0400] {logging_mixin.py:190} INFO - [2025-04-28T11:40:20.972-0400] {dag.py:4180} INFO - Setting next_dagrun for example_bash_decorator to None, run_after=None
[2025-04-28T11:40:20.987-0400] {processor.py:208} INFO - Processing /home/aangava/MSP/airflow_venv/lib/python3.12/site-packages/airflow/example_dags/example_bash_decorator.py took 0.070 seconds
[2025-04-28T11:41:15.605-0400] {processor.py:186} INFO - Started process (PID=29785) to work on /home/aangava/MSP/airflow_venv/lib/python3.12/site-packages/airflow/example_dags/example_bash_decorator.py
[2025-04-28T11:41:15.615-0400] {processor.py:914} INFO - Processing file /home/aangava/MSP/airflow_venv/lib/python3.12/site-packages/airflow/example_dags/example_bash_decorator.py for tasks to queue
[2025-04-28T11:41:15.616-0400] {logging_mixin.py:190} INFO - [2025-04-28T11:41:15.616-0400] {dagbag.py:588} INFO - Filling up the DagBag from /home/aangava/MSP/airflow_venv/lib/python3.12/site-packages/airflow/example_dags/example_bash_decorator.py
[2025-04-28T11:41:15.629-0400] {processor.py:925} INFO - DAG(s) 'example_bash_decorator' retrieved from /home/aangava/MSP/airflow_venv/lib/python3.12/site-packages/airflow/example_dags/example_bash_decorator.py
[2025-04-28T11:41:15.642-0400] {logging_mixin.py:190} INFO - [2025-04-28T11:41:15.642-0400] {dag.py:3239} INFO - Sync 1 DAGs
[2025-04-28T11:41:15.651-0400] {logging_mixin.py:190} INFO - [2025-04-28T11:41:15.651-0400] {dag.py:4180} INFO - Setting next_dagrun for example_bash_decorator to None, run_after=None
[2025-04-28T11:41:15.665-0400] {processor.py:208} INFO - Processing /home/aangava/MSP/airflow_venv/lib/python3.12/site-packages/airflow/example_dags/example_bash_decorator.py took 0.064 seconds
