[2025-04-28T10:35:29.685-0400] {processor.py:186} INFO - Started process (PID=5626) to work on /home/aangava/MSP/airflow_venv/lib/python3.12/site-packages/airflow/example_dags/example_short_circuit_operator.py
[2025-04-28T10:35:29.686-0400] {processor.py:914} INFO - Processing file /home/aangava/MSP/airflow_venv/lib/python3.12/site-packages/airflow/example_dags/example_short_circuit_operator.py for tasks to queue
[2025-04-28T10:35:29.689-0400] {logging_mixin.py:190} INFO - [2025-04-28T10:35:29.688-0400] {dagbag.py:588} INFO - Filling up the DagBag from /home/aangava/MSP/airflow_venv/lib/python3.12/site-packages/airflow/example_dags/example_short_circuit_operator.py
[2025-04-28T10:35:29.702-0400] {processor.py:925} INFO - DAG(s) 'example_short_circuit_operator' retrieved from /home/aangava/MSP/airflow_venv/lib/python3.12/site-packages/airflow/example_dags/example_short_circuit_operator.py
[2025-04-28T10:35:29.830-0400] {logging_mixin.py:190} INFO - [2025-04-28T10:35:29.829-0400] {override.py:1912} INFO - Created Permission View: can read on DAG:example_short_circuit_operator
[2025-04-28T10:35:29.845-0400] {logging_mixin.py:190} INFO - [2025-04-28T10:35:29.844-0400] {override.py:1912} INFO - Created Permission View: can edit on DAG:example_short_circuit_operator
[2025-04-28T10:35:29.855-0400] {logging_mixin.py:190} INFO - [2025-04-28T10:35:29.854-0400] {override.py:1912} INFO - Created Permission View: can delete on DAG:example_short_circuit_operator
[2025-04-28T10:35:29.869-0400] {logging_mixin.py:190} INFO - [2025-04-28T10:35:29.868-0400] {override.py:1912} INFO - Created Permission View: can read on DAG Run:example_short_circuit_operator
[2025-04-28T10:35:29.879-0400] {logging_mixin.py:190} INFO - [2025-04-28T10:35:29.877-0400] {override.py:1912} INFO - Created Permission View: can delete on DAG Run:example_short_circuit_operator
[2025-04-28T10:35:29.887-0400] {logging_mixin.py:190} INFO - [2025-04-28T10:35:29.887-0400] {override.py:1912} INFO - Created Permission View: can create on DAG Run:example_short_circuit_operator
[2025-04-28T10:35:29.895-0400] {logging_mixin.py:190} INFO - [2025-04-28T10:35:29.895-0400] {override.py:1912} INFO - Created Permission View: menu access on DAG Run:example_short_circuit_operator
[2025-04-28T10:35:29.895-0400] {logging_mixin.py:190} INFO - [2025-04-28T10:35:29.895-0400] {dag.py:3239} INFO - Sync 1 DAGs
[2025-04-28T10:35:29.906-0400] {logging_mixin.py:190} INFO - [2025-04-28T10:35:29.905-0400] {dag.py:3262} INFO - Creating ORM DAG for example_short_circuit_operator
[2025-04-28T10:35:29.906-0400] {logging_mixin.py:190} INFO - [2025-04-28T10:35:29.906-0400] {dag.py:4180} INFO - Setting next_dagrun for example_short_circuit_operator to None, run_after=None
[2025-04-28T10:35:29.928-0400] {processor.py:208} INFO - Processing /home/aangava/MSP/airflow_venv/lib/python3.12/site-packages/airflow/example_dags/example_short_circuit_operator.py took 0.251 seconds
[2025-04-28T10:36:34.390-0400] {processor.py:186} INFO - Started process (PID=6262) to work on /home/aangava/MSP/airflow_venv/lib/python3.12/site-packages/airflow/example_dags/example_short_circuit_operator.py
[2025-04-28T10:36:34.400-0400] {processor.py:914} INFO - Processing file /home/aangava/MSP/airflow_venv/lib/python3.12/site-packages/airflow/example_dags/example_short_circuit_operator.py for tasks to queue
[2025-04-28T10:36:34.403-0400] {logging_mixin.py:190} INFO - [2025-04-28T10:36:34.403-0400] {dagbag.py:588} INFO - Filling up the DagBag from /home/aangava/MSP/airflow_venv/lib/python3.12/site-packages/airflow/example_dags/example_short_circuit_operator.py
[2025-04-28T10:36:34.415-0400] {processor.py:925} INFO - DAG(s) 'example_short_circuit_operator' retrieved from /home/aangava/MSP/airflow_venv/lib/python3.12/site-packages/airflow/example_dags/example_short_circuit_operator.py
[2025-04-28T10:36:34.444-0400] {logging_mixin.py:190} INFO - [2025-04-28T10:36:34.444-0400] {dag.py:3239} INFO - Sync 1 DAGs
[2025-04-28T10:36:34.465-0400] {logging_mixin.py:190} INFO - [2025-04-28T10:36:34.464-0400] {dag.py:4180} INFO - Setting next_dagrun for example_short_circuit_operator to None, run_after=None
[2025-04-28T10:36:34.495-0400] {processor.py:208} INFO - Processing /home/aangava/MSP/airflow_venv/lib/python3.12/site-packages/airflow/example_dags/example_short_circuit_operator.py took 0.112 seconds
[2025-04-28T10:43:53.608-0400] {processor.py:186} INFO - Started process (PID=9034) to work on /home/aangava/MSP/airflow_venv/lib/python3.12/site-packages/airflow/example_dags/example_short_circuit_operator.py
[2025-04-28T10:43:53.610-0400] {processor.py:914} INFO - Processing file /home/aangava/MSP/airflow_venv/lib/python3.12/site-packages/airflow/example_dags/example_short_circuit_operator.py for tasks to queue
[2025-04-28T10:43:53.611-0400] {logging_mixin.py:190} INFO - [2025-04-28T10:43:53.611-0400] {dagbag.py:588} INFO - Filling up the DagBag from /home/aangava/MSP/airflow_venv/lib/python3.12/site-packages/airflow/example_dags/example_short_circuit_operator.py
[2025-04-28T10:43:53.617-0400] {processor.py:925} INFO - DAG(s) 'example_short_circuit_operator' retrieved from /home/aangava/MSP/airflow_venv/lib/python3.12/site-packages/airflow/example_dags/example_short_circuit_operator.py
[2025-04-28T10:43:53.633-0400] {logging_mixin.py:190} INFO - [2025-04-28T10:43:53.633-0400] {dag.py:3239} INFO - Sync 1 DAGs
[2025-04-28T10:43:53.642-0400] {logging_mixin.py:190} INFO - [2025-04-28T10:43:53.642-0400] {dag.py:4180} INFO - Setting next_dagrun for example_short_circuit_operator to None, run_after=None
[2025-04-28T10:43:53.659-0400] {processor.py:208} INFO - Processing /home/aangava/MSP/airflow_venv/lib/python3.12/site-packages/airflow/example_dags/example_short_circuit_operator.py took 0.055 seconds
[2025-04-28T10:44:52.015-0400] {processor.py:186} INFO - Started process (PID=9423) to work on /home/aangava/MSP/airflow_venv/lib/python3.12/site-packages/airflow/example_dags/example_short_circuit_operator.py
[2025-04-28T10:44:52.027-0400] {processor.py:914} INFO - Processing file /home/aangava/MSP/airflow_venv/lib/python3.12/site-packages/airflow/example_dags/example_short_circuit_operator.py for tasks to queue
[2025-04-28T10:44:52.030-0400] {logging_mixin.py:190} INFO - [2025-04-28T10:44:52.029-0400] {dagbag.py:588} INFO - Filling up the DagBag from /home/aangava/MSP/airflow_venv/lib/python3.12/site-packages/airflow/example_dags/example_short_circuit_operator.py
[2025-04-28T10:44:52.043-0400] {processor.py:925} INFO - DAG(s) 'example_short_circuit_operator' retrieved from /home/aangava/MSP/airflow_venv/lib/python3.12/site-packages/airflow/example_dags/example_short_circuit_operator.py
[2025-04-28T10:44:52.069-0400] {logging_mixin.py:190} INFO - [2025-04-28T10:44:52.068-0400] {dag.py:3239} INFO - Sync 1 DAGs
[2025-04-28T10:44:52.086-0400] {logging_mixin.py:190} INFO - [2025-04-28T10:44:52.085-0400] {dag.py:4180} INFO - Setting next_dagrun for example_short_circuit_operator to None, run_after=None
[2025-04-28T10:44:52.113-0400] {processor.py:208} INFO - Processing /home/aangava/MSP/airflow_venv/lib/python3.12/site-packages/airflow/example_dags/example_short_circuit_operator.py took 0.105 seconds
[2025-04-28T10:45:49.860-0400] {processor.py:186} INFO - Started process (PID=9671) to work on /home/aangava/MSP/airflow_venv/lib/python3.12/site-packages/airflow/example_dags/example_short_circuit_operator.py
[2025-04-28T10:45:49.870-0400] {processor.py:914} INFO - Processing file /home/aangava/MSP/airflow_venv/lib/python3.12/site-packages/airflow/example_dags/example_short_circuit_operator.py for tasks to queue
[2025-04-28T10:45:49.872-0400] {logging_mixin.py:190} INFO - [2025-04-28T10:45:49.872-0400] {dagbag.py:588} INFO - Filling up the DagBag from /home/aangava/MSP/airflow_venv/lib/python3.12/site-packages/airflow/example_dags/example_short_circuit_operator.py
[2025-04-28T10:45:49.879-0400] {processor.py:925} INFO - DAG(s) 'example_short_circuit_operator' retrieved from /home/aangava/MSP/airflow_venv/lib/python3.12/site-packages/airflow/example_dags/example_short_circuit_operator.py
[2025-04-28T10:45:49.895-0400] {logging_mixin.py:190} INFO - [2025-04-28T10:45:49.895-0400] {dag.py:3239} INFO - Sync 1 DAGs
[2025-04-28T10:45:49.903-0400] {logging_mixin.py:190} INFO - [2025-04-28T10:45:49.903-0400] {dag.py:4180} INFO - Setting next_dagrun for example_short_circuit_operator to None, run_after=None
[2025-04-28T10:45:49.927-0400] {processor.py:208} INFO - Processing /home/aangava/MSP/airflow_venv/lib/python3.12/site-packages/airflow/example_dags/example_short_circuit_operator.py took 0.071 seconds
[2025-04-28T10:46:44.360-0400] {processor.py:186} INFO - Started process (PID=9900) to work on /home/aangava/MSP/airflow_venv/lib/python3.12/site-packages/airflow/example_dags/example_short_circuit_operator.py
[2025-04-28T10:46:44.372-0400] {processor.py:914} INFO - Processing file /home/aangava/MSP/airflow_venv/lib/python3.12/site-packages/airflow/example_dags/example_short_circuit_operator.py for tasks to queue
[2025-04-28T10:46:44.375-0400] {logging_mixin.py:190} INFO - [2025-04-28T10:46:44.374-0400] {dagbag.py:588} INFO - Filling up the DagBag from /home/aangava/MSP/airflow_venv/lib/python3.12/site-packages/airflow/example_dags/example_short_circuit_operator.py
[2025-04-28T10:46:44.387-0400] {processor.py:925} INFO - DAG(s) 'example_short_circuit_operator' retrieved from /home/aangava/MSP/airflow_venv/lib/python3.12/site-packages/airflow/example_dags/example_short_circuit_operator.py
[2025-04-28T10:46:44.410-0400] {logging_mixin.py:190} INFO - [2025-04-28T10:46:44.410-0400] {dag.py:3239} INFO - Sync 1 DAGs
[2025-04-28T10:46:44.425-0400] {logging_mixin.py:190} INFO - [2025-04-28T10:46:44.424-0400] {dag.py:4180} INFO - Setting next_dagrun for example_short_circuit_operator to None, run_after=None
[2025-04-28T10:46:44.455-0400] {processor.py:208} INFO - Processing /home/aangava/MSP/airflow_venv/lib/python3.12/site-packages/airflow/example_dags/example_short_circuit_operator.py took 0.105 seconds
[2025-04-28T10:47:43.623-0400] {processor.py:186} INFO - Started process (PID=10192) to work on /home/aangava/MSP/airflow_venv/lib/python3.12/site-packages/airflow/example_dags/example_short_circuit_operator.py
[2025-04-28T10:47:43.633-0400] {processor.py:914} INFO - Processing file /home/aangava/MSP/airflow_venv/lib/python3.12/site-packages/airflow/example_dags/example_short_circuit_operator.py for tasks to queue
[2025-04-28T10:47:43.635-0400] {logging_mixin.py:190} INFO - [2025-04-28T10:47:43.635-0400] {dagbag.py:588} INFO - Filling up the DagBag from /home/aangava/MSP/airflow_venv/lib/python3.12/site-packages/airflow/example_dags/example_short_circuit_operator.py
[2025-04-28T10:47:43.642-0400] {processor.py:925} INFO - DAG(s) 'example_short_circuit_operator' retrieved from /home/aangava/MSP/airflow_venv/lib/python3.12/site-packages/airflow/example_dags/example_short_circuit_operator.py
[2025-04-28T10:47:43.658-0400] {logging_mixin.py:190} INFO - [2025-04-28T10:47:43.658-0400] {dag.py:3239} INFO - Sync 1 DAGs
[2025-04-28T10:47:43.666-0400] {logging_mixin.py:190} INFO - [2025-04-28T10:47:43.666-0400] {dag.py:4180} INFO - Setting next_dagrun for example_short_circuit_operator to None, run_after=None
[2025-04-28T10:47:43.682-0400] {processor.py:208} INFO - Processing /home/aangava/MSP/airflow_venv/lib/python3.12/site-packages/airflow/example_dags/example_short_circuit_operator.py took 0.063 seconds
[2025-04-28T10:48:41.549-0400] {processor.py:186} INFO - Started process (PID=10591) to work on /home/aangava/MSP/airflow_venv/lib/python3.12/site-packages/airflow/example_dags/example_short_circuit_operator.py
[2025-04-28T10:48:41.551-0400] {processor.py:914} INFO - Processing file /home/aangava/MSP/airflow_venv/lib/python3.12/site-packages/airflow/example_dags/example_short_circuit_operator.py for tasks to queue
[2025-04-28T10:48:41.553-0400] {logging_mixin.py:190} INFO - [2025-04-28T10:48:41.553-0400] {dagbag.py:588} INFO - Filling up the DagBag from /home/aangava/MSP/airflow_venv/lib/python3.12/site-packages/airflow/example_dags/example_short_circuit_operator.py
[2025-04-28T10:48:41.565-0400] {processor.py:925} INFO - DAG(s) 'example_short_circuit_operator' retrieved from /home/aangava/MSP/airflow_venv/lib/python3.12/site-packages/airflow/example_dags/example_short_circuit_operator.py
[2025-04-28T10:48:41.586-0400] {logging_mixin.py:190} INFO - [2025-04-28T10:48:41.585-0400] {dag.py:3239} INFO - Sync 1 DAGs
[2025-04-28T10:48:41.599-0400] {logging_mixin.py:190} INFO - [2025-04-28T10:48:41.599-0400] {dag.py:4180} INFO - Setting next_dagrun for example_short_circuit_operator to None, run_after=None
[2025-04-28T10:48:41.624-0400] {processor.py:208} INFO - Processing /home/aangava/MSP/airflow_venv/lib/python3.12/site-packages/airflow/example_dags/example_short_circuit_operator.py took 0.082 seconds
[2025-04-28T10:49:37.802-0400] {processor.py:186} INFO - Started process (PID=10872) to work on /home/aangava/MSP/airflow_venv/lib/python3.12/site-packages/airflow/example_dags/example_short_circuit_operator.py
[2025-04-28T10:49:37.803-0400] {processor.py:914} INFO - Processing file /home/aangava/MSP/airflow_venv/lib/python3.12/site-packages/airflow/example_dags/example_short_circuit_operator.py for tasks to queue
[2025-04-28T10:49:37.805-0400] {logging_mixin.py:190} INFO - [2025-04-28T10:49:37.804-0400] {dagbag.py:588} INFO - Filling up the DagBag from /home/aangava/MSP/airflow_venv/lib/python3.12/site-packages/airflow/example_dags/example_short_circuit_operator.py
[2025-04-28T10:49:37.814-0400] {processor.py:925} INFO - DAG(s) 'example_short_circuit_operator' retrieved from /home/aangava/MSP/airflow_venv/lib/python3.12/site-packages/airflow/example_dags/example_short_circuit_operator.py
[2025-04-28T10:49:37.829-0400] {logging_mixin.py:190} INFO - [2025-04-28T10:49:37.828-0400] {dag.py:3239} INFO - Sync 1 DAGs
[2025-04-28T10:49:37.839-0400] {logging_mixin.py:190} INFO - [2025-04-28T10:49:37.839-0400] {dag.py:4180} INFO - Setting next_dagrun for example_short_circuit_operator to None, run_after=None
[2025-04-28T10:49:37.857-0400] {processor.py:208} INFO - Processing /home/aangava/MSP/airflow_venv/lib/python3.12/site-packages/airflow/example_dags/example_short_circuit_operator.py took 0.059 seconds
[2025-04-28T10:50:35.472-0400] {processor.py:186} INFO - Started process (PID=11276) to work on /home/aangava/MSP/airflow_venv/lib/python3.12/site-packages/airflow/example_dags/example_short_circuit_operator.py
[2025-04-28T10:50:35.482-0400] {processor.py:914} INFO - Processing file /home/aangava/MSP/airflow_venv/lib/python3.12/site-packages/airflow/example_dags/example_short_circuit_operator.py for tasks to queue
[2025-04-28T10:50:35.484-0400] {logging_mixin.py:190} INFO - [2025-04-28T10:50:35.484-0400] {dagbag.py:588} INFO - Filling up the DagBag from /home/aangava/MSP/airflow_venv/lib/python3.12/site-packages/airflow/example_dags/example_short_circuit_operator.py
[2025-04-28T10:50:35.493-0400] {processor.py:925} INFO - DAG(s) 'example_short_circuit_operator' retrieved from /home/aangava/MSP/airflow_venv/lib/python3.12/site-packages/airflow/example_dags/example_short_circuit_operator.py
[2025-04-28T10:50:35.509-0400] {logging_mixin.py:190} INFO - [2025-04-28T10:50:35.509-0400] {dag.py:3239} INFO - Sync 1 DAGs
[2025-04-28T10:50:35.519-0400] {logging_mixin.py:190} INFO - [2025-04-28T10:50:35.519-0400] {dag.py:4180} INFO - Setting next_dagrun for example_short_circuit_operator to None, run_after=None
[2025-04-28T10:50:35.634-0400] {processor.py:208} INFO - Processing /home/aangava/MSP/airflow_venv/lib/python3.12/site-packages/airflow/example_dags/example_short_circuit_operator.py took 0.173 seconds
[2025-04-28T10:51:39.534-0400] {processor.py:186} INFO - Started process (PID=11661) to work on /home/aangava/MSP/airflow_venv/lib/python3.12/site-packages/airflow/example_dags/example_short_circuit_operator.py
[2025-04-28T10:51:39.545-0400] {processor.py:914} INFO - Processing file /home/aangava/MSP/airflow_venv/lib/python3.12/site-packages/airflow/example_dags/example_short_circuit_operator.py for tasks to queue
[2025-04-28T10:51:39.549-0400] {logging_mixin.py:190} INFO - [2025-04-28T10:51:39.548-0400] {dagbag.py:588} INFO - Filling up the DagBag from /home/aangava/MSP/airflow_venv/lib/python3.12/site-packages/airflow/example_dags/example_short_circuit_operator.py
[2025-04-28T10:51:39.563-0400] {processor.py:925} INFO - DAG(s) 'example_short_circuit_operator' retrieved from /home/aangava/MSP/airflow_venv/lib/python3.12/site-packages/airflow/example_dags/example_short_circuit_operator.py
[2025-04-28T10:51:39.587-0400] {logging_mixin.py:190} INFO - [2025-04-28T10:51:39.587-0400] {dag.py:3239} INFO - Sync 1 DAGs
[2025-04-28T10:51:39.605-0400] {logging_mixin.py:190} INFO - [2025-04-28T10:51:39.605-0400] {dag.py:4180} INFO - Setting next_dagrun for example_short_circuit_operator to None, run_after=None
[2025-04-28T10:51:39.630-0400] {processor.py:208} INFO - Processing /home/aangava/MSP/airflow_venv/lib/python3.12/site-packages/airflow/example_dags/example_short_circuit_operator.py took 0.105 seconds
[2025-04-28T10:52:42.592-0400] {processor.py:186} INFO - Started process (PID=12014) to work on /home/aangava/MSP/airflow_venv/lib/python3.12/site-packages/airflow/example_dags/example_short_circuit_operator.py
[2025-04-28T10:52:42.594-0400] {processor.py:914} INFO - Processing file /home/aangava/MSP/airflow_venv/lib/python3.12/site-packages/airflow/example_dags/example_short_circuit_operator.py for tasks to queue
[2025-04-28T10:52:42.595-0400] {logging_mixin.py:190} INFO - [2025-04-28T10:52:42.595-0400] {dagbag.py:588} INFO - Filling up the DagBag from /home/aangava/MSP/airflow_venv/lib/python3.12/site-packages/airflow/example_dags/example_short_circuit_operator.py
[2025-04-28T10:52:42.601-0400] {processor.py:925} INFO - DAG(s) 'example_short_circuit_operator' retrieved from /home/aangava/MSP/airflow_venv/lib/python3.12/site-packages/airflow/example_dags/example_short_circuit_operator.py
[2025-04-28T10:52:42.613-0400] {logging_mixin.py:190} INFO - [2025-04-28T10:52:42.612-0400] {dag.py:3239} INFO - Sync 1 DAGs
[2025-04-28T10:52:42.620-0400] {logging_mixin.py:190} INFO - [2025-04-28T10:52:42.620-0400] {dag.py:4180} INFO - Setting next_dagrun for example_short_circuit_operator to None, run_after=None
[2025-04-28T10:52:42.637-0400] {processor.py:208} INFO - Processing /home/aangava/MSP/airflow_venv/lib/python3.12/site-packages/airflow/example_dags/example_short_circuit_operator.py took 0.049 seconds
[2025-04-28T10:53:39.219-0400] {processor.py:186} INFO - Started process (PID=12378) to work on /home/aangava/MSP/airflow_venv/lib/python3.12/site-packages/airflow/example_dags/example_short_circuit_operator.py
[2025-04-28T10:53:39.230-0400] {processor.py:914} INFO - Processing file /home/aangava/MSP/airflow_venv/lib/python3.12/site-packages/airflow/example_dags/example_short_circuit_operator.py for tasks to queue
[2025-04-28T10:53:39.232-0400] {logging_mixin.py:190} INFO - [2025-04-28T10:53:39.231-0400] {dagbag.py:588} INFO - Filling up the DagBag from /home/aangava/MSP/airflow_venv/lib/python3.12/site-packages/airflow/example_dags/example_short_circuit_operator.py
[2025-04-28T10:53:39.248-0400] {processor.py:925} INFO - DAG(s) 'example_short_circuit_operator' retrieved from /home/aangava/MSP/airflow_venv/lib/python3.12/site-packages/airflow/example_dags/example_short_circuit_operator.py
[2025-04-28T10:53:39.273-0400] {logging_mixin.py:190} INFO - [2025-04-28T10:53:39.272-0400] {dag.py:3239} INFO - Sync 1 DAGs
[2025-04-28T10:53:39.290-0400] {logging_mixin.py:190} INFO - [2025-04-28T10:53:39.290-0400] {dag.py:4180} INFO - Setting next_dagrun for example_short_circuit_operator to None, run_after=None
[2025-04-28T10:53:39.316-0400] {processor.py:208} INFO - Processing /home/aangava/MSP/airflow_venv/lib/python3.12/site-packages/airflow/example_dags/example_short_circuit_operator.py took 0.108 seconds
[2025-04-28T10:54:40.034-0400] {processor.py:186} INFO - Started process (PID=12615) to work on /home/aangava/MSP/airflow_venv/lib/python3.12/site-packages/airflow/example_dags/example_short_circuit_operator.py
[2025-04-28T10:54:40.044-0400] {processor.py:914} INFO - Processing file /home/aangava/MSP/airflow_venv/lib/python3.12/site-packages/airflow/example_dags/example_short_circuit_operator.py for tasks to queue
[2025-04-28T10:54:40.046-0400] {logging_mixin.py:190} INFO - [2025-04-28T10:54:40.046-0400] {dagbag.py:588} INFO - Filling up the DagBag from /home/aangava/MSP/airflow_venv/lib/python3.12/site-packages/airflow/example_dags/example_short_circuit_operator.py
[2025-04-28T10:54:40.059-0400] {processor.py:925} INFO - DAG(s) 'example_short_circuit_operator' retrieved from /home/aangava/MSP/airflow_venv/lib/python3.12/site-packages/airflow/example_dags/example_short_circuit_operator.py
[2025-04-28T10:54:40.084-0400] {logging_mixin.py:190} INFO - [2025-04-28T10:54:40.084-0400] {dag.py:3239} INFO - Sync 1 DAGs
[2025-04-28T10:54:40.100-0400] {logging_mixin.py:190} INFO - [2025-04-28T10:54:40.100-0400] {dag.py:4180} INFO - Setting next_dagrun for example_short_circuit_operator to None, run_after=None
[2025-04-28T10:54:40.126-0400] {processor.py:208} INFO - Processing /home/aangava/MSP/airflow_venv/lib/python3.12/site-packages/airflow/example_dags/example_short_circuit_operator.py took 0.101 seconds
[2025-04-28T10:55:40.726-0400] {processor.py:186} INFO - Started process (PID=12878) to work on /home/aangava/MSP/airflow_venv/lib/python3.12/site-packages/airflow/example_dags/example_short_circuit_operator.py
[2025-04-28T10:55:40.728-0400] {processor.py:914} INFO - Processing file /home/aangava/MSP/airflow_venv/lib/python3.12/site-packages/airflow/example_dags/example_short_circuit_operator.py for tasks to queue
[2025-04-28T10:55:40.730-0400] {logging_mixin.py:190} INFO - [2025-04-28T10:55:40.730-0400] {dagbag.py:588} INFO - Filling up the DagBag from /home/aangava/MSP/airflow_venv/lib/python3.12/site-packages/airflow/example_dags/example_short_circuit_operator.py
[2025-04-28T10:55:40.744-0400] {processor.py:925} INFO - DAG(s) 'example_short_circuit_operator' retrieved from /home/aangava/MSP/airflow_venv/lib/python3.12/site-packages/airflow/example_dags/example_short_circuit_operator.py
[2025-04-28T10:55:40.774-0400] {logging_mixin.py:190} INFO - [2025-04-28T10:55:40.773-0400] {dag.py:3239} INFO - Sync 1 DAGs
[2025-04-28T10:55:40.792-0400] {logging_mixin.py:190} INFO - [2025-04-28T10:55:40.791-0400] {dag.py:4180} INFO - Setting next_dagrun for example_short_circuit_operator to None, run_after=None
[2025-04-28T10:55:40.820-0400] {processor.py:208} INFO - Processing /home/aangava/MSP/airflow_venv/lib/python3.12/site-packages/airflow/example_dags/example_short_circuit_operator.py took 0.102 seconds
[2025-04-28T10:56:41.403-0400] {processor.py:186} INFO - Started process (PID=13146) to work on /home/aangava/MSP/airflow_venv/lib/python3.12/site-packages/airflow/example_dags/example_short_circuit_operator.py
[2025-04-28T10:56:41.405-0400] {processor.py:914} INFO - Processing file /home/aangava/MSP/airflow_venv/lib/python3.12/site-packages/airflow/example_dags/example_short_circuit_operator.py for tasks to queue
[2025-04-28T10:56:41.407-0400] {logging_mixin.py:190} INFO - [2025-04-28T10:56:41.407-0400] {dagbag.py:588} INFO - Filling up the DagBag from /home/aangava/MSP/airflow_venv/lib/python3.12/site-packages/airflow/example_dags/example_short_circuit_operator.py
[2025-04-28T10:56:41.418-0400] {processor.py:925} INFO - DAG(s) 'example_short_circuit_operator' retrieved from /home/aangava/MSP/airflow_venv/lib/python3.12/site-packages/airflow/example_dags/example_short_circuit_operator.py
[2025-04-28T10:56:41.438-0400] {logging_mixin.py:190} INFO - [2025-04-28T10:56:41.438-0400] {dag.py:3239} INFO - Sync 1 DAGs
[2025-04-28T10:56:41.452-0400] {logging_mixin.py:190} INFO - [2025-04-28T10:56:41.451-0400] {dag.py:4180} INFO - Setting next_dagrun for example_short_circuit_operator to None, run_after=None
[2025-04-28T10:56:41.476-0400] {processor.py:208} INFO - Processing /home/aangava/MSP/airflow_venv/lib/python3.12/site-packages/airflow/example_dags/example_short_circuit_operator.py took 0.079 seconds
[2025-04-28T10:57:35.481-0400] {processor.py:186} INFO - Started process (PID=13424) to work on /home/aangava/MSP/airflow_venv/lib/python3.12/site-packages/airflow/example_dags/example_short_circuit_operator.py
[2025-04-28T10:57:35.492-0400] {processor.py:914} INFO - Processing file /home/aangava/MSP/airflow_venv/lib/python3.12/site-packages/airflow/example_dags/example_short_circuit_operator.py for tasks to queue
[2025-04-28T10:57:35.495-0400] {logging_mixin.py:190} INFO - [2025-04-28T10:57:35.495-0400] {dagbag.py:588} INFO - Filling up the DagBag from /home/aangava/MSP/airflow_venv/lib/python3.12/site-packages/airflow/example_dags/example_short_circuit_operator.py
[2025-04-28T10:57:35.508-0400] {processor.py:925} INFO - DAG(s) 'example_short_circuit_operator' retrieved from /home/aangava/MSP/airflow_venv/lib/python3.12/site-packages/airflow/example_dags/example_short_circuit_operator.py
[2025-04-28T10:57:35.537-0400] {logging_mixin.py:190} INFO - [2025-04-28T10:57:35.536-0400] {dag.py:3239} INFO - Sync 1 DAGs
[2025-04-28T10:57:35.556-0400] {logging_mixin.py:190} INFO - [2025-04-28T10:57:35.555-0400] {dag.py:4180} INFO - Setting next_dagrun for example_short_circuit_operator to None, run_after=None
[2025-04-28T10:57:35.581-0400] {processor.py:208} INFO - Processing /home/aangava/MSP/airflow_venv/lib/python3.12/site-packages/airflow/example_dags/example_short_circuit_operator.py took 0.106 seconds
[2025-04-28T10:58:30.033-0400] {processor.py:186} INFO - Started process (PID=13793) to work on /home/aangava/MSP/airflow_venv/lib/python3.12/site-packages/airflow/example_dags/example_short_circuit_operator.py
[2025-04-28T10:58:30.045-0400] {processor.py:914} INFO - Processing file /home/aangava/MSP/airflow_venv/lib/python3.12/site-packages/airflow/example_dags/example_short_circuit_operator.py for tasks to queue
[2025-04-28T10:58:30.048-0400] {logging_mixin.py:190} INFO - [2025-04-28T10:58:30.047-0400] {dagbag.py:588} INFO - Filling up the DagBag from /home/aangava/MSP/airflow_venv/lib/python3.12/site-packages/airflow/example_dags/example_short_circuit_operator.py
[2025-04-28T10:58:30.061-0400] {processor.py:925} INFO - DAG(s) 'example_short_circuit_operator' retrieved from /home/aangava/MSP/airflow_venv/lib/python3.12/site-packages/airflow/example_dags/example_short_circuit_operator.py
[2025-04-28T10:58:30.083-0400] {logging_mixin.py:190} INFO - [2025-04-28T10:58:30.083-0400] {dag.py:3239} INFO - Sync 1 DAGs
[2025-04-28T10:58:30.099-0400] {logging_mixin.py:190} INFO - [2025-04-28T10:58:30.099-0400] {dag.py:4180} INFO - Setting next_dagrun for example_short_circuit_operator to None, run_after=None
[2025-04-28T10:58:30.120-0400] {processor.py:208} INFO - Processing /home/aangava/MSP/airflow_venv/lib/python3.12/site-packages/airflow/example_dags/example_short_circuit_operator.py took 0.095 seconds
[2025-04-28T10:59:25.972-0400] {processor.py:186} INFO - Started process (PID=14124) to work on /home/aangava/MSP/airflow_venv/lib/python3.12/site-packages/airflow/example_dags/example_short_circuit_operator.py
[2025-04-28T10:59:25.982-0400] {processor.py:914} INFO - Processing file /home/aangava/MSP/airflow_venv/lib/python3.12/site-packages/airflow/example_dags/example_short_circuit_operator.py for tasks to queue
[2025-04-28T10:59:25.984-0400] {logging_mixin.py:190} INFO - [2025-04-28T10:59:25.984-0400] {dagbag.py:588} INFO - Filling up the DagBag from /home/aangava/MSP/airflow_venv/lib/python3.12/site-packages/airflow/example_dags/example_short_circuit_operator.py
[2025-04-28T10:59:25.990-0400] {processor.py:925} INFO - DAG(s) 'example_short_circuit_operator' retrieved from /home/aangava/MSP/airflow_venv/lib/python3.12/site-packages/airflow/example_dags/example_short_circuit_operator.py
[2025-04-28T10:59:26.003-0400] {logging_mixin.py:190} INFO - [2025-04-28T10:59:26.003-0400] {dag.py:3239} INFO - Sync 1 DAGs
[2025-04-28T10:59:26.011-0400] {logging_mixin.py:190} INFO - [2025-04-28T10:59:26.011-0400] {dag.py:4180} INFO - Setting next_dagrun for example_short_circuit_operator to None, run_after=None
[2025-04-28T10:59:26.029-0400] {processor.py:208} INFO - Processing /home/aangava/MSP/airflow_venv/lib/python3.12/site-packages/airflow/example_dags/example_short_circuit_operator.py took 0.062 seconds
[2025-04-28T11:00:26.051-0400] {processor.py:186} INFO - Started process (PID=14511) to work on /home/aangava/MSP/airflow_venv/lib/python3.12/site-packages/airflow/example_dags/example_short_circuit_operator.py
[2025-04-28T11:00:26.062-0400] {processor.py:914} INFO - Processing file /home/aangava/MSP/airflow_venv/lib/python3.12/site-packages/airflow/example_dags/example_short_circuit_operator.py for tasks to queue
[2025-04-28T11:00:26.065-0400] {logging_mixin.py:190} INFO - [2025-04-28T11:00:26.064-0400] {dagbag.py:588} INFO - Filling up the DagBag from /home/aangava/MSP/airflow_venv/lib/python3.12/site-packages/airflow/example_dags/example_short_circuit_operator.py
[2025-04-28T11:00:26.078-0400] {processor.py:925} INFO - DAG(s) 'example_short_circuit_operator' retrieved from /home/aangava/MSP/airflow_venv/lib/python3.12/site-packages/airflow/example_dags/example_short_circuit_operator.py
[2025-04-28T11:00:26.105-0400] {logging_mixin.py:190} INFO - [2025-04-28T11:00:26.104-0400] {dag.py:3239} INFO - Sync 1 DAGs
[2025-04-28T11:00:26.121-0400] {logging_mixin.py:190} INFO - [2025-04-28T11:00:26.121-0400] {dag.py:4180} INFO - Setting next_dagrun for example_short_circuit_operator to None, run_after=None
[2025-04-28T11:00:26.146-0400] {processor.py:208} INFO - Processing /home/aangava/MSP/airflow_venv/lib/python3.12/site-packages/airflow/example_dags/example_short_circuit_operator.py took 0.109 seconds
[2025-04-28T11:01:27.129-0400] {processor.py:186} INFO - Started process (PID=14762) to work on /home/aangava/MSP/airflow_venv/lib/python3.12/site-packages/airflow/example_dags/example_short_circuit_operator.py
[2025-04-28T11:01:27.131-0400] {processor.py:914} INFO - Processing file /home/aangava/MSP/airflow_venv/lib/python3.12/site-packages/airflow/example_dags/example_short_circuit_operator.py for tasks to queue
[2025-04-28T11:01:27.133-0400] {logging_mixin.py:190} INFO - [2025-04-28T11:01:27.133-0400] {dagbag.py:588} INFO - Filling up the DagBag from /home/aangava/MSP/airflow_venv/lib/python3.12/site-packages/airflow/example_dags/example_short_circuit_operator.py
[2025-04-28T11:01:27.145-0400] {processor.py:925} INFO - DAG(s) 'example_short_circuit_operator' retrieved from /home/aangava/MSP/airflow_venv/lib/python3.12/site-packages/airflow/example_dags/example_short_circuit_operator.py
[2025-04-28T11:01:27.168-0400] {logging_mixin.py:190} INFO - [2025-04-28T11:01:27.168-0400] {dag.py:3239} INFO - Sync 1 DAGs
[2025-04-28T11:01:27.183-0400] {logging_mixin.py:190} INFO - [2025-04-28T11:01:27.183-0400] {dag.py:4180} INFO - Setting next_dagrun for example_short_circuit_operator to None, run_after=None
[2025-04-28T11:01:27.212-0400] {processor.py:208} INFO - Processing /home/aangava/MSP/airflow_venv/lib/python3.12/site-packages/airflow/example_dags/example_short_circuit_operator.py took 0.095 seconds
[2025-04-28T11:02:23.235-0400] {processor.py:186} INFO - Started process (PID=15006) to work on /home/aangava/MSP/airflow_venv/lib/python3.12/site-packages/airflow/example_dags/example_short_circuit_operator.py
[2025-04-28T11:02:23.247-0400] {processor.py:914} INFO - Processing file /home/aangava/MSP/airflow_venv/lib/python3.12/site-packages/airflow/example_dags/example_short_circuit_operator.py for tasks to queue
[2025-04-28T11:02:23.250-0400] {logging_mixin.py:190} INFO - [2025-04-28T11:02:23.249-0400] {dagbag.py:588} INFO - Filling up the DagBag from /home/aangava/MSP/airflow_venv/lib/python3.12/site-packages/airflow/example_dags/example_short_circuit_operator.py
[2025-04-28T11:02:23.263-0400] {processor.py:925} INFO - DAG(s) 'example_short_circuit_operator' retrieved from /home/aangava/MSP/airflow_venv/lib/python3.12/site-packages/airflow/example_dags/example_short_circuit_operator.py
[2025-04-28T11:02:23.287-0400] {logging_mixin.py:190} INFO - [2025-04-28T11:02:23.287-0400] {dag.py:3239} INFO - Sync 1 DAGs
[2025-04-28T11:02:23.307-0400] {logging_mixin.py:190} INFO - [2025-04-28T11:02:23.306-0400] {dag.py:4180} INFO - Setting next_dagrun for example_short_circuit_operator to None, run_after=None
[2025-04-28T11:02:23.336-0400] {processor.py:208} INFO - Processing /home/aangava/MSP/airflow_venv/lib/python3.12/site-packages/airflow/example_dags/example_short_circuit_operator.py took 0.111 seconds
[2025-04-28T11:03:22.204-0400] {processor.py:186} INFO - Started process (PID=15303) to work on /home/aangava/MSP/airflow_venv/lib/python3.12/site-packages/airflow/example_dags/example_short_circuit_operator.py
[2025-04-28T11:03:22.213-0400] {processor.py:914} INFO - Processing file /home/aangava/MSP/airflow_venv/lib/python3.12/site-packages/airflow/example_dags/example_short_circuit_operator.py for tasks to queue
[2025-04-28T11:03:22.215-0400] {logging_mixin.py:190} INFO - [2025-04-28T11:03:22.214-0400] {dagbag.py:588} INFO - Filling up the DagBag from /home/aangava/MSP/airflow_venv/lib/python3.12/site-packages/airflow/example_dags/example_short_circuit_operator.py
[2025-04-28T11:03:22.222-0400] {processor.py:925} INFO - DAG(s) 'example_short_circuit_operator' retrieved from /home/aangava/MSP/airflow_venv/lib/python3.12/site-packages/airflow/example_dags/example_short_circuit_operator.py
[2025-04-28T11:03:22.241-0400] {logging_mixin.py:190} INFO - [2025-04-28T11:03:22.240-0400] {dag.py:3239} INFO - Sync 1 DAGs
[2025-04-28T11:03:22.251-0400] {logging_mixin.py:190} INFO - [2025-04-28T11:03:22.251-0400] {dag.py:4180} INFO - Setting next_dagrun for example_short_circuit_operator to None, run_after=None
[2025-04-28T11:03:22.276-0400] {processor.py:208} INFO - Processing /home/aangava/MSP/airflow_venv/lib/python3.12/site-packages/airflow/example_dags/example_short_circuit_operator.py took 0.078 seconds
[2025-04-28T11:04:21.092-0400] {processor.py:186} INFO - Started process (PID=15653) to work on /home/aangava/MSP/airflow_venv/lib/python3.12/site-packages/airflow/example_dags/example_short_circuit_operator.py
[2025-04-28T11:04:21.093-0400] {processor.py:914} INFO - Processing file /home/aangava/MSP/airflow_venv/lib/python3.12/site-packages/airflow/example_dags/example_short_circuit_operator.py for tasks to queue
[2025-04-28T11:04:21.095-0400] {logging_mixin.py:190} INFO - [2025-04-28T11:04:21.094-0400] {dagbag.py:588} INFO - Filling up the DagBag from /home/aangava/MSP/airflow_venv/lib/python3.12/site-packages/airflow/example_dags/example_short_circuit_operator.py
[2025-04-28T11:04:21.106-0400] {processor.py:925} INFO - DAG(s) 'example_short_circuit_operator' retrieved from /home/aangava/MSP/airflow_venv/lib/python3.12/site-packages/airflow/example_dags/example_short_circuit_operator.py
[2025-04-28T11:04:21.119-0400] {logging_mixin.py:190} INFO - [2025-04-28T11:04:21.119-0400] {dag.py:3239} INFO - Sync 1 DAGs
[2025-04-28T11:04:21.131-0400] {logging_mixin.py:190} INFO - [2025-04-28T11:04:21.131-0400] {dag.py:4180} INFO - Setting next_dagrun for example_short_circuit_operator to None, run_after=None
[2025-04-28T11:04:21.152-0400] {processor.py:208} INFO - Processing /home/aangava/MSP/airflow_venv/lib/python3.12/site-packages/airflow/example_dags/example_short_circuit_operator.py took 0.068 seconds
[2025-04-28T11:05:23.023-0400] {processor.py:186} INFO - Started process (PID=16000) to work on /home/aangava/MSP/airflow_venv/lib/python3.12/site-packages/airflow/example_dags/example_short_circuit_operator.py
[2025-04-28T11:05:23.025-0400] {processor.py:914} INFO - Processing file /home/aangava/MSP/airflow_venv/lib/python3.12/site-packages/airflow/example_dags/example_short_circuit_operator.py for tasks to queue
[2025-04-28T11:05:23.027-0400] {logging_mixin.py:190} INFO - [2025-04-28T11:05:23.027-0400] {dagbag.py:588} INFO - Filling up the DagBag from /home/aangava/MSP/airflow_venv/lib/python3.12/site-packages/airflow/example_dags/example_short_circuit_operator.py
[2025-04-28T11:05:23.039-0400] {processor.py:925} INFO - DAG(s) 'example_short_circuit_operator' retrieved from /home/aangava/MSP/airflow_venv/lib/python3.12/site-packages/airflow/example_dags/example_short_circuit_operator.py
[2025-04-28T11:05:23.065-0400] {logging_mixin.py:190} INFO - [2025-04-28T11:05:23.065-0400] {dag.py:3239} INFO - Sync 1 DAGs
[2025-04-28T11:05:23.087-0400] {logging_mixin.py:190} INFO - [2025-04-28T11:05:23.086-0400] {dag.py:4180} INFO - Setting next_dagrun for example_short_circuit_operator to None, run_after=None
[2025-04-28T11:05:23.112-0400] {processor.py:208} INFO - Processing /home/aangava/MSP/airflow_venv/lib/python3.12/site-packages/airflow/example_dags/example_short_circuit_operator.py took 0.100 seconds
[2025-04-28T11:06:22.090-0400] {processor.py:186} INFO - Started process (PID=16409) to work on /home/aangava/MSP/airflow_venv/lib/python3.12/site-packages/airflow/example_dags/example_short_circuit_operator.py
[2025-04-28T11:06:22.091-0400] {processor.py:914} INFO - Processing file /home/aangava/MSP/airflow_venv/lib/python3.12/site-packages/airflow/example_dags/example_short_circuit_operator.py for tasks to queue
[2025-04-28T11:06:22.093-0400] {logging_mixin.py:190} INFO - [2025-04-28T11:06:22.093-0400] {dagbag.py:588} INFO - Filling up the DagBag from /home/aangava/MSP/airflow_venv/lib/python3.12/site-packages/airflow/example_dags/example_short_circuit_operator.py
[2025-04-28T11:06:22.102-0400] {processor.py:925} INFO - DAG(s) 'example_short_circuit_operator' retrieved from /home/aangava/MSP/airflow_venv/lib/python3.12/site-packages/airflow/example_dags/example_short_circuit_operator.py
[2025-04-28T11:06:22.123-0400] {logging_mixin.py:190} INFO - [2025-04-28T11:06:22.123-0400] {dag.py:3239} INFO - Sync 1 DAGs
[2025-04-28T11:06:22.136-0400] {logging_mixin.py:190} INFO - [2025-04-28T11:06:22.136-0400] {dag.py:4180} INFO - Setting next_dagrun for example_short_circuit_operator to None, run_after=None
[2025-04-28T11:06:22.162-0400] {processor.py:208} INFO - Processing /home/aangava/MSP/airflow_venv/lib/python3.12/site-packages/airflow/example_dags/example_short_circuit_operator.py took 0.082 seconds
[2025-04-28T11:07:20.694-0400] {processor.py:186} INFO - Started process (PID=16713) to work on /home/aangava/MSP/airflow_venv/lib/python3.12/site-packages/airflow/example_dags/example_short_circuit_operator.py
[2025-04-28T11:07:20.704-0400] {processor.py:914} INFO - Processing file /home/aangava/MSP/airflow_venv/lib/python3.12/site-packages/airflow/example_dags/example_short_circuit_operator.py for tasks to queue
[2025-04-28T11:07:20.707-0400] {logging_mixin.py:190} INFO - [2025-04-28T11:07:20.707-0400] {dagbag.py:588} INFO - Filling up the DagBag from /home/aangava/MSP/airflow_venv/lib/python3.12/site-packages/airflow/example_dags/example_short_circuit_operator.py
[2025-04-28T11:07:20.719-0400] {processor.py:925} INFO - DAG(s) 'example_short_circuit_operator' retrieved from /home/aangava/MSP/airflow_venv/lib/python3.12/site-packages/airflow/example_dags/example_short_circuit_operator.py
[2025-04-28T11:07:20.740-0400] {logging_mixin.py:190} INFO - [2025-04-28T11:07:20.739-0400] {dag.py:3239} INFO - Sync 1 DAGs
[2025-04-28T11:07:20.754-0400] {logging_mixin.py:190} INFO - [2025-04-28T11:07:20.754-0400] {dag.py:4180} INFO - Setting next_dagrun for example_short_circuit_operator to None, run_after=None
[2025-04-28T11:07:20.778-0400] {processor.py:208} INFO - Processing /home/aangava/MSP/airflow_venv/lib/python3.12/site-packages/airflow/example_dags/example_short_circuit_operator.py took 0.092 seconds
[2025-04-28T11:08:17.958-0400] {processor.py:186} INFO - Started process (PID=17107) to work on /home/aangava/MSP/airflow_venv/lib/python3.12/site-packages/airflow/example_dags/example_short_circuit_operator.py
[2025-04-28T11:08:17.969-0400] {processor.py:914} INFO - Processing file /home/aangava/MSP/airflow_venv/lib/python3.12/site-packages/airflow/example_dags/example_short_circuit_operator.py for tasks to queue
[2025-04-28T11:08:17.974-0400] {logging_mixin.py:190} INFO - [2025-04-28T11:08:17.973-0400] {dagbag.py:588} INFO - Filling up the DagBag from /home/aangava/MSP/airflow_venv/lib/python3.12/site-packages/airflow/example_dags/example_short_circuit_operator.py
[2025-04-28T11:08:17.988-0400] {processor.py:925} INFO - DAG(s) 'example_short_circuit_operator' retrieved from /home/aangava/MSP/airflow_venv/lib/python3.12/site-packages/airflow/example_dags/example_short_circuit_operator.py
[2025-04-28T11:08:18.010-0400] {logging_mixin.py:190} INFO - [2025-04-28T11:08:18.009-0400] {dag.py:3239} INFO - Sync 1 DAGs
[2025-04-28T11:08:18.025-0400] {logging_mixin.py:190} INFO - [2025-04-28T11:08:18.025-0400] {dag.py:4180} INFO - Setting next_dagrun for example_short_circuit_operator to None, run_after=None
[2025-04-28T11:08:18.053-0400] {processor.py:208} INFO - Processing /home/aangava/MSP/airflow_venv/lib/python3.12/site-packages/airflow/example_dags/example_short_circuit_operator.py took 0.106 seconds
[2025-04-28T11:09:15.015-0400] {processor.py:186} INFO - Started process (PID=17393) to work on /home/aangava/MSP/airflow_venv/lib/python3.12/site-packages/airflow/example_dags/example_short_circuit_operator.py
[2025-04-28T11:09:15.025-0400] {processor.py:914} INFO - Processing file /home/aangava/MSP/airflow_venv/lib/python3.12/site-packages/airflow/example_dags/example_short_circuit_operator.py for tasks to queue
[2025-04-28T11:09:15.027-0400] {logging_mixin.py:190} INFO - [2025-04-28T11:09:15.026-0400] {dagbag.py:588} INFO - Filling up the DagBag from /home/aangava/MSP/airflow_venv/lib/python3.12/site-packages/airflow/example_dags/example_short_circuit_operator.py
[2025-04-28T11:09:15.035-0400] {processor.py:925} INFO - DAG(s) 'example_short_circuit_operator' retrieved from /home/aangava/MSP/airflow_venv/lib/python3.12/site-packages/airflow/example_dags/example_short_circuit_operator.py
[2025-04-28T11:09:15.060-0400] {logging_mixin.py:190} INFO - [2025-04-28T11:09:15.059-0400] {dag.py:3239} INFO - Sync 1 DAGs
[2025-04-28T11:09:15.075-0400] {logging_mixin.py:190} INFO - [2025-04-28T11:09:15.075-0400] {dag.py:4180} INFO - Setting next_dagrun for example_short_circuit_operator to None, run_after=None
[2025-04-28T11:09:15.101-0400] {processor.py:208} INFO - Processing /home/aangava/MSP/airflow_venv/lib/python3.12/site-packages/airflow/example_dags/example_short_circuit_operator.py took 0.091 seconds
[2025-04-28T11:10:08.405-0400] {processor.py:186} INFO - Started process (PID=17706) to work on /home/aangava/MSP/airflow_venv/lib/python3.12/site-packages/airflow/example_dags/example_short_circuit_operator.py
[2025-04-28T11:10:08.406-0400] {processor.py:914} INFO - Processing file /home/aangava/MSP/airflow_venv/lib/python3.12/site-packages/airflow/example_dags/example_short_circuit_operator.py for tasks to queue
[2025-04-28T11:10:08.408-0400] {logging_mixin.py:190} INFO - [2025-04-28T11:10:08.408-0400] {dagbag.py:588} INFO - Filling up the DagBag from /home/aangava/MSP/airflow_venv/lib/python3.12/site-packages/airflow/example_dags/example_short_circuit_operator.py
[2025-04-28T11:10:08.418-0400] {processor.py:925} INFO - DAG(s) 'example_short_circuit_operator' retrieved from /home/aangava/MSP/airflow_venv/lib/python3.12/site-packages/airflow/example_dags/example_short_circuit_operator.py
[2025-04-28T11:10:08.439-0400] {logging_mixin.py:190} INFO - [2025-04-28T11:10:08.438-0400] {dag.py:3239} INFO - Sync 1 DAGs
[2025-04-28T11:10:08.455-0400] {logging_mixin.py:190} INFO - [2025-04-28T11:10:08.455-0400] {dag.py:4180} INFO - Setting next_dagrun for example_short_circuit_operator to None, run_after=None
[2025-04-28T11:10:08.481-0400] {processor.py:208} INFO - Processing /home/aangava/MSP/airflow_venv/lib/python3.12/site-packages/airflow/example_dags/example_short_circuit_operator.py took 0.085 seconds
[2025-04-28T11:11:29.684-0400] {processor.py:186} INFO - Started process (PID=18352) to work on /home/aangava/MSP/airflow_venv/lib/python3.12/site-packages/airflow/example_dags/example_short_circuit_operator.py
[2025-04-28T11:11:29.696-0400] {processor.py:914} INFO - Processing file /home/aangava/MSP/airflow_venv/lib/python3.12/site-packages/airflow/example_dags/example_short_circuit_operator.py for tasks to queue
[2025-04-28T11:11:29.699-0400] {logging_mixin.py:190} INFO - [2025-04-28T11:11:29.698-0400] {dagbag.py:588} INFO - Filling up the DagBag from /home/aangava/MSP/airflow_venv/lib/python3.12/site-packages/airflow/example_dags/example_short_circuit_operator.py
[2025-04-28T11:11:29.706-0400] {processor.py:925} INFO - DAG(s) 'example_short_circuit_operator' retrieved from /home/aangava/MSP/airflow_venv/lib/python3.12/site-packages/airflow/example_dags/example_short_circuit_operator.py
[2025-04-28T11:11:29.719-0400] {logging_mixin.py:190} INFO - [2025-04-28T11:11:29.718-0400] {dag.py:3239} INFO - Sync 1 DAGs
[2025-04-28T11:11:29.727-0400] {logging_mixin.py:190} INFO - [2025-04-28T11:11:29.727-0400] {dag.py:4180} INFO - Setting next_dagrun for example_short_circuit_operator to None, run_after=None
[2025-04-28T11:11:29.742-0400] {processor.py:208} INFO - Processing /home/aangava/MSP/airflow_venv/lib/python3.12/site-packages/airflow/example_dags/example_short_circuit_operator.py took 0.070 seconds
[2025-04-28T11:12:32.134-0400] {processor.py:186} INFO - Started process (PID=18770) to work on /home/aangava/MSP/airflow_venv/lib/python3.12/site-packages/airflow/example_dags/example_short_circuit_operator.py
[2025-04-28T11:12:32.135-0400] {processor.py:914} INFO - Processing file /home/aangava/MSP/airflow_venv/lib/python3.12/site-packages/airflow/example_dags/example_short_circuit_operator.py for tasks to queue
[2025-04-28T11:12:32.137-0400] {logging_mixin.py:190} INFO - [2025-04-28T11:12:32.137-0400] {dagbag.py:588} INFO - Filling up the DagBag from /home/aangava/MSP/airflow_venv/lib/python3.12/site-packages/airflow/example_dags/example_short_circuit_operator.py
[2025-04-28T11:12:32.147-0400] {processor.py:925} INFO - DAG(s) 'example_short_circuit_operator' retrieved from /home/aangava/MSP/airflow_venv/lib/python3.12/site-packages/airflow/example_dags/example_short_circuit_operator.py
[2025-04-28T11:12:32.168-0400] {logging_mixin.py:190} INFO - [2025-04-28T11:12:32.168-0400] {dag.py:3239} INFO - Sync 1 DAGs
[2025-04-28T11:12:32.182-0400] {logging_mixin.py:190} INFO - [2025-04-28T11:12:32.182-0400] {dag.py:4180} INFO - Setting next_dagrun for example_short_circuit_operator to None, run_after=None
[2025-04-28T11:12:32.205-0400] {processor.py:208} INFO - Processing /home/aangava/MSP/airflow_venv/lib/python3.12/site-packages/airflow/example_dags/example_short_circuit_operator.py took 0.080 seconds
[2025-04-28T11:13:31.318-0400] {processor.py:186} INFO - Started process (PID=19139) to work on /home/aangava/MSP/airflow_venv/lib/python3.12/site-packages/airflow/example_dags/example_short_circuit_operator.py
[2025-04-28T11:13:31.320-0400] {processor.py:914} INFO - Processing file /home/aangava/MSP/airflow_venv/lib/python3.12/site-packages/airflow/example_dags/example_short_circuit_operator.py for tasks to queue
[2025-04-28T11:13:31.323-0400] {logging_mixin.py:190} INFO - [2025-04-28T11:13:31.322-0400] {dagbag.py:588} INFO - Filling up the DagBag from /home/aangava/MSP/airflow_venv/lib/python3.12/site-packages/airflow/example_dags/example_short_circuit_operator.py
[2025-04-28T11:13:31.337-0400] {processor.py:925} INFO - DAG(s) 'example_short_circuit_operator' retrieved from /home/aangava/MSP/airflow_venv/lib/python3.12/site-packages/airflow/example_dags/example_short_circuit_operator.py
[2025-04-28T11:13:31.363-0400] {logging_mixin.py:190} INFO - [2025-04-28T11:13:31.363-0400] {dag.py:3239} INFO - Sync 1 DAGs
[2025-04-28T11:13:31.382-0400] {logging_mixin.py:190} INFO - [2025-04-28T11:13:31.382-0400] {dag.py:4180} INFO - Setting next_dagrun for example_short_circuit_operator to None, run_after=None
[2025-04-28T11:13:31.406-0400] {processor.py:208} INFO - Processing /home/aangava/MSP/airflow_venv/lib/python3.12/site-packages/airflow/example_dags/example_short_circuit_operator.py took 0.101 seconds
[2025-04-28T11:14:37.900-0400] {processor.py:186} INFO - Started process (PID=19601) to work on /home/aangava/MSP/airflow_venv/lib/python3.12/site-packages/airflow/example_dags/example_short_circuit_operator.py
[2025-04-28T11:14:37.902-0400] {processor.py:914} INFO - Processing file /home/aangava/MSP/airflow_venv/lib/python3.12/site-packages/airflow/example_dags/example_short_circuit_operator.py for tasks to queue
[2025-04-28T11:14:37.904-0400] {logging_mixin.py:190} INFO - [2025-04-28T11:14:37.903-0400] {dagbag.py:588} INFO - Filling up the DagBag from /home/aangava/MSP/airflow_venv/lib/python3.12/site-packages/airflow/example_dags/example_short_circuit_operator.py
[2025-04-28T11:14:37.914-0400] {processor.py:925} INFO - DAG(s) 'example_short_circuit_operator' retrieved from /home/aangava/MSP/airflow_venv/lib/python3.12/site-packages/airflow/example_dags/example_short_circuit_operator.py
[2025-04-28T11:14:37.937-0400] {logging_mixin.py:190} INFO - [2025-04-28T11:14:37.936-0400] {dag.py:3239} INFO - Sync 1 DAGs
[2025-04-28T11:14:37.953-0400] {logging_mixin.py:190} INFO - [2025-04-28T11:14:37.952-0400] {dag.py:4180} INFO - Setting next_dagrun for example_short_circuit_operator to None, run_after=None
[2025-04-28T11:14:37.975-0400] {processor.py:208} INFO - Processing /home/aangava/MSP/airflow_venv/lib/python3.12/site-packages/airflow/example_dags/example_short_circuit_operator.py took 0.089 seconds
[2025-04-28T11:15:40.698-0400] {processor.py:186} INFO - Started process (PID=20045) to work on /home/aangava/MSP/airflow_venv/lib/python3.12/site-packages/airflow/example_dags/example_short_circuit_operator.py
[2025-04-28T11:15:40.700-0400] {processor.py:914} INFO - Processing file /home/aangava/MSP/airflow_venv/lib/python3.12/site-packages/airflow/example_dags/example_short_circuit_operator.py for tasks to queue
[2025-04-28T11:15:40.703-0400] {logging_mixin.py:190} INFO - [2025-04-28T11:15:40.702-0400] {dagbag.py:588} INFO - Filling up the DagBag from /home/aangava/MSP/airflow_venv/lib/python3.12/site-packages/airflow/example_dags/example_short_circuit_operator.py
[2025-04-28T11:15:40.715-0400] {processor.py:925} INFO - DAG(s) 'example_short_circuit_operator' retrieved from /home/aangava/MSP/airflow_venv/lib/python3.12/site-packages/airflow/example_dags/example_short_circuit_operator.py
[2025-04-28T11:15:40.743-0400] {logging_mixin.py:190} INFO - [2025-04-28T11:15:40.743-0400] {dag.py:3239} INFO - Sync 1 DAGs
[2025-04-28T11:15:40.759-0400] {logging_mixin.py:190} INFO - [2025-04-28T11:15:40.759-0400] {dag.py:4180} INFO - Setting next_dagrun for example_short_circuit_operator to None, run_after=None
[2025-04-28T11:15:40.787-0400] {processor.py:208} INFO - Processing /home/aangava/MSP/airflow_venv/lib/python3.12/site-packages/airflow/example_dags/example_short_circuit_operator.py took 0.103 seconds
[2025-04-28T11:16:42.843-0400] {processor.py:186} INFO - Started process (PID=20496) to work on /home/aangava/MSP/airflow_venv/lib/python3.12/site-packages/airflow/example_dags/example_short_circuit_operator.py
[2025-04-28T11:16:42.844-0400] {processor.py:914} INFO - Processing file /home/aangava/MSP/airflow_venv/lib/python3.12/site-packages/airflow/example_dags/example_short_circuit_operator.py for tasks to queue
[2025-04-28T11:16:42.846-0400] {logging_mixin.py:190} INFO - [2025-04-28T11:16:42.846-0400] {dagbag.py:588} INFO - Filling up the DagBag from /home/aangava/MSP/airflow_venv/lib/python3.12/site-packages/airflow/example_dags/example_short_circuit_operator.py
[2025-04-28T11:16:42.856-0400] {processor.py:925} INFO - DAG(s) 'example_short_circuit_operator' retrieved from /home/aangava/MSP/airflow_venv/lib/python3.12/site-packages/airflow/example_dags/example_short_circuit_operator.py
[2025-04-28T11:16:42.876-0400] {logging_mixin.py:190} INFO - [2025-04-28T11:16:42.876-0400] {dag.py:3239} INFO - Sync 1 DAGs
[2025-04-28T11:16:42.891-0400] {logging_mixin.py:190} INFO - [2025-04-28T11:16:42.891-0400] {dag.py:4180} INFO - Setting next_dagrun for example_short_circuit_operator to None, run_after=None
[2025-04-28T11:16:42.914-0400] {processor.py:208} INFO - Processing /home/aangava/MSP/airflow_venv/lib/python3.12/site-packages/airflow/example_dags/example_short_circuit_operator.py took 0.082 seconds
[2025-04-28T11:17:43.751-0400] {processor.py:186} INFO - Started process (PID=20936) to work on /home/aangava/MSP/airflow_venv/lib/python3.12/site-packages/airflow/example_dags/example_short_circuit_operator.py
[2025-04-28T11:17:43.761-0400] {processor.py:914} INFO - Processing file /home/aangava/MSP/airflow_venv/lib/python3.12/site-packages/airflow/example_dags/example_short_circuit_operator.py for tasks to queue
[2025-04-28T11:17:43.762-0400] {logging_mixin.py:190} INFO - [2025-04-28T11:17:43.762-0400] {dagbag.py:588} INFO - Filling up the DagBag from /home/aangava/MSP/airflow_venv/lib/python3.12/site-packages/airflow/example_dags/example_short_circuit_operator.py
[2025-04-28T11:17:43.769-0400] {processor.py:925} INFO - DAG(s) 'example_short_circuit_operator' retrieved from /home/aangava/MSP/airflow_venv/lib/python3.12/site-packages/airflow/example_dags/example_short_circuit_operator.py
[2025-04-28T11:17:43.783-0400] {logging_mixin.py:190} INFO - [2025-04-28T11:17:43.782-0400] {dag.py:3239} INFO - Sync 1 DAGs
[2025-04-28T11:17:43.799-0400] {logging_mixin.py:190} INFO - [2025-04-28T11:17:43.798-0400] {dag.py:4180} INFO - Setting next_dagrun for example_short_circuit_operator to None, run_after=None
[2025-04-28T11:17:43.815-0400] {processor.py:208} INFO - Processing /home/aangava/MSP/airflow_venv/lib/python3.12/site-packages/airflow/example_dags/example_short_circuit_operator.py took 0.069 seconds
[2025-04-28T11:18:47.651-0400] {processor.py:186} INFO - Started process (PID=21437) to work on /home/aangava/MSP/airflow_venv/lib/python3.12/site-packages/airflow/example_dags/example_short_circuit_operator.py
[2025-04-28T11:18:47.663-0400] {processor.py:914} INFO - Processing file /home/aangava/MSP/airflow_venv/lib/python3.12/site-packages/airflow/example_dags/example_short_circuit_operator.py for tasks to queue
[2025-04-28T11:18:47.666-0400] {logging_mixin.py:190} INFO - [2025-04-28T11:18:47.665-0400] {dagbag.py:588} INFO - Filling up the DagBag from /home/aangava/MSP/airflow_venv/lib/python3.12/site-packages/airflow/example_dags/example_short_circuit_operator.py
[2025-04-28T11:18:47.679-0400] {processor.py:925} INFO - DAG(s) 'example_short_circuit_operator' retrieved from /home/aangava/MSP/airflow_venv/lib/python3.12/site-packages/airflow/example_dags/example_short_circuit_operator.py
[2025-04-28T11:18:47.705-0400] {logging_mixin.py:190} INFO - [2025-04-28T11:18:47.704-0400] {dag.py:3239} INFO - Sync 1 DAGs
[2025-04-28T11:18:47.722-0400] {logging_mixin.py:190} INFO - [2025-04-28T11:18:47.722-0400] {dag.py:4180} INFO - Setting next_dagrun for example_short_circuit_operator to None, run_after=None
[2025-04-28T11:18:47.749-0400] {processor.py:208} INFO - Processing /home/aangava/MSP/airflow_venv/lib/python3.12/site-packages/airflow/example_dags/example_short_circuit_operator.py took 0.110 seconds
[2025-04-28T11:19:45.479-0400] {processor.py:186} INFO - Started process (PID=21698) to work on /home/aangava/MSP/airflow_venv/lib/python3.12/site-packages/airflow/example_dags/example_short_circuit_operator.py
[2025-04-28T11:19:45.482-0400] {processor.py:914} INFO - Processing file /home/aangava/MSP/airflow_venv/lib/python3.12/site-packages/airflow/example_dags/example_short_circuit_operator.py for tasks to queue
[2025-04-28T11:19:45.484-0400] {logging_mixin.py:190} INFO - [2025-04-28T11:19:45.483-0400] {dagbag.py:588} INFO - Filling up the DagBag from /home/aangava/MSP/airflow_venv/lib/python3.12/site-packages/airflow/example_dags/example_short_circuit_operator.py
[2025-04-28T11:19:45.494-0400] {processor.py:925} INFO - DAG(s) 'example_short_circuit_operator' retrieved from /home/aangava/MSP/airflow_venv/lib/python3.12/site-packages/airflow/example_dags/example_short_circuit_operator.py
[2025-04-28T11:19:45.513-0400] {logging_mixin.py:190} INFO - [2025-04-28T11:19:45.513-0400] {dag.py:3239} INFO - Sync 1 DAGs
[2025-04-28T11:19:45.531-0400] {logging_mixin.py:190} INFO - [2025-04-28T11:19:45.530-0400] {dag.py:4180} INFO - Setting next_dagrun for example_short_circuit_operator to None, run_after=None
[2025-04-28T11:19:45.552-0400] {processor.py:208} INFO - Processing /home/aangava/MSP/airflow_venv/lib/python3.12/site-packages/airflow/example_dags/example_short_circuit_operator.py took 0.080 seconds
[2025-04-28T11:20:45.006-0400] {processor.py:186} INFO - Started process (PID=22015) to work on /home/aangava/MSP/airflow_venv/lib/python3.12/site-packages/airflow/example_dags/example_short_circuit_operator.py
[2025-04-28T11:20:45.008-0400] {processor.py:914} INFO - Processing file /home/aangava/MSP/airflow_venv/lib/python3.12/site-packages/airflow/example_dags/example_short_circuit_operator.py for tasks to queue
[2025-04-28T11:20:45.010-0400] {logging_mixin.py:190} INFO - [2025-04-28T11:20:45.009-0400] {dagbag.py:588} INFO - Filling up the DagBag from /home/aangava/MSP/airflow_venv/lib/python3.12/site-packages/airflow/example_dags/example_short_circuit_operator.py
[2025-04-28T11:20:45.019-0400] {processor.py:925} INFO - DAG(s) 'example_short_circuit_operator' retrieved from /home/aangava/MSP/airflow_venv/lib/python3.12/site-packages/airflow/example_dags/example_short_circuit_operator.py
[2025-04-28T11:20:45.041-0400] {logging_mixin.py:190} INFO - [2025-04-28T11:20:45.040-0400] {dag.py:3239} INFO - Sync 1 DAGs
[2025-04-28T11:20:45.055-0400] {logging_mixin.py:190} INFO - [2025-04-28T11:20:45.055-0400] {dag.py:4180} INFO - Setting next_dagrun for example_short_circuit_operator to None, run_after=None
[2025-04-28T11:20:45.077-0400] {processor.py:208} INFO - Processing /home/aangava/MSP/airflow_venv/lib/python3.12/site-packages/airflow/example_dags/example_short_circuit_operator.py took 0.080 seconds
[2025-04-28T11:21:56.443-0400] {processor.py:186} INFO - Started process (PID=22706) to work on /home/aangava/MSP/airflow_venv/lib/python3.12/site-packages/airflow/example_dags/example_short_circuit_operator.py
[2025-04-28T11:21:56.455-0400] {processor.py:914} INFO - Processing file /home/aangava/MSP/airflow_venv/lib/python3.12/site-packages/airflow/example_dags/example_short_circuit_operator.py for tasks to queue
[2025-04-28T11:21:56.457-0400] {logging_mixin.py:190} INFO - [2025-04-28T11:21:56.457-0400] {dagbag.py:588} INFO - Filling up the DagBag from /home/aangava/MSP/airflow_venv/lib/python3.12/site-packages/airflow/example_dags/example_short_circuit_operator.py
[2025-04-28T11:21:56.470-0400] {processor.py:925} INFO - DAG(s) 'example_short_circuit_operator' retrieved from /home/aangava/MSP/airflow_venv/lib/python3.12/site-packages/airflow/example_dags/example_short_circuit_operator.py
[2025-04-28T11:21:56.500-0400] {logging_mixin.py:190} INFO - [2025-04-28T11:21:56.500-0400] {dag.py:3239} INFO - Sync 1 DAGs
[2025-04-28T11:21:56.517-0400] {logging_mixin.py:190} INFO - [2025-04-28T11:21:56.517-0400] {dag.py:4180} INFO - Setting next_dagrun for example_short_circuit_operator to None, run_after=None
[2025-04-28T11:21:56.546-0400] {processor.py:208} INFO - Processing /home/aangava/MSP/airflow_venv/lib/python3.12/site-packages/airflow/example_dags/example_short_circuit_operator.py took 0.114 seconds
[2025-04-28T11:23:10.037-0400] {processor.py:186} INFO - Started process (PID=23247) to work on /home/aangava/MSP/airflow_venv/lib/python3.12/site-packages/airflow/example_dags/example_short_circuit_operator.py
[2025-04-28T11:23:10.047-0400] {processor.py:914} INFO - Processing file /home/aangava/MSP/airflow_venv/lib/python3.12/site-packages/airflow/example_dags/example_short_circuit_operator.py for tasks to queue
[2025-04-28T11:23:10.048-0400] {logging_mixin.py:190} INFO - [2025-04-28T11:23:10.048-0400] {dagbag.py:588} INFO - Filling up the DagBag from /home/aangava/MSP/airflow_venv/lib/python3.12/site-packages/airflow/example_dags/example_short_circuit_operator.py
[2025-04-28T11:23:10.054-0400] {processor.py:925} INFO - DAG(s) 'example_short_circuit_operator' retrieved from /home/aangava/MSP/airflow_venv/lib/python3.12/site-packages/airflow/example_dags/example_short_circuit_operator.py
[2025-04-28T11:23:10.070-0400] {logging_mixin.py:190} INFO - [2025-04-28T11:23:10.069-0400] {dag.py:3239} INFO - Sync 1 DAGs
[2025-04-28T11:23:10.079-0400] {logging_mixin.py:190} INFO - [2025-04-28T11:23:10.078-0400] {dag.py:4180} INFO - Setting next_dagrun for example_short_circuit_operator to None, run_after=None
[2025-04-28T11:23:10.095-0400] {processor.py:208} INFO - Processing /home/aangava/MSP/airflow_venv/lib/python3.12/site-packages/airflow/example_dags/example_short_circuit_operator.py took 0.064 seconds
[2025-04-28T11:24:12.966-0400] {processor.py:186} INFO - Started process (PID=23542) to work on /home/aangava/MSP/airflow_venv/lib/python3.12/site-packages/airflow/example_dags/example_short_circuit_operator.py
[2025-04-28T11:24:12.976-0400] {processor.py:914} INFO - Processing file /home/aangava/MSP/airflow_venv/lib/python3.12/site-packages/airflow/example_dags/example_short_circuit_operator.py for tasks to queue
[2025-04-28T11:24:12.978-0400] {logging_mixin.py:190} INFO - [2025-04-28T11:24:12.978-0400] {dagbag.py:588} INFO - Filling up the DagBag from /home/aangava/MSP/airflow_venv/lib/python3.12/site-packages/airflow/example_dags/example_short_circuit_operator.py
[2025-04-28T11:24:12.988-0400] {processor.py:925} INFO - DAG(s) 'example_short_circuit_operator' retrieved from /home/aangava/MSP/airflow_venv/lib/python3.12/site-packages/airflow/example_dags/example_short_circuit_operator.py
[2025-04-28T11:24:13.021-0400] {logging_mixin.py:190} INFO - [2025-04-28T11:24:13.020-0400] {dag.py:3239} INFO - Sync 1 DAGs
[2025-04-28T11:24:13.035-0400] {logging_mixin.py:190} INFO - [2025-04-28T11:24:13.034-0400] {dag.py:4180} INFO - Setting next_dagrun for example_short_circuit_operator to None, run_after=None
[2025-04-28T11:24:13.064-0400] {processor.py:208} INFO - Processing /home/aangava/MSP/airflow_venv/lib/python3.12/site-packages/airflow/example_dags/example_short_circuit_operator.py took 0.106 seconds
[2025-04-28T11:25:10.007-0400] {processor.py:186} INFO - Started process (PID=23802) to work on /home/aangava/MSP/airflow_venv/lib/python3.12/site-packages/airflow/example_dags/example_short_circuit_operator.py
[2025-04-28T11:25:10.017-0400] {processor.py:914} INFO - Processing file /home/aangava/MSP/airflow_venv/lib/python3.12/site-packages/airflow/example_dags/example_short_circuit_operator.py for tasks to queue
[2025-04-28T11:25:10.018-0400] {logging_mixin.py:190} INFO - [2025-04-28T11:25:10.018-0400] {dagbag.py:588} INFO - Filling up the DagBag from /home/aangava/MSP/airflow_venv/lib/python3.12/site-packages/airflow/example_dags/example_short_circuit_operator.py
[2025-04-28T11:25:10.025-0400] {processor.py:925} INFO - DAG(s) 'example_short_circuit_operator' retrieved from /home/aangava/MSP/airflow_venv/lib/python3.12/site-packages/airflow/example_dags/example_short_circuit_operator.py
[2025-04-28T11:25:10.037-0400] {logging_mixin.py:190} INFO - [2025-04-28T11:25:10.037-0400] {dag.py:3239} INFO - Sync 1 DAGs
[2025-04-28T11:25:10.046-0400] {logging_mixin.py:190} INFO - [2025-04-28T11:25:10.045-0400] {dag.py:4180} INFO - Setting next_dagrun for example_short_circuit_operator to None, run_after=None
[2025-04-28T11:25:10.059-0400] {processor.py:208} INFO - Processing /home/aangava/MSP/airflow_venv/lib/python3.12/site-packages/airflow/example_dags/example_short_circuit_operator.py took 0.057 seconds
[2025-04-28T11:26:03.574-0400] {processor.py:186} INFO - Started process (PID=24081) to work on /home/aangava/MSP/airflow_venv/lib/python3.12/site-packages/airflow/example_dags/example_short_circuit_operator.py
[2025-04-28T11:26:03.575-0400] {processor.py:914} INFO - Processing file /home/aangava/MSP/airflow_venv/lib/python3.12/site-packages/airflow/example_dags/example_short_circuit_operator.py for tasks to queue
[2025-04-28T11:26:03.576-0400] {logging_mixin.py:190} INFO - [2025-04-28T11:26:03.576-0400] {dagbag.py:588} INFO - Filling up the DagBag from /home/aangava/MSP/airflow_venv/lib/python3.12/site-packages/airflow/example_dags/example_short_circuit_operator.py
[2025-04-28T11:26:03.582-0400] {processor.py:925} INFO - DAG(s) 'example_short_circuit_operator' retrieved from /home/aangava/MSP/airflow_venv/lib/python3.12/site-packages/airflow/example_dags/example_short_circuit_operator.py
[2025-04-28T11:26:03.594-0400] {logging_mixin.py:190} INFO - [2025-04-28T11:26:03.594-0400] {dag.py:3239} INFO - Sync 1 DAGs
[2025-04-28T11:26:03.602-0400] {logging_mixin.py:190} INFO - [2025-04-28T11:26:03.602-0400] {dag.py:4180} INFO - Setting next_dagrun for example_short_circuit_operator to None, run_after=None
[2025-04-28T11:26:03.617-0400] {processor.py:208} INFO - Processing /home/aangava/MSP/airflow_venv/lib/python3.12/site-packages/airflow/example_dags/example_short_circuit_operator.py took 0.047 seconds
[2025-04-28T11:26:54.993-0400] {processor.py:186} INFO - Started process (PID=24320) to work on /home/aangava/MSP/airflow_venv/lib/python3.12/site-packages/airflow/example_dags/example_short_circuit_operator.py
[2025-04-28T11:26:54.995-0400] {processor.py:914} INFO - Processing file /home/aangava/MSP/airflow_venv/lib/python3.12/site-packages/airflow/example_dags/example_short_circuit_operator.py for tasks to queue
[2025-04-28T11:26:54.996-0400] {logging_mixin.py:190} INFO - [2025-04-28T11:26:54.996-0400] {dagbag.py:588} INFO - Filling up the DagBag from /home/aangava/MSP/airflow_venv/lib/python3.12/site-packages/airflow/example_dags/example_short_circuit_operator.py
[2025-04-28T11:26:55.002-0400] {processor.py:925} INFO - DAG(s) 'example_short_circuit_operator' retrieved from /home/aangava/MSP/airflow_venv/lib/python3.12/site-packages/airflow/example_dags/example_short_circuit_operator.py
[2025-04-28T11:26:55.014-0400] {logging_mixin.py:190} INFO - [2025-04-28T11:26:55.014-0400] {dag.py:3239} INFO - Sync 1 DAGs
[2025-04-28T11:26:55.024-0400] {logging_mixin.py:190} INFO - [2025-04-28T11:26:55.024-0400] {dag.py:4180} INFO - Setting next_dagrun for example_short_circuit_operator to None, run_after=None
[2025-04-28T11:26:55.037-0400] {processor.py:208} INFO - Processing /home/aangava/MSP/airflow_venv/lib/python3.12/site-packages/airflow/example_dags/example_short_circuit_operator.py took 0.048 seconds
[2025-04-28T11:27:59.707-0400] {processor.py:186} INFO - Started process (PID=25061) to work on /home/aangava/MSP/airflow_venv/lib/python3.12/site-packages/airflow/example_dags/example_short_circuit_operator.py
[2025-04-28T11:27:59.717-0400] {processor.py:914} INFO - Processing file /home/aangava/MSP/airflow_venv/lib/python3.12/site-packages/airflow/example_dags/example_short_circuit_operator.py for tasks to queue
[2025-04-28T11:27:59.718-0400] {logging_mixin.py:190} INFO - [2025-04-28T11:27:59.718-0400] {dagbag.py:588} INFO - Filling up the DagBag from /home/aangava/MSP/airflow_venv/lib/python3.12/site-packages/airflow/example_dags/example_short_circuit_operator.py
[2025-04-28T11:27:59.724-0400] {processor.py:925} INFO - DAG(s) 'example_short_circuit_operator' retrieved from /home/aangava/MSP/airflow_venv/lib/python3.12/site-packages/airflow/example_dags/example_short_circuit_operator.py
[2025-04-28T11:27:59.736-0400] {logging_mixin.py:190} INFO - [2025-04-28T11:27:59.736-0400] {dag.py:3239} INFO - Sync 1 DAGs
[2025-04-28T11:27:59.744-0400] {logging_mixin.py:190} INFO - [2025-04-28T11:27:59.744-0400] {dag.py:4180} INFO - Setting next_dagrun for example_short_circuit_operator to None, run_after=None
[2025-04-28T11:27:59.760-0400] {processor.py:208} INFO - Processing /home/aangava/MSP/airflow_venv/lib/python3.12/site-packages/airflow/example_dags/example_short_circuit_operator.py took 0.057 seconds
[2025-04-28T11:28:56.161-0400] {processor.py:186} INFO - Started process (PID=25397) to work on /home/aangava/MSP/airflow_venv/lib/python3.12/site-packages/airflow/example_dags/example_short_circuit_operator.py
[2025-04-28T11:28:56.162-0400] {processor.py:914} INFO - Processing file /home/aangava/MSP/airflow_venv/lib/python3.12/site-packages/airflow/example_dags/example_short_circuit_operator.py for tasks to queue
[2025-04-28T11:28:56.163-0400] {logging_mixin.py:190} INFO - [2025-04-28T11:28:56.163-0400] {dagbag.py:588} INFO - Filling up the DagBag from /home/aangava/MSP/airflow_venv/lib/python3.12/site-packages/airflow/example_dags/example_short_circuit_operator.py
[2025-04-28T11:28:56.170-0400] {processor.py:925} INFO - DAG(s) 'example_short_circuit_operator' retrieved from /home/aangava/MSP/airflow_venv/lib/python3.12/site-packages/airflow/example_dags/example_short_circuit_operator.py
[2025-04-28T11:28:56.182-0400] {logging_mixin.py:190} INFO - [2025-04-28T11:28:56.182-0400] {dag.py:3239} INFO - Sync 1 DAGs
[2025-04-28T11:28:56.191-0400] {logging_mixin.py:190} INFO - [2025-04-28T11:28:56.191-0400] {dag.py:4180} INFO - Setting next_dagrun for example_short_circuit_operator to None, run_after=None
[2025-04-28T11:28:56.206-0400] {processor.py:208} INFO - Processing /home/aangava/MSP/airflow_venv/lib/python3.12/site-packages/airflow/example_dags/example_short_circuit_operator.py took 0.050 seconds
[2025-04-28T11:30:13.231-0400] {processor.py:186} INFO - Started process (PID=26112) to work on /home/aangava/MSP/airflow_venv/lib/python3.12/site-packages/airflow/example_dags/example_short_circuit_operator.py
[2025-04-28T11:30:13.241-0400] {processor.py:914} INFO - Processing file /home/aangava/MSP/airflow_venv/lib/python3.12/site-packages/airflow/example_dags/example_short_circuit_operator.py for tasks to queue
[2025-04-28T11:30:13.242-0400] {logging_mixin.py:190} INFO - [2025-04-28T11:30:13.242-0400] {dagbag.py:588} INFO - Filling up the DagBag from /home/aangava/MSP/airflow_venv/lib/python3.12/site-packages/airflow/example_dags/example_short_circuit_operator.py
[2025-04-28T11:30:13.248-0400] {processor.py:925} INFO - DAG(s) 'example_short_circuit_operator' retrieved from /home/aangava/MSP/airflow_venv/lib/python3.12/site-packages/airflow/example_dags/example_short_circuit_operator.py
[2025-04-28T11:30:13.260-0400] {logging_mixin.py:190} INFO - [2025-04-28T11:30:13.260-0400] {dag.py:3239} INFO - Sync 1 DAGs
[2025-04-28T11:30:13.268-0400] {logging_mixin.py:190} INFO - [2025-04-28T11:30:13.268-0400] {dag.py:4180} INFO - Setting next_dagrun for example_short_circuit_operator to None, run_after=None
[2025-04-28T11:30:13.284-0400] {processor.py:208} INFO - Processing /home/aangava/MSP/airflow_venv/lib/python3.12/site-packages/airflow/example_dags/example_short_circuit_operator.py took 0.057 seconds
[2025-04-28T11:31:09.073-0400] {processor.py:186} INFO - Started process (PID=26374) to work on /home/aangava/MSP/airflow_venv/lib/python3.12/site-packages/airflow/example_dags/example_short_circuit_operator.py
[2025-04-28T11:31:09.074-0400] {processor.py:914} INFO - Processing file /home/aangava/MSP/airflow_venv/lib/python3.12/site-packages/airflow/example_dags/example_short_circuit_operator.py for tasks to queue
[2025-04-28T11:31:09.075-0400] {logging_mixin.py:190} INFO - [2025-04-28T11:31:09.075-0400] {dagbag.py:588} INFO - Filling up the DagBag from /home/aangava/MSP/airflow_venv/lib/python3.12/site-packages/airflow/example_dags/example_short_circuit_operator.py
[2025-04-28T11:31:09.082-0400] {processor.py:925} INFO - DAG(s) 'example_short_circuit_operator' retrieved from /home/aangava/MSP/airflow_venv/lib/python3.12/site-packages/airflow/example_dags/example_short_circuit_operator.py
[2025-04-28T11:31:09.093-0400] {logging_mixin.py:190} INFO - [2025-04-28T11:31:09.093-0400] {dag.py:3239} INFO - Sync 1 DAGs
[2025-04-28T11:31:09.102-0400] {logging_mixin.py:190} INFO - [2025-04-28T11:31:09.102-0400] {dag.py:4180} INFO - Setting next_dagrun for example_short_circuit_operator to None, run_after=None
[2025-04-28T11:31:09.114-0400] {processor.py:208} INFO - Processing /home/aangava/MSP/airflow_venv/lib/python3.12/site-packages/airflow/example_dags/example_short_circuit_operator.py took 0.046 seconds
[2025-04-28T11:32:01.937-0400] {processor.py:186} INFO - Started process (PID=26619) to work on /home/aangava/MSP/airflow_venv/lib/python3.12/site-packages/airflow/example_dags/example_short_circuit_operator.py
[2025-04-28T11:32:01.939-0400] {processor.py:914} INFO - Processing file /home/aangava/MSP/airflow_venv/lib/python3.12/site-packages/airflow/example_dags/example_short_circuit_operator.py for tasks to queue
[2025-04-28T11:32:01.940-0400] {logging_mixin.py:190} INFO - [2025-04-28T11:32:01.940-0400] {dagbag.py:588} INFO - Filling up the DagBag from /home/aangava/MSP/airflow_venv/lib/python3.12/site-packages/airflow/example_dags/example_short_circuit_operator.py
[2025-04-28T11:32:01.946-0400] {processor.py:925} INFO - DAG(s) 'example_short_circuit_operator' retrieved from /home/aangava/MSP/airflow_venv/lib/python3.12/site-packages/airflow/example_dags/example_short_circuit_operator.py
[2025-04-28T11:32:01.958-0400] {logging_mixin.py:190} INFO - [2025-04-28T11:32:01.958-0400] {dag.py:3239} INFO - Sync 1 DAGs
[2025-04-28T11:32:01.967-0400] {logging_mixin.py:190} INFO - [2025-04-28T11:32:01.967-0400] {dag.py:4180} INFO - Setting next_dagrun for example_short_circuit_operator to None, run_after=None
[2025-04-28T11:32:01.980-0400] {processor.py:208} INFO - Processing /home/aangava/MSP/airflow_venv/lib/python3.12/site-packages/airflow/example_dags/example_short_circuit_operator.py took 0.047 seconds
[2025-04-28T11:32:55.378-0400] {processor.py:186} INFO - Started process (PID=26899) to work on /home/aangava/MSP/airflow_venv/lib/python3.12/site-packages/airflow/example_dags/example_short_circuit_operator.py
[2025-04-28T11:32:55.388-0400] {processor.py:914} INFO - Processing file /home/aangava/MSP/airflow_venv/lib/python3.12/site-packages/airflow/example_dags/example_short_circuit_operator.py for tasks to queue
[2025-04-28T11:32:55.389-0400] {logging_mixin.py:190} INFO - [2025-04-28T11:32:55.389-0400] {dagbag.py:588} INFO - Filling up the DagBag from /home/aangava/MSP/airflow_venv/lib/python3.12/site-packages/airflow/example_dags/example_short_circuit_operator.py
[2025-04-28T11:32:55.395-0400] {processor.py:925} INFO - DAG(s) 'example_short_circuit_operator' retrieved from /home/aangava/MSP/airflow_venv/lib/python3.12/site-packages/airflow/example_dags/example_short_circuit_operator.py
[2025-04-28T11:32:55.410-0400] {logging_mixin.py:190} INFO - [2025-04-28T11:32:55.410-0400] {dag.py:3239} INFO - Sync 1 DAGs
[2025-04-28T11:32:55.419-0400] {logging_mixin.py:190} INFO - [2025-04-28T11:32:55.419-0400] {dag.py:4180} INFO - Setting next_dagrun for example_short_circuit_operator to None, run_after=None
[2025-04-28T11:32:55.432-0400] {processor.py:208} INFO - Processing /home/aangava/MSP/airflow_venv/lib/python3.12/site-packages/airflow/example_dags/example_short_circuit_operator.py took 0.058 seconds
[2025-04-28T11:33:48.378-0400] {processor.py:186} INFO - Started process (PID=27230) to work on /home/aangava/MSP/airflow_venv/lib/python3.12/site-packages/airflow/example_dags/example_short_circuit_operator.py
[2025-04-28T11:33:48.388-0400] {processor.py:914} INFO - Processing file /home/aangava/MSP/airflow_venv/lib/python3.12/site-packages/airflow/example_dags/example_short_circuit_operator.py for tasks to queue
[2025-04-28T11:33:48.389-0400] {logging_mixin.py:190} INFO - [2025-04-28T11:33:48.389-0400] {dagbag.py:588} INFO - Filling up the DagBag from /home/aangava/MSP/airflow_venv/lib/python3.12/site-packages/airflow/example_dags/example_short_circuit_operator.py
[2025-04-28T11:33:48.395-0400] {processor.py:925} INFO - DAG(s) 'example_short_circuit_operator' retrieved from /home/aangava/MSP/airflow_venv/lib/python3.12/site-packages/airflow/example_dags/example_short_circuit_operator.py
[2025-04-28T11:33:48.408-0400] {logging_mixin.py:190} INFO - [2025-04-28T11:33:48.408-0400] {dag.py:3239} INFO - Sync 1 DAGs
[2025-04-28T11:33:48.417-0400] {logging_mixin.py:190} INFO - [2025-04-28T11:33:48.417-0400] {dag.py:4180} INFO - Setting next_dagrun for example_short_circuit_operator to None, run_after=None
[2025-04-28T11:33:48.432-0400] {processor.py:208} INFO - Processing /home/aangava/MSP/airflow_venv/lib/python3.12/site-packages/airflow/example_dags/example_short_circuit_operator.py took 0.058 seconds
[2025-04-28T11:34:41.708-0400] {processor.py:186} INFO - Started process (PID=27649) to work on /home/aangava/MSP/airflow_venv/lib/python3.12/site-packages/airflow/example_dags/example_short_circuit_operator.py
[2025-04-28T11:34:41.709-0400] {processor.py:914} INFO - Processing file /home/aangava/MSP/airflow_venv/lib/python3.12/site-packages/airflow/example_dags/example_short_circuit_operator.py for tasks to queue
[2025-04-28T11:34:41.711-0400] {logging_mixin.py:190} INFO - [2025-04-28T11:34:41.711-0400] {dagbag.py:588} INFO - Filling up the DagBag from /home/aangava/MSP/airflow_venv/lib/python3.12/site-packages/airflow/example_dags/example_short_circuit_operator.py
[2025-04-28T11:34:41.719-0400] {processor.py:925} INFO - DAG(s) 'example_short_circuit_operator' retrieved from /home/aangava/MSP/airflow_venv/lib/python3.12/site-packages/airflow/example_dags/example_short_circuit_operator.py
[2025-04-28T11:34:41.734-0400] {logging_mixin.py:190} INFO - [2025-04-28T11:34:41.734-0400] {dag.py:3239} INFO - Sync 1 DAGs
[2025-04-28T11:34:41.744-0400] {logging_mixin.py:190} INFO - [2025-04-28T11:34:41.744-0400] {dag.py:4180} INFO - Setting next_dagrun for example_short_circuit_operator to None, run_after=None
[2025-04-28T11:34:41.759-0400] {processor.py:208} INFO - Processing /home/aangava/MSP/airflow_venv/lib/python3.12/site-packages/airflow/example_dags/example_short_circuit_operator.py took 0.056 seconds
[2025-04-28T11:35:32.328-0400] {processor.py:186} INFO - Started process (PID=27907) to work on /home/aangava/MSP/airflow_venv/lib/python3.12/site-packages/airflow/example_dags/example_short_circuit_operator.py
[2025-04-28T11:35:32.338-0400] {processor.py:914} INFO - Processing file /home/aangava/MSP/airflow_venv/lib/python3.12/site-packages/airflow/example_dags/example_short_circuit_operator.py for tasks to queue
[2025-04-28T11:35:32.339-0400] {logging_mixin.py:190} INFO - [2025-04-28T11:35:32.339-0400] {dagbag.py:588} INFO - Filling up the DagBag from /home/aangava/MSP/airflow_venv/lib/python3.12/site-packages/airflow/example_dags/example_short_circuit_operator.py
[2025-04-28T11:35:32.345-0400] {processor.py:925} INFO - DAG(s) 'example_short_circuit_operator' retrieved from /home/aangava/MSP/airflow_venv/lib/python3.12/site-packages/airflow/example_dags/example_short_circuit_operator.py
[2025-04-28T11:35:32.358-0400] {logging_mixin.py:190} INFO - [2025-04-28T11:35:32.358-0400] {dag.py:3239} INFO - Sync 1 DAGs
[2025-04-28T11:35:32.367-0400] {logging_mixin.py:190} INFO - [2025-04-28T11:35:32.367-0400] {dag.py:4180} INFO - Setting next_dagrun for example_short_circuit_operator to None, run_after=None
[2025-04-28T11:35:32.382-0400] {processor.py:208} INFO - Processing /home/aangava/MSP/airflow_venv/lib/python3.12/site-packages/airflow/example_dags/example_short_circuit_operator.py took 0.059 seconds
[2025-04-28T11:36:22.902-0400] {processor.py:186} INFO - Started process (PID=28214) to work on /home/aangava/MSP/airflow_venv/lib/python3.12/site-packages/airflow/example_dags/example_short_circuit_operator.py
[2025-04-28T11:36:22.902-0400] {processor.py:914} INFO - Processing file /home/aangava/MSP/airflow_venv/lib/python3.12/site-packages/airflow/example_dags/example_short_circuit_operator.py for tasks to queue
[2025-04-28T11:36:22.904-0400] {logging_mixin.py:190} INFO - [2025-04-28T11:36:22.903-0400] {dagbag.py:588} INFO - Filling up the DagBag from /home/aangava/MSP/airflow_venv/lib/python3.12/site-packages/airflow/example_dags/example_short_circuit_operator.py
[2025-04-28T11:36:22.913-0400] {processor.py:925} INFO - DAG(s) 'example_short_circuit_operator' retrieved from /home/aangava/MSP/airflow_venv/lib/python3.12/site-packages/airflow/example_dags/example_short_circuit_operator.py
[2025-04-28T11:36:22.931-0400] {logging_mixin.py:190} INFO - [2025-04-28T11:36:22.930-0400] {dag.py:3239} INFO - Sync 1 DAGs
[2025-04-28T11:36:22.943-0400] {logging_mixin.py:190} INFO - [2025-04-28T11:36:22.943-0400] {dag.py:4180} INFO - Setting next_dagrun for example_short_circuit_operator to None, run_after=None
[2025-04-28T11:36:22.960-0400] {processor.py:208} INFO - Processing /home/aangava/MSP/airflow_venv/lib/python3.12/site-packages/airflow/example_dags/example_short_circuit_operator.py took 0.063 seconds
[2025-04-28T11:37:14.558-0400] {processor.py:186} INFO - Started process (PID=28526) to work on /home/aangava/MSP/airflow_venv/lib/python3.12/site-packages/airflow/example_dags/example_short_circuit_operator.py
[2025-04-28T11:37:14.560-0400] {processor.py:914} INFO - Processing file /home/aangava/MSP/airflow_venv/lib/python3.12/site-packages/airflow/example_dags/example_short_circuit_operator.py for tasks to queue
[2025-04-28T11:37:14.561-0400] {logging_mixin.py:190} INFO - [2025-04-28T11:37:14.561-0400] {dagbag.py:588} INFO - Filling up the DagBag from /home/aangava/MSP/airflow_venv/lib/python3.12/site-packages/airflow/example_dags/example_short_circuit_operator.py
[2025-04-28T11:37:14.567-0400] {processor.py:925} INFO - DAG(s) 'example_short_circuit_operator' retrieved from /home/aangava/MSP/airflow_venv/lib/python3.12/site-packages/airflow/example_dags/example_short_circuit_operator.py
[2025-04-28T11:37:14.581-0400] {logging_mixin.py:190} INFO - [2025-04-28T11:37:14.581-0400] {dag.py:3239} INFO - Sync 1 DAGs
[2025-04-28T11:37:14.591-0400] {logging_mixin.py:190} INFO - [2025-04-28T11:37:14.591-0400] {dag.py:4180} INFO - Setting next_dagrun for example_short_circuit_operator to None, run_after=None
[2025-04-28T11:37:14.608-0400] {processor.py:208} INFO - Processing /home/aangava/MSP/airflow_venv/lib/python3.12/site-packages/airflow/example_dags/example_short_circuit_operator.py took 0.055 seconds
[2025-04-28T11:38:07.977-0400] {processor.py:186} INFO - Started process (PID=28789) to work on /home/aangava/MSP/airflow_venv/lib/python3.12/site-packages/airflow/example_dags/example_short_circuit_operator.py
[2025-04-28T11:38:07.978-0400] {processor.py:914} INFO - Processing file /home/aangava/MSP/airflow_venv/lib/python3.12/site-packages/airflow/example_dags/example_short_circuit_operator.py for tasks to queue
[2025-04-28T11:38:07.979-0400] {logging_mixin.py:190} INFO - [2025-04-28T11:38:07.979-0400] {dagbag.py:588} INFO - Filling up the DagBag from /home/aangava/MSP/airflow_venv/lib/python3.12/site-packages/airflow/example_dags/example_short_circuit_operator.py
[2025-04-28T11:38:07.985-0400] {processor.py:925} INFO - DAG(s) 'example_short_circuit_operator' retrieved from /home/aangava/MSP/airflow_venv/lib/python3.12/site-packages/airflow/example_dags/example_short_circuit_operator.py
[2025-04-28T11:38:07.997-0400] {logging_mixin.py:190} INFO - [2025-04-28T11:38:07.997-0400] {dag.py:3239} INFO - Sync 1 DAGs
[2025-04-28T11:38:08.006-0400] {logging_mixin.py:190} INFO - [2025-04-28T11:38:08.006-0400] {dag.py:4180} INFO - Setting next_dagrun for example_short_circuit_operator to None, run_after=None
[2025-04-28T11:38:08.019-0400] {processor.py:208} INFO - Processing /home/aangava/MSP/airflow_venv/lib/python3.12/site-packages/airflow/example_dags/example_short_circuit_operator.py took 0.047 seconds
[2025-04-28T11:39:01.832-0400] {processor.py:186} INFO - Started process (PID=29035) to work on /home/aangava/MSP/airflow_venv/lib/python3.12/site-packages/airflow/example_dags/example_short_circuit_operator.py
[2025-04-28T11:39:01.842-0400] {processor.py:914} INFO - Processing file /home/aangava/MSP/airflow_venv/lib/python3.12/site-packages/airflow/example_dags/example_short_circuit_operator.py for tasks to queue
[2025-04-28T11:39:01.843-0400] {logging_mixin.py:190} INFO - [2025-04-28T11:39:01.843-0400] {dagbag.py:588} INFO - Filling up the DagBag from /home/aangava/MSP/airflow_venv/lib/python3.12/site-packages/airflow/example_dags/example_short_circuit_operator.py
[2025-04-28T11:39:01.849-0400] {processor.py:925} INFO - DAG(s) 'example_short_circuit_operator' retrieved from /home/aangava/MSP/airflow_venv/lib/python3.12/site-packages/airflow/example_dags/example_short_circuit_operator.py
[2025-04-28T11:39:01.862-0400] {logging_mixin.py:190} INFO - [2025-04-28T11:39:01.861-0400] {dag.py:3239} INFO - Sync 1 DAGs
[2025-04-28T11:39:01.870-0400] {logging_mixin.py:190} INFO - [2025-04-28T11:39:01.870-0400] {dag.py:4180} INFO - Setting next_dagrun for example_short_circuit_operator to None, run_after=None
[2025-04-28T11:39:01.884-0400] {processor.py:208} INFO - Processing /home/aangava/MSP/airflow_venv/lib/python3.12/site-packages/airflow/example_dags/example_short_circuit_operator.py took 0.057 seconds
[2025-04-28T11:39:55.241-0400] {processor.py:186} INFO - Started process (PID=29291) to work on /home/aangava/MSP/airflow_venv/lib/python3.12/site-packages/airflow/example_dags/example_short_circuit_operator.py
[2025-04-28T11:39:55.242-0400] {processor.py:914} INFO - Processing file /home/aangava/MSP/airflow_venv/lib/python3.12/site-packages/airflow/example_dags/example_short_circuit_operator.py for tasks to queue
[2025-04-28T11:39:55.243-0400] {logging_mixin.py:190} INFO - [2025-04-28T11:39:55.243-0400] {dagbag.py:588} INFO - Filling up the DagBag from /home/aangava/MSP/airflow_venv/lib/python3.12/site-packages/airflow/example_dags/example_short_circuit_operator.py
[2025-04-28T11:39:55.250-0400] {processor.py:925} INFO - DAG(s) 'example_short_circuit_operator' retrieved from /home/aangava/MSP/airflow_venv/lib/python3.12/site-packages/airflow/example_dags/example_short_circuit_operator.py
[2025-04-28T11:39:55.262-0400] {logging_mixin.py:190} INFO - [2025-04-28T11:39:55.262-0400] {dag.py:3239} INFO - Sync 1 DAGs
[2025-04-28T11:39:55.271-0400] {logging_mixin.py:190} INFO - [2025-04-28T11:39:55.271-0400] {dag.py:4180} INFO - Setting next_dagrun for example_short_circuit_operator to None, run_after=None
[2025-04-28T11:39:55.290-0400] {processor.py:208} INFO - Processing /home/aangava/MSP/airflow_venv/lib/python3.12/site-packages/airflow/example_dags/example_short_circuit_operator.py took 0.054 seconds
[2025-04-28T11:40:49.228-0400] {processor.py:186} INFO - Started process (PID=29655) to work on /home/aangava/MSP/airflow_venv/lib/python3.12/site-packages/airflow/example_dags/example_short_circuit_operator.py
[2025-04-28T11:40:49.229-0400] {processor.py:914} INFO - Processing file /home/aangava/MSP/airflow_venv/lib/python3.12/site-packages/airflow/example_dags/example_short_circuit_operator.py for tasks to queue
[2025-04-28T11:40:49.230-0400] {logging_mixin.py:190} INFO - [2025-04-28T11:40:49.229-0400] {dagbag.py:588} INFO - Filling up the DagBag from /home/aangava/MSP/airflow_venv/lib/python3.12/site-packages/airflow/example_dags/example_short_circuit_operator.py
[2025-04-28T11:40:49.235-0400] {processor.py:925} INFO - DAG(s) 'example_short_circuit_operator' retrieved from /home/aangava/MSP/airflow_venv/lib/python3.12/site-packages/airflow/example_dags/example_short_circuit_operator.py
[2025-04-28T11:40:49.249-0400] {logging_mixin.py:190} INFO - [2025-04-28T11:40:49.249-0400] {dag.py:3239} INFO - Sync 1 DAGs
[2025-04-28T11:40:49.257-0400] {logging_mixin.py:190} INFO - [2025-04-28T11:40:49.257-0400] {dag.py:4180} INFO - Setting next_dagrun for example_short_circuit_operator to None, run_after=None
[2025-04-28T11:40:49.271-0400] {processor.py:208} INFO - Processing /home/aangava/MSP/airflow_venv/lib/python3.12/site-packages/airflow/example_dags/example_short_circuit_operator.py took 0.048 seconds
