[2025-04-28T10:35:25.685-0400] {processor.py:186} INFO - Started process (PID=5613) to work on /home/aangava/MSP/airflow_venv/lib/python3.12/site-packages/airflow/example_dags/example_sla_dag.py
[2025-04-28T10:35:25.686-0400] {processor.py:914} INFO - Processing file /home/aangava/MSP/airflow_venv/lib/python3.12/site-packages/airflow/example_dags/example_sla_dag.py for tasks to queue
[2025-04-28T10:35:25.688-0400] {logging_mixin.py:190} INFO - [2025-04-28T10:35:25.687-0400] {dagbag.py:588} INFO - Filling up the DagBag from /home/aangava/MSP/airflow_venv/lib/python3.12/site-packages/airflow/example_dags/example_sla_dag.py
[2025-04-28T10:35:25.699-0400] {processor.py:925} INFO - DAG(s) 'example_sla_dag' retrieved from /home/aangava/MSP/airflow_venv/lib/python3.12/site-packages/airflow/example_dags/example_sla_dag.py
[2025-04-28T10:35:25.805-0400] {logging_mixin.py:190} INFO - [2025-04-28T10:35:25.805-0400] {override.py:1912} INFO - Created Permission View: can read on DAG:example_sla_dag
[2025-04-28T10:35:25.816-0400] {logging_mixin.py:190} INFO - [2025-04-28T10:35:25.816-0400] {override.py:1912} INFO - Created Permission View: can edit on DAG:example_sla_dag
[2025-04-28T10:35:25.824-0400] {logging_mixin.py:190} INFO - [2025-04-28T10:35:25.824-0400] {override.py:1912} INFO - Created Permission View: can delete on DAG:example_sla_dag
[2025-04-28T10:35:25.836-0400] {logging_mixin.py:190} INFO - [2025-04-28T10:35:25.836-0400] {override.py:1912} INFO - Created Permission View: can read on DAG Run:example_sla_dag
[2025-04-28T10:35:25.844-0400] {logging_mixin.py:190} INFO - [2025-04-28T10:35:25.844-0400] {override.py:1912} INFO - Created Permission View: can delete on DAG Run:example_sla_dag
[2025-04-28T10:35:25.852-0400] {logging_mixin.py:190} INFO - [2025-04-28T10:35:25.851-0400] {override.py:1912} INFO - Created Permission View: can create on DAG Run:example_sla_dag
[2025-04-28T10:35:25.860-0400] {logging_mixin.py:190} INFO - [2025-04-28T10:35:25.859-0400] {override.py:1912} INFO - Created Permission View: menu access on DAG Run:example_sla_dag
[2025-04-28T10:35:25.860-0400] {logging_mixin.py:190} INFO - [2025-04-28T10:35:25.860-0400] {dag.py:3239} INFO - Sync 1 DAGs
[2025-04-28T10:35:25.874-0400] {logging_mixin.py:190} INFO - [2025-04-28T10:35:25.874-0400] {dag.py:3262} INFO - Creating ORM DAG for example_sla_dag
[2025-04-28T10:35:25.885-0400] {logging_mixin.py:190} INFO - [2025-04-28T10:35:25.885-0400] {dag.py:4180} INFO - Setting next_dagrun for example_sla_dag to 2025-04-28 14:32:00+00:00, run_after=2025-04-28 14:34:00+00:00
[2025-04-28T10:35:25.903-0400] {processor.py:208} INFO - Processing /home/aangava/MSP/airflow_venv/lib/python3.12/site-packages/airflow/example_dags/example_sla_dag.py took 0.226 seconds
[2025-04-28T10:36:29.755-0400] {processor.py:186} INFO - Started process (PID=6224) to work on /home/aangava/MSP/airflow_venv/lib/python3.12/site-packages/airflow/example_dags/example_sla_dag.py
[2025-04-28T10:36:29.757-0400] {processor.py:914} INFO - Processing file /home/aangava/MSP/airflow_venv/lib/python3.12/site-packages/airflow/example_dags/example_sla_dag.py for tasks to queue
[2025-04-28T10:36:29.760-0400] {logging_mixin.py:190} INFO - [2025-04-28T10:36:29.759-0400] {dagbag.py:588} INFO - Filling up the DagBag from /home/aangava/MSP/airflow_venv/lib/python3.12/site-packages/airflow/example_dags/example_sla_dag.py
[2025-04-28T10:36:29.772-0400] {processor.py:925} INFO - DAG(s) 'example_sla_dag' retrieved from /home/aangava/MSP/airflow_venv/lib/python3.12/site-packages/airflow/example_dags/example_sla_dag.py
[2025-04-28T10:36:29.788-0400] {logging_mixin.py:190} INFO - [2025-04-28T10:36:29.788-0400] {dag.py:3239} INFO - Sync 1 DAGs
[2025-04-28T10:36:29.812-0400] {logging_mixin.py:190} INFO - [2025-04-28T10:36:29.812-0400] {dag.py:4180} INFO - Setting next_dagrun for example_sla_dag to 2025-04-28 14:34:00+00:00, run_after=2025-04-28 14:36:00+00:00
[2025-04-28T10:36:29.835-0400] {processor.py:208} INFO - Processing /home/aangava/MSP/airflow_venv/lib/python3.12/site-packages/airflow/example_dags/example_sla_dag.py took 0.086 seconds
[2025-04-28T10:37:26.949-0400] {processor.py:186} INFO - Started process (PID=6633) to work on /home/aangava/MSP/airflow_venv/lib/python3.12/site-packages/airflow/example_dags/example_sla_dag.py
[2025-04-28T10:37:26.960-0400] {processor.py:914} INFO - Processing file /home/aangava/MSP/airflow_venv/lib/python3.12/site-packages/airflow/example_dags/example_sla_dag.py for tasks to queue
[2025-04-28T10:37:26.963-0400] {logging_mixin.py:190} INFO - [2025-04-28T10:37:26.963-0400] {dagbag.py:588} INFO - Filling up the DagBag from /home/aangava/MSP/airflow_venv/lib/python3.12/site-packages/airflow/example_dags/example_sla_dag.py
[2025-04-28T10:37:26.977-0400] {processor.py:925} INFO - DAG(s) 'example_sla_dag' retrieved from /home/aangava/MSP/airflow_venv/lib/python3.12/site-packages/airflow/example_dags/example_sla_dag.py
[2025-04-28T10:37:26.998-0400] {logging_mixin.py:190} INFO - [2025-04-28T10:37:26.998-0400] {dag.py:3239} INFO - Sync 1 DAGs
[2025-04-28T10:37:27.022-0400] {logging_mixin.py:190} INFO - [2025-04-28T10:37:27.021-0400] {dag.py:4180} INFO - Setting next_dagrun for example_sla_dag to 2025-04-28 14:34:00+00:00, run_after=2025-04-28 14:36:00+00:00
[2025-04-28T10:37:27.045-0400] {processor.py:208} INFO - Processing /home/aangava/MSP/airflow_venv/lib/python3.12/site-packages/airflow/example_dags/example_sla_dag.py took 0.103 seconds
[2025-04-28T10:43:50.062-0400] {processor.py:186} INFO - Started process (PID=9018) to work on /home/aangava/MSP/airflow_venv/lib/python3.12/site-packages/airflow/example_dags/example_sla_dag.py
[2025-04-28T10:43:50.064-0400] {processor.py:914} INFO - Processing file /home/aangava/MSP/airflow_venv/lib/python3.12/site-packages/airflow/example_dags/example_sla_dag.py for tasks to queue
[2025-04-28T10:43:50.066-0400] {logging_mixin.py:190} INFO - [2025-04-28T10:43:50.065-0400] {dagbag.py:588} INFO - Filling up the DagBag from /home/aangava/MSP/airflow_venv/lib/python3.12/site-packages/airflow/example_dags/example_sla_dag.py
[2025-04-28T10:43:50.077-0400] {processor.py:925} INFO - DAG(s) 'example_sla_dag' retrieved from /home/aangava/MSP/airflow_venv/lib/python3.12/site-packages/airflow/example_dags/example_sla_dag.py
[2025-04-28T10:43:50.097-0400] {logging_mixin.py:190} INFO - [2025-04-28T10:43:50.097-0400] {dag.py:3239} INFO - Sync 1 DAGs
[2025-04-28T10:43:50.123-0400] {logging_mixin.py:190} INFO - [2025-04-28T10:43:50.123-0400] {dag.py:4180} INFO - Setting next_dagrun for example_sla_dag to 2025-04-28 14:40:00+00:00, run_after=2025-04-28 14:42:00+00:00
[2025-04-28T10:43:50.148-0400] {processor.py:208} INFO - Processing /home/aangava/MSP/airflow_venv/lib/python3.12/site-packages/airflow/example_dags/example_sla_dag.py took 0.092 seconds
[2025-04-28T10:44:47.887-0400] {processor.py:186} INFO - Started process (PID=9407) to work on /home/aangava/MSP/airflow_venv/lib/python3.12/site-packages/airflow/example_dags/example_sla_dag.py
[2025-04-28T10:44:47.898-0400] {processor.py:914} INFO - Processing file /home/aangava/MSP/airflow_venv/lib/python3.12/site-packages/airflow/example_dags/example_sla_dag.py for tasks to queue
[2025-04-28T10:44:47.901-0400] {logging_mixin.py:190} INFO - [2025-04-28T10:44:47.901-0400] {dagbag.py:588} INFO - Filling up the DagBag from /home/aangava/MSP/airflow_venv/lib/python3.12/site-packages/airflow/example_dags/example_sla_dag.py
[2025-04-28T10:44:47.915-0400] {processor.py:925} INFO - DAG(s) 'example_sla_dag' retrieved from /home/aangava/MSP/airflow_venv/lib/python3.12/site-packages/airflow/example_dags/example_sla_dag.py
[2025-04-28T10:44:47.934-0400] {logging_mixin.py:190} INFO - [2025-04-28T10:44:47.934-0400] {dag.py:3239} INFO - Sync 1 DAGs
[2025-04-28T10:44:47.961-0400] {logging_mixin.py:190} INFO - [2025-04-28T10:44:47.961-0400] {dag.py:4180} INFO - Setting next_dagrun for example_sla_dag to 2025-04-28 14:42:00+00:00, run_after=2025-04-28 14:44:00+00:00
[2025-04-28T10:44:47.992-0400] {processor.py:208} INFO - Processing /home/aangava/MSP/airflow_venv/lib/python3.12/site-packages/airflow/example_dags/example_sla_dag.py took 0.112 seconds
[2025-04-28T10:45:45.992-0400] {processor.py:186} INFO - Started process (PID=9661) to work on /home/aangava/MSP/airflow_venv/lib/python3.12/site-packages/airflow/example_dags/example_sla_dag.py
[2025-04-28T10:45:45.993-0400] {processor.py:914} INFO - Processing file /home/aangava/MSP/airflow_venv/lib/python3.12/site-packages/airflow/example_dags/example_sla_dag.py for tasks to queue
[2025-04-28T10:45:45.997-0400] {logging_mixin.py:190} INFO - [2025-04-28T10:45:45.996-0400] {dagbag.py:588} INFO - Filling up the DagBag from /home/aangava/MSP/airflow_venv/lib/python3.12/site-packages/airflow/example_dags/example_sla_dag.py
[2025-04-28T10:45:46.012-0400] {processor.py:925} INFO - DAG(s) 'example_sla_dag' retrieved from /home/aangava/MSP/airflow_venv/lib/python3.12/site-packages/airflow/example_dags/example_sla_dag.py
[2025-04-28T10:45:46.038-0400] {logging_mixin.py:190} INFO - [2025-04-28T10:45:46.038-0400] {dag.py:3239} INFO - Sync 1 DAGs
[2025-04-28T10:45:46.071-0400] {logging_mixin.py:190} INFO - [2025-04-28T10:45:46.071-0400] {dag.py:4180} INFO - Setting next_dagrun for example_sla_dag to 2025-04-28 14:42:00+00:00, run_after=2025-04-28 14:44:00+00:00
[2025-04-28T10:45:46.094-0400] {processor.py:208} INFO - Processing /home/aangava/MSP/airflow_venv/lib/python3.12/site-packages/airflow/example_dags/example_sla_dag.py took 0.109 seconds
[2025-04-28T10:46:40.010-0400] {processor.py:186} INFO - Started process (PID=9884) to work on /home/aangava/MSP/airflow_venv/lib/python3.12/site-packages/airflow/example_dags/example_sla_dag.py
[2025-04-28T10:46:40.022-0400] {processor.py:914} INFO - Processing file /home/aangava/MSP/airflow_venv/lib/python3.12/site-packages/airflow/example_dags/example_sla_dag.py for tasks to queue
[2025-04-28T10:46:40.026-0400] {logging_mixin.py:190} INFO - [2025-04-28T10:46:40.025-0400] {dagbag.py:588} INFO - Filling up the DagBag from /home/aangava/MSP/airflow_venv/lib/python3.12/site-packages/airflow/example_dags/example_sla_dag.py
[2025-04-28T10:46:40.041-0400] {processor.py:925} INFO - DAG(s) 'example_sla_dag' retrieved from /home/aangava/MSP/airflow_venv/lib/python3.12/site-packages/airflow/example_dags/example_sla_dag.py
[2025-04-28T10:46:40.059-0400] {logging_mixin.py:190} INFO - [2025-04-28T10:46:40.058-0400] {dag.py:3239} INFO - Sync 1 DAGs
[2025-04-28T10:46:40.085-0400] {logging_mixin.py:190} INFO - [2025-04-28T10:46:40.085-0400] {dag.py:4180} INFO - Setting next_dagrun for example_sla_dag to 2025-04-28 14:44:00+00:00, run_after=2025-04-28 14:46:00+00:00
[2025-04-28T10:46:40.112-0400] {processor.py:208} INFO - Processing /home/aangava/MSP/airflow_venv/lib/python3.12/site-packages/airflow/example_dags/example_sla_dag.py took 0.110 seconds
[2025-04-28T10:47:39.956-0400] {processor.py:186} INFO - Started process (PID=10176) to work on /home/aangava/MSP/airflow_venv/lib/python3.12/site-packages/airflow/example_dags/example_sla_dag.py
[2025-04-28T10:47:39.967-0400] {processor.py:914} INFO - Processing file /home/aangava/MSP/airflow_venv/lib/python3.12/site-packages/airflow/example_dags/example_sla_dag.py for tasks to queue
[2025-04-28T10:47:39.972-0400] {logging_mixin.py:190} INFO - [2025-04-28T10:47:39.971-0400] {dagbag.py:588} INFO - Filling up the DagBag from /home/aangava/MSP/airflow_venv/lib/python3.12/site-packages/airflow/example_dags/example_sla_dag.py
[2025-04-28T10:47:39.985-0400] {processor.py:925} INFO - DAG(s) 'example_sla_dag' retrieved from /home/aangava/MSP/airflow_venv/lib/python3.12/site-packages/airflow/example_dags/example_sla_dag.py
[2025-04-28T10:47:40.004-0400] {logging_mixin.py:190} INFO - [2025-04-28T10:47:40.003-0400] {dag.py:3239} INFO - Sync 1 DAGs
[2025-04-28T10:47:40.029-0400] {logging_mixin.py:190} INFO - [2025-04-28T10:47:40.029-0400] {dag.py:4180} INFO - Setting next_dagrun for example_sla_dag to 2025-04-28 14:44:00+00:00, run_after=2025-04-28 14:46:00+00:00
[2025-04-28T10:47:40.051-0400] {processor.py:208} INFO - Processing /home/aangava/MSP/airflow_venv/lib/python3.12/site-packages/airflow/example_dags/example_sla_dag.py took 0.103 seconds
[2025-04-28T10:48:37.794-0400] {processor.py:186} INFO - Started process (PID=10548) to work on /home/aangava/MSP/airflow_venv/lib/python3.12/site-packages/airflow/example_dags/example_sla_dag.py
[2025-04-28T10:48:37.797-0400] {processor.py:914} INFO - Processing file /home/aangava/MSP/airflow_venv/lib/python3.12/site-packages/airflow/example_dags/example_sla_dag.py for tasks to queue
[2025-04-28T10:48:37.800-0400] {logging_mixin.py:190} INFO - [2025-04-28T10:48:37.799-0400] {dagbag.py:588} INFO - Filling up the DagBag from /home/aangava/MSP/airflow_venv/lib/python3.12/site-packages/airflow/example_dags/example_sla_dag.py
[2025-04-28T10:48:37.814-0400] {processor.py:925} INFO - DAG(s) 'example_sla_dag' retrieved from /home/aangava/MSP/airflow_venv/lib/python3.12/site-packages/airflow/example_dags/example_sla_dag.py
[2025-04-28T10:48:37.834-0400] {logging_mixin.py:190} INFO - [2025-04-28T10:48:37.833-0400] {dag.py:3239} INFO - Sync 1 DAGs
[2025-04-28T10:48:37.863-0400] {logging_mixin.py:190} INFO - [2025-04-28T10:48:37.863-0400] {dag.py:4180} INFO - Setting next_dagrun for example_sla_dag to 2025-04-28 14:46:00+00:00, run_after=2025-04-28 14:48:00+00:00
[2025-04-28T10:48:37.882-0400] {processor.py:208} INFO - Processing /home/aangava/MSP/airflow_venv/lib/python3.12/site-packages/airflow/example_dags/example_sla_dag.py took 0.096 seconds
[2025-04-28T10:49:33.770-0400] {processor.py:186} INFO - Started process (PID=10856) to work on /home/aangava/MSP/airflow_venv/lib/python3.12/site-packages/airflow/example_dags/example_sla_dag.py
[2025-04-28T10:49:33.781-0400] {processor.py:914} INFO - Processing file /home/aangava/MSP/airflow_venv/lib/python3.12/site-packages/airflow/example_dags/example_sla_dag.py for tasks to queue
[2025-04-28T10:49:33.785-0400] {logging_mixin.py:190} INFO - [2025-04-28T10:49:33.784-0400] {dagbag.py:588} INFO - Filling up the DagBag from /home/aangava/MSP/airflow_venv/lib/python3.12/site-packages/airflow/example_dags/example_sla_dag.py
[2025-04-28T10:49:33.798-0400] {processor.py:925} INFO - DAG(s) 'example_sla_dag' retrieved from /home/aangava/MSP/airflow_venv/lib/python3.12/site-packages/airflow/example_dags/example_sla_dag.py
[2025-04-28T10:49:33.821-0400] {logging_mixin.py:190} INFO - [2025-04-28T10:49:33.820-0400] {dag.py:3239} INFO - Sync 1 DAGs
[2025-04-28T10:49:33.856-0400] {logging_mixin.py:190} INFO - [2025-04-28T10:49:33.856-0400] {dag.py:4180} INFO - Setting next_dagrun for example_sla_dag to 2025-04-28 14:46:00+00:00, run_after=2025-04-28 14:48:00+00:00
[2025-04-28T10:49:33.884-0400] {processor.py:208} INFO - Processing /home/aangava/MSP/airflow_venv/lib/python3.12/site-packages/airflow/example_dags/example_sla_dag.py took 0.121 seconds
[2025-04-28T10:50:31.528-0400] {processor.py:186} INFO - Started process (PID=11245) to work on /home/aangava/MSP/airflow_venv/lib/python3.12/site-packages/airflow/example_dags/example_sla_dag.py
[2025-04-28T10:50:31.539-0400] {processor.py:914} INFO - Processing file /home/aangava/MSP/airflow_venv/lib/python3.12/site-packages/airflow/example_dags/example_sla_dag.py for tasks to queue
[2025-04-28T10:50:31.543-0400] {logging_mixin.py:190} INFO - [2025-04-28T10:50:31.542-0400] {dagbag.py:588} INFO - Filling up the DagBag from /home/aangava/MSP/airflow_venv/lib/python3.12/site-packages/airflow/example_dags/example_sla_dag.py
[2025-04-28T10:50:31.554-0400] {processor.py:925} INFO - DAG(s) 'example_sla_dag' retrieved from /home/aangava/MSP/airflow_venv/lib/python3.12/site-packages/airflow/example_dags/example_sla_dag.py
[2025-04-28T10:50:31.571-0400] {logging_mixin.py:190} INFO - [2025-04-28T10:50:31.571-0400] {dag.py:3239} INFO - Sync 1 DAGs
[2025-04-28T10:50:31.712-0400] {logging_mixin.py:190} INFO - [2025-04-28T10:50:31.712-0400] {dag.py:4180} INFO - Setting next_dagrun for example_sla_dag to 2025-04-28 14:48:00+00:00, run_after=2025-04-28 14:50:00+00:00
[2025-04-28T10:50:31.742-0400] {processor.py:208} INFO - Processing /home/aangava/MSP/airflow_venv/lib/python3.12/site-packages/airflow/example_dags/example_sla_dag.py took 0.220 seconds
[2025-04-28T10:51:35.472-0400] {processor.py:186} INFO - Started process (PID=11625) to work on /home/aangava/MSP/airflow_venv/lib/python3.12/site-packages/airflow/example_dags/example_sla_dag.py
[2025-04-28T10:51:35.484-0400] {processor.py:914} INFO - Processing file /home/aangava/MSP/airflow_venv/lib/python3.12/site-packages/airflow/example_dags/example_sla_dag.py for tasks to queue
[2025-04-28T10:51:35.489-0400] {logging_mixin.py:190} INFO - [2025-04-28T10:51:35.488-0400] {dagbag.py:588} INFO - Filling up the DagBag from /home/aangava/MSP/airflow_venv/lib/python3.12/site-packages/airflow/example_dags/example_sla_dag.py
[2025-04-28T10:51:35.506-0400] {processor.py:925} INFO - DAG(s) 'example_sla_dag' retrieved from /home/aangava/MSP/airflow_venv/lib/python3.12/site-packages/airflow/example_dags/example_sla_dag.py
[2025-04-28T10:51:35.527-0400] {logging_mixin.py:190} INFO - [2025-04-28T10:51:35.527-0400] {dag.py:3239} INFO - Sync 1 DAGs
[2025-04-28T10:51:35.559-0400] {logging_mixin.py:190} INFO - [2025-04-28T10:51:35.559-0400] {dag.py:4180} INFO - Setting next_dagrun for example_sla_dag to 2025-04-28 14:48:00+00:00, run_after=2025-04-28 14:50:00+00:00
[2025-04-28T10:51:35.586-0400] {processor.py:208} INFO - Processing /home/aangava/MSP/airflow_venv/lib/python3.12/site-packages/airflow/example_dags/example_sla_dag.py took 0.123 seconds
[2025-04-28T10:52:37.910-0400] {processor.py:186} INFO - Started process (PID=11997) to work on /home/aangava/MSP/airflow_venv/lib/python3.12/site-packages/airflow/example_dags/example_sla_dag.py
[2025-04-28T10:52:37.921-0400] {processor.py:914} INFO - Processing file /home/aangava/MSP/airflow_venv/lib/python3.12/site-packages/airflow/example_dags/example_sla_dag.py for tasks to queue
[2025-04-28T10:52:37.925-0400] {logging_mixin.py:190} INFO - [2025-04-28T10:52:37.924-0400] {dagbag.py:588} INFO - Filling up the DagBag from /home/aangava/MSP/airflow_venv/lib/python3.12/site-packages/airflow/example_dags/example_sla_dag.py
[2025-04-28T10:52:37.939-0400] {processor.py:925} INFO - DAG(s) 'example_sla_dag' retrieved from /home/aangava/MSP/airflow_venv/lib/python3.12/site-packages/airflow/example_dags/example_sla_dag.py
[2025-04-28T10:52:37.958-0400] {logging_mixin.py:190} INFO - [2025-04-28T10:52:37.957-0400] {dag.py:3239} INFO - Sync 1 DAGs
[2025-04-28T10:52:37.984-0400] {logging_mixin.py:190} INFO - [2025-04-28T10:52:37.984-0400] {dag.py:4180} INFO - Setting next_dagrun for example_sla_dag to 2025-04-28 14:50:00+00:00, run_after=2025-04-28 14:52:00+00:00
[2025-04-28T10:52:38.005-0400] {processor.py:208} INFO - Processing /home/aangava/MSP/airflow_venv/lib/python3.12/site-packages/airflow/example_dags/example_sla_dag.py took 0.103 seconds
[2025-04-28T10:53:35.053-0400] {processor.py:186} INFO - Started process (PID=12350) to work on /home/aangava/MSP/airflow_venv/lib/python3.12/site-packages/airflow/example_dags/example_sla_dag.py
[2025-04-28T10:53:35.056-0400] {processor.py:914} INFO - Processing file /home/aangava/MSP/airflow_venv/lib/python3.12/site-packages/airflow/example_dags/example_sla_dag.py for tasks to queue
[2025-04-28T10:53:35.059-0400] {logging_mixin.py:190} INFO - [2025-04-28T10:53:35.058-0400] {dagbag.py:588} INFO - Filling up the DagBag from /home/aangava/MSP/airflow_venv/lib/python3.12/site-packages/airflow/example_dags/example_sla_dag.py
[2025-04-28T10:53:35.073-0400] {processor.py:925} INFO - DAG(s) 'example_sla_dag' retrieved from /home/aangava/MSP/airflow_venv/lib/python3.12/site-packages/airflow/example_dags/example_sla_dag.py
[2025-04-28T10:53:35.092-0400] {logging_mixin.py:190} INFO - [2025-04-28T10:53:35.092-0400] {dag.py:3239} INFO - Sync 1 DAGs
[2025-04-28T10:53:35.123-0400] {logging_mixin.py:190} INFO - [2025-04-28T10:53:35.123-0400] {dag.py:4180} INFO - Setting next_dagrun for example_sla_dag to 2025-04-28 14:50:00+00:00, run_after=2025-04-28 14:52:00+00:00
[2025-04-28T10:53:35.145-0400] {processor.py:208} INFO - Processing /home/aangava/MSP/airflow_venv/lib/python3.12/site-packages/airflow/example_dags/example_sla_dag.py took 0.104 seconds
[2025-04-28T10:54:36.811-0400] {processor.py:186} INFO - Started process (PID=12605) to work on /home/aangava/MSP/airflow_venv/lib/python3.12/site-packages/airflow/example_dags/example_sla_dag.py
[2025-04-28T10:54:36.813-0400] {processor.py:914} INFO - Processing file /home/aangava/MSP/airflow_venv/lib/python3.12/site-packages/airflow/example_dags/example_sla_dag.py for tasks to queue
[2025-04-28T10:54:36.815-0400] {logging_mixin.py:190} INFO - [2025-04-28T10:54:36.814-0400] {dagbag.py:588} INFO - Filling up the DagBag from /home/aangava/MSP/airflow_venv/lib/python3.12/site-packages/airflow/example_dags/example_sla_dag.py
[2025-04-28T10:54:36.831-0400] {processor.py:925} INFO - DAG(s) 'example_sla_dag' retrieved from /home/aangava/MSP/airflow_venv/lib/python3.12/site-packages/airflow/example_dags/example_sla_dag.py
[2025-04-28T10:54:36.853-0400] {logging_mixin.py:190} INFO - [2025-04-28T10:54:36.853-0400] {dag.py:3239} INFO - Sync 1 DAGs
[2025-04-28T10:54:36.884-0400] {logging_mixin.py:190} INFO - [2025-04-28T10:54:36.884-0400] {dag.py:4180} INFO - Setting next_dagrun for example_sla_dag to 2025-04-28 14:52:00+00:00, run_after=2025-04-28 14:54:00+00:00
[2025-04-28T10:54:36.918-0400] {processor.py:208} INFO - Processing /home/aangava/MSP/airflow_venv/lib/python3.12/site-packages/airflow/example_dags/example_sla_dag.py took 0.118 seconds
[2025-04-28T10:55:36.609-0400] {processor.py:186} INFO - Started process (PID=12862) to work on /home/aangava/MSP/airflow_venv/lib/python3.12/site-packages/airflow/example_dags/example_sla_dag.py
[2025-04-28T10:55:36.620-0400] {processor.py:914} INFO - Processing file /home/aangava/MSP/airflow_venv/lib/python3.12/site-packages/airflow/example_dags/example_sla_dag.py for tasks to queue
[2025-04-28T10:55:36.623-0400] {logging_mixin.py:190} INFO - [2025-04-28T10:55:36.622-0400] {dagbag.py:588} INFO - Filling up the DagBag from /home/aangava/MSP/airflow_venv/lib/python3.12/site-packages/airflow/example_dags/example_sla_dag.py
[2025-04-28T10:55:36.638-0400] {processor.py:925} INFO - DAG(s) 'example_sla_dag' retrieved from /home/aangava/MSP/airflow_venv/lib/python3.12/site-packages/airflow/example_dags/example_sla_dag.py
[2025-04-28T10:55:36.655-0400] {logging_mixin.py:190} INFO - [2025-04-28T10:55:36.654-0400] {dag.py:3239} INFO - Sync 1 DAGs
[2025-04-28T10:55:36.681-0400] {logging_mixin.py:190} INFO - [2025-04-28T10:55:36.681-0400] {dag.py:4180} INFO - Setting next_dagrun for example_sla_dag to 2025-04-28 14:52:00+00:00, run_after=2025-04-28 14:54:00+00:00
[2025-04-28T10:55:36.715-0400] {processor.py:208} INFO - Processing /home/aangava/MSP/airflow_venv/lib/python3.12/site-packages/airflow/example_dags/example_sla_dag.py took 0.115 seconds
[2025-04-28T10:56:37.425-0400] {processor.py:186} INFO - Started process (PID=13115) to work on /home/aangava/MSP/airflow_venv/lib/python3.12/site-packages/airflow/example_dags/example_sla_dag.py
[2025-04-28T10:56:37.436-0400] {processor.py:914} INFO - Processing file /home/aangava/MSP/airflow_venv/lib/python3.12/site-packages/airflow/example_dags/example_sla_dag.py for tasks to queue
[2025-04-28T10:56:37.437-0400] {logging_mixin.py:190} INFO - [2025-04-28T10:56:37.437-0400] {dagbag.py:588} INFO - Filling up the DagBag from /home/aangava/MSP/airflow_venv/lib/python3.12/site-packages/airflow/example_dags/example_sla_dag.py
[2025-04-28T10:56:37.451-0400] {processor.py:925} INFO - DAG(s) 'example_sla_dag' retrieved from /home/aangava/MSP/airflow_venv/lib/python3.12/site-packages/airflow/example_dags/example_sla_dag.py
[2025-04-28T10:56:37.469-0400] {logging_mixin.py:190} INFO - [2025-04-28T10:56:37.469-0400] {dag.py:3239} INFO - Sync 1 DAGs
[2025-04-28T10:56:37.492-0400] {logging_mixin.py:190} INFO - [2025-04-28T10:56:37.492-0400] {dag.py:4180} INFO - Setting next_dagrun for example_sla_dag to 2025-04-28 14:54:00+00:00, run_after=2025-04-28 14:56:00+00:00
[2025-04-28T10:56:37.514-0400] {processor.py:208} INFO - Processing /home/aangava/MSP/airflow_venv/lib/python3.12/site-packages/airflow/example_dags/example_sla_dag.py took 0.095 seconds
[2025-04-28T10:57:32.698-0400] {processor.py:186} INFO - Started process (PID=13393) to work on /home/aangava/MSP/airflow_venv/lib/python3.12/site-packages/airflow/example_dags/example_sla_dag.py
[2025-04-28T10:57:32.701-0400] {processor.py:914} INFO - Processing file /home/aangava/MSP/airflow_venv/lib/python3.12/site-packages/airflow/example_dags/example_sla_dag.py for tasks to queue
[2025-04-28T10:57:32.704-0400] {logging_mixin.py:190} INFO - [2025-04-28T10:57:32.703-0400] {dagbag.py:588} INFO - Filling up the DagBag from /home/aangava/MSP/airflow_venv/lib/python3.12/site-packages/airflow/example_dags/example_sla_dag.py
[2025-04-28T10:57:32.716-0400] {processor.py:925} INFO - DAG(s) 'example_sla_dag' retrieved from /home/aangava/MSP/airflow_venv/lib/python3.12/site-packages/airflow/example_dags/example_sla_dag.py
[2025-04-28T10:57:32.734-0400] {logging_mixin.py:190} INFO - [2025-04-28T10:57:32.734-0400] {dag.py:3239} INFO - Sync 1 DAGs
[2025-04-28T10:57:32.763-0400] {logging_mixin.py:190} INFO - [2025-04-28T10:57:32.762-0400] {dag.py:4180} INFO - Setting next_dagrun for example_sla_dag to 2025-04-28 14:54:00+00:00, run_after=2025-04-28 14:56:00+00:00
[2025-04-28T10:57:32.779-0400] {processor.py:208} INFO - Processing /home/aangava/MSP/airflow_venv/lib/python3.12/site-packages/airflow/example_dags/example_sla_dag.py took 0.090 seconds
[2025-04-28T10:58:25.144-0400] {processor.py:186} INFO - Started process (PID=13774) to work on /home/aangava/MSP/airflow_venv/lib/python3.12/site-packages/airflow/example_dags/example_sla_dag.py
[2025-04-28T10:58:25.146-0400] {processor.py:914} INFO - Processing file /home/aangava/MSP/airflow_venv/lib/python3.12/site-packages/airflow/example_dags/example_sla_dag.py for tasks to queue
[2025-04-28T10:58:25.147-0400] {logging_mixin.py:190} INFO - [2025-04-28T10:58:25.147-0400] {dagbag.py:588} INFO - Filling up the DagBag from /home/aangava/MSP/airflow_venv/lib/python3.12/site-packages/airflow/example_dags/example_sla_dag.py
[2025-04-28T10:58:25.162-0400] {processor.py:925} INFO - DAG(s) 'example_sla_dag' retrieved from /home/aangava/MSP/airflow_venv/lib/python3.12/site-packages/airflow/example_dags/example_sla_dag.py
[2025-04-28T10:58:25.184-0400] {logging_mixin.py:190} INFO - [2025-04-28T10:58:25.183-0400] {dag.py:3239} INFO - Sync 1 DAGs
[2025-04-28T10:58:25.213-0400] {logging_mixin.py:190} INFO - [2025-04-28T10:58:25.212-0400] {dag.py:4180} INFO - Setting next_dagrun for example_sla_dag to 2025-04-28 14:56:00+00:00, run_after=2025-04-28 14:58:00+00:00
[2025-04-28T10:58:25.243-0400] {processor.py:208} INFO - Processing /home/aangava/MSP/airflow_venv/lib/python3.12/site-packages/airflow/example_dags/example_sla_dag.py took 0.107 seconds
[2025-04-28T10:59:22.071-0400] {processor.py:186} INFO - Started process (PID=14108) to work on /home/aangava/MSP/airflow_venv/lib/python3.12/site-packages/airflow/example_dags/example_sla_dag.py
[2025-04-28T10:59:22.081-0400] {processor.py:914} INFO - Processing file /home/aangava/MSP/airflow_venv/lib/python3.12/site-packages/airflow/example_dags/example_sla_dag.py for tasks to queue
[2025-04-28T10:59:22.083-0400] {logging_mixin.py:190} INFO - [2025-04-28T10:59:22.082-0400] {dagbag.py:588} INFO - Filling up the DagBag from /home/aangava/MSP/airflow_venv/lib/python3.12/site-packages/airflow/example_dags/example_sla_dag.py
[2025-04-28T10:59:22.092-0400] {processor.py:925} INFO - DAG(s) 'example_sla_dag' retrieved from /home/aangava/MSP/airflow_venv/lib/python3.12/site-packages/airflow/example_dags/example_sla_dag.py
[2025-04-28T10:59:22.104-0400] {logging_mixin.py:190} INFO - [2025-04-28T10:59:22.104-0400] {dag.py:3239} INFO - Sync 1 DAGs
[2025-04-28T10:59:22.122-0400] {logging_mixin.py:190} INFO - [2025-04-28T10:59:22.122-0400] {dag.py:4180} INFO - Setting next_dagrun for example_sla_dag to 2025-04-28 14:56:00+00:00, run_after=2025-04-28 14:58:00+00:00
[2025-04-28T10:59:22.140-0400] {processor.py:208} INFO - Processing /home/aangava/MSP/airflow_venv/lib/python3.12/site-packages/airflow/example_dags/example_sla_dag.py took 0.074 seconds
[2025-04-28T11:00:22.039-0400] {processor.py:186} INFO - Started process (PID=14495) to work on /home/aangava/MSP/airflow_venv/lib/python3.12/site-packages/airflow/example_dags/example_sla_dag.py
[2025-04-28T11:00:22.049-0400] {processor.py:914} INFO - Processing file /home/aangava/MSP/airflow_venv/lib/python3.12/site-packages/airflow/example_dags/example_sla_dag.py for tasks to queue
[2025-04-28T11:00:22.051-0400] {logging_mixin.py:190} INFO - [2025-04-28T11:00:22.050-0400] {dagbag.py:588} INFO - Filling up the DagBag from /home/aangava/MSP/airflow_venv/lib/python3.12/site-packages/airflow/example_dags/example_sla_dag.py
[2025-04-28T11:00:22.064-0400] {processor.py:925} INFO - DAG(s) 'example_sla_dag' retrieved from /home/aangava/MSP/airflow_venv/lib/python3.12/site-packages/airflow/example_dags/example_sla_dag.py
[2025-04-28T11:00:22.082-0400] {logging_mixin.py:190} INFO - [2025-04-28T11:00:22.081-0400] {dag.py:3239} INFO - Sync 1 DAGs
[2025-04-28T11:00:22.111-0400] {logging_mixin.py:190} INFO - [2025-04-28T11:00:22.111-0400] {dag.py:4180} INFO - Setting next_dagrun for example_sla_dag to 2025-04-28 14:58:00+00:00, run_after=2025-04-28 15:00:00+00:00
[2025-04-28T11:00:22.135-0400] {processor.py:208} INFO - Processing /home/aangava/MSP/airflow_venv/lib/python3.12/site-packages/airflow/example_dags/example_sla_dag.py took 0.107 seconds
[2025-04-28T11:01:23.119-0400] {processor.py:186} INFO - Started process (PID=14746) to work on /home/aangava/MSP/airflow_venv/lib/python3.12/site-packages/airflow/example_dags/example_sla_dag.py
[2025-04-28T11:01:23.131-0400] {processor.py:914} INFO - Processing file /home/aangava/MSP/airflow_venv/lib/python3.12/site-packages/airflow/example_dags/example_sla_dag.py for tasks to queue
[2025-04-28T11:01:23.133-0400] {logging_mixin.py:190} INFO - [2025-04-28T11:01:23.132-0400] {dagbag.py:588} INFO - Filling up the DagBag from /home/aangava/MSP/airflow_venv/lib/python3.12/site-packages/airflow/example_dags/example_sla_dag.py
[2025-04-28T11:01:23.151-0400] {processor.py:925} INFO - DAG(s) 'example_sla_dag' retrieved from /home/aangava/MSP/airflow_venv/lib/python3.12/site-packages/airflow/example_dags/example_sla_dag.py
[2025-04-28T11:01:23.171-0400] {logging_mixin.py:190} INFO - [2025-04-28T11:01:23.170-0400] {dag.py:3239} INFO - Sync 1 DAGs
[2025-04-28T11:01:23.199-0400] {logging_mixin.py:190} INFO - [2025-04-28T11:01:23.199-0400] {dag.py:4180} INFO - Setting next_dagrun for example_sla_dag to 2025-04-28 14:58:00+00:00, run_after=2025-04-28 15:00:00+00:00
[2025-04-28T11:01:23.228-0400] {processor.py:208} INFO - Processing /home/aangava/MSP/airflow_venv/lib/python3.12/site-packages/airflow/example_dags/example_sla_dag.py took 0.122 seconds
[2025-04-28T11:02:19.059-0400] {processor.py:186} INFO - Started process (PID=14975) to work on /home/aangava/MSP/airflow_venv/lib/python3.12/site-packages/airflow/example_dags/example_sla_dag.py
[2025-04-28T11:02:19.071-0400] {processor.py:914} INFO - Processing file /home/aangava/MSP/airflow_venv/lib/python3.12/site-packages/airflow/example_dags/example_sla_dag.py for tasks to queue
[2025-04-28T11:02:19.073-0400] {logging_mixin.py:190} INFO - [2025-04-28T11:02:19.072-0400] {dagbag.py:588} INFO - Filling up the DagBag from /home/aangava/MSP/airflow_venv/lib/python3.12/site-packages/airflow/example_dags/example_sla_dag.py
[2025-04-28T11:02:19.086-0400] {processor.py:925} INFO - DAG(s) 'example_sla_dag' retrieved from /home/aangava/MSP/airflow_venv/lib/python3.12/site-packages/airflow/example_dags/example_sla_dag.py
[2025-04-28T11:02:19.107-0400] {logging_mixin.py:190} INFO - [2025-04-28T11:02:19.106-0400] {dag.py:3239} INFO - Sync 1 DAGs
[2025-04-28T11:02:19.136-0400] {logging_mixin.py:190} INFO - [2025-04-28T11:02:19.136-0400] {dag.py:4180} INFO - Setting next_dagrun for example_sla_dag to 2025-04-28 15:00:00+00:00, run_after=2025-04-28 15:02:00+00:00
[2025-04-28T11:02:19.158-0400] {processor.py:208} INFO - Processing /home/aangava/MSP/airflow_venv/lib/python3.12/site-packages/airflow/example_dags/example_sla_dag.py took 0.116 seconds
[2025-04-28T11:03:18.217-0400] {processor.py:186} INFO - Started process (PID=15270) to work on /home/aangava/MSP/airflow_venv/lib/python3.12/site-packages/airflow/example_dags/example_sla_dag.py
[2025-04-28T11:03:18.218-0400] {processor.py:914} INFO - Processing file /home/aangava/MSP/airflow_venv/lib/python3.12/site-packages/airflow/example_dags/example_sla_dag.py for tasks to queue
[2025-04-28T11:03:18.219-0400] {logging_mixin.py:190} INFO - [2025-04-28T11:03:18.219-0400] {dagbag.py:588} INFO - Filling up the DagBag from /home/aangava/MSP/airflow_venv/lib/python3.12/site-packages/airflow/example_dags/example_sla_dag.py
[2025-04-28T11:03:18.230-0400] {processor.py:925} INFO - DAG(s) 'example_sla_dag' retrieved from /home/aangava/MSP/airflow_venv/lib/python3.12/site-packages/airflow/example_dags/example_sla_dag.py
[2025-04-28T11:03:18.244-0400] {logging_mixin.py:190} INFO - [2025-04-28T11:03:18.244-0400] {dag.py:3239} INFO - Sync 1 DAGs
[2025-04-28T11:03:18.264-0400] {logging_mixin.py:190} INFO - [2025-04-28T11:03:18.264-0400] {dag.py:4180} INFO - Setting next_dagrun for example_sla_dag to 2025-04-28 15:00:00+00:00, run_after=2025-04-28 15:02:00+00:00
[2025-04-28T11:03:18.282-0400] {processor.py:208} INFO - Processing /home/aangava/MSP/airflow_venv/lib/python3.12/site-packages/airflow/example_dags/example_sla_dag.py took 0.074 seconds
[2025-04-28T11:04:16.993-0400] {processor.py:186} INFO - Started process (PID=15634) to work on /home/aangava/MSP/airflow_venv/lib/python3.12/site-packages/airflow/example_dags/example_sla_dag.py
[2025-04-28T11:04:16.995-0400] {processor.py:914} INFO - Processing file /home/aangava/MSP/airflow_venv/lib/python3.12/site-packages/airflow/example_dags/example_sla_dag.py for tasks to queue
[2025-04-28T11:04:16.997-0400] {logging_mixin.py:190} INFO - [2025-04-28T11:04:16.996-0400] {dagbag.py:588} INFO - Filling up the DagBag from /home/aangava/MSP/airflow_venv/lib/python3.12/site-packages/airflow/example_dags/example_sla_dag.py
[2025-04-28T11:04:17.011-0400] {processor.py:925} INFO - DAG(s) 'example_sla_dag' retrieved from /home/aangava/MSP/airflow_venv/lib/python3.12/site-packages/airflow/example_dags/example_sla_dag.py
[2025-04-28T11:04:17.030-0400] {logging_mixin.py:190} INFO - [2025-04-28T11:04:17.030-0400] {dag.py:3239} INFO - Sync 1 DAGs
[2025-04-28T11:04:17.059-0400] {logging_mixin.py:190} INFO - [2025-04-28T11:04:17.058-0400] {dag.py:4180} INFO - Setting next_dagrun for example_sla_dag to 2025-04-28 15:02:00+00:00, run_after=2025-04-28 15:04:00+00:00
[2025-04-28T11:04:17.082-0400] {processor.py:208} INFO - Processing /home/aangava/MSP/airflow_venv/lib/python3.12/site-packages/airflow/example_dags/example_sla_dag.py took 0.099 seconds
[2025-04-28T11:05:18.906-0400] {processor.py:186} INFO - Started process (PID=15990) to work on /home/aangava/MSP/airflow_venv/lib/python3.12/site-packages/airflow/example_dags/example_sla_dag.py
[2025-04-28T11:05:18.908-0400] {processor.py:914} INFO - Processing file /home/aangava/MSP/airflow_venv/lib/python3.12/site-packages/airflow/example_dags/example_sla_dag.py for tasks to queue
[2025-04-28T11:05:18.909-0400] {logging_mixin.py:190} INFO - [2025-04-28T11:05:18.909-0400] {dagbag.py:588} INFO - Filling up the DagBag from /home/aangava/MSP/airflow_venv/lib/python3.12/site-packages/airflow/example_dags/example_sla_dag.py
[2025-04-28T11:05:18.921-0400] {processor.py:925} INFO - DAG(s) 'example_sla_dag' retrieved from /home/aangava/MSP/airflow_venv/lib/python3.12/site-packages/airflow/example_dags/example_sla_dag.py
[2025-04-28T11:05:18.939-0400] {logging_mixin.py:190} INFO - [2025-04-28T11:05:18.939-0400] {dag.py:3239} INFO - Sync 1 DAGs
[2025-04-28T11:05:18.964-0400] {logging_mixin.py:190} INFO - [2025-04-28T11:05:18.963-0400] {dag.py:4180} INFO - Setting next_dagrun for example_sla_dag to 2025-04-28 15:02:00+00:00, run_after=2025-04-28 15:04:00+00:00
[2025-04-28T11:05:18.984-0400] {processor.py:208} INFO - Processing /home/aangava/MSP/airflow_venv/lib/python3.12/site-packages/airflow/example_dags/example_sla_dag.py took 0.086 seconds
[2025-04-28T11:06:18.717-0400] {processor.py:186} INFO - Started process (PID=16393) to work on /home/aangava/MSP/airflow_venv/lib/python3.12/site-packages/airflow/example_dags/example_sla_dag.py
[2025-04-28T11:06:18.727-0400] {processor.py:914} INFO - Processing file /home/aangava/MSP/airflow_venv/lib/python3.12/site-packages/airflow/example_dags/example_sla_dag.py for tasks to queue
[2025-04-28T11:06:18.729-0400] {logging_mixin.py:190} INFO - [2025-04-28T11:06:18.729-0400] {dagbag.py:588} INFO - Filling up the DagBag from /home/aangava/MSP/airflow_venv/lib/python3.12/site-packages/airflow/example_dags/example_sla_dag.py
[2025-04-28T11:06:18.741-0400] {processor.py:925} INFO - DAG(s) 'example_sla_dag' retrieved from /home/aangava/MSP/airflow_venv/lib/python3.12/site-packages/airflow/example_dags/example_sla_dag.py
[2025-04-28T11:06:18.760-0400] {logging_mixin.py:190} INFO - [2025-04-28T11:06:18.760-0400] {dag.py:3239} INFO - Sync 1 DAGs
[2025-04-28T11:06:18.787-0400] {logging_mixin.py:190} INFO - [2025-04-28T11:06:18.787-0400] {dag.py:4180} INFO - Setting next_dagrun for example_sla_dag to 2025-04-28 15:04:00+00:00, run_after=2025-04-28 15:06:00+00:00
[2025-04-28T11:06:18.812-0400] {processor.py:208} INFO - Processing /home/aangava/MSP/airflow_venv/lib/python3.12/site-packages/airflow/example_dags/example_sla_dag.py took 0.105 seconds
[2025-04-28T11:07:15.923-0400] {processor.py:186} INFO - Started process (PID=16691) to work on /home/aangava/MSP/airflow_venv/lib/python3.12/site-packages/airflow/example_dags/example_sla_dag.py
[2025-04-28T11:07:15.934-0400] {processor.py:914} INFO - Processing file /home/aangava/MSP/airflow_venv/lib/python3.12/site-packages/airflow/example_dags/example_sla_dag.py for tasks to queue
[2025-04-28T11:07:15.936-0400] {logging_mixin.py:190} INFO - [2025-04-28T11:07:15.935-0400] {dagbag.py:588} INFO - Filling up the DagBag from /home/aangava/MSP/airflow_venv/lib/python3.12/site-packages/airflow/example_dags/example_sla_dag.py
[2025-04-28T11:07:15.945-0400] {processor.py:925} INFO - DAG(s) 'example_sla_dag' retrieved from /home/aangava/MSP/airflow_venv/lib/python3.12/site-packages/airflow/example_dags/example_sla_dag.py
[2025-04-28T11:07:15.959-0400] {logging_mixin.py:190} INFO - [2025-04-28T11:07:15.958-0400] {dag.py:3239} INFO - Sync 1 DAGs
[2025-04-28T11:07:15.978-0400] {logging_mixin.py:190} INFO - [2025-04-28T11:07:15.978-0400] {dag.py:4180} INFO - Setting next_dagrun for example_sla_dag to 2025-04-28 15:04:00+00:00, run_after=2025-04-28 15:06:00+00:00
[2025-04-28T11:07:15.999-0400] {processor.py:208} INFO - Processing /home/aangava/MSP/airflow_venv/lib/python3.12/site-packages/airflow/example_dags/example_sla_dag.py took 0.088 seconds
[2025-04-28T11:08:13.889-0400] {processor.py:186} INFO - Started process (PID=17091) to work on /home/aangava/MSP/airflow_venv/lib/python3.12/site-packages/airflow/example_dags/example_sla_dag.py
[2025-04-28T11:08:13.897-0400] {processor.py:914} INFO - Processing file /home/aangava/MSP/airflow_venv/lib/python3.12/site-packages/airflow/example_dags/example_sla_dag.py for tasks to queue
[2025-04-28T11:08:13.899-0400] {logging_mixin.py:190} INFO - [2025-04-28T11:08:13.898-0400] {dagbag.py:588} INFO - Filling up the DagBag from /home/aangava/MSP/airflow_venv/lib/python3.12/site-packages/airflow/example_dags/example_sla_dag.py
[2025-04-28T11:08:13.913-0400] {processor.py:925} INFO - DAG(s) 'example_sla_dag' retrieved from /home/aangava/MSP/airflow_venv/lib/python3.12/site-packages/airflow/example_dags/example_sla_dag.py
[2025-04-28T11:08:13.929-0400] {logging_mixin.py:190} INFO - [2025-04-28T11:08:13.929-0400] {dag.py:3239} INFO - Sync 1 DAGs
[2025-04-28T11:08:13.955-0400] {logging_mixin.py:190} INFO - [2025-04-28T11:08:13.954-0400] {dag.py:4180} INFO - Setting next_dagrun for example_sla_dag to 2025-04-28 15:06:00+00:00, run_after=2025-04-28 15:08:00+00:00
[2025-04-28T11:08:13.979-0400] {processor.py:208} INFO - Processing /home/aangava/MSP/airflow_venv/lib/python3.12/site-packages/airflow/example_dags/example_sla_dag.py took 0.100 seconds
[2025-04-28T11:09:11.576-0400] {processor.py:186} INFO - Started process (PID=17347) to work on /home/aangava/MSP/airflow_venv/lib/python3.12/site-packages/airflow/example_dags/example_sla_dag.py
[2025-04-28T11:09:11.586-0400] {processor.py:914} INFO - Processing file /home/aangava/MSP/airflow_venv/lib/python3.12/site-packages/airflow/example_dags/example_sla_dag.py for tasks to queue
[2025-04-28T11:09:11.587-0400] {logging_mixin.py:190} INFO - [2025-04-28T11:09:11.586-0400] {dagbag.py:588} INFO - Filling up the DagBag from /home/aangava/MSP/airflow_venv/lib/python3.12/site-packages/airflow/example_dags/example_sla_dag.py
[2025-04-28T11:09:11.594-0400] {processor.py:925} INFO - DAG(s) 'example_sla_dag' retrieved from /home/aangava/MSP/airflow_venv/lib/python3.12/site-packages/airflow/example_dags/example_sla_dag.py
[2025-04-28T11:09:11.605-0400] {logging_mixin.py:190} INFO - [2025-04-28T11:09:11.604-0400] {dag.py:3239} INFO - Sync 1 DAGs
[2025-04-28T11:09:11.618-0400] {logging_mixin.py:190} INFO - [2025-04-28T11:09:11.618-0400] {dag.py:4180} INFO - Setting next_dagrun for example_sla_dag to 2025-04-28 15:06:00+00:00, run_after=2025-04-28 15:08:00+00:00
[2025-04-28T11:09:11.632-0400] {processor.py:208} INFO - Processing /home/aangava/MSP/airflow_venv/lib/python3.12/site-packages/airflow/example_dags/example_sla_dag.py took 0.061 seconds
[2025-04-28T11:10:04.258-0400] {processor.py:186} INFO - Started process (PID=17690) to work on /home/aangava/MSP/airflow_venv/lib/python3.12/site-packages/airflow/example_dags/example_sla_dag.py
[2025-04-28T11:10:04.260-0400] {processor.py:914} INFO - Processing file /home/aangava/MSP/airflow_venv/lib/python3.12/site-packages/airflow/example_dags/example_sla_dag.py for tasks to queue
[2025-04-28T11:10:04.261-0400] {logging_mixin.py:190} INFO - [2025-04-28T11:10:04.261-0400] {dagbag.py:588} INFO - Filling up the DagBag from /home/aangava/MSP/airflow_venv/lib/python3.12/site-packages/airflow/example_dags/example_sla_dag.py
[2025-04-28T11:10:04.269-0400] {processor.py:925} INFO - DAG(s) 'example_sla_dag' retrieved from /home/aangava/MSP/airflow_venv/lib/python3.12/site-packages/airflow/example_dags/example_sla_dag.py
[2025-04-28T11:10:04.280-0400] {logging_mixin.py:190} INFO - [2025-04-28T11:10:04.279-0400] {dag.py:3239} INFO - Sync 1 DAGs
[2025-04-28T11:10:04.297-0400] {logging_mixin.py:190} INFO - [2025-04-28T11:10:04.297-0400] {dag.py:4180} INFO - Setting next_dagrun for example_sla_dag to 2025-04-28 15:08:00+00:00, run_after=2025-04-28 15:10:00+00:00
[2025-04-28T11:10:04.312-0400] {processor.py:208} INFO - Processing /home/aangava/MSP/airflow_venv/lib/python3.12/site-packages/airflow/example_dags/example_sla_dag.py took 0.059 seconds
[2025-04-28T11:11:25.686-0400] {processor.py:186} INFO - Started process (PID=18330) to work on /home/aangava/MSP/airflow_venv/lib/python3.12/site-packages/airflow/example_dags/example_sla_dag.py
[2025-04-28T11:11:25.697-0400] {processor.py:914} INFO - Processing file /home/aangava/MSP/airflow_venv/lib/python3.12/site-packages/airflow/example_dags/example_sla_dag.py for tasks to queue
[2025-04-28T11:11:25.698-0400] {logging_mixin.py:190} INFO - [2025-04-28T11:11:25.698-0400] {dagbag.py:588} INFO - Filling up the DagBag from /home/aangava/MSP/airflow_venv/lib/python3.12/site-packages/airflow/example_dags/example_sla_dag.py
[2025-04-28T11:11:25.718-0400] {processor.py:925} INFO - DAG(s) 'example_sla_dag' retrieved from /home/aangava/MSP/airflow_venv/lib/python3.12/site-packages/airflow/example_dags/example_sla_dag.py
[2025-04-28T11:11:25.738-0400] {logging_mixin.py:190} INFO - [2025-04-28T11:11:25.738-0400] {dag.py:3239} INFO - Sync 1 DAGs
[2025-04-28T11:11:25.766-0400] {logging_mixin.py:190} INFO - [2025-04-28T11:11:25.765-0400] {dag.py:4180} INFO - Setting next_dagrun for example_sla_dag to 2025-04-28 15:08:00+00:00, run_after=2025-04-28 15:10:00+00:00
[2025-04-28T11:11:25.792-0400] {processor.py:208} INFO - Processing /home/aangava/MSP/airflow_venv/lib/python3.12/site-packages/airflow/example_dags/example_sla_dag.py took 0.115 seconds
[2025-04-28T11:12:28.418-0400] {processor.py:186} INFO - Started process (PID=18754) to work on /home/aangava/MSP/airflow_venv/lib/python3.12/site-packages/airflow/example_dags/example_sla_dag.py
[2025-04-28T11:12:28.420-0400] {processor.py:914} INFO - Processing file /home/aangava/MSP/airflow_venv/lib/python3.12/site-packages/airflow/example_dags/example_sla_dag.py for tasks to queue
[2025-04-28T11:12:28.424-0400] {logging_mixin.py:190} INFO - [2025-04-28T11:12:28.422-0400] {dagbag.py:588} INFO - Filling up the DagBag from /home/aangava/MSP/airflow_venv/lib/python3.12/site-packages/airflow/example_dags/example_sla_dag.py
[2025-04-28T11:12:28.438-0400] {processor.py:925} INFO - DAG(s) 'example_sla_dag' retrieved from /home/aangava/MSP/airflow_venv/lib/python3.12/site-packages/airflow/example_dags/example_sla_dag.py
[2025-04-28T11:12:28.456-0400] {logging_mixin.py:190} INFO - [2025-04-28T11:12:28.455-0400] {dag.py:3239} INFO - Sync 1 DAGs
[2025-04-28T11:12:28.479-0400] {logging_mixin.py:190} INFO - [2025-04-28T11:12:28.479-0400] {dag.py:4180} INFO - Setting next_dagrun for example_sla_dag to 2025-04-28 15:10:00+00:00, run_after=2025-04-28 15:12:00+00:00
[2025-04-28T11:12:28.502-0400] {processor.py:208} INFO - Processing /home/aangava/MSP/airflow_venv/lib/python3.12/site-packages/airflow/example_dags/example_sla_dag.py took 0.092 seconds
[2025-04-28T11:13:27.908-0400] {processor.py:186} INFO - Started process (PID=19129) to work on /home/aangava/MSP/airflow_venv/lib/python3.12/site-packages/airflow/example_dags/example_sla_dag.py
[2025-04-28T11:13:27.912-0400] {processor.py:914} INFO - Processing file /home/aangava/MSP/airflow_venv/lib/python3.12/site-packages/airflow/example_dags/example_sla_dag.py for tasks to queue
[2025-04-28T11:13:27.913-0400] {logging_mixin.py:190} INFO - [2025-04-28T11:13:27.913-0400] {dagbag.py:588} INFO - Filling up the DagBag from /home/aangava/MSP/airflow_venv/lib/python3.12/site-packages/airflow/example_dags/example_sla_dag.py
[2025-04-28T11:13:27.927-0400] {processor.py:925} INFO - DAG(s) 'example_sla_dag' retrieved from /home/aangava/MSP/airflow_venv/lib/python3.12/site-packages/airflow/example_dags/example_sla_dag.py
[2025-04-28T11:13:27.947-0400] {logging_mixin.py:190} INFO - [2025-04-28T11:13:27.946-0400] {dag.py:3239} INFO - Sync 1 DAGs
[2025-04-28T11:13:27.977-0400] {logging_mixin.py:190} INFO - [2025-04-28T11:13:27.976-0400] {dag.py:4180} INFO - Setting next_dagrun for example_sla_dag to 2025-04-28 15:10:00+00:00, run_after=2025-04-28 15:12:00+00:00
[2025-04-28T11:13:28.006-0400] {processor.py:208} INFO - Processing /home/aangava/MSP/airflow_venv/lib/python3.12/site-packages/airflow/example_dags/example_sla_dag.py took 0.110 seconds
[2025-04-28T11:14:33.901-0400] {processor.py:186} INFO - Started process (PID=19585) to work on /home/aangava/MSP/airflow_venv/lib/python3.12/site-packages/airflow/example_dags/example_sla_dag.py
[2025-04-28T11:14:33.903-0400] {processor.py:914} INFO - Processing file /home/aangava/MSP/airflow_venv/lib/python3.12/site-packages/airflow/example_dags/example_sla_dag.py for tasks to queue
[2025-04-28T11:14:33.905-0400] {logging_mixin.py:190} INFO - [2025-04-28T11:14:33.905-0400] {dagbag.py:588} INFO - Filling up the DagBag from /home/aangava/MSP/airflow_venv/lib/python3.12/site-packages/airflow/example_dags/example_sla_dag.py
[2025-04-28T11:14:33.918-0400] {processor.py:925} INFO - DAG(s) 'example_sla_dag' retrieved from /home/aangava/MSP/airflow_venv/lib/python3.12/site-packages/airflow/example_dags/example_sla_dag.py
[2025-04-28T11:14:33.934-0400] {logging_mixin.py:190} INFO - [2025-04-28T11:14:33.933-0400] {dag.py:3239} INFO - Sync 1 DAGs
[2025-04-28T11:14:33.958-0400] {logging_mixin.py:190} INFO - [2025-04-28T11:14:33.958-0400] {dag.py:4180} INFO - Setting next_dagrun for example_sla_dag to 2025-04-28 15:12:00+00:00, run_after=2025-04-28 15:14:00+00:00
[2025-04-28T11:14:33.986-0400] {processor.py:208} INFO - Processing /home/aangava/MSP/airflow_venv/lib/python3.12/site-packages/airflow/example_dags/example_sla_dag.py took 0.096 seconds
[2025-04-28T11:15:36.675-0400] {processor.py:186} INFO - Started process (PID=20029) to work on /home/aangava/MSP/airflow_venv/lib/python3.12/site-packages/airflow/example_dags/example_sla_dag.py
[2025-04-28T11:15:36.685-0400] {processor.py:914} INFO - Processing file /home/aangava/MSP/airflow_venv/lib/python3.12/site-packages/airflow/example_dags/example_sla_dag.py for tasks to queue
[2025-04-28T11:15:36.687-0400] {logging_mixin.py:190} INFO - [2025-04-28T11:15:36.687-0400] {dagbag.py:588} INFO - Filling up the DagBag from /home/aangava/MSP/airflow_venv/lib/python3.12/site-packages/airflow/example_dags/example_sla_dag.py
[2025-04-28T11:15:36.703-0400] {processor.py:925} INFO - DAG(s) 'example_sla_dag' retrieved from /home/aangava/MSP/airflow_venv/lib/python3.12/site-packages/airflow/example_dags/example_sla_dag.py
[2025-04-28T11:15:36.728-0400] {logging_mixin.py:190} INFO - [2025-04-28T11:15:36.727-0400] {dag.py:3239} INFO - Sync 1 DAGs
[2025-04-28T11:15:36.754-0400] {logging_mixin.py:190} INFO - [2025-04-28T11:15:36.753-0400] {dag.py:4180} INFO - Setting next_dagrun for example_sla_dag to 2025-04-28 15:12:00+00:00, run_after=2025-04-28 15:14:00+00:00
[2025-04-28T11:15:36.783-0400] {processor.py:208} INFO - Processing /home/aangava/MSP/airflow_venv/lib/python3.12/site-packages/airflow/example_dags/example_sla_dag.py took 0.120 seconds
[2025-04-28T11:16:38.187-0400] {processor.py:186} INFO - Started process (PID=20462) to work on /home/aangava/MSP/airflow_venv/lib/python3.12/site-packages/airflow/example_dags/example_sla_dag.py
[2025-04-28T11:16:38.188-0400] {processor.py:914} INFO - Processing file /home/aangava/MSP/airflow_venv/lib/python3.12/site-packages/airflow/example_dags/example_sla_dag.py for tasks to queue
[2025-04-28T11:16:38.190-0400] {logging_mixin.py:190} INFO - [2025-04-28T11:16:38.190-0400] {dagbag.py:588} INFO - Filling up the DagBag from /home/aangava/MSP/airflow_venv/lib/python3.12/site-packages/airflow/example_dags/example_sla_dag.py
[2025-04-28T11:16:38.202-0400] {processor.py:925} INFO - DAG(s) 'example_sla_dag' retrieved from /home/aangava/MSP/airflow_venv/lib/python3.12/site-packages/airflow/example_dags/example_sla_dag.py
[2025-04-28T11:16:38.214-0400] {logging_mixin.py:190} INFO - [2025-04-28T11:16:38.213-0400] {dag.py:3239} INFO - Sync 1 DAGs
[2025-04-28T11:16:38.229-0400] {logging_mixin.py:190} INFO - [2025-04-28T11:16:38.229-0400] {dag.py:4180} INFO - Setting next_dagrun for example_sla_dag to 2025-04-28 15:14:00+00:00, run_after=2025-04-28 15:16:00+00:00
[2025-04-28T11:16:38.242-0400] {processor.py:208} INFO - Processing /home/aangava/MSP/airflow_venv/lib/python3.12/site-packages/airflow/example_dags/example_sla_dag.py took 0.061 seconds
[2025-04-28T11:17:38.867-0400] {processor.py:186} INFO - Started process (PID=20905) to work on /home/aangava/MSP/airflow_venv/lib/python3.12/site-packages/airflow/example_dags/example_sla_dag.py
[2025-04-28T11:17:38.869-0400] {processor.py:914} INFO - Processing file /home/aangava/MSP/airflow_venv/lib/python3.12/site-packages/airflow/example_dags/example_sla_dag.py for tasks to queue
[2025-04-28T11:17:38.871-0400] {logging_mixin.py:190} INFO - [2025-04-28T11:17:38.870-0400] {dagbag.py:588} INFO - Filling up the DagBag from /home/aangava/MSP/airflow_venv/lib/python3.12/site-packages/airflow/example_dags/example_sla_dag.py
[2025-04-28T11:17:38.885-0400] {processor.py:925} INFO - DAG(s) 'example_sla_dag' retrieved from /home/aangava/MSP/airflow_venv/lib/python3.12/site-packages/airflow/example_dags/example_sla_dag.py
[2025-04-28T11:17:38.903-0400] {logging_mixin.py:190} INFO - [2025-04-28T11:17:38.903-0400] {dag.py:3239} INFO - Sync 1 DAGs
[2025-04-28T11:17:38.930-0400] {logging_mixin.py:190} INFO - [2025-04-28T11:17:38.929-0400] {dag.py:4180} INFO - Setting next_dagrun for example_sla_dag to 2025-04-28 15:14:00+00:00, run_after=2025-04-28 15:16:00+00:00
[2025-04-28T11:17:38.952-0400] {processor.py:208} INFO - Processing /home/aangava/MSP/airflow_venv/lib/python3.12/site-packages/airflow/example_dags/example_sla_dag.py took 0.098 seconds
[2025-04-28T11:18:43.637-0400] {processor.py:186} INFO - Started process (PID=21421) to work on /home/aangava/MSP/airflow_venv/lib/python3.12/site-packages/airflow/example_dags/example_sla_dag.py
[2025-04-28T11:18:43.648-0400] {processor.py:914} INFO - Processing file /home/aangava/MSP/airflow_venv/lib/python3.12/site-packages/airflow/example_dags/example_sla_dag.py for tasks to queue
[2025-04-28T11:18:43.650-0400] {logging_mixin.py:190} INFO - [2025-04-28T11:18:43.649-0400] {dagbag.py:588} INFO - Filling up the DagBag from /home/aangava/MSP/airflow_venv/lib/python3.12/site-packages/airflow/example_dags/example_sla_dag.py
[2025-04-28T11:18:43.661-0400] {processor.py:925} INFO - DAG(s) 'example_sla_dag' retrieved from /home/aangava/MSP/airflow_venv/lib/python3.12/site-packages/airflow/example_dags/example_sla_dag.py
[2025-04-28T11:18:43.679-0400] {logging_mixin.py:190} INFO - [2025-04-28T11:18:43.679-0400] {dag.py:3239} INFO - Sync 1 DAGs
[2025-04-28T11:18:43.705-0400] {logging_mixin.py:190} INFO - [2025-04-28T11:18:43.705-0400] {dag.py:4180} INFO - Setting next_dagrun for example_sla_dag to 2025-04-28 15:16:00+00:00, run_after=2025-04-28 15:18:00+00:00
[2025-04-28T11:18:43.733-0400] {processor.py:208} INFO - Processing /home/aangava/MSP/airflow_venv/lib/python3.12/site-packages/airflow/example_dags/example_sla_dag.py took 0.105 seconds
[2025-04-28T11:19:40.999-0400] {processor.py:186} INFO - Started process (PID=21679) to work on /home/aangava/MSP/airflow_venv/lib/python3.12/site-packages/airflow/example_dags/example_sla_dag.py
[2025-04-28T11:19:41.001-0400] {processor.py:914} INFO - Processing file /home/aangava/MSP/airflow_venv/lib/python3.12/site-packages/airflow/example_dags/example_sla_dag.py for tasks to queue
[2025-04-28T11:19:41.002-0400] {logging_mixin.py:190} INFO - [2025-04-28T11:19:41.002-0400] {dagbag.py:588} INFO - Filling up the DagBag from /home/aangava/MSP/airflow_venv/lib/python3.12/site-packages/airflow/example_dags/example_sla_dag.py
[2025-04-28T11:19:41.009-0400] {processor.py:925} INFO - DAG(s) 'example_sla_dag' retrieved from /home/aangava/MSP/airflow_venv/lib/python3.12/site-packages/airflow/example_dags/example_sla_dag.py
[2025-04-28T11:19:41.018-0400] {logging_mixin.py:190} INFO - [2025-04-28T11:19:41.018-0400] {dag.py:3239} INFO - Sync 1 DAGs
[2025-04-28T11:19:41.034-0400] {logging_mixin.py:190} INFO - [2025-04-28T11:19:41.034-0400] {dag.py:4180} INFO - Setting next_dagrun for example_sla_dag to 2025-04-28 15:16:00+00:00, run_after=2025-04-28 15:18:00+00:00
[2025-04-28T11:19:41.051-0400] {processor.py:208} INFO - Processing /home/aangava/MSP/airflow_venv/lib/python3.12/site-packages/airflow/example_dags/example_sla_dag.py took 0.056 seconds
[2025-04-28T11:20:40.632-0400] {processor.py:186} INFO - Started process (PID=21996) to work on /home/aangava/MSP/airflow_venv/lib/python3.12/site-packages/airflow/example_dags/example_sla_dag.py
[2025-04-28T11:20:40.642-0400] {processor.py:914} INFO - Processing file /home/aangava/MSP/airflow_venv/lib/python3.12/site-packages/airflow/example_dags/example_sla_dag.py for tasks to queue
[2025-04-28T11:20:40.644-0400] {logging_mixin.py:190} INFO - [2025-04-28T11:20:40.643-0400] {dagbag.py:588} INFO - Filling up the DagBag from /home/aangava/MSP/airflow_venv/lib/python3.12/site-packages/airflow/example_dags/example_sla_dag.py
[2025-04-28T11:20:40.657-0400] {processor.py:925} INFO - DAG(s) 'example_sla_dag' retrieved from /home/aangava/MSP/airflow_venv/lib/python3.12/site-packages/airflow/example_dags/example_sla_dag.py
[2025-04-28T11:20:40.677-0400] {logging_mixin.py:190} INFO - [2025-04-28T11:20:40.676-0400] {dag.py:3239} INFO - Sync 1 DAGs
[2025-04-28T11:20:40.701-0400] {logging_mixin.py:190} INFO - [2025-04-28T11:20:40.700-0400] {dag.py:4180} INFO - Setting next_dagrun for example_sla_dag to 2025-04-28 15:18:00+00:00, run_after=2025-04-28 15:20:00+00:00
[2025-04-28T11:20:40.725-0400] {processor.py:208} INFO - Processing /home/aangava/MSP/airflow_venv/lib/python3.12/site-packages/airflow/example_dags/example_sla_dag.py took 0.103 seconds
[2025-04-28T11:21:47.820-0400] {processor.py:186} INFO - Started process (PID=22582) to work on /home/aangava/MSP/airflow_venv/lib/python3.12/site-packages/airflow/example_dags/example_sla_dag.py
[2025-04-28T11:21:47.830-0400] {processor.py:914} INFO - Processing file /home/aangava/MSP/airflow_venv/lib/python3.12/site-packages/airflow/example_dags/example_sla_dag.py for tasks to queue
[2025-04-28T11:21:47.831-0400] {logging_mixin.py:190} INFO - [2025-04-28T11:21:47.830-0400] {dagbag.py:588} INFO - Filling up the DagBag from /home/aangava/MSP/airflow_venv/lib/python3.12/site-packages/airflow/example_dags/example_sla_dag.py
[2025-04-28T11:21:47.839-0400] {processor.py:925} INFO - DAG(s) 'example_sla_dag' retrieved from /home/aangava/MSP/airflow_venv/lib/python3.12/site-packages/airflow/example_dags/example_sla_dag.py
[2025-04-28T11:21:47.850-0400] {logging_mixin.py:190} INFO - [2025-04-28T11:21:47.850-0400] {dag.py:3239} INFO - Sync 1 DAGs
[2025-04-28T11:21:47.865-0400] {logging_mixin.py:190} INFO - [2025-04-28T11:21:47.865-0400] {dag.py:4180} INFO - Setting next_dagrun for example_sla_dag to 2025-04-28 15:18:00+00:00, run_after=2025-04-28 15:20:00+00:00
[2025-04-28T11:21:47.880-0400] {processor.py:208} INFO - Processing /home/aangava/MSP/airflow_venv/lib/python3.12/site-packages/airflow/example_dags/example_sla_dag.py took 0.065 seconds
[2025-04-28T11:23:06.649-0400] {processor.py:186} INFO - Started process (PID=23210) to work on /home/aangava/MSP/airflow_venv/lib/python3.12/site-packages/airflow/example_dags/example_sla_dag.py
[2025-04-28T11:23:06.651-0400] {processor.py:914} INFO - Processing file /home/aangava/MSP/airflow_venv/lib/python3.12/site-packages/airflow/example_dags/example_sla_dag.py for tasks to queue
[2025-04-28T11:23:06.651-0400] {logging_mixin.py:190} INFO - [2025-04-28T11:23:06.651-0400] {dagbag.py:588} INFO - Filling up the DagBag from /home/aangava/MSP/airflow_venv/lib/python3.12/site-packages/airflow/example_dags/example_sla_dag.py
[2025-04-28T11:23:06.662-0400] {processor.py:925} INFO - DAG(s) 'example_sla_dag' retrieved from /home/aangava/MSP/airflow_venv/lib/python3.12/site-packages/airflow/example_dags/example_sla_dag.py
[2025-04-28T11:23:06.673-0400] {logging_mixin.py:190} INFO - [2025-04-28T11:23:06.673-0400] {dag.py:3239} INFO - Sync 1 DAGs
[2025-04-28T11:23:06.690-0400] {logging_mixin.py:190} INFO - [2025-04-28T11:23:06.690-0400] {dag.py:4180} INFO - Setting next_dagrun for example_sla_dag to 2025-04-28 15:20:00+00:00, run_after=2025-04-28 15:22:00+00:00
[2025-04-28T11:23:06.709-0400] {processor.py:208} INFO - Processing /home/aangava/MSP/airflow_venv/lib/python3.12/site-packages/airflow/example_dags/example_sla_dag.py took 0.065 seconds
[2025-04-28T11:24:08.958-0400] {processor.py:186} INFO - Started process (PID=23524) to work on /home/aangava/MSP/airflow_venv/lib/python3.12/site-packages/airflow/example_dags/example_sla_dag.py
[2025-04-28T11:24:08.968-0400] {processor.py:914} INFO - Processing file /home/aangava/MSP/airflow_venv/lib/python3.12/site-packages/airflow/example_dags/example_sla_dag.py for tasks to queue
[2025-04-28T11:24:08.971-0400] {logging_mixin.py:190} INFO - [2025-04-28T11:24:08.970-0400] {dagbag.py:588} INFO - Filling up the DagBag from /home/aangava/MSP/airflow_venv/lib/python3.12/site-packages/airflow/example_dags/example_sla_dag.py
[2025-04-28T11:24:08.979-0400] {processor.py:925} INFO - DAG(s) 'example_sla_dag' retrieved from /home/aangava/MSP/airflow_venv/lib/python3.12/site-packages/airflow/example_dags/example_sla_dag.py
[2025-04-28T11:24:08.990-0400] {logging_mixin.py:190} INFO - [2025-04-28T11:24:08.990-0400] {dag.py:3239} INFO - Sync 1 DAGs
[2025-04-28T11:24:09.005-0400] {logging_mixin.py:190} INFO - [2025-04-28T11:24:09.004-0400] {dag.py:4180} INFO - Setting next_dagrun for example_sla_dag to 2025-04-28 15:22:00+00:00, run_after=2025-04-28 15:24:00+00:00
[2025-04-28T11:24:09.023-0400] {processor.py:208} INFO - Processing /home/aangava/MSP/airflow_venv/lib/python3.12/site-packages/airflow/example_dags/example_sla_dag.py took 0.071 seconds
[2025-04-28T11:25:07.921-0400] {processor.py:186} INFO - Started process (PID=23792) to work on /home/aangava/MSP/airflow_venv/lib/python3.12/site-packages/airflow/example_dags/example_sla_dag.py
[2025-04-28T11:25:07.923-0400] {processor.py:914} INFO - Processing file /home/aangava/MSP/airflow_venv/lib/python3.12/site-packages/airflow/example_dags/example_sla_dag.py for tasks to queue
[2025-04-28T11:25:07.924-0400] {logging_mixin.py:190} INFO - [2025-04-28T11:25:07.923-0400] {dagbag.py:588} INFO - Filling up the DagBag from /home/aangava/MSP/airflow_venv/lib/python3.12/site-packages/airflow/example_dags/example_sla_dag.py
[2025-04-28T11:25:07.931-0400] {processor.py:925} INFO - DAG(s) 'example_sla_dag' retrieved from /home/aangava/MSP/airflow_venv/lib/python3.12/site-packages/airflow/example_dags/example_sla_dag.py
[2025-04-28T11:25:07.943-0400] {logging_mixin.py:190} INFO - [2025-04-28T11:25:07.943-0400] {dag.py:3239} INFO - Sync 1 DAGs
[2025-04-28T11:25:07.960-0400] {logging_mixin.py:190} INFO - [2025-04-28T11:25:07.960-0400] {dag.py:4180} INFO - Setting next_dagrun for example_sla_dag to 2025-04-28 15:22:00+00:00, run_after=2025-04-28 15:24:00+00:00
[2025-04-28T11:25:07.974-0400] {processor.py:208} INFO - Processing /home/aangava/MSP/airflow_venv/lib/python3.12/site-packages/airflow/example_dags/example_sla_dag.py took 0.058 seconds
[2025-04-28T11:26:00.603-0400] {processor.py:186} INFO - Started process (PID=24065) to work on /home/aangava/MSP/airflow_venv/lib/python3.12/site-packages/airflow/example_dags/example_sla_dag.py
[2025-04-28T11:26:00.604-0400] {processor.py:914} INFO - Processing file /home/aangava/MSP/airflow_venv/lib/python3.12/site-packages/airflow/example_dags/example_sla_dag.py for tasks to queue
[2025-04-28T11:26:00.605-0400] {logging_mixin.py:190} INFO - [2025-04-28T11:26:00.605-0400] {dagbag.py:588} INFO - Filling up the DagBag from /home/aangava/MSP/airflow_venv/lib/python3.12/site-packages/airflow/example_dags/example_sla_dag.py
[2025-04-28T11:26:00.613-0400] {processor.py:925} INFO - DAG(s) 'example_sla_dag' retrieved from /home/aangava/MSP/airflow_venv/lib/python3.12/site-packages/airflow/example_dags/example_sla_dag.py
[2025-04-28T11:26:00.623-0400] {logging_mixin.py:190} INFO - [2025-04-28T11:26:00.623-0400] {dag.py:3239} INFO - Sync 1 DAGs
[2025-04-28T11:26:00.636-0400] {logging_mixin.py:190} INFO - [2025-04-28T11:26:00.636-0400] {dag.py:4180} INFO - Setting next_dagrun for example_sla_dag to 2025-04-28 15:24:00+00:00, run_after=2025-04-28 15:26:00+00:00
[2025-04-28T11:26:00.651-0400] {processor.py:208} INFO - Processing /home/aangava/MSP/airflow_venv/lib/python3.12/site-packages/airflow/example_dags/example_sla_dag.py took 0.054 seconds
[2025-04-28T11:26:51.466-0400] {processor.py:186} INFO - Started process (PID=24304) to work on /home/aangava/MSP/airflow_venv/lib/python3.12/site-packages/airflow/example_dags/example_sla_dag.py
[2025-04-28T11:26:51.468-0400] {processor.py:914} INFO - Processing file /home/aangava/MSP/airflow_venv/lib/python3.12/site-packages/airflow/example_dags/example_sla_dag.py for tasks to queue
[2025-04-28T11:26:51.469-0400] {logging_mixin.py:190} INFO - [2025-04-28T11:26:51.468-0400] {dagbag.py:588} INFO - Filling up the DagBag from /home/aangava/MSP/airflow_venv/lib/python3.12/site-packages/airflow/example_dags/example_sla_dag.py
[2025-04-28T11:26:51.476-0400] {processor.py:925} INFO - DAG(s) 'example_sla_dag' retrieved from /home/aangava/MSP/airflow_venv/lib/python3.12/site-packages/airflow/example_dags/example_sla_dag.py
[2025-04-28T11:26:51.487-0400] {logging_mixin.py:190} INFO - [2025-04-28T11:26:51.486-0400] {dag.py:3239} INFO - Sync 1 DAGs
[2025-04-28T11:26:51.501-0400] {logging_mixin.py:190} INFO - [2025-04-28T11:26:51.500-0400] {dag.py:4180} INFO - Setting next_dagrun for example_sla_dag to 2025-04-28 15:24:00+00:00, run_after=2025-04-28 15:26:00+00:00
[2025-04-28T11:26:51.515-0400] {processor.py:208} INFO - Processing /home/aangava/MSP/airflow_venv/lib/python3.12/site-packages/airflow/example_dags/example_sla_dag.py took 0.054 seconds
[2025-04-28T11:27:55.709-0400] {processor.py:186} INFO - Started process (PID=25045) to work on /home/aangava/MSP/airflow_venv/lib/python3.12/site-packages/airflow/example_dags/example_sla_dag.py
[2025-04-28T11:27:55.711-0400] {processor.py:914} INFO - Processing file /home/aangava/MSP/airflow_venv/lib/python3.12/site-packages/airflow/example_dags/example_sla_dag.py for tasks to queue
[2025-04-28T11:27:55.713-0400] {logging_mixin.py:190} INFO - [2025-04-28T11:27:55.712-0400] {dagbag.py:588} INFO - Filling up the DagBag from /home/aangava/MSP/airflow_venv/lib/python3.12/site-packages/airflow/example_dags/example_sla_dag.py
[2025-04-28T11:27:55.720-0400] {processor.py:925} INFO - DAG(s) 'example_sla_dag' retrieved from /home/aangava/MSP/airflow_venv/lib/python3.12/site-packages/airflow/example_dags/example_sla_dag.py
[2025-04-28T11:27:55.731-0400] {logging_mixin.py:190} INFO - [2025-04-28T11:27:55.731-0400] {dag.py:3239} INFO - Sync 1 DAGs
[2025-04-28T11:27:55.745-0400] {logging_mixin.py:190} INFO - [2025-04-28T11:27:55.745-0400] {dag.py:4180} INFO - Setting next_dagrun for example_sla_dag to 2025-04-28 15:24:00+00:00, run_after=2025-04-28 15:26:00+00:00
[2025-04-28T11:27:55.759-0400] {processor.py:208} INFO - Processing /home/aangava/MSP/airflow_venv/lib/python3.12/site-packages/airflow/example_dags/example_sla_dag.py took 0.054 seconds
[2025-04-28T11:28:52.159-0400] {processor.py:186} INFO - Started process (PID=25368) to work on /home/aangava/MSP/airflow_venv/lib/python3.12/site-packages/airflow/example_dags/example_sla_dag.py
[2025-04-28T11:28:52.160-0400] {processor.py:914} INFO - Processing file /home/aangava/MSP/airflow_venv/lib/python3.12/site-packages/airflow/example_dags/example_sla_dag.py for tasks to queue
[2025-04-28T11:28:52.162-0400] {logging_mixin.py:190} INFO - [2025-04-28T11:28:52.161-0400] {dagbag.py:588} INFO - Filling up the DagBag from /home/aangava/MSP/airflow_venv/lib/python3.12/site-packages/airflow/example_dags/example_sla_dag.py
[2025-04-28T11:28:52.169-0400] {processor.py:925} INFO - DAG(s) 'example_sla_dag' retrieved from /home/aangava/MSP/airflow_venv/lib/python3.12/site-packages/airflow/example_dags/example_sla_dag.py
[2025-04-28T11:28:52.180-0400] {logging_mixin.py:190} INFO - [2025-04-28T11:28:52.180-0400] {dag.py:3239} INFO - Sync 1 DAGs
[2025-04-28T11:28:52.195-0400] {logging_mixin.py:190} INFO - [2025-04-28T11:28:52.195-0400] {dag.py:4180} INFO - Setting next_dagrun for example_sla_dag to 2025-04-28 15:26:00+00:00, run_after=2025-04-28 15:28:00+00:00
[2025-04-28T11:28:52.210-0400] {processor.py:208} INFO - Processing /home/aangava/MSP/airflow_venv/lib/python3.12/site-packages/airflow/example_dags/example_sla_dag.py took 0.057 seconds
[2025-04-28T11:30:08.970-0400] {processor.py:186} INFO - Started process (PID=26096) to work on /home/aangava/MSP/airflow_venv/lib/python3.12/site-packages/airflow/example_dags/example_sla_dag.py
[2025-04-28T11:30:08.980-0400] {processor.py:914} INFO - Processing file /home/aangava/MSP/airflow_venv/lib/python3.12/site-packages/airflow/example_dags/example_sla_dag.py for tasks to queue
[2025-04-28T11:30:08.981-0400] {logging_mixin.py:190} INFO - [2025-04-28T11:30:08.980-0400] {dagbag.py:588} INFO - Filling up the DagBag from /home/aangava/MSP/airflow_venv/lib/python3.12/site-packages/airflow/example_dags/example_sla_dag.py
[2025-04-28T11:30:08.988-0400] {processor.py:925} INFO - DAG(s) 'example_sla_dag' retrieved from /home/aangava/MSP/airflow_venv/lib/python3.12/site-packages/airflow/example_dags/example_sla_dag.py
[2025-04-28T11:30:08.998-0400] {logging_mixin.py:190} INFO - [2025-04-28T11:30:08.998-0400] {dag.py:3239} INFO - Sync 1 DAGs
[2025-04-28T11:30:09.012-0400] {logging_mixin.py:190} INFO - [2025-04-28T11:30:09.012-0400] {dag.py:4180} INFO - Setting next_dagrun for example_sla_dag to 2025-04-28 15:28:00+00:00, run_after=2025-04-28 15:30:00+00:00
[2025-04-28T11:30:09.026-0400] {processor.py:208} INFO - Processing /home/aangava/MSP/airflow_venv/lib/python3.12/site-packages/airflow/example_dags/example_sla_dag.py took 0.061 seconds
[2025-04-28T11:31:05.396-0400] {processor.py:186} INFO - Started process (PID=26361) to work on /home/aangava/MSP/airflow_venv/lib/python3.12/site-packages/airflow/example_dags/example_sla_dag.py
[2025-04-28T11:31:05.406-0400] {processor.py:914} INFO - Processing file /home/aangava/MSP/airflow_venv/lib/python3.12/site-packages/airflow/example_dags/example_sla_dag.py for tasks to queue
[2025-04-28T11:31:05.407-0400] {logging_mixin.py:190} INFO - [2025-04-28T11:31:05.406-0400] {dagbag.py:588} INFO - Filling up the DagBag from /home/aangava/MSP/airflow_venv/lib/python3.12/site-packages/airflow/example_dags/example_sla_dag.py
[2025-04-28T11:31:05.414-0400] {processor.py:925} INFO - DAG(s) 'example_sla_dag' retrieved from /home/aangava/MSP/airflow_venv/lib/python3.12/site-packages/airflow/example_dags/example_sla_dag.py
[2025-04-28T11:31:05.425-0400] {logging_mixin.py:190} INFO - [2025-04-28T11:31:05.425-0400] {dag.py:3239} INFO - Sync 1 DAGs
[2025-04-28T11:31:05.440-0400] {logging_mixin.py:190} INFO - [2025-04-28T11:31:05.439-0400] {dag.py:4180} INFO - Setting next_dagrun for example_sla_dag to 2025-04-28 15:28:00+00:00, run_after=2025-04-28 15:30:00+00:00
[2025-04-28T11:31:05.451-0400] {processor.py:208} INFO - Processing /home/aangava/MSP/airflow_venv/lib/python3.12/site-packages/airflow/example_dags/example_sla_dag.py took 0.061 seconds
[2025-04-28T11:31:57.937-0400] {processor.py:186} INFO - Started process (PID=26603) to work on /home/aangava/MSP/airflow_venv/lib/python3.12/site-packages/airflow/example_dags/example_sla_dag.py
[2025-04-28T11:31:57.938-0400] {processor.py:914} INFO - Processing file /home/aangava/MSP/airflow_venv/lib/python3.12/site-packages/airflow/example_dags/example_sla_dag.py for tasks to queue
[2025-04-28T11:31:57.939-0400] {logging_mixin.py:190} INFO - [2025-04-28T11:31:57.939-0400] {dagbag.py:588} INFO - Filling up the DagBag from /home/aangava/MSP/airflow_venv/lib/python3.12/site-packages/airflow/example_dags/example_sla_dag.py
[2025-04-28T11:31:57.949-0400] {processor.py:925} INFO - DAG(s) 'example_sla_dag' retrieved from /home/aangava/MSP/airflow_venv/lib/python3.12/site-packages/airflow/example_dags/example_sla_dag.py
[2025-04-28T11:31:57.961-0400] {logging_mixin.py:190} INFO - [2025-04-28T11:31:57.961-0400] {dag.py:3239} INFO - Sync 1 DAGs
[2025-04-28T11:31:57.979-0400] {logging_mixin.py:190} INFO - [2025-04-28T11:31:57.978-0400] {dag.py:4180} INFO - Setting next_dagrun for example_sla_dag to 2025-04-28 15:28:00+00:00, run_after=2025-04-28 15:30:00+00:00
[2025-04-28T11:31:57.992-0400] {processor.py:208} INFO - Processing /home/aangava/MSP/airflow_venv/lib/python3.12/site-packages/airflow/example_dags/example_sla_dag.py took 0.059 seconds
[2025-04-28T11:32:51.689-0400] {processor.py:186} INFO - Started process (PID=26883) to work on /home/aangava/MSP/airflow_venv/lib/python3.12/site-packages/airflow/example_dags/example_sla_dag.py
[2025-04-28T11:32:51.690-0400] {processor.py:914} INFO - Processing file /home/aangava/MSP/airflow_venv/lib/python3.12/site-packages/airflow/example_dags/example_sla_dag.py for tasks to queue
[2025-04-28T11:32:51.692-0400] {logging_mixin.py:190} INFO - [2025-04-28T11:32:51.692-0400] {dagbag.py:588} INFO - Filling up the DagBag from /home/aangava/MSP/airflow_venv/lib/python3.12/site-packages/airflow/example_dags/example_sla_dag.py
[2025-04-28T11:32:51.699-0400] {processor.py:925} INFO - DAG(s) 'example_sla_dag' retrieved from /home/aangava/MSP/airflow_venv/lib/python3.12/site-packages/airflow/example_dags/example_sla_dag.py
[2025-04-28T11:32:51.709-0400] {logging_mixin.py:190} INFO - [2025-04-28T11:32:51.709-0400] {dag.py:3239} INFO - Sync 1 DAGs
[2025-04-28T11:32:51.723-0400] {logging_mixin.py:190} INFO - [2025-04-28T11:32:51.723-0400] {dag.py:4180} INFO - Setting next_dagrun for example_sla_dag to 2025-04-28 15:30:00+00:00, run_after=2025-04-28 15:32:00+00:00
[2025-04-28T11:32:51.737-0400] {processor.py:208} INFO - Processing /home/aangava/MSP/airflow_venv/lib/python3.12/site-packages/airflow/example_dags/example_sla_dag.py took 0.053 seconds
[2025-04-28T11:33:44.537-0400] {processor.py:186} INFO - Started process (PID=27214) to work on /home/aangava/MSP/airflow_venv/lib/python3.12/site-packages/airflow/example_dags/example_sla_dag.py
[2025-04-28T11:33:44.547-0400] {processor.py:914} INFO - Processing file /home/aangava/MSP/airflow_venv/lib/python3.12/site-packages/airflow/example_dags/example_sla_dag.py for tasks to queue
[2025-04-28T11:33:44.549-0400] {logging_mixin.py:190} INFO - [2025-04-28T11:33:44.548-0400] {dagbag.py:588} INFO - Filling up the DagBag from /home/aangava/MSP/airflow_venv/lib/python3.12/site-packages/airflow/example_dags/example_sla_dag.py
[2025-04-28T11:33:44.556-0400] {processor.py:925} INFO - DAG(s) 'example_sla_dag' retrieved from /home/aangava/MSP/airflow_venv/lib/python3.12/site-packages/airflow/example_dags/example_sla_dag.py
[2025-04-28T11:33:44.567-0400] {logging_mixin.py:190} INFO - [2025-04-28T11:33:44.567-0400] {dag.py:3239} INFO - Sync 1 DAGs
[2025-04-28T11:33:44.581-0400] {logging_mixin.py:190} INFO - [2025-04-28T11:33:44.580-0400] {dag.py:4180} INFO - Setting next_dagrun for example_sla_dag to 2025-04-28 15:30:00+00:00, run_after=2025-04-28 15:32:00+00:00
[2025-04-28T11:33:44.593-0400] {processor.py:208} INFO - Processing /home/aangava/MSP/airflow_venv/lib/python3.12/site-packages/airflow/example_dags/example_sla_dag.py took 0.061 seconds
[2025-04-28T11:34:37.709-0400] {processor.py:186} INFO - Started process (PID=27633) to work on /home/aangava/MSP/airflow_venv/lib/python3.12/site-packages/airflow/example_dags/example_sla_dag.py
[2025-04-28T11:34:37.719-0400] {processor.py:914} INFO - Processing file /home/aangava/MSP/airflow_venv/lib/python3.12/site-packages/airflow/example_dags/example_sla_dag.py for tasks to queue
[2025-04-28T11:34:37.720-0400] {logging_mixin.py:190} INFO - [2025-04-28T11:34:37.720-0400] {dagbag.py:588} INFO - Filling up the DagBag from /home/aangava/MSP/airflow_venv/lib/python3.12/site-packages/airflow/example_dags/example_sla_dag.py
[2025-04-28T11:34:37.728-0400] {processor.py:925} INFO - DAG(s) 'example_sla_dag' retrieved from /home/aangava/MSP/airflow_venv/lib/python3.12/site-packages/airflow/example_dags/example_sla_dag.py
[2025-04-28T11:34:37.738-0400] {logging_mixin.py:190} INFO - [2025-04-28T11:34:37.738-0400] {dag.py:3239} INFO - Sync 1 DAGs
[2025-04-28T11:34:37.753-0400] {logging_mixin.py:190} INFO - [2025-04-28T11:34:37.753-0400] {dag.py:4180} INFO - Setting next_dagrun for example_sla_dag to 2025-04-28 15:32:00+00:00, run_after=2025-04-28 15:34:00+00:00
[2025-04-28T11:34:37.768-0400] {processor.py:208} INFO - Processing /home/aangava/MSP/airflow_venv/lib/python3.12/site-packages/airflow/example_dags/example_sla_dag.py took 0.065 seconds
[2025-04-28T11:35:28.887-0400] {processor.py:186} INFO - Started process (PID=27891) to work on /home/aangava/MSP/airflow_venv/lib/python3.12/site-packages/airflow/example_dags/example_sla_dag.py
[2025-04-28T11:35:28.897-0400] {processor.py:914} INFO - Processing file /home/aangava/MSP/airflow_venv/lib/python3.12/site-packages/airflow/example_dags/example_sla_dag.py for tasks to queue
[2025-04-28T11:35:28.898-0400] {logging_mixin.py:190} INFO - [2025-04-28T11:35:28.898-0400] {dagbag.py:588} INFO - Filling up the DagBag from /home/aangava/MSP/airflow_venv/lib/python3.12/site-packages/airflow/example_dags/example_sla_dag.py
[2025-04-28T11:35:28.906-0400] {processor.py:925} INFO - DAG(s) 'example_sla_dag' retrieved from /home/aangava/MSP/airflow_venv/lib/python3.12/site-packages/airflow/example_dags/example_sla_dag.py
[2025-04-28T11:35:28.915-0400] {logging_mixin.py:190} INFO - [2025-04-28T11:35:28.915-0400] {dag.py:3239} INFO - Sync 1 DAGs
[2025-04-28T11:35:28.929-0400] {logging_mixin.py:190} INFO - [2025-04-28T11:35:28.929-0400] {dag.py:4180} INFO - Setting next_dagrun for example_sla_dag to 2025-04-28 15:32:00+00:00, run_after=2025-04-28 15:34:00+00:00
[2025-04-28T11:35:28.944-0400] {processor.py:208} INFO - Processing /home/aangava/MSP/airflow_venv/lib/python3.12/site-packages/airflow/example_dags/example_sla_dag.py took 0.062 seconds
[2025-04-28T11:36:19.315-0400] {processor.py:186} INFO - Started process (PID=28187) to work on /home/aangava/MSP/airflow_venv/lib/python3.12/site-packages/airflow/example_dags/example_sla_dag.py
[2025-04-28T11:36:19.317-0400] {processor.py:914} INFO - Processing file /home/aangava/MSP/airflow_venv/lib/python3.12/site-packages/airflow/example_dags/example_sla_dag.py for tasks to queue
[2025-04-28T11:36:19.319-0400] {logging_mixin.py:190} INFO - [2025-04-28T11:36:19.319-0400] {dagbag.py:588} INFO - Filling up the DagBag from /home/aangava/MSP/airflow_venv/lib/python3.12/site-packages/airflow/example_dags/example_sla_dag.py
[2025-04-28T11:36:19.328-0400] {processor.py:925} INFO - DAG(s) 'example_sla_dag' retrieved from /home/aangava/MSP/airflow_venv/lib/python3.12/site-packages/airflow/example_dags/example_sla_dag.py
[2025-04-28T11:36:19.338-0400] {logging_mixin.py:190} INFO - [2025-04-28T11:36:19.338-0400] {dag.py:3239} INFO - Sync 1 DAGs
[2025-04-28T11:36:19.353-0400] {logging_mixin.py:190} INFO - [2025-04-28T11:36:19.353-0400] {dag.py:4180} INFO - Setting next_dagrun for example_sla_dag to 2025-04-28 15:34:00+00:00, run_after=2025-04-28 15:36:00+00:00
[2025-04-28T11:36:19.370-0400] {processor.py:208} INFO - Processing /home/aangava/MSP/airflow_venv/lib/python3.12/site-packages/airflow/example_dags/example_sla_dag.py took 0.060 seconds
[2025-04-28T11:37:10.549-0400] {processor.py:186} INFO - Started process (PID=28510) to work on /home/aangava/MSP/airflow_venv/lib/python3.12/site-packages/airflow/example_dags/example_sla_dag.py
[2025-04-28T11:37:10.551-0400] {processor.py:914} INFO - Processing file /home/aangava/MSP/airflow_venv/lib/python3.12/site-packages/airflow/example_dags/example_sla_dag.py for tasks to queue
[2025-04-28T11:37:10.552-0400] {logging_mixin.py:190} INFO - [2025-04-28T11:37:10.552-0400] {dagbag.py:588} INFO - Filling up the DagBag from /home/aangava/MSP/airflow_venv/lib/python3.12/site-packages/airflow/example_dags/example_sla_dag.py
[2025-04-28T11:37:10.559-0400] {processor.py:925} INFO - DAG(s) 'example_sla_dag' retrieved from /home/aangava/MSP/airflow_venv/lib/python3.12/site-packages/airflow/example_dags/example_sla_dag.py
[2025-04-28T11:37:10.570-0400] {logging_mixin.py:190} INFO - [2025-04-28T11:37:10.570-0400] {dag.py:3239} INFO - Sync 1 DAGs
[2025-04-28T11:37:10.584-0400] {logging_mixin.py:190} INFO - [2025-04-28T11:37:10.584-0400] {dag.py:4180} INFO - Setting next_dagrun for example_sla_dag to 2025-04-28 15:34:00+00:00, run_after=2025-04-28 15:36:00+00:00
[2025-04-28T11:37:10.597-0400] {processor.py:208} INFO - Processing /home/aangava/MSP/airflow_venv/lib/python3.12/site-packages/airflow/example_dags/example_sla_dag.py took 0.054 seconds
[2025-04-28T11:38:05.156-0400] {processor.py:186} INFO - Started process (PID=28764) to work on /home/aangava/MSP/airflow_venv/lib/python3.12/site-packages/airflow/example_dags/example_sla_dag.py
[2025-04-28T11:38:05.157-0400] {processor.py:914} INFO - Processing file /home/aangava/MSP/airflow_venv/lib/python3.12/site-packages/airflow/example_dags/example_sla_dag.py for tasks to queue
[2025-04-28T11:38:05.159-0400] {logging_mixin.py:190} INFO - [2025-04-28T11:38:05.158-0400] {dagbag.py:588} INFO - Filling up the DagBag from /home/aangava/MSP/airflow_venv/lib/python3.12/site-packages/airflow/example_dags/example_sla_dag.py
[2025-04-28T11:38:05.167-0400] {processor.py:925} INFO - DAG(s) 'example_sla_dag' retrieved from /home/aangava/MSP/airflow_venv/lib/python3.12/site-packages/airflow/example_dags/example_sla_dag.py
[2025-04-28T11:38:05.178-0400] {logging_mixin.py:190} INFO - [2025-04-28T11:38:05.178-0400] {dag.py:3239} INFO - Sync 1 DAGs
[2025-04-28T11:38:05.195-0400] {logging_mixin.py:190} INFO - [2025-04-28T11:38:05.195-0400] {dag.py:4180} INFO - Setting next_dagrun for example_sla_dag to 2025-04-28 15:36:00+00:00, run_after=2025-04-28 15:38:00+00:00
[2025-04-28T11:38:05.211-0400] {processor.py:208} INFO - Processing /home/aangava/MSP/airflow_venv/lib/python3.12/site-packages/airflow/example_dags/example_sla_dag.py took 0.060 seconds
[2025-04-28T11:38:58.043-0400] {processor.py:186} INFO - Started process (PID=29025) to work on /home/aangava/MSP/airflow_venv/lib/python3.12/site-packages/airflow/example_dags/example_sla_dag.py
[2025-04-28T11:38:58.044-0400] {processor.py:914} INFO - Processing file /home/aangava/MSP/airflow_venv/lib/python3.12/site-packages/airflow/example_dags/example_sla_dag.py for tasks to queue
[2025-04-28T11:38:58.045-0400] {logging_mixin.py:190} INFO - [2025-04-28T11:38:58.045-0400] {dagbag.py:588} INFO - Filling up the DagBag from /home/aangava/MSP/airflow_venv/lib/python3.12/site-packages/airflow/example_dags/example_sla_dag.py
[2025-04-28T11:38:58.053-0400] {processor.py:925} INFO - DAG(s) 'example_sla_dag' retrieved from /home/aangava/MSP/airflow_venv/lib/python3.12/site-packages/airflow/example_dags/example_sla_dag.py
[2025-04-28T11:38:58.064-0400] {logging_mixin.py:190} INFO - [2025-04-28T11:38:58.064-0400] {dag.py:3239} INFO - Sync 1 DAGs
[2025-04-28T11:38:58.080-0400] {logging_mixin.py:190} INFO - [2025-04-28T11:38:58.080-0400] {dag.py:4180} INFO - Setting next_dagrun for example_sla_dag to 2025-04-28 15:36:00+00:00, run_after=2025-04-28 15:38:00+00:00
[2025-04-28T11:38:58.093-0400] {processor.py:208} INFO - Processing /home/aangava/MSP/airflow_venv/lib/python3.12/site-packages/airflow/example_dags/example_sla_dag.py took 0.056 seconds
[2025-04-28T11:39:50.806-0400] {processor.py:186} INFO - Started process (PID=29272) to work on /home/aangava/MSP/airflow_venv/lib/python3.12/site-packages/airflow/example_dags/example_sla_dag.py
[2025-04-28T11:39:50.807-0400] {processor.py:914} INFO - Processing file /home/aangava/MSP/airflow_venv/lib/python3.12/site-packages/airflow/example_dags/example_sla_dag.py for tasks to queue
[2025-04-28T11:39:50.808-0400] {logging_mixin.py:190} INFO - [2025-04-28T11:39:50.808-0400] {dagbag.py:588} INFO - Filling up the DagBag from /home/aangava/MSP/airflow_venv/lib/python3.12/site-packages/airflow/example_dags/example_sla_dag.py
[2025-04-28T11:39:50.816-0400] {processor.py:925} INFO - DAG(s) 'example_sla_dag' retrieved from /home/aangava/MSP/airflow_venv/lib/python3.12/site-packages/airflow/example_dags/example_sla_dag.py
[2025-04-28T11:39:50.827-0400] {logging_mixin.py:190} INFO - [2025-04-28T11:39:50.827-0400] {dag.py:3239} INFO - Sync 1 DAGs
[2025-04-28T11:39:50.842-0400] {logging_mixin.py:190} INFO - [2025-04-28T11:39:50.842-0400] {dag.py:4180} INFO - Setting next_dagrun for example_sla_dag to 2025-04-28 15:36:00+00:00, run_after=2025-04-28 15:38:00+00:00
[2025-04-28T11:39:50.858-0400] {processor.py:208} INFO - Processing /home/aangava/MSP/airflow_venv/lib/python3.12/site-packages/airflow/example_dags/example_sla_dag.py took 0.058 seconds
[2025-04-28T11:40:45.815-0400] {processor.py:186} INFO - Started process (PID=29639) to work on /home/aangava/MSP/airflow_venv/lib/python3.12/site-packages/airflow/example_dags/example_sla_dag.py
[2025-04-28T11:40:45.824-0400] {processor.py:914} INFO - Processing file /home/aangava/MSP/airflow_venv/lib/python3.12/site-packages/airflow/example_dags/example_sla_dag.py for tasks to queue
[2025-04-28T11:40:45.825-0400] {logging_mixin.py:190} INFO - [2025-04-28T11:40:45.825-0400] {dagbag.py:588} INFO - Filling up the DagBag from /home/aangava/MSP/airflow_venv/lib/python3.12/site-packages/airflow/example_dags/example_sla_dag.py
[2025-04-28T11:40:45.833-0400] {processor.py:925} INFO - DAG(s) 'example_sla_dag' retrieved from /home/aangava/MSP/airflow_venv/lib/python3.12/site-packages/airflow/example_dags/example_sla_dag.py
[2025-04-28T11:40:45.844-0400] {logging_mixin.py:190} INFO - [2025-04-28T11:40:45.844-0400] {dag.py:3239} INFO - Sync 1 DAGs
[2025-04-28T11:40:45.859-0400] {logging_mixin.py:190} INFO - [2025-04-28T11:40:45.859-0400] {dag.py:4180} INFO - Setting next_dagrun for example_sla_dag to 2025-04-28 15:38:00+00:00, run_after=2025-04-28 15:40:00+00:00
[2025-04-28T11:40:45.872-0400] {processor.py:208} INFO - Processing /home/aangava/MSP/airflow_venv/lib/python3.12/site-packages/airflow/example_dags/example_sla_dag.py took 0.063 seconds
