[2025-04-28T10:34:50.007-0400] {processor.py:186} INFO - Started process (PID=5467) to work on /home/aangava/MSP/airflow_venv/lib/python3.12/site-packages/airflow/example_dags/example_params_ui_tutorial.py
[2025-04-28T10:34:50.008-0400] {processor.py:914} INFO - Processing file /home/aangava/MSP/airflow_venv/lib/python3.12/site-packages/airflow/example_dags/example_params_ui_tutorial.py for tasks to queue
[2025-04-28T10:34:50.011-0400] {logging_mixin.py:190} INFO - [2025-04-28T10:34:50.011-0400] {dagbag.py:588} INFO - Filling up the DagBag from /home/aangava/MSP/airflow_venv/lib/python3.12/site-packages/airflow/example_dags/example_params_ui_tutorial.py
[2025-04-28T10:34:50.024-0400] {processor.py:925} INFO - DAG(s) 'example_params_ui_tutorial' retrieved from /home/aangava/MSP/airflow_venv/lib/python3.12/site-packages/airflow/example_dags/example_params_ui_tutorial.py
[2025-04-28T10:34:50.190-0400] {logging_mixin.py:190} INFO - [2025-04-28T10:34:50.189-0400] {override.py:1912} INFO - Created Permission View: can read on DAG:example_params_ui_tutorial
[2025-04-28T10:34:50.204-0400] {logging_mixin.py:190} INFO - [2025-04-28T10:34:50.204-0400] {override.py:1912} INFO - Created Permission View: can edit on DAG:example_params_ui_tutorial
[2025-04-28T10:34:50.218-0400] {logging_mixin.py:190} INFO - [2025-04-28T10:34:50.217-0400] {override.py:1912} INFO - Created Permission View: can delete on DAG:example_params_ui_tutorial
[2025-04-28T10:34:50.238-0400] {logging_mixin.py:190} INFO - [2025-04-28T10:34:50.238-0400] {override.py:1912} INFO - Created Permission View: can read on DAG Run:example_params_ui_tutorial
[2025-04-28T10:34:50.251-0400] {logging_mixin.py:190} INFO - [2025-04-28T10:34:50.250-0400] {override.py:1912} INFO - Created Permission View: can delete on DAG Run:example_params_ui_tutorial
[2025-04-28T10:34:50.264-0400] {logging_mixin.py:190} INFO - [2025-04-28T10:34:50.263-0400] {override.py:1912} INFO - Created Permission View: can create on DAG Run:example_params_ui_tutorial
[2025-04-28T10:34:50.277-0400] {logging_mixin.py:190} INFO - [2025-04-28T10:34:50.277-0400] {override.py:1912} INFO - Created Permission View: menu access on DAG Run:example_params_ui_tutorial
[2025-04-28T10:34:50.278-0400] {logging_mixin.py:190} INFO - [2025-04-28T10:34:50.278-0400] {dag.py:3239} INFO - Sync 1 DAGs
[2025-04-28T10:34:50.288-0400] {logging_mixin.py:190} INFO - [2025-04-28T10:34:50.288-0400] {dag.py:3262} INFO - Creating ORM DAG for example_params_ui_tutorial
[2025-04-28T10:34:50.289-0400] {logging_mixin.py:190} INFO - [2025-04-28T10:34:50.289-0400] {dag.py:4180} INFO - Setting next_dagrun for example_params_ui_tutorial to None, run_after=None
[2025-04-28T10:34:50.311-0400] {processor.py:208} INFO - Processing /home/aangava/MSP/airflow_venv/lib/python3.12/site-packages/airflow/example_dags/example_params_ui_tutorial.py took 0.313 seconds
[2025-04-28T10:35:55.284-0400] {processor.py:186} INFO - Started process (PID=5926) to work on /home/aangava/MSP/airflow_venv/lib/python3.12/site-packages/airflow/example_dags/example_params_ui_tutorial.py
[2025-04-28T10:35:55.286-0400] {processor.py:914} INFO - Processing file /home/aangava/MSP/airflow_venv/lib/python3.12/site-packages/airflow/example_dags/example_params_ui_tutorial.py for tasks to queue
[2025-04-28T10:35:55.289-0400] {logging_mixin.py:190} INFO - [2025-04-28T10:35:55.289-0400] {dagbag.py:588} INFO - Filling up the DagBag from /home/aangava/MSP/airflow_venv/lib/python3.12/site-packages/airflow/example_dags/example_params_ui_tutorial.py
[2025-04-28T10:35:55.305-0400] {processor.py:925} INFO - DAG(s) 'example_params_ui_tutorial' retrieved from /home/aangava/MSP/airflow_venv/lib/python3.12/site-packages/airflow/example_dags/example_params_ui_tutorial.py
[2025-04-28T10:35:55.352-0400] {logging_mixin.py:190} INFO - [2025-04-28T10:35:55.352-0400] {dag.py:3239} INFO - Sync 1 DAGs
[2025-04-28T10:35:55.367-0400] {logging_mixin.py:190} INFO - [2025-04-28T10:35:55.367-0400] {dag.py:4180} INFO - Setting next_dagrun for example_params_ui_tutorial to None, run_after=None
[2025-04-28T10:35:55.390-0400] {processor.py:208} INFO - Processing /home/aangava/MSP/airflow_venv/lib/python3.12/site-packages/airflow/example_dags/example_params_ui_tutorial.py took 0.116 seconds
[2025-04-28T10:36:54.029-0400] {processor.py:186} INFO - Started process (PID=6397) to work on /home/aangava/MSP/airflow_venv/lib/python3.12/site-packages/airflow/example_dags/example_params_ui_tutorial.py
[2025-04-28T10:36:54.031-0400] {processor.py:914} INFO - Processing file /home/aangava/MSP/airflow_venv/lib/python3.12/site-packages/airflow/example_dags/example_params_ui_tutorial.py for tasks to queue
[2025-04-28T10:36:54.036-0400] {logging_mixin.py:190} INFO - [2025-04-28T10:36:54.034-0400] {dagbag.py:588} INFO - Filling up the DagBag from /home/aangava/MSP/airflow_venv/lib/python3.12/site-packages/airflow/example_dags/example_params_ui_tutorial.py
[2025-04-28T10:36:54.050-0400] {processor.py:925} INFO - DAG(s) 'example_params_ui_tutorial' retrieved from /home/aangava/MSP/airflow_venv/lib/python3.12/site-packages/airflow/example_dags/example_params_ui_tutorial.py
[2025-04-28T10:36:54.100-0400] {logging_mixin.py:190} INFO - [2025-04-28T10:36:54.100-0400] {dag.py:3239} INFO - Sync 1 DAGs
[2025-04-28T10:36:54.114-0400] {logging_mixin.py:190} INFO - [2025-04-28T10:36:54.114-0400] {dag.py:4180} INFO - Setting next_dagrun for example_params_ui_tutorial to None, run_after=None
[2025-04-28T10:36:54.137-0400] {processor.py:208} INFO - Processing /home/aangava/MSP/airflow_venv/lib/python3.12/site-packages/airflow/example_dags/example_params_ui_tutorial.py took 0.115 seconds
[2025-04-28T10:43:15.611-0400] {processor.py:186} INFO - Started process (PID=8839) to work on /home/aangava/MSP/airflow_venv/lib/python3.12/site-packages/airflow/example_dags/example_params_ui_tutorial.py
[2025-04-28T10:43:15.622-0400] {processor.py:914} INFO - Processing file /home/aangava/MSP/airflow_venv/lib/python3.12/site-packages/airflow/example_dags/example_params_ui_tutorial.py for tasks to queue
[2025-04-28T10:43:15.625-0400] {logging_mixin.py:190} INFO - [2025-04-28T10:43:15.625-0400] {dagbag.py:588} INFO - Filling up the DagBag from /home/aangava/MSP/airflow_venv/lib/python3.12/site-packages/airflow/example_dags/example_params_ui_tutorial.py
[2025-04-28T10:43:15.640-0400] {processor.py:925} INFO - DAG(s) 'example_params_ui_tutorial' retrieved from /home/aangava/MSP/airflow_venv/lib/python3.12/site-packages/airflow/example_dags/example_params_ui_tutorial.py
[2025-04-28T10:43:15.692-0400] {logging_mixin.py:190} INFO - [2025-04-28T10:43:15.692-0400] {dag.py:3239} INFO - Sync 1 DAGs
[2025-04-28T10:43:15.705-0400] {logging_mixin.py:190} INFO - [2025-04-28T10:43:15.705-0400] {dag.py:4180} INFO - Setting next_dagrun for example_params_ui_tutorial to None, run_after=None
[2025-04-28T10:43:15.726-0400] {processor.py:208} INFO - Processing /home/aangava/MSP/airflow_venv/lib/python3.12/site-packages/airflow/example_dags/example_params_ui_tutorial.py took 0.122 seconds
[2025-04-28T10:44:15.801-0400] {processor.py:186} INFO - Started process (PID=9124) to work on /home/aangava/MSP/airflow_venv/lib/python3.12/site-packages/airflow/example_dags/example_params_ui_tutorial.py
[2025-04-28T10:44:15.803-0400] {processor.py:914} INFO - Processing file /home/aangava/MSP/airflow_venv/lib/python3.12/site-packages/airflow/example_dags/example_params_ui_tutorial.py for tasks to queue
[2025-04-28T10:44:15.806-0400] {logging_mixin.py:190} INFO - [2025-04-28T10:44:15.805-0400] {dagbag.py:588} INFO - Filling up the DagBag from /home/aangava/MSP/airflow_venv/lib/python3.12/site-packages/airflow/example_dags/example_params_ui_tutorial.py
[2025-04-28T10:44:15.819-0400] {processor.py:925} INFO - DAG(s) 'example_params_ui_tutorial' retrieved from /home/aangava/MSP/airflow_venv/lib/python3.12/site-packages/airflow/example_dags/example_params_ui_tutorial.py
[2025-04-28T10:44:15.862-0400] {logging_mixin.py:190} INFO - [2025-04-28T10:44:15.862-0400] {dag.py:3239} INFO - Sync 1 DAGs
[2025-04-28T10:44:15.876-0400] {logging_mixin.py:190} INFO - [2025-04-28T10:44:15.875-0400] {dag.py:4180} INFO - Setting next_dagrun for example_params_ui_tutorial to None, run_after=None
[2025-04-28T10:44:15.904-0400] {processor.py:208} INFO - Processing /home/aangava/MSP/airflow_venv/lib/python3.12/site-packages/airflow/example_dags/example_params_ui_tutorial.py took 0.111 seconds
[2025-04-28T10:45:10.747-0400] {processor.py:186} INFO - Started process (PID=9498) to work on /home/aangava/MSP/airflow_venv/lib/python3.12/site-packages/airflow/example_dags/example_params_ui_tutorial.py
[2025-04-28T10:45:10.758-0400] {processor.py:914} INFO - Processing file /home/aangava/MSP/airflow_venv/lib/python3.12/site-packages/airflow/example_dags/example_params_ui_tutorial.py for tasks to queue
[2025-04-28T10:45:10.760-0400] {logging_mixin.py:190} INFO - [2025-04-28T10:45:10.760-0400] {dagbag.py:588} INFO - Filling up the DagBag from /home/aangava/MSP/airflow_venv/lib/python3.12/site-packages/airflow/example_dags/example_params_ui_tutorial.py
[2025-04-28T10:45:10.768-0400] {processor.py:925} INFO - DAG(s) 'example_params_ui_tutorial' retrieved from /home/aangava/MSP/airflow_venv/lib/python3.12/site-packages/airflow/example_dags/example_params_ui_tutorial.py
[2025-04-28T10:45:10.805-0400] {logging_mixin.py:190} INFO - [2025-04-28T10:45:10.805-0400] {dag.py:3239} INFO - Sync 1 DAGs
[2025-04-28T10:45:10.817-0400] {logging_mixin.py:190} INFO - [2025-04-28T10:45:10.817-0400] {dag.py:4180} INFO - Setting next_dagrun for example_params_ui_tutorial to None, run_after=None
[2025-04-28T10:45:10.837-0400] {processor.py:208} INFO - Processing /home/aangava/MSP/airflow_venv/lib/python3.12/site-packages/airflow/example_dags/example_params_ui_tutorial.py took 0.095 seconds
[2025-04-28T10:46:08.117-0400] {processor.py:186} INFO - Started process (PID=9746) to work on /home/aangava/MSP/airflow_venv/lib/python3.12/site-packages/airflow/example_dags/example_params_ui_tutorial.py
[2025-04-28T10:46:08.128-0400] {processor.py:914} INFO - Processing file /home/aangava/MSP/airflow_venv/lib/python3.12/site-packages/airflow/example_dags/example_params_ui_tutorial.py for tasks to queue
[2025-04-28T10:46:08.130-0400] {logging_mixin.py:190} INFO - [2025-04-28T10:46:08.130-0400] {dagbag.py:588} INFO - Filling up the DagBag from /home/aangava/MSP/airflow_venv/lib/python3.12/site-packages/airflow/example_dags/example_params_ui_tutorial.py
[2025-04-28T10:46:08.140-0400] {processor.py:925} INFO - DAG(s) 'example_params_ui_tutorial' retrieved from /home/aangava/MSP/airflow_venv/lib/python3.12/site-packages/airflow/example_dags/example_params_ui_tutorial.py
[2025-04-28T10:46:08.187-0400] {logging_mixin.py:190} INFO - [2025-04-28T10:46:08.187-0400] {dag.py:3239} INFO - Sync 1 DAGs
[2025-04-28T10:46:08.201-0400] {logging_mixin.py:190} INFO - [2025-04-28T10:46:08.200-0400] {dag.py:4180} INFO - Setting next_dagrun for example_params_ui_tutorial to None, run_after=None
[2025-04-28T10:46:08.226-0400] {processor.py:208} INFO - Processing /home/aangava/MSP/airflow_venv/lib/python3.12/site-packages/airflow/example_dags/example_params_ui_tutorial.py took 0.117 seconds
[2025-04-28T10:47:02.787-0400] {processor.py:186} INFO - Started process (PID=9966) to work on /home/aangava/MSP/airflow_venv/lib/python3.12/site-packages/airflow/example_dags/example_params_ui_tutorial.py
[2025-04-28T10:47:02.789-0400] {processor.py:914} INFO - Processing file /home/aangava/MSP/airflow_venv/lib/python3.12/site-packages/airflow/example_dags/example_params_ui_tutorial.py for tasks to queue
[2025-04-28T10:47:02.791-0400] {logging_mixin.py:190} INFO - [2025-04-28T10:47:02.790-0400] {dagbag.py:588} INFO - Filling up the DagBag from /home/aangava/MSP/airflow_venv/lib/python3.12/site-packages/airflow/example_dags/example_params_ui_tutorial.py
[2025-04-28T10:47:02.802-0400] {processor.py:925} INFO - DAG(s) 'example_params_ui_tutorial' retrieved from /home/aangava/MSP/airflow_venv/lib/python3.12/site-packages/airflow/example_dags/example_params_ui_tutorial.py
[2025-04-28T10:47:02.846-0400] {logging_mixin.py:190} INFO - [2025-04-28T10:47:02.845-0400] {dag.py:3239} INFO - Sync 1 DAGs
[2025-04-28T10:47:02.861-0400] {logging_mixin.py:190} INFO - [2025-04-28T10:47:02.860-0400] {dag.py:4180} INFO - Setting next_dagrun for example_params_ui_tutorial to None, run_after=None
[2025-04-28T10:47:02.883-0400] {processor.py:208} INFO - Processing /home/aangava/MSP/airflow_venv/lib/python3.12/site-packages/airflow/example_dags/example_params_ui_tutorial.py took 0.102 seconds
[2025-04-28T10:48:03.887-0400] {processor.py:186} INFO - Started process (PID=10281) to work on /home/aangava/MSP/airflow_venv/lib/python3.12/site-packages/airflow/example_dags/example_params_ui_tutorial.py
[2025-04-28T10:48:03.898-0400] {processor.py:914} INFO - Processing file /home/aangava/MSP/airflow_venv/lib/python3.12/site-packages/airflow/example_dags/example_params_ui_tutorial.py for tasks to queue
[2025-04-28T10:48:03.900-0400] {logging_mixin.py:190} INFO - [2025-04-28T10:48:03.900-0400] {dagbag.py:588} INFO - Filling up the DagBag from /home/aangava/MSP/airflow_venv/lib/python3.12/site-packages/airflow/example_dags/example_params_ui_tutorial.py
[2025-04-28T10:48:03.906-0400] {processor.py:925} INFO - DAG(s) 'example_params_ui_tutorial' retrieved from /home/aangava/MSP/airflow_venv/lib/python3.12/site-packages/airflow/example_dags/example_params_ui_tutorial.py
[2025-04-28T10:48:03.933-0400] {logging_mixin.py:190} INFO - [2025-04-28T10:48:03.932-0400] {dag.py:3239} INFO - Sync 1 DAGs
[2025-04-28T10:48:03.940-0400] {logging_mixin.py:190} INFO - [2025-04-28T10:48:03.940-0400] {dag.py:4180} INFO - Setting next_dagrun for example_params_ui_tutorial to None, run_after=None
[2025-04-28T10:48:03.956-0400] {processor.py:208} INFO - Processing /home/aangava/MSP/airflow_venv/lib/python3.12/site-packages/airflow/example_dags/example_params_ui_tutorial.py took 0.074 seconds
[2025-04-28T10:49:01.293-0400] {processor.py:186} INFO - Started process (PID=10671) to work on /home/aangava/MSP/airflow_venv/lib/python3.12/site-packages/airflow/example_dags/example_params_ui_tutorial.py
[2025-04-28T10:49:01.296-0400] {processor.py:914} INFO - Processing file /home/aangava/MSP/airflow_venv/lib/python3.12/site-packages/airflow/example_dags/example_params_ui_tutorial.py for tasks to queue
[2025-04-28T10:49:01.299-0400] {logging_mixin.py:190} INFO - [2025-04-28T10:49:01.299-0400] {dagbag.py:588} INFO - Filling up the DagBag from /home/aangava/MSP/airflow_venv/lib/python3.12/site-packages/airflow/example_dags/example_params_ui_tutorial.py
[2025-04-28T10:49:01.309-0400] {processor.py:925} INFO - DAG(s) 'example_params_ui_tutorial' retrieved from /home/aangava/MSP/airflow_venv/lib/python3.12/site-packages/airflow/example_dags/example_params_ui_tutorial.py
[2025-04-28T10:49:01.349-0400] {logging_mixin.py:190} INFO - [2025-04-28T10:49:01.348-0400] {dag.py:3239} INFO - Sync 1 DAGs
[2025-04-28T10:49:01.361-0400] {logging_mixin.py:190} INFO - [2025-04-28T10:49:01.361-0400] {dag.py:4180} INFO - Setting next_dagrun for example_params_ui_tutorial to None, run_after=None
[2025-04-28T10:49:01.380-0400] {processor.py:208} INFO - Processing /home/aangava/MSP/airflow_venv/lib/python3.12/site-packages/airflow/example_dags/example_params_ui_tutorial.py took 0.094 seconds
[2025-04-28T10:49:54.733-0400] {processor.py:186} INFO - Started process (PID=10999) to work on /home/aangava/MSP/airflow_venv/lib/python3.12/site-packages/airflow/example_dags/example_params_ui_tutorial.py
[2025-04-28T10:49:54.745-0400] {processor.py:914} INFO - Processing file /home/aangava/MSP/airflow_venv/lib/python3.12/site-packages/airflow/example_dags/example_params_ui_tutorial.py for tasks to queue
[2025-04-28T10:49:54.748-0400] {logging_mixin.py:190} INFO - [2025-04-28T10:49:54.748-0400] {dagbag.py:588} INFO - Filling up the DagBag from /home/aangava/MSP/airflow_venv/lib/python3.12/site-packages/airflow/example_dags/example_params_ui_tutorial.py
[2025-04-28T10:49:54.762-0400] {processor.py:925} INFO - DAG(s) 'example_params_ui_tutorial' retrieved from /home/aangava/MSP/airflow_venv/lib/python3.12/site-packages/airflow/example_dags/example_params_ui_tutorial.py
[2025-04-28T10:49:54.806-0400] {logging_mixin.py:190} INFO - [2025-04-28T10:49:54.805-0400] {dag.py:3239} INFO - Sync 1 DAGs
[2025-04-28T10:49:54.819-0400] {logging_mixin.py:190} INFO - [2025-04-28T10:49:54.819-0400] {dag.py:4180} INFO - Setting next_dagrun for example_params_ui_tutorial to None, run_after=None
[2025-04-28T10:49:54.849-0400] {processor.py:208} INFO - Processing /home/aangava/MSP/airflow_venv/lib/python3.12/site-packages/airflow/example_dags/example_params_ui_tutorial.py took 0.127 seconds
[2025-04-28T10:50:58.143-0400] {processor.py:186} INFO - Started process (PID=11454) to work on /home/aangava/MSP/airflow_venv/lib/python3.12/site-packages/airflow/example_dags/example_params_ui_tutorial.py
[2025-04-28T10:50:58.145-0400] {processor.py:914} INFO - Processing file /home/aangava/MSP/airflow_venv/lib/python3.12/site-packages/airflow/example_dags/example_params_ui_tutorial.py for tasks to queue
[2025-04-28T10:50:58.147-0400] {logging_mixin.py:190} INFO - [2025-04-28T10:50:58.147-0400] {dagbag.py:588} INFO - Filling up the DagBag from /home/aangava/MSP/airflow_venv/lib/python3.12/site-packages/airflow/example_dags/example_params_ui_tutorial.py
[2025-04-28T10:50:58.155-0400] {processor.py:925} INFO - DAG(s) 'example_params_ui_tutorial' retrieved from /home/aangava/MSP/airflow_venv/lib/python3.12/site-packages/airflow/example_dags/example_params_ui_tutorial.py
[2025-04-28T10:50:58.282-0400] {logging_mixin.py:190} INFO - [2025-04-28T10:50:58.282-0400] {dag.py:3239} INFO - Sync 1 DAGs
[2025-04-28T10:50:58.290-0400] {logging_mixin.py:190} INFO - [2025-04-28T10:50:58.290-0400] {dag.py:4180} INFO - Setting next_dagrun for example_params_ui_tutorial to None, run_after=None
[2025-04-28T10:50:58.311-0400] {processor.py:208} INFO - Processing /home/aangava/MSP/airflow_venv/lib/python3.12/site-packages/airflow/example_dags/example_params_ui_tutorial.py took 0.172 seconds
[2025-04-28T10:52:00.313-0400] {processor.py:186} INFO - Started process (PID=11788) to work on /home/aangava/MSP/airflow_venv/lib/python3.12/site-packages/airflow/example_dags/example_params_ui_tutorial.py
[2025-04-28T10:52:00.315-0400] {processor.py:914} INFO - Processing file /home/aangava/MSP/airflow_venv/lib/python3.12/site-packages/airflow/example_dags/example_params_ui_tutorial.py for tasks to queue
[2025-04-28T10:52:00.317-0400] {logging_mixin.py:190} INFO - [2025-04-28T10:52:00.317-0400] {dagbag.py:588} INFO - Filling up the DagBag from /home/aangava/MSP/airflow_venv/lib/python3.12/site-packages/airflow/example_dags/example_params_ui_tutorial.py
[2025-04-28T10:52:00.338-0400] {processor.py:925} INFO - DAG(s) 'example_params_ui_tutorial' retrieved from /home/aangava/MSP/airflow_venv/lib/python3.12/site-packages/airflow/example_dags/example_params_ui_tutorial.py
[2025-04-28T10:52:00.387-0400] {logging_mixin.py:190} INFO - [2025-04-28T10:52:00.387-0400] {dag.py:3239} INFO - Sync 1 DAGs
[2025-04-28T10:52:00.405-0400] {logging_mixin.py:190} INFO - [2025-04-28T10:52:00.405-0400] {dag.py:4180} INFO - Setting next_dagrun for example_params_ui_tutorial to None, run_after=None
[2025-04-28T10:52:00.423-0400] {processor.py:208} INFO - Processing /home/aangava/MSP/airflow_venv/lib/python3.12/site-packages/airflow/example_dags/example_params_ui_tutorial.py took 0.119 seconds
[2025-04-28T10:52:58.570-0400] {processor.py:186} INFO - Started process (PID=12112) to work on /home/aangava/MSP/airflow_venv/lib/python3.12/site-packages/airflow/example_dags/example_params_ui_tutorial.py
[2025-04-28T10:52:58.571-0400] {processor.py:914} INFO - Processing file /home/aangava/MSP/airflow_venv/lib/python3.12/site-packages/airflow/example_dags/example_params_ui_tutorial.py for tasks to queue
[2025-04-28T10:52:58.572-0400] {logging_mixin.py:190} INFO - [2025-04-28T10:52:58.572-0400] {dagbag.py:588} INFO - Filling up the DagBag from /home/aangava/MSP/airflow_venv/lib/python3.12/site-packages/airflow/example_dags/example_params_ui_tutorial.py
[2025-04-28T10:52:58.579-0400] {processor.py:925} INFO - DAG(s) 'example_params_ui_tutorial' retrieved from /home/aangava/MSP/airflow_venv/lib/python3.12/site-packages/airflow/example_dags/example_params_ui_tutorial.py
[2025-04-28T10:52:58.612-0400] {logging_mixin.py:190} INFO - [2025-04-28T10:52:58.611-0400] {dag.py:3239} INFO - Sync 1 DAGs
[2025-04-28T10:52:58.624-0400] {logging_mixin.py:190} INFO - [2025-04-28T10:52:58.624-0400] {dag.py:4180} INFO - Setting next_dagrun for example_params_ui_tutorial to None, run_after=None
[2025-04-28T10:52:58.648-0400] {processor.py:208} INFO - Processing /home/aangava/MSP/airflow_venv/lib/python3.12/site-packages/airflow/example_dags/example_params_ui_tutorial.py took 0.082 seconds
[2025-04-28T10:53:54.335-0400] {processor.py:186} INFO - Started process (PID=12434) to work on /home/aangava/MSP/airflow_venv/lib/python3.12/site-packages/airflow/example_dags/example_params_ui_tutorial.py
[2025-04-28T10:53:54.346-0400] {processor.py:914} INFO - Processing file /home/aangava/MSP/airflow_venv/lib/python3.12/site-packages/airflow/example_dags/example_params_ui_tutorial.py for tasks to queue
[2025-04-28T10:53:54.349-0400] {logging_mixin.py:190} INFO - [2025-04-28T10:53:54.348-0400] {dagbag.py:588} INFO - Filling up the DagBag from /home/aangava/MSP/airflow_venv/lib/python3.12/site-packages/airflow/example_dags/example_params_ui_tutorial.py
[2025-04-28T10:53:54.361-0400] {processor.py:925} INFO - DAG(s) 'example_params_ui_tutorial' retrieved from /home/aangava/MSP/airflow_venv/lib/python3.12/site-packages/airflow/example_dags/example_params_ui_tutorial.py
[2025-04-28T10:53:54.407-0400] {logging_mixin.py:190} INFO - [2025-04-28T10:53:54.406-0400] {dag.py:3239} INFO - Sync 1 DAGs
[2025-04-28T10:53:54.422-0400] {logging_mixin.py:190} INFO - [2025-04-28T10:53:54.422-0400] {dag.py:4180} INFO - Setting next_dagrun for example_params_ui_tutorial to None, run_after=None
[2025-04-28T10:53:54.451-0400] {processor.py:208} INFO - Processing /home/aangava/MSP/airflow_venv/lib/python3.12/site-packages/airflow/example_dags/example_params_ui_tutorial.py took 0.124 seconds
[2025-04-28T10:54:56.345-0400] {processor.py:186} INFO - Started process (PID=12679) to work on /home/aangava/MSP/airflow_venv/lib/python3.12/site-packages/airflow/example_dags/example_params_ui_tutorial.py
[2025-04-28T10:54:56.356-0400] {processor.py:914} INFO - Processing file /home/aangava/MSP/airflow_venv/lib/python3.12/site-packages/airflow/example_dags/example_params_ui_tutorial.py for tasks to queue
[2025-04-28T10:54:56.357-0400] {logging_mixin.py:190} INFO - [2025-04-28T10:54:56.357-0400] {dagbag.py:588} INFO - Filling up the DagBag from /home/aangava/MSP/airflow_venv/lib/python3.12/site-packages/airflow/example_dags/example_params_ui_tutorial.py
[2025-04-28T10:54:56.368-0400] {processor.py:925} INFO - DAG(s) 'example_params_ui_tutorial' retrieved from /home/aangava/MSP/airflow_venv/lib/python3.12/site-packages/airflow/example_dags/example_params_ui_tutorial.py
[2025-04-28T10:54:56.418-0400] {logging_mixin.py:190} INFO - [2025-04-28T10:54:56.418-0400] {dag.py:3239} INFO - Sync 1 DAGs
[2025-04-28T10:54:56.432-0400] {logging_mixin.py:190} INFO - [2025-04-28T10:54:56.432-0400] {dag.py:4180} INFO - Setting next_dagrun for example_params_ui_tutorial to None, run_after=None
[2025-04-28T10:54:56.456-0400] {processor.py:208} INFO - Processing /home/aangava/MSP/airflow_venv/lib/python3.12/site-packages/airflow/example_dags/example_params_ui_tutorial.py took 0.119 seconds
[2025-04-28T10:55:56.295-0400] {processor.py:186} INFO - Started process (PID=12935) to work on /home/aangava/MSP/airflow_venv/lib/python3.12/site-packages/airflow/example_dags/example_params_ui_tutorial.py
[2025-04-28T10:55:56.305-0400] {processor.py:914} INFO - Processing file /home/aangava/MSP/airflow_venv/lib/python3.12/site-packages/airflow/example_dags/example_params_ui_tutorial.py for tasks to queue
[2025-04-28T10:55:56.307-0400] {logging_mixin.py:190} INFO - [2025-04-28T10:55:56.307-0400] {dagbag.py:588} INFO - Filling up the DagBag from /home/aangava/MSP/airflow_venv/lib/python3.12/site-packages/airflow/example_dags/example_params_ui_tutorial.py
[2025-04-28T10:55:56.318-0400] {processor.py:925} INFO - DAG(s) 'example_params_ui_tutorial' retrieved from /home/aangava/MSP/airflow_venv/lib/python3.12/site-packages/airflow/example_dags/example_params_ui_tutorial.py
[2025-04-28T10:55:56.367-0400] {logging_mixin.py:190} INFO - [2025-04-28T10:55:56.366-0400] {dag.py:3239} INFO - Sync 1 DAGs
[2025-04-28T10:55:56.381-0400] {logging_mixin.py:190} INFO - [2025-04-28T10:55:56.380-0400] {dag.py:4180} INFO - Setting next_dagrun for example_params_ui_tutorial to None, run_after=None
[2025-04-28T10:55:56.408-0400] {processor.py:208} INFO - Processing /home/aangava/MSP/airflow_venv/lib/python3.12/site-packages/airflow/example_dags/example_params_ui_tutorial.py took 0.120 seconds
[2025-04-28T10:56:54.770-0400] {processor.py:186} INFO - Started process (PID=13195) to work on /home/aangava/MSP/airflow_venv/lib/python3.12/site-packages/airflow/example_dags/example_params_ui_tutorial.py
[2025-04-28T10:56:54.782-0400] {processor.py:914} INFO - Processing file /home/aangava/MSP/airflow_venv/lib/python3.12/site-packages/airflow/example_dags/example_params_ui_tutorial.py for tasks to queue
[2025-04-28T10:56:54.784-0400] {logging_mixin.py:190} INFO - [2025-04-28T10:56:54.783-0400] {dagbag.py:588} INFO - Filling up the DagBag from /home/aangava/MSP/airflow_venv/lib/python3.12/site-packages/airflow/example_dags/example_params_ui_tutorial.py
[2025-04-28T10:56:54.800-0400] {processor.py:925} INFO - DAG(s) 'example_params_ui_tutorial' retrieved from /home/aangava/MSP/airflow_venv/lib/python3.12/site-packages/airflow/example_dags/example_params_ui_tutorial.py
[2025-04-28T10:56:54.848-0400] {logging_mixin.py:190} INFO - [2025-04-28T10:56:54.847-0400] {dag.py:3239} INFO - Sync 1 DAGs
[2025-04-28T10:56:54.866-0400] {logging_mixin.py:190} INFO - [2025-04-28T10:56:54.866-0400] {dag.py:4180} INFO - Setting next_dagrun for example_params_ui_tutorial to None, run_after=None
[2025-04-28T10:56:54.892-0400] {processor.py:208} INFO - Processing /home/aangava/MSP/airflow_venv/lib/python3.12/site-packages/airflow/example_dags/example_params_ui_tutorial.py took 0.130 seconds
[2025-04-28T10:57:43.524-0400] {processor.py:186} INFO - Started process (PID=13479) to work on /home/aangava/MSP/airflow_venv/lib/python3.12/site-packages/airflow/example_dags/example_params_ui_tutorial.py
[2025-04-28T10:57:43.536-0400] {processor.py:914} INFO - Processing file /home/aangava/MSP/airflow_venv/lib/python3.12/site-packages/airflow/example_dags/example_params_ui_tutorial.py for tasks to queue
[2025-04-28T10:57:43.537-0400] {logging_mixin.py:190} INFO - [2025-04-28T10:57:43.537-0400] {dagbag.py:588} INFO - Filling up the DagBag from /home/aangava/MSP/airflow_venv/lib/python3.12/site-packages/airflow/example_dags/example_params_ui_tutorial.py
[2025-04-28T10:57:43.552-0400] {processor.py:925} INFO - DAG(s) 'example_params_ui_tutorial' retrieved from /home/aangava/MSP/airflow_venv/lib/python3.12/site-packages/airflow/example_dags/example_params_ui_tutorial.py
[2025-04-28T10:57:43.601-0400] {logging_mixin.py:190} INFO - [2025-04-28T10:57:43.601-0400] {dag.py:3239} INFO - Sync 1 DAGs
[2025-04-28T10:57:43.616-0400] {logging_mixin.py:190} INFO - [2025-04-28T10:57:43.615-0400] {dag.py:4180} INFO - Setting next_dagrun for example_params_ui_tutorial to None, run_after=None
[2025-04-28T10:57:43.640-0400] {processor.py:208} INFO - Processing /home/aangava/MSP/airflow_venv/lib/python3.12/site-packages/airflow/example_dags/example_params_ui_tutorial.py took 0.130 seconds
[2025-04-28T10:58:41.120-0400] {processor.py:186} INFO - Started process (PID=13859) to work on /home/aangava/MSP/airflow_venv/lib/python3.12/site-packages/airflow/example_dags/example_params_ui_tutorial.py
[2025-04-28T10:58:41.132-0400] {processor.py:914} INFO - Processing file /home/aangava/MSP/airflow_venv/lib/python3.12/site-packages/airflow/example_dags/example_params_ui_tutorial.py for tasks to queue
[2025-04-28T10:58:41.134-0400] {logging_mixin.py:190} INFO - [2025-04-28T10:58:41.134-0400] {dagbag.py:588} INFO - Filling up the DagBag from /home/aangava/MSP/airflow_venv/lib/python3.12/site-packages/airflow/example_dags/example_params_ui_tutorial.py
[2025-04-28T10:58:41.147-0400] {processor.py:925} INFO - DAG(s) 'example_params_ui_tutorial' retrieved from /home/aangava/MSP/airflow_venv/lib/python3.12/site-packages/airflow/example_dags/example_params_ui_tutorial.py
[2025-04-28T10:58:41.196-0400] {logging_mixin.py:190} INFO - [2025-04-28T10:58:41.196-0400] {dag.py:3239} INFO - Sync 1 DAGs
[2025-04-28T10:58:41.211-0400] {logging_mixin.py:190} INFO - [2025-04-28T10:58:41.211-0400] {dag.py:4180} INFO - Setting next_dagrun for example_params_ui_tutorial to None, run_after=None
[2025-04-28T10:58:41.244-0400] {processor.py:208} INFO - Processing /home/aangava/MSP/airflow_venv/lib/python3.12/site-packages/airflow/example_dags/example_params_ui_tutorial.py took 0.133 seconds
[2025-04-28T10:59:40.084-0400] {processor.py:186} INFO - Started process (PID=14241) to work on /home/aangava/MSP/airflow_venv/lib/python3.12/site-packages/airflow/example_dags/example_params_ui_tutorial.py
[2025-04-28T10:59:40.086-0400] {processor.py:914} INFO - Processing file /home/aangava/MSP/airflow_venv/lib/python3.12/site-packages/airflow/example_dags/example_params_ui_tutorial.py for tasks to queue
[2025-04-28T10:59:40.087-0400] {logging_mixin.py:190} INFO - [2025-04-28T10:59:40.087-0400] {dagbag.py:588} INFO - Filling up the DagBag from /home/aangava/MSP/airflow_venv/lib/python3.12/site-packages/airflow/example_dags/example_params_ui_tutorial.py
[2025-04-28T10:59:40.098-0400] {processor.py:925} INFO - DAG(s) 'example_params_ui_tutorial' retrieved from /home/aangava/MSP/airflow_venv/lib/python3.12/site-packages/airflow/example_dags/example_params_ui_tutorial.py
[2025-04-28T10:59:40.135-0400] {logging_mixin.py:190} INFO - [2025-04-28T10:59:40.134-0400] {dag.py:3239} INFO - Sync 1 DAGs
[2025-04-28T10:59:40.147-0400] {logging_mixin.py:190} INFO - [2025-04-28T10:59:40.147-0400] {dag.py:4180} INFO - Setting next_dagrun for example_params_ui_tutorial to None, run_after=None
[2025-04-28T10:59:40.168-0400] {processor.py:208} INFO - Processing /home/aangava/MSP/airflow_venv/lib/python3.12/site-packages/airflow/example_dags/example_params_ui_tutorial.py took 0.100 seconds
[2025-04-28T11:00:41.535-0400] {processor.py:186} INFO - Started process (PID=14587) to work on /home/aangava/MSP/airflow_venv/lib/python3.12/site-packages/airflow/example_dags/example_params_ui_tutorial.py
[2025-04-28T11:00:41.547-0400] {processor.py:914} INFO - Processing file /home/aangava/MSP/airflow_venv/lib/python3.12/site-packages/airflow/example_dags/example_params_ui_tutorial.py for tasks to queue
[2025-04-28T11:00:41.550-0400] {logging_mixin.py:190} INFO - [2025-04-28T11:00:41.548-0400] {dagbag.py:588} INFO - Filling up the DagBag from /home/aangava/MSP/airflow_venv/lib/python3.12/site-packages/airflow/example_dags/example_params_ui_tutorial.py
[2025-04-28T11:00:41.563-0400] {processor.py:925} INFO - DAG(s) 'example_params_ui_tutorial' retrieved from /home/aangava/MSP/airflow_venv/lib/python3.12/site-packages/airflow/example_dags/example_params_ui_tutorial.py
[2025-04-28T11:00:41.609-0400] {logging_mixin.py:190} INFO - [2025-04-28T11:00:41.609-0400] {dag.py:3239} INFO - Sync 1 DAGs
[2025-04-28T11:00:41.623-0400] {logging_mixin.py:190} INFO - [2025-04-28T11:00:41.622-0400] {dag.py:4180} INFO - Setting next_dagrun for example_params_ui_tutorial to None, run_after=None
[2025-04-28T11:00:41.646-0400] {processor.py:208} INFO - Processing /home/aangava/MSP/airflow_venv/lib/python3.12/site-packages/airflow/example_dags/example_params_ui_tutorial.py took 0.127 seconds
[2025-04-28T11:01:41.084-0400] {processor.py:186} INFO - Started process (PID=14829) to work on /home/aangava/MSP/airflow_venv/lib/python3.12/site-packages/airflow/example_dags/example_params_ui_tutorial.py
[2025-04-28T11:01:41.092-0400] {processor.py:914} INFO - Processing file /home/aangava/MSP/airflow_venv/lib/python3.12/site-packages/airflow/example_dags/example_params_ui_tutorial.py for tasks to queue
[2025-04-28T11:01:41.094-0400] {logging_mixin.py:190} INFO - [2025-04-28T11:01:41.093-0400] {dagbag.py:588} INFO - Filling up the DagBag from /home/aangava/MSP/airflow_venv/lib/python3.12/site-packages/airflow/example_dags/example_params_ui_tutorial.py
[2025-04-28T11:01:41.100-0400] {processor.py:925} INFO - DAG(s) 'example_params_ui_tutorial' retrieved from /home/aangava/MSP/airflow_venv/lib/python3.12/site-packages/airflow/example_dags/example_params_ui_tutorial.py
[2025-04-28T11:01:41.124-0400] {logging_mixin.py:190} INFO - [2025-04-28T11:01:41.123-0400] {dag.py:3239} INFO - Sync 1 DAGs
[2025-04-28T11:01:41.133-0400] {logging_mixin.py:190} INFO - [2025-04-28T11:01:41.132-0400] {dag.py:4180} INFO - Setting next_dagrun for example_params_ui_tutorial to None, run_after=None
[2025-04-28T11:01:41.163-0400] {processor.py:208} INFO - Processing /home/aangava/MSP/airflow_venv/lib/python3.12/site-packages/airflow/example_dags/example_params_ui_tutorial.py took 0.084 seconds
[2025-04-28T11:02:35.603-0400] {processor.py:186} INFO - Started process (PID=15082) to work on /home/aangava/MSP/airflow_venv/lib/python3.12/site-packages/airflow/example_dags/example_params_ui_tutorial.py
[2025-04-28T11:02:35.614-0400] {processor.py:914} INFO - Processing file /home/aangava/MSP/airflow_venv/lib/python3.12/site-packages/airflow/example_dags/example_params_ui_tutorial.py for tasks to queue
[2025-04-28T11:02:35.617-0400] {logging_mixin.py:190} INFO - [2025-04-28T11:02:35.616-0400] {dagbag.py:588} INFO - Filling up the DagBag from /home/aangava/MSP/airflow_venv/lib/python3.12/site-packages/airflow/example_dags/example_params_ui_tutorial.py
[2025-04-28T11:02:35.631-0400] {processor.py:925} INFO - DAG(s) 'example_params_ui_tutorial' retrieved from /home/aangava/MSP/airflow_venv/lib/python3.12/site-packages/airflow/example_dags/example_params_ui_tutorial.py
[2025-04-28T11:02:35.680-0400] {logging_mixin.py:190} INFO - [2025-04-28T11:02:35.680-0400] {dag.py:3239} INFO - Sync 1 DAGs
[2025-04-28T11:02:35.706-0400] {logging_mixin.py:190} INFO - [2025-04-28T11:02:35.705-0400] {dag.py:4180} INFO - Setting next_dagrun for example_params_ui_tutorial to None, run_after=None
[2025-04-28T11:02:35.745-0400] {processor.py:208} INFO - Processing /home/aangava/MSP/airflow_venv/lib/python3.12/site-packages/airflow/example_dags/example_params_ui_tutorial.py took 0.154 seconds
[2025-04-28T11:03:33.997-0400] {processor.py:186} INFO - Started process (PID=15394) to work on /home/aangava/MSP/airflow_venv/lib/python3.12/site-packages/airflow/example_dags/example_params_ui_tutorial.py
[2025-04-28T11:03:34.008-0400] {processor.py:914} INFO - Processing file /home/aangava/MSP/airflow_venv/lib/python3.12/site-packages/airflow/example_dags/example_params_ui_tutorial.py for tasks to queue
[2025-04-28T11:03:34.010-0400] {logging_mixin.py:190} INFO - [2025-04-28T11:03:34.009-0400] {dagbag.py:588} INFO - Filling up the DagBag from /home/aangava/MSP/airflow_venv/lib/python3.12/site-packages/airflow/example_dags/example_params_ui_tutorial.py
[2025-04-28T11:03:34.018-0400] {processor.py:925} INFO - DAG(s) 'example_params_ui_tutorial' retrieved from /home/aangava/MSP/airflow_venv/lib/python3.12/site-packages/airflow/example_dags/example_params_ui_tutorial.py
[2025-04-28T11:03:34.047-0400] {logging_mixin.py:190} INFO - [2025-04-28T11:03:34.047-0400] {dag.py:3239} INFO - Sync 1 DAGs
[2025-04-28T11:03:34.060-0400] {logging_mixin.py:190} INFO - [2025-04-28T11:03:34.060-0400] {dag.py:4180} INFO - Setting next_dagrun for example_params_ui_tutorial to None, run_after=None
[2025-04-28T11:03:34.081-0400] {processor.py:208} INFO - Processing /home/aangava/MSP/airflow_venv/lib/python3.12/site-packages/airflow/example_dags/example_params_ui_tutorial.py took 0.095 seconds
[2025-04-28T11:04:33.808-0400] {processor.py:186} INFO - Started process (PID=15700) to work on /home/aangava/MSP/airflow_venv/lib/python3.12/site-packages/airflow/example_dags/example_params_ui_tutorial.py
[2025-04-28T11:04:33.818-0400] {processor.py:914} INFO - Processing file /home/aangava/MSP/airflow_venv/lib/python3.12/site-packages/airflow/example_dags/example_params_ui_tutorial.py for tasks to queue
[2025-04-28T11:04:33.820-0400] {logging_mixin.py:190} INFO - [2025-04-28T11:04:33.819-0400] {dagbag.py:588} INFO - Filling up the DagBag from /home/aangava/MSP/airflow_venv/lib/python3.12/site-packages/airflow/example_dags/example_params_ui_tutorial.py
[2025-04-28T11:04:33.832-0400] {processor.py:925} INFO - DAG(s) 'example_params_ui_tutorial' retrieved from /home/aangava/MSP/airflow_venv/lib/python3.12/site-packages/airflow/example_dags/example_params_ui_tutorial.py
[2025-04-28T11:04:33.878-0400] {logging_mixin.py:190} INFO - [2025-04-28T11:04:33.877-0400] {dag.py:3239} INFO - Sync 1 DAGs
[2025-04-28T11:04:33.894-0400] {logging_mixin.py:190} INFO - [2025-04-28T11:04:33.894-0400] {dag.py:4180} INFO - Setting next_dagrun for example_params_ui_tutorial to None, run_after=None
[2025-04-28T11:04:33.917-0400] {processor.py:208} INFO - Processing /home/aangava/MSP/airflow_venv/lib/python3.12/site-packages/airflow/example_dags/example_params_ui_tutorial.py took 0.118 seconds
[2025-04-28T11:05:09.261-0400] {processor.py:186} INFO - Started process (PID=15950) to work on /home/aangava/MSP/airflow_venv/lib/python3.12/site-packages/airflow/example_dags/example_params_ui_tutorial.py
[2025-04-28T11:05:09.265-0400] {processor.py:914} INFO - Processing file /home/aangava/MSP/airflow_venv/lib/python3.12/site-packages/airflow/example_dags/example_params_ui_tutorial.py for tasks to queue
[2025-04-28T11:05:09.268-0400] {logging_mixin.py:190} INFO - [2025-04-28T11:05:09.267-0400] {dagbag.py:588} INFO - Filling up the DagBag from /home/aangava/MSP/airflow_venv/lib/python3.12/site-packages/airflow/example_dags/example_params_ui_tutorial.py
[2025-04-28T11:05:09.280-0400] {processor.py:925} INFO - DAG(s) 'example_params_ui_tutorial' retrieved from /home/aangava/MSP/airflow_venv/lib/python3.12/site-packages/airflow/example_dags/example_params_ui_tutorial.py
[2025-04-28T11:05:09.331-0400] {logging_mixin.py:190} INFO - [2025-04-28T11:05:09.331-0400] {dag.py:3239} INFO - Sync 1 DAGs
[2025-04-28T11:05:09.361-0400] {logging_mixin.py:190} INFO - [2025-04-28T11:05:09.361-0400] {dag.py:4180} INFO - Setting next_dagrun for example_params_ui_tutorial to None, run_after=None
[2025-04-28T11:05:09.393-0400] {processor.py:208} INFO - Processing /home/aangava/MSP/airflow_venv/lib/python3.12/site-packages/airflow/example_dags/example_params_ui_tutorial.py took 0.140 seconds
[2025-04-28T11:06:07.290-0400] {processor.py:186} INFO - Started process (PID=16353) to work on /home/aangava/MSP/airflow_venv/lib/python3.12/site-packages/airflow/example_dags/example_params_ui_tutorial.py
[2025-04-28T11:06:07.294-0400] {processor.py:914} INFO - Processing file /home/aangava/MSP/airflow_venv/lib/python3.12/site-packages/airflow/example_dags/example_params_ui_tutorial.py for tasks to queue
[2025-04-28T11:06:07.296-0400] {logging_mixin.py:190} INFO - [2025-04-28T11:06:07.295-0400] {dagbag.py:588} INFO - Filling up the DagBag from /home/aangava/MSP/airflow_venv/lib/python3.12/site-packages/airflow/example_dags/example_params_ui_tutorial.py
[2025-04-28T11:06:07.312-0400] {processor.py:925} INFO - DAG(s) 'example_params_ui_tutorial' retrieved from /home/aangava/MSP/airflow_venv/lib/python3.12/site-packages/airflow/example_dags/example_params_ui_tutorial.py
[2025-04-28T11:06:07.365-0400] {logging_mixin.py:190} INFO - [2025-04-28T11:06:07.364-0400] {dag.py:3239} INFO - Sync 1 DAGs
[2025-04-28T11:06:07.383-0400] {logging_mixin.py:190} INFO - [2025-04-28T11:06:07.383-0400] {dag.py:4180} INFO - Setting next_dagrun for example_params_ui_tutorial to None, run_after=None
[2025-04-28T11:06:07.411-0400] {processor.py:208} INFO - Processing /home/aangava/MSP/airflow_venv/lib/python3.12/site-packages/airflow/example_dags/example_params_ui_tutorial.py took 0.133 seconds
[2025-04-28T11:07:05.659-0400] {processor.py:186} INFO - Started process (PID=16650) to work on /home/aangava/MSP/airflow_venv/lib/python3.12/site-packages/airflow/example_dags/example_params_ui_tutorial.py
[2025-04-28T11:07:05.669-0400] {processor.py:914} INFO - Processing file /home/aangava/MSP/airflow_venv/lib/python3.12/site-packages/airflow/example_dags/example_params_ui_tutorial.py for tasks to queue
[2025-04-28T11:07:05.671-0400] {logging_mixin.py:190} INFO - [2025-04-28T11:07:05.670-0400] {dagbag.py:588} INFO - Filling up the DagBag from /home/aangava/MSP/airflow_venv/lib/python3.12/site-packages/airflow/example_dags/example_params_ui_tutorial.py
[2025-04-28T11:07:05.678-0400] {processor.py:925} INFO - DAG(s) 'example_params_ui_tutorial' retrieved from /home/aangava/MSP/airflow_venv/lib/python3.12/site-packages/airflow/example_dags/example_params_ui_tutorial.py
[2025-04-28T11:07:05.713-0400] {logging_mixin.py:190} INFO - [2025-04-28T11:07:05.712-0400] {dag.py:3239} INFO - Sync 1 DAGs
[2025-04-28T11:07:05.721-0400] {logging_mixin.py:190} INFO - [2025-04-28T11:07:05.721-0400] {dag.py:4180} INFO - Setting next_dagrun for example_params_ui_tutorial to None, run_after=None
[2025-04-28T11:07:05.749-0400] {processor.py:208} INFO - Processing /home/aangava/MSP/airflow_venv/lib/python3.12/site-packages/airflow/example_dags/example_params_ui_tutorial.py took 0.096 seconds
[2025-04-28T11:08:02.422-0400] {processor.py:186} INFO - Started process (PID=16936) to work on /home/aangava/MSP/airflow_venv/lib/python3.12/site-packages/airflow/example_dags/example_params_ui_tutorial.py
[2025-04-28T11:08:02.434-0400] {processor.py:914} INFO - Processing file /home/aangava/MSP/airflow_venv/lib/python3.12/site-packages/airflow/example_dags/example_params_ui_tutorial.py for tasks to queue
[2025-04-28T11:08:02.436-0400] {logging_mixin.py:190} INFO - [2025-04-28T11:08:02.435-0400] {dagbag.py:588} INFO - Filling up the DagBag from /home/aangava/MSP/airflow_venv/lib/python3.12/site-packages/airflow/example_dags/example_params_ui_tutorial.py
[2025-04-28T11:08:02.449-0400] {processor.py:925} INFO - DAG(s) 'example_params_ui_tutorial' retrieved from /home/aangava/MSP/airflow_venv/lib/python3.12/site-packages/airflow/example_dags/example_params_ui_tutorial.py
[2025-04-28T11:08:02.496-0400] {logging_mixin.py:190} INFO - [2025-04-28T11:08:02.495-0400] {dag.py:3239} INFO - Sync 1 DAGs
[2025-04-28T11:08:02.513-0400] {logging_mixin.py:190} INFO - [2025-04-28T11:08:02.513-0400] {dag.py:4180} INFO - Setting next_dagrun for example_params_ui_tutorial to None, run_after=None
[2025-04-28T11:08:02.538-0400] {processor.py:208} INFO - Processing /home/aangava/MSP/airflow_venv/lib/python3.12/site-packages/airflow/example_dags/example_params_ui_tutorial.py took 0.126 seconds
[2025-04-28T11:09:01.765-0400] {processor.py:186} INFO - Started process (PID=17312) to work on /home/aangava/MSP/airflow_venv/lib/python3.12/site-packages/airflow/example_dags/example_params_ui_tutorial.py
[2025-04-28T11:09:01.767-0400] {processor.py:914} INFO - Processing file /home/aangava/MSP/airflow_venv/lib/python3.12/site-packages/airflow/example_dags/example_params_ui_tutorial.py for tasks to queue
[2025-04-28T11:09:01.768-0400] {logging_mixin.py:190} INFO - [2025-04-28T11:09:01.768-0400] {dagbag.py:588} INFO - Filling up the DagBag from /home/aangava/MSP/airflow_venv/lib/python3.12/site-packages/airflow/example_dags/example_params_ui_tutorial.py
[2025-04-28T11:09:01.776-0400] {processor.py:925} INFO - DAG(s) 'example_params_ui_tutorial' retrieved from /home/aangava/MSP/airflow_venv/lib/python3.12/site-packages/airflow/example_dags/example_params_ui_tutorial.py
[2025-04-28T11:09:01.800-0400] {logging_mixin.py:190} INFO - [2025-04-28T11:09:01.800-0400] {dag.py:3239} INFO - Sync 1 DAGs
[2025-04-28T11:09:01.809-0400] {logging_mixin.py:190} INFO - [2025-04-28T11:09:01.808-0400] {dag.py:4180} INFO - Setting next_dagrun for example_params_ui_tutorial to None, run_after=None
[2025-04-28T11:09:01.825-0400] {processor.py:208} INFO - Processing /home/aangava/MSP/airflow_venv/lib/python3.12/site-packages/airflow/example_dags/example_params_ui_tutorial.py took 0.064 seconds
[2025-04-28T11:09:53.864-0400] {processor.py:186} INFO - Started process (PID=17647) to work on /home/aangava/MSP/airflow_venv/lib/python3.12/site-packages/airflow/example_dags/example_params_ui_tutorial.py
[2025-04-28T11:09:53.866-0400] {processor.py:914} INFO - Processing file /home/aangava/MSP/airflow_venv/lib/python3.12/site-packages/airflow/example_dags/example_params_ui_tutorial.py for tasks to queue
[2025-04-28T11:09:53.867-0400] {logging_mixin.py:190} INFO - [2025-04-28T11:09:53.866-0400] {dagbag.py:588} INFO - Filling up the DagBag from /home/aangava/MSP/airflow_venv/lib/python3.12/site-packages/airflow/example_dags/example_params_ui_tutorial.py
[2025-04-28T11:09:53.875-0400] {processor.py:925} INFO - DAG(s) 'example_params_ui_tutorial' retrieved from /home/aangava/MSP/airflow_venv/lib/python3.12/site-packages/airflow/example_dags/example_params_ui_tutorial.py
[2025-04-28T11:09:53.904-0400] {logging_mixin.py:190} INFO - [2025-04-28T11:09:53.904-0400] {dag.py:3239} INFO - Sync 1 DAGs
[2025-04-28T11:09:53.914-0400] {logging_mixin.py:190} INFO - [2025-04-28T11:09:53.914-0400] {dag.py:4180} INFO - Setting next_dagrun for example_params_ui_tutorial to None, run_after=None
[2025-04-28T11:09:53.936-0400] {processor.py:208} INFO - Processing /home/aangava/MSP/airflow_venv/lib/python3.12/site-packages/airflow/example_dags/example_params_ui_tutorial.py took 0.078 seconds
[2025-04-28T11:11:02.787-0400] {processor.py:186} INFO - Started process (PID=18221) to work on /home/aangava/MSP/airflow_venv/lib/python3.12/site-packages/airflow/example_dags/example_params_ui_tutorial.py
[2025-04-28T11:11:02.798-0400] {processor.py:914} INFO - Processing file /home/aangava/MSP/airflow_venv/lib/python3.12/site-packages/airflow/example_dags/example_params_ui_tutorial.py for tasks to queue
[2025-04-28T11:11:02.800-0400] {logging_mixin.py:190} INFO - [2025-04-28T11:11:02.799-0400] {dagbag.py:588} INFO - Filling up the DagBag from /home/aangava/MSP/airflow_venv/lib/python3.12/site-packages/airflow/example_dags/example_params_ui_tutorial.py
[2025-04-28T11:11:02.816-0400] {processor.py:925} INFO - DAG(s) 'example_params_ui_tutorial' retrieved from /home/aangava/MSP/airflow_venv/lib/python3.12/site-packages/airflow/example_dags/example_params_ui_tutorial.py
[2025-04-28T11:11:02.864-0400] {logging_mixin.py:190} INFO - [2025-04-28T11:11:02.864-0400] {dag.py:3239} INFO - Sync 1 DAGs
[2025-04-28T11:11:02.885-0400] {logging_mixin.py:190} INFO - [2025-04-28T11:11:02.884-0400] {dag.py:4180} INFO - Setting next_dagrun for example_params_ui_tutorial to None, run_after=None
[2025-04-28T11:11:02.912-0400] {processor.py:208} INFO - Processing /home/aangava/MSP/airflow_venv/lib/python3.12/site-packages/airflow/example_dags/example_params_ui_tutorial.py took 0.134 seconds
[2025-04-28T11:11:46.062-0400] {processor.py:186} INFO - Started process (PID=18537) to work on /home/aangava/MSP/airflow_venv/lib/python3.12/site-packages/airflow/example_dags/example_params_ui_tutorial.py
[2025-04-28T11:11:46.073-0400] {processor.py:914} INFO - Processing file /home/aangava/MSP/airflow_venv/lib/python3.12/site-packages/airflow/example_dags/example_params_ui_tutorial.py for tasks to queue
[2025-04-28T11:11:46.075-0400] {logging_mixin.py:190} INFO - [2025-04-28T11:11:46.075-0400] {dagbag.py:588} INFO - Filling up the DagBag from /home/aangava/MSP/airflow_venv/lib/python3.12/site-packages/airflow/example_dags/example_params_ui_tutorial.py
[2025-04-28T11:11:46.093-0400] {processor.py:925} INFO - DAG(s) 'example_params_ui_tutorial' retrieved from /home/aangava/MSP/airflow_venv/lib/python3.12/site-packages/airflow/example_dags/example_params_ui_tutorial.py
[2025-04-28T11:11:46.142-0400] {logging_mixin.py:190} INFO - [2025-04-28T11:11:46.142-0400] {dag.py:3239} INFO - Sync 1 DAGs
[2025-04-28T11:11:46.158-0400] {logging_mixin.py:190} INFO - [2025-04-28T11:11:46.158-0400] {dag.py:4180} INFO - Setting next_dagrun for example_params_ui_tutorial to None, run_after=None
[2025-04-28T11:11:46.180-0400] {processor.py:208} INFO - Processing /home/aangava/MSP/airflow_venv/lib/python3.12/site-packages/airflow/example_dags/example_params_ui_tutorial.py took 0.130 seconds
[2025-04-28T11:12:45.629-0400] {processor.py:186} INFO - Started process (PID=18836) to work on /home/aangava/MSP/airflow_venv/lib/python3.12/site-packages/airflow/example_dags/example_params_ui_tutorial.py
[2025-04-28T11:12:45.640-0400] {processor.py:914} INFO - Processing file /home/aangava/MSP/airflow_venv/lib/python3.12/site-packages/airflow/example_dags/example_params_ui_tutorial.py for tasks to queue
[2025-04-28T11:12:45.642-0400] {logging_mixin.py:190} INFO - [2025-04-28T11:12:45.642-0400] {dagbag.py:588} INFO - Filling up the DagBag from /home/aangava/MSP/airflow_venv/lib/python3.12/site-packages/airflow/example_dags/example_params_ui_tutorial.py
[2025-04-28T11:12:45.654-0400] {processor.py:925} INFO - DAG(s) 'example_params_ui_tutorial' retrieved from /home/aangava/MSP/airflow_venv/lib/python3.12/site-packages/airflow/example_dags/example_params_ui_tutorial.py
[2025-04-28T11:12:45.707-0400] {logging_mixin.py:190} INFO - [2025-04-28T11:12:45.707-0400] {dag.py:3239} INFO - Sync 1 DAGs
[2025-04-28T11:12:45.726-0400] {logging_mixin.py:190} INFO - [2025-04-28T11:12:45.725-0400] {dag.py:4180} INFO - Setting next_dagrun for example_params_ui_tutorial to None, run_after=None
[2025-04-28T11:12:45.748-0400] {processor.py:208} INFO - Processing /home/aangava/MSP/airflow_venv/lib/python3.12/site-packages/airflow/example_dags/example_params_ui_tutorial.py took 0.127 seconds
[2025-04-28T11:13:49.006-0400] {processor.py:186} INFO - Started process (PID=19275) to work on /home/aangava/MSP/airflow_venv/lib/python3.12/site-packages/airflow/example_dags/example_params_ui_tutorial.py
[2025-04-28T11:13:49.017-0400] {processor.py:914} INFO - Processing file /home/aangava/MSP/airflow_venv/lib/python3.12/site-packages/airflow/example_dags/example_params_ui_tutorial.py for tasks to queue
[2025-04-28T11:13:49.020-0400] {logging_mixin.py:190} INFO - [2025-04-28T11:13:49.019-0400] {dagbag.py:588} INFO - Filling up the DagBag from /home/aangava/MSP/airflow_venv/lib/python3.12/site-packages/airflow/example_dags/example_params_ui_tutorial.py
[2025-04-28T11:13:49.030-0400] {processor.py:925} INFO - DAG(s) 'example_params_ui_tutorial' retrieved from /home/aangava/MSP/airflow_venv/lib/python3.12/site-packages/airflow/example_dags/example_params_ui_tutorial.py
[2025-04-28T11:13:49.078-0400] {logging_mixin.py:190} INFO - [2025-04-28T11:13:49.078-0400] {dag.py:3239} INFO - Sync 1 DAGs
[2025-04-28T11:13:49.094-0400] {logging_mixin.py:190} INFO - [2025-04-28T11:13:49.093-0400] {dag.py:4180} INFO - Setting next_dagrun for example_params_ui_tutorial to None, run_after=None
[2025-04-28T11:13:49.116-0400] {processor.py:208} INFO - Processing /home/aangava/MSP/airflow_venv/lib/python3.12/site-packages/airflow/example_dags/example_params_ui_tutorial.py took 0.122 seconds
[2025-04-28T11:14:55.504-0400] {processor.py:186} INFO - Started process (PID=19761) to work on /home/aangava/MSP/airflow_venv/lib/python3.12/site-packages/airflow/example_dags/example_params_ui_tutorial.py
[2025-04-28T11:14:55.516-0400] {processor.py:914} INFO - Processing file /home/aangava/MSP/airflow_venv/lib/python3.12/site-packages/airflow/example_dags/example_params_ui_tutorial.py for tasks to queue
[2025-04-28T11:14:55.518-0400] {logging_mixin.py:190} INFO - [2025-04-28T11:14:55.517-0400] {dagbag.py:588} INFO - Filling up the DagBag from /home/aangava/MSP/airflow_venv/lib/python3.12/site-packages/airflow/example_dags/example_params_ui_tutorial.py
[2025-04-28T11:14:55.533-0400] {processor.py:925} INFO - DAG(s) 'example_params_ui_tutorial' retrieved from /home/aangava/MSP/airflow_venv/lib/python3.12/site-packages/airflow/example_dags/example_params_ui_tutorial.py
[2025-04-28T11:14:55.582-0400] {logging_mixin.py:190} INFO - [2025-04-28T11:14:55.581-0400] {dag.py:3239} INFO - Sync 1 DAGs
[2025-04-28T11:14:55.597-0400] {logging_mixin.py:190} INFO - [2025-04-28T11:14:55.597-0400] {dag.py:4180} INFO - Setting next_dagrun for example_params_ui_tutorial to None, run_after=None
[2025-04-28T11:14:55.620-0400] {processor.py:208} INFO - Processing /home/aangava/MSP/airflow_venv/lib/python3.12/site-packages/airflow/example_dags/example_params_ui_tutorial.py took 0.125 seconds
[2025-04-28T11:15:54.880-0400] {processor.py:186} INFO - Started process (PID=20118) to work on /home/aangava/MSP/airflow_venv/lib/python3.12/site-packages/airflow/example_dags/example_params_ui_tutorial.py
[2025-04-28T11:15:54.889-0400] {processor.py:914} INFO - Processing file /home/aangava/MSP/airflow_venv/lib/python3.12/site-packages/airflow/example_dags/example_params_ui_tutorial.py for tasks to queue
[2025-04-28T11:15:54.891-0400] {logging_mixin.py:190} INFO - [2025-04-28T11:15:54.890-0400] {dagbag.py:588} INFO - Filling up the DagBag from /home/aangava/MSP/airflow_venv/lib/python3.12/site-packages/airflow/example_dags/example_params_ui_tutorial.py
[2025-04-28T11:15:54.905-0400] {processor.py:925} INFO - DAG(s) 'example_params_ui_tutorial' retrieved from /home/aangava/MSP/airflow_venv/lib/python3.12/site-packages/airflow/example_dags/example_params_ui_tutorial.py
[2025-04-28T11:15:54.958-0400] {logging_mixin.py:190} INFO - [2025-04-28T11:15:54.957-0400] {dag.py:3239} INFO - Sync 1 DAGs
[2025-04-28T11:15:54.974-0400] {logging_mixin.py:190} INFO - [2025-04-28T11:15:54.974-0400] {dag.py:4180} INFO - Setting next_dagrun for example_params_ui_tutorial to None, run_after=None
[2025-04-28T11:15:54.999-0400] {processor.py:208} INFO - Processing /home/aangava/MSP/airflow_venv/lib/python3.12/site-packages/airflow/example_dags/example_params_ui_tutorial.py took 0.135 seconds
[2025-04-28T11:16:53.726-0400] {processor.py:186} INFO - Started process (PID=20636) to work on /home/aangava/MSP/airflow_venv/lib/python3.12/site-packages/airflow/example_dags/example_params_ui_tutorial.py
[2025-04-28T11:16:53.727-0400] {processor.py:914} INFO - Processing file /home/aangava/MSP/airflow_venv/lib/python3.12/site-packages/airflow/example_dags/example_params_ui_tutorial.py for tasks to queue
[2025-04-28T11:16:53.728-0400] {logging_mixin.py:190} INFO - [2025-04-28T11:16:53.728-0400] {dagbag.py:588} INFO - Filling up the DagBag from /home/aangava/MSP/airflow_venv/lib/python3.12/site-packages/airflow/example_dags/example_params_ui_tutorial.py
[2025-04-28T11:16:53.737-0400] {processor.py:925} INFO - DAG(s) 'example_params_ui_tutorial' retrieved from /home/aangava/MSP/airflow_venv/lib/python3.12/site-packages/airflow/example_dags/example_params_ui_tutorial.py
[2025-04-28T11:16:53.766-0400] {logging_mixin.py:190} INFO - [2025-04-28T11:16:53.766-0400] {dag.py:3239} INFO - Sync 1 DAGs
[2025-04-28T11:16:53.775-0400] {logging_mixin.py:190} INFO - [2025-04-28T11:16:53.775-0400] {dag.py:4180} INFO - Setting next_dagrun for example_params_ui_tutorial to None, run_after=None
[2025-04-28T11:16:53.798-0400] {processor.py:208} INFO - Processing /home/aangava/MSP/airflow_venv/lib/python3.12/site-packages/airflow/example_dags/example_params_ui_tutorial.py took 0.077 seconds
[2025-04-28T11:17:58.214-0400] {processor.py:186} INFO - Started process (PID=21088) to work on /home/aangava/MSP/airflow_venv/lib/python3.12/site-packages/airflow/example_dags/example_params_ui_tutorial.py
[2025-04-28T11:17:58.226-0400] {processor.py:914} INFO - Processing file /home/aangava/MSP/airflow_venv/lib/python3.12/site-packages/airflow/example_dags/example_params_ui_tutorial.py for tasks to queue
[2025-04-28T11:17:58.229-0400] {logging_mixin.py:190} INFO - [2025-04-28T11:17:58.228-0400] {dagbag.py:588} INFO - Filling up the DagBag from /home/aangava/MSP/airflow_venv/lib/python3.12/site-packages/airflow/example_dags/example_params_ui_tutorial.py
[2025-04-28T11:17:58.242-0400] {processor.py:925} INFO - DAG(s) 'example_params_ui_tutorial' retrieved from /home/aangava/MSP/airflow_venv/lib/python3.12/site-packages/airflow/example_dags/example_params_ui_tutorial.py
[2025-04-28T11:17:58.289-0400] {logging_mixin.py:190} INFO - [2025-04-28T11:17:58.288-0400] {dag.py:3239} INFO - Sync 1 DAGs
[2025-04-28T11:17:58.304-0400] {logging_mixin.py:190} INFO - [2025-04-28T11:17:58.304-0400] {dag.py:4180} INFO - Setting next_dagrun for example_params_ui_tutorial to None, run_after=None
[2025-04-28T11:17:58.332-0400] {processor.py:208} INFO - Processing /home/aangava/MSP/airflow_venv/lib/python3.12/site-packages/airflow/example_dags/example_params_ui_tutorial.py took 0.128 seconds
[2025-04-28T11:19:01.835-0400] {processor.py:186} INFO - Started process (PID=21528) to work on /home/aangava/MSP/airflow_venv/lib/python3.12/site-packages/airflow/example_dags/example_params_ui_tutorial.py
[2025-04-28T11:19:01.836-0400] {processor.py:914} INFO - Processing file /home/aangava/MSP/airflow_venv/lib/python3.12/site-packages/airflow/example_dags/example_params_ui_tutorial.py for tasks to queue
[2025-04-28T11:19:01.837-0400] {logging_mixin.py:190} INFO - [2025-04-28T11:19:01.837-0400] {dagbag.py:588} INFO - Filling up the DagBag from /home/aangava/MSP/airflow_venv/lib/python3.12/site-packages/airflow/example_dags/example_params_ui_tutorial.py
[2025-04-28T11:19:01.844-0400] {processor.py:925} INFO - DAG(s) 'example_params_ui_tutorial' retrieved from /home/aangava/MSP/airflow_venv/lib/python3.12/site-packages/airflow/example_dags/example_params_ui_tutorial.py
[2025-04-28T11:19:01.872-0400] {logging_mixin.py:190} INFO - [2025-04-28T11:19:01.872-0400] {dag.py:3239} INFO - Sync 1 DAGs
[2025-04-28T11:19:01.881-0400] {logging_mixin.py:190} INFO - [2025-04-28T11:19:01.881-0400] {dag.py:4180} INFO - Setting next_dagrun for example_params_ui_tutorial to None, run_after=None
[2025-04-28T11:19:01.897-0400] {processor.py:208} INFO - Processing /home/aangava/MSP/airflow_venv/lib/python3.12/site-packages/airflow/example_dags/example_params_ui_tutorial.py took 0.070 seconds
[2025-04-28T11:19:59.974-0400] {processor.py:186} INFO - Started process (PID=21784) to work on /home/aangava/MSP/airflow_venv/lib/python3.12/site-packages/airflow/example_dags/example_params_ui_tutorial.py
[2025-04-28T11:19:59.984-0400] {processor.py:914} INFO - Processing file /home/aangava/MSP/airflow_venv/lib/python3.12/site-packages/airflow/example_dags/example_params_ui_tutorial.py for tasks to queue
[2025-04-28T11:19:59.986-0400] {logging_mixin.py:190} INFO - [2025-04-28T11:19:59.985-0400] {dagbag.py:588} INFO - Filling up the DagBag from /home/aangava/MSP/airflow_venv/lib/python3.12/site-packages/airflow/example_dags/example_params_ui_tutorial.py
[2025-04-28T11:19:59.998-0400] {processor.py:925} INFO - DAG(s) 'example_params_ui_tutorial' retrieved from /home/aangava/MSP/airflow_venv/lib/python3.12/site-packages/airflow/example_dags/example_params_ui_tutorial.py
[2025-04-28T11:20:00.053-0400] {logging_mixin.py:190} INFO - [2025-04-28T11:20:00.052-0400] {dag.py:3239} INFO - Sync 1 DAGs
[2025-04-28T11:20:00.067-0400] {logging_mixin.py:190} INFO - [2025-04-28T11:20:00.067-0400] {dag.py:4180} INFO - Setting next_dagrun for example_params_ui_tutorial to None, run_after=None
[2025-04-28T11:20:00.091-0400] {processor.py:208} INFO - Processing /home/aangava/MSP/airflow_venv/lib/python3.12/site-packages/airflow/example_dags/example_params_ui_tutorial.py took 0.125 seconds
[2025-04-28T11:20:59.360-0400] {processor.py:186} INFO - Started process (PID=22156) to work on /home/aangava/MSP/airflow_venv/lib/python3.12/site-packages/airflow/example_dags/example_params_ui_tutorial.py
[2025-04-28T11:20:59.372-0400] {processor.py:914} INFO - Processing file /home/aangava/MSP/airflow_venv/lib/python3.12/site-packages/airflow/example_dags/example_params_ui_tutorial.py for tasks to queue
[2025-04-28T11:20:59.374-0400] {logging_mixin.py:190} INFO - [2025-04-28T11:20:59.374-0400] {dagbag.py:588} INFO - Filling up the DagBag from /home/aangava/MSP/airflow_venv/lib/python3.12/site-packages/airflow/example_dags/example_params_ui_tutorial.py
[2025-04-28T11:20:59.386-0400] {processor.py:925} INFO - DAG(s) 'example_params_ui_tutorial' retrieved from /home/aangava/MSP/airflow_venv/lib/python3.12/site-packages/airflow/example_dags/example_params_ui_tutorial.py
[2025-04-28T11:20:59.434-0400] {logging_mixin.py:190} INFO - [2025-04-28T11:20:59.434-0400] {dag.py:3239} INFO - Sync 1 DAGs
[2025-04-28T11:20:59.450-0400] {logging_mixin.py:190} INFO - [2025-04-28T11:20:59.449-0400] {dag.py:4180} INFO - Setting next_dagrun for example_params_ui_tutorial to None, run_after=None
[2025-04-28T11:20:59.475-0400] {processor.py:208} INFO - Processing /home/aangava/MSP/airflow_venv/lib/python3.12/site-packages/airflow/example_dags/example_params_ui_tutorial.py took 0.124 seconds
[2025-04-28T11:22:12.285-0400] {processor.py:186} INFO - Started process (PID=22911) to work on /home/aangava/MSP/airflow_venv/lib/python3.12/site-packages/airflow/example_dags/example_params_ui_tutorial.py
[2025-04-28T11:22:12.288-0400] {processor.py:914} INFO - Processing file /home/aangava/MSP/airflow_venv/lib/python3.12/site-packages/airflow/example_dags/example_params_ui_tutorial.py for tasks to queue
[2025-04-28T11:22:12.290-0400] {logging_mixin.py:190} INFO - [2025-04-28T11:22:12.289-0400] {dagbag.py:588} INFO - Filling up the DagBag from /home/aangava/MSP/airflow_venv/lib/python3.12/site-packages/airflow/example_dags/example_params_ui_tutorial.py
[2025-04-28T11:22:12.308-0400] {processor.py:925} INFO - DAG(s) 'example_params_ui_tutorial' retrieved from /home/aangava/MSP/airflow_venv/lib/python3.12/site-packages/airflow/example_dags/example_params_ui_tutorial.py
[2025-04-28T11:22:12.361-0400] {logging_mixin.py:190} INFO - [2025-04-28T11:22:12.360-0400] {dag.py:3239} INFO - Sync 1 DAGs
[2025-04-28T11:22:12.377-0400] {logging_mixin.py:190} INFO - [2025-04-28T11:22:12.377-0400] {dag.py:4180} INFO - Setting next_dagrun for example_params_ui_tutorial to None, run_after=None
[2025-04-28T11:22:12.411-0400] {processor.py:208} INFO - Processing /home/aangava/MSP/airflow_venv/lib/python3.12/site-packages/airflow/example_dags/example_params_ui_tutorial.py took 0.145 seconds
[2025-04-28T11:22:54.721-0400] {processor.py:186} INFO - Started process (PID=23168) to work on /home/aangava/MSP/airflow_venv/lib/python3.12/site-packages/airflow/example_dags/example_params_ui_tutorial.py
[2025-04-28T11:22:54.732-0400] {processor.py:914} INFO - Processing file /home/aangava/MSP/airflow_venv/lib/python3.12/site-packages/airflow/example_dags/example_params_ui_tutorial.py for tasks to queue
[2025-04-28T11:22:54.733-0400] {logging_mixin.py:190} INFO - [2025-04-28T11:22:54.733-0400] {dagbag.py:588} INFO - Filling up the DagBag from /home/aangava/MSP/airflow_venv/lib/python3.12/site-packages/airflow/example_dags/example_params_ui_tutorial.py
[2025-04-28T11:22:54.744-0400] {processor.py:925} INFO - DAG(s) 'example_params_ui_tutorial' retrieved from /home/aangava/MSP/airflow_venv/lib/python3.12/site-packages/airflow/example_dags/example_params_ui_tutorial.py
[2025-04-28T11:22:54.770-0400] {logging_mixin.py:190} INFO - [2025-04-28T11:22:54.770-0400] {dag.py:3239} INFO - Sync 1 DAGs
[2025-04-28T11:22:54.780-0400] {logging_mixin.py:190} INFO - [2025-04-28T11:22:54.779-0400] {dag.py:4180} INFO - Setting next_dagrun for example_params_ui_tutorial to None, run_after=None
[2025-04-28T11:22:54.797-0400] {processor.py:208} INFO - Processing /home/aangava/MSP/airflow_venv/lib/python3.12/site-packages/airflow/example_dags/example_params_ui_tutorial.py took 0.081 seconds
[2025-04-28T11:23:56.977-0400] {processor.py:186} INFO - Started process (PID=23476) to work on /home/aangava/MSP/airflow_venv/lib/python3.12/site-packages/airflow/example_dags/example_params_ui_tutorial.py
[2025-04-28T11:23:56.979-0400] {processor.py:914} INFO - Processing file /home/aangava/MSP/airflow_venv/lib/python3.12/site-packages/airflow/example_dags/example_params_ui_tutorial.py for tasks to queue
[2025-04-28T11:23:56.981-0400] {logging_mixin.py:190} INFO - [2025-04-28T11:23:56.981-0400] {dagbag.py:588} INFO - Filling up the DagBag from /home/aangava/MSP/airflow_venv/lib/python3.12/site-packages/airflow/example_dags/example_params_ui_tutorial.py
[2025-04-28T11:23:56.995-0400] {processor.py:925} INFO - DAG(s) 'example_params_ui_tutorial' retrieved from /home/aangava/MSP/airflow_venv/lib/python3.12/site-packages/airflow/example_dags/example_params_ui_tutorial.py
[2025-04-28T11:23:57.045-0400] {logging_mixin.py:190} INFO - [2025-04-28T11:23:57.044-0400] {dag.py:3239} INFO - Sync 1 DAGs
[2025-04-28T11:23:57.059-0400] {logging_mixin.py:190} INFO - [2025-04-28T11:23:57.059-0400] {dag.py:4180} INFO - Setting next_dagrun for example_params_ui_tutorial to None, run_after=None
[2025-04-28T11:23:57.084-0400] {processor.py:208} INFO - Processing /home/aangava/MSP/airflow_venv/lib/python3.12/site-packages/airflow/example_dags/example_params_ui_tutorial.py took 0.118 seconds
[2025-04-28T11:24:56.539-0400] {processor.py:186} INFO - Started process (PID=23750) to work on /home/aangava/MSP/airflow_venv/lib/python3.12/site-packages/airflow/example_dags/example_params_ui_tutorial.py
[2025-04-28T11:24:56.540-0400] {processor.py:914} INFO - Processing file /home/aangava/MSP/airflow_venv/lib/python3.12/site-packages/airflow/example_dags/example_params_ui_tutorial.py for tasks to queue
[2025-04-28T11:24:56.541-0400] {logging_mixin.py:190} INFO - [2025-04-28T11:24:56.541-0400] {dagbag.py:588} INFO - Filling up the DagBag from /home/aangava/MSP/airflow_venv/lib/python3.12/site-packages/airflow/example_dags/example_params_ui_tutorial.py
[2025-04-28T11:24:56.547-0400] {processor.py:925} INFO - DAG(s) 'example_params_ui_tutorial' retrieved from /home/aangava/MSP/airflow_venv/lib/python3.12/site-packages/airflow/example_dags/example_params_ui_tutorial.py
[2025-04-28T11:24:56.573-0400] {logging_mixin.py:190} INFO - [2025-04-28T11:24:56.572-0400] {dag.py:3239} INFO - Sync 1 DAGs
[2025-04-28T11:24:56.581-0400] {logging_mixin.py:190} INFO - [2025-04-28T11:24:56.581-0400] {dag.py:4180} INFO - Setting next_dagrun for example_params_ui_tutorial to None, run_after=None
[2025-04-28T11:24:56.596-0400] {processor.py:208} INFO - Processing /home/aangava/MSP/airflow_venv/lib/python3.12/site-packages/airflow/example_dags/example_params_ui_tutorial.py took 0.062 seconds
[2025-04-28T11:25:49.338-0400] {processor.py:186} INFO - Started process (PID=24023) to work on /home/aangava/MSP/airflow_venv/lib/python3.12/site-packages/airflow/example_dags/example_params_ui_tutorial.py
[2025-04-28T11:25:49.340-0400] {processor.py:914} INFO - Processing file /home/aangava/MSP/airflow_venv/lib/python3.12/site-packages/airflow/example_dags/example_params_ui_tutorial.py for tasks to queue
[2025-04-28T11:25:49.341-0400] {logging_mixin.py:190} INFO - [2025-04-28T11:25:49.340-0400] {dagbag.py:588} INFO - Filling up the DagBag from /home/aangava/MSP/airflow_venv/lib/python3.12/site-packages/airflow/example_dags/example_params_ui_tutorial.py
[2025-04-28T11:25:49.347-0400] {processor.py:925} INFO - DAG(s) 'example_params_ui_tutorial' retrieved from /home/aangava/MSP/airflow_venv/lib/python3.12/site-packages/airflow/example_dags/example_params_ui_tutorial.py
[2025-04-28T11:25:49.373-0400] {logging_mixin.py:190} INFO - [2025-04-28T11:25:49.372-0400] {dag.py:3239} INFO - Sync 1 DAGs
[2025-04-28T11:25:49.382-0400] {logging_mixin.py:190} INFO - [2025-04-28T11:25:49.382-0400] {dag.py:4180} INFO - Setting next_dagrun for example_params_ui_tutorial to None, run_after=None
[2025-04-28T11:25:49.396-0400] {processor.py:208} INFO - Processing /home/aangava/MSP/airflow_venv/lib/python3.12/site-packages/airflow/example_dags/example_params_ui_tutorial.py took 0.063 seconds
[2025-04-28T11:26:40.202-0400] {processor.py:186} INFO - Started process (PID=24262) to work on /home/aangava/MSP/airflow_venv/lib/python3.12/site-packages/airflow/example_dags/example_params_ui_tutorial.py
[2025-04-28T11:26:40.204-0400] {processor.py:914} INFO - Processing file /home/aangava/MSP/airflow_venv/lib/python3.12/site-packages/airflow/example_dags/example_params_ui_tutorial.py for tasks to queue
[2025-04-28T11:26:40.205-0400] {logging_mixin.py:190} INFO - [2025-04-28T11:26:40.204-0400] {dagbag.py:588} INFO - Filling up the DagBag from /home/aangava/MSP/airflow_venv/lib/python3.12/site-packages/airflow/example_dags/example_params_ui_tutorial.py
[2025-04-28T11:26:40.211-0400] {processor.py:925} INFO - DAG(s) 'example_params_ui_tutorial' retrieved from /home/aangava/MSP/airflow_venv/lib/python3.12/site-packages/airflow/example_dags/example_params_ui_tutorial.py
[2025-04-28T11:26:40.235-0400] {logging_mixin.py:190} INFO - [2025-04-28T11:26:40.235-0400] {dag.py:3239} INFO - Sync 1 DAGs
[2025-04-28T11:26:40.243-0400] {logging_mixin.py:190} INFO - [2025-04-28T11:26:40.243-0400] {dag.py:4180} INFO - Setting next_dagrun for example_params_ui_tutorial to None, run_after=None
[2025-04-28T11:26:40.258-0400] {processor.py:208} INFO - Processing /home/aangava/MSP/airflow_venv/lib/python3.12/site-packages/airflow/example_dags/example_params_ui_tutorial.py took 0.061 seconds
[2025-04-28T11:27:44.014-0400] {processor.py:186} INFO - Started process (PID=24966) to work on /home/aangava/MSP/airflow_venv/lib/python3.12/site-packages/airflow/example_dags/example_params_ui_tutorial.py
[2025-04-28T11:27:44.025-0400] {processor.py:914} INFO - Processing file /home/aangava/MSP/airflow_venv/lib/python3.12/site-packages/airflow/example_dags/example_params_ui_tutorial.py for tasks to queue
[2025-04-28T11:27:44.026-0400] {logging_mixin.py:190} INFO - [2025-04-28T11:27:44.026-0400] {dagbag.py:588} INFO - Filling up the DagBag from /home/aangava/MSP/airflow_venv/lib/python3.12/site-packages/airflow/example_dags/example_params_ui_tutorial.py
[2025-04-28T11:27:44.033-0400] {processor.py:925} INFO - DAG(s) 'example_params_ui_tutorial' retrieved from /home/aangava/MSP/airflow_venv/lib/python3.12/site-packages/airflow/example_dags/example_params_ui_tutorial.py
[2025-04-28T11:27:44.058-0400] {logging_mixin.py:190} INFO - [2025-04-28T11:27:44.058-0400] {dag.py:3239} INFO - Sync 1 DAGs
[2025-04-28T11:27:44.068-0400] {logging_mixin.py:190} INFO - [2025-04-28T11:27:44.067-0400] {dag.py:4180} INFO - Setting next_dagrun for example_params_ui_tutorial to None, run_after=None
[2025-04-28T11:27:44.082-0400] {processor.py:208} INFO - Processing /home/aangava/MSP/airflow_venv/lib/python3.12/site-packages/airflow/example_dags/example_params_ui_tutorial.py took 0.073 seconds
[2025-04-28T11:28:39.006-0400] {processor.py:186} INFO - Started process (PID=25272) to work on /home/aangava/MSP/airflow_venv/lib/python3.12/site-packages/airflow/example_dags/example_params_ui_tutorial.py
[2025-04-28T11:28:39.016-0400] {processor.py:914} INFO - Processing file /home/aangava/MSP/airflow_venv/lib/python3.12/site-packages/airflow/example_dags/example_params_ui_tutorial.py for tasks to queue
[2025-04-28T11:28:39.017-0400] {logging_mixin.py:190} INFO - [2025-04-28T11:28:39.017-0400] {dagbag.py:588} INFO - Filling up the DagBag from /home/aangava/MSP/airflow_venv/lib/python3.12/site-packages/airflow/example_dags/example_params_ui_tutorial.py
[2025-04-28T11:28:39.023-0400] {processor.py:925} INFO - DAG(s) 'example_params_ui_tutorial' retrieved from /home/aangava/MSP/airflow_venv/lib/python3.12/site-packages/airflow/example_dags/example_params_ui_tutorial.py
[2025-04-28T11:28:39.047-0400] {logging_mixin.py:190} INFO - [2025-04-28T11:28:39.047-0400] {dag.py:3239} INFO - Sync 1 DAGs
[2025-04-28T11:28:39.056-0400] {logging_mixin.py:190} INFO - [2025-04-28T11:28:39.056-0400] {dag.py:4180} INFO - Setting next_dagrun for example_params_ui_tutorial to None, run_after=None
[2025-04-28T11:28:39.072-0400] {processor.py:208} INFO - Processing /home/aangava/MSP/airflow_venv/lib/python3.12/site-packages/airflow/example_dags/example_params_ui_tutorial.py took 0.071 seconds
[2025-04-28T11:29:52.987-0400] {processor.py:186} INFO - Started process (PID=26031) to work on /home/aangava/MSP/airflow_venv/lib/python3.12/site-packages/airflow/example_dags/example_params_ui_tutorial.py
[2025-04-28T11:29:52.997-0400] {processor.py:914} INFO - Processing file /home/aangava/MSP/airflow_venv/lib/python3.12/site-packages/airflow/example_dags/example_params_ui_tutorial.py for tasks to queue
[2025-04-28T11:29:52.998-0400] {logging_mixin.py:190} INFO - [2025-04-28T11:29:52.998-0400] {dagbag.py:588} INFO - Filling up the DagBag from /home/aangava/MSP/airflow_venv/lib/python3.12/site-packages/airflow/example_dags/example_params_ui_tutorial.py
[2025-04-28T11:29:53.005-0400] {processor.py:925} INFO - DAG(s) 'example_params_ui_tutorial' retrieved from /home/aangava/MSP/airflow_venv/lib/python3.12/site-packages/airflow/example_dags/example_params_ui_tutorial.py
[2025-04-28T11:29:53.029-0400] {logging_mixin.py:190} INFO - [2025-04-28T11:29:53.029-0400] {dag.py:3239} INFO - Sync 1 DAGs
[2025-04-28T11:29:53.038-0400] {logging_mixin.py:190} INFO - [2025-04-28T11:29:53.037-0400] {dag.py:4180} INFO - Setting next_dagrun for example_params_ui_tutorial to None, run_after=None
[2025-04-28T11:29:53.051-0400] {processor.py:208} INFO - Processing /home/aangava/MSP/airflow_venv/lib/python3.12/site-packages/airflow/example_dags/example_params_ui_tutorial.py took 0.069 seconds
[2025-04-28T11:30:48.850-0400] {processor.py:186} INFO - Started process (PID=26294) to work on /home/aangava/MSP/airflow_venv/lib/python3.12/site-packages/airflow/example_dags/example_params_ui_tutorial.py
[2025-04-28T11:30:48.851-0400] {processor.py:914} INFO - Processing file /home/aangava/MSP/airflow_venv/lib/python3.12/site-packages/airflow/example_dags/example_params_ui_tutorial.py for tasks to queue
[2025-04-28T11:30:48.853-0400] {logging_mixin.py:190} INFO - [2025-04-28T11:30:48.852-0400] {dagbag.py:588} INFO - Filling up the DagBag from /home/aangava/MSP/airflow_venv/lib/python3.12/site-packages/airflow/example_dags/example_params_ui_tutorial.py
[2025-04-28T11:30:48.859-0400] {processor.py:925} INFO - DAG(s) 'example_params_ui_tutorial' retrieved from /home/aangava/MSP/airflow_venv/lib/python3.12/site-packages/airflow/example_dags/example_params_ui_tutorial.py
[2025-04-28T11:30:48.884-0400] {logging_mixin.py:190} INFO - [2025-04-28T11:30:48.884-0400] {dag.py:3239} INFO - Sync 1 DAGs
[2025-04-28T11:30:48.894-0400] {logging_mixin.py:190} INFO - [2025-04-28T11:30:48.894-0400] {dag.py:4180} INFO - Setting next_dagrun for example_params_ui_tutorial to None, run_after=None
[2025-04-28T11:30:48.907-0400] {processor.py:208} INFO - Processing /home/aangava/MSP/airflow_venv/lib/python3.12/site-packages/airflow/example_dags/example_params_ui_tutorial.py took 0.062 seconds
[2025-04-28T11:31:41.388-0400] {processor.py:186} INFO - Started process (PID=26538) to work on /home/aangava/MSP/airflow_venv/lib/python3.12/site-packages/airflow/example_dags/example_params_ui_tutorial.py
[2025-04-28T11:31:41.391-0400] {processor.py:914} INFO - Processing file /home/aangava/MSP/airflow_venv/lib/python3.12/site-packages/airflow/example_dags/example_params_ui_tutorial.py for tasks to queue
[2025-04-28T11:31:41.392-0400] {logging_mixin.py:190} INFO - [2025-04-28T11:31:41.391-0400] {dagbag.py:588} INFO - Filling up the DagBag from /home/aangava/MSP/airflow_venv/lib/python3.12/site-packages/airflow/example_dags/example_params_ui_tutorial.py
[2025-04-28T11:31:41.398-0400] {processor.py:925} INFO - DAG(s) 'example_params_ui_tutorial' retrieved from /home/aangava/MSP/airflow_venv/lib/python3.12/site-packages/airflow/example_dags/example_params_ui_tutorial.py
[2025-04-28T11:31:41.424-0400] {logging_mixin.py:190} INFO - [2025-04-28T11:31:41.424-0400] {dag.py:3239} INFO - Sync 1 DAGs
[2025-04-28T11:31:41.433-0400] {logging_mixin.py:190} INFO - [2025-04-28T11:31:41.433-0400] {dag.py:4180} INFO - Setting next_dagrun for example_params_ui_tutorial to None, run_after=None
[2025-04-28T11:31:41.448-0400] {processor.py:208} INFO - Processing /home/aangava/MSP/airflow_venv/lib/python3.12/site-packages/airflow/example_dags/example_params_ui_tutorial.py took 0.066 seconds
[2025-04-28T11:32:37.152-0400] {processor.py:186} INFO - Started process (PID=26788) to work on /home/aangava/MSP/airflow_venv/lib/python3.12/site-packages/airflow/example_dags/example_params_ui_tutorial.py
[2025-04-28T11:32:37.153-0400] {processor.py:914} INFO - Processing file /home/aangava/MSP/airflow_venv/lib/python3.12/site-packages/airflow/example_dags/example_params_ui_tutorial.py for tasks to queue
[2025-04-28T11:32:37.154-0400] {logging_mixin.py:190} INFO - [2025-04-28T11:32:37.154-0400] {dagbag.py:588} INFO - Filling up the DagBag from /home/aangava/MSP/airflow_venv/lib/python3.12/site-packages/airflow/example_dags/example_params_ui_tutorial.py
[2025-04-28T11:32:37.161-0400] {processor.py:925} INFO - DAG(s) 'example_params_ui_tutorial' retrieved from /home/aangava/MSP/airflow_venv/lib/python3.12/site-packages/airflow/example_dags/example_params_ui_tutorial.py
[2025-04-28T11:32:37.187-0400] {logging_mixin.py:190} INFO - [2025-04-28T11:32:37.187-0400] {dag.py:3239} INFO - Sync 1 DAGs
[2025-04-28T11:32:37.196-0400] {logging_mixin.py:190} INFO - [2025-04-28T11:32:37.196-0400] {dag.py:4180} INFO - Setting next_dagrun for example_params_ui_tutorial to None, run_after=None
[2025-04-28T11:32:37.210-0400] {processor.py:208} INFO - Processing /home/aangava/MSP/airflow_venv/lib/python3.12/site-packages/airflow/example_dags/example_params_ui_tutorial.py took 0.064 seconds
[2025-04-28T11:33:29.020-0400] {processor.py:186} INFO - Started process (PID=27113) to work on /home/aangava/MSP/airflow_venv/lib/python3.12/site-packages/airflow/example_dags/example_params_ui_tutorial.py
[2025-04-28T11:33:29.021-0400] {processor.py:914} INFO - Processing file /home/aangava/MSP/airflow_venv/lib/python3.12/site-packages/airflow/example_dags/example_params_ui_tutorial.py for tasks to queue
[2025-04-28T11:33:29.024-0400] {logging_mixin.py:190} INFO - [2025-04-28T11:33:29.023-0400] {dagbag.py:588} INFO - Filling up the DagBag from /home/aangava/MSP/airflow_venv/lib/python3.12/site-packages/airflow/example_dags/example_params_ui_tutorial.py
[2025-04-28T11:33:29.031-0400] {processor.py:925} INFO - DAG(s) 'example_params_ui_tutorial' retrieved from /home/aangava/MSP/airflow_venv/lib/python3.12/site-packages/airflow/example_dags/example_params_ui_tutorial.py
[2025-04-28T11:33:29.056-0400] {logging_mixin.py:190} INFO - [2025-04-28T11:33:29.056-0400] {dag.py:3239} INFO - Sync 1 DAGs
[2025-04-28T11:33:29.065-0400] {logging_mixin.py:190} INFO - [2025-04-28T11:33:29.065-0400] {dag.py:4180} INFO - Setting next_dagrun for example_params_ui_tutorial to None, run_after=None
[2025-04-28T11:33:29.078-0400] {processor.py:208} INFO - Processing /home/aangava/MSP/airflow_venv/lib/python3.12/site-packages/airflow/example_dags/example_params_ui_tutorial.py took 0.062 seconds
[2025-04-28T11:34:21.614-0400] {processor.py:186} INFO - Started process (PID=27515) to work on /home/aangava/MSP/airflow_venv/lib/python3.12/site-packages/airflow/example_dags/example_params_ui_tutorial.py
[2025-04-28T11:34:21.615-0400] {processor.py:914} INFO - Processing file /home/aangava/MSP/airflow_venv/lib/python3.12/site-packages/airflow/example_dags/example_params_ui_tutorial.py for tasks to queue
[2025-04-28T11:34:21.617-0400] {logging_mixin.py:190} INFO - [2025-04-28T11:34:21.616-0400] {dagbag.py:588} INFO - Filling up the DagBag from /home/aangava/MSP/airflow_venv/lib/python3.12/site-packages/airflow/example_dags/example_params_ui_tutorial.py
[2025-04-28T11:34:21.626-0400] {processor.py:925} INFO - DAG(s) 'example_params_ui_tutorial' retrieved from /home/aangava/MSP/airflow_venv/lib/python3.12/site-packages/airflow/example_dags/example_params_ui_tutorial.py
[2025-04-28T11:34:21.655-0400] {logging_mixin.py:190} INFO - [2025-04-28T11:34:21.654-0400] {dag.py:3239} INFO - Sync 1 DAGs
[2025-04-28T11:34:21.666-0400] {logging_mixin.py:190} INFO - [2025-04-28T11:34:21.665-0400] {dag.py:4180} INFO - Setting next_dagrun for example_params_ui_tutorial to None, run_after=None
[2025-04-28T11:34:21.679-0400] {processor.py:208} INFO - Processing /home/aangava/MSP/airflow_venv/lib/python3.12/site-packages/airflow/example_dags/example_params_ui_tutorial.py took 0.070 seconds
[2025-04-28T11:35:12.346-0400] {processor.py:186} INFO - Started process (PID=27826) to work on /home/aangava/MSP/airflow_venv/lib/python3.12/site-packages/airflow/example_dags/example_params_ui_tutorial.py
[2025-04-28T11:35:12.347-0400] {processor.py:914} INFO - Processing file /home/aangava/MSP/airflow_venv/lib/python3.12/site-packages/airflow/example_dags/example_params_ui_tutorial.py for tasks to queue
[2025-04-28T11:35:12.348-0400] {logging_mixin.py:190} INFO - [2025-04-28T11:35:12.348-0400] {dagbag.py:588} INFO - Filling up the DagBag from /home/aangava/MSP/airflow_venv/lib/python3.12/site-packages/airflow/example_dags/example_params_ui_tutorial.py
[2025-04-28T11:35:12.354-0400] {processor.py:925} INFO - DAG(s) 'example_params_ui_tutorial' retrieved from /home/aangava/MSP/airflow_venv/lib/python3.12/site-packages/airflow/example_dags/example_params_ui_tutorial.py
[2025-04-28T11:35:12.378-0400] {logging_mixin.py:190} INFO - [2025-04-28T11:35:12.378-0400] {dag.py:3239} INFO - Sync 1 DAGs
[2025-04-28T11:35:12.387-0400] {logging_mixin.py:190} INFO - [2025-04-28T11:35:12.387-0400] {dag.py:4180} INFO - Setting next_dagrun for example_params_ui_tutorial to None, run_after=None
[2025-04-28T11:35:12.401-0400] {processor.py:208} INFO - Processing /home/aangava/MSP/airflow_venv/lib/python3.12/site-packages/airflow/example_dags/example_params_ui_tutorial.py took 0.060 seconds
[2025-04-28T11:36:03.951-0400] {processor.py:186} INFO - Started process (PID=28066) to work on /home/aangava/MSP/airflow_venv/lib/python3.12/site-packages/airflow/example_dags/example_params_ui_tutorial.py
[2025-04-28T11:36:03.953-0400] {processor.py:914} INFO - Processing file /home/aangava/MSP/airflow_venv/lib/python3.12/site-packages/airflow/example_dags/example_params_ui_tutorial.py for tasks to queue
[2025-04-28T11:36:03.955-0400] {logging_mixin.py:190} INFO - [2025-04-28T11:36:03.954-0400] {dagbag.py:588} INFO - Filling up the DagBag from /home/aangava/MSP/airflow_venv/lib/python3.12/site-packages/airflow/example_dags/example_params_ui_tutorial.py
[2025-04-28T11:36:03.962-0400] {processor.py:925} INFO - DAG(s) 'example_params_ui_tutorial' retrieved from /home/aangava/MSP/airflow_venv/lib/python3.12/site-packages/airflow/example_dags/example_params_ui_tutorial.py
[2025-04-28T11:36:03.987-0400] {logging_mixin.py:190} INFO - [2025-04-28T11:36:03.987-0400] {dag.py:3239} INFO - Sync 1 DAGs
[2025-04-28T11:36:03.995-0400] {logging_mixin.py:190} INFO - [2025-04-28T11:36:03.995-0400] {dag.py:4180} INFO - Setting next_dagrun for example_params_ui_tutorial to None, run_after=None
[2025-04-28T11:36:04.008-0400] {processor.py:208} INFO - Processing /home/aangava/MSP/airflow_venv/lib/python3.12/site-packages/airflow/example_dags/example_params_ui_tutorial.py took 0.062 seconds
[2025-04-28T11:36:54.376-0400] {processor.py:186} INFO - Started process (PID=28444) to work on /home/aangava/MSP/airflow_venv/lib/python3.12/site-packages/airflow/example_dags/example_params_ui_tutorial.py
[2025-04-28T11:36:54.377-0400] {processor.py:914} INFO - Processing file /home/aangava/MSP/airflow_venv/lib/python3.12/site-packages/airflow/example_dags/example_params_ui_tutorial.py for tasks to queue
[2025-04-28T11:36:54.378-0400] {logging_mixin.py:190} INFO - [2025-04-28T11:36:54.378-0400] {dagbag.py:588} INFO - Filling up the DagBag from /home/aangava/MSP/airflow_venv/lib/python3.12/site-packages/airflow/example_dags/example_params_ui_tutorial.py
[2025-04-28T11:36:54.384-0400] {processor.py:925} INFO - DAG(s) 'example_params_ui_tutorial' retrieved from /home/aangava/MSP/airflow_venv/lib/python3.12/site-packages/airflow/example_dags/example_params_ui_tutorial.py
[2025-04-28T11:36:54.409-0400] {logging_mixin.py:190} INFO - [2025-04-28T11:36:54.409-0400] {dag.py:3239} INFO - Sync 1 DAGs
[2025-04-28T11:36:54.418-0400] {logging_mixin.py:190} INFO - [2025-04-28T11:36:54.417-0400] {dag.py:4180} INFO - Setting next_dagrun for example_params_ui_tutorial to None, run_after=None
[2025-04-28T11:36:54.433-0400] {processor.py:208} INFO - Processing /home/aangava/MSP/airflow_venv/lib/python3.12/site-packages/airflow/example_dags/example_params_ui_tutorial.py took 0.062 seconds
[2025-04-28T11:37:48.609-0400] {processor.py:186} INFO - Started process (PID=28699) to work on /home/aangava/MSP/airflow_venv/lib/python3.12/site-packages/airflow/example_dags/example_params_ui_tutorial.py
[2025-04-28T11:37:48.610-0400] {processor.py:914} INFO - Processing file /home/aangava/MSP/airflow_venv/lib/python3.12/site-packages/airflow/example_dags/example_params_ui_tutorial.py for tasks to queue
[2025-04-28T11:37:48.611-0400] {logging_mixin.py:190} INFO - [2025-04-28T11:37:48.611-0400] {dagbag.py:588} INFO - Filling up the DagBag from /home/aangava/MSP/airflow_venv/lib/python3.12/site-packages/airflow/example_dags/example_params_ui_tutorial.py
[2025-04-28T11:37:48.617-0400] {processor.py:925} INFO - DAG(s) 'example_params_ui_tutorial' retrieved from /home/aangava/MSP/airflow_venv/lib/python3.12/site-packages/airflow/example_dags/example_params_ui_tutorial.py
[2025-04-28T11:37:48.642-0400] {logging_mixin.py:190} INFO - [2025-04-28T11:37:48.641-0400] {dag.py:3239} INFO - Sync 1 DAGs
[2025-04-28T11:37:48.650-0400] {logging_mixin.py:190} INFO - [2025-04-28T11:37:48.650-0400] {dag.py:4180} INFO - Setting next_dagrun for example_params_ui_tutorial to None, run_after=None
[2025-04-28T11:37:48.666-0400] {processor.py:208} INFO - Processing /home/aangava/MSP/airflow_venv/lib/python3.12/site-packages/airflow/example_dags/example_params_ui_tutorial.py took 0.062 seconds
[2025-04-28T11:38:42.211-0400] {processor.py:186} INFO - Started process (PID=28956) to work on /home/aangava/MSP/airflow_venv/lib/python3.12/site-packages/airflow/example_dags/example_params_ui_tutorial.py
[2025-04-28T11:38:42.212-0400] {processor.py:914} INFO - Processing file /home/aangava/MSP/airflow_venv/lib/python3.12/site-packages/airflow/example_dags/example_params_ui_tutorial.py for tasks to queue
[2025-04-28T11:38:42.213-0400] {logging_mixin.py:190} INFO - [2025-04-28T11:38:42.212-0400] {dagbag.py:588} INFO - Filling up the DagBag from /home/aangava/MSP/airflow_venv/lib/python3.12/site-packages/airflow/example_dags/example_params_ui_tutorial.py
[2025-04-28T11:38:42.219-0400] {processor.py:925} INFO - DAG(s) 'example_params_ui_tutorial' retrieved from /home/aangava/MSP/airflow_venv/lib/python3.12/site-packages/airflow/example_dags/example_params_ui_tutorial.py
[2025-04-28T11:38:42.243-0400] {logging_mixin.py:190} INFO - [2025-04-28T11:38:42.243-0400] {dag.py:3239} INFO - Sync 1 DAGs
[2025-04-28T11:38:42.251-0400] {logging_mixin.py:190} INFO - [2025-04-28T11:38:42.250-0400] {dag.py:4180} INFO - Setting next_dagrun for example_params_ui_tutorial to None, run_after=None
[2025-04-28T11:38:42.263-0400] {processor.py:208} INFO - Processing /home/aangava/MSP/airflow_venv/lib/python3.12/site-packages/airflow/example_dags/example_params_ui_tutorial.py took 0.057 seconds
[2025-04-28T11:39:34.832-0400] {processor.py:186} INFO - Started process (PID=29210) to work on /home/aangava/MSP/airflow_venv/lib/python3.12/site-packages/airflow/example_dags/example_params_ui_tutorial.py
[2025-04-28T11:39:34.841-0400] {processor.py:914} INFO - Processing file /home/aangava/MSP/airflow_venv/lib/python3.12/site-packages/airflow/example_dags/example_params_ui_tutorial.py for tasks to queue
[2025-04-28T11:39:34.842-0400] {logging_mixin.py:190} INFO - [2025-04-28T11:39:34.842-0400] {dagbag.py:588} INFO - Filling up the DagBag from /home/aangava/MSP/airflow_venv/lib/python3.12/site-packages/airflow/example_dags/example_params_ui_tutorial.py
[2025-04-28T11:39:34.849-0400] {processor.py:925} INFO - DAG(s) 'example_params_ui_tutorial' retrieved from /home/aangava/MSP/airflow_venv/lib/python3.12/site-packages/airflow/example_dags/example_params_ui_tutorial.py
[2025-04-28T11:39:34.873-0400] {logging_mixin.py:190} INFO - [2025-04-28T11:39:34.873-0400] {dag.py:3239} INFO - Sync 1 DAGs
[2025-04-28T11:39:34.881-0400] {logging_mixin.py:190} INFO - [2025-04-28T11:39:34.881-0400] {dag.py:4180} INFO - Setting next_dagrun for example_params_ui_tutorial to None, run_after=None
[2025-04-28T11:39:34.895-0400] {processor.py:208} INFO - Processing /home/aangava/MSP/airflow_venv/lib/python3.12/site-packages/airflow/example_dags/example_params_ui_tutorial.py took 0.068 seconds
[2025-04-28T11:40:30.534-0400] {processor.py:186} INFO - Started process (PID=29580) to work on /home/aangava/MSP/airflow_venv/lib/python3.12/site-packages/airflow/example_dags/example_params_ui_tutorial.py
[2025-04-28T11:40:30.535-0400] {processor.py:914} INFO - Processing file /home/aangava/MSP/airflow_venv/lib/python3.12/site-packages/airflow/example_dags/example_params_ui_tutorial.py for tasks to queue
[2025-04-28T11:40:30.536-0400] {logging_mixin.py:190} INFO - [2025-04-28T11:40:30.536-0400] {dagbag.py:588} INFO - Filling up the DagBag from /home/aangava/MSP/airflow_venv/lib/python3.12/site-packages/airflow/example_dags/example_params_ui_tutorial.py
[2025-04-28T11:40:30.546-0400] {processor.py:925} INFO - DAG(s) 'example_params_ui_tutorial' retrieved from /home/aangava/MSP/airflow_venv/lib/python3.12/site-packages/airflow/example_dags/example_params_ui_tutorial.py
[2025-04-28T11:40:30.570-0400] {logging_mixin.py:190} INFO - [2025-04-28T11:40:30.570-0400] {dag.py:3239} INFO - Sync 1 DAGs
[2025-04-28T11:40:30.581-0400] {logging_mixin.py:190} INFO - [2025-04-28T11:40:30.580-0400] {dag.py:4180} INFO - Setting next_dagrun for example_params_ui_tutorial to None, run_after=None
[2025-04-28T11:40:30.593-0400] {processor.py:208} INFO - Processing /home/aangava/MSP/airflow_venv/lib/python3.12/site-packages/airflow/example_dags/example_params_ui_tutorial.py took 0.064 seconds
[2025-04-28T11:41:23.234-0400] {processor.py:186} INFO - Started process (PID=29812) to work on /home/aangava/MSP/airflow_venv/lib/python3.12/site-packages/airflow/example_dags/example_params_ui_tutorial.py
[2025-04-28T11:41:23.244-0400] {processor.py:914} INFO - Processing file /home/aangava/MSP/airflow_venv/lib/python3.12/site-packages/airflow/example_dags/example_params_ui_tutorial.py for tasks to queue
[2025-04-28T11:41:23.245-0400] {logging_mixin.py:190} INFO - [2025-04-28T11:41:23.245-0400] {dagbag.py:588} INFO - Filling up the DagBag from /home/aangava/MSP/airflow_venv/lib/python3.12/site-packages/airflow/example_dags/example_params_ui_tutorial.py
[2025-04-28T11:41:23.252-0400] {processor.py:925} INFO - DAG(s) 'example_params_ui_tutorial' retrieved from /home/aangava/MSP/airflow_venv/lib/python3.12/site-packages/airflow/example_dags/example_params_ui_tutorial.py
[2025-04-28T11:41:23.276-0400] {logging_mixin.py:190} INFO - [2025-04-28T11:41:23.276-0400] {dag.py:3239} INFO - Sync 1 DAGs
[2025-04-28T11:41:23.285-0400] {logging_mixin.py:190} INFO - [2025-04-28T11:41:23.285-0400] {dag.py:4180} INFO - Setting next_dagrun for example_params_ui_tutorial to None, run_after=None
[2025-04-28T11:41:23.297-0400] {processor.py:208} INFO - Processing /home/aangava/MSP/airflow_venv/lib/python3.12/site-packages/airflow/example_dags/example_params_ui_tutorial.py took 0.068 seconds
