[2025-04-28T10:35:11.307-0400] {processor.py:186} INFO - Started process (PID=5562) to work on /home/aangava/MSP/airflow_venv/lib/python3.12/site-packages/airflow/example_dags/tutorial_dag.py
[2025-04-28T10:35:11.309-0400] {processor.py:914} INFO - Processing file /home/aangava/MSP/airflow_venv/lib/python3.12/site-packages/airflow/example_dags/tutorial_dag.py for tasks to queue
[2025-04-28T10:35:11.312-0400] {logging_mixin.py:190} INFO - [2025-04-28T10:35:11.311-0400] {dagbag.py:588} INFO - Filling up the DagBag from /home/aangava/MSP/airflow_venv/lib/python3.12/site-packages/airflow/example_dags/tutorial_dag.py
[2025-04-28T10:35:11.322-0400] {processor.py:925} INFO - DAG(s) 'tutorial_dag' retrieved from /home/aangava/MSP/airflow_venv/lib/python3.12/site-packages/airflow/example_dags/tutorial_dag.py
[2025-04-28T10:35:11.427-0400] {logging_mixin.py:190} INFO - [2025-04-28T10:35:11.426-0400] {override.py:1912} INFO - Created Permission View: can read on DAG:tutorial_dag
[2025-04-28T10:35:11.436-0400] {logging_mixin.py:190} INFO - [2025-04-28T10:35:11.436-0400] {override.py:1912} INFO - Created Permission View: can edit on DAG:tutorial_dag
[2025-04-28T10:35:11.443-0400] {logging_mixin.py:190} INFO - [2025-04-28T10:35:11.442-0400] {override.py:1912} INFO - Created Permission View: can delete on DAG:tutorial_dag
[2025-04-28T10:35:11.453-0400] {logging_mixin.py:190} INFO - [2025-04-28T10:35:11.453-0400] {override.py:1912} INFO - Created Permission View: can read on DAG Run:tutorial_dag
[2025-04-28T10:35:11.462-0400] {logging_mixin.py:190} INFO - [2025-04-28T10:35:11.462-0400] {override.py:1912} INFO - Created Permission View: can delete on DAG Run:tutorial_dag
[2025-04-28T10:35:11.470-0400] {logging_mixin.py:190} INFO - [2025-04-28T10:35:11.470-0400] {override.py:1912} INFO - Created Permission View: can create on DAG Run:tutorial_dag
[2025-04-28T10:35:11.478-0400] {logging_mixin.py:190} INFO - [2025-04-28T10:35:11.477-0400] {override.py:1912} INFO - Created Permission View: menu access on DAG Run:tutorial_dag
[2025-04-28T10:35:11.478-0400] {logging_mixin.py:190} INFO - [2025-04-28T10:35:11.478-0400] {dag.py:3239} INFO - Sync 1 DAGs
[2025-04-28T10:35:11.493-0400] {logging_mixin.py:190} INFO - [2025-04-28T10:35:11.493-0400] {dag.py:3262} INFO - Creating ORM DAG for tutorial_dag
[2025-04-28T10:35:11.493-0400] {logging_mixin.py:190} INFO - [2025-04-28T10:35:11.493-0400] {dag.py:4180} INFO - Setting next_dagrun for tutorial_dag to None, run_after=None
[2025-04-28T10:35:11.513-0400] {processor.py:208} INFO - Processing /home/aangava/MSP/airflow_venv/lib/python3.12/site-packages/airflow/example_dags/tutorial_dag.py took 0.213 seconds
[2025-04-28T10:36:14.579-0400] {processor.py:186} INFO - Started process (PID=6016) to work on /home/aangava/MSP/airflow_venv/lib/python3.12/site-packages/airflow/example_dags/tutorial_dag.py
[2025-04-28T10:36:14.589-0400] {processor.py:914} INFO - Processing file /home/aangava/MSP/airflow_venv/lib/python3.12/site-packages/airflow/example_dags/tutorial_dag.py for tasks to queue
[2025-04-28T10:36:14.591-0400] {logging_mixin.py:190} INFO - [2025-04-28T10:36:14.591-0400] {dagbag.py:588} INFO - Filling up the DagBag from /home/aangava/MSP/airflow_venv/lib/python3.12/site-packages/airflow/example_dags/tutorial_dag.py
[2025-04-28T10:36:14.598-0400] {processor.py:925} INFO - DAG(s) 'tutorial_dag' retrieved from /home/aangava/MSP/airflow_venv/lib/python3.12/site-packages/airflow/example_dags/tutorial_dag.py
[2025-04-28T10:36:14.610-0400] {logging_mixin.py:190} INFO - [2025-04-28T10:36:14.610-0400] {dag.py:3239} INFO - Sync 1 DAGs
[2025-04-28T10:36:14.618-0400] {logging_mixin.py:190} INFO - [2025-04-28T10:36:14.618-0400] {dag.py:4180} INFO - Setting next_dagrun for tutorial_dag to None, run_after=None
[2025-04-28T10:36:14.635-0400] {processor.py:208} INFO - Processing /home/aangava/MSP/airflow_venv/lib/python3.12/site-packages/airflow/example_dags/tutorial_dag.py took 0.059 seconds
[2025-04-28T10:37:13.247-0400] {processor.py:186} INFO - Started process (PID=6564) to work on /home/aangava/MSP/airflow_venv/lib/python3.12/site-packages/airflow/example_dags/tutorial_dag.py
[2025-04-28T10:37:13.248-0400] {processor.py:914} INFO - Processing file /home/aangava/MSP/airflow_venv/lib/python3.12/site-packages/airflow/example_dags/tutorial_dag.py for tasks to queue
[2025-04-28T10:37:13.250-0400] {logging_mixin.py:190} INFO - [2025-04-28T10:37:13.250-0400] {dagbag.py:588} INFO - Filling up the DagBag from /home/aangava/MSP/airflow_venv/lib/python3.12/site-packages/airflow/example_dags/tutorial_dag.py
[2025-04-28T10:37:13.258-0400] {processor.py:925} INFO - DAG(s) 'tutorial_dag' retrieved from /home/aangava/MSP/airflow_venv/lib/python3.12/site-packages/airflow/example_dags/tutorial_dag.py
[2025-04-28T10:37:13.279-0400] {logging_mixin.py:190} INFO - [2025-04-28T10:37:13.278-0400] {dag.py:3239} INFO - Sync 1 DAGs
[2025-04-28T10:37:13.289-0400] {logging_mixin.py:190} INFO - [2025-04-28T10:37:13.288-0400] {dag.py:4180} INFO - Setting next_dagrun for tutorial_dag to None, run_after=None
[2025-04-28T10:37:13.312-0400] {processor.py:208} INFO - Processing /home/aangava/MSP/airflow_venv/lib/python3.12/site-packages/airflow/example_dags/tutorial_dag.py took 0.069 seconds
[2025-04-28T10:43:37.113-0400] {processor.py:186} INFO - Started process (PID=8970) to work on /home/aangava/MSP/airflow_venv/lib/python3.12/site-packages/airflow/example_dags/tutorial_dag.py
[2025-04-28T10:43:37.124-0400] {processor.py:914} INFO - Processing file /home/aangava/MSP/airflow_venv/lib/python3.12/site-packages/airflow/example_dags/tutorial_dag.py for tasks to queue
[2025-04-28T10:43:37.128-0400] {logging_mixin.py:190} INFO - [2025-04-28T10:43:37.127-0400] {dagbag.py:588} INFO - Filling up the DagBag from /home/aangava/MSP/airflow_venv/lib/python3.12/site-packages/airflow/example_dags/tutorial_dag.py
[2025-04-28T10:43:37.138-0400] {processor.py:925} INFO - DAG(s) 'tutorial_dag' retrieved from /home/aangava/MSP/airflow_venv/lib/python3.12/site-packages/airflow/example_dags/tutorial_dag.py
[2025-04-28T10:43:37.161-0400] {logging_mixin.py:190} INFO - [2025-04-28T10:43:37.160-0400] {dag.py:3239} INFO - Sync 1 DAGs
[2025-04-28T10:43:37.175-0400] {logging_mixin.py:190} INFO - [2025-04-28T10:43:37.175-0400] {dag.py:4180} INFO - Setting next_dagrun for tutorial_dag to None, run_after=None
[2025-04-28T10:43:37.208-0400] {processor.py:208} INFO - Processing /home/aangava/MSP/airflow_venv/lib/python3.12/site-packages/airflow/example_dags/tutorial_dag.py took 0.102 seconds
[2025-04-28T10:44:34.995-0400] {processor.py:186} INFO - Started process (PID=9332) to work on /home/aangava/MSP/airflow_venv/lib/python3.12/site-packages/airflow/example_dags/tutorial_dag.py
[2025-04-28T10:44:34.997-0400] {processor.py:914} INFO - Processing file /home/aangava/MSP/airflow_venv/lib/python3.12/site-packages/airflow/example_dags/tutorial_dag.py for tasks to queue
[2025-04-28T10:44:34.999-0400] {logging_mixin.py:190} INFO - [2025-04-28T10:44:34.999-0400] {dagbag.py:588} INFO - Filling up the DagBag from /home/aangava/MSP/airflow_venv/lib/python3.12/site-packages/airflow/example_dags/tutorial_dag.py
[2025-04-28T10:44:35.011-0400] {processor.py:925} INFO - DAG(s) 'tutorial_dag' retrieved from /home/aangava/MSP/airflow_venv/lib/python3.12/site-packages/airflow/example_dags/tutorial_dag.py
[2025-04-28T10:44:35.029-0400] {logging_mixin.py:190} INFO - [2025-04-28T10:44:35.029-0400] {dag.py:3239} INFO - Sync 1 DAGs
[2025-04-28T10:44:35.042-0400] {logging_mixin.py:190} INFO - [2025-04-28T10:44:35.042-0400] {dag.py:4180} INFO - Setting next_dagrun for tutorial_dag to None, run_after=None
[2025-04-28T10:44:35.066-0400] {processor.py:208} INFO - Processing /home/aangava/MSP/airflow_venv/lib/python3.12/site-packages/airflow/example_dags/tutorial_dag.py took 0.078 seconds
[2025-04-28T10:45:29.283-0400] {processor.py:186} INFO - Started process (PID=9597) to work on /home/aangava/MSP/airflow_venv/lib/python3.12/site-packages/airflow/example_dags/tutorial_dag.py
[2025-04-28T10:45:29.286-0400] {processor.py:914} INFO - Processing file /home/aangava/MSP/airflow_venv/lib/python3.12/site-packages/airflow/example_dags/tutorial_dag.py for tasks to queue
[2025-04-28T10:45:29.288-0400] {logging_mixin.py:190} INFO - [2025-04-28T10:45:29.287-0400] {dagbag.py:588} INFO - Filling up the DagBag from /home/aangava/MSP/airflow_venv/lib/python3.12/site-packages/airflow/example_dags/tutorial_dag.py
[2025-04-28T10:45:29.296-0400] {processor.py:925} INFO - DAG(s) 'tutorial_dag' retrieved from /home/aangava/MSP/airflow_venv/lib/python3.12/site-packages/airflow/example_dags/tutorial_dag.py
[2025-04-28T10:45:29.314-0400] {logging_mixin.py:190} INFO - [2025-04-28T10:45:29.313-0400] {dag.py:3239} INFO - Sync 1 DAGs
[2025-04-28T10:45:29.328-0400] {logging_mixin.py:190} INFO - [2025-04-28T10:45:29.327-0400] {dag.py:4180} INFO - Setting next_dagrun for tutorial_dag to None, run_after=None
[2025-04-28T10:45:29.353-0400] {processor.py:208} INFO - Processing /home/aangava/MSP/airflow_venv/lib/python3.12/site-packages/airflow/example_dags/tutorial_dag.py took 0.075 seconds
[2025-04-28T10:46:26.022-0400] {processor.py:186} INFO - Started process (PID=9823) to work on /home/aangava/MSP/airflow_venv/lib/python3.12/site-packages/airflow/example_dags/tutorial_dag.py
[2025-04-28T10:46:26.032-0400] {processor.py:914} INFO - Processing file /home/aangava/MSP/airflow_venv/lib/python3.12/site-packages/airflow/example_dags/tutorial_dag.py for tasks to queue
[2025-04-28T10:46:26.033-0400] {logging_mixin.py:190} INFO - [2025-04-28T10:46:26.033-0400] {dagbag.py:588} INFO - Filling up the DagBag from /home/aangava/MSP/airflow_venv/lib/python3.12/site-packages/airflow/example_dags/tutorial_dag.py
[2025-04-28T10:46:26.041-0400] {processor.py:925} INFO - DAG(s) 'tutorial_dag' retrieved from /home/aangava/MSP/airflow_venv/lib/python3.12/site-packages/airflow/example_dags/tutorial_dag.py
[2025-04-28T10:46:26.053-0400] {logging_mixin.py:190} INFO - [2025-04-28T10:46:26.052-0400] {dag.py:3239} INFO - Sync 1 DAGs
[2025-04-28T10:46:26.060-0400] {logging_mixin.py:190} INFO - [2025-04-28T10:46:26.060-0400] {dag.py:4180} INFO - Setting next_dagrun for tutorial_dag to None, run_after=None
[2025-04-28T10:46:26.078-0400] {processor.py:208} INFO - Processing /home/aangava/MSP/airflow_venv/lib/python3.12/site-packages/airflow/example_dags/tutorial_dag.py took 0.059 seconds
[2025-04-28T10:47:23.281-0400] {processor.py:186} INFO - Started process (PID=10049) to work on /home/aangava/MSP/airflow_venv/lib/python3.12/site-packages/airflow/example_dags/tutorial_dag.py
[2025-04-28T10:47:23.292-0400] {processor.py:914} INFO - Processing file /home/aangava/MSP/airflow_venv/lib/python3.12/site-packages/airflow/example_dags/tutorial_dag.py for tasks to queue
[2025-04-28T10:47:23.297-0400] {logging_mixin.py:190} INFO - [2025-04-28T10:47:23.296-0400] {dagbag.py:588} INFO - Filling up the DagBag from /home/aangava/MSP/airflow_venv/lib/python3.12/site-packages/airflow/example_dags/tutorial_dag.py
[2025-04-28T10:47:23.314-0400] {processor.py:925} INFO - DAG(s) 'tutorial_dag' retrieved from /home/aangava/MSP/airflow_venv/lib/python3.12/site-packages/airflow/example_dags/tutorial_dag.py
[2025-04-28T10:47:23.335-0400] {logging_mixin.py:190} INFO - [2025-04-28T10:47:23.335-0400] {dag.py:3239} INFO - Sync 1 DAGs
[2025-04-28T10:47:23.351-0400] {logging_mixin.py:190} INFO - [2025-04-28T10:47:23.351-0400] {dag.py:4180} INFO - Setting next_dagrun for tutorial_dag to None, run_after=None
[2025-04-28T10:47:23.375-0400] {processor.py:208} INFO - Processing /home/aangava/MSP/airflow_venv/lib/python3.12/site-packages/airflow/example_dags/tutorial_dag.py took 0.115 seconds
[2025-04-28T10:48:22.501-0400] {processor.py:186} INFO - Started process (PID=10456) to work on /home/aangava/MSP/airflow_venv/lib/python3.12/site-packages/airflow/example_dags/tutorial_dag.py
[2025-04-28T10:48:22.512-0400] {processor.py:914} INFO - Processing file /home/aangava/MSP/airflow_venv/lib/python3.12/site-packages/airflow/example_dags/tutorial_dag.py for tasks to queue
[2025-04-28T10:48:22.515-0400] {logging_mixin.py:190} INFO - [2025-04-28T10:48:22.514-0400] {dagbag.py:588} INFO - Filling up the DagBag from /home/aangava/MSP/airflow_venv/lib/python3.12/site-packages/airflow/example_dags/tutorial_dag.py
[2025-04-28T10:48:22.527-0400] {processor.py:925} INFO - DAG(s) 'tutorial_dag' retrieved from /home/aangava/MSP/airflow_venv/lib/python3.12/site-packages/airflow/example_dags/tutorial_dag.py
[2025-04-28T10:48:22.548-0400] {logging_mixin.py:190} INFO - [2025-04-28T10:48:22.548-0400] {dag.py:3239} INFO - Sync 1 DAGs
[2025-04-28T10:48:22.565-0400] {logging_mixin.py:190} INFO - [2025-04-28T10:48:22.565-0400] {dag.py:4180} INFO - Setting next_dagrun for tutorial_dag to None, run_after=None
[2025-04-28T10:48:22.592-0400] {processor.py:208} INFO - Processing /home/aangava/MSP/airflow_venv/lib/python3.12/site-packages/airflow/example_dags/tutorial_dag.py took 0.100 seconds
[2025-04-28T10:49:18.326-0400] {processor.py:186} INFO - Started process (PID=10799) to work on /home/aangava/MSP/airflow_venv/lib/python3.12/site-packages/airflow/example_dags/tutorial_dag.py
[2025-04-28T10:49:18.327-0400] {processor.py:914} INFO - Processing file /home/aangava/MSP/airflow_venv/lib/python3.12/site-packages/airflow/example_dags/tutorial_dag.py for tasks to queue
[2025-04-28T10:49:18.330-0400] {logging_mixin.py:190} INFO - [2025-04-28T10:49:18.330-0400] {dagbag.py:588} INFO - Filling up the DagBag from /home/aangava/MSP/airflow_venv/lib/python3.12/site-packages/airflow/example_dags/tutorial_dag.py
[2025-04-28T10:49:18.341-0400] {processor.py:925} INFO - DAG(s) 'tutorial_dag' retrieved from /home/aangava/MSP/airflow_venv/lib/python3.12/site-packages/airflow/example_dags/tutorial_dag.py
[2025-04-28T10:49:18.364-0400] {logging_mixin.py:190} INFO - [2025-04-28T10:49:18.364-0400] {dag.py:3239} INFO - Sync 1 DAGs
[2025-04-28T10:49:18.381-0400] {logging_mixin.py:190} INFO - [2025-04-28T10:49:18.381-0400] {dag.py:4180} INFO - Setting next_dagrun for tutorial_dag to None, run_after=None
[2025-04-28T10:49:18.408-0400] {processor.py:208} INFO - Processing /home/aangava/MSP/airflow_venv/lib/python3.12/site-packages/airflow/example_dags/tutorial_dag.py took 0.092 seconds
[2025-04-28T10:50:15.090-0400] {processor.py:186} INFO - Started process (PID=11106) to work on /home/aangava/MSP/airflow_venv/lib/python3.12/site-packages/airflow/example_dags/tutorial_dag.py
[2025-04-28T10:50:15.092-0400] {processor.py:914} INFO - Processing file /home/aangava/MSP/airflow_venv/lib/python3.12/site-packages/airflow/example_dags/tutorial_dag.py for tasks to queue
[2025-04-28T10:50:15.094-0400] {logging_mixin.py:190} INFO - [2025-04-28T10:50:15.093-0400] {dagbag.py:588} INFO - Filling up the DagBag from /home/aangava/MSP/airflow_venv/lib/python3.12/site-packages/airflow/example_dags/tutorial_dag.py
[2025-04-28T10:50:15.104-0400] {processor.py:925} INFO - DAG(s) 'tutorial_dag' retrieved from /home/aangava/MSP/airflow_venv/lib/python3.12/site-packages/airflow/example_dags/tutorial_dag.py
[2025-04-28T10:50:15.117-0400] {logging_mixin.py:190} INFO - [2025-04-28T10:50:15.117-0400] {dag.py:3239} INFO - Sync 1 DAGs
[2025-04-28T10:50:15.129-0400] {logging_mixin.py:190} INFO - [2025-04-28T10:50:15.128-0400] {dag.py:4180} INFO - Setting next_dagrun for tutorial_dag to None, run_after=None
[2025-04-28T10:50:15.149-0400] {processor.py:208} INFO - Processing /home/aangava/MSP/airflow_venv/lib/python3.12/site-packages/airflow/example_dags/tutorial_dag.py took 0.063 seconds
[2025-04-28T10:51:17.894-0400] {processor.py:186} INFO - Started process (PID=11526) to work on /home/aangava/MSP/airflow_venv/lib/python3.12/site-packages/airflow/example_dags/tutorial_dag.py
[2025-04-28T10:51:17.904-0400] {processor.py:914} INFO - Processing file /home/aangava/MSP/airflow_venv/lib/python3.12/site-packages/airflow/example_dags/tutorial_dag.py for tasks to queue
[2025-04-28T10:51:17.908-0400] {logging_mixin.py:190} INFO - [2025-04-28T10:51:17.907-0400] {dagbag.py:588} INFO - Filling up the DagBag from /home/aangava/MSP/airflow_venv/lib/python3.12/site-packages/airflow/example_dags/tutorial_dag.py
[2025-04-28T10:51:17.919-0400] {processor.py:925} INFO - DAG(s) 'tutorial_dag' retrieved from /home/aangava/MSP/airflow_venv/lib/python3.12/site-packages/airflow/example_dags/tutorial_dag.py
[2025-04-28T10:51:17.940-0400] {logging_mixin.py:190} INFO - [2025-04-28T10:51:17.939-0400] {dag.py:3239} INFO - Sync 1 DAGs
[2025-04-28T10:51:17.954-0400] {logging_mixin.py:190} INFO - [2025-04-28T10:51:17.954-0400] {dag.py:4180} INFO - Setting next_dagrun for tutorial_dag to None, run_after=None
[2025-04-28T10:51:17.982-0400] {processor.py:208} INFO - Processing /home/aangava/MSP/airflow_venv/lib/python3.12/site-packages/airflow/example_dags/tutorial_dag.py took 0.096 seconds
[2025-04-28T10:52:20.187-0400] {processor.py:186} INFO - Started process (PID=11931) to work on /home/aangava/MSP/airflow_venv/lib/python3.12/site-packages/airflow/example_dags/tutorial_dag.py
[2025-04-28T10:52:20.198-0400] {processor.py:914} INFO - Processing file /home/aangava/MSP/airflow_venv/lib/python3.12/site-packages/airflow/example_dags/tutorial_dag.py for tasks to queue
[2025-04-28T10:52:20.201-0400] {logging_mixin.py:190} INFO - [2025-04-28T10:52:20.200-0400] {dagbag.py:588} INFO - Filling up the DagBag from /home/aangava/MSP/airflow_venv/lib/python3.12/site-packages/airflow/example_dags/tutorial_dag.py
[2025-04-28T10:52:20.215-0400] {processor.py:925} INFO - DAG(s) 'tutorial_dag' retrieved from /home/aangava/MSP/airflow_venv/lib/python3.12/site-packages/airflow/example_dags/tutorial_dag.py
[2025-04-28T10:52:20.232-0400] {logging_mixin.py:190} INFO - [2025-04-28T10:52:20.231-0400] {dag.py:3239} INFO - Sync 1 DAGs
[2025-04-28T10:52:20.246-0400] {logging_mixin.py:190} INFO - [2025-04-28T10:52:20.246-0400] {dag.py:4180} INFO - Setting next_dagrun for tutorial_dag to None, run_after=None
[2025-04-28T10:52:20.272-0400] {processor.py:208} INFO - Processing /home/aangava/MSP/airflow_venv/lib/python3.12/site-packages/airflow/example_dags/tutorial_dag.py took 0.093 seconds
[2025-04-28T10:53:16.223-0400] {processor.py:186} INFO - Started process (PID=12257) to work on /home/aangava/MSP/airflow_venv/lib/python3.12/site-packages/airflow/example_dags/tutorial_dag.py
[2025-04-28T10:53:16.234-0400] {processor.py:914} INFO - Processing file /home/aangava/MSP/airflow_venv/lib/python3.12/site-packages/airflow/example_dags/tutorial_dag.py for tasks to queue
[2025-04-28T10:53:16.237-0400] {logging_mixin.py:190} INFO - [2025-04-28T10:53:16.236-0400] {dagbag.py:588} INFO - Filling up the DagBag from /home/aangava/MSP/airflow_venv/lib/python3.12/site-packages/airflow/example_dags/tutorial_dag.py
[2025-04-28T10:53:16.248-0400] {processor.py:925} INFO - DAG(s) 'tutorial_dag' retrieved from /home/aangava/MSP/airflow_venv/lib/python3.12/site-packages/airflow/example_dags/tutorial_dag.py
[2025-04-28T10:53:16.268-0400] {logging_mixin.py:190} INFO - [2025-04-28T10:53:16.267-0400] {dag.py:3239} INFO - Sync 1 DAGs
[2025-04-28T10:53:16.282-0400] {logging_mixin.py:190} INFO - [2025-04-28T10:53:16.281-0400] {dag.py:4180} INFO - Setting next_dagrun for tutorial_dag to None, run_after=None
[2025-04-28T10:53:16.311-0400] {processor.py:208} INFO - Processing /home/aangava/MSP/airflow_venv/lib/python3.12/site-packages/airflow/example_dags/tutorial_dag.py took 0.099 seconds
[2025-04-28T10:54:14.786-0400] {processor.py:186} INFO - Started process (PID=12516) to work on /home/aangava/MSP/airflow_venv/lib/python3.12/site-packages/airflow/example_dags/tutorial_dag.py
[2025-04-28T10:54:14.796-0400] {processor.py:914} INFO - Processing file /home/aangava/MSP/airflow_venv/lib/python3.12/site-packages/airflow/example_dags/tutorial_dag.py for tasks to queue
[2025-04-28T10:54:14.799-0400] {logging_mixin.py:190} INFO - [2025-04-28T10:54:14.798-0400] {dagbag.py:588} INFO - Filling up the DagBag from /home/aangava/MSP/airflow_venv/lib/python3.12/site-packages/airflow/example_dags/tutorial_dag.py
[2025-04-28T10:54:14.810-0400] {processor.py:925} INFO - DAG(s) 'tutorial_dag' retrieved from /home/aangava/MSP/airflow_venv/lib/python3.12/site-packages/airflow/example_dags/tutorial_dag.py
[2025-04-28T10:54:14.830-0400] {logging_mixin.py:190} INFO - [2025-04-28T10:54:14.830-0400] {dag.py:3239} INFO - Sync 1 DAGs
[2025-04-28T10:54:14.846-0400] {logging_mixin.py:190} INFO - [2025-04-28T10:54:14.846-0400] {dag.py:4180} INFO - Setting next_dagrun for tutorial_dag to None, run_after=None
[2025-04-28T10:54:14.870-0400] {processor.py:208} INFO - Processing /home/aangava/MSP/airflow_venv/lib/python3.12/site-packages/airflow/example_dags/tutorial_dag.py took 0.093 seconds
[2025-04-28T10:55:13.740-0400] {processor.py:186} INFO - Started process (PID=12762) to work on /home/aangava/MSP/airflow_venv/lib/python3.12/site-packages/airflow/example_dags/tutorial_dag.py
[2025-04-28T10:55:13.751-0400] {processor.py:914} INFO - Processing file /home/aangava/MSP/airflow_venv/lib/python3.12/site-packages/airflow/example_dags/tutorial_dag.py for tasks to queue
[2025-04-28T10:55:13.752-0400] {logging_mixin.py:190} INFO - [2025-04-28T10:55:13.752-0400] {dagbag.py:588} INFO - Filling up the DagBag from /home/aangava/MSP/airflow_venv/lib/python3.12/site-packages/airflow/example_dags/tutorial_dag.py
[2025-04-28T10:55:13.763-0400] {processor.py:925} INFO - DAG(s) 'tutorial_dag' retrieved from /home/aangava/MSP/airflow_venv/lib/python3.12/site-packages/airflow/example_dags/tutorial_dag.py
[2025-04-28T10:55:13.782-0400] {logging_mixin.py:190} INFO - [2025-04-28T10:55:13.782-0400] {dag.py:3239} INFO - Sync 1 DAGs
[2025-04-28T10:55:13.799-0400] {logging_mixin.py:190} INFO - [2025-04-28T10:55:13.798-0400] {dag.py:4180} INFO - Setting next_dagrun for tutorial_dag to None, run_after=None
[2025-04-28T10:55:13.819-0400] {processor.py:208} INFO - Processing /home/aangava/MSP/airflow_venv/lib/python3.12/site-packages/airflow/example_dags/tutorial_dag.py took 0.083 seconds
[2025-04-28T10:56:15.133-0400] {processor.py:186} INFO - Started process (PID=13009) to work on /home/aangava/MSP/airflow_venv/lib/python3.12/site-packages/airflow/example_dags/tutorial_dag.py
[2025-04-28T10:56:15.143-0400] {processor.py:914} INFO - Processing file /home/aangava/MSP/airflow_venv/lib/python3.12/site-packages/airflow/example_dags/tutorial_dag.py for tasks to queue
[2025-04-28T10:56:15.145-0400] {logging_mixin.py:190} INFO - [2025-04-28T10:56:15.144-0400] {dagbag.py:588} INFO - Filling up the DagBag from /home/aangava/MSP/airflow_venv/lib/python3.12/site-packages/airflow/example_dags/tutorial_dag.py
[2025-04-28T10:56:15.154-0400] {processor.py:925} INFO - DAG(s) 'tutorial_dag' retrieved from /home/aangava/MSP/airflow_venv/lib/python3.12/site-packages/airflow/example_dags/tutorial_dag.py
[2025-04-28T10:56:15.167-0400] {logging_mixin.py:190} INFO - [2025-04-28T10:56:15.167-0400] {dag.py:3239} INFO - Sync 1 DAGs
[2025-04-28T10:56:15.177-0400] {logging_mixin.py:190} INFO - [2025-04-28T10:56:15.176-0400] {dag.py:4180} INFO - Setting next_dagrun for tutorial_dag to None, run_after=None
[2025-04-28T10:56:15.193-0400] {processor.py:208} INFO - Processing /home/aangava/MSP/airflow_venv/lib/python3.12/site-packages/airflow/example_dags/tutorial_dag.py took 0.064 seconds
[2025-04-28T10:57:11.330-0400] {processor.py:186} INFO - Started process (PID=13261) to work on /home/aangava/MSP/airflow_venv/lib/python3.12/site-packages/airflow/example_dags/tutorial_dag.py
[2025-04-28T10:57:11.332-0400] {processor.py:914} INFO - Processing file /home/aangava/MSP/airflow_venv/lib/python3.12/site-packages/airflow/example_dags/tutorial_dag.py for tasks to queue
[2025-04-28T10:57:11.333-0400] {logging_mixin.py:190} INFO - [2025-04-28T10:57:11.333-0400] {dagbag.py:588} INFO - Filling up the DagBag from /home/aangava/MSP/airflow_venv/lib/python3.12/site-packages/airflow/example_dags/tutorial_dag.py
[2025-04-28T10:57:11.342-0400] {processor.py:925} INFO - DAG(s) 'tutorial_dag' retrieved from /home/aangava/MSP/airflow_venv/lib/python3.12/site-packages/airflow/example_dags/tutorial_dag.py
[2025-04-28T10:57:11.358-0400] {logging_mixin.py:190} INFO - [2025-04-28T10:57:11.358-0400] {dag.py:3239} INFO - Sync 1 DAGs
[2025-04-28T10:57:11.371-0400] {logging_mixin.py:190} INFO - [2025-04-28T10:57:11.371-0400] {dag.py:4180} INFO - Setting next_dagrun for tutorial_dag to None, run_after=None
[2025-04-28T10:57:11.390-0400] {processor.py:208} INFO - Processing /home/aangava/MSP/airflow_venv/lib/python3.12/site-packages/airflow/example_dags/tutorial_dag.py took 0.066 seconds
[2025-04-28T10:58:03.013-0400] {processor.py:186} INFO - Started process (PID=13652) to work on /home/aangava/MSP/airflow_venv/lib/python3.12/site-packages/airflow/example_dags/tutorial_dag.py
[2025-04-28T10:58:03.016-0400] {processor.py:914} INFO - Processing file /home/aangava/MSP/airflow_venv/lib/python3.12/site-packages/airflow/example_dags/tutorial_dag.py for tasks to queue
[2025-04-28T10:58:03.018-0400] {logging_mixin.py:190} INFO - [2025-04-28T10:58:03.017-0400] {dagbag.py:588} INFO - Filling up the DagBag from /home/aangava/MSP/airflow_venv/lib/python3.12/site-packages/airflow/example_dags/tutorial_dag.py
[2025-04-28T10:58:03.030-0400] {processor.py:925} INFO - DAG(s) 'tutorial_dag' retrieved from /home/aangava/MSP/airflow_venv/lib/python3.12/site-packages/airflow/example_dags/tutorial_dag.py
[2025-04-28T10:58:03.050-0400] {logging_mixin.py:190} INFO - [2025-04-28T10:58:03.049-0400] {dag.py:3239} INFO - Sync 1 DAGs
[2025-04-28T10:58:03.064-0400] {logging_mixin.py:190} INFO - [2025-04-28T10:58:03.064-0400] {dag.py:4180} INFO - Setting next_dagrun for tutorial_dag to None, run_after=None
[2025-04-28T10:58:03.089-0400] {processor.py:208} INFO - Processing /home/aangava/MSP/airflow_venv/lib/python3.12/site-packages/airflow/example_dags/tutorial_dag.py took 0.090 seconds
[2025-04-28T10:59:00.576-0400] {processor.py:186} INFO - Started process (PID=14014) to work on /home/aangava/MSP/airflow_venv/lib/python3.12/site-packages/airflow/example_dags/tutorial_dag.py
[2025-04-28T10:59:00.586-0400] {processor.py:914} INFO - Processing file /home/aangava/MSP/airflow_venv/lib/python3.12/site-packages/airflow/example_dags/tutorial_dag.py for tasks to queue
[2025-04-28T10:59:00.589-0400] {logging_mixin.py:190} INFO - [2025-04-28T10:59:00.588-0400] {dagbag.py:588} INFO - Filling up the DagBag from /home/aangava/MSP/airflow_venv/lib/python3.12/site-packages/airflow/example_dags/tutorial_dag.py
[2025-04-28T10:59:00.600-0400] {processor.py:925} INFO - DAG(s) 'tutorial_dag' retrieved from /home/aangava/MSP/airflow_venv/lib/python3.12/site-packages/airflow/example_dags/tutorial_dag.py
[2025-04-28T10:59:00.619-0400] {logging_mixin.py:190} INFO - [2025-04-28T10:59:00.618-0400] {dag.py:3239} INFO - Sync 1 DAGs
[2025-04-28T10:59:00.634-0400] {logging_mixin.py:190} INFO - [2025-04-28T10:59:00.633-0400] {dag.py:4180} INFO - Setting next_dagrun for tutorial_dag to None, run_after=None
[2025-04-28T10:59:00.658-0400] {processor.py:208} INFO - Processing /home/aangava/MSP/airflow_venv/lib/python3.12/site-packages/airflow/example_dags/tutorial_dag.py took 0.093 seconds
[2025-04-28T10:59:59.808-0400] {processor.py:186} INFO - Started process (PID=14408) to work on /home/aangava/MSP/airflow_venv/lib/python3.12/site-packages/airflow/example_dags/tutorial_dag.py
[2025-04-28T10:59:59.818-0400] {processor.py:914} INFO - Processing file /home/aangava/MSP/airflow_venv/lib/python3.12/site-packages/airflow/example_dags/tutorial_dag.py for tasks to queue
[2025-04-28T10:59:59.821-0400] {logging_mixin.py:190} INFO - [2025-04-28T10:59:59.820-0400] {dagbag.py:588} INFO - Filling up the DagBag from /home/aangava/MSP/airflow_venv/lib/python3.12/site-packages/airflow/example_dags/tutorial_dag.py
[2025-04-28T10:59:59.836-0400] {processor.py:925} INFO - DAG(s) 'tutorial_dag' retrieved from /home/aangava/MSP/airflow_venv/lib/python3.12/site-packages/airflow/example_dags/tutorial_dag.py
[2025-04-28T10:59:59.859-0400] {logging_mixin.py:190} INFO - [2025-04-28T10:59:59.859-0400] {dag.py:3239} INFO - Sync 1 DAGs
[2025-04-28T10:59:59.875-0400] {logging_mixin.py:190} INFO - [2025-04-28T10:59:59.874-0400] {dag.py:4180} INFO - Setting next_dagrun for tutorial_dag to None, run_after=None
[2025-04-28T10:59:59.903-0400] {processor.py:208} INFO - Processing /home/aangava/MSP/airflow_venv/lib/python3.12/site-packages/airflow/example_dags/tutorial_dag.py took 0.112 seconds
[2025-04-28T11:01:01.851-0400] {processor.py:186} INFO - Started process (PID=14665) to work on /home/aangava/MSP/airflow_venv/lib/python3.12/site-packages/airflow/example_dags/tutorial_dag.py
[2025-04-28T11:01:01.853-0400] {processor.py:914} INFO - Processing file /home/aangava/MSP/airflow_venv/lib/python3.12/site-packages/airflow/example_dags/tutorial_dag.py for tasks to queue
[2025-04-28T11:01:01.855-0400] {logging_mixin.py:190} INFO - [2025-04-28T11:01:01.855-0400] {dagbag.py:588} INFO - Filling up the DagBag from /home/aangava/MSP/airflow_venv/lib/python3.12/site-packages/airflow/example_dags/tutorial_dag.py
[2025-04-28T11:01:01.866-0400] {processor.py:925} INFO - DAG(s) 'tutorial_dag' retrieved from /home/aangava/MSP/airflow_venv/lib/python3.12/site-packages/airflow/example_dags/tutorial_dag.py
[2025-04-28T11:01:01.884-0400] {logging_mixin.py:190} INFO - [2025-04-28T11:01:01.884-0400] {dag.py:3239} INFO - Sync 1 DAGs
[2025-04-28T11:01:01.900-0400] {logging_mixin.py:190} INFO - [2025-04-28T11:01:01.900-0400] {dag.py:4180} INFO - Setting next_dagrun for tutorial_dag to None, run_after=None
[2025-04-28T11:01:01.923-0400] {processor.py:208} INFO - Processing /home/aangava/MSP/airflow_venv/lib/python3.12/site-packages/airflow/example_dags/tutorial_dag.py took 0.082 seconds
[2025-04-28T11:01:58.770-0400] {processor.py:186} INFO - Started process (PID=14901) to work on /home/aangava/MSP/airflow_venv/lib/python3.12/site-packages/airflow/example_dags/tutorial_dag.py
[2025-04-28T11:01:58.781-0400] {processor.py:914} INFO - Processing file /home/aangava/MSP/airflow_venv/lib/python3.12/site-packages/airflow/example_dags/tutorial_dag.py for tasks to queue
[2025-04-28T11:01:58.782-0400] {logging_mixin.py:190} INFO - [2025-04-28T11:01:58.782-0400] {dagbag.py:588} INFO - Filling up the DagBag from /home/aangava/MSP/airflow_venv/lib/python3.12/site-packages/airflow/example_dags/tutorial_dag.py
[2025-04-28T11:01:58.788-0400] {processor.py:925} INFO - DAG(s) 'tutorial_dag' retrieved from /home/aangava/MSP/airflow_venv/lib/python3.12/site-packages/airflow/example_dags/tutorial_dag.py
[2025-04-28T11:01:58.799-0400] {logging_mixin.py:190} INFO - [2025-04-28T11:01:58.799-0400] {dag.py:3239} INFO - Sync 1 DAGs
[2025-04-28T11:01:58.807-0400] {logging_mixin.py:190} INFO - [2025-04-28T11:01:58.807-0400] {dag.py:4180} INFO - Setting next_dagrun for tutorial_dag to None, run_after=None
[2025-04-28T11:01:58.827-0400] {processor.py:208} INFO - Processing /home/aangava/MSP/airflow_venv/lib/python3.12/site-packages/airflow/example_dags/tutorial_dag.py took 0.062 seconds
[2025-04-28T11:02:55.975-0400] {processor.py:186} INFO - Started process (PID=15160) to work on /home/aangava/MSP/airflow_venv/lib/python3.12/site-packages/airflow/example_dags/tutorial_dag.py
[2025-04-28T11:02:55.986-0400] {processor.py:914} INFO - Processing file /home/aangava/MSP/airflow_venv/lib/python3.12/site-packages/airflow/example_dags/tutorial_dag.py for tasks to queue
[2025-04-28T11:02:55.988-0400] {logging_mixin.py:190} INFO - [2025-04-28T11:02:55.988-0400] {dagbag.py:588} INFO - Filling up the DagBag from /home/aangava/MSP/airflow_venv/lib/python3.12/site-packages/airflow/example_dags/tutorial_dag.py
[2025-04-28T11:02:55.999-0400] {processor.py:925} INFO - DAG(s) 'tutorial_dag' retrieved from /home/aangava/MSP/airflow_venv/lib/python3.12/site-packages/airflow/example_dags/tutorial_dag.py
[2025-04-28T11:02:56.017-0400] {logging_mixin.py:190} INFO - [2025-04-28T11:02:56.016-0400] {dag.py:3239} INFO - Sync 1 DAGs
[2025-04-28T11:02:56.031-0400] {logging_mixin.py:190} INFO - [2025-04-28T11:02:56.031-0400] {dag.py:4180} INFO - Setting next_dagrun for tutorial_dag to None, run_after=None
[2025-04-28T11:02:56.054-0400] {processor.py:208} INFO - Processing /home/aangava/MSP/airflow_venv/lib/python3.12/site-packages/airflow/example_dags/tutorial_dag.py took 0.089 seconds
[2025-04-28T11:03:53.151-0400] {processor.py:186} INFO - Started process (PID=15478) to work on /home/aangava/MSP/airflow_venv/lib/python3.12/site-packages/airflow/example_dags/tutorial_dag.py
[2025-04-28T11:03:53.153-0400] {processor.py:914} INFO - Processing file /home/aangava/MSP/airflow_venv/lib/python3.12/site-packages/airflow/example_dags/tutorial_dag.py for tasks to queue
[2025-04-28T11:03:53.155-0400] {logging_mixin.py:190} INFO - [2025-04-28T11:03:53.155-0400] {dagbag.py:588} INFO - Filling up the DagBag from /home/aangava/MSP/airflow_venv/lib/python3.12/site-packages/airflow/example_dags/tutorial_dag.py
[2025-04-28T11:03:53.167-0400] {processor.py:925} INFO - DAG(s) 'tutorial_dag' retrieved from /home/aangava/MSP/airflow_venv/lib/python3.12/site-packages/airflow/example_dags/tutorial_dag.py
[2025-04-28T11:03:53.187-0400] {logging_mixin.py:190} INFO - [2025-04-28T11:03:53.187-0400] {dag.py:3239} INFO - Sync 1 DAGs
[2025-04-28T11:03:53.204-0400] {logging_mixin.py:190} INFO - [2025-04-28T11:03:53.204-0400] {dag.py:4180} INFO - Setting next_dagrun for tutorial_dag to None, run_after=None
[2025-04-28T11:03:53.230-0400] {processor.py:208} INFO - Processing /home/aangava/MSP/airflow_venv/lib/python3.12/site-packages/airflow/example_dags/tutorial_dag.py took 0.092 seconds
[2025-04-28T11:04:53.849-0400] {processor.py:186} INFO - Started process (PID=15785) to work on /home/aangava/MSP/airflow_venv/lib/python3.12/site-packages/airflow/example_dags/tutorial_dag.py
[2025-04-28T11:04:53.851-0400] {processor.py:914} INFO - Processing file /home/aangava/MSP/airflow_venv/lib/python3.12/site-packages/airflow/example_dags/tutorial_dag.py for tasks to queue
[2025-04-28T11:04:53.852-0400] {logging_mixin.py:190} INFO - [2025-04-28T11:04:53.852-0400] {dagbag.py:588} INFO - Filling up the DagBag from /home/aangava/MSP/airflow_venv/lib/python3.12/site-packages/airflow/example_dags/tutorial_dag.py
[2025-04-28T11:04:53.859-0400] {processor.py:925} INFO - DAG(s) 'tutorial_dag' retrieved from /home/aangava/MSP/airflow_venv/lib/python3.12/site-packages/airflow/example_dags/tutorial_dag.py
[2025-04-28T11:04:53.874-0400] {logging_mixin.py:190} INFO - [2025-04-28T11:04:53.874-0400] {dag.py:3239} INFO - Sync 1 DAGs
[2025-04-28T11:04:53.889-0400] {logging_mixin.py:190} INFO - [2025-04-28T11:04:53.889-0400] {dag.py:4180} INFO - Setting next_dagrun for tutorial_dag to None, run_after=None
[2025-04-28T11:04:53.914-0400] {processor.py:208} INFO - Processing /home/aangava/MSP/airflow_venv/lib/python3.12/site-packages/airflow/example_dags/tutorial_dag.py took 0.076 seconds
[2025-04-28T11:05:50.459-0400] {processor.py:186} INFO - Started process (PID=16181) to work on /home/aangava/MSP/airflow_venv/lib/python3.12/site-packages/airflow/example_dags/tutorial_dag.py
[2025-04-28T11:05:50.461-0400] {processor.py:914} INFO - Processing file /home/aangava/MSP/airflow_venv/lib/python3.12/site-packages/airflow/example_dags/tutorial_dag.py for tasks to queue
[2025-04-28T11:05:50.462-0400] {logging_mixin.py:190} INFO - [2025-04-28T11:05:50.462-0400] {dagbag.py:588} INFO - Filling up the DagBag from /home/aangava/MSP/airflow_venv/lib/python3.12/site-packages/airflow/example_dags/tutorial_dag.py
[2025-04-28T11:05:50.469-0400] {processor.py:925} INFO - DAG(s) 'tutorial_dag' retrieved from /home/aangava/MSP/airflow_venv/lib/python3.12/site-packages/airflow/example_dags/tutorial_dag.py
[2025-04-28T11:05:50.480-0400] {logging_mixin.py:190} INFO - [2025-04-28T11:05:50.480-0400] {dag.py:3239} INFO - Sync 1 DAGs
[2025-04-28T11:05:50.492-0400] {logging_mixin.py:190} INFO - [2025-04-28T11:05:50.492-0400] {dag.py:4180} INFO - Setting next_dagrun for tutorial_dag to None, run_after=None
[2025-04-28T11:05:50.514-0400] {processor.py:208} INFO - Processing /home/aangava/MSP/airflow_venv/lib/python3.12/site-packages/airflow/example_dags/tutorial_dag.py took 0.062 seconds
[2025-04-28T11:06:48.585-0400] {processor.py:186} INFO - Started process (PID=16567) to work on /home/aangava/MSP/airflow_venv/lib/python3.12/site-packages/airflow/example_dags/tutorial_dag.py
[2025-04-28T11:06:48.587-0400] {processor.py:914} INFO - Processing file /home/aangava/MSP/airflow_venv/lib/python3.12/site-packages/airflow/example_dags/tutorial_dag.py for tasks to queue
[2025-04-28T11:06:48.589-0400] {logging_mixin.py:190} INFO - [2025-04-28T11:06:48.588-0400] {dagbag.py:588} INFO - Filling up the DagBag from /home/aangava/MSP/airflow_venv/lib/python3.12/site-packages/airflow/example_dags/tutorial_dag.py
[2025-04-28T11:06:48.598-0400] {processor.py:925} INFO - DAG(s) 'tutorial_dag' retrieved from /home/aangava/MSP/airflow_venv/lib/python3.12/site-packages/airflow/example_dags/tutorial_dag.py
[2025-04-28T11:06:48.615-0400] {logging_mixin.py:190} INFO - [2025-04-28T11:06:48.615-0400] {dag.py:3239} INFO - Sync 1 DAGs
[2025-04-28T11:06:48.632-0400] {logging_mixin.py:190} INFO - [2025-04-28T11:06:48.631-0400] {dag.py:4180} INFO - Setting next_dagrun for tutorial_dag to None, run_after=None
[2025-04-28T11:06:48.655-0400] {processor.py:208} INFO - Processing /home/aangava/MSP/airflow_venv/lib/python3.12/site-packages/airflow/example_dags/tutorial_dag.py took 0.078 seconds
[2025-04-28T11:07:44.690-0400] {processor.py:186} INFO - Started process (PID=16851) to work on /home/aangava/MSP/airflow_venv/lib/python3.12/site-packages/airflow/example_dags/tutorial_dag.py
[2025-04-28T11:07:44.694-0400] {processor.py:914} INFO - Processing file /home/aangava/MSP/airflow_venv/lib/python3.12/site-packages/airflow/example_dags/tutorial_dag.py for tasks to queue
[2025-04-28T11:07:44.696-0400] {logging_mixin.py:190} INFO - [2025-04-28T11:07:44.695-0400] {dagbag.py:588} INFO - Filling up the DagBag from /home/aangava/MSP/airflow_venv/lib/python3.12/site-packages/airflow/example_dags/tutorial_dag.py
[2025-04-28T11:07:44.704-0400] {processor.py:925} INFO - DAG(s) 'tutorial_dag' retrieved from /home/aangava/MSP/airflow_venv/lib/python3.12/site-packages/airflow/example_dags/tutorial_dag.py
[2025-04-28T11:07:44.719-0400] {logging_mixin.py:190} INFO - [2025-04-28T11:07:44.719-0400] {dag.py:3239} INFO - Sync 1 DAGs
[2025-04-28T11:07:44.728-0400] {logging_mixin.py:190} INFO - [2025-04-28T11:07:44.727-0400] {dag.py:4180} INFO - Setting next_dagrun for tutorial_dag to None, run_after=None
[2025-04-28T11:07:44.748-0400] {processor.py:208} INFO - Processing /home/aangava/MSP/airflow_venv/lib/python3.12/site-packages/airflow/example_dags/tutorial_dag.py took 0.064 seconds
[2025-04-28T11:08:42.477-0400] {processor.py:186} INFO - Started process (PID=17196) to work on /home/aangava/MSP/airflow_venv/lib/python3.12/site-packages/airflow/example_dags/tutorial_dag.py
[2025-04-28T11:08:42.488-0400] {processor.py:914} INFO - Processing file /home/aangava/MSP/airflow_venv/lib/python3.12/site-packages/airflow/example_dags/tutorial_dag.py for tasks to queue
[2025-04-28T11:08:42.491-0400] {logging_mixin.py:190} INFO - [2025-04-28T11:08:42.490-0400] {dagbag.py:588} INFO - Filling up the DagBag from /home/aangava/MSP/airflow_venv/lib/python3.12/site-packages/airflow/example_dags/tutorial_dag.py
[2025-04-28T11:08:42.502-0400] {processor.py:925} INFO - DAG(s) 'tutorial_dag' retrieved from /home/aangava/MSP/airflow_venv/lib/python3.12/site-packages/airflow/example_dags/tutorial_dag.py
[2025-04-28T11:08:42.523-0400] {logging_mixin.py:190} INFO - [2025-04-28T11:08:42.523-0400] {dag.py:3239} INFO - Sync 1 DAGs
[2025-04-28T11:08:42.540-0400] {logging_mixin.py:190} INFO - [2025-04-28T11:08:42.540-0400] {dag.py:4180} INFO - Setting next_dagrun for tutorial_dag to None, run_after=None
[2025-04-28T11:08:42.563-0400] {processor.py:208} INFO - Processing /home/aangava/MSP/airflow_venv/lib/python3.12/site-packages/airflow/example_dags/tutorial_dag.py took 0.097 seconds
[2025-04-28T11:09:38.077-0400] {processor.py:186} INFO - Started process (PID=17503) to work on /home/aangava/MSP/airflow_venv/lib/python3.12/site-packages/airflow/example_dags/tutorial_dag.py
[2025-04-28T11:09:38.080-0400] {processor.py:914} INFO - Processing file /home/aangava/MSP/airflow_venv/lib/python3.12/site-packages/airflow/example_dags/tutorial_dag.py for tasks to queue
[2025-04-28T11:09:38.083-0400] {logging_mixin.py:190} INFO - [2025-04-28T11:09:38.082-0400] {dagbag.py:588} INFO - Filling up the DagBag from /home/aangava/MSP/airflow_venv/lib/python3.12/site-packages/airflow/example_dags/tutorial_dag.py
[2025-04-28T11:09:38.097-0400] {processor.py:925} INFO - DAG(s) 'tutorial_dag' retrieved from /home/aangava/MSP/airflow_venv/lib/python3.12/site-packages/airflow/example_dags/tutorial_dag.py
[2025-04-28T11:09:38.122-0400] {logging_mixin.py:190} INFO - [2025-04-28T11:09:38.122-0400] {dag.py:3239} INFO - Sync 1 DAGs
[2025-04-28T11:09:38.135-0400] {logging_mixin.py:190} INFO - [2025-04-28T11:09:38.135-0400] {dag.py:4180} INFO - Setting next_dagrun for tutorial_dag to None, run_after=None
[2025-04-28T11:09:38.161-0400] {processor.py:208} INFO - Processing /home/aangava/MSP/airflow_venv/lib/python3.12/site-packages/airflow/example_dags/tutorial_dag.py took 0.096 seconds
[2025-04-28T11:10:30.269-0400] {processor.py:186} INFO - Started process (PID=17807) to work on /home/aangava/MSP/airflow_venv/lib/python3.12/site-packages/airflow/example_dags/tutorial_dag.py
[2025-04-28T11:10:30.279-0400] {processor.py:914} INFO - Processing file /home/aangava/MSP/airflow_venv/lib/python3.12/site-packages/airflow/example_dags/tutorial_dag.py for tasks to queue
[2025-04-28T11:10:30.280-0400] {logging_mixin.py:190} INFO - [2025-04-28T11:10:30.279-0400] {dagbag.py:588} INFO - Filling up the DagBag from /home/aangava/MSP/airflow_venv/lib/python3.12/site-packages/airflow/example_dags/tutorial_dag.py
[2025-04-28T11:10:30.285-0400] {processor.py:925} INFO - DAG(s) 'tutorial_dag' retrieved from /home/aangava/MSP/airflow_venv/lib/python3.12/site-packages/airflow/example_dags/tutorial_dag.py
[2025-04-28T11:10:30.296-0400] {logging_mixin.py:190} INFO - [2025-04-28T11:10:30.296-0400] {dag.py:3239} INFO - Sync 1 DAGs
[2025-04-28T11:10:30.305-0400] {logging_mixin.py:190} INFO - [2025-04-28T11:10:30.304-0400] {dag.py:4180} INFO - Setting next_dagrun for tutorial_dag to None, run_after=None
[2025-04-28T11:10:30.320-0400] {processor.py:208} INFO - Processing /home/aangava/MSP/airflow_venv/lib/python3.12/site-packages/airflow/example_dags/tutorial_dag.py took 0.056 seconds
[2025-04-28T11:11:57.275-0400] {processor.py:186} INFO - Started process (PID=18611) to work on /home/aangava/MSP/airflow_venv/lib/python3.12/site-packages/airflow/example_dags/tutorial_dag.py
[2025-04-28T11:11:57.278-0400] {processor.py:914} INFO - Processing file /home/aangava/MSP/airflow_venv/lib/python3.12/site-packages/airflow/example_dags/tutorial_dag.py for tasks to queue
[2025-04-28T11:11:57.279-0400] {logging_mixin.py:190} INFO - [2025-04-28T11:11:57.279-0400] {dagbag.py:588} INFO - Filling up the DagBag from /home/aangava/MSP/airflow_venv/lib/python3.12/site-packages/airflow/example_dags/tutorial_dag.py
[2025-04-28T11:11:57.288-0400] {processor.py:925} INFO - DAG(s) 'tutorial_dag' retrieved from /home/aangava/MSP/airflow_venv/lib/python3.12/site-packages/airflow/example_dags/tutorial_dag.py
[2025-04-28T11:11:57.307-0400] {logging_mixin.py:190} INFO - [2025-04-28T11:11:57.307-0400] {dag.py:3239} INFO - Sync 1 DAGs
[2025-04-28T11:11:57.322-0400] {logging_mixin.py:190} INFO - [2025-04-28T11:11:57.322-0400] {dag.py:4180} INFO - Setting next_dagrun for tutorial_dag to None, run_after=None
[2025-04-28T11:11:57.343-0400] {processor.py:208} INFO - Processing /home/aangava/MSP/airflow_venv/lib/python3.12/site-packages/airflow/example_dags/tutorial_dag.py took 0.076 seconds
[2025-04-28T11:12:57.576-0400] {processor.py:186} INFO - Started process (PID=18946) to work on /home/aangava/MSP/airflow_venv/lib/python3.12/site-packages/airflow/example_dags/tutorial_dag.py
[2025-04-28T11:12:57.589-0400] {processor.py:914} INFO - Processing file /home/aangava/MSP/airflow_venv/lib/python3.12/site-packages/airflow/example_dags/tutorial_dag.py for tasks to queue
[2025-04-28T11:12:57.591-0400] {logging_mixin.py:190} INFO - [2025-04-28T11:12:57.590-0400] {dagbag.py:588} INFO - Filling up the DagBag from /home/aangava/MSP/airflow_venv/lib/python3.12/site-packages/airflow/example_dags/tutorial_dag.py
[2025-04-28T11:12:57.599-0400] {processor.py:925} INFO - DAG(s) 'tutorial_dag' retrieved from /home/aangava/MSP/airflow_venv/lib/python3.12/site-packages/airflow/example_dags/tutorial_dag.py
[2025-04-28T11:12:57.618-0400] {logging_mixin.py:190} INFO - [2025-04-28T11:12:57.618-0400] {dag.py:3239} INFO - Sync 1 DAGs
[2025-04-28T11:12:57.632-0400] {logging_mixin.py:190} INFO - [2025-04-28T11:12:57.631-0400] {dag.py:4180} INFO - Setting next_dagrun for tutorial_dag to None, run_after=None
[2025-04-28T11:12:57.656-0400] {processor.py:208} INFO - Processing /home/aangava/MSP/airflow_venv/lib/python3.12/site-packages/airflow/example_dags/tutorial_dag.py took 0.088 seconds
[2025-04-28T11:14:01.471-0400] {processor.py:186} INFO - Started process (PID=19385) to work on /home/aangava/MSP/airflow_venv/lib/python3.12/site-packages/airflow/example_dags/tutorial_dag.py
[2025-04-28T11:14:01.473-0400] {processor.py:914} INFO - Processing file /home/aangava/MSP/airflow_venv/lib/python3.12/site-packages/airflow/example_dags/tutorial_dag.py for tasks to queue
[2025-04-28T11:14:01.474-0400] {logging_mixin.py:190} INFO - [2025-04-28T11:14:01.474-0400] {dagbag.py:588} INFO - Filling up the DagBag from /home/aangava/MSP/airflow_venv/lib/python3.12/site-packages/airflow/example_dags/tutorial_dag.py
[2025-04-28T11:14:01.483-0400] {processor.py:925} INFO - DAG(s) 'tutorial_dag' retrieved from /home/aangava/MSP/airflow_venv/lib/python3.12/site-packages/airflow/example_dags/tutorial_dag.py
[2025-04-28T11:14:01.500-0400] {logging_mixin.py:190} INFO - [2025-04-28T11:14:01.500-0400] {dag.py:3239} INFO - Sync 1 DAGs
[2025-04-28T11:14:01.515-0400] {logging_mixin.py:190} INFO - [2025-04-28T11:14:01.515-0400] {dag.py:4180} INFO - Setting next_dagrun for tutorial_dag to None, run_after=None
[2025-04-28T11:14:01.542-0400] {processor.py:208} INFO - Processing /home/aangava/MSP/airflow_venv/lib/python3.12/site-packages/airflow/example_dags/tutorial_dag.py took 0.082 seconds
[2025-04-28T11:15:09.036-0400] {processor.py:186} INFO - Started process (PID=19810) to work on /home/aangava/MSP/airflow_venv/lib/python3.12/site-packages/airflow/example_dags/tutorial_dag.py
[2025-04-28T11:15:09.039-0400] {processor.py:914} INFO - Processing file /home/aangava/MSP/airflow_venv/lib/python3.12/site-packages/airflow/example_dags/tutorial_dag.py for tasks to queue
[2025-04-28T11:15:09.041-0400] {logging_mixin.py:190} INFO - [2025-04-28T11:15:09.040-0400] {dagbag.py:588} INFO - Filling up the DagBag from /home/aangava/MSP/airflow_venv/lib/python3.12/site-packages/airflow/example_dags/tutorial_dag.py
[2025-04-28T11:15:09.051-0400] {processor.py:925} INFO - DAG(s) 'tutorial_dag' retrieved from /home/aangava/MSP/airflow_venv/lib/python3.12/site-packages/airflow/example_dags/tutorial_dag.py
[2025-04-28T11:15:09.073-0400] {logging_mixin.py:190} INFO - [2025-04-28T11:15:09.073-0400] {dag.py:3239} INFO - Sync 1 DAGs
[2025-04-28T11:15:09.091-0400] {logging_mixin.py:190} INFO - [2025-04-28T11:15:09.091-0400] {dag.py:4180} INFO - Setting next_dagrun for tutorial_dag to None, run_after=None
[2025-04-28T11:15:09.119-0400] {processor.py:208} INFO - Processing /home/aangava/MSP/airflow_venv/lib/python3.12/site-packages/airflow/example_dags/tutorial_dag.py took 0.092 seconds
[2025-04-28T11:16:08.198-0400] {processor.py:186} INFO - Started process (PID=20169) to work on /home/aangava/MSP/airflow_venv/lib/python3.12/site-packages/airflow/example_dags/tutorial_dag.py
[2025-04-28T11:16:08.200-0400] {processor.py:914} INFO - Processing file /home/aangava/MSP/airflow_venv/lib/python3.12/site-packages/airflow/example_dags/tutorial_dag.py for tasks to queue
[2025-04-28T11:16:08.202-0400] {logging_mixin.py:190} INFO - [2025-04-28T11:16:08.201-0400] {dagbag.py:588} INFO - Filling up the DagBag from /home/aangava/MSP/airflow_venv/lib/python3.12/site-packages/airflow/example_dags/tutorial_dag.py
[2025-04-28T11:16:08.213-0400] {processor.py:925} INFO - DAG(s) 'tutorial_dag' retrieved from /home/aangava/MSP/airflow_venv/lib/python3.12/site-packages/airflow/example_dags/tutorial_dag.py
[2025-04-28T11:16:08.231-0400] {logging_mixin.py:190} INFO - [2025-04-28T11:16:08.230-0400] {dag.py:3239} INFO - Sync 1 DAGs
[2025-04-28T11:16:08.248-0400] {logging_mixin.py:190} INFO - [2025-04-28T11:16:08.248-0400] {dag.py:4180} INFO - Setting next_dagrun for tutorial_dag to None, run_after=None
[2025-04-28T11:16:08.277-0400] {processor.py:208} INFO - Processing /home/aangava/MSP/airflow_venv/lib/python3.12/site-packages/airflow/example_dags/tutorial_dag.py took 0.091 seconds
[2025-04-28T11:17:08.468-0400] {processor.py:186} INFO - Started process (PID=20721) to work on /home/aangava/MSP/airflow_venv/lib/python3.12/site-packages/airflow/example_dags/tutorial_dag.py
[2025-04-28T11:17:08.470-0400] {processor.py:914} INFO - Processing file /home/aangava/MSP/airflow_venv/lib/python3.12/site-packages/airflow/example_dags/tutorial_dag.py for tasks to queue
[2025-04-28T11:17:08.472-0400] {logging_mixin.py:190} INFO - [2025-04-28T11:17:08.471-0400] {dagbag.py:588} INFO - Filling up the DagBag from /home/aangava/MSP/airflow_venv/lib/python3.12/site-packages/airflow/example_dags/tutorial_dag.py
[2025-04-28T11:17:08.481-0400] {processor.py:925} INFO - DAG(s) 'tutorial_dag' retrieved from /home/aangava/MSP/airflow_venv/lib/python3.12/site-packages/airflow/example_dags/tutorial_dag.py
[2025-04-28T11:17:08.499-0400] {logging_mixin.py:190} INFO - [2025-04-28T11:17:08.499-0400] {dag.py:3239} INFO - Sync 1 DAGs
[2025-04-28T11:17:08.514-0400] {logging_mixin.py:190} INFO - [2025-04-28T11:17:08.514-0400] {dag.py:4180} INFO - Setting next_dagrun for tutorial_dag to None, run_after=None
[2025-04-28T11:17:08.541-0400] {processor.py:208} INFO - Processing /home/aangava/MSP/airflow_venv/lib/python3.12/site-packages/airflow/example_dags/tutorial_dag.py took 0.082 seconds
[2025-04-28T11:18:11.267-0400] {processor.py:186} INFO - Started process (PID=21158) to work on /home/aangava/MSP/airflow_venv/lib/python3.12/site-packages/airflow/example_dags/tutorial_dag.py
[2025-04-28T11:18:11.269-0400] {processor.py:914} INFO - Processing file /home/aangava/MSP/airflow_venv/lib/python3.12/site-packages/airflow/example_dags/tutorial_dag.py for tasks to queue
[2025-04-28T11:18:11.272-0400] {logging_mixin.py:190} INFO - [2025-04-28T11:18:11.271-0400] {dagbag.py:588} INFO - Filling up the DagBag from /home/aangava/MSP/airflow_venv/lib/python3.12/site-packages/airflow/example_dags/tutorial_dag.py
[2025-04-28T11:18:11.280-0400] {processor.py:925} INFO - DAG(s) 'tutorial_dag' retrieved from /home/aangava/MSP/airflow_venv/lib/python3.12/site-packages/airflow/example_dags/tutorial_dag.py
[2025-04-28T11:18:11.302-0400] {logging_mixin.py:190} INFO - [2025-04-28T11:18:11.302-0400] {dag.py:3239} INFO - Sync 1 DAGs
[2025-04-28T11:18:11.323-0400] {logging_mixin.py:190} INFO - [2025-04-28T11:18:11.322-0400] {dag.py:4180} INFO - Setting next_dagrun for tutorial_dag to None, run_after=None
[2025-04-28T11:18:11.350-0400] {processor.py:208} INFO - Processing /home/aangava/MSP/airflow_venv/lib/python3.12/site-packages/airflow/example_dags/tutorial_dag.py took 0.091 seconds
[2025-04-28T11:19:12.341-0400] {processor.py:186} INFO - Started process (PID=21571) to work on /home/aangava/MSP/airflow_venv/lib/python3.12/site-packages/airflow/example_dags/tutorial_dag.py
[2025-04-28T11:19:12.351-0400] {processor.py:914} INFO - Processing file /home/aangava/MSP/airflow_venv/lib/python3.12/site-packages/airflow/example_dags/tutorial_dag.py for tasks to queue
[2025-04-28T11:19:12.352-0400] {logging_mixin.py:190} INFO - [2025-04-28T11:19:12.352-0400] {dagbag.py:588} INFO - Filling up the DagBag from /home/aangava/MSP/airflow_venv/lib/python3.12/site-packages/airflow/example_dags/tutorial_dag.py
[2025-04-28T11:19:12.357-0400] {processor.py:925} INFO - DAG(s) 'tutorial_dag' retrieved from /home/aangava/MSP/airflow_venv/lib/python3.12/site-packages/airflow/example_dags/tutorial_dag.py
[2025-04-28T11:19:12.368-0400] {logging_mixin.py:190} INFO - [2025-04-28T11:19:12.368-0400] {dag.py:3239} INFO - Sync 1 DAGs
[2025-04-28T11:19:12.378-0400] {logging_mixin.py:190} INFO - [2025-04-28T11:19:12.378-0400] {dag.py:4180} INFO - Setting next_dagrun for tutorial_dag to None, run_after=None
[2025-04-28T11:19:12.396-0400] {processor.py:208} INFO - Processing /home/aangava/MSP/airflow_venv/lib/python3.12/site-packages/airflow/example_dags/tutorial_dag.py took 0.059 seconds
[2025-04-28T11:20:11.816-0400] {processor.py:186} INFO - Started process (PID=21833) to work on /home/aangava/MSP/airflow_venv/lib/python3.12/site-packages/airflow/example_dags/tutorial_dag.py
[2025-04-28T11:20:11.818-0400] {processor.py:914} INFO - Processing file /home/aangava/MSP/airflow_venv/lib/python3.12/site-packages/airflow/example_dags/tutorial_dag.py for tasks to queue
[2025-04-28T11:20:11.820-0400] {logging_mixin.py:190} INFO - [2025-04-28T11:20:11.820-0400] {dagbag.py:588} INFO - Filling up the DagBag from /home/aangava/MSP/airflow_venv/lib/python3.12/site-packages/airflow/example_dags/tutorial_dag.py
[2025-04-28T11:20:11.831-0400] {processor.py:925} INFO - DAG(s) 'tutorial_dag' retrieved from /home/aangava/MSP/airflow_venv/lib/python3.12/site-packages/airflow/example_dags/tutorial_dag.py
[2025-04-28T11:20:11.842-0400] {logging_mixin.py:190} INFO - [2025-04-28T11:20:11.842-0400] {dag.py:3239} INFO - Sync 1 DAGs
[2025-04-28T11:20:11.855-0400] {logging_mixin.py:190} INFO - [2025-04-28T11:20:11.854-0400] {dag.py:4180} INFO - Setting next_dagrun for tutorial_dag to None, run_after=None
[2025-04-28T11:20:11.878-0400] {processor.py:208} INFO - Processing /home/aangava/MSP/airflow_venv/lib/python3.12/site-packages/airflow/example_dags/tutorial_dag.py took 0.066 seconds
[2025-04-28T11:21:12.412-0400] {processor.py:186} INFO - Started process (PID=22251) to work on /home/aangava/MSP/airflow_venv/lib/python3.12/site-packages/airflow/example_dags/tutorial_dag.py
[2025-04-28T11:21:12.414-0400] {processor.py:914} INFO - Processing file /home/aangava/MSP/airflow_venv/lib/python3.12/site-packages/airflow/example_dags/tutorial_dag.py for tasks to queue
[2025-04-28T11:21:12.417-0400] {logging_mixin.py:190} INFO - [2025-04-28T11:21:12.416-0400] {dagbag.py:588} INFO - Filling up the DagBag from /home/aangava/MSP/airflow_venv/lib/python3.12/site-packages/airflow/example_dags/tutorial_dag.py
[2025-04-28T11:21:12.429-0400] {processor.py:925} INFO - DAG(s) 'tutorial_dag' retrieved from /home/aangava/MSP/airflow_venv/lib/python3.12/site-packages/airflow/example_dags/tutorial_dag.py
[2025-04-28T11:21:12.451-0400] {logging_mixin.py:190} INFO - [2025-04-28T11:21:12.451-0400] {dag.py:3239} INFO - Sync 1 DAGs
[2025-04-28T11:21:12.470-0400] {logging_mixin.py:190} INFO - [2025-04-28T11:21:12.469-0400] {dag.py:4180} INFO - Setting next_dagrun for tutorial_dag to None, run_after=None
[2025-04-28T11:21:12.501-0400] {processor.py:208} INFO - Processing /home/aangava/MSP/airflow_venv/lib/python3.12/site-packages/airflow/example_dags/tutorial_dag.py took 0.102 seconds
[2025-04-28T11:22:30.744-0400] {processor.py:186} INFO - Started process (PID=23057) to work on /home/aangava/MSP/airflow_venv/lib/python3.12/site-packages/airflow/example_dags/tutorial_dag.py
[2025-04-28T11:22:30.746-0400] {processor.py:914} INFO - Processing file /home/aangava/MSP/airflow_venv/lib/python3.12/site-packages/airflow/example_dags/tutorial_dag.py for tasks to queue
[2025-04-28T11:22:30.748-0400] {logging_mixin.py:190} INFO - [2025-04-28T11:22:30.747-0400] {dagbag.py:588} INFO - Filling up the DagBag from /home/aangava/MSP/airflow_venv/lib/python3.12/site-packages/airflow/example_dags/tutorial_dag.py
[2025-04-28T11:22:30.760-0400] {processor.py:925} INFO - DAG(s) 'tutorial_dag' retrieved from /home/aangava/MSP/airflow_venv/lib/python3.12/site-packages/airflow/example_dags/tutorial_dag.py
[2025-04-28T11:22:30.782-0400] {logging_mixin.py:190} INFO - [2025-04-28T11:22:30.782-0400] {dag.py:3239} INFO - Sync 1 DAGs
[2025-04-28T11:22:30.802-0400] {logging_mixin.py:190} INFO - [2025-04-28T11:22:30.801-0400] {dag.py:4180} INFO - Setting next_dagrun for tutorial_dag to None, run_after=None
[2025-04-28T11:22:30.828-0400] {processor.py:208} INFO - Processing /home/aangava/MSP/airflow_venv/lib/python3.12/site-packages/airflow/example_dags/tutorial_dag.py took 0.097 seconds
[2025-04-28T11:23:35.617-0400] {processor.py:186} INFO - Started process (PID=23377) to work on /home/aangava/MSP/airflow_venv/lib/python3.12/site-packages/airflow/example_dags/tutorial_dag.py
[2025-04-28T11:23:35.628-0400] {processor.py:914} INFO - Processing file /home/aangava/MSP/airflow_venv/lib/python3.12/site-packages/airflow/example_dags/tutorial_dag.py for tasks to queue
[2025-04-28T11:23:35.630-0400] {logging_mixin.py:190} INFO - [2025-04-28T11:23:35.630-0400] {dagbag.py:588} INFO - Filling up the DagBag from /home/aangava/MSP/airflow_venv/lib/python3.12/site-packages/airflow/example_dags/tutorial_dag.py
[2025-04-28T11:23:35.642-0400] {processor.py:925} INFO - DAG(s) 'tutorial_dag' retrieved from /home/aangava/MSP/airflow_venv/lib/python3.12/site-packages/airflow/example_dags/tutorial_dag.py
[2025-04-28T11:23:35.659-0400] {logging_mixin.py:190} INFO - [2025-04-28T11:23:35.659-0400] {dag.py:3239} INFO - Sync 1 DAGs
[2025-04-28T11:23:35.681-0400] {logging_mixin.py:190} INFO - [2025-04-28T11:23:35.681-0400] {dag.py:4180} INFO - Setting next_dagrun for tutorial_dag to None, run_after=None
[2025-04-28T11:23:35.704-0400] {processor.py:208} INFO - Processing /home/aangava/MSP/airflow_venv/lib/python3.12/site-packages/airflow/example_dags/tutorial_dag.py took 0.099 seconds
[2025-04-28T11:24:38.863-0400] {processor.py:186} INFO - Started process (PID=23675) to work on /home/aangava/MSP/airflow_venv/lib/python3.12/site-packages/airflow/example_dags/tutorial_dag.py
[2025-04-28T11:24:38.865-0400] {processor.py:914} INFO - Processing file /home/aangava/MSP/airflow_venv/lib/python3.12/site-packages/airflow/example_dags/tutorial_dag.py for tasks to queue
[2025-04-28T11:24:38.866-0400] {logging_mixin.py:190} INFO - [2025-04-28T11:24:38.865-0400] {dagbag.py:588} INFO - Filling up the DagBag from /home/aangava/MSP/airflow_venv/lib/python3.12/site-packages/airflow/example_dags/tutorial_dag.py
[2025-04-28T11:24:38.871-0400] {processor.py:925} INFO - DAG(s) 'tutorial_dag' retrieved from /home/aangava/MSP/airflow_venv/lib/python3.12/site-packages/airflow/example_dags/tutorial_dag.py
[2025-04-28T11:24:38.882-0400] {logging_mixin.py:190} INFO - [2025-04-28T11:24:38.882-0400] {dag.py:3239} INFO - Sync 1 DAGs
[2025-04-28T11:24:38.892-0400] {logging_mixin.py:190} INFO - [2025-04-28T11:24:38.891-0400] {dag.py:4180} INFO - Setting next_dagrun for tutorial_dag to None, run_after=None
[2025-04-28T11:24:38.908-0400] {processor.py:208} INFO - Processing /home/aangava/MSP/airflow_venv/lib/python3.12/site-packages/airflow/example_dags/tutorial_dag.py took 0.050 seconds
[2025-04-28T11:25:35.393-0400] {processor.py:186} INFO - Started process (PID=23939) to work on /home/aangava/MSP/airflow_venv/lib/python3.12/site-packages/airflow/example_dags/tutorial_dag.py
[2025-04-28T11:25:35.394-0400] {processor.py:914} INFO - Processing file /home/aangava/MSP/airflow_venv/lib/python3.12/site-packages/airflow/example_dags/tutorial_dag.py for tasks to queue
[2025-04-28T11:25:35.395-0400] {logging_mixin.py:190} INFO - [2025-04-28T11:25:35.394-0400] {dagbag.py:588} INFO - Filling up the DagBag from /home/aangava/MSP/airflow_venv/lib/python3.12/site-packages/airflow/example_dags/tutorial_dag.py
[2025-04-28T11:25:35.400-0400] {processor.py:925} INFO - DAG(s) 'tutorial_dag' retrieved from /home/aangava/MSP/airflow_venv/lib/python3.12/site-packages/airflow/example_dags/tutorial_dag.py
[2025-04-28T11:25:35.410-0400] {logging_mixin.py:190} INFO - [2025-04-28T11:25:35.410-0400] {dag.py:3239} INFO - Sync 1 DAGs
[2025-04-28T11:25:35.418-0400] {logging_mixin.py:190} INFO - [2025-04-28T11:25:35.418-0400] {dag.py:4180} INFO - Setting next_dagrun for tutorial_dag to None, run_after=None
[2025-04-28T11:25:35.437-0400] {processor.py:208} INFO - Processing /home/aangava/MSP/airflow_venv/lib/python3.12/site-packages/airflow/example_dags/tutorial_dag.py took 0.049 seconds
[2025-04-28T11:26:27.192-0400] {processor.py:186} INFO - Started process (PID=24206) to work on /home/aangava/MSP/airflow_venv/lib/python3.12/site-packages/airflow/example_dags/tutorial_dag.py
[2025-04-28T11:26:27.201-0400] {processor.py:914} INFO - Processing file /home/aangava/MSP/airflow_venv/lib/python3.12/site-packages/airflow/example_dags/tutorial_dag.py for tasks to queue
[2025-04-28T11:26:27.202-0400] {logging_mixin.py:190} INFO - [2025-04-28T11:26:27.202-0400] {dagbag.py:588} INFO - Filling up the DagBag from /home/aangava/MSP/airflow_venv/lib/python3.12/site-packages/airflow/example_dags/tutorial_dag.py
[2025-04-28T11:26:27.208-0400] {processor.py:925} INFO - DAG(s) 'tutorial_dag' retrieved from /home/aangava/MSP/airflow_venv/lib/python3.12/site-packages/airflow/example_dags/tutorial_dag.py
[2025-04-28T11:26:27.218-0400] {logging_mixin.py:190} INFO - [2025-04-28T11:26:27.218-0400] {dag.py:3239} INFO - Sync 1 DAGs
[2025-04-28T11:26:27.227-0400] {logging_mixin.py:190} INFO - [2025-04-28T11:26:27.227-0400] {dag.py:4180} INFO - Setting next_dagrun for tutorial_dag to None, run_after=None
[2025-04-28T11:26:27.243-0400] {processor.py:208} INFO - Processing /home/aangava/MSP/airflow_venv/lib/python3.12/site-packages/airflow/example_dags/tutorial_dag.py took 0.058 seconds
[2025-04-28T11:27:28.448-0400] {processor.py:186} INFO - Started process (PID=24763) to work on /home/aangava/MSP/airflow_venv/lib/python3.12/site-packages/airflow/example_dags/tutorial_dag.py
[2025-04-28T11:27:28.449-0400] {processor.py:914} INFO - Processing file /home/aangava/MSP/airflow_venv/lib/python3.12/site-packages/airflow/example_dags/tutorial_dag.py for tasks to queue
[2025-04-28T11:27:28.450-0400] {logging_mixin.py:190} INFO - [2025-04-28T11:27:28.449-0400] {dagbag.py:588} INFO - Filling up the DagBag from /home/aangava/MSP/airflow_venv/lib/python3.12/site-packages/airflow/example_dags/tutorial_dag.py
[2025-04-28T11:27:28.455-0400] {processor.py:925} INFO - DAG(s) 'tutorial_dag' retrieved from /home/aangava/MSP/airflow_venv/lib/python3.12/site-packages/airflow/example_dags/tutorial_dag.py
[2025-04-28T11:27:28.468-0400] {logging_mixin.py:190} INFO - [2025-04-28T11:27:28.468-0400] {dag.py:3239} INFO - Sync 1 DAGs
[2025-04-28T11:27:28.476-0400] {logging_mixin.py:190} INFO - [2025-04-28T11:27:28.476-0400] {dag.py:4180} INFO - Setting next_dagrun for tutorial_dag to None, run_after=None
[2025-04-28T11:27:28.490-0400] {processor.py:208} INFO - Processing /home/aangava/MSP/airflow_venv/lib/python3.12/site-packages/airflow/example_dags/tutorial_dag.py took 0.047 seconds
[2025-04-28T11:28:26.506-0400] {processor.py:186} INFO - Started process (PID=25206) to work on /home/aangava/MSP/airflow_venv/lib/python3.12/site-packages/airflow/example_dags/tutorial_dag.py
[2025-04-28T11:28:26.508-0400] {processor.py:914} INFO - Processing file /home/aangava/MSP/airflow_venv/lib/python3.12/site-packages/airflow/example_dags/tutorial_dag.py for tasks to queue
[2025-04-28T11:28:26.509-0400] {logging_mixin.py:190} INFO - [2025-04-28T11:28:26.508-0400] {dagbag.py:588} INFO - Filling up the DagBag from /home/aangava/MSP/airflow_venv/lib/python3.12/site-packages/airflow/example_dags/tutorial_dag.py
[2025-04-28T11:28:26.514-0400] {processor.py:925} INFO - DAG(s) 'tutorial_dag' retrieved from /home/aangava/MSP/airflow_venv/lib/python3.12/site-packages/airflow/example_dags/tutorial_dag.py
[2025-04-28T11:28:26.525-0400] {logging_mixin.py:190} INFO - [2025-04-28T11:28:26.525-0400] {dag.py:3239} INFO - Sync 1 DAGs
[2025-04-28T11:28:26.533-0400] {logging_mixin.py:190} INFO - [2025-04-28T11:28:26.533-0400] {dag.py:4180} INFO - Setting next_dagrun for tutorial_dag to None, run_after=None
[2025-04-28T11:28:26.547-0400] {processor.py:208} INFO - Processing /home/aangava/MSP/airflow_venv/lib/python3.12/site-packages/airflow/example_dags/tutorial_dag.py took 0.046 seconds
[2025-04-28T11:29:35.359-0400] {processor.py:186} INFO - Started process (PID=25924) to work on /home/aangava/MSP/airflow_venv/lib/python3.12/site-packages/airflow/example_dags/tutorial_dag.py
[2025-04-28T11:29:35.369-0400] {processor.py:914} INFO - Processing file /home/aangava/MSP/airflow_venv/lib/python3.12/site-packages/airflow/example_dags/tutorial_dag.py for tasks to queue
[2025-04-28T11:29:35.371-0400] {logging_mixin.py:190} INFO - [2025-04-28T11:29:35.371-0400] {dagbag.py:588} INFO - Filling up the DagBag from /home/aangava/MSP/airflow_venv/lib/python3.12/site-packages/airflow/example_dags/tutorial_dag.py
[2025-04-28T11:29:35.376-0400] {processor.py:925} INFO - DAG(s) 'tutorial_dag' retrieved from /home/aangava/MSP/airflow_venv/lib/python3.12/site-packages/airflow/example_dags/tutorial_dag.py
[2025-04-28T11:29:35.386-0400] {logging_mixin.py:190} INFO - [2025-04-28T11:29:35.386-0400] {dag.py:3239} INFO - Sync 1 DAGs
[2025-04-28T11:29:35.395-0400] {logging_mixin.py:190} INFO - [2025-04-28T11:29:35.395-0400] {dag.py:4180} INFO - Setting next_dagrun for tutorial_dag to None, run_after=None
[2025-04-28T11:29:35.408-0400] {processor.py:208} INFO - Processing /home/aangava/MSP/airflow_venv/lib/python3.12/site-packages/airflow/example_dags/tutorial_dag.py took 0.054 seconds
[2025-04-28T11:30:38.026-0400] {processor.py:186} INFO - Started process (PID=26246) to work on /home/aangava/MSP/airflow_venv/lib/python3.12/site-packages/airflow/example_dags/tutorial_dag.py
[2025-04-28T11:30:38.036-0400] {processor.py:914} INFO - Processing file /home/aangava/MSP/airflow_venv/lib/python3.12/site-packages/airflow/example_dags/tutorial_dag.py for tasks to queue
[2025-04-28T11:30:38.036-0400] {logging_mixin.py:190} INFO - [2025-04-28T11:30:38.036-0400] {dagbag.py:588} INFO - Filling up the DagBag from /home/aangava/MSP/airflow_venv/lib/python3.12/site-packages/airflow/example_dags/tutorial_dag.py
[2025-04-28T11:30:38.042-0400] {processor.py:925} INFO - DAG(s) 'tutorial_dag' retrieved from /home/aangava/MSP/airflow_venv/lib/python3.12/site-packages/airflow/example_dags/tutorial_dag.py
[2025-04-28T11:30:38.052-0400] {logging_mixin.py:190} INFO - [2025-04-28T11:30:38.051-0400] {dag.py:3239} INFO - Sync 1 DAGs
[2025-04-28T11:30:38.059-0400] {logging_mixin.py:190} INFO - [2025-04-28T11:30:38.059-0400] {dag.py:4180} INFO - Setting next_dagrun for tutorial_dag to None, run_after=None
[2025-04-28T11:30:38.072-0400] {processor.py:208} INFO - Processing /home/aangava/MSP/airflow_venv/lib/python3.12/site-packages/airflow/example_dags/tutorial_dag.py took 0.051 seconds
[2025-04-28T11:31:29.337-0400] {processor.py:186} INFO - Started process (PID=26472) to work on /home/aangava/MSP/airflow_venv/lib/python3.12/site-packages/airflow/example_dags/tutorial_dag.py
[2025-04-28T11:31:29.348-0400] {processor.py:914} INFO - Processing file /home/aangava/MSP/airflow_venv/lib/python3.12/site-packages/airflow/example_dags/tutorial_dag.py for tasks to queue
[2025-04-28T11:31:29.349-0400] {logging_mixin.py:190} INFO - [2025-04-28T11:31:29.349-0400] {dagbag.py:588} INFO - Filling up the DagBag from /home/aangava/MSP/airflow_venv/lib/python3.12/site-packages/airflow/example_dags/tutorial_dag.py
[2025-04-28T11:31:29.355-0400] {processor.py:925} INFO - DAG(s) 'tutorial_dag' retrieved from /home/aangava/MSP/airflow_venv/lib/python3.12/site-packages/airflow/example_dags/tutorial_dag.py
[2025-04-28T11:31:29.366-0400] {logging_mixin.py:190} INFO - [2025-04-28T11:31:29.366-0400] {dag.py:3239} INFO - Sync 1 DAGs
[2025-04-28T11:31:29.375-0400] {logging_mixin.py:190} INFO - [2025-04-28T11:31:29.375-0400] {dag.py:4180} INFO - Setting next_dagrun for tutorial_dag to None, run_after=None
[2025-04-28T11:31:29.391-0400] {processor.py:208} INFO - Processing /home/aangava/MSP/airflow_venv/lib/python3.12/site-packages/airflow/example_dags/tutorial_dag.py took 0.059 seconds
[2025-04-28T11:32:23.583-0400] {processor.py:186} INFO - Started process (PID=26733) to work on /home/aangava/MSP/airflow_venv/lib/python3.12/site-packages/airflow/example_dags/tutorial_dag.py
[2025-04-28T11:32:23.584-0400] {processor.py:914} INFO - Processing file /home/aangava/MSP/airflow_venv/lib/python3.12/site-packages/airflow/example_dags/tutorial_dag.py for tasks to queue
[2025-04-28T11:32:23.585-0400] {logging_mixin.py:190} INFO - [2025-04-28T11:32:23.585-0400] {dagbag.py:588} INFO - Filling up the DagBag from /home/aangava/MSP/airflow_venv/lib/python3.12/site-packages/airflow/example_dags/tutorial_dag.py
[2025-04-28T11:32:23.591-0400] {processor.py:925} INFO - DAG(s) 'tutorial_dag' retrieved from /home/aangava/MSP/airflow_venv/lib/python3.12/site-packages/airflow/example_dags/tutorial_dag.py
[2025-04-28T11:32:23.601-0400] {logging_mixin.py:190} INFO - [2025-04-28T11:32:23.601-0400] {dag.py:3239} INFO - Sync 1 DAGs
[2025-04-28T11:32:23.609-0400] {logging_mixin.py:190} INFO - [2025-04-28T11:32:23.609-0400] {dag.py:4180} INFO - Setting next_dagrun for tutorial_dag to None, run_after=None
[2025-04-28T11:32:23.622-0400] {processor.py:208} INFO - Processing /home/aangava/MSP/airflow_venv/lib/python3.12/site-packages/airflow/example_dags/tutorial_dag.py took 0.045 seconds
[2025-04-28T11:33:19.086-0400] {processor.py:186} INFO - Started process (PID=27060) to work on /home/aangava/MSP/airflow_venv/lib/python3.12/site-packages/airflow/example_dags/tutorial_dag.py
[2025-04-28T11:33:19.087-0400] {processor.py:914} INFO - Processing file /home/aangava/MSP/airflow_venv/lib/python3.12/site-packages/airflow/example_dags/tutorial_dag.py for tasks to queue
[2025-04-28T11:33:19.088-0400] {logging_mixin.py:190} INFO - [2025-04-28T11:33:19.087-0400] {dagbag.py:588} INFO - Filling up the DagBag from /home/aangava/MSP/airflow_venv/lib/python3.12/site-packages/airflow/example_dags/tutorial_dag.py
[2025-04-28T11:33:19.093-0400] {processor.py:925} INFO - DAG(s) 'tutorial_dag' retrieved from /home/aangava/MSP/airflow_venv/lib/python3.12/site-packages/airflow/example_dags/tutorial_dag.py
[2025-04-28T11:33:19.104-0400] {logging_mixin.py:190} INFO - [2025-04-28T11:33:19.104-0400] {dag.py:3239} INFO - Sync 1 DAGs
[2025-04-28T11:33:19.113-0400] {logging_mixin.py:190} INFO - [2025-04-28T11:33:19.113-0400] {dag.py:4180} INFO - Setting next_dagrun for tutorial_dag to None, run_after=None
[2025-04-28T11:33:19.127-0400] {processor.py:208} INFO - Processing /home/aangava/MSP/airflow_venv/lib/python3.12/site-packages/airflow/example_dags/tutorial_dag.py took 0.046 seconds
[2025-04-28T11:34:11.016-0400] {processor.py:186} INFO - Started process (PID=27401) to work on /home/aangava/MSP/airflow_venv/lib/python3.12/site-packages/airflow/example_dags/tutorial_dag.py
[2025-04-28T11:34:11.018-0400] {processor.py:914} INFO - Processing file /home/aangava/MSP/airflow_venv/lib/python3.12/site-packages/airflow/example_dags/tutorial_dag.py for tasks to queue
[2025-04-28T11:34:11.019-0400] {logging_mixin.py:190} INFO - [2025-04-28T11:34:11.019-0400] {dagbag.py:588} INFO - Filling up the DagBag from /home/aangava/MSP/airflow_venv/lib/python3.12/site-packages/airflow/example_dags/tutorial_dag.py
[2025-04-28T11:34:11.025-0400] {processor.py:925} INFO - DAG(s) 'tutorial_dag' retrieved from /home/aangava/MSP/airflow_venv/lib/python3.12/site-packages/airflow/example_dags/tutorial_dag.py
[2025-04-28T11:34:11.037-0400] {logging_mixin.py:190} INFO - [2025-04-28T11:34:11.037-0400] {dag.py:3239} INFO - Sync 1 DAGs
[2025-04-28T11:34:11.046-0400] {logging_mixin.py:190} INFO - [2025-04-28T11:34:11.046-0400] {dag.py:4180} INFO - Setting next_dagrun for tutorial_dag to None, run_after=None
[2025-04-28T11:34:11.060-0400] {processor.py:208} INFO - Processing /home/aangava/MSP/airflow_venv/lib/python3.12/site-packages/airflow/example_dags/tutorial_dag.py took 0.048 seconds
[2025-04-28T11:35:02.120-0400] {processor.py:186} INFO - Started process (PID=27750) to work on /home/aangava/MSP/airflow_venv/lib/python3.12/site-packages/airflow/example_dags/tutorial_dag.py
[2025-04-28T11:35:02.121-0400] {processor.py:914} INFO - Processing file /home/aangava/MSP/airflow_venv/lib/python3.12/site-packages/airflow/example_dags/tutorial_dag.py for tasks to queue
[2025-04-28T11:35:02.122-0400] {logging_mixin.py:190} INFO - [2025-04-28T11:35:02.121-0400] {dagbag.py:588} INFO - Filling up the DagBag from /home/aangava/MSP/airflow_venv/lib/python3.12/site-packages/airflow/example_dags/tutorial_dag.py
[2025-04-28T11:35:02.127-0400] {processor.py:925} INFO - DAG(s) 'tutorial_dag' retrieved from /home/aangava/MSP/airflow_venv/lib/python3.12/site-packages/airflow/example_dags/tutorial_dag.py
[2025-04-28T11:35:02.137-0400] {logging_mixin.py:190} INFO - [2025-04-28T11:35:02.137-0400] {dag.py:3239} INFO - Sync 1 DAGs
[2025-04-28T11:35:02.146-0400] {logging_mixin.py:190} INFO - [2025-04-28T11:35:02.145-0400] {dag.py:4180} INFO - Setting next_dagrun for tutorial_dag to None, run_after=None
[2025-04-28T11:35:02.159-0400] {processor.py:208} INFO - Processing /home/aangava/MSP/airflow_venv/lib/python3.12/site-packages/airflow/example_dags/tutorial_dag.py took 0.044 seconds
[2025-04-28T11:35:52.549-0400] {processor.py:186} INFO - Started process (PID=28024) to work on /home/aangava/MSP/airflow_venv/lib/python3.12/site-packages/airflow/example_dags/tutorial_dag.py
[2025-04-28T11:35:52.551-0400] {processor.py:914} INFO - Processing file /home/aangava/MSP/airflow_venv/lib/python3.12/site-packages/airflow/example_dags/tutorial_dag.py for tasks to queue
[2025-04-28T11:35:52.552-0400] {logging_mixin.py:190} INFO - [2025-04-28T11:35:52.551-0400] {dagbag.py:588} INFO - Filling up the DagBag from /home/aangava/MSP/airflow_venv/lib/python3.12/site-packages/airflow/example_dags/tutorial_dag.py
[2025-04-28T11:35:52.557-0400] {processor.py:925} INFO - DAG(s) 'tutorial_dag' retrieved from /home/aangava/MSP/airflow_venv/lib/python3.12/site-packages/airflow/example_dags/tutorial_dag.py
[2025-04-28T11:35:52.567-0400] {logging_mixin.py:190} INFO - [2025-04-28T11:35:52.567-0400] {dag.py:3239} INFO - Sync 1 DAGs
[2025-04-28T11:35:52.575-0400] {logging_mixin.py:190} INFO - [2025-04-28T11:35:52.575-0400] {dag.py:4180} INFO - Setting next_dagrun for tutorial_dag to None, run_after=None
[2025-04-28T11:35:52.589-0400] {processor.py:208} INFO - Processing /home/aangava/MSP/airflow_venv/lib/python3.12/site-packages/airflow/example_dags/tutorial_dag.py took 0.045 seconds
[2025-04-28T11:36:45.372-0400] {processor.py:186} INFO - Started process (PID=28396) to work on /home/aangava/MSP/airflow_venv/lib/python3.12/site-packages/airflow/example_dags/tutorial_dag.py
[2025-04-28T11:36:45.373-0400] {processor.py:914} INFO - Processing file /home/aangava/MSP/airflow_venv/lib/python3.12/site-packages/airflow/example_dags/tutorial_dag.py for tasks to queue
[2025-04-28T11:36:45.375-0400] {logging_mixin.py:190} INFO - [2025-04-28T11:36:45.374-0400] {dagbag.py:588} INFO - Filling up the DagBag from /home/aangava/MSP/airflow_venv/lib/python3.12/site-packages/airflow/example_dags/tutorial_dag.py
[2025-04-28T11:36:45.380-0400] {processor.py:925} INFO - DAG(s) 'tutorial_dag' retrieved from /home/aangava/MSP/airflow_venv/lib/python3.12/site-packages/airflow/example_dags/tutorial_dag.py
[2025-04-28T11:36:45.391-0400] {logging_mixin.py:190} INFO - [2025-04-28T11:36:45.391-0400] {dag.py:3239} INFO - Sync 1 DAGs
[2025-04-28T11:36:45.401-0400] {logging_mixin.py:190} INFO - [2025-04-28T11:36:45.401-0400] {dag.py:4180} INFO - Setting next_dagrun for tutorial_dag to None, run_after=None
[2025-04-28T11:36:45.414-0400] {processor.py:208} INFO - Processing /home/aangava/MSP/airflow_venv/lib/python3.12/site-packages/airflow/example_dags/tutorial_dag.py took 0.047 seconds
[2025-04-28T11:37:36.820-0400] {processor.py:186} INFO - Started process (PID=28633) to work on /home/aangava/MSP/airflow_venv/lib/python3.12/site-packages/airflow/example_dags/tutorial_dag.py
[2025-04-28T11:37:36.821-0400] {processor.py:914} INFO - Processing file /home/aangava/MSP/airflow_venv/lib/python3.12/site-packages/airflow/example_dags/tutorial_dag.py for tasks to queue
[2025-04-28T11:37:36.822-0400] {logging_mixin.py:190} INFO - [2025-04-28T11:37:36.822-0400] {dagbag.py:588} INFO - Filling up the DagBag from /home/aangava/MSP/airflow_venv/lib/python3.12/site-packages/airflow/example_dags/tutorial_dag.py
[2025-04-28T11:37:36.827-0400] {processor.py:925} INFO - DAG(s) 'tutorial_dag' retrieved from /home/aangava/MSP/airflow_venv/lib/python3.12/site-packages/airflow/example_dags/tutorial_dag.py
[2025-04-28T11:37:36.838-0400] {logging_mixin.py:190} INFO - [2025-04-28T11:37:36.838-0400] {dag.py:3239} INFO - Sync 1 DAGs
[2025-04-28T11:37:36.846-0400] {logging_mixin.py:190} INFO - [2025-04-28T11:37:36.846-0400] {dag.py:4180} INFO - Setting next_dagrun for tutorial_dag to None, run_after=None
[2025-04-28T11:37:36.862-0400] {processor.py:208} INFO - Processing /home/aangava/MSP/airflow_venv/lib/python3.12/site-packages/airflow/example_dags/tutorial_dag.py took 0.047 seconds
[2025-04-28T11:38:30.795-0400] {processor.py:186} INFO - Started process (PID=28908) to work on /home/aangava/MSP/airflow_venv/lib/python3.12/site-packages/airflow/example_dags/tutorial_dag.py
[2025-04-28T11:38:30.796-0400] {processor.py:914} INFO - Processing file /home/aangava/MSP/airflow_venv/lib/python3.12/site-packages/airflow/example_dags/tutorial_dag.py for tasks to queue
[2025-04-28T11:38:30.796-0400] {logging_mixin.py:190} INFO - [2025-04-28T11:38:30.796-0400] {dagbag.py:588} INFO - Filling up the DagBag from /home/aangava/MSP/airflow_venv/lib/python3.12/site-packages/airflow/example_dags/tutorial_dag.py
[2025-04-28T11:38:30.802-0400] {processor.py:925} INFO - DAG(s) 'tutorial_dag' retrieved from /home/aangava/MSP/airflow_venv/lib/python3.12/site-packages/airflow/example_dags/tutorial_dag.py
[2025-04-28T11:38:30.812-0400] {logging_mixin.py:190} INFO - [2025-04-28T11:38:30.812-0400] {dag.py:3239} INFO - Sync 1 DAGs
[2025-04-28T11:38:30.822-0400] {logging_mixin.py:190} INFO - [2025-04-28T11:38:30.821-0400] {dag.py:4180} INFO - Setting next_dagrun for tutorial_dag to None, run_after=None
[2025-04-28T11:38:30.834-0400] {processor.py:208} INFO - Processing /home/aangava/MSP/airflow_venv/lib/python3.12/site-packages/airflow/example_dags/tutorial_dag.py took 0.045 seconds
[2025-04-28T11:39:22.292-0400] {processor.py:186} INFO - Started process (PID=29159) to work on /home/aangava/MSP/airflow_venv/lib/python3.12/site-packages/airflow/example_dags/tutorial_dag.py
[2025-04-28T11:39:22.293-0400] {processor.py:914} INFO - Processing file /home/aangava/MSP/airflow_venv/lib/python3.12/site-packages/airflow/example_dags/tutorial_dag.py for tasks to queue
[2025-04-28T11:39:22.294-0400] {logging_mixin.py:190} INFO - [2025-04-28T11:39:22.294-0400] {dagbag.py:588} INFO - Filling up the DagBag from /home/aangava/MSP/airflow_venv/lib/python3.12/site-packages/airflow/example_dags/tutorial_dag.py
[2025-04-28T11:39:22.300-0400] {processor.py:925} INFO - DAG(s) 'tutorial_dag' retrieved from /home/aangava/MSP/airflow_venv/lib/python3.12/site-packages/airflow/example_dags/tutorial_dag.py
[2025-04-28T11:39:22.310-0400] {logging_mixin.py:190} INFO - [2025-04-28T11:39:22.310-0400] {dag.py:3239} INFO - Sync 1 DAGs
[2025-04-28T11:39:22.319-0400] {logging_mixin.py:190} INFO - [2025-04-28T11:39:22.319-0400] {dag.py:4180} INFO - Setting next_dagrun for tutorial_dag to None, run_after=None
[2025-04-28T11:39:22.333-0400] {processor.py:208} INFO - Processing /home/aangava/MSP/airflow_venv/lib/python3.12/site-packages/airflow/example_dags/tutorial_dag.py took 0.046 seconds
[2025-04-28T11:40:17.597-0400] {processor.py:186} INFO - Started process (PID=29456) to work on /home/aangava/MSP/airflow_venv/lib/python3.12/site-packages/airflow/example_dags/tutorial_dag.py
[2025-04-28T11:40:17.598-0400] {processor.py:914} INFO - Processing file /home/aangava/MSP/airflow_venv/lib/python3.12/site-packages/airflow/example_dags/tutorial_dag.py for tasks to queue
[2025-04-28T11:40:17.599-0400] {logging_mixin.py:190} INFO - [2025-04-28T11:40:17.599-0400] {dagbag.py:588} INFO - Filling up the DagBag from /home/aangava/MSP/airflow_venv/lib/python3.12/site-packages/airflow/example_dags/tutorial_dag.py
[2025-04-28T11:40:17.608-0400] {processor.py:925} INFO - DAG(s) 'tutorial_dag' retrieved from /home/aangava/MSP/airflow_venv/lib/python3.12/site-packages/airflow/example_dags/tutorial_dag.py
[2025-04-28T11:40:17.621-0400] {logging_mixin.py:190} INFO - [2025-04-28T11:40:17.621-0400] {dag.py:3239} INFO - Sync 1 DAGs
[2025-04-28T11:40:17.631-0400] {logging_mixin.py:190} INFO - [2025-04-28T11:40:17.631-0400] {dag.py:4180} INFO - Setting next_dagrun for tutorial_dag to None, run_after=None
[2025-04-28T11:40:17.647-0400] {processor.py:208} INFO - Processing /home/aangava/MSP/airflow_venv/lib/python3.12/site-packages/airflow/example_dags/tutorial_dag.py took 0.055 seconds
[2025-04-28T11:41:12.362-0400] {processor.py:186} INFO - Started process (PID=29769) to work on /home/aangava/MSP/airflow_venv/lib/python3.12/site-packages/airflow/example_dags/tutorial_dag.py
[2025-04-28T11:41:12.363-0400] {processor.py:914} INFO - Processing file /home/aangava/MSP/airflow_venv/lib/python3.12/site-packages/airflow/example_dags/tutorial_dag.py for tasks to queue
[2025-04-28T11:41:12.365-0400] {logging_mixin.py:190} INFO - [2025-04-28T11:41:12.365-0400] {dagbag.py:588} INFO - Filling up the DagBag from /home/aangava/MSP/airflow_venv/lib/python3.12/site-packages/airflow/example_dags/tutorial_dag.py
[2025-04-28T11:41:12.371-0400] {processor.py:925} INFO - DAG(s) 'tutorial_dag' retrieved from /home/aangava/MSP/airflow_venv/lib/python3.12/site-packages/airflow/example_dags/tutorial_dag.py
[2025-04-28T11:41:12.380-0400] {logging_mixin.py:190} INFO - [2025-04-28T11:41:12.380-0400] {dag.py:3239} INFO - Sync 1 DAGs
[2025-04-28T11:41:12.390-0400] {logging_mixin.py:190} INFO - [2025-04-28T11:41:12.389-0400] {dag.py:4180} INFO - Setting next_dagrun for tutorial_dag to None, run_after=None
[2025-04-28T11:41:12.404-0400] {processor.py:208} INFO - Processing /home/aangava/MSP/airflow_venv/lib/python3.12/site-packages/airflow/example_dags/tutorial_dag.py took 0.047 seconds
