[2025-04-28T10:35:31.034-0400] {processor.py:186} INFO - Started process (PID=5633) to work on /home/aangava/MSP/airflow_venv/lib/python3.12/site-packages/airflow/example_dags/tutorial.py
[2025-04-28T10:35:31.035-0400] {processor.py:914} INFO - Processing file /home/aangava/MSP/airflow_venv/lib/python3.12/site-packages/airflow/example_dags/tutorial.py for tasks to queue
[2025-04-28T10:35:31.037-0400] {logging_mixin.py:190} INFO - [2025-04-28T10:35:31.036-0400] {dagbag.py:588} INFO - Filling up the DagBag from /home/aangava/MSP/airflow_venv/lib/python3.12/site-packages/airflow/example_dags/tutorial.py
[2025-04-28T10:35:31.047-0400] {processor.py:925} INFO - DAG(s) 'tutorial' retrieved from /home/aangava/MSP/airflow_venv/lib/python3.12/site-packages/airflow/example_dags/tutorial.py
[2025-04-28T10:35:31.161-0400] {logging_mixin.py:190} INFO - [2025-04-28T10:35:31.160-0400] {override.py:1912} INFO - Created Permission View: can read on DAG:tutorial
[2025-04-28T10:35:31.174-0400] {logging_mixin.py:190} INFO - [2025-04-28T10:35:31.173-0400] {override.py:1912} INFO - Created Permission View: can edit on DAG:tutorial
[2025-04-28T10:35:31.183-0400] {logging_mixin.py:190} INFO - [2025-04-28T10:35:31.182-0400] {override.py:1912} INFO - Created Permission View: can delete on DAG:tutorial
[2025-04-28T10:35:31.198-0400] {logging_mixin.py:190} INFO - [2025-04-28T10:35:31.197-0400] {override.py:1912} INFO - Created Permission View: can read on DAG Run:tutorial
[2025-04-28T10:35:31.205-0400] {logging_mixin.py:190} INFO - [2025-04-28T10:35:31.205-0400] {override.py:1912} INFO - Created Permission View: can delete on DAG Run:tutorial
[2025-04-28T10:35:31.212-0400] {logging_mixin.py:190} INFO - [2025-04-28T10:35:31.211-0400] {override.py:1912} INFO - Created Permission View: can create on DAG Run:tutorial
[2025-04-28T10:35:31.221-0400] {logging_mixin.py:190} INFO - [2025-04-28T10:35:31.221-0400] {override.py:1912} INFO - Created Permission View: menu access on DAG Run:tutorial
[2025-04-28T10:35:31.222-0400] {logging_mixin.py:190} INFO - [2025-04-28T10:35:31.221-0400] {dag.py:3239} INFO - Sync 1 DAGs
[2025-04-28T10:35:31.232-0400] {logging_mixin.py:190} INFO - [2025-04-28T10:35:31.232-0400] {dag.py:3262} INFO - Creating ORM DAG for tutorial
[2025-04-28T10:35:31.238-0400] {logging_mixin.py:190} INFO - [2025-04-28T10:35:31.237-0400] {dag.py:4180} INFO - Setting next_dagrun for tutorial to 2025-04-27 00:00:00+00:00, run_after=2025-04-28 00:00:00+00:00
[2025-04-28T10:35:31.257-0400] {processor.py:208} INFO - Processing /home/aangava/MSP/airflow_venv/lib/python3.12/site-packages/airflow/example_dags/tutorial.py took 0.228 seconds
[2025-04-28T10:36:34.862-0400] {processor.py:186} INFO - Started process (PID=6278) to work on /home/aangava/MSP/airflow_venv/lib/python3.12/site-packages/airflow/example_dags/tutorial.py
[2025-04-28T10:36:34.872-0400] {processor.py:914} INFO - Processing file /home/aangava/MSP/airflow_venv/lib/python3.12/site-packages/airflow/example_dags/tutorial.py for tasks to queue
[2025-04-28T10:36:34.875-0400] {logging_mixin.py:190} INFO - [2025-04-28T10:36:34.874-0400] {dagbag.py:588} INFO - Filling up the DagBag from /home/aangava/MSP/airflow_venv/lib/python3.12/site-packages/airflow/example_dags/tutorial.py
[2025-04-28T10:36:34.885-0400] {processor.py:925} INFO - DAG(s) 'tutorial' retrieved from /home/aangava/MSP/airflow_venv/lib/python3.12/site-packages/airflow/example_dags/tutorial.py
[2025-04-28T10:36:34.903-0400] {logging_mixin.py:190} INFO - [2025-04-28T10:36:34.903-0400] {dag.py:3239} INFO - Sync 1 DAGs
[2025-04-28T10:36:34.931-0400] {logging_mixin.py:190} INFO - [2025-04-28T10:36:34.931-0400] {dag.py:4180} INFO - Setting next_dagrun for tutorial to 2025-04-27 00:00:00+00:00, run_after=2025-04-28 00:00:00+00:00
[2025-04-28T10:36:34.959-0400] {processor.py:208} INFO - Processing /home/aangava/MSP/airflow_venv/lib/python3.12/site-packages/airflow/example_dags/tutorial.py took 0.103 seconds
[2025-04-28T10:43:54.062-0400] {processor.py:186} INFO - Started process (PID=9035) to work on /home/aangava/MSP/airflow_venv/lib/python3.12/site-packages/airflow/example_dags/tutorial.py
[2025-04-28T10:43:54.074-0400] {processor.py:914} INFO - Processing file /home/aangava/MSP/airflow_venv/lib/python3.12/site-packages/airflow/example_dags/tutorial.py for tasks to queue
[2025-04-28T10:43:54.076-0400] {logging_mixin.py:190} INFO - [2025-04-28T10:43:54.076-0400] {dagbag.py:588} INFO - Filling up the DagBag from /home/aangava/MSP/airflow_venv/lib/python3.12/site-packages/airflow/example_dags/tutorial.py
[2025-04-28T10:43:54.085-0400] {processor.py:925} INFO - DAG(s) 'tutorial' retrieved from /home/aangava/MSP/airflow_venv/lib/python3.12/site-packages/airflow/example_dags/tutorial.py
[2025-04-28T10:43:54.105-0400] {logging_mixin.py:190} INFO - [2025-04-28T10:43:54.105-0400] {dag.py:3239} INFO - Sync 1 DAGs
[2025-04-28T10:43:54.123-0400] {logging_mixin.py:190} INFO - [2025-04-28T10:43:54.123-0400] {dag.py:4180} INFO - Setting next_dagrun for tutorial to 2025-04-27 00:00:00+00:00, run_after=2025-04-28 00:00:00+00:00
[2025-04-28T10:43:54.142-0400] {processor.py:208} INFO - Processing /home/aangava/MSP/airflow_venv/lib/python3.12/site-packages/airflow/example_dags/tutorial.py took 0.087 seconds
[2025-04-28T10:44:53.260-0400] {processor.py:186} INFO - Started process (PID=9424) to work on /home/aangava/MSP/airflow_venv/lib/python3.12/site-packages/airflow/example_dags/tutorial.py
[2025-04-28T10:44:53.272-0400] {processor.py:914} INFO - Processing file /home/aangava/MSP/airflow_venv/lib/python3.12/site-packages/airflow/example_dags/tutorial.py for tasks to queue
[2025-04-28T10:44:53.274-0400] {logging_mixin.py:190} INFO - [2025-04-28T10:44:53.274-0400] {dagbag.py:588} INFO - Filling up the DagBag from /home/aangava/MSP/airflow_venv/lib/python3.12/site-packages/airflow/example_dags/tutorial.py
[2025-04-28T10:44:53.284-0400] {processor.py:925} INFO - DAG(s) 'tutorial' retrieved from /home/aangava/MSP/airflow_venv/lib/python3.12/site-packages/airflow/example_dags/tutorial.py
[2025-04-28T10:44:53.303-0400] {logging_mixin.py:190} INFO - [2025-04-28T10:44:53.303-0400] {dag.py:3239} INFO - Sync 1 DAGs
[2025-04-28T10:44:53.340-0400] {logging_mixin.py:190} INFO - [2025-04-28T10:44:53.339-0400] {dag.py:4180} INFO - Setting next_dagrun for tutorial to 2025-04-27 00:00:00+00:00, run_after=2025-04-28 00:00:00+00:00
[2025-04-28T10:44:53.372-0400] {processor.py:208} INFO - Processing /home/aangava/MSP/airflow_venv/lib/python3.12/site-packages/airflow/example_dags/tutorial.py took 0.118 seconds
[2025-04-28T10:45:50.283-0400] {processor.py:186} INFO - Started process (PID=9678) to work on /home/aangava/MSP/airflow_venv/lib/python3.12/site-packages/airflow/example_dags/tutorial.py
[2025-04-28T10:45:50.293-0400] {processor.py:914} INFO - Processing file /home/aangava/MSP/airflow_venv/lib/python3.12/site-packages/airflow/example_dags/tutorial.py for tasks to queue
[2025-04-28T10:45:50.297-0400] {logging_mixin.py:190} INFO - [2025-04-28T10:45:50.296-0400] {dagbag.py:588} INFO - Filling up the DagBag from /home/aangava/MSP/airflow_venv/lib/python3.12/site-packages/airflow/example_dags/tutorial.py
[2025-04-28T10:45:50.311-0400] {processor.py:925} INFO - DAG(s) 'tutorial' retrieved from /home/aangava/MSP/airflow_venv/lib/python3.12/site-packages/airflow/example_dags/tutorial.py
[2025-04-28T10:45:50.329-0400] {logging_mixin.py:190} INFO - [2025-04-28T10:45:50.329-0400] {dag.py:3239} INFO - Sync 1 DAGs
[2025-04-28T10:45:50.354-0400] {logging_mixin.py:190} INFO - [2025-04-28T10:45:50.353-0400] {dag.py:4180} INFO - Setting next_dagrun for tutorial to 2025-04-27 00:00:00+00:00, run_after=2025-04-28 00:00:00+00:00
[2025-04-28T10:45:50.377-0400] {processor.py:208} INFO - Processing /home/aangava/MSP/airflow_venv/lib/python3.12/site-packages/airflow/example_dags/tutorial.py took 0.103 seconds
[2025-04-28T10:46:45.634-0400] {processor.py:186} INFO - Started process (PID=9901) to work on /home/aangava/MSP/airflow_venv/lib/python3.12/site-packages/airflow/example_dags/tutorial.py
[2025-04-28T10:46:45.646-0400] {processor.py:914} INFO - Processing file /home/aangava/MSP/airflow_venv/lib/python3.12/site-packages/airflow/example_dags/tutorial.py for tasks to queue
[2025-04-28T10:46:45.650-0400] {logging_mixin.py:190} INFO - [2025-04-28T10:46:45.650-0400] {dagbag.py:588} INFO - Filling up the DagBag from /home/aangava/MSP/airflow_venv/lib/python3.12/site-packages/airflow/example_dags/tutorial.py
[2025-04-28T10:46:45.661-0400] {processor.py:925} INFO - DAG(s) 'tutorial' retrieved from /home/aangava/MSP/airflow_venv/lib/python3.12/site-packages/airflow/example_dags/tutorial.py
[2025-04-28T10:46:45.681-0400] {logging_mixin.py:190} INFO - [2025-04-28T10:46:45.680-0400] {dag.py:3239} INFO - Sync 1 DAGs
[2025-04-28T10:46:45.707-0400] {logging_mixin.py:190} INFO - [2025-04-28T10:46:45.707-0400] {dag.py:4180} INFO - Setting next_dagrun for tutorial to 2025-04-27 00:00:00+00:00, run_after=2025-04-28 00:00:00+00:00
[2025-04-28T10:46:45.736-0400] {processor.py:208} INFO - Processing /home/aangava/MSP/airflow_venv/lib/python3.12/site-packages/airflow/example_dags/tutorial.py took 0.110 seconds
[2025-04-28T10:47:44.763-0400] {processor.py:186} INFO - Started process (PID=10193) to work on /home/aangava/MSP/airflow_venv/lib/python3.12/site-packages/airflow/example_dags/tutorial.py
[2025-04-28T10:47:44.767-0400] {processor.py:914} INFO - Processing file /home/aangava/MSP/airflow_venv/lib/python3.12/site-packages/airflow/example_dags/tutorial.py for tasks to queue
[2025-04-28T10:47:44.771-0400] {logging_mixin.py:190} INFO - [2025-04-28T10:47:44.771-0400] {dagbag.py:588} INFO - Filling up the DagBag from /home/aangava/MSP/airflow_venv/lib/python3.12/site-packages/airflow/example_dags/tutorial.py
[2025-04-28T10:47:44.787-0400] {processor.py:925} INFO - DAG(s) 'tutorial' retrieved from /home/aangava/MSP/airflow_venv/lib/python3.12/site-packages/airflow/example_dags/tutorial.py
[2025-04-28T10:47:44.808-0400] {logging_mixin.py:190} INFO - [2025-04-28T10:47:44.808-0400] {dag.py:3239} INFO - Sync 1 DAGs
[2025-04-28T10:47:44.830-0400] {logging_mixin.py:190} INFO - [2025-04-28T10:47:44.830-0400] {dag.py:4180} INFO - Setting next_dagrun for tutorial to 2025-04-27 00:00:00+00:00, run_after=2025-04-28 00:00:00+00:00
[2025-04-28T10:47:44.851-0400] {processor.py:208} INFO - Processing /home/aangava/MSP/airflow_venv/lib/python3.12/site-packages/airflow/example_dags/tutorial.py took 0.096 seconds
[2025-04-28T10:48:42.704-0400] {processor.py:186} INFO - Started process (PID=10598) to work on /home/aangava/MSP/airflow_venv/lib/python3.12/site-packages/airflow/example_dags/tutorial.py
[2025-04-28T10:48:42.716-0400] {processor.py:914} INFO - Processing file /home/aangava/MSP/airflow_venv/lib/python3.12/site-packages/airflow/example_dags/tutorial.py for tasks to queue
[2025-04-28T10:48:42.720-0400] {logging_mixin.py:190} INFO - [2025-04-28T10:48:42.719-0400] {dagbag.py:588} INFO - Filling up the DagBag from /home/aangava/MSP/airflow_venv/lib/python3.12/site-packages/airflow/example_dags/tutorial.py
[2025-04-28T10:48:42.735-0400] {processor.py:925} INFO - DAG(s) 'tutorial' retrieved from /home/aangava/MSP/airflow_venv/lib/python3.12/site-packages/airflow/example_dags/tutorial.py
[2025-04-28T10:48:42.758-0400] {logging_mixin.py:190} INFO - [2025-04-28T10:48:42.757-0400] {dag.py:3239} INFO - Sync 1 DAGs
[2025-04-28T10:48:42.780-0400] {logging_mixin.py:190} INFO - [2025-04-28T10:48:42.779-0400] {dag.py:4180} INFO - Setting next_dagrun for tutorial to 2025-04-27 00:00:00+00:00, run_after=2025-04-28 00:00:00+00:00
[2025-04-28T10:48:42.807-0400] {processor.py:208} INFO - Processing /home/aangava/MSP/airflow_venv/lib/python3.12/site-packages/airflow/example_dags/tutorial.py took 0.109 seconds
[2025-04-28T10:49:38.935-0400] {processor.py:186} INFO - Started process (PID=10873) to work on /home/aangava/MSP/airflow_venv/lib/python3.12/site-packages/airflow/example_dags/tutorial.py
[2025-04-28T10:49:38.945-0400] {processor.py:914} INFO - Processing file /home/aangava/MSP/airflow_venv/lib/python3.12/site-packages/airflow/example_dags/tutorial.py for tasks to queue
[2025-04-28T10:49:38.948-0400] {logging_mixin.py:190} INFO - [2025-04-28T10:49:38.947-0400] {dagbag.py:588} INFO - Filling up the DagBag from /home/aangava/MSP/airflow_venv/lib/python3.12/site-packages/airflow/example_dags/tutorial.py
[2025-04-28T10:49:38.956-0400] {processor.py:925} INFO - DAG(s) 'tutorial' retrieved from /home/aangava/MSP/airflow_venv/lib/python3.12/site-packages/airflow/example_dags/tutorial.py
[2025-04-28T10:49:38.970-0400] {logging_mixin.py:190} INFO - [2025-04-28T10:49:38.970-0400] {dag.py:3239} INFO - Sync 1 DAGs
[2025-04-28T10:49:38.984-0400] {logging_mixin.py:190} INFO - [2025-04-28T10:49:38.984-0400] {dag.py:4180} INFO - Setting next_dagrun for tutorial to 2025-04-27 00:00:00+00:00, run_after=2025-04-28 00:00:00+00:00
[2025-04-28T10:49:39.000-0400] {processor.py:208} INFO - Processing /home/aangava/MSP/airflow_venv/lib/python3.12/site-packages/airflow/example_dags/tutorial.py took 0.071 seconds
[2025-04-28T10:50:36.712-0400] {processor.py:186} INFO - Started process (PID=11313) to work on /home/aangava/MSP/airflow_venv/lib/python3.12/site-packages/airflow/example_dags/tutorial.py
[2025-04-28T10:50:36.722-0400] {processor.py:914} INFO - Processing file /home/aangava/MSP/airflow_venv/lib/python3.12/site-packages/airflow/example_dags/tutorial.py for tasks to queue
[2025-04-28T10:50:36.724-0400] {logging_mixin.py:190} INFO - [2025-04-28T10:50:36.724-0400] {dagbag.py:588} INFO - Filling up the DagBag from /home/aangava/MSP/airflow_venv/lib/python3.12/site-packages/airflow/example_dags/tutorial.py
[2025-04-28T10:50:36.738-0400] {processor.py:925} INFO - DAG(s) 'tutorial' retrieved from /home/aangava/MSP/airflow_venv/lib/python3.12/site-packages/airflow/example_dags/tutorial.py
[2025-04-28T10:50:36.756-0400] {logging_mixin.py:190} INFO - [2025-04-28T10:50:36.756-0400] {dag.py:3239} INFO - Sync 1 DAGs
[2025-04-28T10:50:36.932-0400] {logging_mixin.py:190} INFO - [2025-04-28T10:50:36.932-0400] {dag.py:4180} INFO - Setting next_dagrun for tutorial to 2025-04-27 00:00:00+00:00, run_after=2025-04-28 00:00:00+00:00
[2025-04-28T10:50:36.971-0400] {processor.py:208} INFO - Processing /home/aangava/MSP/airflow_venv/lib/python3.12/site-packages/airflow/example_dags/tutorial.py took 0.267 seconds
[2025-04-28T10:51:40.729-0400] {processor.py:186} INFO - Started process (PID=11665) to work on /home/aangava/MSP/airflow_venv/lib/python3.12/site-packages/airflow/example_dags/tutorial.py
[2025-04-28T10:51:40.740-0400] {processor.py:914} INFO - Processing file /home/aangava/MSP/airflow_venv/lib/python3.12/site-packages/airflow/example_dags/tutorial.py for tasks to queue
[2025-04-28T10:51:40.742-0400] {logging_mixin.py:190} INFO - [2025-04-28T10:51:40.742-0400] {dagbag.py:588} INFO - Filling up the DagBag from /home/aangava/MSP/airflow_venv/lib/python3.12/site-packages/airflow/example_dags/tutorial.py
[2025-04-28T10:51:40.755-0400] {processor.py:925} INFO - DAG(s) 'tutorial' retrieved from /home/aangava/MSP/airflow_venv/lib/python3.12/site-packages/airflow/example_dags/tutorial.py
[2025-04-28T10:51:40.771-0400] {logging_mixin.py:190} INFO - [2025-04-28T10:51:40.771-0400] {dag.py:3239} INFO - Sync 1 DAGs
[2025-04-28T10:51:40.795-0400] {logging_mixin.py:190} INFO - [2025-04-28T10:51:40.795-0400] {dag.py:4180} INFO - Setting next_dagrun for tutorial to 2025-04-27 00:00:00+00:00, run_after=2025-04-28 00:00:00+00:00
[2025-04-28T10:51:40.821-0400] {processor.py:208} INFO - Processing /home/aangava/MSP/airflow_venv/lib/python3.12/site-packages/airflow/example_dags/tutorial.py took 0.100 seconds
[2025-04-28T10:52:43.164-0400] {processor.py:186} INFO - Started process (PID=12021) to work on /home/aangava/MSP/airflow_venv/lib/python3.12/site-packages/airflow/example_dags/tutorial.py
[2025-04-28T10:52:43.166-0400] {processor.py:914} INFO - Processing file /home/aangava/MSP/airflow_venv/lib/python3.12/site-packages/airflow/example_dags/tutorial.py for tasks to queue
[2025-04-28T10:52:43.168-0400] {logging_mixin.py:190} INFO - [2025-04-28T10:52:43.168-0400] {dagbag.py:588} INFO - Filling up the DagBag from /home/aangava/MSP/airflow_venv/lib/python3.12/site-packages/airflow/example_dags/tutorial.py
[2025-04-28T10:52:43.179-0400] {processor.py:925} INFO - DAG(s) 'tutorial' retrieved from /home/aangava/MSP/airflow_venv/lib/python3.12/site-packages/airflow/example_dags/tutorial.py
[2025-04-28T10:52:43.200-0400] {logging_mixin.py:190} INFO - [2025-04-28T10:52:43.199-0400] {dag.py:3239} INFO - Sync 1 DAGs
[2025-04-28T10:52:43.223-0400] {logging_mixin.py:190} INFO - [2025-04-28T10:52:43.223-0400] {dag.py:4180} INFO - Setting next_dagrun for tutorial to 2025-04-27 00:00:00+00:00, run_after=2025-04-28 00:00:00+00:00
[2025-04-28T10:52:43.247-0400] {processor.py:208} INFO - Processing /home/aangava/MSP/airflow_venv/lib/python3.12/site-packages/airflow/example_dags/tutorial.py took 0.092 seconds
[2025-04-28T10:53:40.287-0400] {processor.py:186} INFO - Started process (PID=12385) to work on /home/aangava/MSP/airflow_venv/lib/python3.12/site-packages/airflow/example_dags/tutorial.py
[2025-04-28T10:53:40.298-0400] {processor.py:914} INFO - Processing file /home/aangava/MSP/airflow_venv/lib/python3.12/site-packages/airflow/example_dags/tutorial.py for tasks to queue
[2025-04-28T10:53:40.299-0400] {logging_mixin.py:190} INFO - [2025-04-28T10:53:40.299-0400] {dagbag.py:588} INFO - Filling up the DagBag from /home/aangava/MSP/airflow_venv/lib/python3.12/site-packages/airflow/example_dags/tutorial.py
[2025-04-28T10:53:40.310-0400] {processor.py:925} INFO - DAG(s) 'tutorial' retrieved from /home/aangava/MSP/airflow_venv/lib/python3.12/site-packages/airflow/example_dags/tutorial.py
[2025-04-28T10:53:40.330-0400] {logging_mixin.py:190} INFO - [2025-04-28T10:53:40.330-0400] {dag.py:3239} INFO - Sync 1 DAGs
[2025-04-28T10:53:40.355-0400] {logging_mixin.py:190} INFO - [2025-04-28T10:53:40.355-0400] {dag.py:4180} INFO - Setting next_dagrun for tutorial to 2025-04-27 00:00:00+00:00, run_after=2025-04-28 00:00:00+00:00
[2025-04-28T10:53:40.382-0400] {processor.py:208} INFO - Processing /home/aangava/MSP/airflow_venv/lib/python3.12/site-packages/airflow/example_dags/tutorial.py took 0.102 seconds
[2025-04-28T10:54:41.290-0400] {processor.py:186} INFO - Started process (PID=12622) to work on /home/aangava/MSP/airflow_venv/lib/python3.12/site-packages/airflow/example_dags/tutorial.py
[2025-04-28T10:54:41.300-0400] {processor.py:914} INFO - Processing file /home/aangava/MSP/airflow_venv/lib/python3.12/site-packages/airflow/example_dags/tutorial.py for tasks to queue
[2025-04-28T10:54:41.302-0400] {logging_mixin.py:190} INFO - [2025-04-28T10:54:41.302-0400] {dagbag.py:588} INFO - Filling up the DagBag from /home/aangava/MSP/airflow_venv/lib/python3.12/site-packages/airflow/example_dags/tutorial.py
[2025-04-28T10:54:41.318-0400] {processor.py:925} INFO - DAG(s) 'tutorial' retrieved from /home/aangava/MSP/airflow_venv/lib/python3.12/site-packages/airflow/example_dags/tutorial.py
[2025-04-28T10:54:41.340-0400] {logging_mixin.py:190} INFO - [2025-04-28T10:54:41.340-0400] {dag.py:3239} INFO - Sync 1 DAGs
[2025-04-28T10:54:41.365-0400] {logging_mixin.py:190} INFO - [2025-04-28T10:54:41.364-0400] {dag.py:4180} INFO - Setting next_dagrun for tutorial to 2025-04-27 00:00:00+00:00, run_after=2025-04-28 00:00:00+00:00
[2025-04-28T10:54:41.390-0400] {processor.py:208} INFO - Processing /home/aangava/MSP/airflow_venv/lib/python3.12/site-packages/airflow/example_dags/tutorial.py took 0.110 seconds
[2025-04-28T10:55:41.016-0400] {processor.py:186} INFO - Started process (PID=12879) to work on /home/aangava/MSP/airflow_venv/lib/python3.12/site-packages/airflow/example_dags/tutorial.py
[2025-04-28T10:55:41.018-0400] {processor.py:914} INFO - Processing file /home/aangava/MSP/airflow_venv/lib/python3.12/site-packages/airflow/example_dags/tutorial.py for tasks to queue
[2025-04-28T10:55:41.020-0400] {logging_mixin.py:190} INFO - [2025-04-28T10:55:41.019-0400] {dagbag.py:588} INFO - Filling up the DagBag from /home/aangava/MSP/airflow_venv/lib/python3.12/site-packages/airflow/example_dags/tutorial.py
[2025-04-28T10:55:41.032-0400] {processor.py:925} INFO - DAG(s) 'tutorial' retrieved from /home/aangava/MSP/airflow_venv/lib/python3.12/site-packages/airflow/example_dags/tutorial.py
[2025-04-28T10:55:41.055-0400] {logging_mixin.py:190} INFO - [2025-04-28T10:55:41.055-0400] {dag.py:3239} INFO - Sync 1 DAGs
[2025-04-28T10:55:41.085-0400] {logging_mixin.py:190} INFO - [2025-04-28T10:55:41.084-0400] {dag.py:4180} INFO - Setting next_dagrun for tutorial to 2025-04-27 00:00:00+00:00, run_after=2025-04-28 00:00:00+00:00
[2025-04-28T10:55:41.107-0400] {processor.py:208} INFO - Processing /home/aangava/MSP/airflow_venv/lib/python3.12/site-packages/airflow/example_dags/tutorial.py took 0.097 seconds
[2025-04-28T10:56:42.004-0400] {processor.py:186} INFO - Started process (PID=13147) to work on /home/aangava/MSP/airflow_venv/lib/python3.12/site-packages/airflow/example_dags/tutorial.py
[2025-04-28T10:56:42.016-0400] {processor.py:914} INFO - Processing file /home/aangava/MSP/airflow_venv/lib/python3.12/site-packages/airflow/example_dags/tutorial.py for tasks to queue
[2025-04-28T10:56:42.018-0400] {logging_mixin.py:190} INFO - [2025-04-28T10:56:42.017-0400] {dagbag.py:588} INFO - Filling up the DagBag from /home/aangava/MSP/airflow_venv/lib/python3.12/site-packages/airflow/example_dags/tutorial.py
[2025-04-28T10:56:42.031-0400] {processor.py:925} INFO - DAG(s) 'tutorial' retrieved from /home/aangava/MSP/airflow_venv/lib/python3.12/site-packages/airflow/example_dags/tutorial.py
[2025-04-28T10:56:42.052-0400] {logging_mixin.py:190} INFO - [2025-04-28T10:56:42.052-0400] {dag.py:3239} INFO - Sync 1 DAGs
[2025-04-28T10:56:42.078-0400] {logging_mixin.py:190} INFO - [2025-04-28T10:56:42.078-0400] {dag.py:4180} INFO - Setting next_dagrun for tutorial to 2025-04-27 00:00:00+00:00, run_after=2025-04-28 00:00:00+00:00
[2025-04-28T10:56:42.103-0400] {processor.py:208} INFO - Processing /home/aangava/MSP/airflow_venv/lib/python3.12/site-packages/airflow/example_dags/tutorial.py took 0.108 seconds
[2025-04-28T10:57:36.723-0400] {processor.py:186} INFO - Started process (PID=13425) to work on /home/aangava/MSP/airflow_venv/lib/python3.12/site-packages/airflow/example_dags/tutorial.py
[2025-04-28T10:57:36.734-0400] {processor.py:914} INFO - Processing file /home/aangava/MSP/airflow_venv/lib/python3.12/site-packages/airflow/example_dags/tutorial.py for tasks to queue
[2025-04-28T10:57:36.736-0400] {logging_mixin.py:190} INFO - [2025-04-28T10:57:36.735-0400] {dagbag.py:588} INFO - Filling up the DagBag from /home/aangava/MSP/airflow_venv/lib/python3.12/site-packages/airflow/example_dags/tutorial.py
[2025-04-28T10:57:36.745-0400] {processor.py:925} INFO - DAG(s) 'tutorial' retrieved from /home/aangava/MSP/airflow_venv/lib/python3.12/site-packages/airflow/example_dags/tutorial.py
[2025-04-28T10:57:36.767-0400] {logging_mixin.py:190} INFO - [2025-04-28T10:57:36.767-0400] {dag.py:3239} INFO - Sync 1 DAGs
[2025-04-28T10:57:36.785-0400] {logging_mixin.py:190} INFO - [2025-04-28T10:57:36.785-0400] {dag.py:4180} INFO - Setting next_dagrun for tutorial to 2025-04-27 00:00:00+00:00, run_after=2025-04-28 00:00:00+00:00
[2025-04-28T10:57:36.806-0400] {processor.py:208} INFO - Processing /home/aangava/MSP/airflow_venv/lib/python3.12/site-packages/airflow/example_dags/tutorial.py took 0.090 seconds
[2025-04-28T10:58:30.430-0400] {processor.py:186} INFO - Started process (PID=13797) to work on /home/aangava/MSP/airflow_venv/lib/python3.12/site-packages/airflow/example_dags/tutorial.py
[2025-04-28T10:58:30.433-0400] {processor.py:914} INFO - Processing file /home/aangava/MSP/airflow_venv/lib/python3.12/site-packages/airflow/example_dags/tutorial.py for tasks to queue
[2025-04-28T10:58:30.436-0400] {logging_mixin.py:190} INFO - [2025-04-28T10:58:30.435-0400] {dagbag.py:588} INFO - Filling up the DagBag from /home/aangava/MSP/airflow_venv/lib/python3.12/site-packages/airflow/example_dags/tutorial.py
[2025-04-28T10:58:30.452-0400] {processor.py:925} INFO - DAG(s) 'tutorial' retrieved from /home/aangava/MSP/airflow_venv/lib/python3.12/site-packages/airflow/example_dags/tutorial.py
[2025-04-28T10:58:30.472-0400] {logging_mixin.py:190} INFO - [2025-04-28T10:58:30.472-0400] {dag.py:3239} INFO - Sync 1 DAGs
[2025-04-28T10:58:30.501-0400] {logging_mixin.py:190} INFO - [2025-04-28T10:58:30.501-0400] {dag.py:4180} INFO - Setting next_dagrun for tutorial to 2025-04-27 00:00:00+00:00, run_after=2025-04-28 00:00:00+00:00
[2025-04-28T10:58:30.536-0400] {processor.py:208} INFO - Processing /home/aangava/MSP/airflow_venv/lib/python3.12/site-packages/airflow/example_dags/tutorial.py took 0.123 seconds
[2025-04-28T10:59:27.102-0400] {processor.py:186} INFO - Started process (PID=14131) to work on /home/aangava/MSP/airflow_venv/lib/python3.12/site-packages/airflow/example_dags/tutorial.py
[2025-04-28T10:59:27.103-0400] {processor.py:914} INFO - Processing file /home/aangava/MSP/airflow_venv/lib/python3.12/site-packages/airflow/example_dags/tutorial.py for tasks to queue
[2025-04-28T10:59:27.104-0400] {logging_mixin.py:190} INFO - [2025-04-28T10:59:27.104-0400] {dagbag.py:588} INFO - Filling up the DagBag from /home/aangava/MSP/airflow_venv/lib/python3.12/site-packages/airflow/example_dags/tutorial.py
[2025-04-28T10:59:27.110-0400] {processor.py:925} INFO - DAG(s) 'tutorial' retrieved from /home/aangava/MSP/airflow_venv/lib/python3.12/site-packages/airflow/example_dags/tutorial.py
[2025-04-28T10:59:27.122-0400] {logging_mixin.py:190} INFO - [2025-04-28T10:59:27.122-0400] {dag.py:3239} INFO - Sync 1 DAGs
[2025-04-28T10:59:27.136-0400] {logging_mixin.py:190} INFO - [2025-04-28T10:59:27.136-0400] {dag.py:4180} INFO - Setting next_dagrun for tutorial to 2025-04-27 00:00:00+00:00, run_after=2025-04-28 00:00:00+00:00
[2025-04-28T10:59:27.152-0400] {processor.py:208} INFO - Processing /home/aangava/MSP/airflow_venv/lib/python3.12/site-packages/airflow/example_dags/tutorial.py took 0.054 seconds
[2025-04-28T11:00:27.330-0400] {processor.py:186} INFO - Started process (PID=14512) to work on /home/aangava/MSP/airflow_venv/lib/python3.12/site-packages/airflow/example_dags/tutorial.py
[2025-04-28T11:00:27.341-0400] {processor.py:914} INFO - Processing file /home/aangava/MSP/airflow_venv/lib/python3.12/site-packages/airflow/example_dags/tutorial.py for tasks to queue
[2025-04-28T11:00:27.344-0400] {logging_mixin.py:190} INFO - [2025-04-28T11:00:27.343-0400] {dagbag.py:588} INFO - Filling up the DagBag from /home/aangava/MSP/airflow_venv/lib/python3.12/site-packages/airflow/example_dags/tutorial.py
[2025-04-28T11:00:27.357-0400] {processor.py:925} INFO - DAG(s) 'tutorial' retrieved from /home/aangava/MSP/airflow_venv/lib/python3.12/site-packages/airflow/example_dags/tutorial.py
[2025-04-28T11:00:27.377-0400] {logging_mixin.py:190} INFO - [2025-04-28T11:00:27.377-0400] {dag.py:3239} INFO - Sync 1 DAGs
[2025-04-28T11:00:27.403-0400] {logging_mixin.py:190} INFO - [2025-04-28T11:00:27.402-0400] {dag.py:4180} INFO - Setting next_dagrun for tutorial to 2025-04-27 00:00:00+00:00, run_after=2025-04-28 00:00:00+00:00
[2025-04-28T11:00:27.428-0400] {processor.py:208} INFO - Processing /home/aangava/MSP/airflow_venv/lib/python3.12/site-packages/airflow/example_dags/tutorial.py took 0.109 seconds
[2025-04-28T11:01:28.273-0400] {processor.py:186} INFO - Started process (PID=14763) to work on /home/aangava/MSP/airflow_venv/lib/python3.12/site-packages/airflow/example_dags/tutorial.py
[2025-04-28T11:01:28.284-0400] {processor.py:914} INFO - Processing file /home/aangava/MSP/airflow_venv/lib/python3.12/site-packages/airflow/example_dags/tutorial.py for tasks to queue
[2025-04-28T11:01:28.287-0400] {logging_mixin.py:190} INFO - [2025-04-28T11:01:28.287-0400] {dagbag.py:588} INFO - Filling up the DagBag from /home/aangava/MSP/airflow_venv/lib/python3.12/site-packages/airflow/example_dags/tutorial.py
[2025-04-28T11:01:28.304-0400] {processor.py:925} INFO - DAG(s) 'tutorial' retrieved from /home/aangava/MSP/airflow_venv/lib/python3.12/site-packages/airflow/example_dags/tutorial.py
[2025-04-28T11:01:28.327-0400] {logging_mixin.py:190} INFO - [2025-04-28T11:01:28.327-0400] {dag.py:3239} INFO - Sync 1 DAGs
[2025-04-28T11:01:28.349-0400] {logging_mixin.py:190} INFO - [2025-04-28T11:01:28.348-0400] {dag.py:4180} INFO - Setting next_dagrun for tutorial to 2025-04-27 00:00:00+00:00, run_after=2025-04-28 00:00:00+00:00
[2025-04-28T11:01:28.375-0400] {processor.py:208} INFO - Processing /home/aangava/MSP/airflow_venv/lib/python3.12/site-packages/airflow/example_dags/tutorial.py took 0.111 seconds
[2025-04-28T11:02:24.483-0400] {processor.py:186} INFO - Started process (PID=15013) to work on /home/aangava/MSP/airflow_venv/lib/python3.12/site-packages/airflow/example_dags/tutorial.py
[2025-04-28T11:02:24.486-0400] {processor.py:914} INFO - Processing file /home/aangava/MSP/airflow_venv/lib/python3.12/site-packages/airflow/example_dags/tutorial.py for tasks to queue
[2025-04-28T11:02:24.488-0400] {logging_mixin.py:190} INFO - [2025-04-28T11:02:24.488-0400] {dagbag.py:588} INFO - Filling up the DagBag from /home/aangava/MSP/airflow_venv/lib/python3.12/site-packages/airflow/example_dags/tutorial.py
[2025-04-28T11:02:24.497-0400] {processor.py:925} INFO - DAG(s) 'tutorial' retrieved from /home/aangava/MSP/airflow_venv/lib/python3.12/site-packages/airflow/example_dags/tutorial.py
[2025-04-28T11:02:24.522-0400] {logging_mixin.py:190} INFO - [2025-04-28T11:02:24.522-0400] {dag.py:3239} INFO - Sync 1 DAGs
[2025-04-28T11:02:24.551-0400] {logging_mixin.py:190} INFO - [2025-04-28T11:02:24.550-0400] {dag.py:4180} INFO - Setting next_dagrun for tutorial to 2025-04-27 00:00:00+00:00, run_after=2025-04-28 00:00:00+00:00
[2025-04-28T11:02:24.583-0400] {processor.py:208} INFO - Processing /home/aangava/MSP/airflow_venv/lib/python3.12/site-packages/airflow/example_dags/tutorial.py took 0.112 seconds
[2025-04-28T11:03:22.796-0400] {processor.py:186} INFO - Started process (PID=15319) to work on /home/aangava/MSP/airflow_venv/lib/python3.12/site-packages/airflow/example_dags/tutorial.py
[2025-04-28T11:03:22.806-0400] {processor.py:914} INFO - Processing file /home/aangava/MSP/airflow_venv/lib/python3.12/site-packages/airflow/example_dags/tutorial.py for tasks to queue
[2025-04-28T11:03:22.808-0400] {logging_mixin.py:190} INFO - [2025-04-28T11:03:22.807-0400] {dagbag.py:588} INFO - Filling up the DagBag from /home/aangava/MSP/airflow_venv/lib/python3.12/site-packages/airflow/example_dags/tutorial.py
[2025-04-28T11:03:22.814-0400] {processor.py:925} INFO - DAG(s) 'tutorial' retrieved from /home/aangava/MSP/airflow_venv/lib/python3.12/site-packages/airflow/example_dags/tutorial.py
[2025-04-28T11:03:22.828-0400] {logging_mixin.py:190} INFO - [2025-04-28T11:03:22.828-0400] {dag.py:3239} INFO - Sync 1 DAGs
[2025-04-28T11:03:22.841-0400] {logging_mixin.py:190} INFO - [2025-04-28T11:03:22.841-0400] {dag.py:4180} INFO - Setting next_dagrun for tutorial to 2025-04-27 00:00:00+00:00, run_after=2025-04-28 00:00:00+00:00
[2025-04-28T11:03:22.860-0400] {processor.py:208} INFO - Processing /home/aangava/MSP/airflow_venv/lib/python3.12/site-packages/airflow/example_dags/tutorial.py took 0.069 seconds
[2025-04-28T11:04:22.231-0400] {processor.py:186} INFO - Started process (PID=15660) to work on /home/aangava/MSP/airflow_venv/lib/python3.12/site-packages/airflow/example_dags/tutorial.py
[2025-04-28T11:04:22.241-0400] {processor.py:914} INFO - Processing file /home/aangava/MSP/airflow_venv/lib/python3.12/site-packages/airflow/example_dags/tutorial.py for tasks to queue
[2025-04-28T11:04:22.244-0400] {logging_mixin.py:190} INFO - [2025-04-28T11:04:22.244-0400] {dagbag.py:588} INFO - Filling up the DagBag from /home/aangava/MSP/airflow_venv/lib/python3.12/site-packages/airflow/example_dags/tutorial.py
[2025-04-28T11:04:22.258-0400] {processor.py:925} INFO - DAG(s) 'tutorial' retrieved from /home/aangava/MSP/airflow_venv/lib/python3.12/site-packages/airflow/example_dags/tutorial.py
[2025-04-28T11:04:22.279-0400] {logging_mixin.py:190} INFO - [2025-04-28T11:04:22.279-0400] {dag.py:3239} INFO - Sync 1 DAGs
[2025-04-28T11:04:22.304-0400] {logging_mixin.py:190} INFO - [2025-04-28T11:04:22.303-0400] {dag.py:4180} INFO - Setting next_dagrun for tutorial to 2025-04-27 00:00:00+00:00, run_after=2025-04-28 00:00:00+00:00
[2025-04-28T11:04:22.326-0400] {processor.py:208} INFO - Processing /home/aangava/MSP/airflow_venv/lib/python3.12/site-packages/airflow/example_dags/tutorial.py took 0.104 seconds
[2025-04-28T11:05:24.227-0400] {processor.py:186} INFO - Started process (PID=16007) to work on /home/aangava/MSP/airflow_venv/lib/python3.12/site-packages/airflow/example_dags/tutorial.py
[2025-04-28T11:05:24.228-0400] {processor.py:914} INFO - Processing file /home/aangava/MSP/airflow_venv/lib/python3.12/site-packages/airflow/example_dags/tutorial.py for tasks to queue
[2025-04-28T11:05:24.229-0400] {logging_mixin.py:190} INFO - [2025-04-28T11:05:24.229-0400] {dagbag.py:588} INFO - Filling up the DagBag from /home/aangava/MSP/airflow_venv/lib/python3.12/site-packages/airflow/example_dags/tutorial.py
[2025-04-28T11:05:24.240-0400] {processor.py:925} INFO - DAG(s) 'tutorial' retrieved from /home/aangava/MSP/airflow_venv/lib/python3.12/site-packages/airflow/example_dags/tutorial.py
[2025-04-28T11:05:24.251-0400] {logging_mixin.py:190} INFO - [2025-04-28T11:05:24.251-0400] {dag.py:3239} INFO - Sync 1 DAGs
[2025-04-28T11:05:24.265-0400] {logging_mixin.py:190} INFO - [2025-04-28T11:05:24.265-0400] {dag.py:4180} INFO - Setting next_dagrun for tutorial to 2025-04-27 00:00:00+00:00, run_after=2025-04-28 00:00:00+00:00
[2025-04-28T11:05:24.288-0400] {processor.py:208} INFO - Processing /home/aangava/MSP/airflow_venv/lib/python3.12/site-packages/airflow/example_dags/tutorial.py took 0.066 seconds
[2025-04-28T11:06:23.235-0400] {processor.py:186} INFO - Started process (PID=16410) to work on /home/aangava/MSP/airflow_venv/lib/python3.12/site-packages/airflow/example_dags/tutorial.py
[2025-04-28T11:06:23.246-0400] {processor.py:914} INFO - Processing file /home/aangava/MSP/airflow_venv/lib/python3.12/site-packages/airflow/example_dags/tutorial.py for tasks to queue
[2025-04-28T11:06:23.249-0400] {logging_mixin.py:190} INFO - [2025-04-28T11:06:23.248-0400] {dagbag.py:588} INFO - Filling up the DagBag from /home/aangava/MSP/airflow_venv/lib/python3.12/site-packages/airflow/example_dags/tutorial.py
[2025-04-28T11:06:23.262-0400] {processor.py:925} INFO - DAG(s) 'tutorial' retrieved from /home/aangava/MSP/airflow_venv/lib/python3.12/site-packages/airflow/example_dags/tutorial.py
[2025-04-28T11:06:23.281-0400] {logging_mixin.py:190} INFO - [2025-04-28T11:06:23.280-0400] {dag.py:3239} INFO - Sync 1 DAGs
[2025-04-28T11:06:23.302-0400] {logging_mixin.py:190} INFO - [2025-04-28T11:06:23.301-0400] {dag.py:4180} INFO - Setting next_dagrun for tutorial to 2025-04-27 00:00:00+00:00, run_after=2025-04-28 00:00:00+00:00
[2025-04-28T11:06:23.333-0400] {processor.py:208} INFO - Processing /home/aangava/MSP/airflow_venv/lib/python3.12/site-packages/airflow/example_dags/tutorial.py took 0.107 seconds
[2025-04-28T11:07:21.064-0400] {processor.py:186} INFO - Started process (PID=16714) to work on /home/aangava/MSP/airflow_venv/lib/python3.12/site-packages/airflow/example_dags/tutorial.py
[2025-04-28T11:07:21.067-0400] {processor.py:914} INFO - Processing file /home/aangava/MSP/airflow_venv/lib/python3.12/site-packages/airflow/example_dags/tutorial.py for tasks to queue
[2025-04-28T11:07:21.068-0400] {logging_mixin.py:190} INFO - [2025-04-28T11:07:21.068-0400] {dagbag.py:588} INFO - Filling up the DagBag from /home/aangava/MSP/airflow_venv/lib/python3.12/site-packages/airflow/example_dags/tutorial.py
[2025-04-28T11:07:21.076-0400] {processor.py:925} INFO - DAG(s) 'tutorial' retrieved from /home/aangava/MSP/airflow_venv/lib/python3.12/site-packages/airflow/example_dags/tutorial.py
[2025-04-28T11:07:21.086-0400] {logging_mixin.py:190} INFO - [2025-04-28T11:07:21.086-0400] {dag.py:3239} INFO - Sync 1 DAGs
[2025-04-28T11:07:21.100-0400] {logging_mixin.py:190} INFO - [2025-04-28T11:07:21.100-0400] {dag.py:4180} INFO - Setting next_dagrun for tutorial to 2025-04-27 00:00:00+00:00, run_after=2025-04-28 00:00:00+00:00
[2025-04-28T11:07:21.116-0400] {processor.py:208} INFO - Processing /home/aangava/MSP/airflow_venv/lib/python3.12/site-packages/airflow/example_dags/tutorial.py took 0.056 seconds
[2025-04-28T11:08:19.237-0400] {processor.py:186} INFO - Started process (PID=17108) to work on /home/aangava/MSP/airflow_venv/lib/python3.12/site-packages/airflow/example_dags/tutorial.py
[2025-04-28T11:08:19.249-0400] {processor.py:914} INFO - Processing file /home/aangava/MSP/airflow_venv/lib/python3.12/site-packages/airflow/example_dags/tutorial.py for tasks to queue
[2025-04-28T11:08:19.252-0400] {logging_mixin.py:190} INFO - [2025-04-28T11:08:19.251-0400] {dagbag.py:588} INFO - Filling up the DagBag from /home/aangava/MSP/airflow_venv/lib/python3.12/site-packages/airflow/example_dags/tutorial.py
[2025-04-28T11:08:19.265-0400] {processor.py:925} INFO - DAG(s) 'tutorial' retrieved from /home/aangava/MSP/airflow_venv/lib/python3.12/site-packages/airflow/example_dags/tutorial.py
[2025-04-28T11:08:19.285-0400] {logging_mixin.py:190} INFO - [2025-04-28T11:08:19.284-0400] {dag.py:3239} INFO - Sync 1 DAGs
[2025-04-28T11:08:19.306-0400] {logging_mixin.py:190} INFO - [2025-04-28T11:08:19.306-0400] {dag.py:4180} INFO - Setting next_dagrun for tutorial to 2025-04-27 00:00:00+00:00, run_after=2025-04-28 00:00:00+00:00
[2025-04-28T11:08:19.332-0400] {processor.py:208} INFO - Processing /home/aangava/MSP/airflow_venv/lib/python3.12/site-packages/airflow/example_dags/tutorial.py took 0.107 seconds
[2025-04-28T11:09:15.294-0400] {processor.py:186} INFO - Started process (PID=17395) to work on /home/aangava/MSP/airflow_venv/lib/python3.12/site-packages/airflow/example_dags/tutorial.py
[2025-04-28T11:09:15.295-0400] {processor.py:914} INFO - Processing file /home/aangava/MSP/airflow_venv/lib/python3.12/site-packages/airflow/example_dags/tutorial.py for tasks to queue
[2025-04-28T11:09:15.297-0400] {logging_mixin.py:190} INFO - [2025-04-28T11:09:15.297-0400] {dagbag.py:588} INFO - Filling up the DagBag from /home/aangava/MSP/airflow_venv/lib/python3.12/site-packages/airflow/example_dags/tutorial.py
[2025-04-28T11:09:15.306-0400] {processor.py:925} INFO - DAG(s) 'tutorial' retrieved from /home/aangava/MSP/airflow_venv/lib/python3.12/site-packages/airflow/example_dags/tutorial.py
[2025-04-28T11:09:15.325-0400] {logging_mixin.py:190} INFO - [2025-04-28T11:09:15.325-0400] {dag.py:3239} INFO - Sync 1 DAGs
[2025-04-28T11:09:15.347-0400] {logging_mixin.py:190} INFO - [2025-04-28T11:09:15.347-0400] {dag.py:4180} INFO - Setting next_dagrun for tutorial to 2025-04-27 00:00:00+00:00, run_after=2025-04-28 00:00:00+00:00
[2025-04-28T11:09:15.373-0400] {processor.py:208} INFO - Processing /home/aangava/MSP/airflow_venv/lib/python3.12/site-packages/airflow/example_dags/tutorial.py took 0.084 seconds
[2025-04-28T11:10:09.522-0400] {processor.py:186} INFO - Started process (PID=17707) to work on /home/aangava/MSP/airflow_venv/lib/python3.12/site-packages/airflow/example_dags/tutorial.py
[2025-04-28T11:10:09.533-0400] {processor.py:914} INFO - Processing file /home/aangava/MSP/airflow_venv/lib/python3.12/site-packages/airflow/example_dags/tutorial.py for tasks to queue
[2025-04-28T11:10:09.536-0400] {logging_mixin.py:190} INFO - [2025-04-28T11:10:09.535-0400] {dagbag.py:588} INFO - Filling up the DagBag from /home/aangava/MSP/airflow_venv/lib/python3.12/site-packages/airflow/example_dags/tutorial.py
[2025-04-28T11:10:09.545-0400] {processor.py:925} INFO - DAG(s) 'tutorial' retrieved from /home/aangava/MSP/airflow_venv/lib/python3.12/site-packages/airflow/example_dags/tutorial.py
[2025-04-28T11:10:09.556-0400] {logging_mixin.py:190} INFO - [2025-04-28T11:10:09.555-0400] {dag.py:3239} INFO - Sync 1 DAGs
[2025-04-28T11:10:09.571-0400] {logging_mixin.py:190} INFO - [2025-04-28T11:10:09.571-0400] {dag.py:4180} INFO - Setting next_dagrun for tutorial to 2025-04-27 00:00:00+00:00, run_after=2025-04-28 00:00:00+00:00
[2025-04-28T11:10:09.586-0400] {processor.py:208} INFO - Processing /home/aangava/MSP/airflow_venv/lib/python3.12/site-packages/airflow/example_dags/tutorial.py took 0.073 seconds
[2025-04-28T11:11:30.817-0400] {processor.py:186} INFO - Started process (PID=18359) to work on /home/aangava/MSP/airflow_venv/lib/python3.12/site-packages/airflow/example_dags/tutorial.py
[2025-04-28T11:11:30.819-0400] {processor.py:914} INFO - Processing file /home/aangava/MSP/airflow_venv/lib/python3.12/site-packages/airflow/example_dags/tutorial.py for tasks to queue
[2025-04-28T11:11:30.823-0400] {logging_mixin.py:190} INFO - [2025-04-28T11:11:30.822-0400] {dagbag.py:588} INFO - Filling up the DagBag from /home/aangava/MSP/airflow_venv/lib/python3.12/site-packages/airflow/example_dags/tutorial.py
[2025-04-28T11:11:30.834-0400] {processor.py:925} INFO - DAG(s) 'tutorial' retrieved from /home/aangava/MSP/airflow_venv/lib/python3.12/site-packages/airflow/example_dags/tutorial.py
[2025-04-28T11:11:30.852-0400] {logging_mixin.py:190} INFO - [2025-04-28T11:11:30.852-0400] {dag.py:3239} INFO - Sync 1 DAGs
[2025-04-28T11:11:30.877-0400] {logging_mixin.py:190} INFO - [2025-04-28T11:11:30.876-0400] {dag.py:4180} INFO - Setting next_dagrun for tutorial to 2025-04-27 00:00:00+00:00, run_after=2025-04-28 00:00:00+00:00
[2025-04-28T11:11:30.898-0400] {processor.py:208} INFO - Processing /home/aangava/MSP/airflow_venv/lib/python3.12/site-packages/airflow/example_dags/tutorial.py took 0.089 seconds
[2025-04-28T11:12:33.284-0400] {processor.py:186} INFO - Started process (PID=18771) to work on /home/aangava/MSP/airflow_venv/lib/python3.12/site-packages/airflow/example_dags/tutorial.py
[2025-04-28T11:12:33.286-0400] {processor.py:914} INFO - Processing file /home/aangava/MSP/airflow_venv/lib/python3.12/site-packages/airflow/example_dags/tutorial.py for tasks to queue
[2025-04-28T11:12:33.289-0400] {logging_mixin.py:190} INFO - [2025-04-28T11:12:33.288-0400] {dagbag.py:588} INFO - Filling up the DagBag from /home/aangava/MSP/airflow_venv/lib/python3.12/site-packages/airflow/example_dags/tutorial.py
[2025-04-28T11:12:33.301-0400] {processor.py:925} INFO - DAG(s) 'tutorial' retrieved from /home/aangava/MSP/airflow_venv/lib/python3.12/site-packages/airflow/example_dags/tutorial.py
[2025-04-28T11:12:33.319-0400] {logging_mixin.py:190} INFO - [2025-04-28T11:12:33.318-0400] {dag.py:3239} INFO - Sync 1 DAGs
[2025-04-28T11:12:33.344-0400] {logging_mixin.py:190} INFO - [2025-04-28T11:12:33.344-0400] {dag.py:4180} INFO - Setting next_dagrun for tutorial to 2025-04-27 00:00:00+00:00, run_after=2025-04-28 00:00:00+00:00
[2025-04-28T11:12:33.374-0400] {processor.py:208} INFO - Processing /home/aangava/MSP/airflow_venv/lib/python3.12/site-packages/airflow/example_dags/tutorial.py took 0.100 seconds
[2025-04-28T11:13:32.229-0400] {processor.py:186} INFO - Started process (PID=19146) to work on /home/aangava/MSP/airflow_venv/lib/python3.12/site-packages/airflow/example_dags/tutorial.py
[2025-04-28T11:13:32.240-0400] {processor.py:914} INFO - Processing file /home/aangava/MSP/airflow_venv/lib/python3.12/site-packages/airflow/example_dags/tutorial.py for tasks to queue
[2025-04-28T11:13:32.243-0400] {logging_mixin.py:190} INFO - [2025-04-28T11:13:32.242-0400] {dagbag.py:588} INFO - Filling up the DagBag from /home/aangava/MSP/airflow_venv/lib/python3.12/site-packages/airflow/example_dags/tutorial.py
[2025-04-28T11:13:32.258-0400] {processor.py:925} INFO - DAG(s) 'tutorial' retrieved from /home/aangava/MSP/airflow_venv/lib/python3.12/site-packages/airflow/example_dags/tutorial.py
[2025-04-28T11:13:32.274-0400] {logging_mixin.py:190} INFO - [2025-04-28T11:13:32.274-0400] {dag.py:3239} INFO - Sync 1 DAGs
[2025-04-28T11:13:32.299-0400] {logging_mixin.py:190} INFO - [2025-04-28T11:13:32.299-0400] {dag.py:4180} INFO - Setting next_dagrun for tutorial to 2025-04-27 00:00:00+00:00, run_after=2025-04-28 00:00:00+00:00
[2025-04-28T11:13:32.326-0400] {processor.py:208} INFO - Processing /home/aangava/MSP/airflow_venv/lib/python3.12/site-packages/airflow/example_dags/tutorial.py took 0.110 seconds
[2025-04-28T11:14:39.007-0400] {processor.py:186} INFO - Started process (PID=19602) to work on /home/aangava/MSP/airflow_venv/lib/python3.12/site-packages/airflow/example_dags/tutorial.py
[2025-04-28T11:14:39.016-0400] {processor.py:914} INFO - Processing file /home/aangava/MSP/airflow_venv/lib/python3.12/site-packages/airflow/example_dags/tutorial.py for tasks to queue
[2025-04-28T11:14:39.018-0400] {logging_mixin.py:190} INFO - [2025-04-28T11:14:39.017-0400] {dagbag.py:588} INFO - Filling up the DagBag from /home/aangava/MSP/airflow_venv/lib/python3.12/site-packages/airflow/example_dags/tutorial.py
[2025-04-28T11:14:39.024-0400] {processor.py:925} INFO - DAG(s) 'tutorial' retrieved from /home/aangava/MSP/airflow_venv/lib/python3.12/site-packages/airflow/example_dags/tutorial.py
[2025-04-28T11:14:39.035-0400] {logging_mixin.py:190} INFO - [2025-04-28T11:14:39.035-0400] {dag.py:3239} INFO - Sync 1 DAGs
[2025-04-28T11:14:39.048-0400] {logging_mixin.py:190} INFO - [2025-04-28T11:14:39.048-0400] {dag.py:4180} INFO - Setting next_dagrun for tutorial to 2025-04-27 00:00:00+00:00, run_after=2025-04-28 00:00:00+00:00
[2025-04-28T11:14:39.066-0400] {processor.py:208} INFO - Processing /home/aangava/MSP/airflow_venv/lib/python3.12/site-packages/airflow/example_dags/tutorial.py took 0.064 seconds
[2025-04-28T11:15:41.963-0400] {processor.py:186} INFO - Started process (PID=20052) to work on /home/aangava/MSP/airflow_venv/lib/python3.12/site-packages/airflow/example_dags/tutorial.py
[2025-04-28T11:15:41.964-0400] {processor.py:914} INFO - Processing file /home/aangava/MSP/airflow_venv/lib/python3.12/site-packages/airflow/example_dags/tutorial.py for tasks to queue
[2025-04-28T11:15:41.966-0400] {logging_mixin.py:190} INFO - [2025-04-28T11:15:41.965-0400] {dagbag.py:588} INFO - Filling up the DagBag from /home/aangava/MSP/airflow_venv/lib/python3.12/site-packages/airflow/example_dags/tutorial.py
[2025-04-28T11:15:41.975-0400] {processor.py:925} INFO - DAG(s) 'tutorial' retrieved from /home/aangava/MSP/airflow_venv/lib/python3.12/site-packages/airflow/example_dags/tutorial.py
[2025-04-28T11:15:41.995-0400] {logging_mixin.py:190} INFO - [2025-04-28T11:15:41.994-0400] {dag.py:3239} INFO - Sync 1 DAGs
[2025-04-28T11:15:42.021-0400] {logging_mixin.py:190} INFO - [2025-04-28T11:15:42.021-0400] {dag.py:4180} INFO - Setting next_dagrun for tutorial to 2025-04-27 00:00:00+00:00, run_after=2025-04-28 00:00:00+00:00
[2025-04-28T11:15:42.050-0400] {processor.py:208} INFO - Processing /home/aangava/MSP/airflow_venv/lib/python3.12/site-packages/airflow/example_dags/tutorial.py took 0.093 seconds
[2025-04-28T11:16:43.297-0400] {processor.py:186} INFO - Started process (PID=20515) to work on /home/aangava/MSP/airflow_venv/lib/python3.12/site-packages/airflow/example_dags/tutorial.py
[2025-04-28T11:16:43.308-0400] {processor.py:914} INFO - Processing file /home/aangava/MSP/airflow_venv/lib/python3.12/site-packages/airflow/example_dags/tutorial.py for tasks to queue
[2025-04-28T11:16:43.310-0400] {logging_mixin.py:190} INFO - [2025-04-28T11:16:43.309-0400] {dagbag.py:588} INFO - Filling up the DagBag from /home/aangava/MSP/airflow_venv/lib/python3.12/site-packages/airflow/example_dags/tutorial.py
[2025-04-28T11:16:43.320-0400] {processor.py:925} INFO - DAG(s) 'tutorial' retrieved from /home/aangava/MSP/airflow_venv/lib/python3.12/site-packages/airflow/example_dags/tutorial.py
[2025-04-28T11:16:43.339-0400] {logging_mixin.py:190} INFO - [2025-04-28T11:16:43.338-0400] {dag.py:3239} INFO - Sync 1 DAGs
[2025-04-28T11:16:43.363-0400] {logging_mixin.py:190} INFO - [2025-04-28T11:16:43.363-0400] {dag.py:4180} INFO - Setting next_dagrun for tutorial to 2025-04-27 00:00:00+00:00, run_after=2025-04-28 00:00:00+00:00
[2025-04-28T11:16:43.386-0400] {processor.py:208} INFO - Processing /home/aangava/MSP/airflow_venv/lib/python3.12/site-packages/airflow/example_dags/tutorial.py took 0.098 seconds
[2025-04-28T11:17:44.892-0400] {processor.py:186} INFO - Started process (PID=20943) to work on /home/aangava/MSP/airflow_venv/lib/python3.12/site-packages/airflow/example_dags/tutorial.py
[2025-04-28T11:17:44.903-0400] {processor.py:914} INFO - Processing file /home/aangava/MSP/airflow_venv/lib/python3.12/site-packages/airflow/example_dags/tutorial.py for tasks to queue
[2025-04-28T11:17:44.906-0400] {logging_mixin.py:190} INFO - [2025-04-28T11:17:44.905-0400] {dagbag.py:588} INFO - Filling up the DagBag from /home/aangava/MSP/airflow_venv/lib/python3.12/site-packages/airflow/example_dags/tutorial.py
[2025-04-28T11:17:44.917-0400] {processor.py:925} INFO - DAG(s) 'tutorial' retrieved from /home/aangava/MSP/airflow_venv/lib/python3.12/site-packages/airflow/example_dags/tutorial.py
[2025-04-28T11:17:44.935-0400] {logging_mixin.py:190} INFO - [2025-04-28T11:17:44.935-0400] {dag.py:3239} INFO - Sync 1 DAGs
[2025-04-28T11:17:44.958-0400] {logging_mixin.py:190} INFO - [2025-04-28T11:17:44.958-0400] {dag.py:4180} INFO - Setting next_dagrun for tutorial to 2025-04-27 00:00:00+00:00, run_after=2025-04-28 00:00:00+00:00
[2025-04-28T11:17:44.981-0400] {processor.py:208} INFO - Processing /home/aangava/MSP/airflow_venv/lib/python3.12/site-packages/airflow/example_dags/tutorial.py took 0.098 seconds
[2025-04-28T11:18:48.937-0400] {processor.py:186} INFO - Started process (PID=21444) to work on /home/aangava/MSP/airflow_venv/lib/python3.12/site-packages/airflow/example_dags/tutorial.py
[2025-04-28T11:18:48.949-0400] {processor.py:914} INFO - Processing file /home/aangava/MSP/airflow_venv/lib/python3.12/site-packages/airflow/example_dags/tutorial.py for tasks to queue
[2025-04-28T11:18:48.952-0400] {logging_mixin.py:190} INFO - [2025-04-28T11:18:48.951-0400] {dagbag.py:588} INFO - Filling up the DagBag from /home/aangava/MSP/airflow_venv/lib/python3.12/site-packages/airflow/example_dags/tutorial.py
[2025-04-28T11:18:48.966-0400] {processor.py:925} INFO - DAG(s) 'tutorial' retrieved from /home/aangava/MSP/airflow_venv/lib/python3.12/site-packages/airflow/example_dags/tutorial.py
[2025-04-28T11:18:48.987-0400] {logging_mixin.py:190} INFO - [2025-04-28T11:18:48.986-0400] {dag.py:3239} INFO - Sync 1 DAGs
[2025-04-28T11:18:49.014-0400] {logging_mixin.py:190} INFO - [2025-04-28T11:18:49.013-0400] {dag.py:4180} INFO - Setting next_dagrun for tutorial to 2025-04-27 00:00:00+00:00, run_after=2025-04-28 00:00:00+00:00
[2025-04-28T11:18:49.043-0400] {processor.py:208} INFO - Processing /home/aangava/MSP/airflow_venv/lib/python3.12/site-packages/airflow/example_dags/tutorial.py took 0.121 seconds
[2025-04-28T11:19:46.650-0400] {processor.py:186} INFO - Started process (PID=21702) to work on /home/aangava/MSP/airflow_venv/lib/python3.12/site-packages/airflow/example_dags/tutorial.py
[2025-04-28T11:19:46.652-0400] {processor.py:914} INFO - Processing file /home/aangava/MSP/airflow_venv/lib/python3.12/site-packages/airflow/example_dags/tutorial.py for tasks to queue
[2025-04-28T11:19:46.654-0400] {logging_mixin.py:190} INFO - [2025-04-28T11:19:46.654-0400] {dagbag.py:588} INFO - Filling up the DagBag from /home/aangava/MSP/airflow_venv/lib/python3.12/site-packages/airflow/example_dags/tutorial.py
[2025-04-28T11:19:46.666-0400] {processor.py:925} INFO - DAG(s) 'tutorial' retrieved from /home/aangava/MSP/airflow_venv/lib/python3.12/site-packages/airflow/example_dags/tutorial.py
[2025-04-28T11:19:46.684-0400] {logging_mixin.py:190} INFO - [2025-04-28T11:19:46.683-0400] {dag.py:3239} INFO - Sync 1 DAGs
[2025-04-28T11:19:46.705-0400] {logging_mixin.py:190} INFO - [2025-04-28T11:19:46.705-0400] {dag.py:4180} INFO - Setting next_dagrun for tutorial to 2025-04-27 00:00:00+00:00, run_after=2025-04-28 00:00:00+00:00
[2025-04-28T11:19:46.735-0400] {processor.py:208} INFO - Processing /home/aangava/MSP/airflow_venv/lib/python3.12/site-packages/airflow/example_dags/tutorial.py took 0.103 seconds
[2025-04-28T11:20:46.149-0400] {processor.py:186} INFO - Started process (PID=22016) to work on /home/aangava/MSP/airflow_venv/lib/python3.12/site-packages/airflow/example_dags/tutorial.py
[2025-04-28T11:20:46.161-0400] {processor.py:914} INFO - Processing file /home/aangava/MSP/airflow_venv/lib/python3.12/site-packages/airflow/example_dags/tutorial.py for tasks to queue
[2025-04-28T11:20:46.164-0400] {logging_mixin.py:190} INFO - [2025-04-28T11:20:46.163-0400] {dagbag.py:588} INFO - Filling up the DagBag from /home/aangava/MSP/airflow_venv/lib/python3.12/site-packages/airflow/example_dags/tutorial.py
[2025-04-28T11:20:46.176-0400] {processor.py:925} INFO - DAG(s) 'tutorial' retrieved from /home/aangava/MSP/airflow_venv/lib/python3.12/site-packages/airflow/example_dags/tutorial.py
[2025-04-28T11:20:46.196-0400] {logging_mixin.py:190} INFO - [2025-04-28T11:20:46.196-0400] {dag.py:3239} INFO - Sync 1 DAGs
[2025-04-28T11:20:46.221-0400] {logging_mixin.py:190} INFO - [2025-04-28T11:20:46.220-0400] {dag.py:4180} INFO - Setting next_dagrun for tutorial to 2025-04-27 00:00:00+00:00, run_after=2025-04-28 00:00:00+00:00
[2025-04-28T11:20:46.246-0400] {processor.py:208} INFO - Processing /home/aangava/MSP/airflow_venv/lib/python3.12/site-packages/airflow/example_dags/tutorial.py took 0.107 seconds
[2025-04-28T11:21:57.675-0400] {processor.py:186} INFO - Started process (PID=22745) to work on /home/aangava/MSP/airflow_venv/lib/python3.12/site-packages/airflow/example_dags/tutorial.py
[2025-04-28T11:21:57.678-0400] {processor.py:914} INFO - Processing file /home/aangava/MSP/airflow_venv/lib/python3.12/site-packages/airflow/example_dags/tutorial.py for tasks to queue
[2025-04-28T11:21:57.680-0400] {logging_mixin.py:190} INFO - [2025-04-28T11:21:57.680-0400] {dagbag.py:588} INFO - Filling up the DagBag from /home/aangava/MSP/airflow_venv/lib/python3.12/site-packages/airflow/example_dags/tutorial.py
[2025-04-28T11:21:57.694-0400] {processor.py:925} INFO - DAG(s) 'tutorial' retrieved from /home/aangava/MSP/airflow_venv/lib/python3.12/site-packages/airflow/example_dags/tutorial.py
[2025-04-28T11:21:57.706-0400] {logging_mixin.py:190} INFO - [2025-04-28T11:21:57.705-0400] {dag.py:3239} INFO - Sync 1 DAGs
[2025-04-28T11:21:57.728-0400] {logging_mixin.py:190} INFO - [2025-04-28T11:21:57.728-0400] {dag.py:4180} INFO - Setting next_dagrun for tutorial to 2025-04-27 00:00:00+00:00, run_after=2025-04-28 00:00:00+00:00
[2025-04-28T11:21:57.748-0400] {processor.py:208} INFO - Processing /home/aangava/MSP/airflow_venv/lib/python3.12/site-packages/airflow/example_dags/tutorial.py took 0.080 seconds
[2025-04-28T11:23:10.781-0400] {processor.py:186} INFO - Started process (PID=23248) to work on /home/aangava/MSP/airflow_venv/lib/python3.12/site-packages/airflow/example_dags/tutorial.py
[2025-04-28T11:23:10.792-0400] {processor.py:914} INFO - Processing file /home/aangava/MSP/airflow_venv/lib/python3.12/site-packages/airflow/example_dags/tutorial.py for tasks to queue
[2025-04-28T11:23:10.795-0400] {logging_mixin.py:190} INFO - [2025-04-28T11:23:10.794-0400] {dagbag.py:588} INFO - Filling up the DagBag from /home/aangava/MSP/airflow_venv/lib/python3.12/site-packages/airflow/example_dags/tutorial.py
[2025-04-28T11:23:10.808-0400] {processor.py:925} INFO - DAG(s) 'tutorial' retrieved from /home/aangava/MSP/airflow_venv/lib/python3.12/site-packages/airflow/example_dags/tutorial.py
[2025-04-28T11:23:10.832-0400] {logging_mixin.py:190} INFO - [2025-04-28T11:23:10.832-0400] {dag.py:3239} INFO - Sync 1 DAGs
[2025-04-28T11:23:10.858-0400] {logging_mixin.py:190} INFO - [2025-04-28T11:23:10.858-0400] {dag.py:4180} INFO - Setting next_dagrun for tutorial to 2025-04-27 00:00:00+00:00, run_after=2025-04-28 00:00:00+00:00
[2025-04-28T11:23:10.884-0400] {processor.py:208} INFO - Processing /home/aangava/MSP/airflow_venv/lib/python3.12/site-packages/airflow/example_dags/tutorial.py took 0.113 seconds
[2025-04-28T11:24:14.228-0400] {processor.py:186} INFO - Started process (PID=23543) to work on /home/aangava/MSP/airflow_venv/lib/python3.12/site-packages/airflow/example_dags/tutorial.py
[2025-04-28T11:24:14.230-0400] {processor.py:914} INFO - Processing file /home/aangava/MSP/airflow_venv/lib/python3.12/site-packages/airflow/example_dags/tutorial.py for tasks to queue
[2025-04-28T11:24:14.233-0400] {logging_mixin.py:190} INFO - [2025-04-28T11:24:14.232-0400] {dagbag.py:588} INFO - Filling up the DagBag from /home/aangava/MSP/airflow_venv/lib/python3.12/site-packages/airflow/example_dags/tutorial.py
[2025-04-28T11:24:14.245-0400] {processor.py:925} INFO - DAG(s) 'tutorial' retrieved from /home/aangava/MSP/airflow_venv/lib/python3.12/site-packages/airflow/example_dags/tutorial.py
[2025-04-28T11:24:14.265-0400] {logging_mixin.py:190} INFO - [2025-04-28T11:24:14.264-0400] {dag.py:3239} INFO - Sync 1 DAGs
[2025-04-28T11:24:14.290-0400] {logging_mixin.py:190} INFO - [2025-04-28T11:24:14.290-0400] {dag.py:4180} INFO - Setting next_dagrun for tutorial to 2025-04-27 00:00:00+00:00, run_after=2025-04-28 00:00:00+00:00
[2025-04-28T11:24:14.316-0400] {processor.py:208} INFO - Processing /home/aangava/MSP/airflow_venv/lib/python3.12/site-packages/airflow/example_dags/tutorial.py took 0.099 seconds
[2025-04-28T11:25:11.143-0400] {processor.py:186} INFO - Started process (PID=23809) to work on /home/aangava/MSP/airflow_venv/lib/python3.12/site-packages/airflow/example_dags/tutorial.py
[2025-04-28T11:25:11.144-0400] {processor.py:914} INFO - Processing file /home/aangava/MSP/airflow_venv/lib/python3.12/site-packages/airflow/example_dags/tutorial.py for tasks to queue
[2025-04-28T11:25:11.146-0400] {logging_mixin.py:190} INFO - [2025-04-28T11:25:11.145-0400] {dagbag.py:588} INFO - Filling up the DagBag from /home/aangava/MSP/airflow_venv/lib/python3.12/site-packages/airflow/example_dags/tutorial.py
[2025-04-28T11:25:11.152-0400] {processor.py:925} INFO - DAG(s) 'tutorial' retrieved from /home/aangava/MSP/airflow_venv/lib/python3.12/site-packages/airflow/example_dags/tutorial.py
[2025-04-28T11:25:11.164-0400] {logging_mixin.py:190} INFO - [2025-04-28T11:25:11.163-0400] {dag.py:3239} INFO - Sync 1 DAGs
[2025-04-28T11:25:11.178-0400] {logging_mixin.py:190} INFO - [2025-04-28T11:25:11.178-0400] {dag.py:4180} INFO - Setting next_dagrun for tutorial to 2025-04-27 00:00:00+00:00, run_after=2025-04-28 00:00:00+00:00
[2025-04-28T11:25:11.192-0400] {processor.py:208} INFO - Processing /home/aangava/MSP/airflow_venv/lib/python3.12/site-packages/airflow/example_dags/tutorial.py took 0.057 seconds
[2025-04-28T11:26:04.708-0400] {processor.py:186} INFO - Started process (PID=24082) to work on /home/aangava/MSP/airflow_venv/lib/python3.12/site-packages/airflow/example_dags/tutorial.py
[2025-04-28T11:26:04.717-0400] {processor.py:914} INFO - Processing file /home/aangava/MSP/airflow_venv/lib/python3.12/site-packages/airflow/example_dags/tutorial.py for tasks to queue
[2025-04-28T11:26:04.718-0400] {logging_mixin.py:190} INFO - [2025-04-28T11:26:04.718-0400] {dagbag.py:588} INFO - Filling up the DagBag from /home/aangava/MSP/airflow_venv/lib/python3.12/site-packages/airflow/example_dags/tutorial.py
[2025-04-28T11:26:04.724-0400] {processor.py:925} INFO - DAG(s) 'tutorial' retrieved from /home/aangava/MSP/airflow_venv/lib/python3.12/site-packages/airflow/example_dags/tutorial.py
[2025-04-28T11:26:04.734-0400] {logging_mixin.py:190} INFO - [2025-04-28T11:26:04.734-0400] {dag.py:3239} INFO - Sync 1 DAGs
[2025-04-28T11:26:04.747-0400] {logging_mixin.py:190} INFO - [2025-04-28T11:26:04.746-0400] {dag.py:4180} INFO - Setting next_dagrun for tutorial to 2025-04-27 00:00:00+00:00, run_after=2025-04-28 00:00:00+00:00
[2025-04-28T11:26:04.763-0400] {processor.py:208} INFO - Processing /home/aangava/MSP/airflow_venv/lib/python3.12/site-packages/airflow/example_dags/tutorial.py took 0.060 seconds
[2025-04-28T11:26:56.130-0400] {processor.py:186} INFO - Started process (PID=24321) to work on /home/aangava/MSP/airflow_venv/lib/python3.12/site-packages/airflow/example_dags/tutorial.py
[2025-04-28T11:26:56.132-0400] {processor.py:914} INFO - Processing file /home/aangava/MSP/airflow_venv/lib/python3.12/site-packages/airflow/example_dags/tutorial.py for tasks to queue
[2025-04-28T11:26:56.134-0400] {logging_mixin.py:190} INFO - [2025-04-28T11:26:56.133-0400] {dagbag.py:588} INFO - Filling up the DagBag from /home/aangava/MSP/airflow_venv/lib/python3.12/site-packages/airflow/example_dags/tutorial.py
[2025-04-28T11:26:56.140-0400] {processor.py:925} INFO - DAG(s) 'tutorial' retrieved from /home/aangava/MSP/airflow_venv/lib/python3.12/site-packages/airflow/example_dags/tutorial.py
[2025-04-28T11:26:56.150-0400] {logging_mixin.py:190} INFO - [2025-04-28T11:26:56.150-0400] {dag.py:3239} INFO - Sync 1 DAGs
[2025-04-28T11:26:56.163-0400] {logging_mixin.py:190} INFO - [2025-04-28T11:26:56.163-0400] {dag.py:4180} INFO - Setting next_dagrun for tutorial to 2025-04-27 00:00:00+00:00, run_after=2025-04-28 00:00:00+00:00
[2025-04-28T11:26:56.177-0400] {processor.py:208} INFO - Processing /home/aangava/MSP/airflow_venv/lib/python3.12/site-packages/airflow/example_dags/tutorial.py took 0.051 seconds
[2025-04-28T11:28:00.847-0400] {processor.py:186} INFO - Started process (PID=25062) to work on /home/aangava/MSP/airflow_venv/lib/python3.12/site-packages/airflow/example_dags/tutorial.py
[2025-04-28T11:28:00.849-0400] {processor.py:914} INFO - Processing file /home/aangava/MSP/airflow_venv/lib/python3.12/site-packages/airflow/example_dags/tutorial.py for tasks to queue
[2025-04-28T11:28:00.851-0400] {logging_mixin.py:190} INFO - [2025-04-28T11:28:00.851-0400] {dagbag.py:588} INFO - Filling up the DagBag from /home/aangava/MSP/airflow_venv/lib/python3.12/site-packages/airflow/example_dags/tutorial.py
[2025-04-28T11:28:00.858-0400] {processor.py:925} INFO - DAG(s) 'tutorial' retrieved from /home/aangava/MSP/airflow_venv/lib/python3.12/site-packages/airflow/example_dags/tutorial.py
[2025-04-28T11:28:00.867-0400] {logging_mixin.py:190} INFO - [2025-04-28T11:28:00.867-0400] {dag.py:3239} INFO - Sync 1 DAGs
[2025-04-28T11:28:00.880-0400] {logging_mixin.py:190} INFO - [2025-04-28T11:28:00.880-0400] {dag.py:4180} INFO - Setting next_dagrun for tutorial to 2025-04-27 00:00:00+00:00, run_after=2025-04-28 00:00:00+00:00
[2025-04-28T11:28:00.893-0400] {processor.py:208} INFO - Processing /home/aangava/MSP/airflow_venv/lib/python3.12/site-packages/airflow/example_dags/tutorial.py took 0.051 seconds
[2025-04-28T11:28:57.304-0400] {processor.py:186} INFO - Started process (PID=25413) to work on /home/aangava/MSP/airflow_venv/lib/python3.12/site-packages/airflow/example_dags/tutorial.py
[2025-04-28T11:28:57.306-0400] {processor.py:914} INFO - Processing file /home/aangava/MSP/airflow_venv/lib/python3.12/site-packages/airflow/example_dags/tutorial.py for tasks to queue
[2025-04-28T11:28:57.308-0400] {logging_mixin.py:190} INFO - [2025-04-28T11:28:57.308-0400] {dagbag.py:588} INFO - Filling up the DagBag from /home/aangava/MSP/airflow_venv/lib/python3.12/site-packages/airflow/example_dags/tutorial.py
[2025-04-28T11:28:57.315-0400] {processor.py:925} INFO - DAG(s) 'tutorial' retrieved from /home/aangava/MSP/airflow_venv/lib/python3.12/site-packages/airflow/example_dags/tutorial.py
[2025-04-28T11:28:57.327-0400] {logging_mixin.py:190} INFO - [2025-04-28T11:28:57.326-0400] {dag.py:3239} INFO - Sync 1 DAGs
[2025-04-28T11:28:57.343-0400] {logging_mixin.py:190} INFO - [2025-04-28T11:28:57.343-0400] {dag.py:4180} INFO - Setting next_dagrun for tutorial to 2025-04-27 00:00:00+00:00, run_after=2025-04-28 00:00:00+00:00
[2025-04-28T11:28:57.359-0400] {processor.py:208} INFO - Processing /home/aangava/MSP/airflow_venv/lib/python3.12/site-packages/airflow/example_dags/tutorial.py took 0.061 seconds
[2025-04-28T11:30:14.105-0400] {processor.py:186} INFO - Started process (PID=26116) to work on /home/aangava/MSP/airflow_venv/lib/python3.12/site-packages/airflow/example_dags/tutorial.py
[2025-04-28T11:30:14.106-0400] {processor.py:914} INFO - Processing file /home/aangava/MSP/airflow_venv/lib/python3.12/site-packages/airflow/example_dags/tutorial.py for tasks to queue
[2025-04-28T11:30:14.107-0400] {logging_mixin.py:190} INFO - [2025-04-28T11:30:14.107-0400] {dagbag.py:588} INFO - Filling up the DagBag from /home/aangava/MSP/airflow_venv/lib/python3.12/site-packages/airflow/example_dags/tutorial.py
[2025-04-28T11:30:14.114-0400] {processor.py:925} INFO - DAG(s) 'tutorial' retrieved from /home/aangava/MSP/airflow_venv/lib/python3.12/site-packages/airflow/example_dags/tutorial.py
[2025-04-28T11:30:14.125-0400] {logging_mixin.py:190} INFO - [2025-04-28T11:30:14.125-0400] {dag.py:3239} INFO - Sync 1 DAGs
[2025-04-28T11:30:14.140-0400] {logging_mixin.py:190} INFO - [2025-04-28T11:30:14.139-0400] {dag.py:4180} INFO - Setting next_dagrun for tutorial to 2025-04-27 00:00:00+00:00, run_after=2025-04-28 00:00:00+00:00
[2025-04-28T11:30:14.154-0400] {processor.py:208} INFO - Processing /home/aangava/MSP/airflow_venv/lib/python3.12/site-packages/airflow/example_dags/tutorial.py took 0.055 seconds
[2025-04-28T11:31:10.204-0400] {processor.py:186} INFO - Started process (PID=26378) to work on /home/aangava/MSP/airflow_venv/lib/python3.12/site-packages/airflow/example_dags/tutorial.py
[2025-04-28T11:31:10.206-0400] {processor.py:914} INFO - Processing file /home/aangava/MSP/airflow_venv/lib/python3.12/site-packages/airflow/example_dags/tutorial.py for tasks to queue
[2025-04-28T11:31:10.207-0400] {logging_mixin.py:190} INFO - [2025-04-28T11:31:10.206-0400] {dagbag.py:588} INFO - Filling up the DagBag from /home/aangava/MSP/airflow_venv/lib/python3.12/site-packages/airflow/example_dags/tutorial.py
[2025-04-28T11:31:10.214-0400] {processor.py:925} INFO - DAG(s) 'tutorial' retrieved from /home/aangava/MSP/airflow_venv/lib/python3.12/site-packages/airflow/example_dags/tutorial.py
[2025-04-28T11:31:10.224-0400] {logging_mixin.py:190} INFO - [2025-04-28T11:31:10.224-0400] {dag.py:3239} INFO - Sync 1 DAGs
[2025-04-28T11:31:10.237-0400] {logging_mixin.py:190} INFO - [2025-04-28T11:31:10.237-0400] {dag.py:4180} INFO - Setting next_dagrun for tutorial to 2025-04-27 00:00:00+00:00, run_after=2025-04-28 00:00:00+00:00
[2025-04-28T11:31:10.251-0400] {processor.py:208} INFO - Processing /home/aangava/MSP/airflow_venv/lib/python3.12/site-packages/airflow/example_dags/tutorial.py took 0.052 seconds
[2025-04-28T11:32:03.076-0400] {processor.py:186} INFO - Started process (PID=26626) to work on /home/aangava/MSP/airflow_venv/lib/python3.12/site-packages/airflow/example_dags/tutorial.py
[2025-04-28T11:32:03.078-0400] {processor.py:914} INFO - Processing file /home/aangava/MSP/airflow_venv/lib/python3.12/site-packages/airflow/example_dags/tutorial.py for tasks to queue
[2025-04-28T11:32:03.080-0400] {logging_mixin.py:190} INFO - [2025-04-28T11:32:03.079-0400] {dagbag.py:588} INFO - Filling up the DagBag from /home/aangava/MSP/airflow_venv/lib/python3.12/site-packages/airflow/example_dags/tutorial.py
[2025-04-28T11:32:03.086-0400] {processor.py:925} INFO - DAG(s) 'tutorial' retrieved from /home/aangava/MSP/airflow_venv/lib/python3.12/site-packages/airflow/example_dags/tutorial.py
[2025-04-28T11:32:03.096-0400] {logging_mixin.py:190} INFO - [2025-04-28T11:32:03.096-0400] {dag.py:3239} INFO - Sync 1 DAGs
[2025-04-28T11:32:03.110-0400] {logging_mixin.py:190} INFO - [2025-04-28T11:32:03.110-0400] {dag.py:4180} INFO - Setting next_dagrun for tutorial to 2025-04-27 00:00:00+00:00, run_after=2025-04-28 00:00:00+00:00
[2025-04-28T11:32:03.123-0400] {processor.py:208} INFO - Processing /home/aangava/MSP/airflow_venv/lib/python3.12/site-packages/airflow/example_dags/tutorial.py took 0.051 seconds
[2025-04-28T11:32:56.509-0400] {processor.py:186} INFO - Started process (PID=26909) to work on /home/aangava/MSP/airflow_venv/lib/python3.12/site-packages/airflow/example_dags/tutorial.py
[2025-04-28T11:32:56.510-0400] {processor.py:914} INFO - Processing file /home/aangava/MSP/airflow_venv/lib/python3.12/site-packages/airflow/example_dags/tutorial.py for tasks to queue
[2025-04-28T11:32:56.511-0400] {logging_mixin.py:190} INFO - [2025-04-28T11:32:56.511-0400] {dagbag.py:588} INFO - Filling up the DagBag from /home/aangava/MSP/airflow_venv/lib/python3.12/site-packages/airflow/example_dags/tutorial.py
[2025-04-28T11:32:56.517-0400] {processor.py:925} INFO - DAG(s) 'tutorial' retrieved from /home/aangava/MSP/airflow_venv/lib/python3.12/site-packages/airflow/example_dags/tutorial.py
[2025-04-28T11:32:56.528-0400] {logging_mixin.py:190} INFO - [2025-04-28T11:32:56.528-0400] {dag.py:3239} INFO - Sync 1 DAGs
[2025-04-28T11:32:56.541-0400] {logging_mixin.py:190} INFO - [2025-04-28T11:32:56.541-0400] {dag.py:4180} INFO - Setting next_dagrun for tutorial to 2025-04-27 00:00:00+00:00, run_after=2025-04-28 00:00:00+00:00
[2025-04-28T11:32:56.556-0400] {processor.py:208} INFO - Processing /home/aangava/MSP/airflow_venv/lib/python3.12/site-packages/airflow/example_dags/tutorial.py took 0.051 seconds
[2025-04-28T11:33:49.509-0400] {processor.py:186} INFO - Started process (PID=27231) to work on /home/aangava/MSP/airflow_venv/lib/python3.12/site-packages/airflow/example_dags/tutorial.py
[2025-04-28T11:33:49.520-0400] {processor.py:914} INFO - Processing file /home/aangava/MSP/airflow_venv/lib/python3.12/site-packages/airflow/example_dags/tutorial.py for tasks to queue
[2025-04-28T11:33:49.521-0400] {logging_mixin.py:190} INFO - [2025-04-28T11:33:49.521-0400] {dagbag.py:588} INFO - Filling up the DagBag from /home/aangava/MSP/airflow_venv/lib/python3.12/site-packages/airflow/example_dags/tutorial.py
[2025-04-28T11:33:49.528-0400] {processor.py:925} INFO - DAG(s) 'tutorial' retrieved from /home/aangava/MSP/airflow_venv/lib/python3.12/site-packages/airflow/example_dags/tutorial.py
[2025-04-28T11:33:49.540-0400] {logging_mixin.py:190} INFO - [2025-04-28T11:33:49.539-0400] {dag.py:3239} INFO - Sync 1 DAGs
[2025-04-28T11:33:49.554-0400] {logging_mixin.py:190} INFO - [2025-04-28T11:33:49.554-0400] {dag.py:4180} INFO - Setting next_dagrun for tutorial to 2025-04-27 00:00:00+00:00, run_after=2025-04-28 00:00:00+00:00
[2025-04-28T11:33:49.567-0400] {processor.py:208} INFO - Processing /home/aangava/MSP/airflow_venv/lib/python3.12/site-packages/airflow/example_dags/tutorial.py took 0.063 seconds
[2025-04-28T11:34:42.847-0400] {processor.py:186} INFO - Started process (PID=27650) to work on /home/aangava/MSP/airflow_venv/lib/python3.12/site-packages/airflow/example_dags/tutorial.py
[2025-04-28T11:34:42.857-0400] {processor.py:914} INFO - Processing file /home/aangava/MSP/airflow_venv/lib/python3.12/site-packages/airflow/example_dags/tutorial.py for tasks to queue
[2025-04-28T11:34:42.859-0400] {logging_mixin.py:190} INFO - [2025-04-28T11:34:42.859-0400] {dagbag.py:588} INFO - Filling up the DagBag from /home/aangava/MSP/airflow_venv/lib/python3.12/site-packages/airflow/example_dags/tutorial.py
[2025-04-28T11:34:42.866-0400] {processor.py:925} INFO - DAG(s) 'tutorial' retrieved from /home/aangava/MSP/airflow_venv/lib/python3.12/site-packages/airflow/example_dags/tutorial.py
[2025-04-28T11:34:42.880-0400] {logging_mixin.py:190} INFO - [2025-04-28T11:34:42.879-0400] {dag.py:3239} INFO - Sync 1 DAGs
[2025-04-28T11:34:42.894-0400] {logging_mixin.py:190} INFO - [2025-04-28T11:34:42.894-0400] {dag.py:4180} INFO - Setting next_dagrun for tutorial to 2025-04-27 00:00:00+00:00, run_after=2025-04-28 00:00:00+00:00
[2025-04-28T11:34:42.906-0400] {processor.py:208} INFO - Processing /home/aangava/MSP/airflow_venv/lib/python3.12/site-packages/airflow/example_dags/tutorial.py took 0.064 seconds
[2025-04-28T11:35:58.202-0400] {processor.py:186} INFO - Started process (PID=28041) to work on /home/aangava/MSP/airflow_venv/lib/python3.12/site-packages/airflow/example_dags/tutorial.py
[2025-04-28T11:35:58.204-0400] {processor.py:914} INFO - Processing file /home/aangava/MSP/airflow_venv/lib/python3.12/site-packages/airflow/example_dags/tutorial.py for tasks to queue
[2025-04-28T11:35:58.205-0400] {logging_mixin.py:190} INFO - [2025-04-28T11:35:58.205-0400] {dagbag.py:588} INFO - Filling up the DagBag from /home/aangava/MSP/airflow_venv/lib/python3.12/site-packages/airflow/example_dags/tutorial.py
[2025-04-28T11:35:58.212-0400] {processor.py:925} INFO - DAG(s) 'tutorial' retrieved from /home/aangava/MSP/airflow_venv/lib/python3.12/site-packages/airflow/example_dags/tutorial.py
[2025-04-28T11:35:58.222-0400] {logging_mixin.py:190} INFO - [2025-04-28T11:35:58.222-0400] {dag.py:3239} INFO - Sync 1 DAGs
[2025-04-28T11:35:58.235-0400] {logging_mixin.py:190} INFO - [2025-04-28T11:35:58.235-0400] {dag.py:4180} INFO - Setting next_dagrun for tutorial to 2025-04-27 00:00:00+00:00, run_after=2025-04-28 00:00:00+00:00
[2025-04-28T11:35:58.248-0400] {processor.py:208} INFO - Processing /home/aangava/MSP/airflow_venv/lib/python3.12/site-packages/airflow/example_dags/tutorial.py took 0.051 seconds
[2025-04-28T11:36:49.703-0400] {processor.py:186} INFO - Started process (PID=28427) to work on /home/aangava/MSP/airflow_venv/lib/python3.12/site-packages/airflow/example_dags/tutorial.py
[2025-04-28T11:36:49.704-0400] {processor.py:914} INFO - Processing file /home/aangava/MSP/airflow_venv/lib/python3.12/site-packages/airflow/example_dags/tutorial.py for tasks to queue
[2025-04-28T11:36:49.705-0400] {logging_mixin.py:190} INFO - [2025-04-28T11:36:49.705-0400] {dagbag.py:588} INFO - Filling up the DagBag from /home/aangava/MSP/airflow_venv/lib/python3.12/site-packages/airflow/example_dags/tutorial.py
[2025-04-28T11:36:49.711-0400] {processor.py:925} INFO - DAG(s) 'tutorial' retrieved from /home/aangava/MSP/airflow_venv/lib/python3.12/site-packages/airflow/example_dags/tutorial.py
[2025-04-28T11:36:49.722-0400] {logging_mixin.py:190} INFO - [2025-04-28T11:36:49.722-0400] {dag.py:3239} INFO - Sync 1 DAGs
[2025-04-28T11:36:49.736-0400] {logging_mixin.py:190} INFO - [2025-04-28T11:36:49.736-0400] {dag.py:4180} INFO - Setting next_dagrun for tutorial to 2025-04-27 00:00:00+00:00, run_after=2025-04-28 00:00:00+00:00
[2025-04-28T11:36:49.750-0400] {processor.py:208} INFO - Processing /home/aangava/MSP/airflow_venv/lib/python3.12/site-packages/airflow/example_dags/tutorial.py took 0.052 seconds
[2025-04-28T11:37:41.918-0400] {processor.py:186} INFO - Started process (PID=28650) to work on /home/aangava/MSP/airflow_venv/lib/python3.12/site-packages/airflow/example_dags/tutorial.py
[2025-04-28T11:37:41.920-0400] {processor.py:914} INFO - Processing file /home/aangava/MSP/airflow_venv/lib/python3.12/site-packages/airflow/example_dags/tutorial.py for tasks to queue
[2025-04-28T11:37:41.922-0400] {logging_mixin.py:190} INFO - [2025-04-28T11:37:41.922-0400] {dagbag.py:588} INFO - Filling up the DagBag from /home/aangava/MSP/airflow_venv/lib/python3.12/site-packages/airflow/example_dags/tutorial.py
[2025-04-28T11:37:41.928-0400] {processor.py:925} INFO - DAG(s) 'tutorial' retrieved from /home/aangava/MSP/airflow_venv/lib/python3.12/site-packages/airflow/example_dags/tutorial.py
[2025-04-28T11:37:41.938-0400] {logging_mixin.py:190} INFO - [2025-04-28T11:37:41.938-0400] {dag.py:3239} INFO - Sync 1 DAGs
[2025-04-28T11:37:41.951-0400] {logging_mixin.py:190} INFO - [2025-04-28T11:37:41.951-0400] {dag.py:4180} INFO - Setting next_dagrun for tutorial to 2025-04-27 00:00:00+00:00, run_after=2025-04-28 00:00:00+00:00
[2025-04-28T11:37:41.964-0400] {processor.py:208} INFO - Processing /home/aangava/MSP/airflow_venv/lib/python3.12/site-packages/airflow/example_dags/tutorial.py took 0.051 seconds
[2025-04-28T11:38:34.373-0400] {processor.py:186} INFO - Started process (PID=28925) to work on /home/aangava/MSP/airflow_venv/lib/python3.12/site-packages/airflow/example_dags/tutorial.py
[2025-04-28T11:38:34.375-0400] {processor.py:914} INFO - Processing file /home/aangava/MSP/airflow_venv/lib/python3.12/site-packages/airflow/example_dags/tutorial.py for tasks to queue
[2025-04-28T11:38:34.376-0400] {logging_mixin.py:190} INFO - [2025-04-28T11:38:34.376-0400] {dagbag.py:588} INFO - Filling up the DagBag from /home/aangava/MSP/airflow_venv/lib/python3.12/site-packages/airflow/example_dags/tutorial.py
[2025-04-28T11:38:34.382-0400] {processor.py:925} INFO - DAG(s) 'tutorial' retrieved from /home/aangava/MSP/airflow_venv/lib/python3.12/site-packages/airflow/example_dags/tutorial.py
[2025-04-28T11:38:34.392-0400] {logging_mixin.py:190} INFO - [2025-04-28T11:38:34.392-0400] {dag.py:3239} INFO - Sync 1 DAGs
[2025-04-28T11:38:34.406-0400] {logging_mixin.py:190} INFO - [2025-04-28T11:38:34.406-0400] {dag.py:4180} INFO - Setting next_dagrun for tutorial to 2025-04-27 00:00:00+00:00, run_after=2025-04-28 00:00:00+00:00
[2025-04-28T11:38:34.420-0400] {processor.py:208} INFO - Processing /home/aangava/MSP/airflow_venv/lib/python3.12/site-packages/airflow/example_dags/tutorial.py took 0.052 seconds
[2025-04-28T11:39:26.304-0400] {processor.py:186} INFO - Started process (PID=29172) to work on /home/aangava/MSP/airflow_venv/lib/python3.12/site-packages/airflow/example_dags/tutorial.py
[2025-04-28T11:39:26.314-0400] {processor.py:914} INFO - Processing file /home/aangava/MSP/airflow_venv/lib/python3.12/site-packages/airflow/example_dags/tutorial.py for tasks to queue
[2025-04-28T11:39:26.315-0400] {logging_mixin.py:190} INFO - [2025-04-28T11:39:26.315-0400] {dagbag.py:588} INFO - Filling up the DagBag from /home/aangava/MSP/airflow_venv/lib/python3.12/site-packages/airflow/example_dags/tutorial.py
[2025-04-28T11:39:26.321-0400] {processor.py:925} INFO - DAG(s) 'tutorial' retrieved from /home/aangava/MSP/airflow_venv/lib/python3.12/site-packages/airflow/example_dags/tutorial.py
[2025-04-28T11:39:26.331-0400] {logging_mixin.py:190} INFO - [2025-04-28T11:39:26.331-0400] {dag.py:3239} INFO - Sync 1 DAGs
[2025-04-28T11:39:26.346-0400] {logging_mixin.py:190} INFO - [2025-04-28T11:39:26.345-0400] {dag.py:4180} INFO - Setting next_dagrun for tutorial to 2025-04-27 00:00:00+00:00, run_after=2025-04-28 00:00:00+00:00
[2025-04-28T11:39:26.360-0400] {processor.py:208} INFO - Processing /home/aangava/MSP/airflow_venv/lib/python3.12/site-packages/airflow/example_dags/tutorial.py took 0.061 seconds
[2025-04-28T11:40:21.596-0400] {processor.py:186} INFO - Started process (PID=29507) to work on /home/aangava/MSP/airflow_venv/lib/python3.12/site-packages/airflow/example_dags/tutorial.py
[2025-04-28T11:40:21.607-0400] {processor.py:914} INFO - Processing file /home/aangava/MSP/airflow_venv/lib/python3.12/site-packages/airflow/example_dags/tutorial.py for tasks to queue
[2025-04-28T11:40:21.608-0400] {logging_mixin.py:190} INFO - [2025-04-28T11:40:21.608-0400] {dagbag.py:588} INFO - Filling up the DagBag from /home/aangava/MSP/airflow_venv/lib/python3.12/site-packages/airflow/example_dags/tutorial.py
[2025-04-28T11:40:21.614-0400] {processor.py:925} INFO - DAG(s) 'tutorial' retrieved from /home/aangava/MSP/airflow_venv/lib/python3.12/site-packages/airflow/example_dags/tutorial.py
[2025-04-28T11:40:21.627-0400] {logging_mixin.py:190} INFO - [2025-04-28T11:40:21.627-0400] {dag.py:3239} INFO - Sync 1 DAGs
[2025-04-28T11:40:21.642-0400] {logging_mixin.py:190} INFO - [2025-04-28T11:40:21.642-0400] {dag.py:4180} INFO - Setting next_dagrun for tutorial to 2025-04-27 00:00:00+00:00, run_after=2025-04-28 00:00:00+00:00
[2025-04-28T11:40:21.661-0400] {processor.py:208} INFO - Processing /home/aangava/MSP/airflow_venv/lib/python3.12/site-packages/airflow/example_dags/tutorial.py took 0.069 seconds
[2025-04-28T11:41:16.092-0400] {processor.py:186} INFO - Started process (PID=29786) to work on /home/aangava/MSP/airflow_venv/lib/python3.12/site-packages/airflow/example_dags/tutorial.py
[2025-04-28T11:41:16.102-0400] {processor.py:914} INFO - Processing file /home/aangava/MSP/airflow_venv/lib/python3.12/site-packages/airflow/example_dags/tutorial.py for tasks to queue
[2025-04-28T11:41:16.103-0400] {logging_mixin.py:190} INFO - [2025-04-28T11:41:16.103-0400] {dagbag.py:588} INFO - Filling up the DagBag from /home/aangava/MSP/airflow_venv/lib/python3.12/site-packages/airflow/example_dags/tutorial.py
[2025-04-28T11:41:16.109-0400] {processor.py:925} INFO - DAG(s) 'tutorial' retrieved from /home/aangava/MSP/airflow_venv/lib/python3.12/site-packages/airflow/example_dags/tutorial.py
[2025-04-28T11:41:16.121-0400] {logging_mixin.py:190} INFO - [2025-04-28T11:41:16.121-0400] {dag.py:3239} INFO - Sync 1 DAGs
[2025-04-28T11:41:16.133-0400] {logging_mixin.py:190} INFO - [2025-04-28T11:41:16.133-0400] {dag.py:4180} INFO - Setting next_dagrun for tutorial to 2025-04-27 00:00:00+00:00, run_after=2025-04-28 00:00:00+00:00
[2025-04-28T11:41:16.146-0400] {processor.py:208} INFO - Processing /home/aangava/MSP/airflow_venv/lib/python3.12/site-packages/airflow/example_dags/tutorial.py took 0.059 seconds
