[2025-05-16T13:00:14.545-0400] {processor.py:186} INFO - Started process (PID=58680) to work on /home/aangava/MSP/airflow_venv/lib/python3.12/site-packages/airflow/example_dags/subdags/subdag.py
[2025-05-16T13:00:14.545-0400] {processor.py:914} INFO - Processing file /home/aangava/MSP/airflow_venv/lib/python3.12/site-packages/airflow/example_dags/subdags/subdag.py for tasks to queue
[2025-05-16T13:00:14.546-0400] {logging_mixin.py:190} INFO - [2025-05-16T13:00:14.546-0400] {dagbag.py:588} INFO - Filling up the DagBag from /home/aangava/MSP/airflow_venv/lib/python3.12/site-packages/airflow/example_dags/subdags/subdag.py
[2025-05-16T13:00:14.548-0400] {processor.py:927} WARNING - No viable dags retrieved from /home/aangava/MSP/airflow_venv/lib/python3.12/site-packages/airflow/example_dags/subdags/subdag.py
[2025-05-16T13:00:14.555-0400] {processor.py:208} INFO - Processing /home/aangava/MSP/airflow_venv/lib/python3.12/site-packages/airflow/example_dags/subdags/subdag.py took 0.014 seconds
[2025-05-16T13:03:44.227-0400] {processor.py:186} INFO - Started process (PID=59091) to work on /home/aangava/MSP/airflow_venv/lib/python3.12/site-packages/airflow/example_dags/subdags/subdag.py
[2025-05-16T13:03:44.229-0400] {processor.py:914} INFO - Processing file /home/aangava/MSP/airflow_venv/lib/python3.12/site-packages/airflow/example_dags/subdags/subdag.py for tasks to queue
[2025-05-16T13:03:44.230-0400] {logging_mixin.py:190} INFO - [2025-05-16T13:03:44.230-0400] {dagbag.py:588} INFO - Filling up the DagBag from /home/aangava/MSP/airflow_venv/lib/python3.12/site-packages/airflow/example_dags/subdags/subdag.py
[2025-05-16T13:03:44.231-0400] {processor.py:927} WARNING - No viable dags retrieved from /home/aangava/MSP/airflow_venv/lib/python3.12/site-packages/airflow/example_dags/subdags/subdag.py
[2025-05-16T13:03:44.238-0400] {processor.py:208} INFO - Processing /home/aangava/MSP/airflow_venv/lib/python3.12/site-packages/airflow/example_dags/subdags/subdag.py took 0.014 seconds
[2025-05-16T13:04:59.169-0400] {processor.py:186} INFO - Started process (PID=59533) to work on /home/aangava/MSP/airflow_venv/lib/python3.12/site-packages/airflow/example_dags/subdags/subdag.py
[2025-05-16T13:04:59.179-0400] {processor.py:914} INFO - Processing file /home/aangava/MSP/airflow_venv/lib/python3.12/site-packages/airflow/example_dags/subdags/subdag.py for tasks to queue
[2025-05-16T13:04:59.180-0400] {logging_mixin.py:190} INFO - [2025-05-16T13:04:59.180-0400] {dagbag.py:588} INFO - Filling up the DagBag from /home/aangava/MSP/airflow_venv/lib/python3.12/site-packages/airflow/example_dags/subdags/subdag.py
[2025-05-16T13:04:59.182-0400] {processor.py:927} WARNING - No viable dags retrieved from /home/aangava/MSP/airflow_venv/lib/python3.12/site-packages/airflow/example_dags/subdags/subdag.py
[2025-05-16T13:04:59.188-0400] {processor.py:208} INFO - Processing /home/aangava/MSP/airflow_venv/lib/python3.12/site-packages/airflow/example_dags/subdags/subdag.py took 0.022 seconds
[2025-05-16T16:11:21.251-0400] {processor.py:186} INFO - Started process (PID=95342) to work on /home/aangava/MSP/airflow_venv/lib/python3.12/site-packages/airflow/example_dags/subdags/subdag.py
[2025-05-16T16:11:21.261-0400] {processor.py:914} INFO - Processing file /home/aangava/MSP/airflow_venv/lib/python3.12/site-packages/airflow/example_dags/subdags/subdag.py for tasks to queue
[2025-05-16T16:11:21.263-0400] {logging_mixin.py:190} INFO - [2025-05-16T16:11:21.262-0400] {dagbag.py:588} INFO - Filling up the DagBag from /home/aangava/MSP/airflow_venv/lib/python3.12/site-packages/airflow/example_dags/subdags/subdag.py
[2025-05-16T16:11:21.264-0400] {processor.py:927} WARNING - No viable dags retrieved from /home/aangava/MSP/airflow_venv/lib/python3.12/site-packages/airflow/example_dags/subdags/subdag.py
[2025-05-16T16:11:21.272-0400] {processor.py:208} INFO - Processing /home/aangava/MSP/airflow_venv/lib/python3.12/site-packages/airflow/example_dags/subdags/subdag.py took 0.025 seconds
[2025-05-16T16:12:39.826-0400] {processor.py:186} INFO - Started process (PID=95653) to work on /home/aangava/MSP/airflow_venv/lib/python3.12/site-packages/airflow/example_dags/subdags/subdag.py
[2025-05-16T16:12:39.827-0400] {processor.py:914} INFO - Processing file /home/aangava/MSP/airflow_venv/lib/python3.12/site-packages/airflow/example_dags/subdags/subdag.py for tasks to queue
[2025-05-16T16:12:39.829-0400] {logging_mixin.py:190} INFO - [2025-05-16T16:12:39.828-0400] {dagbag.py:588} INFO - Filling up the DagBag from /home/aangava/MSP/airflow_venv/lib/python3.12/site-packages/airflow/example_dags/subdags/subdag.py
[2025-05-16T16:12:39.831-0400] {processor.py:927} WARNING - No viable dags retrieved from /home/aangava/MSP/airflow_venv/lib/python3.12/site-packages/airflow/example_dags/subdags/subdag.py
[2025-05-16T16:12:39.838-0400] {processor.py:208} INFO - Processing /home/aangava/MSP/airflow_venv/lib/python3.12/site-packages/airflow/example_dags/subdags/subdag.py took 0.017 seconds
[2025-05-16T16:14:04.181-0400] {processor.py:186} INFO - Started process (PID=95988) to work on /home/aangava/MSP/airflow_venv/lib/python3.12/site-packages/airflow/example_dags/subdags/subdag.py
[2025-05-16T16:14:04.182-0400] {processor.py:914} INFO - Processing file /home/aangava/MSP/airflow_venv/lib/python3.12/site-packages/airflow/example_dags/subdags/subdag.py for tasks to queue
[2025-05-16T16:14:04.184-0400] {logging_mixin.py:190} INFO - [2025-05-16T16:14:04.183-0400] {dagbag.py:588} INFO - Filling up the DagBag from /home/aangava/MSP/airflow_venv/lib/python3.12/site-packages/airflow/example_dags/subdags/subdag.py
[2025-05-16T16:14:04.185-0400] {processor.py:927} WARNING - No viable dags retrieved from /home/aangava/MSP/airflow_venv/lib/python3.12/site-packages/airflow/example_dags/subdags/subdag.py
[2025-05-16T16:14:04.192-0400] {processor.py:208} INFO - Processing /home/aangava/MSP/airflow_venv/lib/python3.12/site-packages/airflow/example_dags/subdags/subdag.py took 0.015 seconds
