[2025-05-14T13:14:35.699-0400] {local_task_job_runner.py:123} INFO - ::group::Pre task execution logs
[2025-05-14T13:14:35.713-0400] {taskinstance.py:2614} INFO - Dependencies all met for dep_context=non-requeueable deps ti=<TaskInstance: spotify_pipeline.load_to_snowflake manual__2025-05-14T17:14:19.373446+00:00 [queued]>
[2025-05-14T13:14:35.720-0400] {taskinstance.py:2614} INFO - Dependencies all met for dep_context=requeueable deps ti=<TaskInstance: spotify_pipeline.load_to_snowflake manual__2025-05-14T17:14:19.373446+00:00 [queued]>
[2025-05-14T13:14:35.721-0400] {taskinstance.py:2867} INFO - Starting attempt 1 of 2
[2025-05-14T13:14:35.733-0400] {taskinstance.py:2890} INFO - Executing <Task(PythonOperator): load_to_snowflake> on 2025-05-14 17:14:19.373446+00:00
[2025-05-14T13:14:35.741-0400] {logging_mixin.py:190} WARNING - /home/aangava/MSP/airflow_venv/lib/python3.12/site-packages/airflow/task/task_runner/standard_task_runner.py:70 DeprecationWarning: This process (pid=9253) is multi-threaded, use of fork() may lead to deadlocks in the child.
[2025-05-14T13:14:35.742-0400] {standard_task_runner.py:72} INFO - Started process 9280 to run task
[2025-05-14T13:14:35.742-0400] {standard_task_runner.py:104} INFO - Running: ['airflow', 'tasks', 'run', 'spotify_pipeline', 'load_to_snowflake', 'manual__2025-05-14T17:14:19.373446+00:00', '--job-id', '42', '--raw', '--subdir', 'DAGS_FOLDER/spotify_pipeline.py', '--cfg-path', '/tmp/tmpp6o0_jrj']
[2025-05-14T13:14:35.743-0400] {standard_task_runner.py:105} INFO - Job 42: Subtask load_to_snowflake
[2025-05-14T13:14:35.786-0400] {task_command.py:467} INFO - Running <TaskInstance: spotify_pipeline.load_to_snowflake manual__2025-05-14T17:14:19.373446+00:00 [running]> on host BOOK-NSV5SP728N.
[2025-05-14T13:14:35.849-0400] {taskinstance.py:3134} INFO - Exporting env vars: AIRFLOW_CTX_DAG_OWNER='aanga' AIRFLOW_CTX_DAG_ID='spotify_pipeline' AIRFLOW_CTX_TASK_ID='load_to_snowflake' AIRFLOW_CTX_EXECUTION_DATE='2025-05-14T17:14:19.373446+00:00' AIRFLOW_CTX_TRY_NUMBER='1' AIRFLOW_CTX_DAG_RUN_ID='manual__2025-05-14T17:14:19.373446+00:00'
[2025-05-14T13:14:35.851-0400] {logging_mixin.py:190} INFO - Task instance is in running state
[2025-05-14T13:14:35.851-0400] {logging_mixin.py:190} INFO -  Previous state of the Task instance: queued
[2025-05-14T13:14:35.851-0400] {logging_mixin.py:190} INFO - Current task name:load_to_snowflake state:running start_date:2025-05-14 17:14:35.713515+00:00
[2025-05-14T13:14:35.851-0400] {logging_mixin.py:190} INFO - Dag name:spotify_pipeline and current dag run status:running
[2025-05-14T13:14:35.852-0400] {taskinstance.py:732} INFO - ::endgroup::
[2025-05-14T13:14:35.853-0400] {logging_mixin.py:190} INFO - 2.2.3
[2025-05-14T13:14:35.862-0400] {logging_mixin.py:190} INFO -    test
0     1
1     2
2     3
[2025-05-14T13:14:35.863-0400] {connection.py:477} INFO - Snowflake Connector for Python Version: 3.14.1, Python Version: 3.12.3, Platform: Linux-5.15.167.4-microsoft-standard-WSL2-x86_64-with-glibc2.39
[2025-05-14T13:14:35.864-0400] {connection.py:1400} INFO - Connecting to GLOBAL Snowflake domain
[2025-05-14T13:14:36.483-0400] {logging_mixin.py:190} INFO - Connected to Snowflake successfully.
[2025-05-14T13:14:36.623-0400] {logging_mixin.py:190} INFO - Query executed
[2025-05-14T13:14:36.884-0400] {logging_mixin.py:190} INFO - Query executed
[2025-05-14T13:14:37.088-0400] {logging_mixin.py:190} INFO - Query executed
[2025-05-14T13:14:37.294-0400] {logging_mixin.py:190} INFO - Query executed
[2025-05-14T13:14:37.702-0400] {logging_mixin.py:190} INFO - Query executed
[2025-05-14T13:14:37.806-0400] {logging_mixin.py:190} INFO - Query executed
[2025-05-14T13:14:37.901-0400] {logging_mixin.py:190} INFO - Query executed
[2025-05-14T13:14:40.292-0400] {logging_mixin.py:190} INFO - Loaded 20 rows into ARTIST_STREAMS successfully.
[2025-05-14T13:14:42.723-0400] {logging_mixin.py:190} INFO - Loaded 2 rows into PLAYLISTS successfully.
[2025-05-14T13:14:45.488-0400] {logging_mixin.py:190} INFO - Loaded 117 rows into PLAYLIST_STREAMS successfully.
[2025-05-14T13:14:45.799-0400] {logging_mixin.py:190} INFO - 
Sample from artist_streams:
[2025-05-14T13:14:45.801-0400] {logging_mixin.py:190} INFO - ('5Z71xE9prhpHrqL5thVMyK', 'tripleS', 'Girls Never Die', 67, '<ASSEMBLE24>', 563520, '[\n  "[\'k-pop\']"\n]', '2025-04-16', 'High', True, False, '2025-04-16 15:49:05')
[2025-05-14T13:14:45.801-0400] {logging_mixin.py:190} INFO - ('5Z71xE9prhpHrqL5thVMyK', 'tripleS', 'Generation', 58, 'Acid Angel from Asia <ACCESS>', 563520, '[\n  "[\'k-pop\']"\n]', '2025-04-16', 'Medium', True, False, '2025-04-16 15:49:05')
[2025-05-14T13:14:45.802-0400] {logging_mixin.py:190} INFO - ('5Z71xE9prhpHrqL5thVMyK', 'tripleS', 'Rising', 58, 'ASSEMBLE', 563520, '[\n  "[\'k-pop\']"\n]', '2025-04-16', 'Medium', True, False, '2025-04-16 15:49:05')
[2025-05-14T13:14:45.802-0400] {logging_mixin.py:190} INFO - ('5Z71xE9prhpHrqL5thVMyK', 'tripleS', "Girls' Capitalism", 56, 'LOVElution <ↀ>', 563520, '[\n  "[\'k-pop\']"\n]', '2025-04-16', 'Medium', True, False, '2025-04-16 15:49:05')
[2025-05-14T13:14:45.802-0400] {logging_mixin.py:190} INFO - ('5Z71xE9prhpHrqL5thVMyK', 'tripleS', 'Hit the Floor', 52, 'Visionary Vision <Performante>', 563520, '[\n  "[\'k-pop\']"\n]', '2025-04-16', 'Medium', True, False, '2025-04-16 15:49:05')
[2025-05-14T13:14:46.104-0400] {logging_mixin.py:190} INFO - 
Sample from playlists:
[2025-05-14T13:14:46.104-0400] {logging_mixin.py:190} INFO - ('7vhaamErffNetyvUgueBs3', 'Jimin Painkillers 2025', '316ehswh4ltlx4zkzncp7mnelpei', 1, 41, '2025-04-16', '2025-04-16 15:49:05')
[2025-05-14T13:14:46.105-0400] {logging_mixin.py:190} INFO - ('2wazkzhuzpipWcVKjOa7Vg', 'Jimin Spring 2025 Bangers', '316ehswh4ltlx4zkzncp7mnelpei', 1, 76, '2025-04-16', '2025-04-16 15:49:05')
[2025-05-14T13:14:46.105-0400] {logging_mixin.py:190} INFO - ('7vhaamErffNetyvUgueBs3', 'Jimin Painkillers 2025', '316ehswh4ltlx4zkzncp7mnelpei', 1, 44, '2025-04-19', '2025-04-19 17:55:25')
[2025-05-14T13:14:46.105-0400] {logging_mixin.py:190} INFO - ('2wazkzhuzpipWcVKjOa7Vg', 'Jimin Spring 2025 Bangers', '316ehswh4ltlx4zkzncp7mnelpei', 1, 93, '2025-04-19', '2025-04-19 17:55:25')
[2025-05-14T13:14:46.105-0400] {logging_mixin.py:190} INFO - ('7vhaamErffNetyvUgueBs3', 'Jimin Painkillers 2025', '316ehswh4ltlx4zkzncp7mnelpei', 1, 44, '2025-04-28', '2025-04-28 09:36:55')
[2025-05-14T13:14:46.307-0400] {logging_mixin.py:190} INFO - 
Sample from playlist_streams:
[2025-05-14T13:14:46.308-0400] {logging_mixin.py:190} INFO - ('7vhaamErffNetyvUgueBs3', '2BBIUV8wIBbqc7HXObzdgH', '愛♡スクリ～ム！', 'AiScReam', 68, '愛♡スクリ～ム！', 262105, '2025-04-16', 4.37, '2025-04-16 15:49:05')
[2025-05-14T13:14:46.309-0400] {logging_mixin.py:190} INFO - ('7vhaamErffNetyvUgueBs3', '5Trv9lL1lhLOqHuuG9QpyV', 'E Jan', 'M!LK', 32, 'E Jan', 198440, '2025-04-16', 3.31, '2025-04-16 15:49:05')
[2025-05-14T13:14:46.309-0400] {logging_mixin.py:190} INFO - ('7vhaamErffNetyvUgueBs3', '3KtwMkj9gml6BDeYlyS8nG', 'かわいいだけじゃだめですか？', 'CUTIE STREET', 74, 'かわいいだけじゃだめですか？', 251173, '2025-04-16', 4.19, '2025-04-16 15:49:05')
[2025-05-14T13:14:46.309-0400] {logging_mixin.py:190} INFO - ('7vhaamErffNetyvUgueBs3', '2LHNTC9QZxsL3nWpt8iaSR', 'Abracadabra', 'Lady Gaga', 88, 'MAYHEM', 223398, '2025-04-16', 3.72, '2025-04-16 15:49:05')
[2025-05-14T13:14:46.310-0400] {logging_mixin.py:190} INFO - ('7vhaamErffNetyvUgueBs3', '1SdQjKRW52cHg2SEesQLvH', 'Physical (feat. Troye Sivan)', 'Dua Lipa', 77, 'Physical (feat. Troye Sivan)', 192799, '2025-04-16', 3.21, '2025-04-16 15:49:05')
[2025-05-14T13:14:46.416-0400] {logging_mixin.py:190} INFO - Snowflake connection closed.
[2025-05-14T13:14:46.418-0400] {python.py:240} INFO - Done. Returned value was: None
[2025-05-14T13:14:46.424-0400] {taskinstance.py:341} INFO - ::group::Post task execution logs
[2025-05-14T13:14:46.424-0400] {taskinstance.py:353} INFO - Marking task as SUCCESS. dag_id=spotify_pipeline, task_id=load_to_snowflake, run_id=manual__2025-05-14T17:14:19.373446+00:00, execution_date=20250514T171419, start_date=20250514T171435, end_date=20250514T171446
[2025-05-14T13:14:46.460-0400] {logging_mixin.py:190} INFO - Task instance in success state
[2025-05-14T13:14:46.461-0400] {logging_mixin.py:190} INFO -  Previous state of the Task instance: running
[2025-05-14T13:14:46.461-0400] {logging_mixin.py:190} INFO - Dag name:spotify_pipeline queued_at:2025-05-14 17:14:19.392409+00:00
[2025-05-14T13:14:46.461-0400] {logging_mixin.py:190} INFO - Task hostname:BOOK-NSV5SP728N. operator:PythonOperator
[2025-05-14T13:14:46.477-0400] {local_task_job_runner.py:266} INFO - Task exited with return code 0
[2025-05-14T13:14:46.486-0400] {taskinstance.py:3901} INFO - 0 downstream tasks scheduled from follow-on schedule check
[2025-05-14T13:14:46.487-0400] {local_task_job_runner.py:245} INFO - ::endgroup::
