[2025-04-28T11:21:49.608-0400] {local_task_job_runner.py:123} INFO - ::group::Pre task execution logs
[2025-04-28T11:21:49.615-0400] {taskinstance.py:2614} INFO - Dependencies all met for dep_context=non-requeueable deps ti=<TaskInstance: spotify_pipeline.load_to_snowflake manual__2025-04-28T15:21:38.883440+00:00 [queued]>
[2025-04-28T11:21:49.619-0400] {taskinstance.py:2614} INFO - Dependencies all met for dep_context=requeueable deps ti=<TaskInstance: spotify_pipeline.load_to_snowflake manual__2025-04-28T15:21:38.883440+00:00 [queued]>
[2025-04-28T11:21:49.619-0400] {taskinstance.py:2867} INFO - Starting attempt 1 of 2
[2025-04-28T11:21:49.633-0400] {taskinstance.py:2890} INFO - Executing <Task(PythonOperator): load_to_snowflake> on 2025-04-28 15:21:38.883440+00:00
[2025-04-28T11:21:49.636-0400] {standard_task_runner.py:72} INFO - Started process 22609 to run task
[2025-04-28T11:21:49.638-0400] {standard_task_runner.py:104} INFO - Running: ['airflow', 'tasks', 'run', 'spotify_pipeline', 'load_to_snowflake', 'manual__2025-04-28T15:21:38.883440+00:00', '--job-id', '8', '--raw', '--subdir', 'DAGS_FOLDER/spotify_pipeline.py', '--cfg-path', '/tmp/tmpcnhxotf6']
[2025-04-28T11:21:49.639-0400] {standard_task_runner.py:105} INFO - Job 8: Subtask load_to_snowflake
[2025-04-28T11:21:49.666-0400] {task_command.py:467} INFO - Running <TaskInstance: spotify_pipeline.load_to_snowflake manual__2025-04-28T15:21:38.883440+00:00 [running]> on host BOOK-NSV5SP728N.
[2025-04-28T11:21:49.708-0400] {taskinstance.py:3134} INFO - Exporting env vars: AIRFLOW_CTX_DAG_OWNER='aanga' AIRFLOW_CTX_DAG_ID='spotify_pipeline' AIRFLOW_CTX_TASK_ID='load_to_snowflake' AIRFLOW_CTX_EXECUTION_DATE='2025-04-28T15:21:38.883440+00:00' AIRFLOW_CTX_TRY_NUMBER='1' AIRFLOW_CTX_DAG_RUN_ID='manual__2025-04-28T15:21:38.883440+00:00'
[2025-04-28T11:21:49.709-0400] {logging_mixin.py:190} INFO - Task instance is in running state
[2025-04-28T11:21:49.709-0400] {logging_mixin.py:190} INFO -  Previous state of the Task instance: queued
[2025-04-28T11:21:49.709-0400] {logging_mixin.py:190} INFO - Current task name:load_to_snowflake state:running start_date:2025-04-28 15:21:49.615958+00:00
[2025-04-28T11:21:49.709-0400] {logging_mixin.py:190} INFO - Dag name:spotify_pipeline and current dag run status:running
[2025-04-28T11:21:49.710-0400] {taskinstance.py:732} INFO - ::endgroup::
[2025-04-28T11:21:49.710-0400] {logging_mixin.py:190} INFO - 2.2.3
[2025-04-28T11:21:49.716-0400] {logging_mixin.py:190} INFO -    test
0     1
1     2
2     3
[2025-04-28T11:21:49.720-0400] {connection.py:477} INFO - Snowflake Connector for Python Version: 3.14.1, Python Version: 3.12.3, Platform: Linux-5.15.167.4-microsoft-standard-WSL2-x86_64-with-glibc2.39
[2025-04-28T11:21:49.721-0400] {connection.py:1400} INFO - Connecting to GLOBAL Snowflake domain
[2025-04-28T11:21:50.520-0400] {logging_mixin.py:190} INFO - Connected to Snowflake successfully.
[2025-04-28T11:21:50.725-0400] {logging_mixin.py:190} INFO - Query executed
[2025-04-28T11:21:50.927-0400] {logging_mixin.py:190} INFO - Query executed
[2025-04-28T11:21:51.073-0400] {logging_mixin.py:190} INFO - Query executed
[2025-04-28T11:21:51.247-0400] {logging_mixin.py:190} INFO - Query executed
[2025-04-28T11:21:51.701-0400] {logging_mixin.py:190} INFO - Query executed
[2025-04-28T11:21:51.841-0400] {logging_mixin.py:190} INFO - Query executed
[2025-04-28T11:21:51.972-0400] {logging_mixin.py:190} INFO - Query executed
[2025-04-28T11:21:51.981-0400] {logging_mixin.py:190} INFO - Failed to load cleaned_artist_streams.csv into ARTIST_STREAMS: Missing optional dependency: pandas
[2025-04-28T11:21:51.983-0400] {logging_mixin.py:190} INFO - Failed to load cleaned_playlists.csv into PLAYLISTS: Missing optional dependency: pandas
[2025-04-28T11:21:51.987-0400] {logging_mixin.py:190} INFO - Failed to load cleaned_playlists_tracks_streams.csv into PLAYLIST_STREAMS: Missing optional dependency: pandas
[2025-04-28T11:21:52.204-0400] {logging_mixin.py:190} INFO - 
Sample from artist_streams:
[2025-04-28T11:21:52.205-0400] {logging_mixin.py:190} INFO - ('5Z71xE9prhpHrqL5thVMyK', 'tripleS', 'Girls Never Die', 67, '<ASSEMBLE24>', 563520, '[\n  "[\'k-pop\']"\n]', '2025-04-16', 'High', True, False, '2025-04-16 15:49:05')
[2025-04-28T11:21:52.206-0400] {logging_mixin.py:190} INFO - ('5Z71xE9prhpHrqL5thVMyK', 'tripleS', 'Generation', 58, 'Acid Angel from Asia <ACCESS>', 563520, '[\n  "[\'k-pop\']"\n]', '2025-04-16', 'Medium', True, False, '2025-04-16 15:49:05')
[2025-04-28T11:21:52.206-0400] {logging_mixin.py:190} INFO - ('5Z71xE9prhpHrqL5thVMyK', 'tripleS', 'Rising', 58, 'ASSEMBLE', 563520, '[\n  "[\'k-pop\']"\n]', '2025-04-16', 'Medium', True, False, '2025-04-16 15:49:05')
[2025-04-28T11:21:52.206-0400] {logging_mixin.py:190} INFO - ('5Z71xE9prhpHrqL5thVMyK', 'tripleS', "Girls' Capitalism", 56, 'LOVElution <ↀ>', 563520, '[\n  "[\'k-pop\']"\n]', '2025-04-16', 'Medium', True, False, '2025-04-16 15:49:05')
[2025-04-28T11:21:52.206-0400] {logging_mixin.py:190} INFO - ('5Z71xE9prhpHrqL5thVMyK', 'tripleS', 'Hit the Floor', 52, 'Visionary Vision <Performante>', 563520, '[\n  "[\'k-pop\']"\n]', '2025-04-16', 'Medium', True, False, '2025-04-16 15:49:05')
[2025-04-28T11:21:52.317-0400] {logging_mixin.py:190} INFO - 
Sample from playlists:
[2025-04-28T11:21:52.318-0400] {logging_mixin.py:190} INFO - ('7vhaamErffNetyvUgueBs3', 'Jimin Painkillers 2025', '316ehswh4ltlx4zkzncp7mnelpei', 1, 41, '2025-04-16', '2025-04-16 15:49:05')
[2025-04-28T11:21:52.319-0400] {logging_mixin.py:190} INFO - ('2wazkzhuzpipWcVKjOa7Vg', 'Jimin Spring 2025 Bangers', '316ehswh4ltlx4zkzncp7mnelpei', 1, 76, '2025-04-16', '2025-04-16 15:49:05')
[2025-04-28T11:21:52.319-0400] {logging_mixin.py:190} INFO - ('7vhaamErffNetyvUgueBs3', 'Jimin Painkillers 2025', '316ehswh4ltlx4zkzncp7mnelpei', 1, 44, '2025-04-19', '2025-04-19 17:55:25')
[2025-04-28T11:21:52.319-0400] {logging_mixin.py:190} INFO - ('2wazkzhuzpipWcVKjOa7Vg', 'Jimin Spring 2025 Bangers', '316ehswh4ltlx4zkzncp7mnelpei', 1, 93, '2025-04-19', '2025-04-19 17:55:25')
[2025-04-28T11:21:52.319-0400] {logging_mixin.py:190} INFO - ('7vhaamErffNetyvUgueBs3', 'Jimin Painkillers 2025', '316ehswh4ltlx4zkzncp7mnelpei', 1, 44, '2025-04-28', '2025-04-28 09:36:55')
[2025-04-28T11:21:52.441-0400] {logging_mixin.py:190} INFO - 
Sample from playlist_streams:
[2025-04-28T11:21:52.442-0400] {logging_mixin.py:190} INFO - ('7vhaamErffNetyvUgueBs3', '2BBIUV8wIBbqc7HXObzdgH', '愛♡スクリ～ム！', 'AiScReam', 68, '愛♡スクリ～ム！', 262105, '2025-04-16', 4.37, '2025-04-16 15:49:05')
[2025-04-28T11:21:52.442-0400] {logging_mixin.py:190} INFO - ('7vhaamErffNetyvUgueBs3', '5Trv9lL1lhLOqHuuG9QpyV', 'E Jan', 'M!LK', 32, 'E Jan', 198440, '2025-04-16', 3.31, '2025-04-16 15:49:05')
[2025-04-28T11:21:52.443-0400] {logging_mixin.py:190} INFO - ('7vhaamErffNetyvUgueBs3', '3KtwMkj9gml6BDeYlyS8nG', 'かわいいだけじゃだめですか？', 'CUTIE STREET', 74, 'かわいいだけじゃだめですか？', 251173, '2025-04-16', 4.19, '2025-04-16 15:49:05')
[2025-04-28T11:21:52.443-0400] {logging_mixin.py:190} INFO - ('7vhaamErffNetyvUgueBs3', '2LHNTC9QZxsL3nWpt8iaSR', 'Abracadabra', 'Lady Gaga', 88, 'MAYHEM', 223398, '2025-04-16', 3.72, '2025-04-16 15:49:05')
[2025-04-28T11:21:52.443-0400] {logging_mixin.py:190} INFO - ('7vhaamErffNetyvUgueBs3', '1SdQjKRW52cHg2SEesQLvH', 'Physical (feat. Troye Sivan)', 'Dua Lipa', 77, 'Physical (feat. Troye Sivan)', 192799, '2025-04-16', 3.21, '2025-04-16 15:49:05')
[2025-04-28T11:21:52.550-0400] {logging_mixin.py:190} INFO - Snowflake connection closed.
[2025-04-28T11:21:52.550-0400] {python.py:240} INFO - Done. Returned value was: None
[2025-04-28T11:21:52.556-0400] {taskinstance.py:341} INFO - ::group::Post task execution logs
[2025-04-28T11:21:52.556-0400] {taskinstance.py:353} INFO - Marking task as SUCCESS. dag_id=spotify_pipeline, task_id=load_to_snowflake, run_id=manual__2025-04-28T15:21:38.883440+00:00, execution_date=20250428T152138, start_date=20250428T152149, end_date=20250428T152152
[2025-04-28T11:21:52.589-0400] {logging_mixin.py:190} INFO - Task instance in success state
[2025-04-28T11:21:52.590-0400] {logging_mixin.py:190} INFO -  Previous state of the Task instance: running
[2025-04-28T11:21:52.590-0400] {logging_mixin.py:190} INFO - Dag name:spotify_pipeline queued_at:2025-04-28 15:21:38.902924+00:00
[2025-04-28T11:21:52.591-0400] {logging_mixin.py:190} INFO - Task hostname:BOOK-NSV5SP728N. operator:PythonOperator
[2025-04-28T11:21:52.636-0400] {local_task_job_runner.py:266} INFO - Task exited with return code 0
[2025-04-28T11:21:52.649-0400] {taskinstance.py:3901} INFO - 0 downstream tasks scheduled from follow-on schedule check
[2025-04-28T11:21:52.649-0400] {local_task_job_runner.py:245} INFO - ::endgroup::
