[2025-05-14T23:00:37.683-0400] {processor.py:186} INFO - Started process (PID=45578) to work on /home/aangava/MSP/airflow_venv/lib/python3.12/site-packages/airflow/example_dags/subdags/subdag.py
[2025-05-14T23:00:37.684-0400] {processor.py:914} INFO - Processing file /home/aangava/MSP/airflow_venv/lib/python3.12/site-packages/airflow/example_dags/subdags/subdag.py for tasks to queue
[2025-05-14T23:00:37.686-0400] {logging_mixin.py:190} INFO - [2025-05-14T23:00:37.685-0400] {dagbag.py:588} INFO - Filling up the DagBag from /home/aangava/MSP/airflow_venv/lib/python3.12/site-packages/airflow/example_dags/subdags/subdag.py
[2025-05-14T23:00:37.689-0400] {processor.py:927} WARNING - No viable dags retrieved from /home/aangava/MSP/airflow_venv/lib/python3.12/site-packages/airflow/example_dags/subdags/subdag.py
[2025-05-14T23:00:37.702-0400] {processor.py:208} INFO - Processing /home/aangava/MSP/airflow_venv/lib/python3.12/site-packages/airflow/example_dags/subdags/subdag.py took 0.033 seconds
[2025-05-14T23:01:42.591-0400] {processor.py:186} INFO - Started process (PID=45838) to work on /home/aangava/MSP/airflow_venv/lib/python3.12/site-packages/airflow/example_dags/subdags/subdag.py
[2025-05-14T23:01:42.604-0400] {processor.py:914} INFO - Processing file /home/aangava/MSP/airflow_venv/lib/python3.12/site-packages/airflow/example_dags/subdags/subdag.py for tasks to queue
[2025-05-14T23:01:42.607-0400] {logging_mixin.py:190} INFO - [2025-05-14T23:01:42.606-0400] {dagbag.py:588} INFO - Filling up the DagBag from /home/aangava/MSP/airflow_venv/lib/python3.12/site-packages/airflow/example_dags/subdags/subdag.py
[2025-05-14T23:01:42.611-0400] {processor.py:927} WARNING - No viable dags retrieved from /home/aangava/MSP/airflow_venv/lib/python3.12/site-packages/airflow/example_dags/subdags/subdag.py
[2025-05-14T23:01:42.630-0400] {processor.py:208} INFO - Processing /home/aangava/MSP/airflow_venv/lib/python3.12/site-packages/airflow/example_dags/subdags/subdag.py took 0.048 seconds
[2025-05-14T23:02:44.620-0400] {processor.py:186} INFO - Started process (PID=46081) to work on /home/aangava/MSP/airflow_venv/lib/python3.12/site-packages/airflow/example_dags/subdags/subdag.py
[2025-05-14T23:02:44.633-0400] {processor.py:914} INFO - Processing file /home/aangava/MSP/airflow_venv/lib/python3.12/site-packages/airflow/example_dags/subdags/subdag.py for tasks to queue
[2025-05-14T23:02:44.636-0400] {logging_mixin.py:190} INFO - [2025-05-14T23:02:44.635-0400] {dagbag.py:588} INFO - Filling up the DagBag from /home/aangava/MSP/airflow_venv/lib/python3.12/site-packages/airflow/example_dags/subdags/subdag.py
[2025-05-14T23:02:44.639-0400] {processor.py:927} WARNING - No viable dags retrieved from /home/aangava/MSP/airflow_venv/lib/python3.12/site-packages/airflow/example_dags/subdags/subdag.py
[2025-05-14T23:02:44.656-0400] {processor.py:208} INFO - Processing /home/aangava/MSP/airflow_venv/lib/python3.12/site-packages/airflow/example_dags/subdags/subdag.py took 0.048 seconds
[2025-05-14T23:03:45.690-0400] {processor.py:186} INFO - Started process (PID=46324) to work on /home/aangava/MSP/airflow_venv/lib/python3.12/site-packages/airflow/example_dags/subdags/subdag.py
[2025-05-14T23:03:45.701-0400] {processor.py:914} INFO - Processing file /home/aangava/MSP/airflow_venv/lib/python3.12/site-packages/airflow/example_dags/subdags/subdag.py for tasks to queue
[2025-05-14T23:03:45.704-0400] {logging_mixin.py:190} INFO - [2025-05-14T23:03:45.703-0400] {dagbag.py:588} INFO - Filling up the DagBag from /home/aangava/MSP/airflow_venv/lib/python3.12/site-packages/airflow/example_dags/subdags/subdag.py
[2025-05-14T23:03:45.707-0400] {processor.py:927} WARNING - No viable dags retrieved from /home/aangava/MSP/airflow_venv/lib/python3.12/site-packages/airflow/example_dags/subdags/subdag.py
[2025-05-14T23:03:45.721-0400] {processor.py:208} INFO - Processing /home/aangava/MSP/airflow_venv/lib/python3.12/site-packages/airflow/example_dags/subdags/subdag.py took 0.041 seconds
[2025-05-14T23:05:12.520-0400] {processor.py:186} INFO - Started process (PID=46673) to work on /home/aangava/MSP/airflow_venv/lib/python3.12/site-packages/airflow/example_dags/subdags/subdag.py
[2025-05-14T23:05:12.532-0400] {processor.py:914} INFO - Processing file /home/aangava/MSP/airflow_venv/lib/python3.12/site-packages/airflow/example_dags/subdags/subdag.py for tasks to queue
[2025-05-14T23:05:12.535-0400] {logging_mixin.py:190} INFO - [2025-05-14T23:05:12.534-0400] {dagbag.py:588} INFO - Filling up the DagBag from /home/aangava/MSP/airflow_venv/lib/python3.12/site-packages/airflow/example_dags/subdags/subdag.py
[2025-05-14T23:05:12.539-0400] {processor.py:927} WARNING - No viable dags retrieved from /home/aangava/MSP/airflow_venv/lib/python3.12/site-packages/airflow/example_dags/subdags/subdag.py
[2025-05-14T23:05:12.555-0400] {processor.py:208} INFO - Processing /home/aangava/MSP/airflow_venv/lib/python3.12/site-packages/airflow/example_dags/subdags/subdag.py took 0.044 seconds
[2025-05-14T23:06:14.267-0400] {processor.py:186} INFO - Started process (PID=46932) to work on /home/aangava/MSP/airflow_venv/lib/python3.12/site-packages/airflow/example_dags/subdags/subdag.py
[2025-05-14T23:06:14.269-0400] {processor.py:914} INFO - Processing file /home/aangava/MSP/airflow_venv/lib/python3.12/site-packages/airflow/example_dags/subdags/subdag.py for tasks to queue
[2025-05-14T23:06:14.271-0400] {logging_mixin.py:190} INFO - [2025-05-14T23:06:14.270-0400] {dagbag.py:588} INFO - Filling up the DagBag from /home/aangava/MSP/airflow_venv/lib/python3.12/site-packages/airflow/example_dags/subdags/subdag.py
[2025-05-14T23:06:14.273-0400] {processor.py:927} WARNING - No viable dags retrieved from /home/aangava/MSP/airflow_venv/lib/python3.12/site-packages/airflow/example_dags/subdags/subdag.py
[2025-05-14T23:06:14.284-0400] {processor.py:208} INFO - Processing /home/aangava/MSP/airflow_venv/lib/python3.12/site-packages/airflow/example_dags/subdags/subdag.py took 0.024 seconds
[2025-05-14T23:07:14.905-0400] {processor.py:186} INFO - Started process (PID=47173) to work on /home/aangava/MSP/airflow_venv/lib/python3.12/site-packages/airflow/example_dags/subdags/subdag.py
[2025-05-14T23:07:14.917-0400] {processor.py:914} INFO - Processing file /home/aangava/MSP/airflow_venv/lib/python3.12/site-packages/airflow/example_dags/subdags/subdag.py for tasks to queue
[2025-05-14T23:07:14.919-0400] {logging_mixin.py:190} INFO - [2025-05-14T23:07:14.919-0400] {dagbag.py:588} INFO - Filling up the DagBag from /home/aangava/MSP/airflow_venv/lib/python3.12/site-packages/airflow/example_dags/subdags/subdag.py
[2025-05-14T23:07:14.923-0400] {processor.py:927} WARNING - No viable dags retrieved from /home/aangava/MSP/airflow_venv/lib/python3.12/site-packages/airflow/example_dags/subdags/subdag.py
[2025-05-14T23:07:14.937-0400] {processor.py:208} INFO - Processing /home/aangava/MSP/airflow_venv/lib/python3.12/site-packages/airflow/example_dags/subdags/subdag.py took 0.043 seconds
[2025-05-14T23:08:19.603-0400] {processor.py:186} INFO - Started process (PID=47433) to work on /home/aangava/MSP/airflow_venv/lib/python3.12/site-packages/airflow/example_dags/subdags/subdag.py
[2025-05-14T23:08:19.605-0400] {processor.py:914} INFO - Processing file /home/aangava/MSP/airflow_venv/lib/python3.12/site-packages/airflow/example_dags/subdags/subdag.py for tasks to queue
[2025-05-14T23:08:19.607-0400] {logging_mixin.py:190} INFO - [2025-05-14T23:08:19.606-0400] {dagbag.py:588} INFO - Filling up the DagBag from /home/aangava/MSP/airflow_venv/lib/python3.12/site-packages/airflow/example_dags/subdags/subdag.py
[2025-05-14T23:08:19.610-0400] {processor.py:927} WARNING - No viable dags retrieved from /home/aangava/MSP/airflow_venv/lib/python3.12/site-packages/airflow/example_dags/subdags/subdag.py
[2025-05-14T23:08:19.620-0400] {processor.py:208} INFO - Processing /home/aangava/MSP/airflow_venv/lib/python3.12/site-packages/airflow/example_dags/subdags/subdag.py took 0.023 seconds
[2025-05-14T23:09:20.156-0400] {processor.py:186} INFO - Started process (PID=47670) to work on /home/aangava/MSP/airflow_venv/lib/python3.12/site-packages/airflow/example_dags/subdags/subdag.py
[2025-05-14T23:09:20.167-0400] {processor.py:914} INFO - Processing file /home/aangava/MSP/airflow_venv/lib/python3.12/site-packages/airflow/example_dags/subdags/subdag.py for tasks to queue
[2025-05-14T23:09:20.169-0400] {logging_mixin.py:190} INFO - [2025-05-14T23:09:20.168-0400] {dagbag.py:588} INFO - Filling up the DagBag from /home/aangava/MSP/airflow_venv/lib/python3.12/site-packages/airflow/example_dags/subdags/subdag.py
[2025-05-14T23:09:20.172-0400] {processor.py:927} WARNING - No viable dags retrieved from /home/aangava/MSP/airflow_venv/lib/python3.12/site-packages/airflow/example_dags/subdags/subdag.py
[2025-05-14T23:09:20.186-0400] {processor.py:208} INFO - Processing /home/aangava/MSP/airflow_venv/lib/python3.12/site-packages/airflow/example_dags/subdags/subdag.py took 0.038 seconds
[2025-05-14T23:10:24.477-0400] {processor.py:186} INFO - Started process (PID=47926) to work on /home/aangava/MSP/airflow_venv/lib/python3.12/site-packages/airflow/example_dags/subdags/subdag.py
[2025-05-14T23:10:24.489-0400] {processor.py:914} INFO - Processing file /home/aangava/MSP/airflow_venv/lib/python3.12/site-packages/airflow/example_dags/subdags/subdag.py for tasks to queue
[2025-05-14T23:10:24.491-0400] {logging_mixin.py:190} INFO - [2025-05-14T23:10:24.490-0400] {dagbag.py:588} INFO - Filling up the DagBag from /home/aangava/MSP/airflow_venv/lib/python3.12/site-packages/airflow/example_dags/subdags/subdag.py
[2025-05-14T23:10:24.494-0400] {processor.py:927} WARNING - No viable dags retrieved from /home/aangava/MSP/airflow_venv/lib/python3.12/site-packages/airflow/example_dags/subdags/subdag.py
[2025-05-14T23:10:24.510-0400] {processor.py:208} INFO - Processing /home/aangava/MSP/airflow_venv/lib/python3.12/site-packages/airflow/example_dags/subdags/subdag.py took 0.045 seconds
[2025-05-14T23:11:27.235-0400] {processor.py:186} INFO - Started process (PID=48185) to work on /home/aangava/MSP/airflow_venv/lib/python3.12/site-packages/airflow/example_dags/subdags/subdag.py
[2025-05-14T23:11:27.248-0400] {processor.py:914} INFO - Processing file /home/aangava/MSP/airflow_venv/lib/python3.12/site-packages/airflow/example_dags/subdags/subdag.py for tasks to queue
[2025-05-14T23:11:27.251-0400] {logging_mixin.py:190} INFO - [2025-05-14T23:11:27.250-0400] {dagbag.py:588} INFO - Filling up the DagBag from /home/aangava/MSP/airflow_venv/lib/python3.12/site-packages/airflow/example_dags/subdags/subdag.py
[2025-05-14T23:11:27.255-0400] {processor.py:927} WARNING - No viable dags retrieved from /home/aangava/MSP/airflow_venv/lib/python3.12/site-packages/airflow/example_dags/subdags/subdag.py
[2025-05-14T23:11:27.269-0400] {processor.py:208} INFO - Processing /home/aangava/MSP/airflow_venv/lib/python3.12/site-packages/airflow/example_dags/subdags/subdag.py took 0.044 seconds
[2025-05-14T23:12:31.298-0400] {processor.py:186} INFO - Started process (PID=48444) to work on /home/aangava/MSP/airflow_venv/lib/python3.12/site-packages/airflow/example_dags/subdags/subdag.py
[2025-05-14T23:12:31.310-0400] {processor.py:914} INFO - Processing file /home/aangava/MSP/airflow_venv/lib/python3.12/site-packages/airflow/example_dags/subdags/subdag.py for tasks to queue
[2025-05-14T23:12:31.312-0400] {logging_mixin.py:190} INFO - [2025-05-14T23:12:31.312-0400] {dagbag.py:588} INFO - Filling up the DagBag from /home/aangava/MSP/airflow_venv/lib/python3.12/site-packages/airflow/example_dags/subdags/subdag.py
[2025-05-14T23:12:31.316-0400] {processor.py:927} WARNING - No viable dags retrieved from /home/aangava/MSP/airflow_venv/lib/python3.12/site-packages/airflow/example_dags/subdags/subdag.py
[2025-05-14T23:12:31.329-0400] {processor.py:208} INFO - Processing /home/aangava/MSP/airflow_venv/lib/python3.12/site-packages/airflow/example_dags/subdags/subdag.py took 0.040 seconds
[2025-05-14T23:13:33.969-0400] {processor.py:186} INFO - Started process (PID=48690) to work on /home/aangava/MSP/airflow_venv/lib/python3.12/site-packages/airflow/example_dags/subdags/subdag.py
[2025-05-14T23:13:33.980-0400] {processor.py:914} INFO - Processing file /home/aangava/MSP/airflow_venv/lib/python3.12/site-packages/airflow/example_dags/subdags/subdag.py for tasks to queue
[2025-05-14T23:13:33.983-0400] {logging_mixin.py:190} INFO - [2025-05-14T23:13:33.982-0400] {dagbag.py:588} INFO - Filling up the DagBag from /home/aangava/MSP/airflow_venv/lib/python3.12/site-packages/airflow/example_dags/subdags/subdag.py
[2025-05-14T23:13:33.986-0400] {processor.py:927} WARNING - No viable dags retrieved from /home/aangava/MSP/airflow_venv/lib/python3.12/site-packages/airflow/example_dags/subdags/subdag.py
[2025-05-14T23:13:34.000-0400] {processor.py:208} INFO - Processing /home/aangava/MSP/airflow_venv/lib/python3.12/site-packages/airflow/example_dags/subdags/subdag.py took 0.045 seconds
[2025-05-14T23:15:06.567-0400] {processor.py:186} INFO - Started process (PID=49058) to work on /home/aangava/MSP/airflow_venv/lib/python3.12/site-packages/airflow/example_dags/subdags/subdag.py
[2025-05-14T23:15:06.570-0400] {processor.py:914} INFO - Processing file /home/aangava/MSP/airflow_venv/lib/python3.12/site-packages/airflow/example_dags/subdags/subdag.py for tasks to queue
[2025-05-14T23:15:06.572-0400] {logging_mixin.py:190} INFO - [2025-05-14T23:15:06.571-0400] {dagbag.py:588} INFO - Filling up the DagBag from /home/aangava/MSP/airflow_venv/lib/python3.12/site-packages/airflow/example_dags/subdags/subdag.py
[2025-05-14T23:15:06.575-0400] {processor.py:927} WARNING - No viable dags retrieved from /home/aangava/MSP/airflow_venv/lib/python3.12/site-packages/airflow/example_dags/subdags/subdag.py
[2025-05-14T23:15:06.590-0400] {processor.py:208} INFO - Processing /home/aangava/MSP/airflow_venv/lib/python3.12/site-packages/airflow/example_dags/subdags/subdag.py took 0.032 seconds
[2025-05-14T23:16:10.314-0400] {processor.py:186} INFO - Started process (PID=49320) to work on /home/aangava/MSP/airflow_venv/lib/python3.12/site-packages/airflow/example_dags/subdags/subdag.py
[2025-05-14T23:16:10.316-0400] {processor.py:914} INFO - Processing file /home/aangava/MSP/airflow_venv/lib/python3.12/site-packages/airflow/example_dags/subdags/subdag.py for tasks to queue
[2025-05-14T23:16:10.318-0400] {logging_mixin.py:190} INFO - [2025-05-14T23:16:10.317-0400] {dagbag.py:588} INFO - Filling up the DagBag from /home/aangava/MSP/airflow_venv/lib/python3.12/site-packages/airflow/example_dags/subdags/subdag.py
[2025-05-14T23:16:10.321-0400] {processor.py:927} WARNING - No viable dags retrieved from /home/aangava/MSP/airflow_venv/lib/python3.12/site-packages/airflow/example_dags/subdags/subdag.py
[2025-05-14T23:16:10.332-0400] {processor.py:208} INFO - Processing /home/aangava/MSP/airflow_venv/lib/python3.12/site-packages/airflow/example_dags/subdags/subdag.py took 0.026 seconds
[2025-05-14T23:17:12.261-0400] {processor.py:186} INFO - Started process (PID=49568) to work on /home/aangava/MSP/airflow_venv/lib/python3.12/site-packages/airflow/example_dags/subdags/subdag.py
[2025-05-14T23:17:12.274-0400] {processor.py:914} INFO - Processing file /home/aangava/MSP/airflow_venv/lib/python3.12/site-packages/airflow/example_dags/subdags/subdag.py for tasks to queue
[2025-05-14T23:17:12.277-0400] {logging_mixin.py:190} INFO - [2025-05-14T23:17:12.277-0400] {dagbag.py:588} INFO - Filling up the DagBag from /home/aangava/MSP/airflow_venv/lib/python3.12/site-packages/airflow/example_dags/subdags/subdag.py
[2025-05-14T23:17:12.281-0400] {processor.py:927} WARNING - No viable dags retrieved from /home/aangava/MSP/airflow_venv/lib/python3.12/site-packages/airflow/example_dags/subdags/subdag.py
[2025-05-14T23:17:12.298-0400] {processor.py:208} INFO - Processing /home/aangava/MSP/airflow_venv/lib/python3.12/site-packages/airflow/example_dags/subdags/subdag.py took 0.047 seconds
[2025-05-14T23:18:12.868-0400] {processor.py:186} INFO - Started process (PID=49813) to work on /home/aangava/MSP/airflow_venv/lib/python3.12/site-packages/airflow/example_dags/subdags/subdag.py
[2025-05-14T23:18:12.878-0400] {processor.py:914} INFO - Processing file /home/aangava/MSP/airflow_venv/lib/python3.12/site-packages/airflow/example_dags/subdags/subdag.py for tasks to queue
[2025-05-14T23:18:12.881-0400] {logging_mixin.py:190} INFO - [2025-05-14T23:18:12.880-0400] {dagbag.py:588} INFO - Filling up the DagBag from /home/aangava/MSP/airflow_venv/lib/python3.12/site-packages/airflow/example_dags/subdags/subdag.py
[2025-05-14T23:18:12.884-0400] {processor.py:927} WARNING - No viable dags retrieved from /home/aangava/MSP/airflow_venv/lib/python3.12/site-packages/airflow/example_dags/subdags/subdag.py
[2025-05-14T23:18:12.897-0400] {processor.py:208} INFO - Processing /home/aangava/MSP/airflow_venv/lib/python3.12/site-packages/airflow/example_dags/subdags/subdag.py took 0.041 seconds
[2025-05-14T23:19:15.369-0400] {processor.py:186} INFO - Started process (PID=50056) to work on /home/aangava/MSP/airflow_venv/lib/python3.12/site-packages/airflow/example_dags/subdags/subdag.py
[2025-05-14T23:19:15.373-0400] {processor.py:914} INFO - Processing file /home/aangava/MSP/airflow_venv/lib/python3.12/site-packages/airflow/example_dags/subdags/subdag.py for tasks to queue
[2025-05-14T23:19:15.376-0400] {logging_mixin.py:190} INFO - [2025-05-14T23:19:15.375-0400] {dagbag.py:588} INFO - Filling up the DagBag from /home/aangava/MSP/airflow_venv/lib/python3.12/site-packages/airflow/example_dags/subdags/subdag.py
[2025-05-14T23:19:15.379-0400] {processor.py:927} WARNING - No viable dags retrieved from /home/aangava/MSP/airflow_venv/lib/python3.12/site-packages/airflow/example_dags/subdags/subdag.py
[2025-05-14T23:19:15.394-0400] {processor.py:208} INFO - Processing /home/aangava/MSP/airflow_venv/lib/python3.12/site-packages/airflow/example_dags/subdags/subdag.py took 0.033 seconds
[2025-05-14T23:20:16.683-0400] {processor.py:186} INFO - Started process (PID=50302) to work on /home/aangava/MSP/airflow_venv/lib/python3.12/site-packages/airflow/example_dags/subdags/subdag.py
[2025-05-14T23:20:16.695-0400] {processor.py:914} INFO - Processing file /home/aangava/MSP/airflow_venv/lib/python3.12/site-packages/airflow/example_dags/subdags/subdag.py for tasks to queue
[2025-05-14T23:20:16.699-0400] {logging_mixin.py:190} INFO - [2025-05-14T23:20:16.698-0400] {dagbag.py:588} INFO - Filling up the DagBag from /home/aangava/MSP/airflow_venv/lib/python3.12/site-packages/airflow/example_dags/subdags/subdag.py
[2025-05-14T23:20:16.703-0400] {processor.py:927} WARNING - No viable dags retrieved from /home/aangava/MSP/airflow_venv/lib/python3.12/site-packages/airflow/example_dags/subdags/subdag.py
[2025-05-14T23:20:16.719-0400] {processor.py:208} INFO - Processing /home/aangava/MSP/airflow_venv/lib/python3.12/site-packages/airflow/example_dags/subdags/subdag.py took 0.046 seconds
[2025-05-14T23:21:21.268-0400] {processor.py:186} INFO - Started process (PID=50563) to work on /home/aangava/MSP/airflow_venv/lib/python3.12/site-packages/airflow/example_dags/subdags/subdag.py
[2025-05-14T23:21:21.279-0400] {processor.py:914} INFO - Processing file /home/aangava/MSP/airflow_venv/lib/python3.12/site-packages/airflow/example_dags/subdags/subdag.py for tasks to queue
[2025-05-14T23:21:21.282-0400] {logging_mixin.py:190} INFO - [2025-05-14T23:21:21.281-0400] {dagbag.py:588} INFO - Filling up the DagBag from /home/aangava/MSP/airflow_venv/lib/python3.12/site-packages/airflow/example_dags/subdags/subdag.py
[2025-05-14T23:21:21.286-0400] {processor.py:927} WARNING - No viable dags retrieved from /home/aangava/MSP/airflow_venv/lib/python3.12/site-packages/airflow/example_dags/subdags/subdag.py
[2025-05-14T23:21:21.303-0400] {processor.py:208} INFO - Processing /home/aangava/MSP/airflow_venv/lib/python3.12/site-packages/airflow/example_dags/subdags/subdag.py took 0.043 seconds
[2025-05-14T23:22:23.164-0400] {processor.py:186} INFO - Started process (PID=50809) to work on /home/aangava/MSP/airflow_venv/lib/python3.12/site-packages/airflow/example_dags/subdags/subdag.py
[2025-05-14T23:22:23.175-0400] {processor.py:914} INFO - Processing file /home/aangava/MSP/airflow_venv/lib/python3.12/site-packages/airflow/example_dags/subdags/subdag.py for tasks to queue
[2025-05-14T23:22:23.177-0400] {logging_mixin.py:190} INFO - [2025-05-14T23:22:23.176-0400] {dagbag.py:588} INFO - Filling up the DagBag from /home/aangava/MSP/airflow_venv/lib/python3.12/site-packages/airflow/example_dags/subdags/subdag.py
[2025-05-14T23:22:23.180-0400] {processor.py:927} WARNING - No viable dags retrieved from /home/aangava/MSP/airflow_venv/lib/python3.12/site-packages/airflow/example_dags/subdags/subdag.py
[2025-05-14T23:22:23.190-0400] {processor.py:208} INFO - Processing /home/aangava/MSP/airflow_venv/lib/python3.12/site-packages/airflow/example_dags/subdags/subdag.py took 0.038 seconds
[2025-05-14T23:25:05.462-0400] {processor.py:186} INFO - Started process (PID=51129) to work on /home/aangava/MSP/airflow_venv/lib/python3.12/site-packages/airflow/example_dags/subdags/subdag.py
[2025-05-14T23:25:05.466-0400] {processor.py:914} INFO - Processing file /home/aangava/MSP/airflow_venv/lib/python3.12/site-packages/airflow/example_dags/subdags/subdag.py for tasks to queue
[2025-05-14T23:25:05.469-0400] {logging_mixin.py:190} INFO - [2025-05-14T23:25:05.468-0400] {dagbag.py:588} INFO - Filling up the DagBag from /home/aangava/MSP/airflow_venv/lib/python3.12/site-packages/airflow/example_dags/subdags/subdag.py
[2025-05-14T23:25:05.473-0400] {processor.py:927} WARNING - No viable dags retrieved from /home/aangava/MSP/airflow_venv/lib/python3.12/site-packages/airflow/example_dags/subdags/subdag.py
[2025-05-14T23:25:05.485-0400] {processor.py:208} INFO - Processing /home/aangava/MSP/airflow_venv/lib/python3.12/site-packages/airflow/example_dags/subdags/subdag.py took 0.032 seconds
[2025-05-14T23:26:10.422-0400] {processor.py:186} INFO - Started process (PID=51385) to work on /home/aangava/MSP/airflow_venv/lib/python3.12/site-packages/airflow/example_dags/subdags/subdag.py
[2025-05-14T23:26:10.434-0400] {processor.py:914} INFO - Processing file /home/aangava/MSP/airflow_venv/lib/python3.12/site-packages/airflow/example_dags/subdags/subdag.py for tasks to queue
[2025-05-14T23:26:10.437-0400] {logging_mixin.py:190} INFO - [2025-05-14T23:26:10.436-0400] {dagbag.py:588} INFO - Filling up the DagBag from /home/aangava/MSP/airflow_venv/lib/python3.12/site-packages/airflow/example_dags/subdags/subdag.py
[2025-05-14T23:26:10.441-0400] {processor.py:927} WARNING - No viable dags retrieved from /home/aangava/MSP/airflow_venv/lib/python3.12/site-packages/airflow/example_dags/subdags/subdag.py
[2025-05-14T23:26:10.456-0400] {processor.py:208} INFO - Processing /home/aangava/MSP/airflow_venv/lib/python3.12/site-packages/airflow/example_dags/subdags/subdag.py took 0.046 seconds
[2025-05-14T23:27:15.403-0400] {processor.py:186} INFO - Started process (PID=51650) to work on /home/aangava/MSP/airflow_venv/lib/python3.12/site-packages/airflow/example_dags/subdags/subdag.py
[2025-05-14T23:27:15.416-0400] {processor.py:914} INFO - Processing file /home/aangava/MSP/airflow_venv/lib/python3.12/site-packages/airflow/example_dags/subdags/subdag.py for tasks to queue
[2025-05-14T23:27:15.418-0400] {logging_mixin.py:190} INFO - [2025-05-14T23:27:15.418-0400] {dagbag.py:588} INFO - Filling up the DagBag from /home/aangava/MSP/airflow_venv/lib/python3.12/site-packages/airflow/example_dags/subdags/subdag.py
[2025-05-14T23:27:15.422-0400] {processor.py:927} WARNING - No viable dags retrieved from /home/aangava/MSP/airflow_venv/lib/python3.12/site-packages/airflow/example_dags/subdags/subdag.py
[2025-05-14T23:27:15.438-0400] {processor.py:208} INFO - Processing /home/aangava/MSP/airflow_venv/lib/python3.12/site-packages/airflow/example_dags/subdags/subdag.py took 0.044 seconds
[2025-05-14T23:29:16.770-0400] {processor.py:186} INFO - Started process (PID=52028) to work on /home/aangava/MSP/airflow_venv/lib/python3.12/site-packages/airflow/example_dags/subdags/subdag.py
[2025-05-14T23:29:16.782-0400] {processor.py:914} INFO - Processing file /home/aangava/MSP/airflow_venv/lib/python3.12/site-packages/airflow/example_dags/subdags/subdag.py for tasks to queue
[2025-05-14T23:29:16.784-0400] {logging_mixin.py:190} INFO - [2025-05-14T23:29:16.784-0400] {dagbag.py:588} INFO - Filling up the DagBag from /home/aangava/MSP/airflow_venv/lib/python3.12/site-packages/airflow/example_dags/subdags/subdag.py
[2025-05-14T23:29:16.788-0400] {processor.py:927} WARNING - No viable dags retrieved from /home/aangava/MSP/airflow_venv/lib/python3.12/site-packages/airflow/example_dags/subdags/subdag.py
[2025-05-14T23:29:16.800-0400] {processor.py:208} INFO - Processing /home/aangava/MSP/airflow_venv/lib/python3.12/site-packages/airflow/example_dags/subdags/subdag.py took 0.042 seconds
[2025-05-14T23:30:24.953-0400] {processor.py:186} INFO - Started process (PID=52299) to work on /home/aangava/MSP/airflow_venv/lib/python3.12/site-packages/airflow/example_dags/subdags/subdag.py
[2025-05-14T23:30:24.966-0400] {processor.py:914} INFO - Processing file /home/aangava/MSP/airflow_venv/lib/python3.12/site-packages/airflow/example_dags/subdags/subdag.py for tasks to queue
[2025-05-14T23:30:24.971-0400] {logging_mixin.py:190} INFO - [2025-05-14T23:30:24.970-0400] {dagbag.py:588} INFO - Filling up the DagBag from /home/aangava/MSP/airflow_venv/lib/python3.12/site-packages/airflow/example_dags/subdags/subdag.py
[2025-05-14T23:30:24.975-0400] {processor.py:927} WARNING - No viable dags retrieved from /home/aangava/MSP/airflow_venv/lib/python3.12/site-packages/airflow/example_dags/subdags/subdag.py
[2025-05-14T23:30:24.994-0400] {processor.py:208} INFO - Processing /home/aangava/MSP/airflow_venv/lib/python3.12/site-packages/airflow/example_dags/subdags/subdag.py took 0.058 seconds
[2025-05-14T23:31:30.071-0400] {processor.py:186} INFO - Started process (PID=52560) to work on /home/aangava/MSP/airflow_venv/lib/python3.12/site-packages/airflow/example_dags/subdags/subdag.py
[2025-05-14T23:31:30.083-0400] {processor.py:914} INFO - Processing file /home/aangava/MSP/airflow_venv/lib/python3.12/site-packages/airflow/example_dags/subdags/subdag.py for tasks to queue
[2025-05-14T23:31:30.086-0400] {logging_mixin.py:190} INFO - [2025-05-14T23:31:30.086-0400] {dagbag.py:588} INFO - Filling up the DagBag from /home/aangava/MSP/airflow_venv/lib/python3.12/site-packages/airflow/example_dags/subdags/subdag.py
[2025-05-14T23:31:30.091-0400] {processor.py:927} WARNING - No viable dags retrieved from /home/aangava/MSP/airflow_venv/lib/python3.12/site-packages/airflow/example_dags/subdags/subdag.py
[2025-05-14T23:31:30.105-0400] {processor.py:208} INFO - Processing /home/aangava/MSP/airflow_venv/lib/python3.12/site-packages/airflow/example_dags/subdags/subdag.py took 0.045 seconds
[2025-05-14T23:32:43.728-0400] {processor.py:186} INFO - Started process (PID=52848) to work on /home/aangava/MSP/airflow_venv/lib/python3.12/site-packages/airflow/example_dags/subdags/subdag.py
[2025-05-14T23:32:43.741-0400] {processor.py:914} INFO - Processing file /home/aangava/MSP/airflow_venv/lib/python3.12/site-packages/airflow/example_dags/subdags/subdag.py for tasks to queue
[2025-05-14T23:32:43.743-0400] {logging_mixin.py:190} INFO - [2025-05-14T23:32:43.743-0400] {dagbag.py:588} INFO - Filling up the DagBag from /home/aangava/MSP/airflow_venv/lib/python3.12/site-packages/airflow/example_dags/subdags/subdag.py
[2025-05-14T23:32:43.749-0400] {processor.py:927} WARNING - No viable dags retrieved from /home/aangava/MSP/airflow_venv/lib/python3.12/site-packages/airflow/example_dags/subdags/subdag.py
[2025-05-14T23:32:43.765-0400] {processor.py:208} INFO - Processing /home/aangava/MSP/airflow_venv/lib/python3.12/site-packages/airflow/example_dags/subdags/subdag.py took 0.046 seconds
[2025-05-14T23:33:52.010-0400] {processor.py:186} INFO - Started process (PID=53110) to work on /home/aangava/MSP/airflow_venv/lib/python3.12/site-packages/airflow/example_dags/subdags/subdag.py
[2025-05-14T23:33:52.021-0400] {processor.py:914} INFO - Processing file /home/aangava/MSP/airflow_venv/lib/python3.12/site-packages/airflow/example_dags/subdags/subdag.py for tasks to queue
[2025-05-14T23:33:52.023-0400] {logging_mixin.py:190} INFO - [2025-05-14T23:33:52.023-0400] {dagbag.py:588} INFO - Filling up the DagBag from /home/aangava/MSP/airflow_venv/lib/python3.12/site-packages/airflow/example_dags/subdags/subdag.py
[2025-05-14T23:33:52.027-0400] {processor.py:927} WARNING - No viable dags retrieved from /home/aangava/MSP/airflow_venv/lib/python3.12/site-packages/airflow/example_dags/subdags/subdag.py
[2025-05-14T23:33:52.040-0400] {processor.py:208} INFO - Processing /home/aangava/MSP/airflow_venv/lib/python3.12/site-packages/airflow/example_dags/subdags/subdag.py took 0.040 seconds
[2025-05-14T23:40:20.304-0400] {processor.py:186} INFO - Started process (PID=53461) to work on /home/aangava/MSP/airflow_venv/lib/python3.12/site-packages/airflow/example_dags/subdags/subdag.py
[2025-05-14T23:40:20.315-0400] {processor.py:914} INFO - Processing file /home/aangava/MSP/airflow_venv/lib/python3.12/site-packages/airflow/example_dags/subdags/subdag.py for tasks to queue
[2025-05-14T23:40:20.318-0400] {logging_mixin.py:190} INFO - [2025-05-14T23:40:20.317-0400] {dagbag.py:588} INFO - Filling up the DagBag from /home/aangava/MSP/airflow_venv/lib/python3.12/site-packages/airflow/example_dags/subdags/subdag.py
[2025-05-14T23:40:20.322-0400] {processor.py:927} WARNING - No viable dags retrieved from /home/aangava/MSP/airflow_venv/lib/python3.12/site-packages/airflow/example_dags/subdags/subdag.py
[2025-05-14T23:40:20.336-0400] {processor.py:208} INFO - Processing /home/aangava/MSP/airflow_venv/lib/python3.12/site-packages/airflow/example_dags/subdags/subdag.py took 0.045 seconds
[2025-05-14T23:41:25.596-0400] {processor.py:186} INFO - Started process (PID=53718) to work on /home/aangava/MSP/airflow_venv/lib/python3.12/site-packages/airflow/example_dags/subdags/subdag.py
[2025-05-14T23:41:25.607-0400] {processor.py:914} INFO - Processing file /home/aangava/MSP/airflow_venv/lib/python3.12/site-packages/airflow/example_dags/subdags/subdag.py for tasks to queue
[2025-05-14T23:41:25.609-0400] {logging_mixin.py:190} INFO - [2025-05-14T23:41:25.608-0400] {dagbag.py:588} INFO - Filling up the DagBag from /home/aangava/MSP/airflow_venv/lib/python3.12/site-packages/airflow/example_dags/subdags/subdag.py
[2025-05-14T23:41:25.613-0400] {processor.py:927} WARNING - No viable dags retrieved from /home/aangava/MSP/airflow_venv/lib/python3.12/site-packages/airflow/example_dags/subdags/subdag.py
[2025-05-14T23:41:25.627-0400] {processor.py:208} INFO - Processing /home/aangava/MSP/airflow_venv/lib/python3.12/site-packages/airflow/example_dags/subdags/subdag.py took 0.042 seconds
[2025-05-14T23:42:28.653-0400] {processor.py:186} INFO - Started process (PID=53977) to work on /home/aangava/MSP/airflow_venv/lib/python3.12/site-packages/airflow/example_dags/subdags/subdag.py
[2025-05-14T23:42:28.666-0400] {processor.py:914} INFO - Processing file /home/aangava/MSP/airflow_venv/lib/python3.12/site-packages/airflow/example_dags/subdags/subdag.py for tasks to queue
[2025-05-14T23:42:28.669-0400] {logging_mixin.py:190} INFO - [2025-05-14T23:42:28.668-0400] {dagbag.py:588} INFO - Filling up the DagBag from /home/aangava/MSP/airflow_venv/lib/python3.12/site-packages/airflow/example_dags/subdags/subdag.py
[2025-05-14T23:42:28.674-0400] {processor.py:927} WARNING - No viable dags retrieved from /home/aangava/MSP/airflow_venv/lib/python3.12/site-packages/airflow/example_dags/subdags/subdag.py
[2025-05-14T23:42:28.688-0400] {processor.py:208} INFO - Processing /home/aangava/MSP/airflow_venv/lib/python3.12/site-packages/airflow/example_dags/subdags/subdag.py took 0.044 seconds
[2025-05-15T13:38:42.421-0400] {processor.py:186} INFO - Started process (PID=54307) to work on /home/aangava/MSP/airflow_venv/lib/python3.12/site-packages/airflow/example_dags/subdags/subdag.py
[2025-05-15T13:38:42.422-0400] {processor.py:914} INFO - Processing file /home/aangava/MSP/airflow_venv/lib/python3.12/site-packages/airflow/example_dags/subdags/subdag.py for tasks to queue
[2025-05-15T13:38:42.424-0400] {logging_mixin.py:190} INFO - [2025-05-15T13:38:42.423-0400] {dagbag.py:588} INFO - Filling up the DagBag from /home/aangava/MSP/airflow_venv/lib/python3.12/site-packages/airflow/example_dags/subdags/subdag.py
[2025-05-15T13:38:42.430-0400] {processor.py:927} WARNING - No viable dags retrieved from /home/aangava/MSP/airflow_venv/lib/python3.12/site-packages/airflow/example_dags/subdags/subdag.py
[2025-05-15T13:38:42.448-0400] {processor.py:208} INFO - Processing /home/aangava/MSP/airflow_venv/lib/python3.12/site-packages/airflow/example_dags/subdags/subdag.py took 0.035 seconds
[2025-05-15T13:39:57.313-0400] {processor.py:186} INFO - Started process (PID=54622) to work on /home/aangava/MSP/airflow_venv/lib/python3.12/site-packages/airflow/example_dags/subdags/subdag.py
[2025-05-15T13:39:57.314-0400] {processor.py:914} INFO - Processing file /home/aangava/MSP/airflow_venv/lib/python3.12/site-packages/airflow/example_dags/subdags/subdag.py for tasks to queue
[2025-05-15T13:39:57.315-0400] {logging_mixin.py:190} INFO - [2025-05-15T13:39:57.315-0400] {dagbag.py:588} INFO - Filling up the DagBag from /home/aangava/MSP/airflow_venv/lib/python3.12/site-packages/airflow/example_dags/subdags/subdag.py
[2025-05-15T13:39:57.316-0400] {processor.py:927} WARNING - No viable dags retrieved from /home/aangava/MSP/airflow_venv/lib/python3.12/site-packages/airflow/example_dags/subdags/subdag.py
[2025-05-15T13:39:57.322-0400] {processor.py:208} INFO - Processing /home/aangava/MSP/airflow_venv/lib/python3.12/site-packages/airflow/example_dags/subdags/subdag.py took 0.013 seconds
[2025-05-15T13:41:02.280-0400] {processor.py:186} INFO - Started process (PID=54868) to work on /home/aangava/MSP/airflow_venv/lib/python3.12/site-packages/airflow/example_dags/subdags/subdag.py
[2025-05-15T13:41:02.292-0400] {processor.py:914} INFO - Processing file /home/aangava/MSP/airflow_venv/lib/python3.12/site-packages/airflow/example_dags/subdags/subdag.py for tasks to queue
[2025-05-15T13:41:02.295-0400] {logging_mixin.py:190} INFO - [2025-05-15T13:41:02.294-0400] {dagbag.py:588} INFO - Filling up the DagBag from /home/aangava/MSP/airflow_venv/lib/python3.12/site-packages/airflow/example_dags/subdags/subdag.py
[2025-05-15T13:41:02.299-0400] {processor.py:927} WARNING - No viable dags retrieved from /home/aangava/MSP/airflow_venv/lib/python3.12/site-packages/airflow/example_dags/subdags/subdag.py
[2025-05-15T13:41:02.315-0400] {processor.py:208} INFO - Processing /home/aangava/MSP/airflow_venv/lib/python3.12/site-packages/airflow/example_dags/subdags/subdag.py took 0.046 seconds
[2025-05-15T13:42:09.046-0400] {processor.py:186} INFO - Started process (PID=55127) to work on /home/aangava/MSP/airflow_venv/lib/python3.12/site-packages/airflow/example_dags/subdags/subdag.py
[2025-05-15T13:42:09.057-0400] {processor.py:914} INFO - Processing file /home/aangava/MSP/airflow_venv/lib/python3.12/site-packages/airflow/example_dags/subdags/subdag.py for tasks to queue
[2025-05-15T13:42:09.061-0400] {logging_mixin.py:190} INFO - [2025-05-15T13:42:09.060-0400] {dagbag.py:588} INFO - Filling up the DagBag from /home/aangava/MSP/airflow_venv/lib/python3.12/site-packages/airflow/example_dags/subdags/subdag.py
[2025-05-15T13:42:09.065-0400] {processor.py:927} WARNING - No viable dags retrieved from /home/aangava/MSP/airflow_venv/lib/python3.12/site-packages/airflow/example_dags/subdags/subdag.py
[2025-05-15T13:42:09.080-0400] {processor.py:208} INFO - Processing /home/aangava/MSP/airflow_venv/lib/python3.12/site-packages/airflow/example_dags/subdags/subdag.py took 0.043 seconds
[2025-05-15T13:43:09.260-0400] {processor.py:186} INFO - Started process (PID=55366) to work on /home/aangava/MSP/airflow_venv/lib/python3.12/site-packages/airflow/example_dags/subdags/subdag.py
[2025-05-15T13:43:09.270-0400] {processor.py:914} INFO - Processing file /home/aangava/MSP/airflow_venv/lib/python3.12/site-packages/airflow/example_dags/subdags/subdag.py for tasks to queue
[2025-05-15T13:43:09.273-0400] {logging_mixin.py:190} INFO - [2025-05-15T13:43:09.272-0400] {dagbag.py:588} INFO - Filling up the DagBag from /home/aangava/MSP/airflow_venv/lib/python3.12/site-packages/airflow/example_dags/subdags/subdag.py
[2025-05-15T13:43:09.277-0400] {processor.py:927} WARNING - No viable dags retrieved from /home/aangava/MSP/airflow_venv/lib/python3.12/site-packages/airflow/example_dags/subdags/subdag.py
[2025-05-15T13:43:09.288-0400] {processor.py:208} INFO - Processing /home/aangava/MSP/airflow_venv/lib/python3.12/site-packages/airflow/example_dags/subdags/subdag.py took 0.035 seconds
[2025-05-15T13:44:10.726-0400] {processor.py:186} INFO - Started process (PID=55601) to work on /home/aangava/MSP/airflow_venv/lib/python3.12/site-packages/airflow/example_dags/subdags/subdag.py
[2025-05-15T13:44:10.729-0400] {processor.py:914} INFO - Processing file /home/aangava/MSP/airflow_venv/lib/python3.12/site-packages/airflow/example_dags/subdags/subdag.py for tasks to queue
[2025-05-15T13:44:10.731-0400] {logging_mixin.py:190} INFO - [2025-05-15T13:44:10.731-0400] {dagbag.py:588} INFO - Filling up the DagBag from /home/aangava/MSP/airflow_venv/lib/python3.12/site-packages/airflow/example_dags/subdags/subdag.py
[2025-05-15T13:44:10.736-0400] {processor.py:927} WARNING - No viable dags retrieved from /home/aangava/MSP/airflow_venv/lib/python3.12/site-packages/airflow/example_dags/subdags/subdag.py
[2025-05-15T13:44:10.750-0400] {processor.py:208} INFO - Processing /home/aangava/MSP/airflow_venv/lib/python3.12/site-packages/airflow/example_dags/subdags/subdag.py took 0.033 seconds
[2025-05-15T13:45:12.130-0400] {processor.py:186} INFO - Started process (PID=55834) to work on /home/aangava/MSP/airflow_venv/lib/python3.12/site-packages/airflow/example_dags/subdags/subdag.py
[2025-05-15T13:45:12.143-0400] {processor.py:914} INFO - Processing file /home/aangava/MSP/airflow_venv/lib/python3.12/site-packages/airflow/example_dags/subdags/subdag.py for tasks to queue
[2025-05-15T13:45:12.146-0400] {logging_mixin.py:190} INFO - [2025-05-15T13:45:12.145-0400] {dagbag.py:588} INFO - Filling up the DagBag from /home/aangava/MSP/airflow_venv/lib/python3.12/site-packages/airflow/example_dags/subdags/subdag.py
[2025-05-15T13:45:12.152-0400] {processor.py:927} WARNING - No viable dags retrieved from /home/aangava/MSP/airflow_venv/lib/python3.12/site-packages/airflow/example_dags/subdags/subdag.py
[2025-05-15T13:45:12.171-0400] {processor.py:208} INFO - Processing /home/aangava/MSP/airflow_venv/lib/python3.12/site-packages/airflow/example_dags/subdags/subdag.py took 0.052 seconds
[2025-05-15T13:46:15.896-0400] {processor.py:186} INFO - Started process (PID=56077) to work on /home/aangava/MSP/airflow_venv/lib/python3.12/site-packages/airflow/example_dags/subdags/subdag.py
[2025-05-15T13:46:15.908-0400] {processor.py:914} INFO - Processing file /home/aangava/MSP/airflow_venv/lib/python3.12/site-packages/airflow/example_dags/subdags/subdag.py for tasks to queue
[2025-05-15T13:46:15.912-0400] {logging_mixin.py:190} INFO - [2025-05-15T13:46:15.911-0400] {dagbag.py:588} INFO - Filling up the DagBag from /home/aangava/MSP/airflow_venv/lib/python3.12/site-packages/airflow/example_dags/subdags/subdag.py
[2025-05-15T13:46:15.916-0400] {processor.py:927} WARNING - No viable dags retrieved from /home/aangava/MSP/airflow_venv/lib/python3.12/site-packages/airflow/example_dags/subdags/subdag.py
[2025-05-15T13:46:15.933-0400] {processor.py:208} INFO - Processing /home/aangava/MSP/airflow_venv/lib/python3.12/site-packages/airflow/example_dags/subdags/subdag.py took 0.045 seconds
[2025-05-15T13:47:16.958-0400] {processor.py:186} INFO - Started process (PID=56313) to work on /home/aangava/MSP/airflow_venv/lib/python3.12/site-packages/airflow/example_dags/subdags/subdag.py
[2025-05-15T13:47:16.970-0400] {processor.py:914} INFO - Processing file /home/aangava/MSP/airflow_venv/lib/python3.12/site-packages/airflow/example_dags/subdags/subdag.py for tasks to queue
[2025-05-15T13:47:16.974-0400] {logging_mixin.py:190} INFO - [2025-05-15T13:47:16.973-0400] {dagbag.py:588} INFO - Filling up the DagBag from /home/aangava/MSP/airflow_venv/lib/python3.12/site-packages/airflow/example_dags/subdags/subdag.py
[2025-05-15T13:47:16.978-0400] {processor.py:927} WARNING - No viable dags retrieved from /home/aangava/MSP/airflow_venv/lib/python3.12/site-packages/airflow/example_dags/subdags/subdag.py
[2025-05-15T13:47:16.992-0400] {processor.py:208} INFO - Processing /home/aangava/MSP/airflow_venv/lib/python3.12/site-packages/airflow/example_dags/subdags/subdag.py took 0.043 seconds
[2025-05-15T13:58:11.639-0400] {processor.py:186} INFO - Started process (PID=56613) to work on /home/aangava/MSP/airflow_venv/lib/python3.12/site-packages/airflow/example_dags/subdags/subdag.py
[2025-05-15T13:58:11.641-0400] {processor.py:914} INFO - Processing file /home/aangava/MSP/airflow_venv/lib/python3.12/site-packages/airflow/example_dags/subdags/subdag.py for tasks to queue
[2025-05-15T13:58:11.643-0400] {logging_mixin.py:190} INFO - [2025-05-15T13:58:11.642-0400] {dagbag.py:588} INFO - Filling up the DagBag from /home/aangava/MSP/airflow_venv/lib/python3.12/site-packages/airflow/example_dags/subdags/subdag.py
[2025-05-15T13:58:11.646-0400] {processor.py:927} WARNING - No viable dags retrieved from /home/aangava/MSP/airflow_venv/lib/python3.12/site-packages/airflow/example_dags/subdags/subdag.py
[2025-05-15T13:58:11.657-0400] {processor.py:208} INFO - Processing /home/aangava/MSP/airflow_venv/lib/python3.12/site-packages/airflow/example_dags/subdags/subdag.py took 0.025 seconds
[2025-05-15T13:59:40.401-0400] {processor.py:186} INFO - Started process (PID=56952) to work on /home/aangava/MSP/airflow_venv/lib/python3.12/site-packages/airflow/example_dags/subdags/subdag.py
[2025-05-15T13:59:40.412-0400] {processor.py:914} INFO - Processing file /home/aangava/MSP/airflow_venv/lib/python3.12/site-packages/airflow/example_dags/subdags/subdag.py for tasks to queue
[2025-05-15T13:59:40.414-0400] {logging_mixin.py:190} INFO - [2025-05-15T13:59:40.414-0400] {dagbag.py:588} INFO - Filling up the DagBag from /home/aangava/MSP/airflow_venv/lib/python3.12/site-packages/airflow/example_dags/subdags/subdag.py
[2025-05-15T13:59:40.418-0400] {processor.py:927} WARNING - No viable dags retrieved from /home/aangava/MSP/airflow_venv/lib/python3.12/site-packages/airflow/example_dags/subdags/subdag.py
[2025-05-15T13:59:40.434-0400] {processor.py:208} INFO - Processing /home/aangava/MSP/airflow_venv/lib/python3.12/site-packages/airflow/example_dags/subdags/subdag.py took 0.044 seconds
[2025-05-15T14:00:47.640-0400] {processor.py:186} INFO - Started process (PID=57207) to work on /home/aangava/MSP/airflow_venv/lib/python3.12/site-packages/airflow/example_dags/subdags/subdag.py
[2025-05-15T14:00:47.652-0400] {processor.py:914} INFO - Processing file /home/aangava/MSP/airflow_venv/lib/python3.12/site-packages/airflow/example_dags/subdags/subdag.py for tasks to queue
[2025-05-15T14:00:47.655-0400] {logging_mixin.py:190} INFO - [2025-05-15T14:00:47.654-0400] {dagbag.py:588} INFO - Filling up the DagBag from /home/aangava/MSP/airflow_venv/lib/python3.12/site-packages/airflow/example_dags/subdags/subdag.py
[2025-05-15T14:00:47.659-0400] {processor.py:927} WARNING - No viable dags retrieved from /home/aangava/MSP/airflow_venv/lib/python3.12/site-packages/airflow/example_dags/subdags/subdag.py
[2025-05-15T14:00:47.675-0400] {processor.py:208} INFO - Processing /home/aangava/MSP/airflow_venv/lib/python3.12/site-packages/airflow/example_dags/subdags/subdag.py took 0.043 seconds
[2025-05-15T14:57:17.624-0400] {processor.py:186} INFO - Started process (PID=57521) to work on /home/aangava/MSP/airflow_venv/lib/python3.12/site-packages/airflow/example_dags/subdags/subdag.py
[2025-05-15T14:57:17.637-0400] {processor.py:914} INFO - Processing file /home/aangava/MSP/airflow_venv/lib/python3.12/site-packages/airflow/example_dags/subdags/subdag.py for tasks to queue
[2025-05-15T14:57:17.640-0400] {logging_mixin.py:190} INFO - [2025-05-15T14:57:17.639-0400] {dagbag.py:588} INFO - Filling up the DagBag from /home/aangava/MSP/airflow_venv/lib/python3.12/site-packages/airflow/example_dags/subdags/subdag.py
[2025-05-15T14:57:17.644-0400] {processor.py:927} WARNING - No viable dags retrieved from /home/aangava/MSP/airflow_venv/lib/python3.12/site-packages/airflow/example_dags/subdags/subdag.py
[2025-05-15T14:57:17.661-0400] {processor.py:208} INFO - Processing /home/aangava/MSP/airflow_venv/lib/python3.12/site-packages/airflow/example_dags/subdags/subdag.py took 0.048 seconds
[2025-05-15T14:58:25.673-0400] {processor.py:186} INFO - Started process (PID=57797) to work on /home/aangava/MSP/airflow_venv/lib/python3.12/site-packages/airflow/example_dags/subdags/subdag.py
[2025-05-15T14:58:25.677-0400] {processor.py:914} INFO - Processing file /home/aangava/MSP/airflow_venv/lib/python3.12/site-packages/airflow/example_dags/subdags/subdag.py for tasks to queue
[2025-05-15T14:58:25.679-0400] {logging_mixin.py:190} INFO - [2025-05-15T14:58:25.678-0400] {dagbag.py:588} INFO - Filling up the DagBag from /home/aangava/MSP/airflow_venv/lib/python3.12/site-packages/airflow/example_dags/subdags/subdag.py
[2025-05-15T14:58:25.683-0400] {processor.py:927} WARNING - No viable dags retrieved from /home/aangava/MSP/airflow_venv/lib/python3.12/site-packages/airflow/example_dags/subdags/subdag.py
[2025-05-15T14:58:25.696-0400] {processor.py:208} INFO - Processing /home/aangava/MSP/airflow_venv/lib/python3.12/site-packages/airflow/example_dags/subdags/subdag.py took 0.033 seconds
[2025-05-15T14:59:33.458-0400] {processor.py:186} INFO - Started process (PID=58051) to work on /home/aangava/MSP/airflow_venv/lib/python3.12/site-packages/airflow/example_dags/subdags/subdag.py
[2025-05-15T14:59:33.470-0400] {processor.py:914} INFO - Processing file /home/aangava/MSP/airflow_venv/lib/python3.12/site-packages/airflow/example_dags/subdags/subdag.py for tasks to queue
[2025-05-15T14:59:33.473-0400] {logging_mixin.py:190} INFO - [2025-05-15T14:59:33.472-0400] {dagbag.py:588} INFO - Filling up the DagBag from /home/aangava/MSP/airflow_venv/lib/python3.12/site-packages/airflow/example_dags/subdags/subdag.py
[2025-05-15T14:59:33.478-0400] {processor.py:927} WARNING - No viable dags retrieved from /home/aangava/MSP/airflow_venv/lib/python3.12/site-packages/airflow/example_dags/subdags/subdag.py
[2025-05-15T14:59:33.493-0400] {processor.py:208} INFO - Processing /home/aangava/MSP/airflow_venv/lib/python3.12/site-packages/airflow/example_dags/subdags/subdag.py took 0.046 seconds
