[2025-04-28T11:21:41.052-0400] {local_task_job_runner.py:123} INFO - ::group::Pre task execution logs
[2025-04-28T11:21:41.057-0400] {taskinstance.py:2614} INFO - Dependencies all met for dep_context=non-requeueable deps ti=<TaskInstance: spotify_pipeline.extract_spotify_data manual__2025-04-28T15:21:38.883440+00:00 [queued]>
[2025-04-28T11:21:41.061-0400] {taskinstance.py:2614} INFO - Dependencies all met for dep_context=requeueable deps ti=<TaskInstance: spotify_pipeline.extract_spotify_data manual__2025-04-28T15:21:38.883440+00:00 [queued]>
[2025-04-28T11:21:41.061-0400] {taskinstance.py:2867} INFO - Starting attempt 1 of 2
[2025-04-28T11:21:41.071-0400] {taskinstance.py:2890} INFO - Executing <Task(PythonOperator): extract_spotify_data> on 2025-04-28 15:21:38.883440+00:00
[2025-04-28T11:21:41.074-0400] {standard_task_runner.py:72} INFO - Started process 22459 to run task
[2025-04-28T11:21:41.076-0400] {standard_task_runner.py:104} INFO - Running: ['airflow', 'tasks', 'run', 'spotify_pipeline', 'extract_spotify_data', 'manual__2025-04-28T15:21:38.883440+00:00', '--job-id', '6', '--raw', '--subdir', 'DAGS_FOLDER/spotify_pipeline.py', '--cfg-path', '/tmp/tmp0qfy5ec7']
[2025-04-28T11:21:41.077-0400] {standard_task_runner.py:105} INFO - Job 6: Subtask extract_spotify_data
[2025-04-28T11:21:41.107-0400] {task_command.py:467} INFO - Running <TaskInstance: spotify_pipeline.extract_spotify_data manual__2025-04-28T15:21:38.883440+00:00 [running]> on host BOOK-NSV5SP728N.
[2025-04-28T11:21:41.145-0400] {taskinstance.py:3134} INFO - Exporting env vars: AIRFLOW_CTX_DAG_OWNER='aanga' AIRFLOW_CTX_DAG_ID='spotify_pipeline' AIRFLOW_CTX_TASK_ID='extract_spotify_data' AIRFLOW_CTX_EXECUTION_DATE='2025-04-28T15:21:38.883440+00:00' AIRFLOW_CTX_TRY_NUMBER='1' AIRFLOW_CTX_DAG_RUN_ID='manual__2025-04-28T15:21:38.883440+00:00'
[2025-04-28T11:21:41.146-0400] {logging_mixin.py:190} INFO - Task instance is in running state
[2025-04-28T11:21:41.146-0400] {logging_mixin.py:190} INFO -  Previous state of the Task instance: queued
[2025-04-28T11:21:41.146-0400] {logging_mixin.py:190} INFO - Current task name:extract_spotify_data state:running start_date:2025-04-28 15:21:41.057313+00:00
[2025-04-28T11:21:41.146-0400] {logging_mixin.py:190} INFO - Dag name:spotify_pipeline and current dag run status:running
[2025-04-28T11:21:41.146-0400] {taskinstance.py:732} INFO - ::endgroup::
[2025-04-28T11:21:42.617-0400] {logging_mixin.py:190} INFO - Artist Streams DataFrame:
[2025-04-28T11:21:42.649-0400] {logging_mixin.py:190} INFO -                 artist_id  ... extraction_date
0  5Z71xE9prhpHrqL5thVMyK  ...      2025-04-28
1  5Z71xE9prhpHrqL5thVMyK  ...      2025-04-28
2  5Z71xE9prhpHrqL5thVMyK  ...      2025-04-28
3  5Z71xE9prhpHrqL5thVMyK  ...      2025-04-28
4  5Z71xE9prhpHrqL5thVMyK  ...      2025-04-28

[5 rows x 8 columns]
[2025-04-28T11:21:44.413-0400] {logging_mixin.py:190} INFO - Playlists DataFrame:
[2025-04-28T11:21:44.423-0400] {logging_mixin.py:190} INFO -               playlist_id  ... extraction_date
0  7vhaamErffNetyvUgueBs3  ...      2025-04-28
1  2wazkzhuzpipWcVKjOa7Vg  ...      2025-04-28

[2 rows x 6 columns]
[2025-04-28T11:21:44.424-0400] {logging_mixin.py:190} INFO - Playlists Tracks Streams DataFrame:
[2025-04-28T11:21:44.431-0400] {logging_mixin.py:190} INFO -               playlist_id  ... extraction_date
0  7vhaamErffNetyvUgueBs3  ...      2025-04-28
1  7vhaamErffNetyvUgueBs3  ...      2025-04-28
2  7vhaamErffNetyvUgueBs3  ...      2025-04-28
3  7vhaamErffNetyvUgueBs3  ...      2025-04-28
4  7vhaamErffNetyvUgueBs3  ...      2025-04-28

[5 rows x 8 columns]
[2025-04-28T11:21:44.431-0400] {python.py:240} INFO - Done. Returned value was: None
[2025-04-28T11:21:44.436-0400] {taskinstance.py:341} INFO - ::group::Post task execution logs
[2025-04-28T11:21:44.436-0400] {taskinstance.py:353} INFO - Marking task as SUCCESS. dag_id=spotify_pipeline, task_id=extract_spotify_data, run_id=manual__2025-04-28T15:21:38.883440+00:00, execution_date=20250428T152138, start_date=20250428T152141, end_date=20250428T152144
[2025-04-28T11:21:44.456-0400] {logging_mixin.py:190} INFO - Task instance in success state
[2025-04-28T11:21:44.457-0400] {logging_mixin.py:190} INFO -  Previous state of the Task instance: running
[2025-04-28T11:21:44.458-0400] {logging_mixin.py:190} INFO - Dag name:spotify_pipeline queued_at:2025-04-28 15:21:38.902924+00:00
[2025-04-28T11:21:44.458-0400] {logging_mixin.py:190} INFO - Task hostname:BOOK-NSV5SP728N. operator:PythonOperator
[2025-04-28T11:21:44.467-0400] {local_task_job_runner.py:266} INFO - Task exited with return code 0
[2025-04-28T11:21:44.491-0400] {taskinstance.py:3901} INFO - 1 downstream tasks scheduled from follow-on schedule check
[2025-04-28T11:21:44.496-0400] {local_task_job_runner.py:245} INFO - ::endgroup::
