[2025-05-14T12:54:13.684-0400] {processor.py:186} INFO - Started process (PID=2168) to work on /home/aangava/MSP/airflow_venv/lib/python3.12/site-packages/airflow/example_dags/example_sensors.py
[2025-05-14T12:54:13.685-0400] {processor.py:914} INFO - Processing file /home/aangava/MSP/airflow_venv/lib/python3.12/site-packages/airflow/example_dags/example_sensors.py for tasks to queue
[2025-05-14T12:54:13.687-0400] {logging_mixin.py:190} INFO - [2025-05-14T12:54:13.687-0400] {dagbag.py:588} INFO - Filling up the DagBag from /home/aangava/MSP/airflow_venv/lib/python3.12/site-packages/airflow/example_dags/example_sensors.py
[2025-05-14T12:54:13.702-0400] {processor.py:925} INFO - DAG(s) 'example_sensors' retrieved from /home/aangava/MSP/airflow_venv/lib/python3.12/site-packages/airflow/example_dags/example_sensors.py
[2025-05-14T12:54:13.728-0400] {logging_mixin.py:190} INFO - [2025-05-14T12:54:13.727-0400] {dag.py:3239} INFO - Sync 1 DAGs
[2025-05-14T12:54:13.741-0400] {logging_mixin.py:190} INFO - [2025-05-14T12:54:13.741-0400] {dag.py:4180} INFO - Setting next_dagrun for example_sensors to None, run_after=None
[2025-05-14T12:54:13.778-0400] {processor.py:208} INFO - Processing /home/aangava/MSP/airflow_venv/lib/python3.12/site-packages/airflow/example_dags/example_sensors.py took 0.099 seconds
[2025-05-14T12:55:31.397-0400] {processor.py:186} INFO - Started process (PID=2679) to work on /home/aangava/MSP/airflow_venv/lib/python3.12/site-packages/airflow/example_dags/example_sensors.py
[2025-05-14T12:55:31.398-0400] {processor.py:914} INFO - Processing file /home/aangava/MSP/airflow_venv/lib/python3.12/site-packages/airflow/example_dags/example_sensors.py for tasks to queue
[2025-05-14T12:55:31.399-0400] {logging_mixin.py:190} INFO - [2025-05-14T12:55:31.399-0400] {dagbag.py:588} INFO - Filling up the DagBag from /home/aangava/MSP/airflow_venv/lib/python3.12/site-packages/airflow/example_dags/example_sensors.py
[2025-05-14T12:55:31.409-0400] {processor.py:925} INFO - DAG(s) 'example_sensors' retrieved from /home/aangava/MSP/airflow_venv/lib/python3.12/site-packages/airflow/example_dags/example_sensors.py
[2025-05-14T12:55:31.430-0400] {logging_mixin.py:190} INFO - [2025-05-14T12:55:31.430-0400] {dag.py:3239} INFO - Sync 1 DAGs
[2025-05-14T12:55:31.446-0400] {logging_mixin.py:190} INFO - [2025-05-14T12:55:31.445-0400] {dag.py:4180} INFO - Setting next_dagrun for example_sensors to None, run_after=None
[2025-05-14T12:55:31.465-0400] {processor.py:208} INFO - Processing /home/aangava/MSP/airflow_venv/lib/python3.12/site-packages/airflow/example_dags/example_sensors.py took 0.072 seconds
[2025-05-14T12:56:30.970-0400] {processor.py:186} INFO - Started process (PID=2906) to work on /home/aangava/MSP/airflow_venv/lib/python3.12/site-packages/airflow/example_dags/example_sensors.py
[2025-05-14T12:56:30.980-0400] {processor.py:914} INFO - Processing file /home/aangava/MSP/airflow_venv/lib/python3.12/site-packages/airflow/example_dags/example_sensors.py for tasks to queue
[2025-05-14T12:56:30.981-0400] {logging_mixin.py:190} INFO - [2025-05-14T12:56:30.981-0400] {dagbag.py:588} INFO - Filling up the DagBag from /home/aangava/MSP/airflow_venv/lib/python3.12/site-packages/airflow/example_dags/example_sensors.py
[2025-05-14T12:56:30.991-0400] {processor.py:925} INFO - DAG(s) 'example_sensors' retrieved from /home/aangava/MSP/airflow_venv/lib/python3.12/site-packages/airflow/example_dags/example_sensors.py
[2025-05-14T12:56:31.009-0400] {logging_mixin.py:190} INFO - [2025-05-14T12:56:31.009-0400] {dag.py:3239} INFO - Sync 1 DAGs
[2025-05-14T12:56:31.017-0400] {logging_mixin.py:190} INFO - [2025-05-14T12:56:31.017-0400] {dag.py:4180} INFO - Setting next_dagrun for example_sensors to None, run_after=None
[2025-05-14T12:56:31.034-0400] {processor.py:208} INFO - Processing /home/aangava/MSP/airflow_venv/lib/python3.12/site-packages/airflow/example_dags/example_sensors.py took 0.068 seconds
[2025-05-14T12:57:29.779-0400] {processor.py:186} INFO - Started process (PID=3260) to work on /home/aangava/MSP/airflow_venv/lib/python3.12/site-packages/airflow/example_dags/example_sensors.py
[2025-05-14T12:57:29.790-0400] {processor.py:914} INFO - Processing file /home/aangava/MSP/airflow_venv/lib/python3.12/site-packages/airflow/example_dags/example_sensors.py for tasks to queue
[2025-05-14T12:57:29.793-0400] {logging_mixin.py:190} INFO - [2025-05-14T12:57:29.792-0400] {dagbag.py:588} INFO - Filling up the DagBag from /home/aangava/MSP/airflow_venv/lib/python3.12/site-packages/airflow/example_dags/example_sensors.py
[2025-05-14T12:57:29.804-0400] {processor.py:925} INFO - DAG(s) 'example_sensors' retrieved from /home/aangava/MSP/airflow_venv/lib/python3.12/site-packages/airflow/example_dags/example_sensors.py
[2025-05-14T12:57:29.827-0400] {logging_mixin.py:190} INFO - [2025-05-14T12:57:29.827-0400] {dag.py:3239} INFO - Sync 1 DAGs
[2025-05-14T12:57:29.841-0400] {logging_mixin.py:190} INFO - [2025-05-14T12:57:29.840-0400] {dag.py:4180} INFO - Setting next_dagrun for example_sensors to None, run_after=None
[2025-05-14T12:57:29.864-0400] {processor.py:208} INFO - Processing /home/aangava/MSP/airflow_venv/lib/python3.12/site-packages/airflow/example_dags/example_sensors.py took 0.090 seconds
[2025-05-14T12:58:29.771-0400] {processor.py:186} INFO - Started process (PID=3538) to work on /home/aangava/MSP/airflow_venv/lib/python3.12/site-packages/airflow/example_dags/example_sensors.py
[2025-05-14T12:58:29.782-0400] {processor.py:914} INFO - Processing file /home/aangava/MSP/airflow_venv/lib/python3.12/site-packages/airflow/example_dags/example_sensors.py for tasks to queue
[2025-05-14T12:58:29.784-0400] {logging_mixin.py:190} INFO - [2025-05-14T12:58:29.784-0400] {dagbag.py:588} INFO - Filling up the DagBag from /home/aangava/MSP/airflow_venv/lib/python3.12/site-packages/airflow/example_dags/example_sensors.py
[2025-05-14T12:58:29.804-0400] {processor.py:925} INFO - DAG(s) 'example_sensors' retrieved from /home/aangava/MSP/airflow_venv/lib/python3.12/site-packages/airflow/example_dags/example_sensors.py
[2025-05-14T12:58:29.838-0400] {logging_mixin.py:190} INFO - [2025-05-14T12:58:29.838-0400] {dag.py:3239} INFO - Sync 1 DAGs
[2025-05-14T12:58:29.854-0400] {logging_mixin.py:190} INFO - [2025-05-14T12:58:29.854-0400] {dag.py:4180} INFO - Setting next_dagrun for example_sensors to None, run_after=None
[2025-05-14T12:58:29.879-0400] {processor.py:208} INFO - Processing /home/aangava/MSP/airflow_venv/lib/python3.12/site-packages/airflow/example_dags/example_sensors.py took 0.122 seconds
[2025-05-14T12:59:27.226-0400] {processor.py:186} INFO - Started process (PID=3841) to work on /home/aangava/MSP/airflow_venv/lib/python3.12/site-packages/airflow/example_dags/example_sensors.py
[2025-05-14T12:59:27.236-0400] {processor.py:914} INFO - Processing file /home/aangava/MSP/airflow_venv/lib/python3.12/site-packages/airflow/example_dags/example_sensors.py for tasks to queue
[2025-05-14T12:59:27.239-0400] {logging_mixin.py:190} INFO - [2025-05-14T12:59:27.238-0400] {dagbag.py:588} INFO - Filling up the DagBag from /home/aangava/MSP/airflow_venv/lib/python3.12/site-packages/airflow/example_dags/example_sensors.py
[2025-05-14T12:59:27.252-0400] {processor.py:925} INFO - DAG(s) 'example_sensors' retrieved from /home/aangava/MSP/airflow_venv/lib/python3.12/site-packages/airflow/example_dags/example_sensors.py
[2025-05-14T12:59:27.275-0400] {logging_mixin.py:190} INFO - [2025-05-14T12:59:27.274-0400] {dag.py:3239} INFO - Sync 1 DAGs
[2025-05-14T12:59:27.288-0400] {logging_mixin.py:190} INFO - [2025-05-14T12:59:27.288-0400] {dag.py:4180} INFO - Setting next_dagrun for example_sensors to None, run_after=None
[2025-05-14T12:59:27.310-0400] {processor.py:208} INFO - Processing /home/aangava/MSP/airflow_venv/lib/python3.12/site-packages/airflow/example_dags/example_sensors.py took 0.092 seconds
[2025-05-14T13:00:34.324-0400] {processor.py:186} INFO - Started process (PID=4177) to work on /home/aangava/MSP/airflow_venv/lib/python3.12/site-packages/airflow/example_dags/example_sensors.py
[2025-05-14T13:00:34.335-0400] {processor.py:914} INFO - Processing file /home/aangava/MSP/airflow_venv/lib/python3.12/site-packages/airflow/example_dags/example_sensors.py for tasks to queue
[2025-05-14T13:00:34.337-0400] {logging_mixin.py:190} INFO - [2025-05-14T13:00:34.337-0400] {dagbag.py:588} INFO - Filling up the DagBag from /home/aangava/MSP/airflow_venv/lib/python3.12/site-packages/airflow/example_dags/example_sensors.py
[2025-05-14T13:00:34.350-0400] {processor.py:925} INFO - DAG(s) 'example_sensors' retrieved from /home/aangava/MSP/airflow_venv/lib/python3.12/site-packages/airflow/example_dags/example_sensors.py
[2025-05-14T13:00:34.374-0400] {logging_mixin.py:190} INFO - [2025-05-14T13:00:34.374-0400] {dag.py:3239} INFO - Sync 1 DAGs
[2025-05-14T13:00:34.387-0400] {logging_mixin.py:190} INFO - [2025-05-14T13:00:34.386-0400] {dag.py:4180} INFO - Setting next_dagrun for example_sensors to None, run_after=None
[2025-05-14T13:00:34.413-0400] {processor.py:208} INFO - Processing /home/aangava/MSP/airflow_venv/lib/python3.12/site-packages/airflow/example_dags/example_sensors.py took 0.095 seconds
[2025-05-14T13:01:31.882-0400] {processor.py:186} INFO - Started process (PID=4504) to work on /home/aangava/MSP/airflow_venv/lib/python3.12/site-packages/airflow/example_dags/example_sensors.py
[2025-05-14T13:01:31.892-0400] {processor.py:914} INFO - Processing file /home/aangava/MSP/airflow_venv/lib/python3.12/site-packages/airflow/example_dags/example_sensors.py for tasks to queue
[2025-05-14T13:01:31.896-0400] {logging_mixin.py:190} INFO - [2025-05-14T13:01:31.895-0400] {dagbag.py:588} INFO - Filling up the DagBag from /home/aangava/MSP/airflow_venv/lib/python3.12/site-packages/airflow/example_dags/example_sensors.py
[2025-05-14T13:01:31.916-0400] {processor.py:925} INFO - DAG(s) 'example_sensors' retrieved from /home/aangava/MSP/airflow_venv/lib/python3.12/site-packages/airflow/example_dags/example_sensors.py
[2025-05-14T13:01:31.948-0400] {logging_mixin.py:190} INFO - [2025-05-14T13:01:31.948-0400] {dag.py:3239} INFO - Sync 1 DAGs
[2025-05-14T13:01:31.963-0400] {logging_mixin.py:190} INFO - [2025-05-14T13:01:31.963-0400] {dag.py:4180} INFO - Setting next_dagrun for example_sensors to None, run_after=None
[2025-05-14T13:01:31.989-0400] {processor.py:208} INFO - Processing /home/aangava/MSP/airflow_venv/lib/python3.12/site-packages/airflow/example_dags/example_sensors.py took 0.115 seconds
[2025-05-14T13:02:35.441-0400] {processor.py:186} INFO - Started process (PID=4846) to work on /home/aangava/MSP/airflow_venv/lib/python3.12/site-packages/airflow/example_dags/example_sensors.py
[2025-05-14T13:02:35.450-0400] {processor.py:914} INFO - Processing file /home/aangava/MSP/airflow_venv/lib/python3.12/site-packages/airflow/example_dags/example_sensors.py for tasks to queue
[2025-05-14T13:02:35.453-0400] {logging_mixin.py:190} INFO - [2025-05-14T13:02:35.452-0400] {dagbag.py:588} INFO - Filling up the DagBag from /home/aangava/MSP/airflow_venv/lib/python3.12/site-packages/airflow/example_dags/example_sensors.py
[2025-05-14T13:02:35.467-0400] {processor.py:925} INFO - DAG(s) 'example_sensors' retrieved from /home/aangava/MSP/airflow_venv/lib/python3.12/site-packages/airflow/example_dags/example_sensors.py
[2025-05-14T13:02:35.488-0400] {logging_mixin.py:190} INFO - [2025-05-14T13:02:35.488-0400] {dag.py:3239} INFO - Sync 1 DAGs
[2025-05-14T13:02:35.500-0400] {logging_mixin.py:190} INFO - [2025-05-14T13:02:35.500-0400] {dag.py:4180} INFO - Setting next_dagrun for example_sensors to None, run_after=None
[2025-05-14T13:02:35.521-0400] {processor.py:208} INFO - Processing /home/aangava/MSP/airflow_venv/lib/python3.12/site-packages/airflow/example_dags/example_sensors.py took 0.088 seconds
[2025-05-14T13:03:34.759-0400] {processor.py:186} INFO - Started process (PID=5148) to work on /home/aangava/MSP/airflow_venv/lib/python3.12/site-packages/airflow/example_dags/example_sensors.py
[2025-05-14T13:03:34.769-0400] {processor.py:914} INFO - Processing file /home/aangava/MSP/airflow_venv/lib/python3.12/site-packages/airflow/example_dags/example_sensors.py for tasks to queue
[2025-05-14T13:03:34.771-0400] {logging_mixin.py:190} INFO - [2025-05-14T13:03:34.771-0400] {dagbag.py:588} INFO - Filling up the DagBag from /home/aangava/MSP/airflow_venv/lib/python3.12/site-packages/airflow/example_dags/example_sensors.py
[2025-05-14T13:03:34.780-0400] {processor.py:925} INFO - DAG(s) 'example_sensors' retrieved from /home/aangava/MSP/airflow_venv/lib/python3.12/site-packages/airflow/example_dags/example_sensors.py
[2025-05-14T13:03:34.798-0400] {logging_mixin.py:190} INFO - [2025-05-14T13:03:34.798-0400] {dag.py:3239} INFO - Sync 1 DAGs
[2025-05-14T13:03:34.807-0400] {logging_mixin.py:190} INFO - [2025-05-14T13:03:34.807-0400] {dag.py:4180} INFO - Setting next_dagrun for example_sensors to None, run_after=None
[2025-05-14T13:03:34.826-0400] {processor.py:208} INFO - Processing /home/aangava/MSP/airflow_venv/lib/python3.12/site-packages/airflow/example_dags/example_sensors.py took 0.071 seconds
[2025-05-14T13:04:34.290-0400] {processor.py:186} INFO - Started process (PID=5469) to work on /home/aangava/MSP/airflow_venv/lib/python3.12/site-packages/airflow/example_dags/example_sensors.py
[2025-05-14T13:04:34.301-0400] {processor.py:914} INFO - Processing file /home/aangava/MSP/airflow_venv/lib/python3.12/site-packages/airflow/example_dags/example_sensors.py for tasks to queue
[2025-05-14T13:04:34.303-0400] {logging_mixin.py:190} INFO - [2025-05-14T13:04:34.303-0400] {dagbag.py:588} INFO - Filling up the DagBag from /home/aangava/MSP/airflow_venv/lib/python3.12/site-packages/airflow/example_dags/example_sensors.py
[2025-05-14T13:04:34.318-0400] {processor.py:925} INFO - DAG(s) 'example_sensors' retrieved from /home/aangava/MSP/airflow_venv/lib/python3.12/site-packages/airflow/example_dags/example_sensors.py
[2025-05-14T13:04:34.343-0400] {logging_mixin.py:190} INFO - [2025-05-14T13:04:34.343-0400] {dag.py:3239} INFO - Sync 1 DAGs
[2025-05-14T13:04:34.356-0400] {logging_mixin.py:190} INFO - [2025-05-14T13:04:34.356-0400] {dag.py:4180} INFO - Setting next_dagrun for example_sensors to None, run_after=None
[2025-05-14T13:04:34.377-0400] {processor.py:208} INFO - Processing /home/aangava/MSP/airflow_venv/lib/python3.12/site-packages/airflow/example_dags/example_sensors.py took 0.093 seconds
[2025-05-14T13:05:30.722-0400] {processor.py:186} INFO - Started process (PID=5695) to work on /home/aangava/MSP/airflow_venv/lib/python3.12/site-packages/airflow/example_dags/example_sensors.py
[2025-05-14T13:05:30.733-0400] {processor.py:914} INFO - Processing file /home/aangava/MSP/airflow_venv/lib/python3.12/site-packages/airflow/example_dags/example_sensors.py for tasks to queue
[2025-05-14T13:05:30.736-0400] {logging_mixin.py:190} INFO - [2025-05-14T13:05:30.736-0400] {dagbag.py:588} INFO - Filling up the DagBag from /home/aangava/MSP/airflow_venv/lib/python3.12/site-packages/airflow/example_dags/example_sensors.py
[2025-05-14T13:05:30.752-0400] {processor.py:925} INFO - DAG(s) 'example_sensors' retrieved from /home/aangava/MSP/airflow_venv/lib/python3.12/site-packages/airflow/example_dags/example_sensors.py
[2025-05-14T13:05:30.776-0400] {logging_mixin.py:190} INFO - [2025-05-14T13:05:30.776-0400] {dag.py:3239} INFO - Sync 1 DAGs
[2025-05-14T13:05:30.787-0400] {logging_mixin.py:190} INFO - [2025-05-14T13:05:30.787-0400] {dag.py:4180} INFO - Setting next_dagrun for example_sensors to None, run_after=None
[2025-05-14T13:05:30.820-0400] {processor.py:208} INFO - Processing /home/aangava/MSP/airflow_venv/lib/python3.12/site-packages/airflow/example_dags/example_sensors.py took 0.107 seconds
[2025-05-14T13:06:27.329-0400] {processor.py:186} INFO - Started process (PID=6098) to work on /home/aangava/MSP/airflow_venv/lib/python3.12/site-packages/airflow/example_dags/example_sensors.py
[2025-05-14T13:06:27.341-0400] {processor.py:914} INFO - Processing file /home/aangava/MSP/airflow_venv/lib/python3.12/site-packages/airflow/example_dags/example_sensors.py for tasks to queue
[2025-05-14T13:06:27.344-0400] {logging_mixin.py:190} INFO - [2025-05-14T13:06:27.343-0400] {dagbag.py:588} INFO - Filling up the DagBag from /home/aangava/MSP/airflow_venv/lib/python3.12/site-packages/airflow/example_dags/example_sensors.py
[2025-05-14T13:06:27.362-0400] {processor.py:925} INFO - DAG(s) 'example_sensors' retrieved from /home/aangava/MSP/airflow_venv/lib/python3.12/site-packages/airflow/example_dags/example_sensors.py
[2025-05-14T13:06:27.390-0400] {logging_mixin.py:190} INFO - [2025-05-14T13:06:27.390-0400] {dag.py:3239} INFO - Sync 1 DAGs
[2025-05-14T13:06:27.407-0400] {logging_mixin.py:190} INFO - [2025-05-14T13:06:27.407-0400] {dag.py:4180} INFO - Setting next_dagrun for example_sensors to None, run_after=None
[2025-05-14T13:06:27.434-0400] {processor.py:208} INFO - Processing /home/aangava/MSP/airflow_venv/lib/python3.12/site-packages/airflow/example_dags/example_sensors.py took 0.114 seconds
[2025-05-14T13:10:14.207-0400] {processor.py:186} INFO - Started process (PID=7389) to work on /home/aangava/MSP/airflow_venv/lib/python3.12/site-packages/airflow/example_dags/example_sensors.py
[2025-05-14T13:10:14.217-0400] {processor.py:914} INFO - Processing file /home/aangava/MSP/airflow_venv/lib/python3.12/site-packages/airflow/example_dags/example_sensors.py for tasks to queue
[2025-05-14T13:10:14.220-0400] {logging_mixin.py:190} INFO - [2025-05-14T13:10:14.220-0400] {dagbag.py:588} INFO - Filling up the DagBag from /home/aangava/MSP/airflow_venv/lib/python3.12/site-packages/airflow/example_dags/example_sensors.py
[2025-05-14T13:10:14.236-0400] {processor.py:925} INFO - DAG(s) 'example_sensors' retrieved from /home/aangava/MSP/airflow_venv/lib/python3.12/site-packages/airflow/example_dags/example_sensors.py
[2025-05-14T13:10:14.259-0400] {logging_mixin.py:190} INFO - [2025-05-14T13:10:14.259-0400] {dag.py:3239} INFO - Sync 1 DAGs
[2025-05-14T13:10:14.272-0400] {logging_mixin.py:190} INFO - [2025-05-14T13:10:14.272-0400] {dag.py:4180} INFO - Setting next_dagrun for example_sensors to None, run_after=None
[2025-05-14T13:10:14.297-0400] {processor.py:208} INFO - Processing /home/aangava/MSP/airflow_venv/lib/python3.12/site-packages/airflow/example_dags/example_sensors.py took 0.099 seconds
[2025-05-14T13:13:00.397-0400] {processor.py:186} INFO - Started process (PID=8531) to work on /home/aangava/MSP/airflow_venv/lib/python3.12/site-packages/airflow/example_dags/example_sensors.py
[2025-05-14T13:13:00.408-0400] {processor.py:914} INFO - Processing file /home/aangava/MSP/airflow_venv/lib/python3.12/site-packages/airflow/example_dags/example_sensors.py for tasks to queue
[2025-05-14T13:13:00.409-0400] {logging_mixin.py:190} INFO - [2025-05-14T13:13:00.409-0400] {dagbag.py:588} INFO - Filling up the DagBag from /home/aangava/MSP/airflow_venv/lib/python3.12/site-packages/airflow/example_dags/example_sensors.py
[2025-05-14T13:13:00.419-0400] {processor.py:925} INFO - DAG(s) 'example_sensors' retrieved from /home/aangava/MSP/airflow_venv/lib/python3.12/site-packages/airflow/example_dags/example_sensors.py
[2025-05-14T13:13:00.439-0400] {logging_mixin.py:190} INFO - [2025-05-14T13:13:00.439-0400] {dag.py:3239} INFO - Sync 1 DAGs
[2025-05-14T13:13:00.449-0400] {logging_mixin.py:190} INFO - [2025-05-14T13:13:00.449-0400] {dag.py:4180} INFO - Setting next_dagrun for example_sensors to None, run_after=None
[2025-05-14T13:13:00.473-0400] {processor.py:208} INFO - Processing /home/aangava/MSP/airflow_venv/lib/python3.12/site-packages/airflow/example_dags/example_sensors.py took 0.080 seconds
[2025-05-14T13:13:57.476-0400] {processor.py:186} INFO - Started process (PID=8790) to work on /home/aangava/MSP/airflow_venv/lib/python3.12/site-packages/airflow/example_dags/example_sensors.py
[2025-05-14T13:13:57.487-0400] {processor.py:914} INFO - Processing file /home/aangava/MSP/airflow_venv/lib/python3.12/site-packages/airflow/example_dags/example_sensors.py for tasks to queue
[2025-05-14T13:13:57.491-0400] {logging_mixin.py:190} INFO - [2025-05-14T13:13:57.490-0400] {dagbag.py:588} INFO - Filling up the DagBag from /home/aangava/MSP/airflow_venv/lib/python3.12/site-packages/airflow/example_dags/example_sensors.py
[2025-05-14T13:13:57.506-0400] {processor.py:925} INFO - DAG(s) 'example_sensors' retrieved from /home/aangava/MSP/airflow_venv/lib/python3.12/site-packages/airflow/example_dags/example_sensors.py
[2025-05-14T13:13:57.529-0400] {logging_mixin.py:190} INFO - [2025-05-14T13:13:57.529-0400] {dag.py:3239} INFO - Sync 1 DAGs
[2025-05-14T13:13:57.545-0400] {logging_mixin.py:190} INFO - [2025-05-14T13:13:57.545-0400] {dag.py:4180} INFO - Setting next_dagrun for example_sensors to None, run_after=None
[2025-05-14T13:13:57.571-0400] {processor.py:208} INFO - Processing /home/aangava/MSP/airflow_venv/lib/python3.12/site-packages/airflow/example_dags/example_sensors.py took 0.106 seconds
[2025-05-14T13:15:18.119-0400] {processor.py:186} INFO - Started process (PID=9520) to work on /home/aangava/MSP/airflow_venv/lib/python3.12/site-packages/airflow/example_dags/example_sensors.py
[2025-05-14T13:15:18.134-0400] {processor.py:914} INFO - Processing file /home/aangava/MSP/airflow_venv/lib/python3.12/site-packages/airflow/example_dags/example_sensors.py for tasks to queue
[2025-05-14T13:15:18.137-0400] {logging_mixin.py:190} INFO - [2025-05-14T13:15:18.137-0400] {dagbag.py:588} INFO - Filling up the DagBag from /home/aangava/MSP/airflow_venv/lib/python3.12/site-packages/airflow/example_dags/example_sensors.py
[2025-05-14T13:15:18.156-0400] {processor.py:925} INFO - DAG(s) 'example_sensors' retrieved from /home/aangava/MSP/airflow_venv/lib/python3.12/site-packages/airflow/example_dags/example_sensors.py
[2025-05-14T13:15:18.178-0400] {logging_mixin.py:190} INFO - [2025-05-14T13:15:18.177-0400] {dag.py:3239} INFO - Sync 1 DAGs
[2025-05-14T13:15:18.188-0400] {logging_mixin.py:190} INFO - [2025-05-14T13:15:18.188-0400] {dag.py:4180} INFO - Setting next_dagrun for example_sensors to None, run_after=None
[2025-05-14T13:15:18.216-0400] {processor.py:208} INFO - Processing /home/aangava/MSP/airflow_venv/lib/python3.12/site-packages/airflow/example_dags/example_sensors.py took 0.106 seconds
[2025-05-14T13:16:17.991-0400] {processor.py:186} INFO - Started process (PID=9747) to work on /home/aangava/MSP/airflow_venv/lib/python3.12/site-packages/airflow/example_dags/example_sensors.py
[2025-05-14T13:16:18.001-0400] {processor.py:914} INFO - Processing file /home/aangava/MSP/airflow_venv/lib/python3.12/site-packages/airflow/example_dags/example_sensors.py for tasks to queue
[2025-05-14T13:16:18.005-0400] {logging_mixin.py:190} INFO - [2025-05-14T13:16:18.004-0400] {dagbag.py:588} INFO - Filling up the DagBag from /home/aangava/MSP/airflow_venv/lib/python3.12/site-packages/airflow/example_dags/example_sensors.py
[2025-05-14T13:16:18.020-0400] {processor.py:925} INFO - DAG(s) 'example_sensors' retrieved from /home/aangava/MSP/airflow_venv/lib/python3.12/site-packages/airflow/example_dags/example_sensors.py
[2025-05-14T13:16:18.041-0400] {logging_mixin.py:190} INFO - [2025-05-14T13:16:18.041-0400] {dag.py:3239} INFO - Sync 1 DAGs
[2025-05-14T13:16:18.053-0400] {logging_mixin.py:190} INFO - [2025-05-14T13:16:18.053-0400] {dag.py:4180} INFO - Setting next_dagrun for example_sensors to None, run_after=None
[2025-05-14T13:16:18.076-0400] {processor.py:208} INFO - Processing /home/aangava/MSP/airflow_venv/lib/python3.12/site-packages/airflow/example_dags/example_sensors.py took 0.094 seconds
[2025-05-14T13:17:18.429-0400] {processor.py:186} INFO - Started process (PID=10064) to work on /home/aangava/MSP/airflow_venv/lib/python3.12/site-packages/airflow/example_dags/example_sensors.py
[2025-05-14T13:17:18.440-0400] {processor.py:914} INFO - Processing file /home/aangava/MSP/airflow_venv/lib/python3.12/site-packages/airflow/example_dags/example_sensors.py for tasks to queue
[2025-05-14T13:17:18.444-0400] {logging_mixin.py:190} INFO - [2025-05-14T13:17:18.444-0400] {dagbag.py:588} INFO - Filling up the DagBag from /home/aangava/MSP/airflow_venv/lib/python3.12/site-packages/airflow/example_dags/example_sensors.py
[2025-05-14T13:17:18.461-0400] {processor.py:925} INFO - DAG(s) 'example_sensors' retrieved from /home/aangava/MSP/airflow_venv/lib/python3.12/site-packages/airflow/example_dags/example_sensors.py
[2025-05-14T13:17:18.485-0400] {logging_mixin.py:190} INFO - [2025-05-14T13:17:18.484-0400] {dag.py:3239} INFO - Sync 1 DAGs
[2025-05-14T13:17:18.498-0400] {logging_mixin.py:190} INFO - [2025-05-14T13:17:18.498-0400] {dag.py:4180} INFO - Setting next_dagrun for example_sensors to None, run_after=None
[2025-05-14T13:17:18.527-0400] {processor.py:208} INFO - Processing /home/aangava/MSP/airflow_venv/lib/python3.12/site-packages/airflow/example_dags/example_sensors.py took 0.110 seconds
[2025-05-14T13:18:17.888-0400] {processor.py:186} INFO - Started process (PID=10320) to work on /home/aangava/MSP/airflow_venv/lib/python3.12/site-packages/airflow/example_dags/example_sensors.py
[2025-05-14T13:18:17.899-0400] {processor.py:914} INFO - Processing file /home/aangava/MSP/airflow_venv/lib/python3.12/site-packages/airflow/example_dags/example_sensors.py for tasks to queue
[2025-05-14T13:18:17.902-0400] {logging_mixin.py:190} INFO - [2025-05-14T13:18:17.902-0400] {dagbag.py:588} INFO - Filling up the DagBag from /home/aangava/MSP/airflow_venv/lib/python3.12/site-packages/airflow/example_dags/example_sensors.py
[2025-05-14T13:18:17.921-0400] {processor.py:925} INFO - DAG(s) 'example_sensors' retrieved from /home/aangava/MSP/airflow_venv/lib/python3.12/site-packages/airflow/example_dags/example_sensors.py
[2025-05-14T13:18:17.943-0400] {logging_mixin.py:190} INFO - [2025-05-14T13:18:17.943-0400] {dag.py:3239} INFO - Sync 1 DAGs
[2025-05-14T13:18:17.961-0400] {logging_mixin.py:190} INFO - [2025-05-14T13:18:17.961-0400] {dag.py:4180} INFO - Setting next_dagrun for example_sensors to None, run_after=None
[2025-05-14T13:18:17.995-0400] {processor.py:208} INFO - Processing /home/aangava/MSP/airflow_venv/lib/python3.12/site-packages/airflow/example_dags/example_sensors.py took 0.117 seconds
[2025-05-14T13:19:15.134-0400] {processor.py:186} INFO - Started process (PID=10583) to work on /home/aangava/MSP/airflow_venv/lib/python3.12/site-packages/airflow/example_dags/example_sensors.py
[2025-05-14T13:19:15.144-0400] {processor.py:914} INFO - Processing file /home/aangava/MSP/airflow_venv/lib/python3.12/site-packages/airflow/example_dags/example_sensors.py for tasks to queue
[2025-05-14T13:19:15.147-0400] {logging_mixin.py:190} INFO - [2025-05-14T13:19:15.146-0400] {dagbag.py:588} INFO - Filling up the DagBag from /home/aangava/MSP/airflow_venv/lib/python3.12/site-packages/airflow/example_dags/example_sensors.py
[2025-05-14T13:19:15.158-0400] {processor.py:925} INFO - DAG(s) 'example_sensors' retrieved from /home/aangava/MSP/airflow_venv/lib/python3.12/site-packages/airflow/example_dags/example_sensors.py
[2025-05-14T13:19:15.179-0400] {logging_mixin.py:190} INFO - [2025-05-14T13:19:15.178-0400] {dag.py:3239} INFO - Sync 1 DAGs
[2025-05-14T13:19:15.190-0400] {logging_mixin.py:190} INFO - [2025-05-14T13:19:15.190-0400] {dag.py:4180} INFO - Setting next_dagrun for example_sensors to None, run_after=None
[2025-05-14T13:19:15.212-0400] {processor.py:208} INFO - Processing /home/aangava/MSP/airflow_venv/lib/python3.12/site-packages/airflow/example_dags/example_sensors.py took 0.083 seconds
[2025-05-14T13:20:13.258-0400] {processor.py:186} INFO - Started process (PID=10885) to work on /home/aangava/MSP/airflow_venv/lib/python3.12/site-packages/airflow/example_dags/example_sensors.py
[2025-05-14T13:20:13.260-0400] {processor.py:914} INFO - Processing file /home/aangava/MSP/airflow_venv/lib/python3.12/site-packages/airflow/example_dags/example_sensors.py for tasks to queue
[2025-05-14T13:20:13.262-0400] {logging_mixin.py:190} INFO - [2025-05-14T13:20:13.262-0400] {dagbag.py:588} INFO - Filling up the DagBag from /home/aangava/MSP/airflow_venv/lib/python3.12/site-packages/airflow/example_dags/example_sensors.py
[2025-05-14T13:20:13.274-0400] {processor.py:925} INFO - DAG(s) 'example_sensors' retrieved from /home/aangava/MSP/airflow_venv/lib/python3.12/site-packages/airflow/example_dags/example_sensors.py
[2025-05-14T13:20:13.300-0400] {logging_mixin.py:190} INFO - [2025-05-14T13:20:13.300-0400] {dag.py:3239} INFO - Sync 1 DAGs
[2025-05-14T13:20:13.314-0400] {logging_mixin.py:190} INFO - [2025-05-14T13:20:13.314-0400] {dag.py:4180} INFO - Setting next_dagrun for example_sensors to None, run_after=None
[2025-05-14T13:20:13.339-0400] {processor.py:208} INFO - Processing /home/aangava/MSP/airflow_venv/lib/python3.12/site-packages/airflow/example_dags/example_sensors.py took 0.089 seconds
[2025-05-14T13:24:16.950-0400] {processor.py:186} INFO - Started process (PID=12011) to work on /home/aangava/MSP/airflow_venv/lib/python3.12/site-packages/airflow/example_dags/example_sensors.py
[2025-05-14T13:24:16.952-0400] {processor.py:914} INFO - Processing file /home/aangava/MSP/airflow_venv/lib/python3.12/site-packages/airflow/example_dags/example_sensors.py for tasks to queue
[2025-05-14T13:24:16.953-0400] {logging_mixin.py:190} INFO - [2025-05-14T13:24:16.953-0400] {dagbag.py:588} INFO - Filling up the DagBag from /home/aangava/MSP/airflow_venv/lib/python3.12/site-packages/airflow/example_dags/example_sensors.py
[2025-05-14T13:24:16.962-0400] {processor.py:925} INFO - DAG(s) 'example_sensors' retrieved from /home/aangava/MSP/airflow_venv/lib/python3.12/site-packages/airflow/example_dags/example_sensors.py
[2025-05-14T13:24:16.976-0400] {logging_mixin.py:190} INFO - [2025-05-14T13:24:16.976-0400] {dag.py:3239} INFO - Sync 1 DAGs
[2025-05-14T13:24:16.986-0400] {logging_mixin.py:190} INFO - [2025-05-14T13:24:16.986-0400] {dag.py:4180} INFO - Setting next_dagrun for example_sensors to None, run_after=None
[2025-05-14T13:24:17.002-0400] {processor.py:208} INFO - Processing /home/aangava/MSP/airflow_venv/lib/python3.12/site-packages/airflow/example_dags/example_sensors.py took 0.055 seconds
[2025-05-14T13:25:38.776-0400] {processor.py:186} INFO - Started process (PID=12546) to work on /home/aangava/MSP/airflow_venv/lib/python3.12/site-packages/airflow/example_dags/example_sensors.py
[2025-05-14T13:25:38.777-0400] {processor.py:914} INFO - Processing file /home/aangava/MSP/airflow_venv/lib/python3.12/site-packages/airflow/example_dags/example_sensors.py for tasks to queue
[2025-05-14T13:25:38.778-0400] {logging_mixin.py:190} INFO - [2025-05-14T13:25:38.778-0400] {dagbag.py:588} INFO - Filling up the DagBag from /home/aangava/MSP/airflow_venv/lib/python3.12/site-packages/airflow/example_dags/example_sensors.py
[2025-05-14T13:25:38.787-0400] {processor.py:925} INFO - DAG(s) 'example_sensors' retrieved from /home/aangava/MSP/airflow_venv/lib/python3.12/site-packages/airflow/example_dags/example_sensors.py
[2025-05-14T13:25:38.800-0400] {logging_mixin.py:190} INFO - [2025-05-14T13:25:38.800-0400] {dag.py:3239} INFO - Sync 1 DAGs
[2025-05-14T13:25:38.808-0400] {logging_mixin.py:190} INFO - [2025-05-14T13:25:38.808-0400] {dag.py:4180} INFO - Setting next_dagrun for example_sensors to None, run_after=None
[2025-05-14T13:25:38.824-0400] {processor.py:208} INFO - Processing /home/aangava/MSP/airflow_venv/lib/python3.12/site-packages/airflow/example_dags/example_sensors.py took 0.051 seconds
[2025-05-14T13:26:34.112-0400] {processor.py:186} INFO - Started process (PID=12807) to work on /home/aangava/MSP/airflow_venv/lib/python3.12/site-packages/airflow/example_dags/example_sensors.py
[2025-05-14T13:26:34.113-0400] {processor.py:914} INFO - Processing file /home/aangava/MSP/airflow_venv/lib/python3.12/site-packages/airflow/example_dags/example_sensors.py for tasks to queue
[2025-05-14T13:26:34.115-0400] {logging_mixin.py:190} INFO - [2025-05-14T13:26:34.114-0400] {dagbag.py:588} INFO - Filling up the DagBag from /home/aangava/MSP/airflow_venv/lib/python3.12/site-packages/airflow/example_dags/example_sensors.py
[2025-05-14T13:26:34.123-0400] {processor.py:925} INFO - DAG(s) 'example_sensors' retrieved from /home/aangava/MSP/airflow_venv/lib/python3.12/site-packages/airflow/example_dags/example_sensors.py
[2025-05-14T13:26:34.137-0400] {logging_mixin.py:190} INFO - [2025-05-14T13:26:34.136-0400] {dag.py:3239} INFO - Sync 1 DAGs
[2025-05-14T13:26:34.145-0400] {logging_mixin.py:190} INFO - [2025-05-14T13:26:34.145-0400] {dag.py:4180} INFO - Setting next_dagrun for example_sensors to None, run_after=None
[2025-05-14T13:26:34.158-0400] {processor.py:208} INFO - Processing /home/aangava/MSP/airflow_venv/lib/python3.12/site-packages/airflow/example_dags/example_sensors.py took 0.051 seconds
[2025-05-14T13:27:26.044-0400] {processor.py:186} INFO - Started process (PID=13079) to work on /home/aangava/MSP/airflow_venv/lib/python3.12/site-packages/airflow/example_dags/example_sensors.py
[2025-05-14T13:27:26.047-0400] {processor.py:914} INFO - Processing file /home/aangava/MSP/airflow_venv/lib/python3.12/site-packages/airflow/example_dags/example_sensors.py for tasks to queue
[2025-05-14T13:27:26.049-0400] {logging_mixin.py:190} INFO - [2025-05-14T13:27:26.049-0400] {dagbag.py:588} INFO - Filling up the DagBag from /home/aangava/MSP/airflow_venv/lib/python3.12/site-packages/airflow/example_dags/example_sensors.py
[2025-05-14T13:27:26.056-0400] {processor.py:925} INFO - DAG(s) 'example_sensors' retrieved from /home/aangava/MSP/airflow_venv/lib/python3.12/site-packages/airflow/example_dags/example_sensors.py
[2025-05-14T13:27:26.068-0400] {logging_mixin.py:190} INFO - [2025-05-14T13:27:26.068-0400] {dag.py:3239} INFO - Sync 1 DAGs
[2025-05-14T13:27:26.075-0400] {logging_mixin.py:190} INFO - [2025-05-14T13:27:26.075-0400] {dag.py:4180} INFO - Setting next_dagrun for example_sensors to None, run_after=None
[2025-05-14T13:27:26.089-0400] {processor.py:208} INFO - Processing /home/aangava/MSP/airflow_venv/lib/python3.12/site-packages/airflow/example_dags/example_sensors.py took 0.048 seconds
[2025-05-14T13:28:18.100-0400] {processor.py:186} INFO - Started process (PID=13398) to work on /home/aangava/MSP/airflow_venv/lib/python3.12/site-packages/airflow/example_dags/example_sensors.py
[2025-05-14T13:28:18.110-0400] {processor.py:914} INFO - Processing file /home/aangava/MSP/airflow_venv/lib/python3.12/site-packages/airflow/example_dags/example_sensors.py for tasks to queue
[2025-05-14T13:28:18.112-0400] {logging_mixin.py:190} INFO - [2025-05-14T13:28:18.112-0400] {dagbag.py:588} INFO - Filling up the DagBag from /home/aangava/MSP/airflow_venv/lib/python3.12/site-packages/airflow/example_dags/example_sensors.py
[2025-05-14T13:28:18.120-0400] {processor.py:925} INFO - DAG(s) 'example_sensors' retrieved from /home/aangava/MSP/airflow_venv/lib/python3.12/site-packages/airflow/example_dags/example_sensors.py
[2025-05-14T13:28:18.132-0400] {logging_mixin.py:190} INFO - [2025-05-14T13:28:18.132-0400] {dag.py:3239} INFO - Sync 1 DAGs
[2025-05-14T13:28:18.139-0400] {logging_mixin.py:190} INFO - [2025-05-14T13:28:18.139-0400] {dag.py:4180} INFO - Setting next_dagrun for example_sensors to None, run_after=None
[2025-05-14T13:28:18.153-0400] {processor.py:208} INFO - Processing /home/aangava/MSP/airflow_venv/lib/python3.12/site-packages/airflow/example_dags/example_sensors.py took 0.057 seconds
[2025-05-14T13:29:13.527-0400] {processor.py:186} INFO - Started process (PID=13700) to work on /home/aangava/MSP/airflow_venv/lib/python3.12/site-packages/airflow/example_dags/example_sensors.py
[2025-05-14T13:29:13.528-0400] {processor.py:914} INFO - Processing file /home/aangava/MSP/airflow_venv/lib/python3.12/site-packages/airflow/example_dags/example_sensors.py for tasks to queue
[2025-05-14T13:29:13.530-0400] {logging_mixin.py:190} INFO - [2025-05-14T13:29:13.529-0400] {dagbag.py:588} INFO - Filling up the DagBag from /home/aangava/MSP/airflow_venv/lib/python3.12/site-packages/airflow/example_dags/example_sensors.py
[2025-05-14T13:29:13.537-0400] {processor.py:925} INFO - DAG(s) 'example_sensors' retrieved from /home/aangava/MSP/airflow_venv/lib/python3.12/site-packages/airflow/example_dags/example_sensors.py
[2025-05-14T13:29:13.551-0400] {logging_mixin.py:190} INFO - [2025-05-14T13:29:13.551-0400] {dag.py:3239} INFO - Sync 1 DAGs
[2025-05-14T13:29:13.559-0400] {logging_mixin.py:190} INFO - [2025-05-14T13:29:13.559-0400] {dag.py:4180} INFO - Setting next_dagrun for example_sensors to None, run_after=None
[2025-05-14T13:29:13.573-0400] {processor.py:208} INFO - Processing /home/aangava/MSP/airflow_venv/lib/python3.12/site-packages/airflow/example_dags/example_sensors.py took 0.050 seconds
[2025-05-14T13:30:04.122-0400] {processor.py:186} INFO - Started process (PID=13942) to work on /home/aangava/MSP/airflow_venv/lib/python3.12/site-packages/airflow/example_dags/example_sensors.py
[2025-05-14T13:30:04.123-0400] {processor.py:914} INFO - Processing file /home/aangava/MSP/airflow_venv/lib/python3.12/site-packages/airflow/example_dags/example_sensors.py for tasks to queue
[2025-05-14T13:30:04.125-0400] {logging_mixin.py:190} INFO - [2025-05-14T13:30:04.125-0400] {dagbag.py:588} INFO - Filling up the DagBag from /home/aangava/MSP/airflow_venv/lib/python3.12/site-packages/airflow/example_dags/example_sensors.py
[2025-05-14T13:30:04.135-0400] {processor.py:925} INFO - DAG(s) 'example_sensors' retrieved from /home/aangava/MSP/airflow_venv/lib/python3.12/site-packages/airflow/example_dags/example_sensors.py
[2025-05-14T13:30:04.148-0400] {logging_mixin.py:190} INFO - [2025-05-14T13:30:04.148-0400] {dag.py:3239} INFO - Sync 1 DAGs
[2025-05-14T13:30:04.156-0400] {logging_mixin.py:190} INFO - [2025-05-14T13:30:04.156-0400] {dag.py:4180} INFO - Setting next_dagrun for example_sensors to None, run_after=None
[2025-05-14T13:30:04.169-0400] {processor.py:208} INFO - Processing /home/aangava/MSP/airflow_venv/lib/python3.12/site-packages/airflow/example_dags/example_sensors.py took 0.051 seconds
[2025-05-14T13:30:53.997-0400] {processor.py:186} INFO - Started process (PID=14142) to work on /home/aangava/MSP/airflow_venv/lib/python3.12/site-packages/airflow/example_dags/example_sensors.py
[2025-05-14T13:30:53.998-0400] {processor.py:914} INFO - Processing file /home/aangava/MSP/airflow_venv/lib/python3.12/site-packages/airflow/example_dags/example_sensors.py for tasks to queue
[2025-05-14T13:30:54.000-0400] {logging_mixin.py:190} INFO - [2025-05-14T13:30:54.000-0400] {dagbag.py:588} INFO - Filling up the DagBag from /home/aangava/MSP/airflow_venv/lib/python3.12/site-packages/airflow/example_dags/example_sensors.py
[2025-05-14T13:30:54.007-0400] {processor.py:925} INFO - DAG(s) 'example_sensors' retrieved from /home/aangava/MSP/airflow_venv/lib/python3.12/site-packages/airflow/example_dags/example_sensors.py
[2025-05-14T13:30:54.019-0400] {logging_mixin.py:190} INFO - [2025-05-14T13:30:54.019-0400] {dag.py:3239} INFO - Sync 1 DAGs
[2025-05-14T13:30:54.026-0400] {logging_mixin.py:190} INFO - [2025-05-14T13:30:54.026-0400] {dag.py:4180} INFO - Setting next_dagrun for example_sensors to None, run_after=None
[2025-05-14T13:30:54.042-0400] {processor.py:208} INFO - Processing /home/aangava/MSP/airflow_venv/lib/python3.12/site-packages/airflow/example_dags/example_sensors.py took 0.048 seconds
[2025-05-14T13:31:44.216-0400] {processor.py:186} INFO - Started process (PID=14347) to work on /home/aangava/MSP/airflow_venv/lib/python3.12/site-packages/airflow/example_dags/example_sensors.py
[2025-05-14T13:31:44.217-0400] {processor.py:914} INFO - Processing file /home/aangava/MSP/airflow_venv/lib/python3.12/site-packages/airflow/example_dags/example_sensors.py for tasks to queue
[2025-05-14T13:31:44.218-0400] {logging_mixin.py:190} INFO - [2025-05-14T13:31:44.218-0400] {dagbag.py:588} INFO - Filling up the DagBag from /home/aangava/MSP/airflow_venv/lib/python3.12/site-packages/airflow/example_dags/example_sensors.py
[2025-05-14T13:31:44.225-0400] {processor.py:925} INFO - DAG(s) 'example_sensors' retrieved from /home/aangava/MSP/airflow_venv/lib/python3.12/site-packages/airflow/example_dags/example_sensors.py
[2025-05-14T13:31:44.238-0400] {logging_mixin.py:190} INFO - [2025-05-14T13:31:44.238-0400] {dag.py:3239} INFO - Sync 1 DAGs
[2025-05-14T13:31:44.246-0400] {logging_mixin.py:190} INFO - [2025-05-14T13:31:44.246-0400] {dag.py:4180} INFO - Setting next_dagrun for example_sensors to None, run_after=None
[2025-05-14T13:31:44.259-0400] {processor.py:208} INFO - Processing /home/aangava/MSP/airflow_venv/lib/python3.12/site-packages/airflow/example_dags/example_sensors.py took 0.047 seconds
[2025-05-14T13:32:38.036-0400] {processor.py:186} INFO - Started process (PID=14612) to work on /home/aangava/MSP/airflow_venv/lib/python3.12/site-packages/airflow/example_dags/example_sensors.py
[2025-05-14T13:32:38.037-0400] {processor.py:914} INFO - Processing file /home/aangava/MSP/airflow_venv/lib/python3.12/site-packages/airflow/example_dags/example_sensors.py for tasks to queue
[2025-05-14T13:32:38.039-0400] {logging_mixin.py:190} INFO - [2025-05-14T13:32:38.038-0400] {dagbag.py:588} INFO - Filling up the DagBag from /home/aangava/MSP/airflow_venv/lib/python3.12/site-packages/airflow/example_dags/example_sensors.py
[2025-05-14T13:32:38.046-0400] {processor.py:925} INFO - DAG(s) 'example_sensors' retrieved from /home/aangava/MSP/airflow_venv/lib/python3.12/site-packages/airflow/example_dags/example_sensors.py
[2025-05-14T13:32:38.059-0400] {logging_mixin.py:190} INFO - [2025-05-14T13:32:38.059-0400] {dag.py:3239} INFO - Sync 1 DAGs
[2025-05-14T13:32:38.066-0400] {logging_mixin.py:190} INFO - [2025-05-14T13:32:38.066-0400] {dag.py:4180} INFO - Setting next_dagrun for example_sensors to None, run_after=None
[2025-05-14T13:32:38.083-0400] {processor.py:208} INFO - Processing /home/aangava/MSP/airflow_venv/lib/python3.12/site-packages/airflow/example_dags/example_sensors.py took 0.051 seconds
[2025-05-14T13:33:15.482-0400] {processor.py:186} INFO - Started process (PID=15070) to work on /home/aangava/MSP/airflow_venv/lib/python3.12/site-packages/airflow/example_dags/example_sensors.py
[2025-05-14T13:33:15.483-0400] {processor.py:914} INFO - Processing file /home/aangava/MSP/airflow_venv/lib/python3.12/site-packages/airflow/example_dags/example_sensors.py for tasks to queue
[2025-05-14T13:33:15.486-0400] {logging_mixin.py:190} INFO - [2025-05-14T13:33:15.486-0400] {dagbag.py:588} INFO - Filling up the DagBag from /home/aangava/MSP/airflow_venv/lib/python3.12/site-packages/airflow/example_dags/example_sensors.py
[2025-05-14T13:33:15.504-0400] {processor.py:925} INFO - DAG(s) 'example_sensors' retrieved from /home/aangava/MSP/airflow_venv/lib/python3.12/site-packages/airflow/example_dags/example_sensors.py
[2025-05-14T13:33:15.529-0400] {logging_mixin.py:190} INFO - [2025-05-14T13:33:15.529-0400] {dag.py:3239} INFO - Sync 1 DAGs
[2025-05-14T13:33:15.542-0400] {logging_mixin.py:190} INFO - [2025-05-14T13:33:15.542-0400] {dag.py:4180} INFO - Setting next_dagrun for example_sensors to None, run_after=None
[2025-05-14T13:33:15.560-0400] {processor.py:208} INFO - Processing /home/aangava/MSP/airflow_venv/lib/python3.12/site-packages/airflow/example_dags/example_sensors.py took 0.084 seconds
[2025-05-14T13:34:56.812-0400] {processor.py:186} INFO - Started process (PID=15949) to work on /home/aangava/MSP/airflow_venv/lib/python3.12/site-packages/airflow/example_dags/example_sensors.py
[2025-05-14T13:34:56.813-0400] {processor.py:914} INFO - Processing file /home/aangava/MSP/airflow_venv/lib/python3.12/site-packages/airflow/example_dags/example_sensors.py for tasks to queue
[2025-05-14T13:34:56.815-0400] {logging_mixin.py:190} INFO - [2025-05-14T13:34:56.815-0400] {dagbag.py:588} INFO - Filling up the DagBag from /home/aangava/MSP/airflow_venv/lib/python3.12/site-packages/airflow/example_dags/example_sensors.py
[2025-05-14T13:34:56.827-0400] {processor.py:925} INFO - DAG(s) 'example_sensors' retrieved from /home/aangava/MSP/airflow_venv/lib/python3.12/site-packages/airflow/example_dags/example_sensors.py
[2025-05-14T13:34:56.846-0400] {logging_mixin.py:190} INFO - [2025-05-14T13:34:56.845-0400] {dag.py:3239} INFO - Sync 1 DAGs
[2025-05-14T13:34:56.855-0400] {logging_mixin.py:190} INFO - [2025-05-14T13:34:56.855-0400] {dag.py:4180} INFO - Setting next_dagrun for example_sensors to None, run_after=None
[2025-05-14T13:34:56.871-0400] {processor.py:208} INFO - Processing /home/aangava/MSP/airflow_venv/lib/python3.12/site-packages/airflow/example_dags/example_sensors.py took 0.062 seconds
[2025-05-14T13:35:53.132-0400] {processor.py:186} INFO - Started process (PID=16242) to work on /home/aangava/MSP/airflow_venv/lib/python3.12/site-packages/airflow/example_dags/example_sensors.py
[2025-05-14T13:35:53.133-0400] {processor.py:914} INFO - Processing file /home/aangava/MSP/airflow_venv/lib/python3.12/site-packages/airflow/example_dags/example_sensors.py for tasks to queue
[2025-05-14T13:35:53.134-0400] {logging_mixin.py:190} INFO - [2025-05-14T13:35:53.134-0400] {dagbag.py:588} INFO - Filling up the DagBag from /home/aangava/MSP/airflow_venv/lib/python3.12/site-packages/airflow/example_dags/example_sensors.py
[2025-05-14T13:35:53.143-0400] {processor.py:925} INFO - DAG(s) 'example_sensors' retrieved from /home/aangava/MSP/airflow_venv/lib/python3.12/site-packages/airflow/example_dags/example_sensors.py
[2025-05-14T13:35:53.155-0400] {logging_mixin.py:190} INFO - [2025-05-14T13:35:53.155-0400] {dag.py:3239} INFO - Sync 1 DAGs
[2025-05-14T13:35:53.166-0400] {logging_mixin.py:190} INFO - [2025-05-14T13:35:53.166-0400] {dag.py:4180} INFO - Setting next_dagrun for example_sensors to None, run_after=None
[2025-05-14T13:35:53.178-0400] {processor.py:208} INFO - Processing /home/aangava/MSP/airflow_venv/lib/python3.12/site-packages/airflow/example_dags/example_sensors.py took 0.050 seconds
[2025-05-14T13:36:46.798-0400] {processor.py:186} INFO - Started process (PID=16471) to work on /home/aangava/MSP/airflow_venv/lib/python3.12/site-packages/airflow/example_dags/example_sensors.py
[2025-05-14T13:36:46.799-0400] {processor.py:914} INFO - Processing file /home/aangava/MSP/airflow_venv/lib/python3.12/site-packages/airflow/example_dags/example_sensors.py for tasks to queue
[2025-05-14T13:36:46.801-0400] {logging_mixin.py:190} INFO - [2025-05-14T13:36:46.800-0400] {dagbag.py:588} INFO - Filling up the DagBag from /home/aangava/MSP/airflow_venv/lib/python3.12/site-packages/airflow/example_dags/example_sensors.py
[2025-05-14T13:36:46.809-0400] {processor.py:925} INFO - DAG(s) 'example_sensors' retrieved from /home/aangava/MSP/airflow_venv/lib/python3.12/site-packages/airflow/example_dags/example_sensors.py
[2025-05-14T13:36:46.823-0400] {logging_mixin.py:190} INFO - [2025-05-14T13:36:46.822-0400] {dag.py:3239} INFO - Sync 1 DAGs
[2025-05-14T13:36:46.832-0400] {logging_mixin.py:190} INFO - [2025-05-14T13:36:46.832-0400] {dag.py:4180} INFO - Setting next_dagrun for example_sensors to None, run_after=None
[2025-05-14T13:36:46.850-0400] {processor.py:208} INFO - Processing /home/aangava/MSP/airflow_venv/lib/python3.12/site-packages/airflow/example_dags/example_sensors.py took 0.055 seconds
[2025-05-14T13:48:23.049-0400] {processor.py:186} INFO - Started process (PID=19420) to work on /home/aangava/MSP/airflow_venv/lib/python3.12/site-packages/airflow/example_dags/example_sensors.py
[2025-05-14T13:48:23.050-0400] {processor.py:914} INFO - Processing file /home/aangava/MSP/airflow_venv/lib/python3.12/site-packages/airflow/example_dags/example_sensors.py for tasks to queue
[2025-05-14T13:48:23.052-0400] {logging_mixin.py:190} INFO - [2025-05-14T13:48:23.052-0400] {dagbag.py:588} INFO - Filling up the DagBag from /home/aangava/MSP/airflow_venv/lib/python3.12/site-packages/airflow/example_dags/example_sensors.py
[2025-05-14T13:48:23.062-0400] {processor.py:925} INFO - DAG(s) 'example_sensors' retrieved from /home/aangava/MSP/airflow_venv/lib/python3.12/site-packages/airflow/example_dags/example_sensors.py
[2025-05-14T13:48:23.078-0400] {logging_mixin.py:190} INFO - [2025-05-14T13:48:23.078-0400] {dag.py:3239} INFO - Sync 1 DAGs
[2025-05-14T13:48:23.087-0400] {logging_mixin.py:190} INFO - [2025-05-14T13:48:23.087-0400] {dag.py:4180} INFO - Setting next_dagrun for example_sensors to None, run_after=None
[2025-05-14T13:48:23.104-0400] {processor.py:208} INFO - Processing /home/aangava/MSP/airflow_venv/lib/python3.12/site-packages/airflow/example_dags/example_sensors.py took 0.059 seconds
[2025-05-14T13:49:18.925-0400] {processor.py:186} INFO - Started process (PID=19763) to work on /home/aangava/MSP/airflow_venv/lib/python3.12/site-packages/airflow/example_dags/example_sensors.py
[2025-05-14T13:49:18.926-0400] {processor.py:914} INFO - Processing file /home/aangava/MSP/airflow_venv/lib/python3.12/site-packages/airflow/example_dags/example_sensors.py for tasks to queue
[2025-05-14T13:49:18.928-0400] {logging_mixin.py:190} INFO - [2025-05-14T13:49:18.928-0400] {dagbag.py:588} INFO - Filling up the DagBag from /home/aangava/MSP/airflow_venv/lib/python3.12/site-packages/airflow/example_dags/example_sensors.py
[2025-05-14T13:49:18.940-0400] {processor.py:925} INFO - DAG(s) 'example_sensors' retrieved from /home/aangava/MSP/airflow_venv/lib/python3.12/site-packages/airflow/example_dags/example_sensors.py
[2025-05-14T13:49:18.956-0400] {logging_mixin.py:190} INFO - [2025-05-14T13:49:18.956-0400] {dag.py:3239} INFO - Sync 1 DAGs
[2025-05-14T13:49:18.967-0400] {logging_mixin.py:190} INFO - [2025-05-14T13:49:18.967-0400] {dag.py:4180} INFO - Setting next_dagrun for example_sensors to None, run_after=None
[2025-05-14T13:49:18.982-0400] {processor.py:208} INFO - Processing /home/aangava/MSP/airflow_venv/lib/python3.12/site-packages/airflow/example_dags/example_sensors.py took 0.062 seconds
[2025-05-14T13:50:13.304-0400] {processor.py:186} INFO - Started process (PID=19981) to work on /home/aangava/MSP/airflow_venv/lib/python3.12/site-packages/airflow/example_dags/example_sensors.py
[2025-05-14T13:50:13.305-0400] {processor.py:914} INFO - Processing file /home/aangava/MSP/airflow_venv/lib/python3.12/site-packages/airflow/example_dags/example_sensors.py for tasks to queue
[2025-05-14T13:50:13.307-0400] {logging_mixin.py:190} INFO - [2025-05-14T13:50:13.307-0400] {dagbag.py:588} INFO - Filling up the DagBag from /home/aangava/MSP/airflow_venv/lib/python3.12/site-packages/airflow/example_dags/example_sensors.py
[2025-05-14T13:50:13.316-0400] {processor.py:925} INFO - DAG(s) 'example_sensors' retrieved from /home/aangava/MSP/airflow_venv/lib/python3.12/site-packages/airflow/example_dags/example_sensors.py
[2025-05-14T13:50:13.330-0400] {logging_mixin.py:190} INFO - [2025-05-14T13:50:13.330-0400] {dag.py:3239} INFO - Sync 1 DAGs
[2025-05-14T13:50:13.338-0400] {logging_mixin.py:190} INFO - [2025-05-14T13:50:13.338-0400] {dag.py:4180} INFO - Setting next_dagrun for example_sensors to None, run_after=None
[2025-05-14T13:50:13.361-0400] {processor.py:208} INFO - Processing /home/aangava/MSP/airflow_venv/lib/python3.12/site-packages/airflow/example_dags/example_sensors.py took 0.061 seconds
[2025-05-14T13:51:08.644-0400] {processor.py:186} INFO - Started process (PID=20233) to work on /home/aangava/MSP/airflow_venv/lib/python3.12/site-packages/airflow/example_dags/example_sensors.py
[2025-05-14T13:51:08.654-0400] {processor.py:914} INFO - Processing file /home/aangava/MSP/airflow_venv/lib/python3.12/site-packages/airflow/example_dags/example_sensors.py for tasks to queue
[2025-05-14T13:51:08.656-0400] {logging_mixin.py:190} INFO - [2025-05-14T13:51:08.656-0400] {dagbag.py:588} INFO - Filling up the DagBag from /home/aangava/MSP/airflow_venv/lib/python3.12/site-packages/airflow/example_dags/example_sensors.py
[2025-05-14T13:51:08.664-0400] {processor.py:925} INFO - DAG(s) 'example_sensors' retrieved from /home/aangava/MSP/airflow_venv/lib/python3.12/site-packages/airflow/example_dags/example_sensors.py
[2025-05-14T13:51:08.677-0400] {logging_mixin.py:190} INFO - [2025-05-14T13:51:08.677-0400] {dag.py:3239} INFO - Sync 1 DAGs
[2025-05-14T13:51:08.686-0400] {logging_mixin.py:190} INFO - [2025-05-14T13:51:08.685-0400] {dag.py:4180} INFO - Setting next_dagrun for example_sensors to None, run_after=None
[2025-05-14T13:51:08.699-0400] {processor.py:208} INFO - Processing /home/aangava/MSP/airflow_venv/lib/python3.12/site-packages/airflow/example_dags/example_sensors.py took 0.059 seconds
[2025-05-14T13:51:57.922-0400] {processor.py:186} INFO - Started process (PID=20605) to work on /home/aangava/MSP/airflow_venv/lib/python3.12/site-packages/airflow/example_dags/example_sensors.py
[2025-05-14T13:51:57.923-0400] {processor.py:914} INFO - Processing file /home/aangava/MSP/airflow_venv/lib/python3.12/site-packages/airflow/example_dags/example_sensors.py for tasks to queue
[2025-05-14T13:51:57.925-0400] {logging_mixin.py:190} INFO - [2025-05-14T13:51:57.925-0400] {dagbag.py:588} INFO - Filling up the DagBag from /home/aangava/MSP/airflow_venv/lib/python3.12/site-packages/airflow/example_dags/example_sensors.py
[2025-05-14T13:51:57.935-0400] {processor.py:925} INFO - DAG(s) 'example_sensors' retrieved from /home/aangava/MSP/airflow_venv/lib/python3.12/site-packages/airflow/example_dags/example_sensors.py
[2025-05-14T13:51:57.949-0400] {logging_mixin.py:190} INFO - [2025-05-14T13:51:57.949-0400] {dag.py:3239} INFO - Sync 1 DAGs
[2025-05-14T13:51:57.957-0400] {logging_mixin.py:190} INFO - [2025-05-14T13:51:57.957-0400] {dag.py:4180} INFO - Setting next_dagrun for example_sensors to None, run_after=None
[2025-05-14T13:51:57.971-0400] {processor.py:208} INFO - Processing /home/aangava/MSP/airflow_venv/lib/python3.12/site-packages/airflow/example_dags/example_sensors.py took 0.052 seconds
[2025-05-14T13:52:49.602-0400] {processor.py:186} INFO - Started process (PID=20860) to work on /home/aangava/MSP/airflow_venv/lib/python3.12/site-packages/airflow/example_dags/example_sensors.py
[2025-05-14T13:52:49.612-0400] {processor.py:914} INFO - Processing file /home/aangava/MSP/airflow_venv/lib/python3.12/site-packages/airflow/example_dags/example_sensors.py for tasks to queue
[2025-05-14T13:52:49.615-0400] {logging_mixin.py:190} INFO - [2025-05-14T13:52:49.614-0400] {dagbag.py:588} INFO - Filling up the DagBag from /home/aangava/MSP/airflow_venv/lib/python3.12/site-packages/airflow/example_dags/example_sensors.py
[2025-05-14T13:52:49.623-0400] {processor.py:925} INFO - DAG(s) 'example_sensors' retrieved from /home/aangava/MSP/airflow_venv/lib/python3.12/site-packages/airflow/example_dags/example_sensors.py
[2025-05-14T13:52:49.640-0400] {logging_mixin.py:190} INFO - [2025-05-14T13:52:49.639-0400] {dag.py:3239} INFO - Sync 1 DAGs
[2025-05-14T13:52:49.649-0400] {logging_mixin.py:190} INFO - [2025-05-14T13:52:49.649-0400] {dag.py:4180} INFO - Setting next_dagrun for example_sensors to None, run_after=None
[2025-05-14T13:52:49.663-0400] {processor.py:208} INFO - Processing /home/aangava/MSP/airflow_venv/lib/python3.12/site-packages/airflow/example_dags/example_sensors.py took 0.065 seconds
[2025-05-14T13:53:44.963-0400] {processor.py:186} INFO - Started process (PID=21139) to work on /home/aangava/MSP/airflow_venv/lib/python3.12/site-packages/airflow/example_dags/example_sensors.py
[2025-05-14T13:53:44.972-0400] {processor.py:914} INFO - Processing file /home/aangava/MSP/airflow_venv/lib/python3.12/site-packages/airflow/example_dags/example_sensors.py for tasks to queue
[2025-05-14T13:53:44.974-0400] {logging_mixin.py:190} INFO - [2025-05-14T13:53:44.974-0400] {dagbag.py:588} INFO - Filling up the DagBag from /home/aangava/MSP/airflow_venv/lib/python3.12/site-packages/airflow/example_dags/example_sensors.py
[2025-05-14T13:53:44.982-0400] {processor.py:925} INFO - DAG(s) 'example_sensors' retrieved from /home/aangava/MSP/airflow_venv/lib/python3.12/site-packages/airflow/example_dags/example_sensors.py
[2025-05-14T13:53:44.997-0400] {logging_mixin.py:190} INFO - [2025-05-14T13:53:44.997-0400] {dag.py:3239} INFO - Sync 1 DAGs
[2025-05-14T13:53:45.005-0400] {logging_mixin.py:190} INFO - [2025-05-14T13:53:45.005-0400] {dag.py:4180} INFO - Setting next_dagrun for example_sensors to None, run_after=None
[2025-05-14T13:53:45.018-0400] {processor.py:208} INFO - Processing /home/aangava/MSP/airflow_venv/lib/python3.12/site-packages/airflow/example_dags/example_sensors.py took 0.059 seconds
[2025-05-14T13:54:36.610-0400] {processor.py:186} INFO - Started process (PID=21415) to work on /home/aangava/MSP/airflow_venv/lib/python3.12/site-packages/airflow/example_dags/example_sensors.py
[2025-05-14T13:54:36.611-0400] {processor.py:914} INFO - Processing file /home/aangava/MSP/airflow_venv/lib/python3.12/site-packages/airflow/example_dags/example_sensors.py for tasks to queue
[2025-05-14T13:54:36.613-0400] {logging_mixin.py:190} INFO - [2025-05-14T13:54:36.612-0400] {dagbag.py:588} INFO - Filling up the DagBag from /home/aangava/MSP/airflow_venv/lib/python3.12/site-packages/airflow/example_dags/example_sensors.py
[2025-05-14T13:54:36.623-0400] {processor.py:925} INFO - DAG(s) 'example_sensors' retrieved from /home/aangava/MSP/airflow_venv/lib/python3.12/site-packages/airflow/example_dags/example_sensors.py
[2025-05-14T13:54:36.638-0400] {logging_mixin.py:190} INFO - [2025-05-14T13:54:36.637-0400] {dag.py:3239} INFO - Sync 1 DAGs
[2025-05-14T13:54:36.646-0400] {logging_mixin.py:190} INFO - [2025-05-14T13:54:36.646-0400] {dag.py:4180} INFO - Setting next_dagrun for example_sensors to None, run_after=None
[2025-05-14T13:54:36.661-0400] {processor.py:208} INFO - Processing /home/aangava/MSP/airflow_venv/lib/python3.12/site-packages/airflow/example_dags/example_sensors.py took 0.055 seconds
[2025-05-14T13:55:30.745-0400] {processor.py:186} INFO - Started process (PID=21710) to work on /home/aangava/MSP/airflow_venv/lib/python3.12/site-packages/airflow/example_dags/example_sensors.py
[2025-05-14T13:55:30.746-0400] {processor.py:914} INFO - Processing file /home/aangava/MSP/airflow_venv/lib/python3.12/site-packages/airflow/example_dags/example_sensors.py for tasks to queue
[2025-05-14T13:55:30.748-0400] {logging_mixin.py:190} INFO - [2025-05-14T13:55:30.747-0400] {dagbag.py:588} INFO - Filling up the DagBag from /home/aangava/MSP/airflow_venv/lib/python3.12/site-packages/airflow/example_dags/example_sensors.py
[2025-05-14T13:55:30.757-0400] {processor.py:925} INFO - DAG(s) 'example_sensors' retrieved from /home/aangava/MSP/airflow_venv/lib/python3.12/site-packages/airflow/example_dags/example_sensors.py
[2025-05-14T13:55:30.771-0400] {logging_mixin.py:190} INFO - [2025-05-14T13:55:30.770-0400] {dag.py:3239} INFO - Sync 1 DAGs
[2025-05-14T13:55:30.779-0400] {logging_mixin.py:190} INFO - [2025-05-14T13:55:30.779-0400] {dag.py:4180} INFO - Setting next_dagrun for example_sensors to None, run_after=None
[2025-05-14T13:55:30.793-0400] {processor.py:208} INFO - Processing /home/aangava/MSP/airflow_venv/lib/python3.12/site-packages/airflow/example_dags/example_sensors.py took 0.051 seconds
[2025-05-14T13:56:24.381-0400] {processor.py:186} INFO - Started process (PID=22020) to work on /home/aangava/MSP/airflow_venv/lib/python3.12/site-packages/airflow/example_dags/example_sensors.py
[2025-05-14T13:56:24.382-0400] {processor.py:914} INFO - Processing file /home/aangava/MSP/airflow_venv/lib/python3.12/site-packages/airflow/example_dags/example_sensors.py for tasks to queue
[2025-05-14T13:56:24.383-0400] {logging_mixin.py:190} INFO - [2025-05-14T13:56:24.383-0400] {dagbag.py:588} INFO - Filling up the DagBag from /home/aangava/MSP/airflow_venv/lib/python3.12/site-packages/airflow/example_dags/example_sensors.py
[2025-05-14T13:56:24.392-0400] {processor.py:925} INFO - DAG(s) 'example_sensors' retrieved from /home/aangava/MSP/airflow_venv/lib/python3.12/site-packages/airflow/example_dags/example_sensors.py
[2025-05-14T13:56:24.406-0400] {logging_mixin.py:190} INFO - [2025-05-14T13:56:24.406-0400] {dag.py:3239} INFO - Sync 1 DAGs
[2025-05-14T13:56:24.413-0400] {logging_mixin.py:190} INFO - [2025-05-14T13:56:24.413-0400] {dag.py:4180} INFO - Setting next_dagrun for example_sensors to None, run_after=None
[2025-05-14T13:56:24.429-0400] {processor.py:208} INFO - Processing /home/aangava/MSP/airflow_venv/lib/python3.12/site-packages/airflow/example_dags/example_sensors.py took 0.052 seconds
[2025-05-14T13:57:40.267-0400] {processor.py:186} INFO - Started process (PID=22711) to work on /home/aangava/MSP/airflow_venv/lib/python3.12/site-packages/airflow/example_dags/example_sensors.py
[2025-05-14T13:57:40.269-0400] {processor.py:914} INFO - Processing file /home/aangava/MSP/airflow_venv/lib/python3.12/site-packages/airflow/example_dags/example_sensors.py for tasks to queue
[2025-05-14T13:57:40.272-0400] {logging_mixin.py:190} INFO - [2025-05-14T13:57:40.271-0400] {dagbag.py:588} INFO - Filling up the DagBag from /home/aangava/MSP/airflow_venv/lib/python3.12/site-packages/airflow/example_dags/example_sensors.py
[2025-05-14T13:57:40.282-0400] {processor.py:925} INFO - DAG(s) 'example_sensors' retrieved from /home/aangava/MSP/airflow_venv/lib/python3.12/site-packages/airflow/example_dags/example_sensors.py
[2025-05-14T13:57:40.298-0400] {logging_mixin.py:190} INFO - [2025-05-14T13:57:40.298-0400] {dag.py:3239} INFO - Sync 1 DAGs
[2025-05-14T13:57:40.308-0400] {logging_mixin.py:190} INFO - [2025-05-14T13:57:40.308-0400] {dag.py:4180} INFO - Setting next_dagrun for example_sensors to None, run_after=None
[2025-05-14T13:57:40.323-0400] {processor.py:208} INFO - Processing /home/aangava/MSP/airflow_venv/lib/python3.12/site-packages/airflow/example_dags/example_sensors.py took 0.061 seconds
[2025-05-14T13:58:31.728-0400] {processor.py:186} INFO - Started process (PID=22962) to work on /home/aangava/MSP/airflow_venv/lib/python3.12/site-packages/airflow/example_dags/example_sensors.py
[2025-05-14T13:58:31.737-0400] {processor.py:914} INFO - Processing file /home/aangava/MSP/airflow_venv/lib/python3.12/site-packages/airflow/example_dags/example_sensors.py for tasks to queue
[2025-05-14T13:58:31.739-0400] {logging_mixin.py:190} INFO - [2025-05-14T13:58:31.738-0400] {dagbag.py:588} INFO - Filling up the DagBag from /home/aangava/MSP/airflow_venv/lib/python3.12/site-packages/airflow/example_dags/example_sensors.py
[2025-05-14T13:58:31.746-0400] {processor.py:925} INFO - DAG(s) 'example_sensors' retrieved from /home/aangava/MSP/airflow_venv/lib/python3.12/site-packages/airflow/example_dags/example_sensors.py
[2025-05-14T13:58:31.760-0400] {logging_mixin.py:190} INFO - [2025-05-14T13:58:31.760-0400] {dag.py:3239} INFO - Sync 1 DAGs
[2025-05-14T13:58:31.767-0400] {logging_mixin.py:190} INFO - [2025-05-14T13:58:31.767-0400] {dag.py:4180} INFO - Setting next_dagrun for example_sensors to None, run_after=None
[2025-05-14T13:58:31.782-0400] {processor.py:208} INFO - Processing /home/aangava/MSP/airflow_venv/lib/python3.12/site-packages/airflow/example_dags/example_sensors.py took 0.057 seconds
[2025-05-14T13:59:24.227-0400] {processor.py:186} INFO - Started process (PID=23201) to work on /home/aangava/MSP/airflow_venv/lib/python3.12/site-packages/airflow/example_dags/example_sensors.py
[2025-05-14T13:59:24.229-0400] {processor.py:914} INFO - Processing file /home/aangava/MSP/airflow_venv/lib/python3.12/site-packages/airflow/example_dags/example_sensors.py for tasks to queue
[2025-05-14T13:59:24.230-0400] {logging_mixin.py:190} INFO - [2025-05-14T13:59:24.230-0400] {dagbag.py:588} INFO - Filling up the DagBag from /home/aangava/MSP/airflow_venv/lib/python3.12/site-packages/airflow/example_dags/example_sensors.py
[2025-05-14T13:59:24.238-0400] {processor.py:925} INFO - DAG(s) 'example_sensors' retrieved from /home/aangava/MSP/airflow_venv/lib/python3.12/site-packages/airflow/example_dags/example_sensors.py
[2025-05-14T13:59:24.250-0400] {logging_mixin.py:190} INFO - [2025-05-14T13:59:24.250-0400] {dag.py:3239} INFO - Sync 1 DAGs
[2025-05-14T13:59:24.257-0400] {logging_mixin.py:190} INFO - [2025-05-14T13:59:24.257-0400] {dag.py:4180} INFO - Setting next_dagrun for example_sensors to None, run_after=None
[2025-05-14T13:59:24.270-0400] {processor.py:208} INFO - Processing /home/aangava/MSP/airflow_venv/lib/python3.12/site-packages/airflow/example_dags/example_sensors.py took 0.047 seconds
[2025-05-14T14:00:16.641-0400] {processor.py:186} INFO - Started process (PID=23407) to work on /home/aangava/MSP/airflow_venv/lib/python3.12/site-packages/airflow/example_dags/example_sensors.py
[2025-05-14T14:00:16.651-0400] {processor.py:914} INFO - Processing file /home/aangava/MSP/airflow_venv/lib/python3.12/site-packages/airflow/example_dags/example_sensors.py for tasks to queue
[2025-05-14T14:00:16.653-0400] {logging_mixin.py:190} INFO - [2025-05-14T14:00:16.653-0400] {dagbag.py:588} INFO - Filling up the DagBag from /home/aangava/MSP/airflow_venv/lib/python3.12/site-packages/airflow/example_dags/example_sensors.py
[2025-05-14T14:00:16.660-0400] {processor.py:925} INFO - DAG(s) 'example_sensors' retrieved from /home/aangava/MSP/airflow_venv/lib/python3.12/site-packages/airflow/example_dags/example_sensors.py
[2025-05-14T14:00:16.673-0400] {logging_mixin.py:190} INFO - [2025-05-14T14:00:16.673-0400] {dag.py:3239} INFO - Sync 1 DAGs
[2025-05-14T14:00:16.681-0400] {logging_mixin.py:190} INFO - [2025-05-14T14:00:16.680-0400] {dag.py:4180} INFO - Setting next_dagrun for example_sensors to None, run_after=None
[2025-05-14T14:00:16.693-0400] {processor.py:208} INFO - Processing /home/aangava/MSP/airflow_venv/lib/python3.12/site-packages/airflow/example_dags/example_sensors.py took 0.055 seconds
[2025-05-14T14:01:09.827-0400] {processor.py:186} INFO - Started process (PID=23658) to work on /home/aangava/MSP/airflow_venv/lib/python3.12/site-packages/airflow/example_dags/example_sensors.py
[2025-05-14T14:01:09.829-0400] {processor.py:914} INFO - Processing file /home/aangava/MSP/airflow_venv/lib/python3.12/site-packages/airflow/example_dags/example_sensors.py for tasks to queue
[2025-05-14T14:01:09.830-0400] {logging_mixin.py:190} INFO - [2025-05-14T14:01:09.830-0400] {dagbag.py:588} INFO - Filling up the DagBag from /home/aangava/MSP/airflow_venv/lib/python3.12/site-packages/airflow/example_dags/example_sensors.py
[2025-05-14T14:01:09.839-0400] {processor.py:925} INFO - DAG(s) 'example_sensors' retrieved from /home/aangava/MSP/airflow_venv/lib/python3.12/site-packages/airflow/example_dags/example_sensors.py
[2025-05-14T14:01:09.851-0400] {logging_mixin.py:190} INFO - [2025-05-14T14:01:09.850-0400] {dag.py:3239} INFO - Sync 1 DAGs
[2025-05-14T14:01:09.858-0400] {logging_mixin.py:190} INFO - [2025-05-14T14:01:09.858-0400] {dag.py:4180} INFO - Setting next_dagrun for example_sensors to None, run_after=None
[2025-05-14T14:01:09.880-0400] {processor.py:208} INFO - Processing /home/aangava/MSP/airflow_venv/lib/python3.12/site-packages/airflow/example_dags/example_sensors.py took 0.056 seconds
[2025-05-14T14:02:05.011-0400] {processor.py:186} INFO - Started process (PID=23918) to work on /home/aangava/MSP/airflow_venv/lib/python3.12/site-packages/airflow/example_dags/example_sensors.py
[2025-05-14T14:02:05.012-0400] {processor.py:914} INFO - Processing file /home/aangava/MSP/airflow_venv/lib/python3.12/site-packages/airflow/example_dags/example_sensors.py for tasks to queue
[2025-05-14T14:02:05.014-0400] {logging_mixin.py:190} INFO - [2025-05-14T14:02:05.013-0400] {dagbag.py:588} INFO - Filling up the DagBag from /home/aangava/MSP/airflow_venv/lib/python3.12/site-packages/airflow/example_dags/example_sensors.py
[2025-05-14T14:02:05.023-0400] {processor.py:925} INFO - DAG(s) 'example_sensors' retrieved from /home/aangava/MSP/airflow_venv/lib/python3.12/site-packages/airflow/example_dags/example_sensors.py
[2025-05-14T14:02:05.036-0400] {logging_mixin.py:190} INFO - [2025-05-14T14:02:05.036-0400] {dag.py:3239} INFO - Sync 1 DAGs
[2025-05-14T14:02:05.044-0400] {logging_mixin.py:190} INFO - [2025-05-14T14:02:05.044-0400] {dag.py:4180} INFO - Setting next_dagrun for example_sensors to None, run_after=None
[2025-05-14T14:02:05.056-0400] {processor.py:208} INFO - Processing /home/aangava/MSP/airflow_venv/lib/python3.12/site-packages/airflow/example_dags/example_sensors.py took 0.050 seconds
[2025-05-14T14:02:55.201-0400] {processor.py:186} INFO - Started process (PID=24171) to work on /home/aangava/MSP/airflow_venv/lib/python3.12/site-packages/airflow/example_dags/example_sensors.py
[2025-05-14T14:02:55.211-0400] {processor.py:914} INFO - Processing file /home/aangava/MSP/airflow_venv/lib/python3.12/site-packages/airflow/example_dags/example_sensors.py for tasks to queue
[2025-05-14T14:02:55.213-0400] {logging_mixin.py:190} INFO - [2025-05-14T14:02:55.212-0400] {dagbag.py:588} INFO - Filling up the DagBag from /home/aangava/MSP/airflow_venv/lib/python3.12/site-packages/airflow/example_dags/example_sensors.py
[2025-05-14T14:02:55.221-0400] {processor.py:925} INFO - DAG(s) 'example_sensors' retrieved from /home/aangava/MSP/airflow_venv/lib/python3.12/site-packages/airflow/example_dags/example_sensors.py
[2025-05-14T14:02:55.235-0400] {logging_mixin.py:190} INFO - [2025-05-14T14:02:55.234-0400] {dag.py:3239} INFO - Sync 1 DAGs
[2025-05-14T14:02:55.243-0400] {logging_mixin.py:190} INFO - [2025-05-14T14:02:55.243-0400] {dag.py:4180} INFO - Setting next_dagrun for example_sensors to None, run_after=None
[2025-05-14T14:02:55.272-0400] {processor.py:208} INFO - Processing /home/aangava/MSP/airflow_venv/lib/python3.12/site-packages/airflow/example_dags/example_sensors.py took 0.076 seconds
[2025-05-14T14:03:46.673-0400] {processor.py:186} INFO - Started process (PID=24398) to work on /home/aangava/MSP/airflow_venv/lib/python3.12/site-packages/airflow/example_dags/example_sensors.py
[2025-05-14T14:03:46.674-0400] {processor.py:914} INFO - Processing file /home/aangava/MSP/airflow_venv/lib/python3.12/site-packages/airflow/example_dags/example_sensors.py for tasks to queue
[2025-05-14T14:03:46.676-0400] {logging_mixin.py:190} INFO - [2025-05-14T14:03:46.676-0400] {dagbag.py:588} INFO - Filling up the DagBag from /home/aangava/MSP/airflow_venv/lib/python3.12/site-packages/airflow/example_dags/example_sensors.py
[2025-05-14T14:03:46.686-0400] {processor.py:925} INFO - DAG(s) 'example_sensors' retrieved from /home/aangava/MSP/airflow_venv/lib/python3.12/site-packages/airflow/example_dags/example_sensors.py
[2025-05-14T14:03:46.700-0400] {logging_mixin.py:190} INFO - [2025-05-14T14:03:46.700-0400] {dag.py:3239} INFO - Sync 1 DAGs
[2025-05-14T14:03:46.708-0400] {logging_mixin.py:190} INFO - [2025-05-14T14:03:46.708-0400] {dag.py:4180} INFO - Setting next_dagrun for example_sensors to None, run_after=None
[2025-05-14T14:03:46.725-0400] {processor.py:208} INFO - Processing /home/aangava/MSP/airflow_venv/lib/python3.12/site-packages/airflow/example_dags/example_sensors.py took 0.056 seconds
[2025-05-14T14:08:50.884-0400] {processor.py:186} INFO - Started process (PID=27221) to work on /home/aangava/MSP/airflow_venv/lib/python3.12/site-packages/airflow/example_dags/example_sensors.py
[2025-05-14T14:08:50.894-0400] {processor.py:914} INFO - Processing file /home/aangava/MSP/airflow_venv/lib/python3.12/site-packages/airflow/example_dags/example_sensors.py for tasks to queue
[2025-05-14T14:08:50.895-0400] {logging_mixin.py:190} INFO - [2025-05-14T14:08:50.895-0400] {dagbag.py:588} INFO - Filling up the DagBag from /home/aangava/MSP/airflow_venv/lib/python3.12/site-packages/airflow/example_dags/example_sensors.py
[2025-05-14T14:08:50.902-0400] {processor.py:925} INFO - DAG(s) 'example_sensors' retrieved from /home/aangava/MSP/airflow_venv/lib/python3.12/site-packages/airflow/example_dags/example_sensors.py
[2025-05-14T14:08:50.917-0400] {logging_mixin.py:190} INFO - [2025-05-14T14:08:50.916-0400] {dag.py:3239} INFO - Sync 1 DAGs
[2025-05-14T14:08:50.924-0400] {logging_mixin.py:190} INFO - [2025-05-14T14:08:50.923-0400] {dag.py:4180} INFO - Setting next_dagrun for example_sensors to None, run_after=None
[2025-05-14T14:08:50.936-0400] {processor.py:208} INFO - Processing /home/aangava/MSP/airflow_venv/lib/python3.12/site-packages/airflow/example_dags/example_sensors.py took 0.056 seconds
[2025-05-14T14:09:48.736-0400] {processor.py:186} INFO - Started process (PID=27541) to work on /home/aangava/MSP/airflow_venv/lib/python3.12/site-packages/airflow/example_dags/example_sensors.py
[2025-05-14T14:09:48.745-0400] {processor.py:914} INFO - Processing file /home/aangava/MSP/airflow_venv/lib/python3.12/site-packages/airflow/example_dags/example_sensors.py for tasks to queue
[2025-05-14T14:09:48.747-0400] {logging_mixin.py:190} INFO - [2025-05-14T14:09:48.746-0400] {dagbag.py:588} INFO - Filling up the DagBag from /home/aangava/MSP/airflow_venv/lib/python3.12/site-packages/airflow/example_dags/example_sensors.py
[2025-05-14T14:09:48.753-0400] {processor.py:925} INFO - DAG(s) 'example_sensors' retrieved from /home/aangava/MSP/airflow_venv/lib/python3.12/site-packages/airflow/example_dags/example_sensors.py
[2025-05-14T14:09:48.766-0400] {logging_mixin.py:190} INFO - [2025-05-14T14:09:48.766-0400] {dag.py:3239} INFO - Sync 1 DAGs
[2025-05-14T14:09:48.774-0400] {logging_mixin.py:190} INFO - [2025-05-14T14:09:48.774-0400] {dag.py:4180} INFO - Setting next_dagrun for example_sensors to None, run_after=None
[2025-05-14T14:09:48.792-0400] {processor.py:208} INFO - Processing /home/aangava/MSP/airflow_venv/lib/python3.12/site-packages/airflow/example_dags/example_sensors.py took 0.060 seconds
[2025-05-14T14:10:42.260-0400] {processor.py:186} INFO - Started process (PID=27822) to work on /home/aangava/MSP/airflow_venv/lib/python3.12/site-packages/airflow/example_dags/example_sensors.py
[2025-05-14T14:10:42.270-0400] {processor.py:914} INFO - Processing file /home/aangava/MSP/airflow_venv/lib/python3.12/site-packages/airflow/example_dags/example_sensors.py for tasks to queue
[2025-05-14T14:10:42.271-0400] {logging_mixin.py:190} INFO - [2025-05-14T14:10:42.271-0400] {dagbag.py:588} INFO - Filling up the DagBag from /home/aangava/MSP/airflow_venv/lib/python3.12/site-packages/airflow/example_dags/example_sensors.py
[2025-05-14T14:10:42.278-0400] {processor.py:925} INFO - DAG(s) 'example_sensors' retrieved from /home/aangava/MSP/airflow_venv/lib/python3.12/site-packages/airflow/example_dags/example_sensors.py
[2025-05-14T14:10:42.291-0400] {logging_mixin.py:190} INFO - [2025-05-14T14:10:42.291-0400] {dag.py:3239} INFO - Sync 1 DAGs
[2025-05-14T14:10:42.298-0400] {logging_mixin.py:190} INFO - [2025-05-14T14:10:42.298-0400] {dag.py:4180} INFO - Setting next_dagrun for example_sensors to None, run_after=None
[2025-05-14T14:10:42.312-0400] {processor.py:208} INFO - Processing /home/aangava/MSP/airflow_venv/lib/python3.12/site-packages/airflow/example_dags/example_sensors.py took 0.056 seconds
[2025-05-14T14:11:39.821-0400] {processor.py:186} INFO - Started process (PID=28127) to work on /home/aangava/MSP/airflow_venv/lib/python3.12/site-packages/airflow/example_dags/example_sensors.py
[2025-05-14T14:11:39.830-0400] {processor.py:914} INFO - Processing file /home/aangava/MSP/airflow_venv/lib/python3.12/site-packages/airflow/example_dags/example_sensors.py for tasks to queue
[2025-05-14T14:11:39.831-0400] {logging_mixin.py:190} INFO - [2025-05-14T14:11:39.831-0400] {dagbag.py:588} INFO - Filling up the DagBag from /home/aangava/MSP/airflow_venv/lib/python3.12/site-packages/airflow/example_dags/example_sensors.py
[2025-05-14T14:11:39.839-0400] {processor.py:925} INFO - DAG(s) 'example_sensors' retrieved from /home/aangava/MSP/airflow_venv/lib/python3.12/site-packages/airflow/example_dags/example_sensors.py
[2025-05-14T14:11:39.853-0400] {logging_mixin.py:190} INFO - [2025-05-14T14:11:39.852-0400] {dag.py:3239} INFO - Sync 1 DAGs
[2025-05-14T14:11:39.860-0400] {logging_mixin.py:190} INFO - [2025-05-14T14:11:39.859-0400] {dag.py:4180} INFO - Setting next_dagrun for example_sensors to None, run_after=None
[2025-05-14T14:11:39.872-0400] {processor.py:208} INFO - Processing /home/aangava/MSP/airflow_venv/lib/python3.12/site-packages/airflow/example_dags/example_sensors.py took 0.055 seconds
[2025-05-14T14:12:32.094-0400] {processor.py:186} INFO - Started process (PID=28367) to work on /home/aangava/MSP/airflow_venv/lib/python3.12/site-packages/airflow/example_dags/example_sensors.py
[2025-05-14T14:12:32.095-0400] {processor.py:914} INFO - Processing file /home/aangava/MSP/airflow_venv/lib/python3.12/site-packages/airflow/example_dags/example_sensors.py for tasks to queue
[2025-05-14T14:12:32.096-0400] {logging_mixin.py:190} INFO - [2025-05-14T14:12:32.096-0400] {dagbag.py:588} INFO - Filling up the DagBag from /home/aangava/MSP/airflow_venv/lib/python3.12/site-packages/airflow/example_dags/example_sensors.py
[2025-05-14T14:12:32.103-0400] {processor.py:925} INFO - DAG(s) 'example_sensors' retrieved from /home/aangava/MSP/airflow_venv/lib/python3.12/site-packages/airflow/example_dags/example_sensors.py
[2025-05-14T14:12:32.117-0400] {logging_mixin.py:190} INFO - [2025-05-14T14:12:32.117-0400] {dag.py:3239} INFO - Sync 1 DAGs
[2025-05-14T14:12:32.124-0400] {logging_mixin.py:190} INFO - [2025-05-14T14:12:32.124-0400] {dag.py:4180} INFO - Setting next_dagrun for example_sensors to None, run_after=None
[2025-05-14T14:12:32.137-0400] {processor.py:208} INFO - Processing /home/aangava/MSP/airflow_venv/lib/python3.12/site-packages/airflow/example_dags/example_sensors.py took 0.047 seconds
[2025-05-14T14:13:24.518-0400] {processor.py:186} INFO - Started process (PID=28571) to work on /home/aangava/MSP/airflow_venv/lib/python3.12/site-packages/airflow/example_dags/example_sensors.py
[2025-05-14T14:13:24.528-0400] {processor.py:914} INFO - Processing file /home/aangava/MSP/airflow_venv/lib/python3.12/site-packages/airflow/example_dags/example_sensors.py for tasks to queue
[2025-05-14T14:13:24.529-0400] {logging_mixin.py:190} INFO - [2025-05-14T14:13:24.529-0400] {dagbag.py:588} INFO - Filling up the DagBag from /home/aangava/MSP/airflow_venv/lib/python3.12/site-packages/airflow/example_dags/example_sensors.py
[2025-05-14T14:13:24.536-0400] {processor.py:925} INFO - DAG(s) 'example_sensors' retrieved from /home/aangava/MSP/airflow_venv/lib/python3.12/site-packages/airflow/example_dags/example_sensors.py
[2025-05-14T14:13:24.549-0400] {logging_mixin.py:190} INFO - [2025-05-14T14:13:24.549-0400] {dag.py:3239} INFO - Sync 1 DAGs
[2025-05-14T14:13:24.555-0400] {logging_mixin.py:190} INFO - [2025-05-14T14:13:24.555-0400] {dag.py:4180} INFO - Setting next_dagrun for example_sensors to None, run_after=None
[2025-05-14T14:13:24.568-0400] {processor.py:208} INFO - Processing /home/aangava/MSP/airflow_venv/lib/python3.12/site-packages/airflow/example_dags/example_sensors.py took 0.054 seconds
[2025-05-14T14:14:16.858-0400] {processor.py:186} INFO - Started process (PID=28796) to work on /home/aangava/MSP/airflow_venv/lib/python3.12/site-packages/airflow/example_dags/example_sensors.py
[2025-05-14T14:14:16.868-0400] {processor.py:914} INFO - Processing file /home/aangava/MSP/airflow_venv/lib/python3.12/site-packages/airflow/example_dags/example_sensors.py for tasks to queue
[2025-05-14T14:14:16.869-0400] {logging_mixin.py:190} INFO - [2025-05-14T14:14:16.869-0400] {dagbag.py:588} INFO - Filling up the DagBag from /home/aangava/MSP/airflow_venv/lib/python3.12/site-packages/airflow/example_dags/example_sensors.py
[2025-05-14T14:14:16.876-0400] {processor.py:925} INFO - DAG(s) 'example_sensors' retrieved from /home/aangava/MSP/airflow_venv/lib/python3.12/site-packages/airflow/example_dags/example_sensors.py
[2025-05-14T14:14:16.888-0400] {logging_mixin.py:190} INFO - [2025-05-14T14:14:16.888-0400] {dag.py:3239} INFO - Sync 1 DAGs
[2025-05-14T14:14:16.895-0400] {logging_mixin.py:190} INFO - [2025-05-14T14:14:16.895-0400] {dag.py:4180} INFO - Setting next_dagrun for example_sensors to None, run_after=None
[2025-05-14T14:14:16.908-0400] {processor.py:208} INFO - Processing /home/aangava/MSP/airflow_venv/lib/python3.12/site-packages/airflow/example_dags/example_sensors.py took 0.053 seconds
[2025-05-14T14:15:12.918-0400] {processor.py:186} INFO - Started process (PID=29021) to work on /home/aangava/MSP/airflow_venv/lib/python3.12/site-packages/airflow/example_dags/example_sensors.py
[2025-05-14T14:15:12.919-0400] {processor.py:914} INFO - Processing file /home/aangava/MSP/airflow_venv/lib/python3.12/site-packages/airflow/example_dags/example_sensors.py for tasks to queue
[2025-05-14T14:15:12.920-0400] {logging_mixin.py:190} INFO - [2025-05-14T14:15:12.920-0400] {dagbag.py:588} INFO - Filling up the DagBag from /home/aangava/MSP/airflow_venv/lib/python3.12/site-packages/airflow/example_dags/example_sensors.py
[2025-05-14T14:15:12.927-0400] {processor.py:925} INFO - DAG(s) 'example_sensors' retrieved from /home/aangava/MSP/airflow_venv/lib/python3.12/site-packages/airflow/example_dags/example_sensors.py
[2025-05-14T14:15:12.940-0400] {logging_mixin.py:190} INFO - [2025-05-14T14:15:12.940-0400] {dag.py:3239} INFO - Sync 1 DAGs
[2025-05-14T14:15:12.947-0400] {logging_mixin.py:190} INFO - [2025-05-14T14:15:12.946-0400] {dag.py:4180} INFO - Setting next_dagrun for example_sensors to None, run_after=None
[2025-05-14T14:15:12.959-0400] {processor.py:208} INFO - Processing /home/aangava/MSP/airflow_venv/lib/python3.12/site-packages/airflow/example_dags/example_sensors.py took 0.046 seconds
[2025-05-14T14:16:05.004-0400] {processor.py:186} INFO - Started process (PID=29227) to work on /home/aangava/MSP/airflow_venv/lib/python3.12/site-packages/airflow/example_dags/example_sensors.py
[2025-05-14T14:16:05.014-0400] {processor.py:914} INFO - Processing file /home/aangava/MSP/airflow_venv/lib/python3.12/site-packages/airflow/example_dags/example_sensors.py for tasks to queue
[2025-05-14T14:16:05.015-0400] {logging_mixin.py:190} INFO - [2025-05-14T14:16:05.015-0400] {dagbag.py:588} INFO - Filling up the DagBag from /home/aangava/MSP/airflow_venv/lib/python3.12/site-packages/airflow/example_dags/example_sensors.py
[2025-05-14T14:16:05.023-0400] {processor.py:925} INFO - DAG(s) 'example_sensors' retrieved from /home/aangava/MSP/airflow_venv/lib/python3.12/site-packages/airflow/example_dags/example_sensors.py
[2025-05-14T14:16:05.040-0400] {logging_mixin.py:190} INFO - [2025-05-14T14:16:05.039-0400] {dag.py:3239} INFO - Sync 1 DAGs
[2025-05-14T14:16:05.047-0400] {logging_mixin.py:190} INFO - [2025-05-14T14:16:05.047-0400] {dag.py:4180} INFO - Setting next_dagrun for example_sensors to None, run_after=None
[2025-05-14T14:16:05.061-0400] {processor.py:208} INFO - Processing /home/aangava/MSP/airflow_venv/lib/python3.12/site-packages/airflow/example_dags/example_sensors.py took 0.061 seconds
[2025-05-14T14:16:57.826-0400] {processor.py:186} INFO - Started process (PID=29437) to work on /home/aangava/MSP/airflow_venv/lib/python3.12/site-packages/airflow/example_dags/example_sensors.py
[2025-05-14T14:16:57.828-0400] {processor.py:914} INFO - Processing file /home/aangava/MSP/airflow_venv/lib/python3.12/site-packages/airflow/example_dags/example_sensors.py for tasks to queue
[2025-05-14T14:16:57.829-0400] {logging_mixin.py:190} INFO - [2025-05-14T14:16:57.829-0400] {dagbag.py:588} INFO - Filling up the DagBag from /home/aangava/MSP/airflow_venv/lib/python3.12/site-packages/airflow/example_dags/example_sensors.py
[2025-05-14T14:16:57.835-0400] {processor.py:925} INFO - DAG(s) 'example_sensors' retrieved from /home/aangava/MSP/airflow_venv/lib/python3.12/site-packages/airflow/example_dags/example_sensors.py
[2025-05-14T14:16:57.847-0400] {logging_mixin.py:190} INFO - [2025-05-14T14:16:57.847-0400] {dag.py:3239} INFO - Sync 1 DAGs
[2025-05-14T14:16:57.854-0400] {logging_mixin.py:190} INFO - [2025-05-14T14:16:57.854-0400] {dag.py:4180} INFO - Setting next_dagrun for example_sensors to None, run_after=None
[2025-05-14T14:16:57.867-0400] {processor.py:208} INFO - Processing /home/aangava/MSP/airflow_venv/lib/python3.12/site-packages/airflow/example_dags/example_sensors.py took 0.045 seconds
[2025-05-14T14:17:50.915-0400] {processor.py:186} INFO - Started process (PID=29655) to work on /home/aangava/MSP/airflow_venv/lib/python3.12/site-packages/airflow/example_dags/example_sensors.py
[2025-05-14T14:17:50.917-0400] {processor.py:914} INFO - Processing file /home/aangava/MSP/airflow_venv/lib/python3.12/site-packages/airflow/example_dags/example_sensors.py for tasks to queue
[2025-05-14T14:17:50.917-0400] {logging_mixin.py:190} INFO - [2025-05-14T14:17:50.917-0400] {dagbag.py:588} INFO - Filling up the DagBag from /home/aangava/MSP/airflow_venv/lib/python3.12/site-packages/airflow/example_dags/example_sensors.py
[2025-05-14T14:17:50.924-0400] {processor.py:925} INFO - DAG(s) 'example_sensors' retrieved from /home/aangava/MSP/airflow_venv/lib/python3.12/site-packages/airflow/example_dags/example_sensors.py
[2025-05-14T14:17:50.937-0400] {logging_mixin.py:190} INFO - [2025-05-14T14:17:50.936-0400] {dag.py:3239} INFO - Sync 1 DAGs
[2025-05-14T14:17:50.944-0400] {logging_mixin.py:190} INFO - [2025-05-14T14:17:50.943-0400] {dag.py:4180} INFO - Setting next_dagrun for example_sensors to None, run_after=None
[2025-05-14T14:17:50.956-0400] {processor.py:208} INFO - Processing /home/aangava/MSP/airflow_venv/lib/python3.12/site-packages/airflow/example_dags/example_sensors.py took 0.045 seconds
[2025-05-14T14:18:47.406-0400] {processor.py:186} INFO - Started process (PID=29966) to work on /home/aangava/MSP/airflow_venv/lib/python3.12/site-packages/airflow/example_dags/example_sensors.py
[2025-05-14T14:18:47.416-0400] {processor.py:914} INFO - Processing file /home/aangava/MSP/airflow_venv/lib/python3.12/site-packages/airflow/example_dags/example_sensors.py for tasks to queue
[2025-05-14T14:18:47.417-0400] {logging_mixin.py:190} INFO - [2025-05-14T14:18:47.416-0400] {dagbag.py:588} INFO - Filling up the DagBag from /home/aangava/MSP/airflow_venv/lib/python3.12/site-packages/airflow/example_dags/example_sensors.py
[2025-05-14T14:18:47.423-0400] {processor.py:925} INFO - DAG(s) 'example_sensors' retrieved from /home/aangava/MSP/airflow_venv/lib/python3.12/site-packages/airflow/example_dags/example_sensors.py
[2025-05-14T14:18:47.436-0400] {logging_mixin.py:190} INFO - [2025-05-14T14:18:47.436-0400] {dag.py:3239} INFO - Sync 1 DAGs
[2025-05-14T14:18:47.443-0400] {logging_mixin.py:190} INFO - [2025-05-14T14:18:47.442-0400] {dag.py:4180} INFO - Setting next_dagrun for example_sensors to None, run_after=None
[2025-05-14T14:18:47.454-0400] {processor.py:208} INFO - Processing /home/aangava/MSP/airflow_venv/lib/python3.12/site-packages/airflow/example_dags/example_sensors.py took 0.052 seconds
[2025-05-14T14:19:41.663-0400] {processor.py:186} INFO - Started process (PID=30239) to work on /home/aangava/MSP/airflow_venv/lib/python3.12/site-packages/airflow/example_dags/example_sensors.py
[2025-05-14T14:19:41.664-0400] {processor.py:914} INFO - Processing file /home/aangava/MSP/airflow_venv/lib/python3.12/site-packages/airflow/example_dags/example_sensors.py for tasks to queue
[2025-05-14T14:19:41.667-0400] {logging_mixin.py:190} INFO - [2025-05-14T14:19:41.666-0400] {dagbag.py:588} INFO - Filling up the DagBag from /home/aangava/MSP/airflow_venv/lib/python3.12/site-packages/airflow/example_dags/example_sensors.py
[2025-05-14T14:19:41.678-0400] {processor.py:925} INFO - DAG(s) 'example_sensors' retrieved from /home/aangava/MSP/airflow_venv/lib/python3.12/site-packages/airflow/example_dags/example_sensors.py
[2025-05-14T14:19:41.694-0400] {logging_mixin.py:190} INFO - [2025-05-14T14:19:41.694-0400] {dag.py:3239} INFO - Sync 1 DAGs
[2025-05-14T14:19:41.701-0400] {logging_mixin.py:190} INFO - [2025-05-14T14:19:41.701-0400] {dag.py:4180} INFO - Setting next_dagrun for example_sensors to None, run_after=None
[2025-05-14T14:19:41.715-0400] {processor.py:208} INFO - Processing /home/aangava/MSP/airflow_venv/lib/python3.12/site-packages/airflow/example_dags/example_sensors.py took 0.057 seconds
[2025-05-14T14:20:37.579-0400] {processor.py:186} INFO - Started process (PID=30519) to work on /home/aangava/MSP/airflow_venv/lib/python3.12/site-packages/airflow/example_dags/example_sensors.py
[2025-05-14T14:20:37.580-0400] {processor.py:914} INFO - Processing file /home/aangava/MSP/airflow_venv/lib/python3.12/site-packages/airflow/example_dags/example_sensors.py for tasks to queue
[2025-05-14T14:20:37.581-0400] {logging_mixin.py:190} INFO - [2025-05-14T14:20:37.581-0400] {dagbag.py:588} INFO - Filling up the DagBag from /home/aangava/MSP/airflow_venv/lib/python3.12/site-packages/airflow/example_dags/example_sensors.py
[2025-05-14T14:20:37.589-0400] {processor.py:925} INFO - DAG(s) 'example_sensors' retrieved from /home/aangava/MSP/airflow_venv/lib/python3.12/site-packages/airflow/example_dags/example_sensors.py
[2025-05-14T14:20:37.601-0400] {logging_mixin.py:190} INFO - [2025-05-14T14:20:37.600-0400] {dag.py:3239} INFO - Sync 1 DAGs
[2025-05-14T14:20:37.702-0400] {logging_mixin.py:190} INFO - [2025-05-14T14:20:37.702-0400] {dag.py:4180} INFO - Setting next_dagrun for example_sensors to None, run_after=None
[2025-05-14T14:20:37.717-0400] {processor.py:208} INFO - Processing /home/aangava/MSP/airflow_venv/lib/python3.12/site-packages/airflow/example_dags/example_sensors.py took 0.141 seconds
[2025-05-14T14:21:50.702-0400] {processor.py:186} INFO - Started process (PID=30992) to work on /home/aangava/MSP/airflow_venv/lib/python3.12/site-packages/airflow/example_dags/example_sensors.py
[2025-05-14T14:21:50.712-0400] {processor.py:914} INFO - Processing file /home/aangava/MSP/airflow_venv/lib/python3.12/site-packages/airflow/example_dags/example_sensors.py for tasks to queue
[2025-05-14T14:21:50.713-0400] {logging_mixin.py:190} INFO - [2025-05-14T14:21:50.713-0400] {dagbag.py:588} INFO - Filling up the DagBag from /home/aangava/MSP/airflow_venv/lib/python3.12/site-packages/airflow/example_dags/example_sensors.py
[2025-05-14T14:21:50.720-0400] {processor.py:925} INFO - DAG(s) 'example_sensors' retrieved from /home/aangava/MSP/airflow_venv/lib/python3.12/site-packages/airflow/example_dags/example_sensors.py
[2025-05-14T14:21:50.733-0400] {logging_mixin.py:190} INFO - [2025-05-14T14:21:50.733-0400] {dag.py:3239} INFO - Sync 1 DAGs
[2025-05-14T14:21:50.740-0400] {logging_mixin.py:190} INFO - [2025-05-14T14:21:50.740-0400] {dag.py:4180} INFO - Setting next_dagrun for example_sensors to None, run_after=None
[2025-05-14T14:21:50.752-0400] {processor.py:208} INFO - Processing /home/aangava/MSP/airflow_venv/lib/python3.12/site-packages/airflow/example_dags/example_sensors.py took 0.054 seconds
[2025-05-14T14:22:46.170-0400] {processor.py:186} INFO - Started process (PID=31220) to work on /home/aangava/MSP/airflow_venv/lib/python3.12/site-packages/airflow/example_dags/example_sensors.py
[2025-05-14T14:22:46.172-0400] {processor.py:914} INFO - Processing file /home/aangava/MSP/airflow_venv/lib/python3.12/site-packages/airflow/example_dags/example_sensors.py for tasks to queue
[2025-05-14T14:22:46.173-0400] {logging_mixin.py:190} INFO - [2025-05-14T14:22:46.172-0400] {dagbag.py:588} INFO - Filling up the DagBag from /home/aangava/MSP/airflow_venv/lib/python3.12/site-packages/airflow/example_dags/example_sensors.py
[2025-05-14T14:22:46.180-0400] {processor.py:925} INFO - DAG(s) 'example_sensors' retrieved from /home/aangava/MSP/airflow_venv/lib/python3.12/site-packages/airflow/example_dags/example_sensors.py
[2025-05-14T14:22:46.192-0400] {logging_mixin.py:190} INFO - [2025-05-14T14:22:46.192-0400] {dag.py:3239} INFO - Sync 1 DAGs
[2025-05-14T14:22:46.199-0400] {logging_mixin.py:190} INFO - [2025-05-14T14:22:46.199-0400] {dag.py:4180} INFO - Setting next_dagrun for example_sensors to None, run_after=None
[2025-05-14T14:22:46.215-0400] {processor.py:208} INFO - Processing /home/aangava/MSP/airflow_venv/lib/python3.12/site-packages/airflow/example_dags/example_sensors.py took 0.049 seconds
[2025-05-14T14:23:38.963-0400] {processor.py:186} INFO - Started process (PID=31475) to work on /home/aangava/MSP/airflow_venv/lib/python3.12/site-packages/airflow/example_dags/example_sensors.py
[2025-05-14T14:23:38.964-0400] {processor.py:914} INFO - Processing file /home/aangava/MSP/airflow_venv/lib/python3.12/site-packages/airflow/example_dags/example_sensors.py for tasks to queue
[2025-05-14T14:23:38.965-0400] {logging_mixin.py:190} INFO - [2025-05-14T14:23:38.965-0400] {dagbag.py:588} INFO - Filling up the DagBag from /home/aangava/MSP/airflow_venv/lib/python3.12/site-packages/airflow/example_dags/example_sensors.py
[2025-05-14T14:23:38.974-0400] {processor.py:925} INFO - DAG(s) 'example_sensors' retrieved from /home/aangava/MSP/airflow_venv/lib/python3.12/site-packages/airflow/example_dags/example_sensors.py
[2025-05-14T14:23:38.986-0400] {logging_mixin.py:190} INFO - [2025-05-14T14:23:38.986-0400] {dag.py:3239} INFO - Sync 1 DAGs
[2025-05-14T14:23:38.994-0400] {logging_mixin.py:190} INFO - [2025-05-14T14:23:38.994-0400] {dag.py:4180} INFO - Setting next_dagrun for example_sensors to None, run_after=None
[2025-05-14T14:23:39.008-0400] {processor.py:208} INFO - Processing /home/aangava/MSP/airflow_venv/lib/python3.12/site-packages/airflow/example_dags/example_sensors.py took 0.050 seconds
[2025-05-14T14:24:32.487-0400] {processor.py:186} INFO - Started process (PID=31854) to work on /home/aangava/MSP/airflow_venv/lib/python3.12/site-packages/airflow/example_dags/example_sensors.py
[2025-05-14T14:24:32.497-0400] {processor.py:914} INFO - Processing file /home/aangava/MSP/airflow_venv/lib/python3.12/site-packages/airflow/example_dags/example_sensors.py for tasks to queue
[2025-05-14T14:24:32.498-0400] {logging_mixin.py:190} INFO - [2025-05-14T14:24:32.498-0400] {dagbag.py:588} INFO - Filling up the DagBag from /home/aangava/MSP/airflow_venv/lib/python3.12/site-packages/airflow/example_dags/example_sensors.py
[2025-05-14T14:24:32.506-0400] {processor.py:925} INFO - DAG(s) 'example_sensors' retrieved from /home/aangava/MSP/airflow_venv/lib/python3.12/site-packages/airflow/example_dags/example_sensors.py
[2025-05-14T14:24:32.520-0400] {logging_mixin.py:190} INFO - [2025-05-14T14:24:32.520-0400] {dag.py:3239} INFO - Sync 1 DAGs
[2025-05-14T14:24:32.528-0400] {logging_mixin.py:190} INFO - [2025-05-14T14:24:32.528-0400] {dag.py:4180} INFO - Setting next_dagrun for example_sensors to None, run_after=None
[2025-05-14T14:24:32.542-0400] {processor.py:208} INFO - Processing /home/aangava/MSP/airflow_venv/lib/python3.12/site-packages/airflow/example_dags/example_sensors.py took 0.060 seconds
