[2025-05-14T12:54:15.606-0400] {processor.py:186} INFO - Started process (PID=2173) to work on /home/aangava/MSP/airflow_venv/lib/python3.12/site-packages/airflow/example_dags/example_xcom.py
[2025-05-14T12:54:15.607-0400] {processor.py:914} INFO - Processing file /home/aangava/MSP/airflow_venv/lib/python3.12/site-packages/airflow/example_dags/example_xcom.py for tasks to queue
[2025-05-14T12:54:15.609-0400] {logging_mixin.py:190} INFO - [2025-05-14T12:54:15.609-0400] {dagbag.py:588} INFO - Filling up the DagBag from /home/aangava/MSP/airflow_venv/lib/python3.12/site-packages/airflow/example_dags/example_xcom.py
[2025-05-14T12:54:15.626-0400] {processor.py:925} INFO - DAG(s) 'example_xcom' retrieved from /home/aangava/MSP/airflow_venv/lib/python3.12/site-packages/airflow/example_dags/example_xcom.py
[2025-05-14T12:54:15.647-0400] {logging_mixin.py:190} INFO - [2025-05-14T12:54:15.647-0400] {dag.py:3239} INFO - Sync 1 DAGs
[2025-05-14T12:54:15.668-0400] {logging_mixin.py:190} INFO - [2025-05-14T12:54:15.667-0400] {dag.py:4180} INFO - Setting next_dagrun for example_xcom to 2021-01-01 00:00:00+00:00, run_after=2021-01-01 00:00:00+00:00
[2025-05-14T12:54:15.703-0400] {processor.py:208} INFO - Processing /home/aangava/MSP/airflow_venv/lib/python3.12/site-packages/airflow/example_dags/example_xcom.py took 0.105 seconds
[2025-05-14T12:55:32.678-0400] {processor.py:186} INFO - Started process (PID=2681) to work on /home/aangava/MSP/airflow_venv/lib/python3.12/site-packages/airflow/example_dags/example_xcom.py
[2025-05-14T12:55:32.680-0400] {processor.py:914} INFO - Processing file /home/aangava/MSP/airflow_venv/lib/python3.12/site-packages/airflow/example_dags/example_xcom.py for tasks to queue
[2025-05-14T12:55:32.682-0400] {logging_mixin.py:190} INFO - [2025-05-14T12:55:32.681-0400] {dagbag.py:588} INFO - Filling up the DagBag from /home/aangava/MSP/airflow_venv/lib/python3.12/site-packages/airflow/example_dags/example_xcom.py
[2025-05-14T12:55:32.689-0400] {processor.py:925} INFO - DAG(s) 'example_xcom' retrieved from /home/aangava/MSP/airflow_venv/lib/python3.12/site-packages/airflow/example_dags/example_xcom.py
[2025-05-14T12:55:32.699-0400] {logging_mixin.py:190} INFO - [2025-05-14T12:55:32.699-0400] {dag.py:3239} INFO - Sync 1 DAGs
[2025-05-14T12:55:32.717-0400] {logging_mixin.py:190} INFO - [2025-05-14T12:55:32.717-0400] {dag.py:4180} INFO - Setting next_dagrun for example_xcom to 2021-01-01 00:00:00+00:00, run_after=2021-01-01 00:00:00+00:00
[2025-05-14T12:55:32.735-0400] {processor.py:208} INFO - Processing /home/aangava/MSP/airflow_venv/lib/python3.12/site-packages/airflow/example_dags/example_xcom.py took 0.060 seconds
[2025-05-14T12:56:33.128-0400] {processor.py:186} INFO - Started process (PID=2917) to work on /home/aangava/MSP/airflow_venv/lib/python3.12/site-packages/airflow/example_dags/example_xcom.py
[2025-05-14T12:56:33.129-0400] {processor.py:914} INFO - Processing file /home/aangava/MSP/airflow_venv/lib/python3.12/site-packages/airflow/example_dags/example_xcom.py for tasks to queue
[2025-05-14T12:56:33.133-0400] {logging_mixin.py:190} INFO - [2025-05-14T12:56:33.132-0400] {dagbag.py:588} INFO - Filling up the DagBag from /home/aangava/MSP/airflow_venv/lib/python3.12/site-packages/airflow/example_dags/example_xcom.py
[2025-05-14T12:56:33.147-0400] {processor.py:925} INFO - DAG(s) 'example_xcom' retrieved from /home/aangava/MSP/airflow_venv/lib/python3.12/site-packages/airflow/example_dags/example_xcom.py
[2025-05-14T12:56:33.164-0400] {logging_mixin.py:190} INFO - [2025-05-14T12:56:33.164-0400] {dag.py:3239} INFO - Sync 1 DAGs
[2025-05-14T12:56:33.182-0400] {logging_mixin.py:190} INFO - [2025-05-14T12:56:33.182-0400] {dag.py:4180} INFO - Setting next_dagrun for example_xcom to 2021-01-01 00:00:00+00:00, run_after=2021-01-01 00:00:00+00:00
[2025-05-14T12:56:33.199-0400] {processor.py:208} INFO - Processing /home/aangava/MSP/airflow_venv/lib/python3.12/site-packages/airflow/example_dags/example_xcom.py took 0.081 seconds
[2025-05-14T12:57:32.186-0400] {processor.py:186} INFO - Started process (PID=3268) to work on /home/aangava/MSP/airflow_venv/lib/python3.12/site-packages/airflow/example_dags/example_xcom.py
[2025-05-14T12:57:32.189-0400] {processor.py:914} INFO - Processing file /home/aangava/MSP/airflow_venv/lib/python3.12/site-packages/airflow/example_dags/example_xcom.py for tasks to queue
[2025-05-14T12:57:32.192-0400] {logging_mixin.py:190} INFO - [2025-05-14T12:57:32.192-0400] {dagbag.py:588} INFO - Filling up the DagBag from /home/aangava/MSP/airflow_venv/lib/python3.12/site-packages/airflow/example_dags/example_xcom.py
[2025-05-14T12:57:32.207-0400] {processor.py:925} INFO - DAG(s) 'example_xcom' retrieved from /home/aangava/MSP/airflow_venv/lib/python3.12/site-packages/airflow/example_dags/example_xcom.py
[2025-05-14T12:57:32.230-0400] {logging_mixin.py:190} INFO - [2025-05-14T12:57:32.229-0400] {dag.py:3239} INFO - Sync 1 DAGs
[2025-05-14T12:57:32.256-0400] {logging_mixin.py:190} INFO - [2025-05-14T12:57:32.255-0400] {dag.py:4180} INFO - Setting next_dagrun for example_xcom to 2021-01-01 00:00:00+00:00, run_after=2021-01-01 00:00:00+00:00
[2025-05-14T12:57:32.283-0400] {processor.py:208} INFO - Processing /home/aangava/MSP/airflow_venv/lib/python3.12/site-packages/airflow/example_dags/example_xcom.py took 0.107 seconds
[2025-05-14T12:58:32.291-0400] {processor.py:186} INFO - Started process (PID=3551) to work on /home/aangava/MSP/airflow_venv/lib/python3.12/site-packages/airflow/example_dags/example_xcom.py
[2025-05-14T12:58:32.302-0400] {processor.py:914} INFO - Processing file /home/aangava/MSP/airflow_venv/lib/python3.12/site-packages/airflow/example_dags/example_xcom.py for tasks to queue
[2025-05-14T12:58:32.304-0400] {logging_mixin.py:190} INFO - [2025-05-14T12:58:32.303-0400] {dagbag.py:588} INFO - Filling up the DagBag from /home/aangava/MSP/airflow_venv/lib/python3.12/site-packages/airflow/example_dags/example_xcom.py
[2025-05-14T12:58:32.316-0400] {processor.py:925} INFO - DAG(s) 'example_xcom' retrieved from /home/aangava/MSP/airflow_venv/lib/python3.12/site-packages/airflow/example_dags/example_xcom.py
[2025-05-14T12:58:32.335-0400] {logging_mixin.py:190} INFO - [2025-05-14T12:58:32.335-0400] {dag.py:3239} INFO - Sync 1 DAGs
[2025-05-14T12:58:32.359-0400] {logging_mixin.py:190} INFO - [2025-05-14T12:58:32.359-0400] {dag.py:4180} INFO - Setting next_dagrun for example_xcom to 2021-01-01 00:00:00+00:00, run_after=2021-01-01 00:00:00+00:00
[2025-05-14T12:58:32.386-0400] {processor.py:208} INFO - Processing /home/aangava/MSP/airflow_venv/lib/python3.12/site-packages/airflow/example_dags/example_xcom.py took 0.102 seconds
[2025-05-14T12:59:28.728-0400] {processor.py:186} INFO - Started process (PID=3843) to work on /home/aangava/MSP/airflow_venv/lib/python3.12/site-packages/airflow/example_dags/example_xcom.py
[2025-05-14T12:59:28.730-0400] {processor.py:914} INFO - Processing file /home/aangava/MSP/airflow_venv/lib/python3.12/site-packages/airflow/example_dags/example_xcom.py for tasks to queue
[2025-05-14T12:59:28.733-0400] {logging_mixin.py:190} INFO - [2025-05-14T12:59:28.732-0400] {dagbag.py:588} INFO - Filling up the DagBag from /home/aangava/MSP/airflow_venv/lib/python3.12/site-packages/airflow/example_dags/example_xcom.py
[2025-05-14T12:59:28.750-0400] {processor.py:925} INFO - DAG(s) 'example_xcom' retrieved from /home/aangava/MSP/airflow_venv/lib/python3.12/site-packages/airflow/example_dags/example_xcom.py
[2025-05-14T12:59:28.768-0400] {logging_mixin.py:190} INFO - [2025-05-14T12:59:28.768-0400] {dag.py:3239} INFO - Sync 1 DAGs
[2025-05-14T12:59:28.788-0400] {logging_mixin.py:190} INFO - [2025-05-14T12:59:28.787-0400] {dag.py:4180} INFO - Setting next_dagrun for example_xcom to 2021-01-01 00:00:00+00:00, run_after=2021-01-01 00:00:00+00:00
[2025-05-14T12:59:28.814-0400] {processor.py:208} INFO - Processing /home/aangava/MSP/airflow_venv/lib/python3.12/site-packages/airflow/example_dags/example_xcom.py took 0.097 seconds
[2025-05-14T13:00:35.947-0400] {processor.py:186} INFO - Started process (PID=4190) to work on /home/aangava/MSP/airflow_venv/lib/python3.12/site-packages/airflow/example_dags/example_xcom.py
[2025-05-14T13:00:35.958-0400] {processor.py:914} INFO - Processing file /home/aangava/MSP/airflow_venv/lib/python3.12/site-packages/airflow/example_dags/example_xcom.py for tasks to queue
[2025-05-14T13:00:35.962-0400] {logging_mixin.py:190} INFO - [2025-05-14T13:00:35.961-0400] {dagbag.py:588} INFO - Filling up the DagBag from /home/aangava/MSP/airflow_venv/lib/python3.12/site-packages/airflow/example_dags/example_xcom.py
[2025-05-14T13:00:35.977-0400] {processor.py:925} INFO - DAG(s) 'example_xcom' retrieved from /home/aangava/MSP/airflow_venv/lib/python3.12/site-packages/airflow/example_dags/example_xcom.py
[2025-05-14T13:00:35.994-0400] {logging_mixin.py:190} INFO - [2025-05-14T13:00:35.994-0400] {dag.py:3239} INFO - Sync 1 DAGs
[2025-05-14T13:00:36.013-0400] {logging_mixin.py:190} INFO - [2025-05-14T13:00:36.013-0400] {dag.py:4180} INFO - Setting next_dagrun for example_xcom to 2021-01-01 00:00:00+00:00, run_after=2021-01-01 00:00:00+00:00
[2025-05-14T13:00:36.037-0400] {processor.py:208} INFO - Processing /home/aangava/MSP/airflow_venv/lib/python3.12/site-packages/airflow/example_dags/example_xcom.py took 0.101 seconds
[2025-05-14T13:01:34.426-0400] {processor.py:186} INFO - Started process (PID=4518) to work on /home/aangava/MSP/airflow_venv/lib/python3.12/site-packages/airflow/example_dags/example_xcom.py
[2025-05-14T13:01:34.428-0400] {processor.py:914} INFO - Processing file /home/aangava/MSP/airflow_venv/lib/python3.12/site-packages/airflow/example_dags/example_xcom.py for tasks to queue
[2025-05-14T13:01:34.431-0400] {logging_mixin.py:190} INFO - [2025-05-14T13:01:34.430-0400] {dagbag.py:588} INFO - Filling up the DagBag from /home/aangava/MSP/airflow_venv/lib/python3.12/site-packages/airflow/example_dags/example_xcom.py
[2025-05-14T13:01:34.450-0400] {processor.py:925} INFO - DAG(s) 'example_xcom' retrieved from /home/aangava/MSP/airflow_venv/lib/python3.12/site-packages/airflow/example_dags/example_xcom.py
[2025-05-14T13:01:34.471-0400] {logging_mixin.py:190} INFO - [2025-05-14T13:01:34.471-0400] {dag.py:3239} INFO - Sync 1 DAGs
[2025-05-14T13:01:34.496-0400] {logging_mixin.py:190} INFO - [2025-05-14T13:01:34.495-0400] {dag.py:4180} INFO - Setting next_dagrun for example_xcom to 2021-01-01 00:00:00+00:00, run_after=2021-01-01 00:00:00+00:00
[2025-05-14T13:01:34.522-0400] {processor.py:208} INFO - Processing /home/aangava/MSP/airflow_venv/lib/python3.12/site-packages/airflow/example_dags/example_xcom.py took 0.106 seconds
[2025-05-14T13:02:37.251-0400] {processor.py:186} INFO - Started process (PID=4859) to work on /home/aangava/MSP/airflow_venv/lib/python3.12/site-packages/airflow/example_dags/example_xcom.py
[2025-05-14T13:02:37.253-0400] {processor.py:914} INFO - Processing file /home/aangava/MSP/airflow_venv/lib/python3.12/site-packages/airflow/example_dags/example_xcom.py for tasks to queue
[2025-05-14T13:02:37.257-0400] {logging_mixin.py:190} INFO - [2025-05-14T13:02:37.256-0400] {dagbag.py:588} INFO - Filling up the DagBag from /home/aangava/MSP/airflow_venv/lib/python3.12/site-packages/airflow/example_dags/example_xcom.py
[2025-05-14T13:02:37.270-0400] {processor.py:925} INFO - DAG(s) 'example_xcom' retrieved from /home/aangava/MSP/airflow_venv/lib/python3.12/site-packages/airflow/example_dags/example_xcom.py
[2025-05-14T13:02:37.287-0400] {logging_mixin.py:190} INFO - [2025-05-14T13:02:37.287-0400] {dag.py:3239} INFO - Sync 1 DAGs
[2025-05-14T13:02:37.304-0400] {logging_mixin.py:190} INFO - [2025-05-14T13:02:37.304-0400] {dag.py:4180} INFO - Setting next_dagrun for example_xcom to 2021-01-01 00:00:00+00:00, run_after=2021-01-01 00:00:00+00:00
[2025-05-14T13:02:37.323-0400] {processor.py:208} INFO - Processing /home/aangava/MSP/airflow_venv/lib/python3.12/site-packages/airflow/example_dags/example_xcom.py took 0.078 seconds
[2025-05-14T13:03:37.134-0400] {processor.py:186} INFO - Started process (PID=5161) to work on /home/aangava/MSP/airflow_venv/lib/python3.12/site-packages/airflow/example_dags/example_xcom.py
[2025-05-14T13:03:37.135-0400] {processor.py:914} INFO - Processing file /home/aangava/MSP/airflow_venv/lib/python3.12/site-packages/airflow/example_dags/example_xcom.py for tasks to queue
[2025-05-14T13:03:37.136-0400] {logging_mixin.py:190} INFO - [2025-05-14T13:03:37.136-0400] {dagbag.py:588} INFO - Filling up the DagBag from /home/aangava/MSP/airflow_venv/lib/python3.12/site-packages/airflow/example_dags/example_xcom.py
[2025-05-14T13:03:37.143-0400] {processor.py:925} INFO - DAG(s) 'example_xcom' retrieved from /home/aangava/MSP/airflow_venv/lib/python3.12/site-packages/airflow/example_dags/example_xcom.py
[2025-05-14T13:03:37.153-0400] {logging_mixin.py:190} INFO - [2025-05-14T13:03:37.153-0400] {dag.py:3239} INFO - Sync 1 DAGs
[2025-05-14T13:03:37.165-0400] {logging_mixin.py:190} INFO - [2025-05-14T13:03:37.164-0400] {dag.py:4180} INFO - Setting next_dagrun for example_xcom to 2021-01-01 00:00:00+00:00, run_after=2021-01-01 00:00:00+00:00
[2025-05-14T13:03:37.180-0400] {processor.py:208} INFO - Processing /home/aangava/MSP/airflow_venv/lib/python3.12/site-packages/airflow/example_dags/example_xcom.py took 0.050 seconds
[2025-05-14T13:04:36.682-0400] {processor.py:186} INFO - Started process (PID=5482) to work on /home/aangava/MSP/airflow_venv/lib/python3.12/site-packages/airflow/example_dags/example_xcom.py
[2025-05-14T13:04:36.692-0400] {processor.py:914} INFO - Processing file /home/aangava/MSP/airflow_venv/lib/python3.12/site-packages/airflow/example_dags/example_xcom.py for tasks to queue
[2025-05-14T13:04:36.694-0400] {logging_mixin.py:190} INFO - [2025-05-14T13:04:36.693-0400] {dagbag.py:588} INFO - Filling up the DagBag from /home/aangava/MSP/airflow_venv/lib/python3.12/site-packages/airflow/example_dags/example_xcom.py
[2025-05-14T13:04:36.702-0400] {processor.py:925} INFO - DAG(s) 'example_xcom' retrieved from /home/aangava/MSP/airflow_venv/lib/python3.12/site-packages/airflow/example_dags/example_xcom.py
[2025-05-14T13:04:36.716-0400] {logging_mixin.py:190} INFO - [2025-05-14T13:04:36.716-0400] {dag.py:3239} INFO - Sync 1 DAGs
[2025-05-14T13:04:36.731-0400] {logging_mixin.py:190} INFO - [2025-05-14T13:04:36.731-0400] {dag.py:4180} INFO - Setting next_dagrun for example_xcom to 2021-01-01 00:00:00+00:00, run_after=2021-01-01 00:00:00+00:00
[2025-05-14T13:04:36.748-0400] {processor.py:208} INFO - Processing /home/aangava/MSP/airflow_venv/lib/python3.12/site-packages/airflow/example_dags/example_xcom.py took 0.071 seconds
[2025-05-14T13:05:32.639-0400] {processor.py:186} INFO - Started process (PID=5703) to work on /home/aangava/MSP/airflow_venv/lib/python3.12/site-packages/airflow/example_dags/example_xcom.py
[2025-05-14T13:05:32.645-0400] {processor.py:914} INFO - Processing file /home/aangava/MSP/airflow_venv/lib/python3.12/site-packages/airflow/example_dags/example_xcom.py for tasks to queue
[2025-05-14T13:05:32.648-0400] {logging_mixin.py:190} INFO - [2025-05-14T13:05:32.647-0400] {dagbag.py:588} INFO - Filling up the DagBag from /home/aangava/MSP/airflow_venv/lib/python3.12/site-packages/airflow/example_dags/example_xcom.py
[2025-05-14T13:05:32.662-0400] {processor.py:925} INFO - DAG(s) 'example_xcom' retrieved from /home/aangava/MSP/airflow_venv/lib/python3.12/site-packages/airflow/example_dags/example_xcom.py
[2025-05-14T13:05:32.680-0400] {logging_mixin.py:190} INFO - [2025-05-14T13:05:32.680-0400] {dag.py:3239} INFO - Sync 1 DAGs
[2025-05-14T13:05:32.700-0400] {logging_mixin.py:190} INFO - [2025-05-14T13:05:32.699-0400] {dag.py:4180} INFO - Setting next_dagrun for example_xcom to 2021-01-01 00:00:00+00:00, run_after=2021-01-01 00:00:00+00:00
[2025-05-14T13:05:32.725-0400] {processor.py:208} INFO - Processing /home/aangava/MSP/airflow_venv/lib/python3.12/site-packages/airflow/example_dags/example_xcom.py took 0.092 seconds
[2025-05-14T13:06:28.894-0400] {processor.py:186} INFO - Started process (PID=6118) to work on /home/aangava/MSP/airflow_venv/lib/python3.12/site-packages/airflow/example_dags/example_xcom.py
[2025-05-14T13:06:28.905-0400] {processor.py:914} INFO - Processing file /home/aangava/MSP/airflow_venv/lib/python3.12/site-packages/airflow/example_dags/example_xcom.py for tasks to queue
[2025-05-14T13:06:28.908-0400] {logging_mixin.py:190} INFO - [2025-05-14T13:06:28.908-0400] {dagbag.py:588} INFO - Filling up the DagBag from /home/aangava/MSP/airflow_venv/lib/python3.12/site-packages/airflow/example_dags/example_xcom.py
[2025-05-14T13:06:28.924-0400] {processor.py:925} INFO - DAG(s) 'example_xcom' retrieved from /home/aangava/MSP/airflow_venv/lib/python3.12/site-packages/airflow/example_dags/example_xcom.py
[2025-05-14T13:06:28.943-0400] {logging_mixin.py:190} INFO - [2025-05-14T13:06:28.943-0400] {dag.py:3239} INFO - Sync 1 DAGs
[2025-05-14T13:06:28.966-0400] {logging_mixin.py:190} INFO - [2025-05-14T13:06:28.966-0400] {dag.py:4180} INFO - Setting next_dagrun for example_xcom to 2021-01-01 00:00:00+00:00, run_after=2021-01-01 00:00:00+00:00
[2025-05-14T13:06:28.996-0400] {processor.py:208} INFO - Processing /home/aangava/MSP/airflow_venv/lib/python3.12/site-packages/airflow/example_dags/example_xcom.py took 0.110 seconds
[2025-05-14T13:10:16.748-0400] {processor.py:186} INFO - Started process (PID=7409) to work on /home/aangava/MSP/airflow_venv/lib/python3.12/site-packages/airflow/example_dags/example_xcom.py
[2025-05-14T13:10:16.759-0400] {processor.py:914} INFO - Processing file /home/aangava/MSP/airflow_venv/lib/python3.12/site-packages/airflow/example_dags/example_xcom.py for tasks to queue
[2025-05-14T13:10:16.763-0400] {logging_mixin.py:190} INFO - [2025-05-14T13:10:16.762-0400] {dagbag.py:588} INFO - Filling up the DagBag from /home/aangava/MSP/airflow_venv/lib/python3.12/site-packages/airflow/example_dags/example_xcom.py
[2025-05-14T13:10:16.781-0400] {processor.py:925} INFO - DAG(s) 'example_xcom' retrieved from /home/aangava/MSP/airflow_venv/lib/python3.12/site-packages/airflow/example_dags/example_xcom.py
[2025-05-14T13:10:16.801-0400] {logging_mixin.py:190} INFO - [2025-05-14T13:10:16.800-0400] {dag.py:3239} INFO - Sync 1 DAGs
[2025-05-14T13:10:16.821-0400] {logging_mixin.py:190} INFO - [2025-05-14T13:10:16.820-0400] {dag.py:4180} INFO - Setting next_dagrun for example_xcom to 2021-01-01 00:00:00+00:00, run_after=2021-01-01 00:00:00+00:00
[2025-05-14T13:10:16.846-0400] {processor.py:208} INFO - Processing /home/aangava/MSP/airflow_venv/lib/python3.12/site-packages/airflow/example_dags/example_xcom.py took 0.107 seconds
[2025-05-14T13:13:02.077-0400] {processor.py:186} INFO - Started process (PID=8551) to work on /home/aangava/MSP/airflow_venv/lib/python3.12/site-packages/airflow/example_dags/example_xcom.py
[2025-05-14T13:13:02.078-0400] {processor.py:914} INFO - Processing file /home/aangava/MSP/airflow_venv/lib/python3.12/site-packages/airflow/example_dags/example_xcom.py for tasks to queue
[2025-05-14T13:13:02.080-0400] {logging_mixin.py:190} INFO - [2025-05-14T13:13:02.080-0400] {dagbag.py:588} INFO - Filling up the DagBag from /home/aangava/MSP/airflow_venv/lib/python3.12/site-packages/airflow/example_dags/example_xcom.py
[2025-05-14T13:13:02.088-0400] {processor.py:925} INFO - DAG(s) 'example_xcom' retrieved from /home/aangava/MSP/airflow_venv/lib/python3.12/site-packages/airflow/example_dags/example_xcom.py
[2025-05-14T13:13:02.100-0400] {logging_mixin.py:190} INFO - [2025-05-14T13:13:02.100-0400] {dag.py:3239} INFO - Sync 1 DAGs
[2025-05-14T13:13:02.116-0400] {logging_mixin.py:190} INFO - [2025-05-14T13:13:02.116-0400] {dag.py:4180} INFO - Setting next_dagrun for example_xcom to 2021-01-01 00:00:00+00:00, run_after=2021-01-01 00:00:00+00:00
[2025-05-14T13:13:02.131-0400] {processor.py:208} INFO - Processing /home/aangava/MSP/airflow_venv/lib/python3.12/site-packages/airflow/example_dags/example_xcom.py took 0.058 seconds
[2025-05-14T13:13:59.978-0400] {processor.py:186} INFO - Started process (PID=8814) to work on /home/aangava/MSP/airflow_venv/lib/python3.12/site-packages/airflow/example_dags/example_xcom.py
[2025-05-14T13:13:59.989-0400] {processor.py:914} INFO - Processing file /home/aangava/MSP/airflow_venv/lib/python3.12/site-packages/airflow/example_dags/example_xcom.py for tasks to queue
[2025-05-14T13:13:59.991-0400] {logging_mixin.py:190} INFO - [2025-05-14T13:13:59.991-0400] {dagbag.py:588} INFO - Filling up the DagBag from /home/aangava/MSP/airflow_venv/lib/python3.12/site-packages/airflow/example_dags/example_xcom.py
[2025-05-14T13:14:00.006-0400] {processor.py:925} INFO - DAG(s) 'example_xcom' retrieved from /home/aangava/MSP/airflow_venv/lib/python3.12/site-packages/airflow/example_dags/example_xcom.py
[2025-05-14T13:14:00.032-0400] {logging_mixin.py:190} INFO - [2025-05-14T13:14:00.032-0400] {dag.py:3239} INFO - Sync 1 DAGs
[2025-05-14T13:14:00.054-0400] {logging_mixin.py:190} INFO - [2025-05-14T13:14:00.054-0400] {dag.py:4180} INFO - Setting next_dagrun for example_xcom to 2021-01-01 00:00:00+00:00, run_after=2021-01-01 00:00:00+00:00
[2025-05-14T13:14:00.076-0400] {processor.py:208} INFO - Processing /home/aangava/MSP/airflow_venv/lib/python3.12/site-packages/airflow/example_dags/example_xcom.py took 0.104 seconds
[2025-05-14T13:15:20.650-0400] {processor.py:186} INFO - Started process (PID=9528) to work on /home/aangava/MSP/airflow_venv/lib/python3.12/site-packages/airflow/example_dags/example_xcom.py
[2025-05-14T13:15:20.652-0400] {processor.py:914} INFO - Processing file /home/aangava/MSP/airflow_venv/lib/python3.12/site-packages/airflow/example_dags/example_xcom.py for tasks to queue
[2025-05-14T13:15:20.654-0400] {logging_mixin.py:190} INFO - [2025-05-14T13:15:20.653-0400] {dagbag.py:588} INFO - Filling up the DagBag from /home/aangava/MSP/airflow_venv/lib/python3.12/site-packages/airflow/example_dags/example_xcom.py
[2025-05-14T13:15:20.666-0400] {processor.py:925} INFO - DAG(s) 'example_xcom' retrieved from /home/aangava/MSP/airflow_venv/lib/python3.12/site-packages/airflow/example_dags/example_xcom.py
[2025-05-14T13:15:20.683-0400] {logging_mixin.py:190} INFO - [2025-05-14T13:15:20.682-0400] {dag.py:3239} INFO - Sync 1 DAGs
[2025-05-14T13:15:20.704-0400] {logging_mixin.py:190} INFO - [2025-05-14T13:15:20.703-0400] {dag.py:4180} INFO - Setting next_dagrun for example_xcom to 2021-01-01 00:00:00+00:00, run_after=2021-01-01 00:00:00+00:00
[2025-05-14T13:15:20.725-0400] {processor.py:208} INFO - Processing /home/aangava/MSP/airflow_venv/lib/python3.12/site-packages/airflow/example_dags/example_xcom.py took 0.080 seconds
[2025-05-14T13:16:18.494-0400] {processor.py:186} INFO - Started process (PID=9755) to work on /home/aangava/MSP/airflow_venv/lib/python3.12/site-packages/airflow/example_dags/example_xcom.py
[2025-05-14T13:16:18.505-0400] {processor.py:914} INFO - Processing file /home/aangava/MSP/airflow_venv/lib/python3.12/site-packages/airflow/example_dags/example_xcom.py for tasks to queue
[2025-05-14T13:16:18.507-0400] {logging_mixin.py:190} INFO - [2025-05-14T13:16:18.507-0400] {dagbag.py:588} INFO - Filling up the DagBag from /home/aangava/MSP/airflow_venv/lib/python3.12/site-packages/airflow/example_dags/example_xcom.py
[2025-05-14T13:16:18.514-0400] {processor.py:925} INFO - DAG(s) 'example_xcom' retrieved from /home/aangava/MSP/airflow_venv/lib/python3.12/site-packages/airflow/example_dags/example_xcom.py
[2025-05-14T13:16:18.524-0400] {logging_mixin.py:190} INFO - [2025-05-14T13:16:18.524-0400] {dag.py:3239} INFO - Sync 1 DAGs
[2025-05-14T13:16:18.535-0400] {logging_mixin.py:190} INFO - [2025-05-14T13:16:18.535-0400] {dag.py:4180} INFO - Setting next_dagrun for example_xcom to 2021-01-01 00:00:00+00:00, run_after=2021-01-01 00:00:00+00:00
[2025-05-14T13:16:18.550-0400] {processor.py:208} INFO - Processing /home/aangava/MSP/airflow_venv/lib/python3.12/site-packages/airflow/example_dags/example_xcom.py took 0.060 seconds
[2025-05-14T13:17:19.516-0400] {processor.py:186} INFO - Started process (PID=10072) to work on /home/aangava/MSP/airflow_venv/lib/python3.12/site-packages/airflow/example_dags/example_xcom.py
[2025-05-14T13:17:19.518-0400] {processor.py:914} INFO - Processing file /home/aangava/MSP/airflow_venv/lib/python3.12/site-packages/airflow/example_dags/example_xcom.py for tasks to queue
[2025-05-14T13:17:19.521-0400] {logging_mixin.py:190} INFO - [2025-05-14T13:17:19.521-0400] {dagbag.py:588} INFO - Filling up the DagBag from /home/aangava/MSP/airflow_venv/lib/python3.12/site-packages/airflow/example_dags/example_xcom.py
[2025-05-14T13:17:19.531-0400] {processor.py:925} INFO - DAG(s) 'example_xcom' retrieved from /home/aangava/MSP/airflow_venv/lib/python3.12/site-packages/airflow/example_dags/example_xcom.py
[2025-05-14T13:17:19.549-0400] {logging_mixin.py:190} INFO - [2025-05-14T13:17:19.548-0400] {dag.py:3239} INFO - Sync 1 DAGs
[2025-05-14T13:17:19.572-0400] {logging_mixin.py:190} INFO - [2025-05-14T13:17:19.571-0400] {dag.py:4180} INFO - Setting next_dagrun for example_xcom to 2021-01-01 00:00:00+00:00, run_after=2021-01-01 00:00:00+00:00
[2025-05-14T13:17:19.593-0400] {processor.py:208} INFO - Processing /home/aangava/MSP/airflow_venv/lib/python3.12/site-packages/airflow/example_dags/example_xcom.py took 0.084 seconds
[2025-05-14T13:18:18.678-0400] {processor.py:186} INFO - Started process (PID=10328) to work on /home/aangava/MSP/airflow_venv/lib/python3.12/site-packages/airflow/example_dags/example_xcom.py
[2025-05-14T13:18:18.689-0400] {processor.py:914} INFO - Processing file /home/aangava/MSP/airflow_venv/lib/python3.12/site-packages/airflow/example_dags/example_xcom.py for tasks to queue
[2025-05-14T13:18:18.692-0400] {logging_mixin.py:190} INFO - [2025-05-14T13:18:18.691-0400] {dagbag.py:588} INFO - Filling up the DagBag from /home/aangava/MSP/airflow_venv/lib/python3.12/site-packages/airflow/example_dags/example_xcom.py
[2025-05-14T13:18:18.704-0400] {processor.py:925} INFO - DAG(s) 'example_xcom' retrieved from /home/aangava/MSP/airflow_venv/lib/python3.12/site-packages/airflow/example_dags/example_xcom.py
[2025-05-14T13:18:18.722-0400] {logging_mixin.py:190} INFO - [2025-05-14T13:18:18.722-0400] {dag.py:3239} INFO - Sync 1 DAGs
[2025-05-14T13:18:18.742-0400] {logging_mixin.py:190} INFO - [2025-05-14T13:18:18.742-0400] {dag.py:4180} INFO - Setting next_dagrun for example_xcom to 2021-01-01 00:00:00+00:00, run_after=2021-01-01 00:00:00+00:00
[2025-05-14T13:18:18.765-0400] {processor.py:208} INFO - Processing /home/aangava/MSP/airflow_venv/lib/python3.12/site-packages/airflow/example_dags/example_xcom.py took 0.094 seconds
[2025-05-14T13:19:17.551-0400] {processor.py:186} INFO - Started process (PID=10596) to work on /home/aangava/MSP/airflow_venv/lib/python3.12/site-packages/airflow/example_dags/example_xcom.py
[2025-05-14T13:19:17.561-0400] {processor.py:914} INFO - Processing file /home/aangava/MSP/airflow_venv/lib/python3.12/site-packages/airflow/example_dags/example_xcom.py for tasks to queue
[2025-05-14T13:19:17.564-0400] {logging_mixin.py:190} INFO - [2025-05-14T13:19:17.564-0400] {dagbag.py:588} INFO - Filling up the DagBag from /home/aangava/MSP/airflow_venv/lib/python3.12/site-packages/airflow/example_dags/example_xcom.py
[2025-05-14T13:19:17.579-0400] {processor.py:925} INFO - DAG(s) 'example_xcom' retrieved from /home/aangava/MSP/airflow_venv/lib/python3.12/site-packages/airflow/example_dags/example_xcom.py
[2025-05-14T13:19:17.598-0400] {logging_mixin.py:190} INFO - [2025-05-14T13:19:17.597-0400] {dag.py:3239} INFO - Sync 1 DAGs
[2025-05-14T13:19:17.618-0400] {logging_mixin.py:190} INFO - [2025-05-14T13:19:17.618-0400] {dag.py:4180} INFO - Setting next_dagrun for example_xcom to 2021-01-01 00:00:00+00:00, run_after=2021-01-01 00:00:00+00:00
[2025-05-14T13:19:17.639-0400] {processor.py:208} INFO - Processing /home/aangava/MSP/airflow_venv/lib/python3.12/site-packages/airflow/example_dags/example_xcom.py took 0.095 seconds
[2025-05-14T13:20:15.677-0400] {processor.py:186} INFO - Started process (PID=10893) to work on /home/aangava/MSP/airflow_venv/lib/python3.12/site-packages/airflow/example_dags/example_xcom.py
[2025-05-14T13:20:15.690-0400] {processor.py:914} INFO - Processing file /home/aangava/MSP/airflow_venv/lib/python3.12/site-packages/airflow/example_dags/example_xcom.py for tasks to queue
[2025-05-14T13:20:15.694-0400] {logging_mixin.py:190} INFO - [2025-05-14T13:20:15.694-0400] {dagbag.py:588} INFO - Filling up the DagBag from /home/aangava/MSP/airflow_venv/lib/python3.12/site-packages/airflow/example_dags/example_xcom.py
[2025-05-14T13:20:15.711-0400] {processor.py:925} INFO - DAG(s) 'example_xcom' retrieved from /home/aangava/MSP/airflow_venv/lib/python3.12/site-packages/airflow/example_dags/example_xcom.py
[2025-05-14T13:20:15.729-0400] {logging_mixin.py:190} INFO - [2025-05-14T13:20:15.729-0400] {dag.py:3239} INFO - Sync 1 DAGs
[2025-05-14T13:20:15.748-0400] {logging_mixin.py:190} INFO - [2025-05-14T13:20:15.748-0400] {dag.py:4180} INFO - Setting next_dagrun for example_xcom to 2021-01-01 00:00:00+00:00, run_after=2021-01-01 00:00:00+00:00
[2025-05-14T13:20:15.774-0400] {processor.py:208} INFO - Processing /home/aangava/MSP/airflow_venv/lib/python3.12/site-packages/airflow/example_dags/example_xcom.py took 0.107 seconds
[2025-05-14T13:24:28.991-0400] {processor.py:186} INFO - Started process (PID=12122) to work on /home/aangava/MSP/airflow_venv/lib/python3.12/site-packages/airflow/example_dags/example_xcom.py
[2025-05-14T13:24:29.003-0400] {processor.py:914} INFO - Processing file /home/aangava/MSP/airflow_venv/lib/python3.12/site-packages/airflow/example_dags/example_xcom.py for tasks to queue
[2025-05-14T13:24:29.006-0400] {logging_mixin.py:190} INFO - [2025-05-14T13:24:29.006-0400] {dagbag.py:588} INFO - Filling up the DagBag from /home/aangava/MSP/airflow_venv/lib/python3.12/site-packages/airflow/example_dags/example_xcom.py
[2025-05-14T13:24:29.020-0400] {processor.py:925} INFO - DAG(s) 'example_xcom' retrieved from /home/aangava/MSP/airflow_venv/lib/python3.12/site-packages/airflow/example_dags/example_xcom.py
[2025-05-14T13:24:29.043-0400] {logging_mixin.py:190} INFO - [2025-05-14T13:24:29.043-0400] {dag.py:3239} INFO - Sync 1 DAGs
[2025-05-14T13:24:29.069-0400] {logging_mixin.py:190} INFO - [2025-05-14T13:24:29.068-0400] {dag.py:4180} INFO - Setting next_dagrun for example_xcom to 2021-01-01 00:00:00+00:00, run_after=2021-01-01 00:00:00+00:00
[2025-05-14T13:24:29.094-0400] {processor.py:208} INFO - Processing /home/aangava/MSP/airflow_venv/lib/python3.12/site-packages/airflow/example_dags/example_xcom.py took 0.111 seconds
[2025-05-14T13:25:40.526-0400] {processor.py:186} INFO - Started process (PID=12554) to work on /home/aangava/MSP/airflow_venv/lib/python3.12/site-packages/airflow/example_dags/example_xcom.py
[2025-05-14T13:25:40.527-0400] {processor.py:914} INFO - Processing file /home/aangava/MSP/airflow_venv/lib/python3.12/site-packages/airflow/example_dags/example_xcom.py for tasks to queue
[2025-05-14T13:25:40.529-0400] {logging_mixin.py:190} INFO - [2025-05-14T13:25:40.529-0400] {dagbag.py:588} INFO - Filling up the DagBag from /home/aangava/MSP/airflow_venv/lib/python3.12/site-packages/airflow/example_dags/example_xcom.py
[2025-05-14T13:25:40.537-0400] {processor.py:925} INFO - DAG(s) 'example_xcom' retrieved from /home/aangava/MSP/airflow_venv/lib/python3.12/site-packages/airflow/example_dags/example_xcom.py
[2025-05-14T13:25:40.550-0400] {logging_mixin.py:190} INFO - [2025-05-14T13:25:40.550-0400] {dag.py:3239} INFO - Sync 1 DAGs
[2025-05-14T13:25:40.562-0400] {logging_mixin.py:190} INFO - [2025-05-14T13:25:40.562-0400] {dag.py:4180} INFO - Setting next_dagrun for example_xcom to 2021-01-01 00:00:00+00:00, run_after=2021-01-01 00:00:00+00:00
[2025-05-14T13:25:40.575-0400] {processor.py:208} INFO - Processing /home/aangava/MSP/airflow_venv/lib/python3.12/site-packages/airflow/example_dags/example_xcom.py took 0.053 seconds
[2025-05-14T13:26:35.399-0400] {processor.py:186} INFO - Started process (PID=12818) to work on /home/aangava/MSP/airflow_venv/lib/python3.12/site-packages/airflow/example_dags/example_xcom.py
[2025-05-14T13:26:35.400-0400] {processor.py:914} INFO - Processing file /home/aangava/MSP/airflow_venv/lib/python3.12/site-packages/airflow/example_dags/example_xcom.py for tasks to queue
[2025-05-14T13:26:35.401-0400] {logging_mixin.py:190} INFO - [2025-05-14T13:26:35.401-0400] {dagbag.py:588} INFO - Filling up the DagBag from /home/aangava/MSP/airflow_venv/lib/python3.12/site-packages/airflow/example_dags/example_xcom.py
[2025-05-14T13:26:35.408-0400] {processor.py:925} INFO - DAG(s) 'example_xcom' retrieved from /home/aangava/MSP/airflow_venv/lib/python3.12/site-packages/airflow/example_dags/example_xcom.py
[2025-05-14T13:26:35.418-0400] {logging_mixin.py:190} INFO - [2025-05-14T13:26:35.418-0400] {dag.py:3239} INFO - Sync 1 DAGs
[2025-05-14T13:26:35.431-0400] {logging_mixin.py:190} INFO - [2025-05-14T13:26:35.430-0400] {dag.py:4180} INFO - Setting next_dagrun for example_xcom to 2021-01-01 00:00:00+00:00, run_after=2021-01-01 00:00:00+00:00
[2025-05-14T13:26:35.444-0400] {processor.py:208} INFO - Processing /home/aangava/MSP/airflow_venv/lib/python3.12/site-packages/airflow/example_dags/example_xcom.py took 0.049 seconds
[2025-05-14T13:27:28.308-0400] {processor.py:186} INFO - Started process (PID=13093) to work on /home/aangava/MSP/airflow_venv/lib/python3.12/site-packages/airflow/example_dags/example_xcom.py
[2025-05-14T13:27:28.309-0400] {processor.py:914} INFO - Processing file /home/aangava/MSP/airflow_venv/lib/python3.12/site-packages/airflow/example_dags/example_xcom.py for tasks to queue
[2025-05-14T13:27:28.310-0400] {logging_mixin.py:190} INFO - [2025-05-14T13:27:28.310-0400] {dagbag.py:588} INFO - Filling up the DagBag from /home/aangava/MSP/airflow_venv/lib/python3.12/site-packages/airflow/example_dags/example_xcom.py
[2025-05-14T13:27:28.317-0400] {processor.py:925} INFO - DAG(s) 'example_xcom' retrieved from /home/aangava/MSP/airflow_venv/lib/python3.12/site-packages/airflow/example_dags/example_xcom.py
[2025-05-14T13:27:28.327-0400] {logging_mixin.py:190} INFO - [2025-05-14T13:27:28.327-0400] {dag.py:3239} INFO - Sync 1 DAGs
[2025-05-14T13:27:28.339-0400] {logging_mixin.py:190} INFO - [2025-05-14T13:27:28.339-0400] {dag.py:4180} INFO - Setting next_dagrun for example_xcom to 2021-01-01 00:00:00+00:00, run_after=2021-01-01 00:00:00+00:00
[2025-05-14T13:27:28.352-0400] {processor.py:208} INFO - Processing /home/aangava/MSP/airflow_venv/lib/python3.12/site-packages/airflow/example_dags/example_xcom.py took 0.049 seconds
[2025-05-14T13:28:22.128-0400] {processor.py:186} INFO - Started process (PID=13425) to work on /home/aangava/MSP/airflow_venv/lib/python3.12/site-packages/airflow/example_dags/example_xcom.py
[2025-05-14T13:28:22.130-0400] {processor.py:914} INFO - Processing file /home/aangava/MSP/airflow_venv/lib/python3.12/site-packages/airflow/example_dags/example_xcom.py for tasks to queue
[2025-05-14T13:28:22.132-0400] {logging_mixin.py:190} INFO - [2025-05-14T13:28:22.132-0400] {dagbag.py:588} INFO - Filling up the DagBag from /home/aangava/MSP/airflow_venv/lib/python3.12/site-packages/airflow/example_dags/example_xcom.py
[2025-05-14T13:28:22.140-0400] {processor.py:925} INFO - DAG(s) 'example_xcom' retrieved from /home/aangava/MSP/airflow_venv/lib/python3.12/site-packages/airflow/example_dags/example_xcom.py
[2025-05-14T13:28:22.154-0400] {logging_mixin.py:190} INFO - [2025-05-14T13:28:22.154-0400] {dag.py:3239} INFO - Sync 1 DAGs
[2025-05-14T13:28:22.168-0400] {logging_mixin.py:190} INFO - [2025-05-14T13:28:22.168-0400] {dag.py:4180} INFO - Setting next_dagrun for example_xcom to 2021-01-01 00:00:00+00:00, run_after=2021-01-01 00:00:00+00:00
[2025-05-14T13:28:22.183-0400] {processor.py:208} INFO - Processing /home/aangava/MSP/airflow_venv/lib/python3.12/site-packages/airflow/example_dags/example_xcom.py took 0.059 seconds
[2025-05-14T13:29:15.271-0400] {processor.py:186} INFO - Started process (PID=13713) to work on /home/aangava/MSP/airflow_venv/lib/python3.12/site-packages/airflow/example_dags/example_xcom.py
[2025-05-14T13:29:15.273-0400] {processor.py:914} INFO - Processing file /home/aangava/MSP/airflow_venv/lib/python3.12/site-packages/airflow/example_dags/example_xcom.py for tasks to queue
[2025-05-14T13:29:15.274-0400] {logging_mixin.py:190} INFO - [2025-05-14T13:29:15.274-0400] {dagbag.py:588} INFO - Filling up the DagBag from /home/aangava/MSP/airflow_venv/lib/python3.12/site-packages/airflow/example_dags/example_xcom.py
[2025-05-14T13:29:15.283-0400] {processor.py:925} INFO - DAG(s) 'example_xcom' retrieved from /home/aangava/MSP/airflow_venv/lib/python3.12/site-packages/airflow/example_dags/example_xcom.py
[2025-05-14T13:29:15.294-0400] {logging_mixin.py:190} INFO - [2025-05-14T13:29:15.294-0400] {dag.py:3239} INFO - Sync 1 DAGs
[2025-05-14T13:29:15.307-0400] {logging_mixin.py:190} INFO - [2025-05-14T13:29:15.307-0400] {dag.py:4180} INFO - Setting next_dagrun for example_xcom to 2021-01-01 00:00:00+00:00, run_after=2021-01-01 00:00:00+00:00
[2025-05-14T13:29:15.323-0400] {processor.py:208} INFO - Processing /home/aangava/MSP/airflow_venv/lib/python3.12/site-packages/airflow/example_dags/example_xcom.py took 0.056 seconds
[2025-05-14T13:30:06.376-0400] {processor.py:186} INFO - Started process (PID=13950) to work on /home/aangava/MSP/airflow_venv/lib/python3.12/site-packages/airflow/example_dags/example_xcom.py
[2025-05-14T13:30:06.377-0400] {processor.py:914} INFO - Processing file /home/aangava/MSP/airflow_venv/lib/python3.12/site-packages/airflow/example_dags/example_xcom.py for tasks to queue
[2025-05-14T13:30:06.379-0400] {logging_mixin.py:190} INFO - [2025-05-14T13:30:06.378-0400] {dagbag.py:588} INFO - Filling up the DagBag from /home/aangava/MSP/airflow_venv/lib/python3.12/site-packages/airflow/example_dags/example_xcom.py
[2025-05-14T13:30:06.386-0400] {processor.py:925} INFO - DAG(s) 'example_xcom' retrieved from /home/aangava/MSP/airflow_venv/lib/python3.12/site-packages/airflow/example_dags/example_xcom.py
[2025-05-14T13:30:06.397-0400] {logging_mixin.py:190} INFO - [2025-05-14T13:30:06.397-0400] {dag.py:3239} INFO - Sync 1 DAGs
[2025-05-14T13:30:06.411-0400] {logging_mixin.py:190} INFO - [2025-05-14T13:30:06.410-0400] {dag.py:4180} INFO - Setting next_dagrun for example_xcom to 2021-01-01 00:00:00+00:00, run_after=2021-01-01 00:00:00+00:00
[2025-05-14T13:30:06.424-0400] {processor.py:208} INFO - Processing /home/aangava/MSP/airflow_venv/lib/python3.12/site-packages/airflow/example_dags/example_xcom.py took 0.052 seconds
[2025-05-14T13:30:55.969-0400] {processor.py:186} INFO - Started process (PID=14150) to work on /home/aangava/MSP/airflow_venv/lib/python3.12/site-packages/airflow/example_dags/example_xcom.py
[2025-05-14T13:30:55.970-0400] {processor.py:914} INFO - Processing file /home/aangava/MSP/airflow_venv/lib/python3.12/site-packages/airflow/example_dags/example_xcom.py for tasks to queue
[2025-05-14T13:30:55.971-0400] {logging_mixin.py:190} INFO - [2025-05-14T13:30:55.971-0400] {dagbag.py:588} INFO - Filling up the DagBag from /home/aangava/MSP/airflow_venv/lib/python3.12/site-packages/airflow/example_dags/example_xcom.py
[2025-05-14T13:30:55.978-0400] {processor.py:925} INFO - DAG(s) 'example_xcom' retrieved from /home/aangava/MSP/airflow_venv/lib/python3.12/site-packages/airflow/example_dags/example_xcom.py
[2025-05-14T13:30:55.989-0400] {logging_mixin.py:190} INFO - [2025-05-14T13:30:55.989-0400] {dag.py:3239} INFO - Sync 1 DAGs
[2025-05-14T13:30:56.003-0400] {logging_mixin.py:190} INFO - [2025-05-14T13:30:56.003-0400] {dag.py:4180} INFO - Setting next_dagrun for example_xcom to 2021-01-01 00:00:00+00:00, run_after=2021-01-01 00:00:00+00:00
[2025-05-14T13:30:56.015-0400] {processor.py:208} INFO - Processing /home/aangava/MSP/airflow_venv/lib/python3.12/site-packages/airflow/example_dags/example_xcom.py took 0.050 seconds
[2025-05-14T13:31:46.477-0400] {processor.py:186} INFO - Started process (PID=14355) to work on /home/aangava/MSP/airflow_venv/lib/python3.12/site-packages/airflow/example_dags/example_xcom.py
[2025-05-14T13:31:46.478-0400] {processor.py:914} INFO - Processing file /home/aangava/MSP/airflow_venv/lib/python3.12/site-packages/airflow/example_dags/example_xcom.py for tasks to queue
[2025-05-14T13:31:46.480-0400] {logging_mixin.py:190} INFO - [2025-05-14T13:31:46.479-0400] {dagbag.py:588} INFO - Filling up the DagBag from /home/aangava/MSP/airflow_venv/lib/python3.12/site-packages/airflow/example_dags/example_xcom.py
[2025-05-14T13:31:46.487-0400] {processor.py:925} INFO - DAG(s) 'example_xcom' retrieved from /home/aangava/MSP/airflow_venv/lib/python3.12/site-packages/airflow/example_dags/example_xcom.py
[2025-05-14T13:31:46.498-0400] {logging_mixin.py:190} INFO - [2025-05-14T13:31:46.498-0400] {dag.py:3239} INFO - Sync 1 DAGs
[2025-05-14T13:31:46.511-0400] {logging_mixin.py:190} INFO - [2025-05-14T13:31:46.510-0400] {dag.py:4180} INFO - Setting next_dagrun for example_xcom to 2021-01-01 00:00:00+00:00, run_after=2021-01-01 00:00:00+00:00
[2025-05-14T13:31:46.523-0400] {processor.py:208} INFO - Processing /home/aangava/MSP/airflow_venv/lib/python3.12/site-packages/airflow/example_dags/example_xcom.py took 0.050 seconds
[2025-05-14T13:32:40.296-0400] {processor.py:186} INFO - Started process (PID=14626) to work on /home/aangava/MSP/airflow_venv/lib/python3.12/site-packages/airflow/example_dags/example_xcom.py
[2025-05-14T13:32:40.297-0400] {processor.py:914} INFO - Processing file /home/aangava/MSP/airflow_venv/lib/python3.12/site-packages/airflow/example_dags/example_xcom.py for tasks to queue
[2025-05-14T13:32:40.299-0400] {logging_mixin.py:190} INFO - [2025-05-14T13:32:40.298-0400] {dagbag.py:588} INFO - Filling up the DagBag from /home/aangava/MSP/airflow_venv/lib/python3.12/site-packages/airflow/example_dags/example_xcom.py
[2025-05-14T13:32:40.306-0400] {processor.py:925} INFO - DAG(s) 'example_xcom' retrieved from /home/aangava/MSP/airflow_venv/lib/python3.12/site-packages/airflow/example_dags/example_xcom.py
[2025-05-14T13:32:40.318-0400] {logging_mixin.py:190} INFO - [2025-05-14T13:32:40.317-0400] {dag.py:3239} INFO - Sync 1 DAGs
[2025-05-14T13:32:40.330-0400] {logging_mixin.py:190} INFO - [2025-05-14T13:32:40.330-0400] {dag.py:4180} INFO - Setting next_dagrun for example_xcom to 2021-01-01 00:00:00+00:00, run_after=2021-01-01 00:00:00+00:00
[2025-05-14T13:32:40.343-0400] {processor.py:208} INFO - Processing /home/aangava/MSP/airflow_venv/lib/python3.12/site-packages/airflow/example_dags/example_xcom.py took 0.051 seconds
[2025-05-14T13:33:17.741-0400] {processor.py:186} INFO - Started process (PID=15078) to work on /home/aangava/MSP/airflow_venv/lib/python3.12/site-packages/airflow/example_dags/example_xcom.py
[2025-05-14T13:33:17.742-0400] {processor.py:914} INFO - Processing file /home/aangava/MSP/airflow_venv/lib/python3.12/site-packages/airflow/example_dags/example_xcom.py for tasks to queue
[2025-05-14T13:33:17.743-0400] {logging_mixin.py:190} INFO - [2025-05-14T13:33:17.743-0400] {dagbag.py:588} INFO - Filling up the DagBag from /home/aangava/MSP/airflow_venv/lib/python3.12/site-packages/airflow/example_dags/example_xcom.py
[2025-05-14T13:33:17.750-0400] {processor.py:925} INFO - DAG(s) 'example_xcom' retrieved from /home/aangava/MSP/airflow_venv/lib/python3.12/site-packages/airflow/example_dags/example_xcom.py
[2025-05-14T13:33:17.763-0400] {logging_mixin.py:190} INFO - [2025-05-14T13:33:17.763-0400] {dag.py:3239} INFO - Sync 1 DAGs
[2025-05-14T13:33:17.776-0400] {logging_mixin.py:190} INFO - [2025-05-14T13:33:17.776-0400] {dag.py:4180} INFO - Setting next_dagrun for example_xcom to 2021-01-01 00:00:00+00:00, run_after=2021-01-01 00:00:00+00:00
[2025-05-14T13:33:17.789-0400] {processor.py:208} INFO - Processing /home/aangava/MSP/airflow_venv/lib/python3.12/site-packages/airflow/example_dags/example_xcom.py took 0.052 seconds
[2025-05-14T13:34:58.413-0400] {processor.py:186} INFO - Started process (PID=15957) to work on /home/aangava/MSP/airflow_venv/lib/python3.12/site-packages/airflow/example_dags/example_xcom.py
[2025-05-14T13:34:58.414-0400] {processor.py:914} INFO - Processing file /home/aangava/MSP/airflow_venv/lib/python3.12/site-packages/airflow/example_dags/example_xcom.py for tasks to queue
[2025-05-14T13:34:58.416-0400] {logging_mixin.py:190} INFO - [2025-05-14T13:34:58.415-0400] {dagbag.py:588} INFO - Filling up the DagBag from /home/aangava/MSP/airflow_venv/lib/python3.12/site-packages/airflow/example_dags/example_xcom.py
[2025-05-14T13:34:58.424-0400] {processor.py:925} INFO - DAG(s) 'example_xcom' retrieved from /home/aangava/MSP/airflow_venv/lib/python3.12/site-packages/airflow/example_dags/example_xcom.py
[2025-05-14T13:34:58.436-0400] {logging_mixin.py:190} INFO - [2025-05-14T13:34:58.436-0400] {dag.py:3239} INFO - Sync 1 DAGs
[2025-05-14T13:34:58.449-0400] {logging_mixin.py:190} INFO - [2025-05-14T13:34:58.449-0400] {dag.py:4180} INFO - Setting next_dagrun for example_xcom to 2021-01-01 00:00:00+00:00, run_after=2021-01-01 00:00:00+00:00
[2025-05-14T13:34:58.463-0400] {processor.py:208} INFO - Processing /home/aangava/MSP/airflow_venv/lib/python3.12/site-packages/airflow/example_dags/example_xcom.py took 0.053 seconds
[2025-05-14T13:35:55.150-0400] {processor.py:186} INFO - Started process (PID=16250) to work on /home/aangava/MSP/airflow_venv/lib/python3.12/site-packages/airflow/example_dags/example_xcom.py
[2025-05-14T13:35:55.151-0400] {processor.py:914} INFO - Processing file /home/aangava/MSP/airflow_venv/lib/python3.12/site-packages/airflow/example_dags/example_xcom.py for tasks to queue
[2025-05-14T13:35:55.152-0400] {logging_mixin.py:190} INFO - [2025-05-14T13:35:55.152-0400] {dagbag.py:588} INFO - Filling up the DagBag from /home/aangava/MSP/airflow_venv/lib/python3.12/site-packages/airflow/example_dags/example_xcom.py
[2025-05-14T13:35:55.159-0400] {processor.py:925} INFO - DAG(s) 'example_xcom' retrieved from /home/aangava/MSP/airflow_venv/lib/python3.12/site-packages/airflow/example_dags/example_xcom.py
[2025-05-14T13:35:55.169-0400] {logging_mixin.py:190} INFO - [2025-05-14T13:35:55.169-0400] {dag.py:3239} INFO - Sync 1 DAGs
[2025-05-14T13:35:55.183-0400] {logging_mixin.py:190} INFO - [2025-05-14T13:35:55.183-0400] {dag.py:4180} INFO - Setting next_dagrun for example_xcom to 2021-01-01 00:00:00+00:00, run_after=2021-01-01 00:00:00+00:00
[2025-05-14T13:35:55.197-0400] {processor.py:208} INFO - Processing /home/aangava/MSP/airflow_venv/lib/python3.12/site-packages/airflow/example_dags/example_xcom.py took 0.051 seconds
[2025-05-14T13:36:49.062-0400] {processor.py:186} INFO - Started process (PID=16479) to work on /home/aangava/MSP/airflow_venv/lib/python3.12/site-packages/airflow/example_dags/example_xcom.py
[2025-05-14T13:36:49.063-0400] {processor.py:914} INFO - Processing file /home/aangava/MSP/airflow_venv/lib/python3.12/site-packages/airflow/example_dags/example_xcom.py for tasks to queue
[2025-05-14T13:36:49.065-0400] {logging_mixin.py:190} INFO - [2025-05-14T13:36:49.064-0400] {dagbag.py:588} INFO - Filling up the DagBag from /home/aangava/MSP/airflow_venv/lib/python3.12/site-packages/airflow/example_dags/example_xcom.py
[2025-05-14T13:36:49.071-0400] {processor.py:925} INFO - DAG(s) 'example_xcom' retrieved from /home/aangava/MSP/airflow_venv/lib/python3.12/site-packages/airflow/example_dags/example_xcom.py
[2025-05-14T13:36:49.081-0400] {logging_mixin.py:190} INFO - [2025-05-14T13:36:49.081-0400] {dag.py:3239} INFO - Sync 1 DAGs
[2025-05-14T13:36:49.093-0400] {logging_mixin.py:190} INFO - [2025-05-14T13:36:49.092-0400] {dag.py:4180} INFO - Setting next_dagrun for example_xcom to 2021-01-01 00:00:00+00:00, run_after=2021-01-01 00:00:00+00:00
[2025-05-14T13:36:49.108-0400] {processor.py:208} INFO - Processing /home/aangava/MSP/airflow_venv/lib/python3.12/site-packages/airflow/example_dags/example_xcom.py took 0.049 seconds
[2025-05-14T13:48:25.320-0400] {processor.py:186} INFO - Started process (PID=19434) to work on /home/aangava/MSP/airflow_venv/lib/python3.12/site-packages/airflow/example_dags/example_xcom.py
[2025-05-14T13:48:25.322-0400] {processor.py:914} INFO - Processing file /home/aangava/MSP/airflow_venv/lib/python3.12/site-packages/airflow/example_dags/example_xcom.py for tasks to queue
[2025-05-14T13:48:25.323-0400] {logging_mixin.py:190} INFO - [2025-05-14T13:48:25.323-0400] {dagbag.py:588} INFO - Filling up the DagBag from /home/aangava/MSP/airflow_venv/lib/python3.12/site-packages/airflow/example_dags/example_xcom.py
[2025-05-14T13:48:25.330-0400] {processor.py:925} INFO - DAG(s) 'example_xcom' retrieved from /home/aangava/MSP/airflow_venv/lib/python3.12/site-packages/airflow/example_dags/example_xcom.py
[2025-05-14T13:48:25.341-0400] {logging_mixin.py:190} INFO - [2025-05-14T13:48:25.341-0400] {dag.py:3239} INFO - Sync 1 DAGs
[2025-05-14T13:48:25.355-0400] {logging_mixin.py:190} INFO - [2025-05-14T13:48:25.355-0400] {dag.py:4180} INFO - Setting next_dagrun for example_xcom to 2021-01-01 00:00:00+00:00, run_after=2021-01-01 00:00:00+00:00
[2025-05-14T13:48:25.369-0400] {processor.py:208} INFO - Processing /home/aangava/MSP/airflow_venv/lib/python3.12/site-packages/airflow/example_dags/example_xcom.py took 0.052 seconds
[2025-05-14T13:49:20.664-0400] {processor.py:186} INFO - Started process (PID=19771) to work on /home/aangava/MSP/airflow_venv/lib/python3.12/site-packages/airflow/example_dags/example_xcom.py
[2025-05-14T13:49:20.665-0400] {processor.py:914} INFO - Processing file /home/aangava/MSP/airflow_venv/lib/python3.12/site-packages/airflow/example_dags/example_xcom.py for tasks to queue
[2025-05-14T13:49:20.666-0400] {logging_mixin.py:190} INFO - [2025-05-14T13:49:20.666-0400] {dagbag.py:588} INFO - Filling up the DagBag from /home/aangava/MSP/airflow_venv/lib/python3.12/site-packages/airflow/example_dags/example_xcom.py
[2025-05-14T13:49:20.673-0400] {processor.py:925} INFO - DAG(s) 'example_xcom' retrieved from /home/aangava/MSP/airflow_venv/lib/python3.12/site-packages/airflow/example_dags/example_xcom.py
[2025-05-14T13:49:20.683-0400] {logging_mixin.py:190} INFO - [2025-05-14T13:49:20.682-0400] {dag.py:3239} INFO - Sync 1 DAGs
[2025-05-14T13:49:20.695-0400] {logging_mixin.py:190} INFO - [2025-05-14T13:49:20.695-0400] {dag.py:4180} INFO - Setting next_dagrun for example_xcom to 2021-01-01 00:00:00+00:00, run_after=2021-01-01 00:00:00+00:00
[2025-05-14T13:49:20.707-0400] {processor.py:208} INFO - Processing /home/aangava/MSP/airflow_venv/lib/python3.12/site-packages/airflow/example_dags/example_xcom.py took 0.046 seconds
[2025-05-14T13:50:15.661-0400] {processor.py:186} INFO - Started process (PID=19989) to work on /home/aangava/MSP/airflow_venv/lib/python3.12/site-packages/airflow/example_dags/example_xcom.py
[2025-05-14T13:50:15.662-0400] {processor.py:914} INFO - Processing file /home/aangava/MSP/airflow_venv/lib/python3.12/site-packages/airflow/example_dags/example_xcom.py for tasks to queue
[2025-05-14T13:50:15.663-0400] {logging_mixin.py:190} INFO - [2025-05-14T13:50:15.663-0400] {dagbag.py:588} INFO - Filling up the DagBag from /home/aangava/MSP/airflow_venv/lib/python3.12/site-packages/airflow/example_dags/example_xcom.py
[2025-05-14T13:50:15.672-0400] {processor.py:925} INFO - DAG(s) 'example_xcom' retrieved from /home/aangava/MSP/airflow_venv/lib/python3.12/site-packages/airflow/example_dags/example_xcom.py
[2025-05-14T13:50:15.681-0400] {logging_mixin.py:190} INFO - [2025-05-14T13:50:15.681-0400] {dag.py:3239} INFO - Sync 1 DAGs
[2025-05-14T13:50:15.693-0400] {logging_mixin.py:190} INFO - [2025-05-14T13:50:15.693-0400] {dag.py:4180} INFO - Setting next_dagrun for example_xcom to 2021-01-01 00:00:00+00:00, run_after=2021-01-01 00:00:00+00:00
[2025-05-14T13:50:15.708-0400] {processor.py:208} INFO - Processing /home/aangava/MSP/airflow_venv/lib/python3.12/site-packages/airflow/example_dags/example_xcom.py took 0.051 seconds
[2025-05-14T13:51:10.904-0400] {processor.py:186} INFO - Started process (PID=20249) to work on /home/aangava/MSP/airflow_venv/lib/python3.12/site-packages/airflow/example_dags/example_xcom.py
[2025-05-14T13:51:10.913-0400] {processor.py:914} INFO - Processing file /home/aangava/MSP/airflow_venv/lib/python3.12/site-packages/airflow/example_dags/example_xcom.py for tasks to queue
[2025-05-14T13:51:10.914-0400] {logging_mixin.py:190} INFO - [2025-05-14T13:51:10.914-0400] {dagbag.py:588} INFO - Filling up the DagBag from /home/aangava/MSP/airflow_venv/lib/python3.12/site-packages/airflow/example_dags/example_xcom.py
[2025-05-14T13:51:10.921-0400] {processor.py:925} INFO - DAG(s) 'example_xcom' retrieved from /home/aangava/MSP/airflow_venv/lib/python3.12/site-packages/airflow/example_dags/example_xcom.py
[2025-05-14T13:51:10.934-0400] {logging_mixin.py:190} INFO - [2025-05-14T13:51:10.934-0400] {dag.py:3239} INFO - Sync 1 DAGs
[2025-05-14T13:51:10.948-0400] {logging_mixin.py:190} INFO - [2025-05-14T13:51:10.948-0400] {dag.py:4180} INFO - Setting next_dagrun for example_xcom to 2021-01-01 00:00:00+00:00, run_after=2021-01-01 00:00:00+00:00
[2025-05-14T13:51:10.962-0400] {processor.py:208} INFO - Processing /home/aangava/MSP/airflow_venv/lib/python3.12/site-packages/airflow/example_dags/example_xcom.py took 0.062 seconds
[2025-05-14T13:52:03.948-0400] {processor.py:186} INFO - Started process (PID=20634) to work on /home/aangava/MSP/airflow_venv/lib/python3.12/site-packages/airflow/example_dags/example_xcom.py
[2025-05-14T13:52:03.958-0400] {processor.py:914} INFO - Processing file /home/aangava/MSP/airflow_venv/lib/python3.12/site-packages/airflow/example_dags/example_xcom.py for tasks to queue
[2025-05-14T13:52:03.959-0400] {logging_mixin.py:190} INFO - [2025-05-14T13:52:03.959-0400] {dagbag.py:588} INFO - Filling up the DagBag from /home/aangava/MSP/airflow_venv/lib/python3.12/site-packages/airflow/example_dags/example_xcom.py
[2025-05-14T13:52:03.966-0400] {processor.py:925} INFO - DAG(s) 'example_xcom' retrieved from /home/aangava/MSP/airflow_venv/lib/python3.12/site-packages/airflow/example_dags/example_xcom.py
[2025-05-14T13:52:03.977-0400] {logging_mixin.py:190} INFO - [2025-05-14T13:52:03.976-0400] {dag.py:3239} INFO - Sync 1 DAGs
[2025-05-14T13:52:03.988-0400] {logging_mixin.py:190} INFO - [2025-05-14T13:52:03.988-0400] {dag.py:4180} INFO - Setting next_dagrun for example_xcom to 2021-01-01 00:00:00+00:00, run_after=2021-01-01 00:00:00+00:00
[2025-05-14T13:52:04.001-0400] {processor.py:208} INFO - Processing /home/aangava/MSP/airflow_venv/lib/python3.12/site-packages/airflow/example_dags/example_xcom.py took 0.057 seconds
[2025-05-14T13:52:58.628-0400] {processor.py:186} INFO - Started process (PID=20903) to work on /home/aangava/MSP/airflow_venv/lib/python3.12/site-packages/airflow/example_dags/example_xcom.py
[2025-05-14T13:52:58.638-0400] {processor.py:914} INFO - Processing file /home/aangava/MSP/airflow_venv/lib/python3.12/site-packages/airflow/example_dags/example_xcom.py for tasks to queue
[2025-05-14T13:52:58.640-0400] {logging_mixin.py:190} INFO - [2025-05-14T13:52:58.639-0400] {dagbag.py:588} INFO - Filling up the DagBag from /home/aangava/MSP/airflow_venv/lib/python3.12/site-packages/airflow/example_dags/example_xcom.py
[2025-05-14T13:52:58.649-0400] {processor.py:925} INFO - DAG(s) 'example_xcom' retrieved from /home/aangava/MSP/airflow_venv/lib/python3.12/site-packages/airflow/example_dags/example_xcom.py
[2025-05-14T13:52:58.660-0400] {logging_mixin.py:190} INFO - [2025-05-14T13:52:58.659-0400] {dag.py:3239} INFO - Sync 1 DAGs
[2025-05-14T13:52:58.673-0400] {logging_mixin.py:190} INFO - [2025-05-14T13:52:58.672-0400] {dag.py:4180} INFO - Setting next_dagrun for example_xcom to 2021-01-01 00:00:00+00:00, run_after=2021-01-01 00:00:00+00:00
[2025-05-14T13:52:58.689-0400] {processor.py:208} INFO - Processing /home/aangava/MSP/airflow_venv/lib/python3.12/site-packages/airflow/example_dags/example_xcom.py took 0.064 seconds
[2025-05-14T13:53:53.245-0400] {processor.py:186} INFO - Started process (PID=21182) to work on /home/aangava/MSP/airflow_venv/lib/python3.12/site-packages/airflow/example_dags/example_xcom.py
[2025-05-14T13:53:53.255-0400] {processor.py:914} INFO - Processing file /home/aangava/MSP/airflow_venv/lib/python3.12/site-packages/airflow/example_dags/example_xcom.py for tasks to queue
[2025-05-14T13:53:53.257-0400] {logging_mixin.py:190} INFO - [2025-05-14T13:53:53.257-0400] {dagbag.py:588} INFO - Filling up the DagBag from /home/aangava/MSP/airflow_venv/lib/python3.12/site-packages/airflow/example_dags/example_xcom.py
[2025-05-14T13:53:53.265-0400] {processor.py:925} INFO - DAG(s) 'example_xcom' retrieved from /home/aangava/MSP/airflow_venv/lib/python3.12/site-packages/airflow/example_dags/example_xcom.py
[2025-05-14T13:53:53.276-0400] {logging_mixin.py:190} INFO - [2025-05-14T13:53:53.276-0400] {dag.py:3239} INFO - Sync 1 DAGs
[2025-05-14T13:53:53.292-0400] {logging_mixin.py:190} INFO - [2025-05-14T13:53:53.292-0400] {dag.py:4180} INFO - Setting next_dagrun for example_xcom to 2021-01-01 00:00:00+00:00, run_after=2021-01-01 00:00:00+00:00
[2025-05-14T13:53:53.306-0400] {processor.py:208} INFO - Processing /home/aangava/MSP/airflow_venv/lib/python3.12/site-packages/airflow/example_dags/example_xcom.py took 0.065 seconds
[2025-05-14T13:54:43.477-0400] {processor.py:186} INFO - Started process (PID=21460) to work on /home/aangava/MSP/airflow_venv/lib/python3.12/site-packages/airflow/example_dags/example_xcom.py
[2025-05-14T13:54:43.478-0400] {processor.py:914} INFO - Processing file /home/aangava/MSP/airflow_venv/lib/python3.12/site-packages/airflow/example_dags/example_xcom.py for tasks to queue
[2025-05-14T13:54:43.480-0400] {logging_mixin.py:190} INFO - [2025-05-14T13:54:43.479-0400] {dagbag.py:588} INFO - Filling up the DagBag from /home/aangava/MSP/airflow_venv/lib/python3.12/site-packages/airflow/example_dags/example_xcom.py
[2025-05-14T13:54:43.487-0400] {processor.py:925} INFO - DAG(s) 'example_xcom' retrieved from /home/aangava/MSP/airflow_venv/lib/python3.12/site-packages/airflow/example_dags/example_xcom.py
[2025-05-14T13:54:43.499-0400] {logging_mixin.py:190} INFO - [2025-05-14T13:54:43.498-0400] {dag.py:3239} INFO - Sync 1 DAGs
[2025-05-14T13:54:43.512-0400] {logging_mixin.py:190} INFO - [2025-05-14T13:54:43.512-0400] {dag.py:4180} INFO - Setting next_dagrun for example_xcom to 2021-01-01 00:00:00+00:00, run_after=2021-01-01 00:00:00+00:00
[2025-05-14T13:54:43.527-0400] {processor.py:208} INFO - Processing /home/aangava/MSP/airflow_venv/lib/python3.12/site-packages/airflow/example_dags/example_xcom.py took 0.054 seconds
[2025-05-14T13:55:38.324-0400] {processor.py:186} INFO - Started process (PID=21753) to work on /home/aangava/MSP/airflow_venv/lib/python3.12/site-packages/airflow/example_dags/example_xcom.py
[2025-05-14T13:55:38.325-0400] {processor.py:914} INFO - Processing file /home/aangava/MSP/airflow_venv/lib/python3.12/site-packages/airflow/example_dags/example_xcom.py for tasks to queue
[2025-05-14T13:55:38.326-0400] {logging_mixin.py:190} INFO - [2025-05-14T13:55:38.326-0400] {dagbag.py:588} INFO - Filling up the DagBag from /home/aangava/MSP/airflow_venv/lib/python3.12/site-packages/airflow/example_dags/example_xcom.py
[2025-05-14T13:55:38.333-0400] {processor.py:925} INFO - DAG(s) 'example_xcom' retrieved from /home/aangava/MSP/airflow_venv/lib/python3.12/site-packages/airflow/example_dags/example_xcom.py
[2025-05-14T13:55:38.343-0400] {logging_mixin.py:190} INFO - [2025-05-14T13:55:38.343-0400] {dag.py:3239} INFO - Sync 1 DAGs
[2025-05-14T13:55:38.355-0400] {logging_mixin.py:190} INFO - [2025-05-14T13:55:38.354-0400] {dag.py:4180} INFO - Setting next_dagrun for example_xcom to 2021-01-01 00:00:00+00:00, run_after=2021-01-01 00:00:00+00:00
[2025-05-14T13:55:38.367-0400] {processor.py:208} INFO - Processing /home/aangava/MSP/airflow_venv/lib/python3.12/site-packages/airflow/example_dags/example_xcom.py took 0.047 seconds
[2025-05-14T13:56:51.866-0400] {processor.py:186} INFO - Started process (PID=22262) to work on /home/aangava/MSP/airflow_venv/lib/python3.12/site-packages/airflow/example_dags/example_xcom.py
[2025-05-14T13:56:51.876-0400] {processor.py:914} INFO - Processing file /home/aangava/MSP/airflow_venv/lib/python3.12/site-packages/airflow/example_dags/example_xcom.py for tasks to queue
[2025-05-14T13:56:51.878-0400] {logging_mixin.py:190} INFO - [2025-05-14T13:56:51.877-0400] {dagbag.py:588} INFO - Filling up the DagBag from /home/aangava/MSP/airflow_venv/lib/python3.12/site-packages/airflow/example_dags/example_xcom.py
[2025-05-14T13:56:51.885-0400] {processor.py:925} INFO - DAG(s) 'example_xcom' retrieved from /home/aangava/MSP/airflow_venv/lib/python3.12/site-packages/airflow/example_dags/example_xcom.py
[2025-05-14T13:56:51.897-0400] {logging_mixin.py:190} INFO - [2025-05-14T13:56:51.896-0400] {dag.py:3239} INFO - Sync 1 DAGs
[2025-05-14T13:56:51.910-0400] {logging_mixin.py:190} INFO - [2025-05-14T13:56:51.910-0400] {dag.py:4180} INFO - Setting next_dagrun for example_xcom to 2021-01-01 00:00:00+00:00, run_after=2021-01-01 00:00:00+00:00
[2025-05-14T13:56:51.924-0400] {processor.py:208} INFO - Processing /home/aangava/MSP/airflow_venv/lib/python3.12/site-packages/airflow/example_dags/example_xcom.py took 0.062 seconds
[2025-05-14T13:57:47.416-0400] {processor.py:186} INFO - Started process (PID=22782) to work on /home/aangava/MSP/airflow_venv/lib/python3.12/site-packages/airflow/example_dags/example_xcom.py
[2025-05-14T13:57:47.426-0400] {processor.py:914} INFO - Processing file /home/aangava/MSP/airflow_venv/lib/python3.12/site-packages/airflow/example_dags/example_xcom.py for tasks to queue
[2025-05-14T13:57:47.427-0400] {logging_mixin.py:190} INFO - [2025-05-14T13:57:47.427-0400] {dagbag.py:588} INFO - Filling up the DagBag from /home/aangava/MSP/airflow_venv/lib/python3.12/site-packages/airflow/example_dags/example_xcom.py
[2025-05-14T13:57:47.434-0400] {processor.py:925} INFO - DAG(s) 'example_xcom' retrieved from /home/aangava/MSP/airflow_venv/lib/python3.12/site-packages/airflow/example_dags/example_xcom.py
[2025-05-14T13:57:47.445-0400] {logging_mixin.py:190} INFO - [2025-05-14T13:57:47.445-0400] {dag.py:3239} INFO - Sync 1 DAGs
[2025-05-14T13:57:47.459-0400] {logging_mixin.py:190} INFO - [2025-05-14T13:57:47.459-0400] {dag.py:4180} INFO - Setting next_dagrun for example_xcom to 2021-01-01 00:00:00+00:00, run_after=2021-01-01 00:00:00+00:00
[2025-05-14T13:57:47.479-0400] {processor.py:208} INFO - Processing /home/aangava/MSP/airflow_venv/lib/python3.12/site-packages/airflow/example_dags/example_xcom.py took 0.066 seconds
[2025-05-14T13:58:38.986-0400] {processor.py:186} INFO - Started process (PID=22988) to work on /home/aangava/MSP/airflow_venv/lib/python3.12/site-packages/airflow/example_dags/example_xcom.py
[2025-05-14T13:58:38.987-0400] {processor.py:914} INFO - Processing file /home/aangava/MSP/airflow_venv/lib/python3.12/site-packages/airflow/example_dags/example_xcom.py for tasks to queue
[2025-05-14T13:58:38.989-0400] {logging_mixin.py:190} INFO - [2025-05-14T13:58:38.989-0400] {dagbag.py:588} INFO - Filling up the DagBag from /home/aangava/MSP/airflow_venv/lib/python3.12/site-packages/airflow/example_dags/example_xcom.py
[2025-05-14T13:58:38.996-0400] {processor.py:925} INFO - DAG(s) 'example_xcom' retrieved from /home/aangava/MSP/airflow_venv/lib/python3.12/site-packages/airflow/example_dags/example_xcom.py
[2025-05-14T13:58:39.006-0400] {logging_mixin.py:190} INFO - [2025-05-14T13:58:39.006-0400] {dag.py:3239} INFO - Sync 1 DAGs
[2025-05-14T13:58:39.018-0400] {logging_mixin.py:190} INFO - [2025-05-14T13:58:39.018-0400] {dag.py:4180} INFO - Setting next_dagrun for example_xcom to 2021-01-01 00:00:00+00:00, run_after=2021-01-01 00:00:00+00:00
[2025-05-14T13:58:39.034-0400] {processor.py:208} INFO - Processing /home/aangava/MSP/airflow_venv/lib/python3.12/site-packages/airflow/example_dags/example_xcom.py took 0.052 seconds
[2025-05-14T13:59:32.237-0400] {processor.py:186} INFO - Started process (PID=23234) to work on /home/aangava/MSP/airflow_venv/lib/python3.12/site-packages/airflow/example_dags/example_xcom.py
[2025-05-14T13:59:32.238-0400] {processor.py:914} INFO - Processing file /home/aangava/MSP/airflow_venv/lib/python3.12/site-packages/airflow/example_dags/example_xcom.py for tasks to queue
[2025-05-14T13:59:32.240-0400] {logging_mixin.py:190} INFO - [2025-05-14T13:59:32.239-0400] {dagbag.py:588} INFO - Filling up the DagBag from /home/aangava/MSP/airflow_venv/lib/python3.12/site-packages/airflow/example_dags/example_xcom.py
[2025-05-14T13:59:32.248-0400] {processor.py:925} INFO - DAG(s) 'example_xcom' retrieved from /home/aangava/MSP/airflow_venv/lib/python3.12/site-packages/airflow/example_dags/example_xcom.py
[2025-05-14T13:59:32.259-0400] {logging_mixin.py:190} INFO - [2025-05-14T13:59:32.258-0400] {dag.py:3239} INFO - Sync 1 DAGs
[2025-05-14T13:59:32.270-0400] {logging_mixin.py:190} INFO - [2025-05-14T13:59:32.270-0400] {dag.py:4180} INFO - Setting next_dagrun for example_xcom to 2021-01-01 00:00:00+00:00, run_after=2021-01-01 00:00:00+00:00
[2025-05-14T13:59:32.284-0400] {processor.py:208} INFO - Processing /home/aangava/MSP/airflow_venv/lib/python3.12/site-packages/airflow/example_dags/example_xcom.py took 0.051 seconds
[2025-05-14T14:00:23.525-0400] {processor.py:186} INFO - Started process (PID=23438) to work on /home/aangava/MSP/airflow_venv/lib/python3.12/site-packages/airflow/example_dags/example_xcom.py
[2025-05-14T14:00:23.526-0400] {processor.py:914} INFO - Processing file /home/aangava/MSP/airflow_venv/lib/python3.12/site-packages/airflow/example_dags/example_xcom.py for tasks to queue
[2025-05-14T14:00:23.528-0400] {logging_mixin.py:190} INFO - [2025-05-14T14:00:23.528-0400] {dagbag.py:588} INFO - Filling up the DagBag from /home/aangava/MSP/airflow_venv/lib/python3.12/site-packages/airflow/example_dags/example_xcom.py
[2025-05-14T14:00:23.535-0400] {processor.py:925} INFO - DAG(s) 'example_xcom' retrieved from /home/aangava/MSP/airflow_venv/lib/python3.12/site-packages/airflow/example_dags/example_xcom.py
[2025-05-14T14:00:23.545-0400] {logging_mixin.py:190} INFO - [2025-05-14T14:00:23.545-0400] {dag.py:3239} INFO - Sync 1 DAGs
[2025-05-14T14:00:23.557-0400] {logging_mixin.py:190} INFO - [2025-05-14T14:00:23.557-0400] {dag.py:4180} INFO - Setting next_dagrun for example_xcom to 2021-01-01 00:00:00+00:00, run_after=2021-01-01 00:00:00+00:00
[2025-05-14T14:00:23.569-0400] {processor.py:208} INFO - Processing /home/aangava/MSP/airflow_venv/lib/python3.12/site-packages/airflow/example_dags/example_xcom.py took 0.048 seconds
[2025-05-14T14:01:20.102-0400] {processor.py:186} INFO - Started process (PID=23708) to work on /home/aangava/MSP/airflow_venv/lib/python3.12/site-packages/airflow/example_dags/example_xcom.py
[2025-05-14T14:01:20.112-0400] {processor.py:914} INFO - Processing file /home/aangava/MSP/airflow_venv/lib/python3.12/site-packages/airflow/example_dags/example_xcom.py for tasks to queue
[2025-05-14T14:01:20.113-0400] {logging_mixin.py:190} INFO - [2025-05-14T14:01:20.113-0400] {dagbag.py:588} INFO - Filling up the DagBag from /home/aangava/MSP/airflow_venv/lib/python3.12/site-packages/airflow/example_dags/example_xcom.py
[2025-05-14T14:01:20.120-0400] {processor.py:925} INFO - DAG(s) 'example_xcom' retrieved from /home/aangava/MSP/airflow_venv/lib/python3.12/site-packages/airflow/example_dags/example_xcom.py
[2025-05-14T14:01:20.130-0400] {logging_mixin.py:190} INFO - [2025-05-14T14:01:20.130-0400] {dag.py:3239} INFO - Sync 1 DAGs
[2025-05-14T14:01:20.142-0400] {logging_mixin.py:190} INFO - [2025-05-14T14:01:20.142-0400] {dag.py:4180} INFO - Setting next_dagrun for example_xcom to 2021-01-01 00:00:00+00:00, run_after=2021-01-01 00:00:00+00:00
[2025-05-14T14:01:20.155-0400] {processor.py:208} INFO - Processing /home/aangava/MSP/airflow_venv/lib/python3.12/site-packages/airflow/example_dags/example_xcom.py took 0.056 seconds
[2025-05-14T14:02:13.944-0400] {processor.py:186} INFO - Started process (PID=23962) to work on /home/aangava/MSP/airflow_venv/lib/python3.12/site-packages/airflow/example_dags/example_xcom.py
[2025-05-14T14:02:13.945-0400] {processor.py:914} INFO - Processing file /home/aangava/MSP/airflow_venv/lib/python3.12/site-packages/airflow/example_dags/example_xcom.py for tasks to queue
[2025-05-14T14:02:13.947-0400] {logging_mixin.py:190} INFO - [2025-05-14T14:02:13.947-0400] {dagbag.py:588} INFO - Filling up the DagBag from /home/aangava/MSP/airflow_venv/lib/python3.12/site-packages/airflow/example_dags/example_xcom.py
[2025-05-14T14:02:13.954-0400] {processor.py:925} INFO - DAG(s) 'example_xcom' retrieved from /home/aangava/MSP/airflow_venv/lib/python3.12/site-packages/airflow/example_dags/example_xcom.py
[2025-05-14T14:02:13.964-0400] {logging_mixin.py:190} INFO - [2025-05-14T14:02:13.964-0400] {dag.py:3239} INFO - Sync 1 DAGs
[2025-05-14T14:02:13.976-0400] {logging_mixin.py:190} INFO - [2025-05-14T14:02:13.976-0400] {dag.py:4180} INFO - Setting next_dagrun for example_xcom to 2021-01-01 00:00:00+00:00, run_after=2021-01-01 00:00:00+00:00
[2025-05-14T14:02:13.989-0400] {processor.py:208} INFO - Processing /home/aangava/MSP/airflow_venv/lib/python3.12/site-packages/airflow/example_dags/example_xcom.py took 0.048 seconds
[2025-05-14T14:03:06.685-0400] {processor.py:186} INFO - Started process (PID=24219) to work on /home/aangava/MSP/airflow_venv/lib/python3.12/site-packages/airflow/example_dags/example_xcom.py
[2025-05-14T14:03:06.686-0400] {processor.py:914} INFO - Processing file /home/aangava/MSP/airflow_venv/lib/python3.12/site-packages/airflow/example_dags/example_xcom.py for tasks to queue
[2025-05-14T14:03:06.687-0400] {logging_mixin.py:190} INFO - [2025-05-14T14:03:06.687-0400] {dagbag.py:588} INFO - Filling up the DagBag from /home/aangava/MSP/airflow_venv/lib/python3.12/site-packages/airflow/example_dags/example_xcom.py
[2025-05-14T14:03:06.695-0400] {processor.py:925} INFO - DAG(s) 'example_xcom' retrieved from /home/aangava/MSP/airflow_venv/lib/python3.12/site-packages/airflow/example_dags/example_xcom.py
[2025-05-14T14:03:06.707-0400] {logging_mixin.py:190} INFO - [2025-05-14T14:03:06.707-0400] {dag.py:3239} INFO - Sync 1 DAGs
[2025-05-14T14:03:06.720-0400] {logging_mixin.py:190} INFO - [2025-05-14T14:03:06.720-0400] {dag.py:4180} INFO - Setting next_dagrun for example_xcom to 2021-01-01 00:00:00+00:00, run_after=2021-01-01 00:00:00+00:00
[2025-05-14T14:03:06.742-0400] {processor.py:208} INFO - Processing /home/aangava/MSP/airflow_venv/lib/python3.12/site-packages/airflow/example_dags/example_xcom.py took 0.062 seconds
[2025-05-14T14:03:59.330-0400] {processor.py:186} INFO - Started process (PID=24453) to work on /home/aangava/MSP/airflow_venv/lib/python3.12/site-packages/airflow/example_dags/example_xcom.py
[2025-05-14T14:03:59.336-0400] {processor.py:914} INFO - Processing file /home/aangava/MSP/airflow_venv/lib/python3.12/site-packages/airflow/example_dags/example_xcom.py for tasks to queue
[2025-05-14T14:03:59.338-0400] {logging_mixin.py:190} INFO - [2025-05-14T14:03:59.337-0400] {dagbag.py:588} INFO - Filling up the DagBag from /home/aangava/MSP/airflow_venv/lib/python3.12/site-packages/airflow/example_dags/example_xcom.py
[2025-05-14T14:03:59.346-0400] {processor.py:925} INFO - DAG(s) 'example_xcom' retrieved from /home/aangava/MSP/airflow_venv/lib/python3.12/site-packages/airflow/example_dags/example_xcom.py
[2025-05-14T14:03:59.360-0400] {logging_mixin.py:190} INFO - [2025-05-14T14:03:59.360-0400] {dag.py:3239} INFO - Sync 1 DAGs
[2025-05-14T14:03:59.382-0400] {logging_mixin.py:190} INFO - [2025-05-14T14:03:59.382-0400] {dag.py:4180} INFO - Setting next_dagrun for example_xcom to 2021-01-01 00:00:00+00:00, run_after=2021-01-01 00:00:00+00:00
[2025-05-14T14:03:59.400-0400] {processor.py:208} INFO - Processing /home/aangava/MSP/airflow_venv/lib/python3.12/site-packages/airflow/example_dags/example_xcom.py took 0.075 seconds
[2025-05-14T14:08:53.158-0400] {processor.py:186} INFO - Started process (PID=27232) to work on /home/aangava/MSP/airflow_venv/lib/python3.12/site-packages/airflow/example_dags/example_xcom.py
[2025-05-14T14:08:53.160-0400] {processor.py:914} INFO - Processing file /home/aangava/MSP/airflow_venv/lib/python3.12/site-packages/airflow/example_dags/example_xcom.py for tasks to queue
[2025-05-14T14:08:53.161-0400] {logging_mixin.py:190} INFO - [2025-05-14T14:08:53.160-0400] {dagbag.py:588} INFO - Filling up the DagBag from /home/aangava/MSP/airflow_venv/lib/python3.12/site-packages/airflow/example_dags/example_xcom.py
[2025-05-14T14:08:53.167-0400] {processor.py:925} INFO - DAG(s) 'example_xcom' retrieved from /home/aangava/MSP/airflow_venv/lib/python3.12/site-packages/airflow/example_dags/example_xcom.py
[2025-05-14T14:08:53.181-0400] {logging_mixin.py:190} INFO - [2025-05-14T14:08:53.181-0400] {dag.py:3239} INFO - Sync 1 DAGs
[2025-05-14T14:08:53.193-0400] {logging_mixin.py:190} INFO - [2025-05-14T14:08:53.193-0400] {dag.py:4180} INFO - Setting next_dagrun for example_xcom to 2021-01-01 00:00:00+00:00, run_after=2021-01-01 00:00:00+00:00
[2025-05-14T14:08:53.207-0400] {processor.py:208} INFO - Processing /home/aangava/MSP/airflow_venv/lib/python3.12/site-packages/airflow/example_dags/example_xcom.py took 0.055 seconds
[2025-05-14T14:09:50.994-0400] {processor.py:186} INFO - Started process (PID=27557) to work on /home/aangava/MSP/airflow_venv/lib/python3.12/site-packages/airflow/example_dags/example_xcom.py
[2025-05-14T14:09:50.995-0400] {processor.py:914} INFO - Processing file /home/aangava/MSP/airflow_venv/lib/python3.12/site-packages/airflow/example_dags/example_xcom.py for tasks to queue
[2025-05-14T14:09:50.997-0400] {logging_mixin.py:190} INFO - [2025-05-14T14:09:50.996-0400] {dagbag.py:588} INFO - Filling up the DagBag from /home/aangava/MSP/airflow_venv/lib/python3.12/site-packages/airflow/example_dags/example_xcom.py
[2025-05-14T14:09:51.003-0400] {processor.py:925} INFO - DAG(s) 'example_xcom' retrieved from /home/aangava/MSP/airflow_venv/lib/python3.12/site-packages/airflow/example_dags/example_xcom.py
[2025-05-14T14:09:51.013-0400] {logging_mixin.py:190} INFO - [2025-05-14T14:09:51.013-0400] {dag.py:3239} INFO - Sync 1 DAGs
[2025-05-14T14:09:51.023-0400] {logging_mixin.py:190} INFO - [2025-05-14T14:09:51.023-0400] {dag.py:4180} INFO - Setting next_dagrun for example_xcom to 2021-01-01 00:00:00+00:00, run_after=2021-01-01 00:00:00+00:00
[2025-05-14T14:09:51.035-0400] {processor.py:208} INFO - Processing /home/aangava/MSP/airflow_venv/lib/python3.12/site-packages/airflow/example_dags/example_xcom.py took 0.045 seconds
[2025-05-14T14:10:44.077-0400] {processor.py:186} INFO - Started process (PID=27835) to work on /home/aangava/MSP/airflow_venv/lib/python3.12/site-packages/airflow/example_dags/example_xcom.py
[2025-05-14T14:10:44.086-0400] {processor.py:914} INFO - Processing file /home/aangava/MSP/airflow_venv/lib/python3.12/site-packages/airflow/example_dags/example_xcom.py for tasks to queue
[2025-05-14T14:10:44.087-0400] {logging_mixin.py:190} INFO - [2025-05-14T14:10:44.087-0400] {dagbag.py:588} INFO - Filling up the DagBag from /home/aangava/MSP/airflow_venv/lib/python3.12/site-packages/airflow/example_dags/example_xcom.py
[2025-05-14T14:10:44.094-0400] {processor.py:925} INFO - DAG(s) 'example_xcom' retrieved from /home/aangava/MSP/airflow_venv/lib/python3.12/site-packages/airflow/example_dags/example_xcom.py
[2025-05-14T14:10:44.104-0400] {logging_mixin.py:190} INFO - [2025-05-14T14:10:44.104-0400] {dag.py:3239} INFO - Sync 1 DAGs
[2025-05-14T14:10:44.115-0400] {logging_mixin.py:190} INFO - [2025-05-14T14:10:44.115-0400] {dag.py:4180} INFO - Setting next_dagrun for example_xcom to 2021-01-01 00:00:00+00:00, run_after=2021-01-01 00:00:00+00:00
[2025-05-14T14:10:44.126-0400] {processor.py:208} INFO - Processing /home/aangava/MSP/airflow_venv/lib/python3.12/site-packages/airflow/example_dags/example_xcom.py took 0.054 seconds
[2025-05-14T14:11:41.559-0400] {processor.py:186} INFO - Started process (PID=28135) to work on /home/aangava/MSP/airflow_venv/lib/python3.12/site-packages/airflow/example_dags/example_xcom.py
[2025-05-14T14:11:41.560-0400] {processor.py:914} INFO - Processing file /home/aangava/MSP/airflow_venv/lib/python3.12/site-packages/airflow/example_dags/example_xcom.py for tasks to queue
[2025-05-14T14:11:41.561-0400] {logging_mixin.py:190} INFO - [2025-05-14T14:11:41.561-0400] {dagbag.py:588} INFO - Filling up the DagBag from /home/aangava/MSP/airflow_venv/lib/python3.12/site-packages/airflow/example_dags/example_xcom.py
[2025-05-14T14:11:41.567-0400] {processor.py:925} INFO - DAG(s) 'example_xcom' retrieved from /home/aangava/MSP/airflow_venv/lib/python3.12/site-packages/airflow/example_dags/example_xcom.py
[2025-05-14T14:11:41.579-0400] {logging_mixin.py:190} INFO - [2025-05-14T14:11:41.579-0400] {dag.py:3239} INFO - Sync 1 DAGs
[2025-05-14T14:11:41.592-0400] {logging_mixin.py:190} INFO - [2025-05-14T14:11:41.592-0400] {dag.py:4180} INFO - Setting next_dagrun for example_xcom to 2021-01-01 00:00:00+00:00, run_after=2021-01-01 00:00:00+00:00
[2025-05-14T14:11:41.606-0400] {processor.py:208} INFO - Processing /home/aangava/MSP/airflow_venv/lib/python3.12/site-packages/airflow/example_dags/example_xcom.py took 0.051 seconds
[2025-05-14T14:12:34.089-0400] {processor.py:186} INFO - Started process (PID=28375) to work on /home/aangava/MSP/airflow_venv/lib/python3.12/site-packages/airflow/example_dags/example_xcom.py
[2025-05-14T14:12:34.100-0400] {processor.py:914} INFO - Processing file /home/aangava/MSP/airflow_venv/lib/python3.12/site-packages/airflow/example_dags/example_xcom.py for tasks to queue
[2025-05-14T14:12:34.101-0400] {logging_mixin.py:190} INFO - [2025-05-14T14:12:34.100-0400] {dagbag.py:588} INFO - Filling up the DagBag from /home/aangava/MSP/airflow_venv/lib/python3.12/site-packages/airflow/example_dags/example_xcom.py
[2025-05-14T14:12:34.107-0400] {processor.py:925} INFO - DAG(s) 'example_xcom' retrieved from /home/aangava/MSP/airflow_venv/lib/python3.12/site-packages/airflow/example_dags/example_xcom.py
[2025-05-14T14:12:34.119-0400] {logging_mixin.py:190} INFO - [2025-05-14T14:12:34.119-0400] {dag.py:3239} INFO - Sync 1 DAGs
[2025-05-14T14:12:34.129-0400] {logging_mixin.py:190} INFO - [2025-05-14T14:12:34.129-0400] {dag.py:4180} INFO - Setting next_dagrun for example_xcom to 2021-01-01 00:00:00+00:00, run_after=2021-01-01 00:00:00+00:00
[2025-05-14T14:12:34.141-0400] {processor.py:208} INFO - Processing /home/aangava/MSP/airflow_venv/lib/python3.12/site-packages/airflow/example_dags/example_xcom.py took 0.056 seconds
[2025-05-14T14:13:30.426-0400] {processor.py:186} INFO - Started process (PID=28596) to work on /home/aangava/MSP/airflow_venv/lib/python3.12/site-packages/airflow/example_dags/example_xcom.py
[2025-05-14T14:13:30.428-0400] {processor.py:914} INFO - Processing file /home/aangava/MSP/airflow_venv/lib/python3.12/site-packages/airflow/example_dags/example_xcom.py for tasks to queue
[2025-05-14T14:13:30.428-0400] {logging_mixin.py:190} INFO - [2025-05-14T14:13:30.428-0400] {dagbag.py:588} INFO - Filling up the DagBag from /home/aangava/MSP/airflow_venv/lib/python3.12/site-packages/airflow/example_dags/example_xcom.py
[2025-05-14T14:13:30.434-0400] {processor.py:925} INFO - DAG(s) 'example_xcom' retrieved from /home/aangava/MSP/airflow_venv/lib/python3.12/site-packages/airflow/example_dags/example_xcom.py
[2025-05-14T14:13:30.445-0400] {logging_mixin.py:190} INFO - [2025-05-14T14:13:30.444-0400] {dag.py:3239} INFO - Sync 1 DAGs
[2025-05-14T14:13:30.455-0400] {logging_mixin.py:190} INFO - [2025-05-14T14:13:30.455-0400] {dag.py:4180} INFO - Setting next_dagrun for example_xcom to 2021-01-01 00:00:00+00:00, run_after=2021-01-01 00:00:00+00:00
[2025-05-14T14:13:30.470-0400] {processor.py:208} INFO - Processing /home/aangava/MSP/airflow_venv/lib/python3.12/site-packages/airflow/example_dags/example_xcom.py took 0.047 seconds
[2025-05-14T14:14:23.420-0400] {processor.py:186} INFO - Started process (PID=28820) to work on /home/aangava/MSP/airflow_venv/lib/python3.12/site-packages/airflow/example_dags/example_xcom.py
[2025-05-14T14:14:23.421-0400] {processor.py:914} INFO - Processing file /home/aangava/MSP/airflow_venv/lib/python3.12/site-packages/airflow/example_dags/example_xcom.py for tasks to queue
[2025-05-14T14:14:23.422-0400] {logging_mixin.py:190} INFO - [2025-05-14T14:14:23.422-0400] {dagbag.py:588} INFO - Filling up the DagBag from /home/aangava/MSP/airflow_venv/lib/python3.12/site-packages/airflow/example_dags/example_xcom.py
[2025-05-14T14:14:23.428-0400] {processor.py:925} INFO - DAG(s) 'example_xcom' retrieved from /home/aangava/MSP/airflow_venv/lib/python3.12/site-packages/airflow/example_dags/example_xcom.py
[2025-05-14T14:14:23.439-0400] {logging_mixin.py:190} INFO - [2025-05-14T14:14:23.439-0400] {dag.py:3239} INFO - Sync 1 DAGs
[2025-05-14T14:14:23.451-0400] {logging_mixin.py:190} INFO - [2025-05-14T14:14:23.451-0400] {dag.py:4180} INFO - Setting next_dagrun for example_xcom to 2021-01-01 00:00:00+00:00, run_after=2021-01-01 00:00:00+00:00
[2025-05-14T14:14:23.465-0400] {processor.py:208} INFO - Processing /home/aangava/MSP/airflow_venv/lib/python3.12/site-packages/airflow/example_dags/example_xcom.py took 0.050 seconds
[2025-05-14T14:15:18.060-0400] {processor.py:186} INFO - Started process (PID=29039) to work on /home/aangava/MSP/airflow_venv/lib/python3.12/site-packages/airflow/example_dags/example_xcom.py
[2025-05-14T14:15:18.069-0400] {processor.py:914} INFO - Processing file /home/aangava/MSP/airflow_venv/lib/python3.12/site-packages/airflow/example_dags/example_xcom.py for tasks to queue
[2025-05-14T14:15:18.070-0400] {logging_mixin.py:190} INFO - [2025-05-14T14:15:18.069-0400] {dagbag.py:588} INFO - Filling up the DagBag from /home/aangava/MSP/airflow_venv/lib/python3.12/site-packages/airflow/example_dags/example_xcom.py
[2025-05-14T14:15:18.075-0400] {processor.py:925} INFO - DAG(s) 'example_xcom' retrieved from /home/aangava/MSP/airflow_venv/lib/python3.12/site-packages/airflow/example_dags/example_xcom.py
[2025-05-14T14:15:18.086-0400] {logging_mixin.py:190} INFO - [2025-05-14T14:15:18.086-0400] {dag.py:3239} INFO - Sync 1 DAGs
[2025-05-14T14:15:18.096-0400] {logging_mixin.py:190} INFO - [2025-05-14T14:15:18.096-0400] {dag.py:4180} INFO - Setting next_dagrun for example_xcom to 2021-01-01 00:00:00+00:00, run_after=2021-01-01 00:00:00+00:00
[2025-05-14T14:15:18.111-0400] {processor.py:208} INFO - Processing /home/aangava/MSP/airflow_venv/lib/python3.12/site-packages/airflow/example_dags/example_xcom.py took 0.055 seconds
[2025-05-14T14:16:09.311-0400] {processor.py:186} INFO - Started process (PID=29244) to work on /home/aangava/MSP/airflow_venv/lib/python3.12/site-packages/airflow/example_dags/example_xcom.py
[2025-05-14T14:16:09.320-0400] {processor.py:914} INFO - Processing file /home/aangava/MSP/airflow_venv/lib/python3.12/site-packages/airflow/example_dags/example_xcom.py for tasks to queue
[2025-05-14T14:16:09.321-0400] {logging_mixin.py:190} INFO - [2025-05-14T14:16:09.321-0400] {dagbag.py:588} INFO - Filling up the DagBag from /home/aangava/MSP/airflow_venv/lib/python3.12/site-packages/airflow/example_dags/example_xcom.py
[2025-05-14T14:16:09.327-0400] {processor.py:925} INFO - DAG(s) 'example_xcom' retrieved from /home/aangava/MSP/airflow_venv/lib/python3.12/site-packages/airflow/example_dags/example_xcom.py
[2025-05-14T14:16:09.338-0400] {logging_mixin.py:190} INFO - [2025-05-14T14:16:09.338-0400] {dag.py:3239} INFO - Sync 1 DAGs
[2025-05-14T14:16:09.349-0400] {logging_mixin.py:190} INFO - [2025-05-14T14:16:09.349-0400] {dag.py:4180} INFO - Setting next_dagrun for example_xcom to 2021-01-01 00:00:00+00:00, run_after=2021-01-01 00:00:00+00:00
[2025-05-14T14:16:09.361-0400] {processor.py:208} INFO - Processing /home/aangava/MSP/airflow_venv/lib/python3.12/site-packages/airflow/example_dags/example_xcom.py took 0.055 seconds
[2025-05-14T14:17:04.093-0400] {processor.py:186} INFO - Started process (PID=29465) to work on /home/aangava/MSP/airflow_venv/lib/python3.12/site-packages/airflow/example_dags/example_xcom.py
[2025-05-14T14:17:04.103-0400] {processor.py:914} INFO - Processing file /home/aangava/MSP/airflow_venv/lib/python3.12/site-packages/airflow/example_dags/example_xcom.py for tasks to queue
[2025-05-14T14:17:04.104-0400] {logging_mixin.py:190} INFO - [2025-05-14T14:17:04.104-0400] {dagbag.py:588} INFO - Filling up the DagBag from /home/aangava/MSP/airflow_venv/lib/python3.12/site-packages/airflow/example_dags/example_xcom.py
[2025-05-14T14:17:04.110-0400] {processor.py:925} INFO - DAG(s) 'example_xcom' retrieved from /home/aangava/MSP/airflow_venv/lib/python3.12/site-packages/airflow/example_dags/example_xcom.py
[2025-05-14T14:17:04.121-0400] {logging_mixin.py:190} INFO - [2025-05-14T14:17:04.121-0400] {dag.py:3239} INFO - Sync 1 DAGs
[2025-05-14T14:17:04.131-0400] {logging_mixin.py:190} INFO - [2025-05-14T14:17:04.131-0400] {dag.py:4180} INFO - Setting next_dagrun for example_xcom to 2021-01-01 00:00:00+00:00, run_after=2021-01-01 00:00:00+00:00
[2025-05-14T14:17:04.143-0400] {processor.py:208} INFO - Processing /home/aangava/MSP/airflow_venv/lib/python3.12/site-packages/airflow/example_dags/example_xcom.py took 0.055 seconds
[2025-05-14T14:17:58.322-0400] {processor.py:186} INFO - Started process (PID=29686) to work on /home/aangava/MSP/airflow_venv/lib/python3.12/site-packages/airflow/example_dags/example_xcom.py
[2025-05-14T14:17:58.324-0400] {processor.py:914} INFO - Processing file /home/aangava/MSP/airflow_venv/lib/python3.12/site-packages/airflow/example_dags/example_xcom.py for tasks to queue
[2025-05-14T14:17:58.325-0400] {logging_mixin.py:190} INFO - [2025-05-14T14:17:58.325-0400] {dagbag.py:588} INFO - Filling up the DagBag from /home/aangava/MSP/airflow_venv/lib/python3.12/site-packages/airflow/example_dags/example_xcom.py
[2025-05-14T14:17:58.330-0400] {processor.py:925} INFO - DAG(s) 'example_xcom' retrieved from /home/aangava/MSP/airflow_venv/lib/python3.12/site-packages/airflow/example_dags/example_xcom.py
[2025-05-14T14:17:58.340-0400] {logging_mixin.py:190} INFO - [2025-05-14T14:17:58.340-0400] {dag.py:3239} INFO - Sync 1 DAGs
[2025-05-14T14:17:58.351-0400] {logging_mixin.py:190} INFO - [2025-05-14T14:17:58.350-0400] {dag.py:4180} INFO - Setting next_dagrun for example_xcom to 2021-01-01 00:00:00+00:00, run_after=2021-01-01 00:00:00+00:00
[2025-05-14T14:17:58.362-0400] {processor.py:208} INFO - Processing /home/aangava/MSP/airflow_venv/lib/python3.12/site-packages/airflow/example_dags/example_xcom.py took 0.044 seconds
[2025-05-14T14:18:55.425-0400] {processor.py:186} INFO - Started process (PID=30004) to work on /home/aangava/MSP/airflow_venv/lib/python3.12/site-packages/airflow/example_dags/example_xcom.py
[2025-05-14T14:18:55.427-0400] {processor.py:914} INFO - Processing file /home/aangava/MSP/airflow_venv/lib/python3.12/site-packages/airflow/example_dags/example_xcom.py for tasks to queue
[2025-05-14T14:18:55.429-0400] {logging_mixin.py:190} INFO - [2025-05-14T14:18:55.428-0400] {dagbag.py:588} INFO - Filling up the DagBag from /home/aangava/MSP/airflow_venv/lib/python3.12/site-packages/airflow/example_dags/example_xcom.py
[2025-05-14T14:18:55.437-0400] {processor.py:925} INFO - DAG(s) 'example_xcom' retrieved from /home/aangava/MSP/airflow_venv/lib/python3.12/site-packages/airflow/example_dags/example_xcom.py
[2025-05-14T14:18:55.448-0400] {logging_mixin.py:190} INFO - [2025-05-14T14:18:55.448-0400] {dag.py:3239} INFO - Sync 1 DAGs
[2025-05-14T14:18:55.461-0400] {logging_mixin.py:190} INFO - [2025-05-14T14:18:55.461-0400] {dag.py:4180} INFO - Setting next_dagrun for example_xcom to 2021-01-01 00:00:00+00:00, run_after=2021-01-01 00:00:00+00:00
[2025-05-14T14:18:55.475-0400] {processor.py:208} INFO - Processing /home/aangava/MSP/airflow_venv/lib/python3.12/site-packages/airflow/example_dags/example_xcom.py took 0.055 seconds
[2025-05-14T14:19:49.209-0400] {processor.py:186} INFO - Started process (PID=30272) to work on /home/aangava/MSP/airflow_venv/lib/python3.12/site-packages/airflow/example_dags/example_xcom.py
[2025-05-14T14:19:49.210-0400] {processor.py:914} INFO - Processing file /home/aangava/MSP/airflow_venv/lib/python3.12/site-packages/airflow/example_dags/example_xcom.py for tasks to queue
[2025-05-14T14:19:49.211-0400] {logging_mixin.py:190} INFO - [2025-05-14T14:19:49.210-0400] {dagbag.py:588} INFO - Filling up the DagBag from /home/aangava/MSP/airflow_venv/lib/python3.12/site-packages/airflow/example_dags/example_xcom.py
[2025-05-14T14:19:49.218-0400] {processor.py:925} INFO - DAG(s) 'example_xcom' retrieved from /home/aangava/MSP/airflow_venv/lib/python3.12/site-packages/airflow/example_dags/example_xcom.py
[2025-05-14T14:19:49.230-0400] {logging_mixin.py:190} INFO - [2025-05-14T14:19:49.230-0400] {dag.py:3239} INFO - Sync 1 DAGs
[2025-05-14T14:19:49.243-0400] {logging_mixin.py:190} INFO - [2025-05-14T14:19:49.242-0400] {dag.py:4180} INFO - Setting next_dagrun for example_xcom to 2021-01-01 00:00:00+00:00, run_after=2021-01-01 00:00:00+00:00
[2025-05-14T14:19:49.255-0400] {processor.py:208} INFO - Processing /home/aangava/MSP/airflow_venv/lib/python3.12/site-packages/airflow/example_dags/example_xcom.py took 0.051 seconds
[2025-05-14T14:20:46.430-0400] {processor.py:186} INFO - Started process (PID=30565) to work on /home/aangava/MSP/airflow_venv/lib/python3.12/site-packages/airflow/example_dags/example_xcom.py
[2025-05-14T14:20:46.431-0400] {processor.py:914} INFO - Processing file /home/aangava/MSP/airflow_venv/lib/python3.12/site-packages/airflow/example_dags/example_xcom.py for tasks to queue
[2025-05-14T14:20:46.433-0400] {logging_mixin.py:190} INFO - [2025-05-14T14:20:46.432-0400] {dagbag.py:588} INFO - Filling up the DagBag from /home/aangava/MSP/airflow_venv/lib/python3.12/site-packages/airflow/example_dags/example_xcom.py
[2025-05-14T14:20:46.440-0400] {processor.py:925} INFO - DAG(s) 'example_xcom' retrieved from /home/aangava/MSP/airflow_venv/lib/python3.12/site-packages/airflow/example_dags/example_xcom.py
[2025-05-14T14:20:46.454-0400] {logging_mixin.py:190} INFO - [2025-05-14T14:20:46.454-0400] {dag.py:3239} INFO - Sync 1 DAGs
[2025-05-14T14:20:46.593-0400] {logging_mixin.py:190} INFO - [2025-05-14T14:20:46.593-0400] {dag.py:4180} INFO - Setting next_dagrun for example_xcom to 2021-01-01 00:00:00+00:00, run_after=2021-01-01 00:00:00+00:00
[2025-05-14T14:20:46.607-0400] {processor.py:208} INFO - Processing /home/aangava/MSP/airflow_venv/lib/python3.12/site-packages/airflow/example_dags/example_xcom.py took 0.182 seconds
[2025-05-14T14:21:51.297-0400] {processor.py:186} INFO - Started process (PID=31000) to work on /home/aangava/MSP/airflow_venv/lib/python3.12/site-packages/airflow/example_dags/example_xcom.py
[2025-05-14T14:21:51.307-0400] {processor.py:914} INFO - Processing file /home/aangava/MSP/airflow_venv/lib/python3.12/site-packages/airflow/example_dags/example_xcom.py for tasks to queue
[2025-05-14T14:21:51.308-0400] {logging_mixin.py:190} INFO - [2025-05-14T14:21:51.308-0400] {dagbag.py:588} INFO - Filling up the DagBag from /home/aangava/MSP/airflow_venv/lib/python3.12/site-packages/airflow/example_dags/example_xcom.py
[2025-05-14T14:21:51.313-0400] {processor.py:925} INFO - DAG(s) 'example_xcom' retrieved from /home/aangava/MSP/airflow_venv/lib/python3.12/site-packages/airflow/example_dags/example_xcom.py
[2025-05-14T14:21:51.323-0400] {logging_mixin.py:190} INFO - [2025-05-14T14:21:51.323-0400] {dag.py:3239} INFO - Sync 1 DAGs
[2025-05-14T14:21:51.334-0400] {logging_mixin.py:190} INFO - [2025-05-14T14:21:51.333-0400] {dag.py:4180} INFO - Setting next_dagrun for example_xcom to 2021-01-01 00:00:00+00:00, run_after=2021-01-01 00:00:00+00:00
[2025-05-14T14:21:51.348-0400] {processor.py:208} INFO - Processing /home/aangava/MSP/airflow_venv/lib/python3.12/site-packages/airflow/example_dags/example_xcom.py took 0.056 seconds
[2025-05-14T14:22:47.484-0400] {processor.py:186} INFO - Started process (PID=31222) to work on /home/aangava/MSP/airflow_venv/lib/python3.12/site-packages/airflow/example_dags/example_xcom.py
[2025-05-14T14:22:47.494-0400] {processor.py:914} INFO - Processing file /home/aangava/MSP/airflow_venv/lib/python3.12/site-packages/airflow/example_dags/example_xcom.py for tasks to queue
[2025-05-14T14:22:47.495-0400] {logging_mixin.py:190} INFO - [2025-05-14T14:22:47.495-0400] {dagbag.py:588} INFO - Filling up the DagBag from /home/aangava/MSP/airflow_venv/lib/python3.12/site-packages/airflow/example_dags/example_xcom.py
[2025-05-14T14:22:47.501-0400] {processor.py:925} INFO - DAG(s) 'example_xcom' retrieved from /home/aangava/MSP/airflow_venv/lib/python3.12/site-packages/airflow/example_dags/example_xcom.py
[2025-05-14T14:22:47.512-0400] {logging_mixin.py:190} INFO - [2025-05-14T14:22:47.512-0400] {dag.py:3239} INFO - Sync 1 DAGs
[2025-05-14T14:22:47.523-0400] {logging_mixin.py:190} INFO - [2025-05-14T14:22:47.522-0400] {dag.py:4180} INFO - Setting next_dagrun for example_xcom to 2021-01-01 00:00:00+00:00, run_after=2021-01-01 00:00:00+00:00
[2025-05-14T14:22:47.536-0400] {processor.py:208} INFO - Processing /home/aangava/MSP/airflow_venv/lib/python3.12/site-packages/airflow/example_dags/example_xcom.py took 0.056 seconds
[2025-05-14T14:23:40.704-0400] {processor.py:186} INFO - Started process (PID=31492) to work on /home/aangava/MSP/airflow_venv/lib/python3.12/site-packages/airflow/example_dags/example_xcom.py
[2025-05-14T14:23:40.705-0400] {processor.py:914} INFO - Processing file /home/aangava/MSP/airflow_venv/lib/python3.12/site-packages/airflow/example_dags/example_xcom.py for tasks to queue
[2025-05-14T14:23:40.706-0400] {logging_mixin.py:190} INFO - [2025-05-14T14:23:40.706-0400] {dagbag.py:588} INFO - Filling up the DagBag from /home/aangava/MSP/airflow_venv/lib/python3.12/site-packages/airflow/example_dags/example_xcom.py
[2025-05-14T14:23:40.713-0400] {processor.py:925} INFO - DAG(s) 'example_xcom' retrieved from /home/aangava/MSP/airflow_venv/lib/python3.12/site-packages/airflow/example_dags/example_xcom.py
[2025-05-14T14:23:40.723-0400] {logging_mixin.py:190} INFO - [2025-05-14T14:23:40.723-0400] {dag.py:3239} INFO - Sync 1 DAGs
[2025-05-14T14:23:40.735-0400] {logging_mixin.py:190} INFO - [2025-05-14T14:23:40.735-0400] {dag.py:4180} INFO - Setting next_dagrun for example_xcom to 2021-01-01 00:00:00+00:00, run_after=2021-01-01 00:00:00+00:00
[2025-05-14T14:23:40.750-0400] {processor.py:208} INFO - Processing /home/aangava/MSP/airflow_venv/lib/python3.12/site-packages/airflow/example_dags/example_xcom.py took 0.050 seconds
[2025-05-14T14:24:34.758-0400] {processor.py:186} INFO - Started process (PID=31862) to work on /home/aangava/MSP/airflow_venv/lib/python3.12/site-packages/airflow/example_dags/example_xcom.py
[2025-05-14T14:24:34.759-0400] {processor.py:914} INFO - Processing file /home/aangava/MSP/airflow_venv/lib/python3.12/site-packages/airflow/example_dags/example_xcom.py for tasks to queue
[2025-05-14T14:24:34.760-0400] {logging_mixin.py:190} INFO - [2025-05-14T14:24:34.760-0400] {dagbag.py:588} INFO - Filling up the DagBag from /home/aangava/MSP/airflow_venv/lib/python3.12/site-packages/airflow/example_dags/example_xcom.py
[2025-05-14T14:24:34.766-0400] {processor.py:925} INFO - DAG(s) 'example_xcom' retrieved from /home/aangava/MSP/airflow_venv/lib/python3.12/site-packages/airflow/example_dags/example_xcom.py
[2025-05-14T14:24:34.776-0400] {logging_mixin.py:190} INFO - [2025-05-14T14:24:34.776-0400] {dag.py:3239} INFO - Sync 1 DAGs
[2025-05-14T14:24:34.787-0400] {logging_mixin.py:190} INFO - [2025-05-14T14:24:34.787-0400] {dag.py:4180} INFO - Setting next_dagrun for example_xcom to 2021-01-01 00:00:00+00:00, run_after=2021-01-01 00:00:00+00:00
[2025-05-14T14:24:34.800-0400] {processor.py:208} INFO - Processing /home/aangava/MSP/airflow_venv/lib/python3.12/site-packages/airflow/example_dags/example_xcom.py took 0.047 seconds
