[2025-05-14T12:54:38.614-0400] {processor.py:186} INFO - Started process (PID=2318) to work on /home/aangava/MSP/airflow_venv/lib/python3.12/site-packages/airflow/example_dags/example_sensor_decorator.py
[2025-05-14T12:54:38.616-0400] {processor.py:914} INFO - Processing file /home/aangava/MSP/airflow_venv/lib/python3.12/site-packages/airflow/example_dags/example_sensor_decorator.py for tasks to queue
[2025-05-14T12:54:38.620-0400] {logging_mixin.py:190} INFO - [2025-05-14T12:54:38.619-0400] {dagbag.py:588} INFO - Filling up the DagBag from /home/aangava/MSP/airflow_venv/lib/python3.12/site-packages/airflow/example_dags/example_sensor_decorator.py
[2025-05-14T12:54:38.640-0400] {processor.py:925} INFO - DAG(s) 'example_sensor_decorator' retrieved from /home/aangava/MSP/airflow_venv/lib/python3.12/site-packages/airflow/example_dags/example_sensor_decorator.py
[2025-05-14T12:54:38.672-0400] {logging_mixin.py:190} INFO - [2025-05-14T12:54:38.671-0400] {dag.py:3239} INFO - Sync 1 DAGs
[2025-05-14T12:54:38.689-0400] {logging_mixin.py:190} INFO - [2025-05-14T12:54:38.688-0400] {dag.py:4180} INFO - Setting next_dagrun for example_sensor_decorator to None, run_after=None
[2025-05-14T12:54:38.707-0400] {processor.py:208} INFO - Processing /home/aangava/MSP/airflow_venv/lib/python3.12/site-packages/airflow/example_dags/example_sensor_decorator.py took 0.103 seconds
[2025-05-14T12:55:54.924-0400] {processor.py:186} INFO - Started process (PID=2769) to work on /home/aangava/MSP/airflow_venv/lib/python3.12/site-packages/airflow/example_dags/example_sensor_decorator.py
[2025-05-14T12:55:54.936-0400] {processor.py:914} INFO - Processing file /home/aangava/MSP/airflow_venv/lib/python3.12/site-packages/airflow/example_dags/example_sensor_decorator.py for tasks to queue
[2025-05-14T12:55:54.940-0400] {logging_mixin.py:190} INFO - [2025-05-14T12:55:54.939-0400] {dagbag.py:588} INFO - Filling up the DagBag from /home/aangava/MSP/airflow_venv/lib/python3.12/site-packages/airflow/example_dags/example_sensor_decorator.py
[2025-05-14T12:55:54.953-0400] {processor.py:925} INFO - DAG(s) 'example_sensor_decorator' retrieved from /home/aangava/MSP/airflow_venv/lib/python3.12/site-packages/airflow/example_dags/example_sensor_decorator.py
[2025-05-14T12:55:54.970-0400] {logging_mixin.py:190} INFO - [2025-05-14T12:55:54.970-0400] {dag.py:3239} INFO - Sync 1 DAGs
[2025-05-14T12:55:54.988-0400] {logging_mixin.py:190} INFO - [2025-05-14T12:55:54.988-0400] {dag.py:4180} INFO - Setting next_dagrun for example_sensor_decorator to None, run_after=None
[2025-05-14T12:55:55.013-0400] {processor.py:208} INFO - Processing /home/aangava/MSP/airflow_venv/lib/python3.12/site-packages/airflow/example_dags/example_sensor_decorator.py took 0.099 seconds
[2025-05-14T12:56:55.540-0400] {processor.py:186} INFO - Started process (PID=3056) to work on /home/aangava/MSP/airflow_venv/lib/python3.12/site-packages/airflow/example_dags/example_sensor_decorator.py
[2025-05-14T12:56:55.550-0400] {processor.py:914} INFO - Processing file /home/aangava/MSP/airflow_venv/lib/python3.12/site-packages/airflow/example_dags/example_sensor_decorator.py for tasks to queue
[2025-05-14T12:56:55.553-0400] {logging_mixin.py:190} INFO - [2025-05-14T12:56:55.553-0400] {dagbag.py:588} INFO - Filling up the DagBag from /home/aangava/MSP/airflow_venv/lib/python3.12/site-packages/airflow/example_dags/example_sensor_decorator.py
[2025-05-14T12:56:55.562-0400] {processor.py:925} INFO - DAG(s) 'example_sensor_decorator' retrieved from /home/aangava/MSP/airflow_venv/lib/python3.12/site-packages/airflow/example_dags/example_sensor_decorator.py
[2025-05-14T12:56:55.576-0400] {logging_mixin.py:190} INFO - [2025-05-14T12:56:55.576-0400] {dag.py:3239} INFO - Sync 1 DAGs
[2025-05-14T12:56:55.587-0400] {logging_mixin.py:190} INFO - [2025-05-14T12:56:55.587-0400] {dag.py:4180} INFO - Setting next_dagrun for example_sensor_decorator to None, run_after=None
[2025-05-14T12:56:55.606-0400] {processor.py:208} INFO - Processing /home/aangava/MSP/airflow_venv/lib/python3.12/site-packages/airflow/example_dags/example_sensor_decorator.py took 0.073 seconds
[2025-05-14T12:58:14.285-0400] {processor.py:186} INFO - Started process (PID=3430) to work on /home/aangava/MSP/airflow_venv/lib/python3.12/site-packages/airflow/example_dags/example_sensor_decorator.py
[2025-05-14T12:58:14.295-0400] {processor.py:914} INFO - Processing file /home/aangava/MSP/airflow_venv/lib/python3.12/site-packages/airflow/example_dags/example_sensor_decorator.py for tasks to queue
[2025-05-14T12:58:14.298-0400] {logging_mixin.py:190} INFO - [2025-05-14T12:58:14.297-0400] {dagbag.py:588} INFO - Filling up the DagBag from /home/aangava/MSP/airflow_venv/lib/python3.12/site-packages/airflow/example_dags/example_sensor_decorator.py
[2025-05-14T12:58:14.311-0400] {processor.py:925} INFO - DAG(s) 'example_sensor_decorator' retrieved from /home/aangava/MSP/airflow_venv/lib/python3.12/site-packages/airflow/example_dags/example_sensor_decorator.py
[2025-05-14T12:58:14.329-0400] {logging_mixin.py:190} INFO - [2025-05-14T12:58:14.329-0400] {dag.py:3239} INFO - Sync 1 DAGs
[2025-05-14T12:58:14.342-0400] {logging_mixin.py:190} INFO - [2025-05-14T12:58:14.342-0400] {dag.py:4180} INFO - Setting next_dagrun for example_sensor_decorator to None, run_after=None
[2025-05-14T12:58:14.369-0400] {processor.py:208} INFO - Processing /home/aangava/MSP/airflow_venv/lib/python3.12/site-packages/airflow/example_dags/example_sensor_decorator.py took 0.090 seconds
[2025-05-14T12:59:12.809-0400] {processor.py:186} INFO - Started process (PID=3762) to work on /home/aangava/MSP/airflow_venv/lib/python3.12/site-packages/airflow/example_dags/example_sensor_decorator.py
[2025-05-14T12:59:12.822-0400] {processor.py:914} INFO - Processing file /home/aangava/MSP/airflow_venv/lib/python3.12/site-packages/airflow/example_dags/example_sensor_decorator.py for tasks to queue
[2025-05-14T12:59:12.825-0400] {logging_mixin.py:190} INFO - [2025-05-14T12:59:12.825-0400] {dagbag.py:588} INFO - Filling up the DagBag from /home/aangava/MSP/airflow_venv/lib/python3.12/site-packages/airflow/example_dags/example_sensor_decorator.py
[2025-05-14T12:59:12.839-0400] {processor.py:925} INFO - DAG(s) 'example_sensor_decorator' retrieved from /home/aangava/MSP/airflow_venv/lib/python3.12/site-packages/airflow/example_dags/example_sensor_decorator.py
[2025-05-14T12:59:12.857-0400] {logging_mixin.py:190} INFO - [2025-05-14T12:59:12.857-0400] {dag.py:3239} INFO - Sync 1 DAGs
[2025-05-14T12:59:12.872-0400] {logging_mixin.py:190} INFO - [2025-05-14T12:59:12.872-0400] {dag.py:4180} INFO - Setting next_dagrun for example_sensor_decorator to None, run_after=None
[2025-05-14T12:59:12.901-0400] {processor.py:208} INFO - Processing /home/aangava/MSP/airflow_venv/lib/python3.12/site-packages/airflow/example_dags/example_sensor_decorator.py took 0.103 seconds
[2025-05-14T13:00:15.068-0400] {processor.py:186} INFO - Started process (PID=4078) to work on /home/aangava/MSP/airflow_venv/lib/python3.12/site-packages/airflow/example_dags/example_sensor_decorator.py
[2025-05-14T13:00:15.071-0400] {processor.py:914} INFO - Processing file /home/aangava/MSP/airflow_venv/lib/python3.12/site-packages/airflow/example_dags/example_sensor_decorator.py for tasks to queue
[2025-05-14T13:00:15.074-0400] {logging_mixin.py:190} INFO - [2025-05-14T13:00:15.074-0400] {dagbag.py:588} INFO - Filling up the DagBag from /home/aangava/MSP/airflow_venv/lib/python3.12/site-packages/airflow/example_dags/example_sensor_decorator.py
[2025-05-14T13:00:15.090-0400] {processor.py:925} INFO - DAG(s) 'example_sensor_decorator' retrieved from /home/aangava/MSP/airflow_venv/lib/python3.12/site-packages/airflow/example_dags/example_sensor_decorator.py
[2025-05-14T13:00:15.112-0400] {logging_mixin.py:190} INFO - [2025-05-14T13:00:15.111-0400] {dag.py:3239} INFO - Sync 1 DAGs
[2025-05-14T13:00:15.127-0400] {logging_mixin.py:190} INFO - [2025-05-14T13:00:15.127-0400] {dag.py:4180} INFO - Setting next_dagrun for example_sensor_decorator to None, run_after=None
[2025-05-14T13:00:15.156-0400] {processor.py:208} INFO - Processing /home/aangava/MSP/airflow_venv/lib/python3.12/site-packages/airflow/example_dags/example_sensor_decorator.py took 0.098 seconds
[2025-05-14T13:01:15.046-0400] {processor.py:186} INFO - Started process (PID=4396) to work on /home/aangava/MSP/airflow_venv/lib/python3.12/site-packages/airflow/example_dags/example_sensor_decorator.py
[2025-05-14T13:01:15.049-0400] {processor.py:914} INFO - Processing file /home/aangava/MSP/airflow_venv/lib/python3.12/site-packages/airflow/example_dags/example_sensor_decorator.py for tasks to queue
[2025-05-14T13:01:15.052-0400] {logging_mixin.py:190} INFO - [2025-05-14T13:01:15.051-0400] {dagbag.py:588} INFO - Filling up the DagBag from /home/aangava/MSP/airflow_venv/lib/python3.12/site-packages/airflow/example_dags/example_sensor_decorator.py
[2025-05-14T13:01:15.067-0400] {processor.py:925} INFO - DAG(s) 'example_sensor_decorator' retrieved from /home/aangava/MSP/airflow_venv/lib/python3.12/site-packages/airflow/example_dags/example_sensor_decorator.py
[2025-05-14T13:01:15.089-0400] {logging_mixin.py:190} INFO - [2025-05-14T13:01:15.088-0400] {dag.py:3239} INFO - Sync 1 DAGs
[2025-05-14T13:01:15.102-0400] {logging_mixin.py:190} INFO - [2025-05-14T13:01:15.101-0400] {dag.py:4180} INFO - Setting next_dagrun for example_sensor_decorator to None, run_after=None
[2025-05-14T13:01:15.127-0400] {processor.py:208} INFO - Processing /home/aangava/MSP/airflow_venv/lib/python3.12/site-packages/airflow/example_dags/example_sensor_decorator.py took 0.090 seconds
[2025-05-14T13:02:15.800-0400] {processor.py:186} INFO - Started process (PID=4737) to work on /home/aangava/MSP/airflow_venv/lib/python3.12/site-packages/airflow/example_dags/example_sensor_decorator.py
[2025-05-14T13:02:15.802-0400] {processor.py:914} INFO - Processing file /home/aangava/MSP/airflow_venv/lib/python3.12/site-packages/airflow/example_dags/example_sensor_decorator.py for tasks to queue
[2025-05-14T13:02:15.805-0400] {logging_mixin.py:190} INFO - [2025-05-14T13:02:15.805-0400] {dagbag.py:588} INFO - Filling up the DagBag from /home/aangava/MSP/airflow_venv/lib/python3.12/site-packages/airflow/example_dags/example_sensor_decorator.py
[2025-05-14T13:02:15.816-0400] {processor.py:925} INFO - DAG(s) 'example_sensor_decorator' retrieved from /home/aangava/MSP/airflow_venv/lib/python3.12/site-packages/airflow/example_dags/example_sensor_decorator.py
[2025-05-14T13:02:15.832-0400] {logging_mixin.py:190} INFO - [2025-05-14T13:02:15.832-0400] {dag.py:3239} INFO - Sync 1 DAGs
[2025-05-14T13:02:15.845-0400] {logging_mixin.py:190} INFO - [2025-05-14T13:02:15.845-0400] {dag.py:4180} INFO - Setting next_dagrun for example_sensor_decorator to None, run_after=None
[2025-05-14T13:02:15.869-0400] {processor.py:208} INFO - Processing /home/aangava/MSP/airflow_venv/lib/python3.12/site-packages/airflow/example_dags/example_sensor_decorator.py took 0.084 seconds
[2025-05-14T13:03:18.846-0400] {processor.py:186} INFO - Started process (PID=5060) to work on /home/aangava/MSP/airflow_venv/lib/python3.12/site-packages/airflow/example_dags/example_sensor_decorator.py
[2025-05-14T13:03:18.856-0400] {processor.py:914} INFO - Processing file /home/aangava/MSP/airflow_venv/lib/python3.12/site-packages/airflow/example_dags/example_sensor_decorator.py for tasks to queue
[2025-05-14T13:03:18.858-0400] {logging_mixin.py:190} INFO - [2025-05-14T13:03:18.858-0400] {dagbag.py:588} INFO - Filling up the DagBag from /home/aangava/MSP/airflow_venv/lib/python3.12/site-packages/airflow/example_dags/example_sensor_decorator.py
[2025-05-14T13:03:18.870-0400] {processor.py:925} INFO - DAG(s) 'example_sensor_decorator' retrieved from /home/aangava/MSP/airflow_venv/lib/python3.12/site-packages/airflow/example_dags/example_sensor_decorator.py
[2025-05-14T13:03:18.888-0400] {logging_mixin.py:190} INFO - [2025-05-14T13:03:18.888-0400] {dag.py:3239} INFO - Sync 1 DAGs
[2025-05-14T13:03:18.902-0400] {logging_mixin.py:190} INFO - [2025-05-14T13:03:18.902-0400] {dag.py:4180} INFO - Setting next_dagrun for example_sensor_decorator to None, run_after=None
[2025-05-14T13:03:18.930-0400] {processor.py:208} INFO - Processing /home/aangava/MSP/airflow_venv/lib/python3.12/site-packages/airflow/example_dags/example_sensor_decorator.py took 0.090 seconds
[2025-05-14T13:04:18.449-0400] {processor.py:186} INFO - Started process (PID=5378) to work on /home/aangava/MSP/airflow_venv/lib/python3.12/site-packages/airflow/example_dags/example_sensor_decorator.py
[2025-05-14T13:04:18.460-0400] {processor.py:914} INFO - Processing file /home/aangava/MSP/airflow_venv/lib/python3.12/site-packages/airflow/example_dags/example_sensor_decorator.py for tasks to queue
[2025-05-14T13:04:18.463-0400] {logging_mixin.py:190} INFO - [2025-05-14T13:04:18.462-0400] {dagbag.py:588} INFO - Filling up the DagBag from /home/aangava/MSP/airflow_venv/lib/python3.12/site-packages/airflow/example_dags/example_sensor_decorator.py
[2025-05-14T13:04:18.474-0400] {processor.py:925} INFO - DAG(s) 'example_sensor_decorator' retrieved from /home/aangava/MSP/airflow_venv/lib/python3.12/site-packages/airflow/example_dags/example_sensor_decorator.py
[2025-05-14T13:04:18.490-0400] {logging_mixin.py:190} INFO - [2025-05-14T13:04:18.490-0400] {dag.py:3239} INFO - Sync 1 DAGs
[2025-05-14T13:04:18.504-0400] {logging_mixin.py:190} INFO - [2025-05-14T13:04:18.503-0400] {dag.py:4180} INFO - Setting next_dagrun for example_sensor_decorator to None, run_after=None
[2025-05-14T13:04:18.529-0400] {processor.py:208} INFO - Processing /home/aangava/MSP/airflow_venv/lib/python3.12/site-packages/airflow/example_dags/example_sensor_decorator.py took 0.087 seconds
[2025-05-14T13:05:15.957-0400] {processor.py:186} INFO - Started process (PID=5637) to work on /home/aangava/MSP/airflow_venv/lib/python3.12/site-packages/airflow/example_dags/example_sensor_decorator.py
[2025-05-14T13:05:15.968-0400] {processor.py:914} INFO - Processing file /home/aangava/MSP/airflow_venv/lib/python3.12/site-packages/airflow/example_dags/example_sensor_decorator.py for tasks to queue
[2025-05-14T13:05:15.972-0400] {logging_mixin.py:190} INFO - [2025-05-14T13:05:15.971-0400] {dagbag.py:588} INFO - Filling up the DagBag from /home/aangava/MSP/airflow_venv/lib/python3.12/site-packages/airflow/example_dags/example_sensor_decorator.py
[2025-05-14T13:05:15.989-0400] {processor.py:925} INFO - DAG(s) 'example_sensor_decorator' retrieved from /home/aangava/MSP/airflow_venv/lib/python3.12/site-packages/airflow/example_dags/example_sensor_decorator.py
[2025-05-14T13:05:16.011-0400] {logging_mixin.py:190} INFO - [2025-05-14T13:05:16.010-0400] {dag.py:3239} INFO - Sync 1 DAGs
[2025-05-14T13:05:16.020-0400] {logging_mixin.py:190} INFO - [2025-05-14T13:05:16.020-0400] {dag.py:4180} INFO - Setting next_dagrun for example_sensor_decorator to None, run_after=None
[2025-05-14T13:05:16.040-0400] {processor.py:208} INFO - Processing /home/aangava/MSP/airflow_venv/lib/python3.12/site-packages/airflow/example_dags/example_sensor_decorator.py took 0.088 seconds
[2025-05-14T13:06:11.793-0400] {processor.py:186} INFO - Started process (PID=5858) to work on /home/aangava/MSP/airflow_venv/lib/python3.12/site-packages/airflow/example_dags/example_sensor_decorator.py
[2025-05-14T13:06:11.803-0400] {processor.py:914} INFO - Processing file /home/aangava/MSP/airflow_venv/lib/python3.12/site-packages/airflow/example_dags/example_sensor_decorator.py for tasks to queue
[2025-05-14T13:06:11.805-0400] {logging_mixin.py:190} INFO - [2025-05-14T13:06:11.804-0400] {dagbag.py:588} INFO - Filling up the DagBag from /home/aangava/MSP/airflow_venv/lib/python3.12/site-packages/airflow/example_dags/example_sensor_decorator.py
[2025-05-14T13:06:11.811-0400] {processor.py:925} INFO - DAG(s) 'example_sensor_decorator' retrieved from /home/aangava/MSP/airflow_venv/lib/python3.12/site-packages/airflow/example_dags/example_sensor_decorator.py
[2025-05-14T13:06:11.821-0400] {logging_mixin.py:190} INFO - [2025-05-14T13:06:11.820-0400] {dag.py:3239} INFO - Sync 1 DAGs
[2025-05-14T13:06:11.829-0400] {logging_mixin.py:190} INFO - [2025-05-14T13:06:11.828-0400] {dag.py:4180} INFO - Setting next_dagrun for example_sensor_decorator to None, run_after=None
[2025-05-14T13:06:11.844-0400] {processor.py:208} INFO - Processing /home/aangava/MSP/airflow_venv/lib/python3.12/site-packages/airflow/example_dags/example_sensor_decorator.py took 0.055 seconds
[2025-05-14T13:10:38.360-0400] {processor.py:186} INFO - Started process (PID=7691) to work on /home/aangava/MSP/airflow_venv/lib/python3.12/site-packages/airflow/example_dags/example_sensor_decorator.py
[2025-05-14T13:10:38.362-0400] {processor.py:914} INFO - Processing file /home/aangava/MSP/airflow_venv/lib/python3.12/site-packages/airflow/example_dags/example_sensor_decorator.py for tasks to queue
[2025-05-14T13:10:38.366-0400] {logging_mixin.py:190} INFO - [2025-05-14T13:10:38.366-0400] {dagbag.py:588} INFO - Filling up the DagBag from /home/aangava/MSP/airflow_venv/lib/python3.12/site-packages/airflow/example_dags/example_sensor_decorator.py
[2025-05-14T13:10:38.378-0400] {processor.py:925} INFO - DAG(s) 'example_sensor_decorator' retrieved from /home/aangava/MSP/airflow_venv/lib/python3.12/site-packages/airflow/example_dags/example_sensor_decorator.py
[2025-05-14T13:10:38.396-0400] {logging_mixin.py:190} INFO - [2025-05-14T13:10:38.396-0400] {dag.py:3239} INFO - Sync 1 DAGs
[2025-05-14T13:10:38.410-0400] {logging_mixin.py:190} INFO - [2025-05-14T13:10:38.410-0400] {dag.py:4180} INFO - Setting next_dagrun for example_sensor_decorator to None, run_after=None
[2025-05-14T13:10:38.430-0400] {processor.py:208} INFO - Processing /home/aangava/MSP/airflow_venv/lib/python3.12/site-packages/airflow/example_dags/example_sensor_decorator.py took 0.076 seconds
[2025-05-14T13:13:22.781-0400] {processor.py:186} INFO - Started process (PID=8656) to work on /home/aangava/MSP/airflow_venv/lib/python3.12/site-packages/airflow/example_dags/example_sensor_decorator.py
[2025-05-14T13:13:22.791-0400] {processor.py:914} INFO - Processing file /home/aangava/MSP/airflow_venv/lib/python3.12/site-packages/airflow/example_dags/example_sensor_decorator.py for tasks to queue
[2025-05-14T13:13:22.793-0400] {logging_mixin.py:190} INFO - [2025-05-14T13:13:22.793-0400] {dagbag.py:588} INFO - Filling up the DagBag from /home/aangava/MSP/airflow_venv/lib/python3.12/site-packages/airflow/example_dags/example_sensor_decorator.py
[2025-05-14T13:13:22.799-0400] {processor.py:925} INFO - DAG(s) 'example_sensor_decorator' retrieved from /home/aangava/MSP/airflow_venv/lib/python3.12/site-packages/airflow/example_dags/example_sensor_decorator.py
[2025-05-14T13:13:22.815-0400] {logging_mixin.py:190} INFO - [2025-05-14T13:13:22.815-0400] {dag.py:3239} INFO - Sync 1 DAGs
[2025-05-14T13:13:22.823-0400] {logging_mixin.py:190} INFO - [2025-05-14T13:13:22.823-0400] {dag.py:4180} INFO - Setting next_dagrun for example_sensor_decorator to None, run_after=None
[2025-05-14T13:13:22.840-0400] {processor.py:208} INFO - Processing /home/aangava/MSP/airflow_venv/lib/python3.12/site-packages/airflow/example_dags/example_sensor_decorator.py took 0.063 seconds
[2025-05-14T13:14:30.767-0400] {processor.py:186} INFO - Started process (PID=9202) to work on /home/aangava/MSP/airflow_venv/lib/python3.12/site-packages/airflow/example_dags/example_sensor_decorator.py
[2025-05-14T13:14:30.769-0400] {processor.py:914} INFO - Processing file /home/aangava/MSP/airflow_venv/lib/python3.12/site-packages/airflow/example_dags/example_sensor_decorator.py for tasks to queue
[2025-05-14T13:14:30.771-0400] {logging_mixin.py:190} INFO - [2025-05-14T13:14:30.771-0400] {dagbag.py:588} INFO - Filling up the DagBag from /home/aangava/MSP/airflow_venv/lib/python3.12/site-packages/airflow/example_dags/example_sensor_decorator.py
[2025-05-14T13:14:30.779-0400] {processor.py:925} INFO - DAG(s) 'example_sensor_decorator' retrieved from /home/aangava/MSP/airflow_venv/lib/python3.12/site-packages/airflow/example_dags/example_sensor_decorator.py
[2025-05-14T13:14:30.789-0400] {logging_mixin.py:190} INFO - [2025-05-14T13:14:30.789-0400] {dag.py:3239} INFO - Sync 1 DAGs
[2025-05-14T13:14:30.798-0400] {logging_mixin.py:190} INFO - [2025-05-14T13:14:30.798-0400] {dag.py:4180} INFO - Setting next_dagrun for example_sensor_decorator to None, run_after=None
[2025-05-14T13:14:30.817-0400] {processor.py:208} INFO - Processing /home/aangava/MSP/airflow_venv/lib/python3.12/site-packages/airflow/example_dags/example_sensor_decorator.py took 0.057 seconds
[2025-05-14T13:16:02.731-0400] {processor.py:186} INFO - Started process (PID=9691) to work on /home/aangava/MSP/airflow_venv/lib/python3.12/site-packages/airflow/example_dags/example_sensor_decorator.py
[2025-05-14T13:16:02.742-0400] {processor.py:914} INFO - Processing file /home/aangava/MSP/airflow_venv/lib/python3.12/site-packages/airflow/example_dags/example_sensor_decorator.py for tasks to queue
[2025-05-14T13:16:02.745-0400] {logging_mixin.py:190} INFO - [2025-05-14T13:16:02.745-0400] {dagbag.py:588} INFO - Filling up the DagBag from /home/aangava/MSP/airflow_venv/lib/python3.12/site-packages/airflow/example_dags/example_sensor_decorator.py
[2025-05-14T13:16:02.760-0400] {processor.py:925} INFO - DAG(s) 'example_sensor_decorator' retrieved from /home/aangava/MSP/airflow_venv/lib/python3.12/site-packages/airflow/example_dags/example_sensor_decorator.py
[2025-05-14T13:16:02.781-0400] {logging_mixin.py:190} INFO - [2025-05-14T13:16:02.781-0400] {dag.py:3239} INFO - Sync 1 DAGs
[2025-05-14T13:16:02.799-0400] {logging_mixin.py:190} INFO - [2025-05-14T13:16:02.798-0400] {dag.py:4180} INFO - Setting next_dagrun for example_sensor_decorator to None, run_after=None
[2025-05-14T13:16:02.827-0400] {processor.py:208} INFO - Processing /home/aangava/MSP/airflow_venv/lib/python3.12/site-packages/airflow/example_dags/example_sensor_decorator.py took 0.106 seconds
[2025-05-14T13:17:03.760-0400] {processor.py:186} INFO - Started process (PID=9969) to work on /home/aangava/MSP/airflow_venv/lib/python3.12/site-packages/airflow/example_dags/example_sensor_decorator.py
[2025-05-14T13:17:03.772-0400] {processor.py:914} INFO - Processing file /home/aangava/MSP/airflow_venv/lib/python3.12/site-packages/airflow/example_dags/example_sensor_decorator.py for tasks to queue
[2025-05-14T13:17:03.775-0400] {logging_mixin.py:190} INFO - [2025-05-14T13:17:03.774-0400] {dagbag.py:588} INFO - Filling up the DagBag from /home/aangava/MSP/airflow_venv/lib/python3.12/site-packages/airflow/example_dags/example_sensor_decorator.py
[2025-05-14T13:17:03.790-0400] {processor.py:925} INFO - DAG(s) 'example_sensor_decorator' retrieved from /home/aangava/MSP/airflow_venv/lib/python3.12/site-packages/airflow/example_dags/example_sensor_decorator.py
[2025-05-14T13:17:03.812-0400] {logging_mixin.py:190} INFO - [2025-05-14T13:17:03.811-0400] {dag.py:3239} INFO - Sync 1 DAGs
[2025-05-14T13:17:03.827-0400] {logging_mixin.py:190} INFO - [2025-05-14T13:17:03.826-0400] {dag.py:4180} INFO - Setting next_dagrun for example_sensor_decorator to None, run_after=None
[2025-05-14T13:17:03.856-0400] {processor.py:208} INFO - Processing /home/aangava/MSP/airflow_venv/lib/python3.12/site-packages/airflow/example_dags/example_sensor_decorator.py took 0.105 seconds
[2025-05-14T13:18:02.834-0400] {processor.py:186} INFO - Started process (PID=10260) to work on /home/aangava/MSP/airflow_venv/lib/python3.12/site-packages/airflow/example_dags/example_sensor_decorator.py
[2025-05-14T13:18:02.846-0400] {processor.py:914} INFO - Processing file /home/aangava/MSP/airflow_venv/lib/python3.12/site-packages/airflow/example_dags/example_sensor_decorator.py for tasks to queue
[2025-05-14T13:18:02.849-0400] {logging_mixin.py:190} INFO - [2025-05-14T13:18:02.848-0400] {dagbag.py:588} INFO - Filling up the DagBag from /home/aangava/MSP/airflow_venv/lib/python3.12/site-packages/airflow/example_dags/example_sensor_decorator.py
[2025-05-14T13:18:02.861-0400] {processor.py:925} INFO - DAG(s) 'example_sensor_decorator' retrieved from /home/aangava/MSP/airflow_venv/lib/python3.12/site-packages/airflow/example_dags/example_sensor_decorator.py
[2025-05-14T13:18:02.878-0400] {logging_mixin.py:190} INFO - [2025-05-14T13:18:02.878-0400] {dag.py:3239} INFO - Sync 1 DAGs
[2025-05-14T13:18:02.892-0400] {logging_mixin.py:190} INFO - [2025-05-14T13:18:02.891-0400] {dag.py:4180} INFO - Setting next_dagrun for example_sensor_decorator to None, run_after=None
[2025-05-14T13:18:02.919-0400] {processor.py:208} INFO - Processing /home/aangava/MSP/airflow_venv/lib/python3.12/site-packages/airflow/example_dags/example_sensor_decorator.py took 0.093 seconds
[2025-05-14T13:19:01.602-0400] {processor.py:186} INFO - Started process (PID=10512) to work on /home/aangava/MSP/airflow_venv/lib/python3.12/site-packages/airflow/example_dags/example_sensor_decorator.py
[2025-05-14T13:19:01.606-0400] {processor.py:914} INFO - Processing file /home/aangava/MSP/airflow_venv/lib/python3.12/site-packages/airflow/example_dags/example_sensor_decorator.py for tasks to queue
[2025-05-14T13:19:01.608-0400] {logging_mixin.py:190} INFO - [2025-05-14T13:19:01.607-0400] {dagbag.py:588} INFO - Filling up the DagBag from /home/aangava/MSP/airflow_venv/lib/python3.12/site-packages/airflow/example_dags/example_sensor_decorator.py
[2025-05-14T13:19:01.615-0400] {processor.py:925} INFO - DAG(s) 'example_sensor_decorator' retrieved from /home/aangava/MSP/airflow_venv/lib/python3.12/site-packages/airflow/example_dags/example_sensor_decorator.py
[2025-05-14T13:19:01.642-0400] {logging_mixin.py:190} INFO - [2025-05-14T13:19:01.641-0400] {dag.py:3239} INFO - Sync 1 DAGs
[2025-05-14T13:19:01.657-0400] {logging_mixin.py:190} INFO - [2025-05-14T13:19:01.657-0400] {dag.py:4180} INFO - Setting next_dagrun for example_sensor_decorator to None, run_after=None
[2025-05-14T13:19:01.687-0400] {processor.py:208} INFO - Processing /home/aangava/MSP/airflow_venv/lib/python3.12/site-packages/airflow/example_dags/example_sensor_decorator.py took 0.090 seconds
[2025-05-14T13:20:00.221-0400] {processor.py:186} INFO - Started process (PID=10815) to work on /home/aangava/MSP/airflow_venv/lib/python3.12/site-packages/airflow/example_dags/example_sensor_decorator.py
[2025-05-14T13:20:00.233-0400] {processor.py:914} INFO - Processing file /home/aangava/MSP/airflow_venv/lib/python3.12/site-packages/airflow/example_dags/example_sensor_decorator.py for tasks to queue
[2025-05-14T13:20:00.237-0400] {logging_mixin.py:190} INFO - [2025-05-14T13:20:00.236-0400] {dagbag.py:588} INFO - Filling up the DagBag from /home/aangava/MSP/airflow_venv/lib/python3.12/site-packages/airflow/example_dags/example_sensor_decorator.py
[2025-05-14T13:20:00.250-0400] {processor.py:925} INFO - DAG(s) 'example_sensor_decorator' retrieved from /home/aangava/MSP/airflow_venv/lib/python3.12/site-packages/airflow/example_dags/example_sensor_decorator.py
[2025-05-14T13:20:00.268-0400] {logging_mixin.py:190} INFO - [2025-05-14T13:20:00.267-0400] {dag.py:3239} INFO - Sync 1 DAGs
[2025-05-14T13:20:00.284-0400] {logging_mixin.py:190} INFO - [2025-05-14T13:20:00.284-0400] {dag.py:4180} INFO - Setting next_dagrun for example_sensor_decorator to None, run_after=None
[2025-05-14T13:20:00.320-0400] {processor.py:208} INFO - Processing /home/aangava/MSP/airflow_venv/lib/python3.12/site-packages/airflow/example_dags/example_sensor_decorator.py took 0.111 seconds
[2025-05-14T13:25:04.565-0400] {processor.py:186} INFO - Started process (PID=12339) to work on /home/aangava/MSP/airflow_venv/lib/python3.12/site-packages/airflow/example_dags/example_sensor_decorator.py
[2025-05-14T13:25:04.566-0400] {processor.py:914} INFO - Processing file /home/aangava/MSP/airflow_venv/lib/python3.12/site-packages/airflow/example_dags/example_sensor_decorator.py for tasks to queue
[2025-05-14T13:25:04.567-0400] {logging_mixin.py:190} INFO - [2025-05-14T13:25:04.567-0400] {dagbag.py:588} INFO - Filling up the DagBag from /home/aangava/MSP/airflow_venv/lib/python3.12/site-packages/airflow/example_dags/example_sensor_decorator.py
[2025-05-14T13:25:04.575-0400] {processor.py:925} INFO - DAG(s) 'example_sensor_decorator' retrieved from /home/aangava/MSP/airflow_venv/lib/python3.12/site-packages/airflow/example_dags/example_sensor_decorator.py
[2025-05-14T13:25:04.586-0400] {logging_mixin.py:190} INFO - [2025-05-14T13:25:04.586-0400] {dag.py:3239} INFO - Sync 1 DAGs
[2025-05-14T13:25:04.597-0400] {logging_mixin.py:190} INFO - [2025-05-14T13:25:04.597-0400] {dag.py:4180} INFO - Setting next_dagrun for example_sensor_decorator to None, run_after=None
[2025-05-14T13:25:04.622-0400] {processor.py:208} INFO - Processing /home/aangava/MSP/airflow_venv/lib/python3.12/site-packages/airflow/example_dags/example_sensor_decorator.py took 0.061 seconds
[2025-05-14T13:26:01.030-0400] {processor.py:186} INFO - Started process (PID=12636) to work on /home/aangava/MSP/airflow_venv/lib/python3.12/site-packages/airflow/example_dags/example_sensor_decorator.py
[2025-05-14T13:26:01.031-0400] {processor.py:914} INFO - Processing file /home/aangava/MSP/airflow_venv/lib/python3.12/site-packages/airflow/example_dags/example_sensor_decorator.py for tasks to queue
[2025-05-14T13:26:01.033-0400] {logging_mixin.py:190} INFO - [2025-05-14T13:26:01.033-0400] {dagbag.py:588} INFO - Filling up the DagBag from /home/aangava/MSP/airflow_venv/lib/python3.12/site-packages/airflow/example_dags/example_sensor_decorator.py
[2025-05-14T13:26:01.040-0400] {processor.py:925} INFO - DAG(s) 'example_sensor_decorator' retrieved from /home/aangava/MSP/airflow_venv/lib/python3.12/site-packages/airflow/example_dags/example_sensor_decorator.py
[2025-05-14T13:26:01.050-0400] {logging_mixin.py:190} INFO - [2025-05-14T13:26:01.050-0400] {dag.py:3239} INFO - Sync 1 DAGs
[2025-05-14T13:26:01.058-0400] {logging_mixin.py:190} INFO - [2025-05-14T13:26:01.057-0400] {dag.py:4180} INFO - Setting next_dagrun for example_sensor_decorator to None, run_after=None
[2025-05-14T13:26:01.075-0400] {processor.py:208} INFO - Processing /home/aangava/MSP/airflow_venv/lib/python3.12/site-packages/airflow/example_dags/example_sensor_decorator.py took 0.049 seconds
[2025-05-14T13:26:58.661-0400] {processor.py:186} INFO - Started process (PID=12940) to work on /home/aangava/MSP/airflow_venv/lib/python3.12/site-packages/airflow/example_dags/example_sensor_decorator.py
[2025-05-14T13:26:58.662-0400] {processor.py:914} INFO - Processing file /home/aangava/MSP/airflow_venv/lib/python3.12/site-packages/airflow/example_dags/example_sensor_decorator.py for tasks to queue
[2025-05-14T13:26:58.663-0400] {logging_mixin.py:190} INFO - [2025-05-14T13:26:58.663-0400] {dagbag.py:588} INFO - Filling up the DagBag from /home/aangava/MSP/airflow_venv/lib/python3.12/site-packages/airflow/example_dags/example_sensor_decorator.py
[2025-05-14T13:26:58.670-0400] {processor.py:925} INFO - DAG(s) 'example_sensor_decorator' retrieved from /home/aangava/MSP/airflow_venv/lib/python3.12/site-packages/airflow/example_dags/example_sensor_decorator.py
[2025-05-14T13:26:58.679-0400] {logging_mixin.py:190} INFO - [2025-05-14T13:26:58.679-0400] {dag.py:3239} INFO - Sync 1 DAGs
[2025-05-14T13:26:58.687-0400] {logging_mixin.py:190} INFO - [2025-05-14T13:26:58.687-0400] {dag.py:4180} INFO - Setting next_dagrun for example_sensor_decorator to None, run_after=None
[2025-05-14T13:26:58.700-0400] {processor.py:208} INFO - Processing /home/aangava/MSP/airflow_venv/lib/python3.12/site-packages/airflow/example_dags/example_sensor_decorator.py took 0.042 seconds
[2025-05-14T13:27:52.851-0400] {processor.py:186} INFO - Started process (PID=13222) to work on /home/aangava/MSP/airflow_venv/lib/python3.12/site-packages/airflow/example_dags/example_sensor_decorator.py
[2025-05-14T13:27:52.860-0400] {processor.py:914} INFO - Processing file /home/aangava/MSP/airflow_venv/lib/python3.12/site-packages/airflow/example_dags/example_sensor_decorator.py for tasks to queue
[2025-05-14T13:27:52.862-0400] {logging_mixin.py:190} INFO - [2025-05-14T13:27:52.862-0400] {dagbag.py:588} INFO - Filling up the DagBag from /home/aangava/MSP/airflow_venv/lib/python3.12/site-packages/airflow/example_dags/example_sensor_decorator.py
[2025-05-14T13:27:52.869-0400] {processor.py:925} INFO - DAG(s) 'example_sensor_decorator' retrieved from /home/aangava/MSP/airflow_venv/lib/python3.12/site-packages/airflow/example_dags/example_sensor_decorator.py
[2025-05-14T13:27:52.879-0400] {logging_mixin.py:190} INFO - [2025-05-14T13:27:52.878-0400] {dag.py:3239} INFO - Sync 1 DAGs
[2025-05-14T13:27:52.887-0400] {logging_mixin.py:190} INFO - [2025-05-14T13:27:52.886-0400] {dag.py:4180} INFO - Setting next_dagrun for example_sensor_decorator to None, run_after=None
[2025-05-14T13:27:52.903-0400] {processor.py:208} INFO - Processing /home/aangava/MSP/airflow_venv/lib/python3.12/site-packages/airflow/example_dags/example_sensor_decorator.py took 0.056 seconds
[2025-05-14T13:29:04.998-0400] {processor.py:186} INFO - Started process (PID=13657) to work on /home/aangava/MSP/airflow_venv/lib/python3.12/site-packages/airflow/example_dags/example_sensor_decorator.py
[2025-05-14T13:29:05.008-0400] {processor.py:914} INFO - Processing file /home/aangava/MSP/airflow_venv/lib/python3.12/site-packages/airflow/example_dags/example_sensor_decorator.py for tasks to queue
[2025-05-14T13:29:05.009-0400] {logging_mixin.py:190} INFO - [2025-05-14T13:29:05.009-0400] {dagbag.py:588} INFO - Filling up the DagBag from /home/aangava/MSP/airflow_venv/lib/python3.12/site-packages/airflow/example_dags/example_sensor_decorator.py
[2025-05-14T13:29:05.015-0400] {processor.py:925} INFO - DAG(s) 'example_sensor_decorator' retrieved from /home/aangava/MSP/airflow_venv/lib/python3.12/site-packages/airflow/example_dags/example_sensor_decorator.py
[2025-05-14T13:29:05.025-0400] {logging_mixin.py:190} INFO - [2025-05-14T13:29:05.025-0400] {dag.py:3239} INFO - Sync 1 DAGs
[2025-05-14T13:29:05.034-0400] {logging_mixin.py:190} INFO - [2025-05-14T13:29:05.034-0400] {dag.py:4180} INFO - Setting next_dagrun for example_sensor_decorator to None, run_after=None
[2025-05-14T13:29:05.047-0400] {processor.py:208} INFO - Processing /home/aangava/MSP/airflow_venv/lib/python3.12/site-packages/airflow/example_dags/example_sensor_decorator.py took 0.053 seconds
[2025-05-14T13:29:56.992-0400] {processor.py:186} INFO - Started process (PID=13911) to work on /home/aangava/MSP/airflow_venv/lib/python3.12/site-packages/airflow/example_dags/example_sensor_decorator.py
[2025-05-14T13:29:57.002-0400] {processor.py:914} INFO - Processing file /home/aangava/MSP/airflow_venv/lib/python3.12/site-packages/airflow/example_dags/example_sensor_decorator.py for tasks to queue
[2025-05-14T13:29:57.003-0400] {logging_mixin.py:190} INFO - [2025-05-14T13:29:57.003-0400] {dagbag.py:588} INFO - Filling up the DagBag from /home/aangava/MSP/airflow_venv/lib/python3.12/site-packages/airflow/example_dags/example_sensor_decorator.py
[2025-05-14T13:29:57.009-0400] {processor.py:925} INFO - DAG(s) 'example_sensor_decorator' retrieved from /home/aangava/MSP/airflow_venv/lib/python3.12/site-packages/airflow/example_dags/example_sensor_decorator.py
[2025-05-14T13:29:57.018-0400] {logging_mixin.py:190} INFO - [2025-05-14T13:29:57.018-0400] {dag.py:3239} INFO - Sync 1 DAGs
[2025-05-14T13:29:57.025-0400] {logging_mixin.py:190} INFO - [2025-05-14T13:29:57.025-0400] {dag.py:4180} INFO - Setting next_dagrun for example_sensor_decorator to None, run_after=None
[2025-05-14T13:29:57.037-0400] {processor.py:208} INFO - Processing /home/aangava/MSP/airflow_venv/lib/python3.12/site-packages/airflow/example_dags/example_sensor_decorator.py took 0.049 seconds
[2025-05-14T13:30:49.989-0400] {processor.py:186} INFO - Started process (PID=14126) to work on /home/aangava/MSP/airflow_venv/lib/python3.12/site-packages/airflow/example_dags/example_sensor_decorator.py
[2025-05-14T13:30:49.990-0400] {processor.py:914} INFO - Processing file /home/aangava/MSP/airflow_venv/lib/python3.12/site-packages/airflow/example_dags/example_sensor_decorator.py for tasks to queue
[2025-05-14T13:30:49.991-0400] {logging_mixin.py:190} INFO - [2025-05-14T13:30:49.991-0400] {dagbag.py:588} INFO - Filling up the DagBag from /home/aangava/MSP/airflow_venv/lib/python3.12/site-packages/airflow/example_dags/example_sensor_decorator.py
[2025-05-14T13:30:49.997-0400] {processor.py:925} INFO - DAG(s) 'example_sensor_decorator' retrieved from /home/aangava/MSP/airflow_venv/lib/python3.12/site-packages/airflow/example_dags/example_sensor_decorator.py
[2025-05-14T13:30:50.006-0400] {logging_mixin.py:190} INFO - [2025-05-14T13:30:50.006-0400] {dag.py:3239} INFO - Sync 1 DAGs
[2025-05-14T13:30:50.015-0400] {logging_mixin.py:190} INFO - [2025-05-14T13:30:50.014-0400] {dag.py:4180} INFO - Setting next_dagrun for example_sensor_decorator to None, run_after=None
[2025-05-14T13:30:50.030-0400] {processor.py:208} INFO - Processing /home/aangava/MSP/airflow_venv/lib/python3.12/site-packages/airflow/example_dags/example_sensor_decorator.py took 0.044 seconds
[2025-05-14T13:32:05.887-0400] {processor.py:186} INFO - Started process (PID=14435) to work on /home/aangava/MSP/airflow_venv/lib/python3.12/site-packages/airflow/example_dags/example_sensor_decorator.py
[2025-05-14T13:32:05.888-0400] {processor.py:914} INFO - Processing file /home/aangava/MSP/airflow_venv/lib/python3.12/site-packages/airflow/example_dags/example_sensor_decorator.py for tasks to queue
[2025-05-14T13:32:05.889-0400] {logging_mixin.py:190} INFO - [2025-05-14T13:32:05.889-0400] {dagbag.py:588} INFO - Filling up the DagBag from /home/aangava/MSP/airflow_venv/lib/python3.12/site-packages/airflow/example_dags/example_sensor_decorator.py
[2025-05-14T13:32:05.895-0400] {processor.py:925} INFO - DAG(s) 'example_sensor_decorator' retrieved from /home/aangava/MSP/airflow_venv/lib/python3.12/site-packages/airflow/example_dags/example_sensor_decorator.py
[2025-05-14T13:32:05.905-0400] {logging_mixin.py:190} INFO - [2025-05-14T13:32:05.905-0400] {dag.py:3239} INFO - Sync 1 DAGs
[2025-05-14T13:32:05.913-0400] {logging_mixin.py:190} INFO - [2025-05-14T13:32:05.913-0400] {dag.py:4180} INFO - Setting next_dagrun for example_sensor_decorator to None, run_after=None
[2025-05-14T13:32:05.927-0400] {processor.py:208} INFO - Processing /home/aangava/MSP/airflow_venv/lib/python3.12/site-packages/airflow/example_dags/example_sensor_decorator.py took 0.045 seconds
[2025-05-14T13:33:38.277-0400] {processor.py:186} INFO - Started process (PID=15165) to work on /home/aangava/MSP/airflow_venv/lib/python3.12/site-packages/airflow/example_dags/example_sensor_decorator.py
[2025-05-14T13:33:38.278-0400] {processor.py:914} INFO - Processing file /home/aangava/MSP/airflow_venv/lib/python3.12/site-packages/airflow/example_dags/example_sensor_decorator.py for tasks to queue
[2025-05-14T13:33:38.280-0400] {logging_mixin.py:190} INFO - [2025-05-14T13:33:38.280-0400] {dagbag.py:588} INFO - Filling up the DagBag from /home/aangava/MSP/airflow_venv/lib/python3.12/site-packages/airflow/example_dags/example_sensor_decorator.py
[2025-05-14T13:33:38.287-0400] {processor.py:925} INFO - DAG(s) 'example_sensor_decorator' retrieved from /home/aangava/MSP/airflow_venv/lib/python3.12/site-packages/airflow/example_dags/example_sensor_decorator.py
[2025-05-14T13:33:38.299-0400] {logging_mixin.py:190} INFO - [2025-05-14T13:33:38.299-0400] {dag.py:3239} INFO - Sync 1 DAGs
[2025-05-14T13:33:38.308-0400] {logging_mixin.py:190} INFO - [2025-05-14T13:33:38.308-0400] {dag.py:4180} INFO - Setting next_dagrun for example_sensor_decorator to None, run_after=None
[2025-05-14T13:33:38.322-0400] {processor.py:208} INFO - Processing /home/aangava/MSP/airflow_venv/lib/python3.12/site-packages/airflow/example_dags/example_sensor_decorator.py took 0.049 seconds
[2025-05-14T13:35:19.196-0400] {processor.py:186} INFO - Started process (PID=16078) to work on /home/aangava/MSP/airflow_venv/lib/python3.12/site-packages/airflow/example_dags/example_sensor_decorator.py
[2025-05-14T13:35:19.197-0400] {processor.py:914} INFO - Processing file /home/aangava/MSP/airflow_venv/lib/python3.12/site-packages/airflow/example_dags/example_sensor_decorator.py for tasks to queue
[2025-05-14T13:35:19.199-0400] {logging_mixin.py:190} INFO - [2025-05-14T13:35:19.198-0400] {dagbag.py:588} INFO - Filling up the DagBag from /home/aangava/MSP/airflow_venv/lib/python3.12/site-packages/airflow/example_dags/example_sensor_decorator.py
[2025-05-14T13:35:19.205-0400] {processor.py:925} INFO - DAG(s) 'example_sensor_decorator' retrieved from /home/aangava/MSP/airflow_venv/lib/python3.12/site-packages/airflow/example_dags/example_sensor_decorator.py
[2025-05-14T13:35:19.216-0400] {logging_mixin.py:190} INFO - [2025-05-14T13:35:19.216-0400] {dag.py:3239} INFO - Sync 1 DAGs
[2025-05-14T13:35:19.225-0400] {logging_mixin.py:190} INFO - [2025-05-14T13:35:19.225-0400] {dag.py:4180} INFO - Setting next_dagrun for example_sensor_decorator to None, run_after=None
[2025-05-14T13:35:19.239-0400] {processor.py:208} INFO - Processing /home/aangava/MSP/airflow_venv/lib/python3.12/site-packages/airflow/example_dags/example_sensor_decorator.py took 0.047 seconds
[2025-05-14T13:36:16.792-0400] {processor.py:186} INFO - Started process (PID=16340) to work on /home/aangava/MSP/airflow_venv/lib/python3.12/site-packages/airflow/example_dags/example_sensor_decorator.py
[2025-05-14T13:36:16.793-0400] {processor.py:914} INFO - Processing file /home/aangava/MSP/airflow_venv/lib/python3.12/site-packages/airflow/example_dags/example_sensor_decorator.py for tasks to queue
[2025-05-14T13:36:16.794-0400] {logging_mixin.py:190} INFO - [2025-05-14T13:36:16.794-0400] {dagbag.py:588} INFO - Filling up the DagBag from /home/aangava/MSP/airflow_venv/lib/python3.12/site-packages/airflow/example_dags/example_sensor_decorator.py
[2025-05-14T13:36:16.800-0400] {processor.py:925} INFO - DAG(s) 'example_sensor_decorator' retrieved from /home/aangava/MSP/airflow_venv/lib/python3.12/site-packages/airflow/example_dags/example_sensor_decorator.py
[2025-05-14T13:36:16.810-0400] {logging_mixin.py:190} INFO - [2025-05-14T13:36:16.810-0400] {dag.py:3239} INFO - Sync 1 DAGs
[2025-05-14T13:36:16.818-0400] {logging_mixin.py:190} INFO - [2025-05-14T13:36:16.817-0400] {dag.py:4180} INFO - Setting next_dagrun for example_sensor_decorator to None, run_after=None
[2025-05-14T13:36:16.833-0400] {processor.py:208} INFO - Processing /home/aangava/MSP/airflow_venv/lib/python3.12/site-packages/airflow/example_dags/example_sensor_decorator.py took 0.045 seconds
[2025-05-14T13:37:12.399-0400] {processor.py:186} INFO - Started process (PID=16596) to work on /home/aangava/MSP/airflow_venv/lib/python3.12/site-packages/airflow/example_dags/example_sensor_decorator.py
[2025-05-14T13:37:12.399-0400] {processor.py:914} INFO - Processing file /home/aangava/MSP/airflow_venv/lib/python3.12/site-packages/airflow/example_dags/example_sensor_decorator.py for tasks to queue
[2025-05-14T13:37:12.401-0400] {logging_mixin.py:190} INFO - [2025-05-14T13:37:12.401-0400] {dagbag.py:588} INFO - Filling up the DagBag from /home/aangava/MSP/airflow_venv/lib/python3.12/site-packages/airflow/example_dags/example_sensor_decorator.py
[2025-05-14T13:37:12.407-0400] {processor.py:925} INFO - DAG(s) 'example_sensor_decorator' retrieved from /home/aangava/MSP/airflow_venv/lib/python3.12/site-packages/airflow/example_dags/example_sensor_decorator.py
[2025-05-14T13:37:12.417-0400] {logging_mixin.py:190} INFO - [2025-05-14T13:37:12.417-0400] {dag.py:3239} INFO - Sync 1 DAGs
[2025-05-14T13:37:12.425-0400] {logging_mixin.py:190} INFO - [2025-05-14T13:37:12.424-0400] {dag.py:4180} INFO - Setting next_dagrun for example_sensor_decorator to None, run_after=None
[2025-05-14T13:37:12.437-0400] {processor.py:208} INFO - Processing /home/aangava/MSP/airflow_venv/lib/python3.12/site-packages/airflow/example_dags/example_sensor_decorator.py took 0.042 seconds
[2025-05-14T13:48:45.307-0400] {processor.py:186} INFO - Started process (PID=19568) to work on /home/aangava/MSP/airflow_venv/lib/python3.12/site-packages/airflow/example_dags/example_sensor_decorator.py
[2025-05-14T13:48:45.317-0400] {processor.py:914} INFO - Processing file /home/aangava/MSP/airflow_venv/lib/python3.12/site-packages/airflow/example_dags/example_sensor_decorator.py for tasks to queue
[2025-05-14T13:48:45.319-0400] {logging_mixin.py:190} INFO - [2025-05-14T13:48:45.319-0400] {dagbag.py:588} INFO - Filling up the DagBag from /home/aangava/MSP/airflow_venv/lib/python3.12/site-packages/airflow/example_dags/example_sensor_decorator.py
[2025-05-14T13:48:45.325-0400] {processor.py:925} INFO - DAG(s) 'example_sensor_decorator' retrieved from /home/aangava/MSP/airflow_venv/lib/python3.12/site-packages/airflow/example_dags/example_sensor_decorator.py
[2025-05-14T13:48:45.336-0400] {logging_mixin.py:190} INFO - [2025-05-14T13:48:45.336-0400] {dag.py:3239} INFO - Sync 1 DAGs
[2025-05-14T13:48:45.344-0400] {logging_mixin.py:190} INFO - [2025-05-14T13:48:45.344-0400] {dag.py:4180} INFO - Setting next_dagrun for example_sensor_decorator to None, run_after=None
[2025-05-14T13:48:45.359-0400] {processor.py:208} INFO - Processing /home/aangava/MSP/airflow_venv/lib/python3.12/site-packages/airflow/example_dags/example_sensor_decorator.py took 0.055 seconds
[2025-05-14T13:49:43.501-0400] {processor.py:186} INFO - Started process (PID=19859) to work on /home/aangava/MSP/airflow_venv/lib/python3.12/site-packages/airflow/example_dags/example_sensor_decorator.py
[2025-05-14T13:49:43.502-0400] {processor.py:914} INFO - Processing file /home/aangava/MSP/airflow_venv/lib/python3.12/site-packages/airflow/example_dags/example_sensor_decorator.py for tasks to queue
[2025-05-14T13:49:43.503-0400] {logging_mixin.py:190} INFO - [2025-05-14T13:49:43.503-0400] {dagbag.py:588} INFO - Filling up the DagBag from /home/aangava/MSP/airflow_venv/lib/python3.12/site-packages/airflow/example_dags/example_sensor_decorator.py
[2025-05-14T13:49:43.509-0400] {processor.py:925} INFO - DAG(s) 'example_sensor_decorator' retrieved from /home/aangava/MSP/airflow_venv/lib/python3.12/site-packages/airflow/example_dags/example_sensor_decorator.py
[2025-05-14T13:49:43.519-0400] {logging_mixin.py:190} INFO - [2025-05-14T13:49:43.518-0400] {dag.py:3239} INFO - Sync 1 DAGs
[2025-05-14T13:49:43.526-0400] {logging_mixin.py:190} INFO - [2025-05-14T13:49:43.526-0400] {dag.py:4180} INFO - Setting next_dagrun for example_sensor_decorator to None, run_after=None
[2025-05-14T13:49:43.539-0400] {processor.py:208} INFO - Processing /home/aangava/MSP/airflow_venv/lib/python3.12/site-packages/airflow/example_dags/example_sensor_decorator.py took 0.042 seconds
[2025-05-14T13:50:40.201-0400] {processor.py:186} INFO - Started process (PID=20086) to work on /home/aangava/MSP/airflow_venv/lib/python3.12/site-packages/airflow/example_dags/example_sensor_decorator.py
[2025-05-14T13:50:40.202-0400] {processor.py:914} INFO - Processing file /home/aangava/MSP/airflow_venv/lib/python3.12/site-packages/airflow/example_dags/example_sensor_decorator.py for tasks to queue
[2025-05-14T13:50:40.204-0400] {logging_mixin.py:190} INFO - [2025-05-14T13:50:40.204-0400] {dagbag.py:588} INFO - Filling up the DagBag from /home/aangava/MSP/airflow_venv/lib/python3.12/site-packages/airflow/example_dags/example_sensor_decorator.py
[2025-05-14T13:50:40.211-0400] {processor.py:925} INFO - DAG(s) 'example_sensor_decorator' retrieved from /home/aangava/MSP/airflow_venv/lib/python3.12/site-packages/airflow/example_dags/example_sensor_decorator.py
[2025-05-14T13:50:40.222-0400] {logging_mixin.py:190} INFO - [2025-05-14T13:50:40.222-0400] {dag.py:3239} INFO - Sync 1 DAGs
[2025-05-14T13:50:40.230-0400] {logging_mixin.py:190} INFO - [2025-05-14T13:50:40.230-0400] {dag.py:4180} INFO - Setting next_dagrun for example_sensor_decorator to None, run_after=None
[2025-05-14T13:50:40.243-0400] {processor.py:208} INFO - Processing /home/aangava/MSP/airflow_venv/lib/python3.12/site-packages/airflow/example_dags/example_sensor_decorator.py took 0.047 seconds
[2025-05-14T13:51:32.850-0400] {processor.py:186} INFO - Started process (PID=20475) to work on /home/aangava/MSP/airflow_venv/lib/python3.12/site-packages/airflow/example_dags/example_sensor_decorator.py
[2025-05-14T13:51:32.860-0400] {processor.py:914} INFO - Processing file /home/aangava/MSP/airflow_venv/lib/python3.12/site-packages/airflow/example_dags/example_sensor_decorator.py for tasks to queue
[2025-05-14T13:51:32.862-0400] {logging_mixin.py:190} INFO - [2025-05-14T13:51:32.862-0400] {dagbag.py:588} INFO - Filling up the DagBag from /home/aangava/MSP/airflow_venv/lib/python3.12/site-packages/airflow/example_dags/example_sensor_decorator.py
[2025-05-14T13:51:32.868-0400] {processor.py:925} INFO - DAG(s) 'example_sensor_decorator' retrieved from /home/aangava/MSP/airflow_venv/lib/python3.12/site-packages/airflow/example_dags/example_sensor_decorator.py
[2025-05-14T13:51:32.878-0400] {logging_mixin.py:190} INFO - [2025-05-14T13:51:32.878-0400] {dag.py:3239} INFO - Sync 1 DAGs
[2025-05-14T13:51:32.886-0400] {logging_mixin.py:190} INFO - [2025-05-14T13:51:32.886-0400] {dag.py:4180} INFO - Setting next_dagrun for example_sensor_decorator to None, run_after=None
[2025-05-14T13:51:32.902-0400] {processor.py:208} INFO - Processing /home/aangava/MSP/airflow_venv/lib/python3.12/site-packages/airflow/example_dags/example_sensor_decorator.py took 0.055 seconds
[2025-05-14T13:52:26.065-0400] {processor.py:186} INFO - Started process (PID=20722) to work on /home/aangava/MSP/airflow_venv/lib/python3.12/site-packages/airflow/example_dags/example_sensor_decorator.py
[2025-05-14T13:52:26.067-0400] {processor.py:914} INFO - Processing file /home/aangava/MSP/airflow_venv/lib/python3.12/site-packages/airflow/example_dags/example_sensor_decorator.py for tasks to queue
[2025-05-14T13:52:26.068-0400] {logging_mixin.py:190} INFO - [2025-05-14T13:52:26.068-0400] {dagbag.py:588} INFO - Filling up the DagBag from /home/aangava/MSP/airflow_venv/lib/python3.12/site-packages/airflow/example_dags/example_sensor_decorator.py
[2025-05-14T13:52:26.074-0400] {processor.py:925} INFO - DAG(s) 'example_sensor_decorator' retrieved from /home/aangava/MSP/airflow_venv/lib/python3.12/site-packages/airflow/example_dags/example_sensor_decorator.py
[2025-05-14T13:52:26.084-0400] {logging_mixin.py:190} INFO - [2025-05-14T13:52:26.083-0400] {dag.py:3239} INFO - Sync 1 DAGs
[2025-05-14T13:52:26.093-0400] {logging_mixin.py:190} INFO - [2025-05-14T13:52:26.093-0400] {dag.py:4180} INFO - Setting next_dagrun for example_sensor_decorator to None, run_after=None
[2025-05-14T13:52:26.112-0400] {processor.py:208} INFO - Processing /home/aangava/MSP/airflow_venv/lib/python3.12/site-packages/airflow/example_dags/example_sensor_decorator.py took 0.050 seconds
[2025-05-14T13:53:20.985-0400] {processor.py:186} INFO - Started process (PID=21011) to work on /home/aangava/MSP/airflow_venv/lib/python3.12/site-packages/airflow/example_dags/example_sensor_decorator.py
[2025-05-14T13:53:20.994-0400] {processor.py:914} INFO - Processing file /home/aangava/MSP/airflow_venv/lib/python3.12/site-packages/airflow/example_dags/example_sensor_decorator.py for tasks to queue
[2025-05-14T13:53:20.995-0400] {logging_mixin.py:190} INFO - [2025-05-14T13:53:20.995-0400] {dagbag.py:588} INFO - Filling up the DagBag from /home/aangava/MSP/airflow_venv/lib/python3.12/site-packages/airflow/example_dags/example_sensor_decorator.py
[2025-05-14T13:53:21.001-0400] {processor.py:925} INFO - DAG(s) 'example_sensor_decorator' retrieved from /home/aangava/MSP/airflow_venv/lib/python3.12/site-packages/airflow/example_dags/example_sensor_decorator.py
[2025-05-14T13:53:21.011-0400] {logging_mixin.py:190} INFO - [2025-05-14T13:53:21.011-0400] {dag.py:3239} INFO - Sync 1 DAGs
[2025-05-14T13:53:21.019-0400] {logging_mixin.py:190} INFO - [2025-05-14T13:53:21.019-0400] {dag.py:4180} INFO - Setting next_dagrun for example_sensor_decorator to None, run_after=None
[2025-05-14T13:53:21.032-0400] {processor.py:208} INFO - Processing /home/aangava/MSP/airflow_venv/lib/python3.12/site-packages/airflow/example_dags/example_sensor_decorator.py took 0.051 seconds
[2025-05-14T13:54:13.790-0400] {processor.py:186} INFO - Started process (PID=21291) to work on /home/aangava/MSP/airflow_venv/lib/python3.12/site-packages/airflow/example_dags/example_sensor_decorator.py
[2025-05-14T13:54:13.791-0400] {processor.py:914} INFO - Processing file /home/aangava/MSP/airflow_venv/lib/python3.12/site-packages/airflow/example_dags/example_sensor_decorator.py for tasks to queue
[2025-05-14T13:54:13.792-0400] {logging_mixin.py:190} INFO - [2025-05-14T13:54:13.792-0400] {dagbag.py:588} INFO - Filling up the DagBag from /home/aangava/MSP/airflow_venv/lib/python3.12/site-packages/airflow/example_dags/example_sensor_decorator.py
[2025-05-14T13:54:13.799-0400] {processor.py:925} INFO - DAG(s) 'example_sensor_decorator' retrieved from /home/aangava/MSP/airflow_venv/lib/python3.12/site-packages/airflow/example_dags/example_sensor_decorator.py
[2025-05-14T13:54:13.808-0400] {logging_mixin.py:190} INFO - [2025-05-14T13:54:13.808-0400] {dag.py:3239} INFO - Sync 1 DAGs
[2025-05-14T13:54:13.816-0400] {logging_mixin.py:190} INFO - [2025-05-14T13:54:13.816-0400] {dag.py:4180} INFO - Setting next_dagrun for example_sensor_decorator to None, run_after=None
[2025-05-14T13:54:13.828-0400] {processor.py:208} INFO - Processing /home/aangava/MSP/airflow_venv/lib/python3.12/site-packages/airflow/example_dags/example_sensor_decorator.py took 0.041 seconds
[2025-05-14T13:55:31.883-0400] {processor.py:186} INFO - Started process (PID=21714) to work on /home/aangava/MSP/airflow_venv/lib/python3.12/site-packages/airflow/example_dags/example_sensor_decorator.py
[2025-05-14T13:55:31.884-0400] {processor.py:914} INFO - Processing file /home/aangava/MSP/airflow_venv/lib/python3.12/site-packages/airflow/example_dags/example_sensor_decorator.py for tasks to queue
[2025-05-14T13:55:31.886-0400] {logging_mixin.py:190} INFO - [2025-05-14T13:55:31.885-0400] {dagbag.py:588} INFO - Filling up the DagBag from /home/aangava/MSP/airflow_venv/lib/python3.12/site-packages/airflow/example_dags/example_sensor_decorator.py
[2025-05-14T13:55:31.892-0400] {processor.py:925} INFO - DAG(s) 'example_sensor_decorator' retrieved from /home/aangava/MSP/airflow_venv/lib/python3.12/site-packages/airflow/example_dags/example_sensor_decorator.py
[2025-05-14T13:55:31.902-0400] {logging_mixin.py:190} INFO - [2025-05-14T13:55:31.902-0400] {dag.py:3239} INFO - Sync 1 DAGs
[2025-05-14T13:55:31.911-0400] {logging_mixin.py:190} INFO - [2025-05-14T13:55:31.911-0400] {dag.py:4180} INFO - Setting next_dagrun for example_sensor_decorator to None, run_after=None
[2025-05-14T13:55:31.928-0400] {processor.py:208} INFO - Processing /home/aangava/MSP/airflow_venv/lib/python3.12/site-packages/airflow/example_dags/example_sensor_decorator.py took 0.049 seconds
[2025-05-14T13:56:25.511-0400] {processor.py:186} INFO - Started process (PID=22030) to work on /home/aangava/MSP/airflow_venv/lib/python3.12/site-packages/airflow/example_dags/example_sensor_decorator.py
[2025-05-14T13:56:25.521-0400] {processor.py:914} INFO - Processing file /home/aangava/MSP/airflow_venv/lib/python3.12/site-packages/airflow/example_dags/example_sensor_decorator.py for tasks to queue
[2025-05-14T13:56:25.522-0400] {logging_mixin.py:190} INFO - [2025-05-14T13:56:25.522-0400] {dagbag.py:588} INFO - Filling up the DagBag from /home/aangava/MSP/airflow_venv/lib/python3.12/site-packages/airflow/example_dags/example_sensor_decorator.py
[2025-05-14T13:56:25.529-0400] {processor.py:925} INFO - DAG(s) 'example_sensor_decorator' retrieved from /home/aangava/MSP/airflow_venv/lib/python3.12/site-packages/airflow/example_dags/example_sensor_decorator.py
[2025-05-14T13:56:25.539-0400] {logging_mixin.py:190} INFO - [2025-05-14T13:56:25.538-0400] {dag.py:3239} INFO - Sync 1 DAGs
[2025-05-14T13:56:25.546-0400] {logging_mixin.py:190} INFO - [2025-05-14T13:56:25.546-0400] {dag.py:4180} INFO - Setting next_dagrun for example_sensor_decorator to None, run_after=None
[2025-05-14T13:56:25.559-0400] {processor.py:208} INFO - Processing /home/aangava/MSP/airflow_venv/lib/python3.12/site-packages/airflow/example_dags/example_sensor_decorator.py took 0.052 seconds
[2025-05-14T13:57:41.399-0400] {processor.py:186} INFO - Started process (PID=22721) to work on /home/aangava/MSP/airflow_venv/lib/python3.12/site-packages/airflow/example_dags/example_sensor_decorator.py
[2025-05-14T13:57:41.408-0400] {processor.py:914} INFO - Processing file /home/aangava/MSP/airflow_venv/lib/python3.12/site-packages/airflow/example_dags/example_sensor_decorator.py for tasks to queue
[2025-05-14T13:57:41.410-0400] {logging_mixin.py:190} INFO - [2025-05-14T13:57:41.410-0400] {dagbag.py:588} INFO - Filling up the DagBag from /home/aangava/MSP/airflow_venv/lib/python3.12/site-packages/airflow/example_dags/example_sensor_decorator.py
[2025-05-14T13:57:41.417-0400] {processor.py:925} INFO - DAG(s) 'example_sensor_decorator' retrieved from /home/aangava/MSP/airflow_venv/lib/python3.12/site-packages/airflow/example_dags/example_sensor_decorator.py
[2025-05-14T13:57:41.430-0400] {logging_mixin.py:190} INFO - [2025-05-14T13:57:41.429-0400] {dag.py:3239} INFO - Sync 1 DAGs
[2025-05-14T13:57:41.440-0400] {logging_mixin.py:190} INFO - [2025-05-14T13:57:41.440-0400] {dag.py:4180} INFO - Setting next_dagrun for example_sensor_decorator to None, run_after=None
[2025-05-14T13:57:41.456-0400] {processor.py:208} INFO - Processing /home/aangava/MSP/airflow_venv/lib/python3.12/site-packages/airflow/example_dags/example_sensor_decorator.py took 0.061 seconds
[2025-05-14T13:58:59.188-0400] {processor.py:186} INFO - Started process (PID=23095) to work on /home/aangava/MSP/airflow_venv/lib/python3.12/site-packages/airflow/example_dags/example_sensor_decorator.py
[2025-05-14T13:58:59.198-0400] {processor.py:914} INFO - Processing file /home/aangava/MSP/airflow_venv/lib/python3.12/site-packages/airflow/example_dags/example_sensor_decorator.py for tasks to queue
[2025-05-14T13:58:59.200-0400] {logging_mixin.py:190} INFO - [2025-05-14T13:58:59.200-0400] {dagbag.py:588} INFO - Filling up the DagBag from /home/aangava/MSP/airflow_venv/lib/python3.12/site-packages/airflow/example_dags/example_sensor_decorator.py
[2025-05-14T13:58:59.206-0400] {processor.py:925} INFO - DAG(s) 'example_sensor_decorator' retrieved from /home/aangava/MSP/airflow_venv/lib/python3.12/site-packages/airflow/example_dags/example_sensor_decorator.py
[2025-05-14T13:58:59.214-0400] {logging_mixin.py:190} INFO - [2025-05-14T13:58:59.214-0400] {dag.py:3239} INFO - Sync 1 DAGs
[2025-05-14T13:58:59.221-0400] {logging_mixin.py:190} INFO - [2025-05-14T13:58:59.221-0400] {dag.py:4180} INFO - Setting next_dagrun for example_sensor_decorator to None, run_after=None
[2025-05-14T13:58:59.238-0400] {processor.py:208} INFO - Processing /home/aangava/MSP/airflow_venv/lib/python3.12/site-packages/airflow/example_dags/example_sensor_decorator.py took 0.053 seconds
[2025-05-14T13:59:51.052-0400] {processor.py:186} INFO - Started process (PID=23309) to work on /home/aangava/MSP/airflow_venv/lib/python3.12/site-packages/airflow/example_dags/example_sensor_decorator.py
[2025-05-14T13:59:51.062-0400] {processor.py:914} INFO - Processing file /home/aangava/MSP/airflow_venv/lib/python3.12/site-packages/airflow/example_dags/example_sensor_decorator.py for tasks to queue
[2025-05-14T13:59:51.063-0400] {logging_mixin.py:190} INFO - [2025-05-14T13:59:51.063-0400] {dagbag.py:588} INFO - Filling up the DagBag from /home/aangava/MSP/airflow_venv/lib/python3.12/site-packages/airflow/example_dags/example_sensor_decorator.py
[2025-05-14T13:59:51.069-0400] {processor.py:925} INFO - DAG(s) 'example_sensor_decorator' retrieved from /home/aangava/MSP/airflow_venv/lib/python3.12/site-packages/airflow/example_dags/example_sensor_decorator.py
[2025-05-14T13:59:51.081-0400] {logging_mixin.py:190} INFO - [2025-05-14T13:59:51.081-0400] {dag.py:3239} INFO - Sync 1 DAGs
[2025-05-14T13:59:51.089-0400] {logging_mixin.py:190} INFO - [2025-05-14T13:59:51.089-0400] {dag.py:4180} INFO - Setting next_dagrun for example_sensor_decorator to None, run_after=None
[2025-05-14T13:59:51.121-0400] {processor.py:208} INFO - Processing /home/aangava/MSP/airflow_venv/lib/python3.12/site-packages/airflow/example_dags/example_sensor_decorator.py took 0.073 seconds
[2025-05-14T14:00:44.120-0400] {processor.py:186} INFO - Started process (PID=23519) to work on /home/aangava/MSP/airflow_venv/lib/python3.12/site-packages/airflow/example_dags/example_sensor_decorator.py
[2025-05-14T14:00:44.122-0400] {processor.py:914} INFO - Processing file /home/aangava/MSP/airflow_venv/lib/python3.12/site-packages/airflow/example_dags/example_sensor_decorator.py for tasks to queue
[2025-05-14T14:00:44.123-0400] {logging_mixin.py:190} INFO - [2025-05-14T14:00:44.123-0400] {dagbag.py:588} INFO - Filling up the DagBag from /home/aangava/MSP/airflow_venv/lib/python3.12/site-packages/airflow/example_dags/example_sensor_decorator.py
[2025-05-14T14:00:44.133-0400] {processor.py:925} INFO - DAG(s) 'example_sensor_decorator' retrieved from /home/aangava/MSP/airflow_venv/lib/python3.12/site-packages/airflow/example_dags/example_sensor_decorator.py
[2025-05-14T14:00:44.143-0400] {logging_mixin.py:190} INFO - [2025-05-14T14:00:44.143-0400] {dag.py:3239} INFO - Sync 1 DAGs
[2025-05-14T14:00:44.151-0400] {logging_mixin.py:190} INFO - [2025-05-14T14:00:44.151-0400] {dag.py:4180} INFO - Setting next_dagrun for example_sensor_decorator to None, run_after=None
[2025-05-14T14:00:44.171-0400] {processor.py:208} INFO - Processing /home/aangava/MSP/airflow_venv/lib/python3.12/site-packages/airflow/example_dags/example_sensor_decorator.py took 0.054 seconds
[2025-05-14T14:01:40.645-0400] {processor.py:186} INFO - Started process (PID=23805) to work on /home/aangava/MSP/airflow_venv/lib/python3.12/site-packages/airflow/example_dags/example_sensor_decorator.py
[2025-05-14T14:01:40.646-0400] {processor.py:914} INFO - Processing file /home/aangava/MSP/airflow_venv/lib/python3.12/site-packages/airflow/example_dags/example_sensor_decorator.py for tasks to queue
[2025-05-14T14:01:40.648-0400] {logging_mixin.py:190} INFO - [2025-05-14T14:01:40.648-0400] {dagbag.py:588} INFO - Filling up the DagBag from /home/aangava/MSP/airflow_venv/lib/python3.12/site-packages/airflow/example_dags/example_sensor_decorator.py
[2025-05-14T14:01:40.654-0400] {processor.py:925} INFO - DAG(s) 'example_sensor_decorator' retrieved from /home/aangava/MSP/airflow_venv/lib/python3.12/site-packages/airflow/example_dags/example_sensor_decorator.py
[2025-05-14T14:01:40.663-0400] {logging_mixin.py:190} INFO - [2025-05-14T14:01:40.663-0400] {dag.py:3239} INFO - Sync 1 DAGs
[2025-05-14T14:01:40.671-0400] {logging_mixin.py:190} INFO - [2025-05-14T14:01:40.671-0400] {dag.py:4180} INFO - Setting next_dagrun for example_sensor_decorator to None, run_after=None
[2025-05-14T14:01:40.684-0400] {processor.py:208} INFO - Processing /home/aangava/MSP/airflow_venv/lib/python3.12/site-packages/airflow/example_dags/example_sensor_decorator.py took 0.043 seconds
[2025-05-14T14:02:34.357-0400] {processor.py:186} INFO - Started process (PID=24057) to work on /home/aangava/MSP/airflow_venv/lib/python3.12/site-packages/airflow/example_dags/example_sensor_decorator.py
[2025-05-14T14:02:34.366-0400] {processor.py:914} INFO - Processing file /home/aangava/MSP/airflow_venv/lib/python3.12/site-packages/airflow/example_dags/example_sensor_decorator.py for tasks to queue
[2025-05-14T14:02:34.368-0400] {logging_mixin.py:190} INFO - [2025-05-14T14:02:34.368-0400] {dagbag.py:588} INFO - Filling up the DagBag from /home/aangava/MSP/airflow_venv/lib/python3.12/site-packages/airflow/example_dags/example_sensor_decorator.py
[2025-05-14T14:02:34.375-0400] {processor.py:925} INFO - DAG(s) 'example_sensor_decorator' retrieved from /home/aangava/MSP/airflow_venv/lib/python3.12/site-packages/airflow/example_dags/example_sensor_decorator.py
[2025-05-14T14:02:34.386-0400] {logging_mixin.py:190} INFO - [2025-05-14T14:02:34.386-0400] {dag.py:3239} INFO - Sync 1 DAGs
[2025-05-14T14:02:34.395-0400] {logging_mixin.py:190} INFO - [2025-05-14T14:02:34.394-0400] {dag.py:4180} INFO - Setting next_dagrun for example_sensor_decorator to None, run_after=None
[2025-05-14T14:02:34.408-0400] {processor.py:208} INFO - Processing /home/aangava/MSP/airflow_venv/lib/python3.12/site-packages/airflow/example_dags/example_sensor_decorator.py took 0.055 seconds
[2025-05-14T14:03:49.536-0400] {processor.py:186} INFO - Started process (PID=24413) to work on /home/aangava/MSP/airflow_venv/lib/python3.12/site-packages/airflow/example_dags/example_sensor_decorator.py
[2025-05-14T14:03:49.538-0400] {processor.py:914} INFO - Processing file /home/aangava/MSP/airflow_venv/lib/python3.12/site-packages/airflow/example_dags/example_sensor_decorator.py for tasks to queue
[2025-05-14T14:03:49.539-0400] {logging_mixin.py:190} INFO - [2025-05-14T14:03:49.539-0400] {dagbag.py:588} INFO - Filling up the DagBag from /home/aangava/MSP/airflow_venv/lib/python3.12/site-packages/airflow/example_dags/example_sensor_decorator.py
[2025-05-14T14:03:49.546-0400] {processor.py:925} INFO - DAG(s) 'example_sensor_decorator' retrieved from /home/aangava/MSP/airflow_venv/lib/python3.12/site-packages/airflow/example_dags/example_sensor_decorator.py
[2025-05-14T14:03:49.556-0400] {logging_mixin.py:190} INFO - [2025-05-14T14:03:49.555-0400] {dag.py:3239} INFO - Sync 1 DAGs
[2025-05-14T14:03:49.564-0400] {logging_mixin.py:190} INFO - [2025-05-14T14:03:49.563-0400] {dag.py:4180} INFO - Setting next_dagrun for example_sensor_decorator to None, run_after=None
[2025-05-14T14:03:49.578-0400] {processor.py:208} INFO - Processing /home/aangava/MSP/airflow_venv/lib/python3.12/site-packages/airflow/example_dags/example_sensor_decorator.py took 0.045 seconds
[2025-05-14T14:09:14.840-0400] {processor.py:186} INFO - Started process (PID=27369) to work on /home/aangava/MSP/airflow_venv/lib/python3.12/site-packages/airflow/example_dags/example_sensor_decorator.py
[2025-05-14T14:09:14.842-0400] {processor.py:914} INFO - Processing file /home/aangava/MSP/airflow_venv/lib/python3.12/site-packages/airflow/example_dags/example_sensor_decorator.py for tasks to queue
[2025-05-14T14:09:14.842-0400] {logging_mixin.py:190} INFO - [2025-05-14T14:09:14.842-0400] {dagbag.py:588} INFO - Filling up the DagBag from /home/aangava/MSP/airflow_venv/lib/python3.12/site-packages/airflow/example_dags/example_sensor_decorator.py
[2025-05-14T14:09:14.847-0400] {processor.py:925} INFO - DAG(s) 'example_sensor_decorator' retrieved from /home/aangava/MSP/airflow_venv/lib/python3.12/site-packages/airflow/example_dags/example_sensor_decorator.py
[2025-05-14T14:09:14.858-0400] {logging_mixin.py:190} INFO - [2025-05-14T14:09:14.858-0400] {dag.py:3239} INFO - Sync 1 DAGs
[2025-05-14T14:09:14.866-0400] {logging_mixin.py:190} INFO - [2025-05-14T14:09:14.865-0400] {dag.py:4180} INFO - Setting next_dagrun for example_sensor_decorator to None, run_after=None
[2025-05-14T14:09:14.878-0400] {processor.py:208} INFO - Processing /home/aangava/MSP/airflow_venv/lib/python3.12/site-packages/airflow/example_dags/example_sensor_decorator.py took 0.042 seconds
[2025-05-14T14:10:11.558-0400] {processor.py:186} INFO - Started process (PID=27667) to work on /home/aangava/MSP/airflow_venv/lib/python3.12/site-packages/airflow/example_dags/example_sensor_decorator.py
[2025-05-14T14:10:11.560-0400] {processor.py:914} INFO - Processing file /home/aangava/MSP/airflow_venv/lib/python3.12/site-packages/airflow/example_dags/example_sensor_decorator.py for tasks to queue
[2025-05-14T14:10:11.560-0400] {logging_mixin.py:190} INFO - [2025-05-14T14:10:11.560-0400] {dagbag.py:588} INFO - Filling up the DagBag from /home/aangava/MSP/airflow_venv/lib/python3.12/site-packages/airflow/example_dags/example_sensor_decorator.py
[2025-05-14T14:10:11.565-0400] {processor.py:925} INFO - DAG(s) 'example_sensor_decorator' retrieved from /home/aangava/MSP/airflow_venv/lib/python3.12/site-packages/airflow/example_dags/example_sensor_decorator.py
[2025-05-14T14:10:11.575-0400] {logging_mixin.py:190} INFO - [2025-05-14T14:10:11.575-0400] {dag.py:3239} INFO - Sync 1 DAGs
[2025-05-14T14:10:11.582-0400] {logging_mixin.py:190} INFO - [2025-05-14T14:10:11.582-0400] {dag.py:4180} INFO - Setting next_dagrun for example_sensor_decorator to None, run_after=None
[2025-05-14T14:10:11.594-0400] {processor.py:208} INFO - Processing /home/aangava/MSP/airflow_venv/lib/python3.12/site-packages/airflow/example_dags/example_sensor_decorator.py took 0.040 seconds
[2025-05-14T14:11:09.770-0400] {processor.py:186} INFO - Started process (PID=27963) to work on /home/aangava/MSP/airflow_venv/lib/python3.12/site-packages/airflow/example_dags/example_sensor_decorator.py
[2025-05-14T14:11:09.771-0400] {processor.py:914} INFO - Processing file /home/aangava/MSP/airflow_venv/lib/python3.12/site-packages/airflow/example_dags/example_sensor_decorator.py for tasks to queue
[2025-05-14T14:11:09.772-0400] {logging_mixin.py:190} INFO - [2025-05-14T14:11:09.772-0400] {dagbag.py:588} INFO - Filling up the DagBag from /home/aangava/MSP/airflow_venv/lib/python3.12/site-packages/airflow/example_dags/example_sensor_decorator.py
[2025-05-14T14:11:09.777-0400] {processor.py:925} INFO - DAG(s) 'example_sensor_decorator' retrieved from /home/aangava/MSP/airflow_venv/lib/python3.12/site-packages/airflow/example_dags/example_sensor_decorator.py
[2025-05-14T14:11:09.788-0400] {logging_mixin.py:190} INFO - [2025-05-14T14:11:09.788-0400] {dag.py:3239} INFO - Sync 1 DAGs
[2025-05-14T14:11:09.795-0400] {logging_mixin.py:190} INFO - [2025-05-14T14:11:09.794-0400] {dag.py:4180} INFO - Setting next_dagrun for example_sensor_decorator to None, run_after=None
[2025-05-14T14:11:09.810-0400] {processor.py:208} INFO - Processing /home/aangava/MSP/airflow_venv/lib/python3.12/site-packages/airflow/example_dags/example_sensor_decorator.py took 0.044 seconds
[2025-05-14T14:12:05.677-0400] {processor.py:186} INFO - Started process (PID=28258) to work on /home/aangava/MSP/airflow_venv/lib/python3.12/site-packages/airflow/example_dags/example_sensor_decorator.py
[2025-05-14T14:12:05.679-0400] {processor.py:914} INFO - Processing file /home/aangava/MSP/airflow_venv/lib/python3.12/site-packages/airflow/example_dags/example_sensor_decorator.py for tasks to queue
[2025-05-14T14:12:05.680-0400] {logging_mixin.py:190} INFO - [2025-05-14T14:12:05.679-0400] {dagbag.py:588} INFO - Filling up the DagBag from /home/aangava/MSP/airflow_venv/lib/python3.12/site-packages/airflow/example_dags/example_sensor_decorator.py
[2025-05-14T14:12:05.684-0400] {processor.py:925} INFO - DAG(s) 'example_sensor_decorator' retrieved from /home/aangava/MSP/airflow_venv/lib/python3.12/site-packages/airflow/example_dags/example_sensor_decorator.py
[2025-05-14T14:12:05.695-0400] {logging_mixin.py:190} INFO - [2025-05-14T14:12:05.695-0400] {dag.py:3239} INFO - Sync 1 DAGs
[2025-05-14T14:12:05.703-0400] {logging_mixin.py:190} INFO - [2025-05-14T14:12:05.703-0400] {dag.py:4180} INFO - Setting next_dagrun for example_sensor_decorator to None, run_after=None
[2025-05-14T14:12:05.715-0400] {processor.py:208} INFO - Processing /home/aangava/MSP/airflow_venv/lib/python3.12/site-packages/airflow/example_dags/example_sensor_decorator.py took 0.042 seconds
[2025-05-14T14:12:58.609-0400] {processor.py:186} INFO - Started process (PID=28471) to work on /home/aangava/MSP/airflow_venv/lib/python3.12/site-packages/airflow/example_dags/example_sensor_decorator.py
[2025-05-14T14:12:58.619-0400] {processor.py:914} INFO - Processing file /home/aangava/MSP/airflow_venv/lib/python3.12/site-packages/airflow/example_dags/example_sensor_decorator.py for tasks to queue
[2025-05-14T14:12:58.620-0400] {logging_mixin.py:190} INFO - [2025-05-14T14:12:58.620-0400] {dagbag.py:588} INFO - Filling up the DagBag from /home/aangava/MSP/airflow_venv/lib/python3.12/site-packages/airflow/example_dags/example_sensor_decorator.py
[2025-05-14T14:12:58.624-0400] {processor.py:925} INFO - DAG(s) 'example_sensor_decorator' retrieved from /home/aangava/MSP/airflow_venv/lib/python3.12/site-packages/airflow/example_dags/example_sensor_decorator.py
[2025-05-14T14:12:58.633-0400] {logging_mixin.py:190} INFO - [2025-05-14T14:12:58.633-0400] {dag.py:3239} INFO - Sync 1 DAGs
[2025-05-14T14:12:58.640-0400] {logging_mixin.py:190} INFO - [2025-05-14T14:12:58.640-0400] {dag.py:4180} INFO - Setting next_dagrun for example_sensor_decorator to None, run_after=None
[2025-05-14T14:12:58.653-0400] {processor.py:208} INFO - Processing /home/aangava/MSP/airflow_venv/lib/python3.12/site-packages/airflow/example_dags/example_sensor_decorator.py took 0.048 seconds
[2025-05-14T14:13:51.357-0400] {processor.py:186} INFO - Started process (PID=28692) to work on /home/aangava/MSP/airflow_venv/lib/python3.12/site-packages/airflow/example_dags/example_sensor_decorator.py
[2025-05-14T14:13:51.366-0400] {processor.py:914} INFO - Processing file /home/aangava/MSP/airflow_venv/lib/python3.12/site-packages/airflow/example_dags/example_sensor_decorator.py for tasks to queue
[2025-05-14T14:13:51.367-0400] {logging_mixin.py:190} INFO - [2025-05-14T14:13:51.367-0400] {dagbag.py:588} INFO - Filling up the DagBag from /home/aangava/MSP/airflow_venv/lib/python3.12/site-packages/airflow/example_dags/example_sensor_decorator.py
[2025-05-14T14:13:51.374-0400] {processor.py:925} INFO - DAG(s) 'example_sensor_decorator' retrieved from /home/aangava/MSP/airflow_venv/lib/python3.12/site-packages/airflow/example_dags/example_sensor_decorator.py
[2025-05-14T14:13:51.391-0400] {logging_mixin.py:190} INFO - [2025-05-14T14:13:51.391-0400] {dag.py:3239} INFO - Sync 1 DAGs
[2025-05-14T14:13:51.399-0400] {logging_mixin.py:190} INFO - [2025-05-14T14:13:51.398-0400] {dag.py:4180} INFO - Setting next_dagrun for example_sensor_decorator to None, run_after=None
[2025-05-14T14:13:51.413-0400] {processor.py:208} INFO - Processing /home/aangava/MSP/airflow_venv/lib/python3.12/site-packages/airflow/example_dags/example_sensor_decorator.py took 0.062 seconds
[2025-05-14T14:14:45.010-0400] {processor.py:186} INFO - Started process (PID=28908) to work on /home/aangava/MSP/airflow_venv/lib/python3.12/site-packages/airflow/example_dags/example_sensor_decorator.py
[2025-05-14T14:14:45.020-0400] {processor.py:914} INFO - Processing file /home/aangava/MSP/airflow_venv/lib/python3.12/site-packages/airflow/example_dags/example_sensor_decorator.py for tasks to queue
[2025-05-14T14:14:45.021-0400] {logging_mixin.py:190} INFO - [2025-05-14T14:14:45.021-0400] {dagbag.py:588} INFO - Filling up the DagBag from /home/aangava/MSP/airflow_venv/lib/python3.12/site-packages/airflow/example_dags/example_sensor_decorator.py
[2025-05-14T14:14:45.027-0400] {processor.py:925} INFO - DAG(s) 'example_sensor_decorator' retrieved from /home/aangava/MSP/airflow_venv/lib/python3.12/site-packages/airflow/example_dags/example_sensor_decorator.py
[2025-05-14T14:14:45.037-0400] {logging_mixin.py:190} INFO - [2025-05-14T14:14:45.037-0400] {dag.py:3239} INFO - Sync 1 DAGs
[2025-05-14T14:14:45.043-0400] {logging_mixin.py:190} INFO - [2025-05-14T14:14:45.043-0400] {dag.py:4180} INFO - Setting next_dagrun for example_sensor_decorator to None, run_after=None
[2025-05-14T14:14:45.056-0400] {processor.py:208} INFO - Processing /home/aangava/MSP/airflow_venv/lib/python3.12/site-packages/airflow/example_dags/example_sensor_decorator.py took 0.050 seconds
[2025-05-14T14:15:37.344-0400] {processor.py:186} INFO - Started process (PID=29121) to work on /home/aangava/MSP/airflow_venv/lib/python3.12/site-packages/airflow/example_dags/example_sensor_decorator.py
[2025-05-14T14:15:37.346-0400] {processor.py:914} INFO - Processing file /home/aangava/MSP/airflow_venv/lib/python3.12/site-packages/airflow/example_dags/example_sensor_decorator.py for tasks to queue
[2025-05-14T14:15:37.346-0400] {logging_mixin.py:190} INFO - [2025-05-14T14:15:37.346-0400] {dagbag.py:588} INFO - Filling up the DagBag from /home/aangava/MSP/airflow_venv/lib/python3.12/site-packages/airflow/example_dags/example_sensor_decorator.py
[2025-05-14T14:15:37.352-0400] {processor.py:925} INFO - DAG(s) 'example_sensor_decorator' retrieved from /home/aangava/MSP/airflow_venv/lib/python3.12/site-packages/airflow/example_dags/example_sensor_decorator.py
[2025-05-14T14:15:37.362-0400] {logging_mixin.py:190} INFO - [2025-05-14T14:15:37.362-0400] {dag.py:3239} INFO - Sync 1 DAGs
[2025-05-14T14:15:37.368-0400] {logging_mixin.py:190} INFO - [2025-05-14T14:15:37.368-0400] {dag.py:4180} INFO - Setting next_dagrun for example_sensor_decorator to None, run_after=None
[2025-05-14T14:15:37.382-0400] {processor.py:208} INFO - Processing /home/aangava/MSP/airflow_venv/lib/python3.12/site-packages/airflow/example_dags/example_sensor_decorator.py took 0.042 seconds
[2025-05-14T14:16:31.198-0400] {processor.py:186} INFO - Started process (PID=29332) to work on /home/aangava/MSP/airflow_venv/lib/python3.12/site-packages/airflow/example_dags/example_sensor_decorator.py
[2025-05-14T14:16:31.208-0400] {processor.py:914} INFO - Processing file /home/aangava/MSP/airflow_venv/lib/python3.12/site-packages/airflow/example_dags/example_sensor_decorator.py for tasks to queue
[2025-05-14T14:16:31.209-0400] {logging_mixin.py:190} INFO - [2025-05-14T14:16:31.208-0400] {dagbag.py:588} INFO - Filling up the DagBag from /home/aangava/MSP/airflow_venv/lib/python3.12/site-packages/airflow/example_dags/example_sensor_decorator.py
[2025-05-14T14:16:31.213-0400] {processor.py:925} INFO - DAG(s) 'example_sensor_decorator' retrieved from /home/aangava/MSP/airflow_venv/lib/python3.12/site-packages/airflow/example_dags/example_sensor_decorator.py
[2025-05-14T14:16:31.223-0400] {logging_mixin.py:190} INFO - [2025-05-14T14:16:31.223-0400] {dag.py:3239} INFO - Sync 1 DAGs
[2025-05-14T14:16:31.230-0400] {logging_mixin.py:190} INFO - [2025-05-14T14:16:31.230-0400] {dag.py:4180} INFO - Setting next_dagrun for example_sensor_decorator to None, run_after=None
[2025-05-14T14:16:31.243-0400] {processor.py:208} INFO - Processing /home/aangava/MSP/airflow_venv/lib/python3.12/site-packages/airflow/example_dags/example_sensor_decorator.py took 0.049 seconds
[2025-05-14T14:17:24.650-0400] {processor.py:186} INFO - Started process (PID=29547) to work on /home/aangava/MSP/airflow_venv/lib/python3.12/site-packages/airflow/example_dags/example_sensor_decorator.py
[2025-05-14T14:17:24.651-0400] {processor.py:914} INFO - Processing file /home/aangava/MSP/airflow_venv/lib/python3.12/site-packages/airflow/example_dags/example_sensor_decorator.py for tasks to queue
[2025-05-14T14:17:24.652-0400] {logging_mixin.py:190} INFO - [2025-05-14T14:17:24.652-0400] {dagbag.py:588} INFO - Filling up the DagBag from /home/aangava/MSP/airflow_venv/lib/python3.12/site-packages/airflow/example_dags/example_sensor_decorator.py
[2025-05-14T14:17:24.657-0400] {processor.py:925} INFO - DAG(s) 'example_sensor_decorator' retrieved from /home/aangava/MSP/airflow_venv/lib/python3.12/site-packages/airflow/example_dags/example_sensor_decorator.py
[2025-05-14T14:17:24.667-0400] {logging_mixin.py:190} INFO - [2025-05-14T14:17:24.667-0400] {dag.py:3239} INFO - Sync 1 DAGs
[2025-05-14T14:17:24.675-0400] {logging_mixin.py:190} INFO - [2025-05-14T14:17:24.675-0400] {dag.py:4180} INFO - Setting next_dagrun for example_sensor_decorator to None, run_after=None
[2025-05-14T14:17:24.686-0400] {processor.py:208} INFO - Processing /home/aangava/MSP/airflow_venv/lib/python3.12/site-packages/airflow/example_dags/example_sensor_decorator.py took 0.040 seconds
[2025-05-14T14:18:21.254-0400] {processor.py:186} INFO - Started process (PID=29808) to work on /home/aangava/MSP/airflow_venv/lib/python3.12/site-packages/airflow/example_dags/example_sensor_decorator.py
[2025-05-14T14:18:21.255-0400] {processor.py:914} INFO - Processing file /home/aangava/MSP/airflow_venv/lib/python3.12/site-packages/airflow/example_dags/example_sensor_decorator.py for tasks to queue
[2025-05-14T14:18:21.256-0400] {logging_mixin.py:190} INFO - [2025-05-14T14:18:21.256-0400] {dagbag.py:588} INFO - Filling up the DagBag from /home/aangava/MSP/airflow_venv/lib/python3.12/site-packages/airflow/example_dags/example_sensor_decorator.py
[2025-05-14T14:18:21.261-0400] {processor.py:925} INFO - DAG(s) 'example_sensor_decorator' retrieved from /home/aangava/MSP/airflow_venv/lib/python3.12/site-packages/airflow/example_dags/example_sensor_decorator.py
[2025-05-14T14:18:21.272-0400] {logging_mixin.py:190} INFO - [2025-05-14T14:18:21.272-0400] {dag.py:3239} INFO - Sync 1 DAGs
[2025-05-14T14:18:21.280-0400] {logging_mixin.py:190} INFO - [2025-05-14T14:18:21.280-0400] {dag.py:4180} INFO - Setting next_dagrun for example_sensor_decorator to None, run_after=None
[2025-05-14T14:18:21.405-0400] {processor.py:208} INFO - Processing /home/aangava/MSP/airflow_venv/lib/python3.12/site-packages/airflow/example_dags/example_sensor_decorator.py took 0.156 seconds
[2025-05-14T14:19:17.017-0400] {processor.py:186} INFO - Started process (PID=30117) to work on /home/aangava/MSP/airflow_venv/lib/python3.12/site-packages/airflow/example_dags/example_sensor_decorator.py
[2025-05-14T14:19:17.027-0400] {processor.py:914} INFO - Processing file /home/aangava/MSP/airflow_venv/lib/python3.12/site-packages/airflow/example_dags/example_sensor_decorator.py for tasks to queue
[2025-05-14T14:19:17.028-0400] {logging_mixin.py:190} INFO - [2025-05-14T14:19:17.028-0400] {dagbag.py:588} INFO - Filling up the DagBag from /home/aangava/MSP/airflow_venv/lib/python3.12/site-packages/airflow/example_dags/example_sensor_decorator.py
[2025-05-14T14:19:17.032-0400] {processor.py:925} INFO - DAG(s) 'example_sensor_decorator' retrieved from /home/aangava/MSP/airflow_venv/lib/python3.12/site-packages/airflow/example_dags/example_sensor_decorator.py
[2025-05-14T14:19:17.043-0400] {logging_mixin.py:190} INFO - [2025-05-14T14:19:17.043-0400] {dag.py:3239} INFO - Sync 1 DAGs
[2025-05-14T14:19:17.051-0400] {logging_mixin.py:190} INFO - [2025-05-14T14:19:17.050-0400] {dag.py:4180} INFO - Setting next_dagrun for example_sensor_decorator to None, run_after=None
[2025-05-14T14:19:17.063-0400] {processor.py:208} INFO - Processing /home/aangava/MSP/airflow_venv/lib/python3.12/site-packages/airflow/example_dags/example_sensor_decorator.py took 0.050 seconds
[2025-05-14T14:20:10.370-0400] {processor.py:186} INFO - Started process (PID=30383) to work on /home/aangava/MSP/airflow_venv/lib/python3.12/site-packages/airflow/example_dags/example_sensor_decorator.py
[2025-05-14T14:20:10.371-0400] {processor.py:914} INFO - Processing file /home/aangava/MSP/airflow_venv/lib/python3.12/site-packages/airflow/example_dags/example_sensor_decorator.py for tasks to queue
[2025-05-14T14:20:10.372-0400] {logging_mixin.py:190} INFO - [2025-05-14T14:20:10.371-0400] {dagbag.py:588} INFO - Filling up the DagBag from /home/aangava/MSP/airflow_venv/lib/python3.12/site-packages/airflow/example_dags/example_sensor_decorator.py
[2025-05-14T14:20:10.376-0400] {processor.py:925} INFO - DAG(s) 'example_sensor_decorator' retrieved from /home/aangava/MSP/airflow_venv/lib/python3.12/site-packages/airflow/example_dags/example_sensor_decorator.py
[2025-05-14T14:20:10.387-0400] {logging_mixin.py:190} INFO - [2025-05-14T14:20:10.387-0400] {dag.py:3239} INFO - Sync 1 DAGs
[2025-05-14T14:20:10.394-0400] {logging_mixin.py:190} INFO - [2025-05-14T14:20:10.394-0400] {dag.py:4180} INFO - Setting next_dagrun for example_sensor_decorator to None, run_after=None
[2025-05-14T14:20:10.409-0400] {processor.py:208} INFO - Processing /home/aangava/MSP/airflow_venv/lib/python3.12/site-packages/airflow/example_dags/example_sensor_decorator.py took 0.043 seconds
[2025-05-14T14:21:08.835-0400] {processor.py:186} INFO - Started process (PID=30670) to work on /home/aangava/MSP/airflow_venv/lib/python3.12/site-packages/airflow/example_dags/example_sensor_decorator.py
[2025-05-14T14:21:08.836-0400] {processor.py:914} INFO - Processing file /home/aangava/MSP/airflow_venv/lib/python3.12/site-packages/airflow/example_dags/example_sensor_decorator.py for tasks to queue
[2025-05-14T14:21:08.837-0400] {logging_mixin.py:190} INFO - [2025-05-14T14:21:08.836-0400] {dagbag.py:588} INFO - Filling up the DagBag from /home/aangava/MSP/airflow_venv/lib/python3.12/site-packages/airflow/example_dags/example_sensor_decorator.py
[2025-05-14T14:21:08.842-0400] {processor.py:925} INFO - DAG(s) 'example_sensor_decorator' retrieved from /home/aangava/MSP/airflow_venv/lib/python3.12/site-packages/airflow/example_dags/example_sensor_decorator.py
[2025-05-14T14:21:08.854-0400] {logging_mixin.py:190} INFO - [2025-05-14T14:21:08.854-0400] {dag.py:3239} INFO - Sync 1 DAGs
[2025-05-14T14:21:08.986-0400] {logging_mixin.py:190} INFO - [2025-05-14T14:21:08.986-0400] {dag.py:4180} INFO - Setting next_dagrun for example_sensor_decorator to None, run_after=None
[2025-05-14T14:21:09.000-0400] {processor.py:208} INFO - Processing /home/aangava/MSP/airflow_venv/lib/python3.12/site-packages/airflow/example_dags/example_sensor_decorator.py took 0.170 seconds
[2025-05-14T14:22:31.504-0400] {processor.py:186} INFO - Started process (PID=31157) to work on /home/aangava/MSP/airflow_venv/lib/python3.12/site-packages/airflow/example_dags/example_sensor_decorator.py
[2025-05-14T14:22:31.514-0400] {processor.py:914} INFO - Processing file /home/aangava/MSP/airflow_venv/lib/python3.12/site-packages/airflow/example_dags/example_sensor_decorator.py for tasks to queue
[2025-05-14T14:22:31.515-0400] {logging_mixin.py:190} INFO - [2025-05-14T14:22:31.515-0400] {dagbag.py:588} INFO - Filling up the DagBag from /home/aangava/MSP/airflow_venv/lib/python3.12/site-packages/airflow/example_dags/example_sensor_decorator.py
[2025-05-14T14:22:31.521-0400] {processor.py:925} INFO - DAG(s) 'example_sensor_decorator' retrieved from /home/aangava/MSP/airflow_venv/lib/python3.12/site-packages/airflow/example_dags/example_sensor_decorator.py
[2025-05-14T14:22:31.531-0400] {logging_mixin.py:190} INFO - [2025-05-14T14:22:31.531-0400] {dag.py:3239} INFO - Sync 1 DAGs
[2025-05-14T14:22:31.539-0400] {logging_mixin.py:190} INFO - [2025-05-14T14:22:31.539-0400] {dag.py:4180} INFO - Setting next_dagrun for example_sensor_decorator to None, run_after=None
[2025-05-14T14:22:31.554-0400] {processor.py:208} INFO - Processing /home/aangava/MSP/airflow_venv/lib/python3.12/site-packages/airflow/example_dags/example_sensor_decorator.py took 0.055 seconds
[2025-05-14T14:23:23.323-0400] {processor.py:186} INFO - Started process (PID=31368) to work on /home/aangava/MSP/airflow_venv/lib/python3.12/site-packages/airflow/example_dags/example_sensor_decorator.py
[2025-05-14T14:23:23.325-0400] {processor.py:914} INFO - Processing file /home/aangava/MSP/airflow_venv/lib/python3.12/site-packages/airflow/example_dags/example_sensor_decorator.py for tasks to queue
[2025-05-14T14:23:23.326-0400] {logging_mixin.py:190} INFO - [2025-05-14T14:23:23.326-0400] {dagbag.py:588} INFO - Filling up the DagBag from /home/aangava/MSP/airflow_venv/lib/python3.12/site-packages/airflow/example_dags/example_sensor_decorator.py
[2025-05-14T14:23:23.331-0400] {processor.py:925} INFO - DAG(s) 'example_sensor_decorator' retrieved from /home/aangava/MSP/airflow_venv/lib/python3.12/site-packages/airflow/example_dags/example_sensor_decorator.py
[2025-05-14T14:23:23.344-0400] {logging_mixin.py:190} INFO - [2025-05-14T14:23:23.344-0400] {dag.py:3239} INFO - Sync 1 DAGs
[2025-05-14T14:23:23.355-0400] {logging_mixin.py:190} INFO - [2025-05-14T14:23:23.355-0400] {dag.py:4180} INFO - Setting next_dagrun for example_sensor_decorator to None, run_after=None
[2025-05-14T14:23:23.368-0400] {processor.py:208} INFO - Processing /home/aangava/MSP/airflow_venv/lib/python3.12/site-packages/airflow/example_dags/example_sensor_decorator.py took 0.050 seconds
[2025-05-14T14:24:43.582-0400] {processor.py:186} INFO - Started process (PID=31921) to work on /home/aangava/MSP/airflow_venv/lib/python3.12/site-packages/airflow/example_dags/example_sensor_decorator.py
[2025-05-14T14:24:43.592-0400] {processor.py:914} INFO - Processing file /home/aangava/MSP/airflow_venv/lib/python3.12/site-packages/airflow/example_dags/example_sensor_decorator.py for tasks to queue
[2025-05-14T14:24:43.593-0400] {logging_mixin.py:190} INFO - [2025-05-14T14:24:43.592-0400] {dagbag.py:588} INFO - Filling up the DagBag from /home/aangava/MSP/airflow_venv/lib/python3.12/site-packages/airflow/example_dags/example_sensor_decorator.py
[2025-05-14T14:24:43.597-0400] {processor.py:925} INFO - DAG(s) 'example_sensor_decorator' retrieved from /home/aangava/MSP/airflow_venv/lib/python3.12/site-packages/airflow/example_dags/example_sensor_decorator.py
[2025-05-14T14:24:43.607-0400] {logging_mixin.py:190} INFO - [2025-05-14T14:24:43.607-0400] {dag.py:3239} INFO - Sync 1 DAGs
[2025-05-14T14:24:43.614-0400] {logging_mixin.py:190} INFO - [2025-05-14T14:24:43.614-0400] {dag.py:4180} INFO - Setting next_dagrun for example_sensor_decorator to None, run_after=None
[2025-05-14T14:24:43.627-0400] {processor.py:208} INFO - Processing /home/aangava/MSP/airflow_venv/lib/python3.12/site-packages/airflow/example_dags/example_sensor_decorator.py took 0.048 seconds
