[2025-05-14T12:54:34.062-0400] {processor.py:186} INFO - Started process (PID=2287) to work on /home/aangava/MSP/airflow_venv/lib/python3.12/site-packages/airflow/example_dags/example_short_circuit_operator.py
[2025-05-14T12:54:34.063-0400] {processor.py:914} INFO - Processing file /home/aangava/MSP/airflow_venv/lib/python3.12/site-packages/airflow/example_dags/example_short_circuit_operator.py for tasks to queue
[2025-05-14T12:54:34.065-0400] {logging_mixin.py:190} INFO - [2025-05-14T12:54:34.065-0400] {dagbag.py:588} INFO - Filling up the DagBag from /home/aangava/MSP/airflow_venv/lib/python3.12/site-packages/airflow/example_dags/example_short_circuit_operator.py
[2025-05-14T12:54:34.074-0400] {processor.py:925} INFO - DAG(s) 'example_short_circuit_operator' retrieved from /home/aangava/MSP/airflow_venv/lib/python3.12/site-packages/airflow/example_dags/example_short_circuit_operator.py
[2025-05-14T12:54:34.096-0400] {logging_mixin.py:190} INFO - [2025-05-14T12:54:34.096-0400] {dag.py:3239} INFO - Sync 1 DAGs
[2025-05-14T12:54:34.110-0400] {logging_mixin.py:190} INFO - [2025-05-14T12:54:34.109-0400] {dag.py:4180} INFO - Setting next_dagrun for example_short_circuit_operator to None, run_after=None
[2025-05-14T12:54:34.146-0400] {processor.py:208} INFO - Processing /home/aangava/MSP/airflow_venv/lib/python3.12/site-packages/airflow/example_dags/example_short_circuit_operator.py took 0.090 seconds
[2025-05-14T12:55:51.050-0400] {processor.py:186} INFO - Started process (PID=2753) to work on /home/aangava/MSP/airflow_venv/lib/python3.12/site-packages/airflow/example_dags/example_short_circuit_operator.py
[2025-05-14T12:55:51.061-0400] {processor.py:914} INFO - Processing file /home/aangava/MSP/airflow_venv/lib/python3.12/site-packages/airflow/example_dags/example_short_circuit_operator.py for tasks to queue
[2025-05-14T12:55:51.064-0400] {logging_mixin.py:190} INFO - [2025-05-14T12:55:51.063-0400] {dagbag.py:588} INFO - Filling up the DagBag from /home/aangava/MSP/airflow_venv/lib/python3.12/site-packages/airflow/example_dags/example_short_circuit_operator.py
[2025-05-14T12:55:51.081-0400] {processor.py:925} INFO - DAG(s) 'example_short_circuit_operator' retrieved from /home/aangava/MSP/airflow_venv/lib/python3.12/site-packages/airflow/example_dags/example_short_circuit_operator.py
[2025-05-14T12:55:51.103-0400] {logging_mixin.py:190} INFO - [2025-05-14T12:55:51.102-0400] {dag.py:3239} INFO - Sync 1 DAGs
[2025-05-14T12:55:51.122-0400] {logging_mixin.py:190} INFO - [2025-05-14T12:55:51.122-0400] {dag.py:4180} INFO - Setting next_dagrun for example_short_circuit_operator to None, run_after=None
[2025-05-14T12:55:51.148-0400] {processor.py:208} INFO - Processing /home/aangava/MSP/airflow_venv/lib/python3.12/site-packages/airflow/example_dags/example_short_circuit_operator.py took 0.108 seconds
[2025-05-14T12:56:51.821-0400] {processor.py:186} INFO - Started process (PID=3046) to work on /home/aangava/MSP/airflow_venv/lib/python3.12/site-packages/airflow/example_dags/example_short_circuit_operator.py
[2025-05-14T12:56:51.822-0400] {processor.py:914} INFO - Processing file /home/aangava/MSP/airflow_venv/lib/python3.12/site-packages/airflow/example_dags/example_short_circuit_operator.py for tasks to queue
[2025-05-14T12:56:51.824-0400] {logging_mixin.py:190} INFO - [2025-05-14T12:56:51.824-0400] {dagbag.py:588} INFO - Filling up the DagBag from /home/aangava/MSP/airflow_venv/lib/python3.12/site-packages/airflow/example_dags/example_short_circuit_operator.py
[2025-05-14T12:56:51.831-0400] {processor.py:925} INFO - DAG(s) 'example_short_circuit_operator' retrieved from /home/aangava/MSP/airflow_venv/lib/python3.12/site-packages/airflow/example_dags/example_short_circuit_operator.py
[2025-05-14T12:56:51.842-0400] {logging_mixin.py:190} INFO - [2025-05-14T12:56:51.842-0400] {dag.py:3239} INFO - Sync 1 DAGs
[2025-05-14T12:56:51.851-0400] {logging_mixin.py:190} INFO - [2025-05-14T12:56:51.851-0400] {dag.py:4180} INFO - Setting next_dagrun for example_short_circuit_operator to None, run_after=None
[2025-05-14T12:56:51.869-0400] {processor.py:208} INFO - Processing /home/aangava/MSP/airflow_venv/lib/python3.12/site-packages/airflow/example_dags/example_short_circuit_operator.py took 0.052 seconds
[2025-05-14T12:57:50.341-0400] {processor.py:186} INFO - Started process (PID=3334) to work on /home/aangava/MSP/airflow_venv/lib/python3.12/site-packages/airflow/example_dags/example_short_circuit_operator.py
[2025-05-14T12:57:50.352-0400] {processor.py:914} INFO - Processing file /home/aangava/MSP/airflow_venv/lib/python3.12/site-packages/airflow/example_dags/example_short_circuit_operator.py for tasks to queue
[2025-05-14T12:57:50.355-0400] {logging_mixin.py:190} INFO - [2025-05-14T12:57:50.355-0400] {dagbag.py:588} INFO - Filling up the DagBag from /home/aangava/MSP/airflow_venv/lib/python3.12/site-packages/airflow/example_dags/example_short_circuit_operator.py
[2025-05-14T12:57:50.369-0400] {processor.py:925} INFO - DAG(s) 'example_short_circuit_operator' retrieved from /home/aangava/MSP/airflow_venv/lib/python3.12/site-packages/airflow/example_dags/example_short_circuit_operator.py
[2025-05-14T12:57:50.387-0400] {logging_mixin.py:190} INFO - [2025-05-14T12:57:50.387-0400] {dag.py:3239} INFO - Sync 1 DAGs
[2025-05-14T12:57:50.400-0400] {logging_mixin.py:190} INFO - [2025-05-14T12:57:50.399-0400] {dag.py:4180} INFO - Setting next_dagrun for example_short_circuit_operator to None, run_after=None
[2025-05-14T12:57:50.425-0400] {processor.py:208} INFO - Processing /home/aangava/MSP/airflow_venv/lib/python3.12/site-packages/airflow/example_dags/example_short_circuit_operator.py took 0.092 seconds
[2025-05-14T12:58:49.768-0400] {processor.py:186} INFO - Started process (PID=3647) to work on /home/aangava/MSP/airflow_venv/lib/python3.12/site-packages/airflow/example_dags/example_short_circuit_operator.py
[2025-05-14T12:58:49.780-0400] {processor.py:914} INFO - Processing file /home/aangava/MSP/airflow_venv/lib/python3.12/site-packages/airflow/example_dags/example_short_circuit_operator.py for tasks to queue
[2025-05-14T12:58:49.784-0400] {logging_mixin.py:190} INFO - [2025-05-14T12:58:49.784-0400] {dagbag.py:588} INFO - Filling up the DagBag from /home/aangava/MSP/airflow_venv/lib/python3.12/site-packages/airflow/example_dags/example_short_circuit_operator.py
[2025-05-14T12:58:49.802-0400] {processor.py:925} INFO - DAG(s) 'example_short_circuit_operator' retrieved from /home/aangava/MSP/airflow_venv/lib/python3.12/site-packages/airflow/example_dags/example_short_circuit_operator.py
[2025-05-14T12:58:49.825-0400] {logging_mixin.py:190} INFO - [2025-05-14T12:58:49.825-0400] {dag.py:3239} INFO - Sync 1 DAGs
[2025-05-14T12:58:49.841-0400] {logging_mixin.py:190} INFO - [2025-05-14T12:58:49.841-0400] {dag.py:4180} INFO - Setting next_dagrun for example_short_circuit_operator to None, run_after=None
[2025-05-14T12:58:49.867-0400] {processor.py:208} INFO - Processing /home/aangava/MSP/airflow_venv/lib/python3.12/site-packages/airflow/example_dags/example_short_circuit_operator.py took 0.109 seconds
[2025-05-14T12:59:49.205-0400] {processor.py:186} INFO - Started process (PID=3959) to work on /home/aangava/MSP/airflow_venv/lib/python3.12/site-packages/airflow/example_dags/example_short_circuit_operator.py
[2025-05-14T12:59:49.207-0400] {processor.py:914} INFO - Processing file /home/aangava/MSP/airflow_venv/lib/python3.12/site-packages/airflow/example_dags/example_short_circuit_operator.py for tasks to queue
[2025-05-14T12:59:49.211-0400] {logging_mixin.py:190} INFO - [2025-05-14T12:59:49.210-0400] {dagbag.py:588} INFO - Filling up the DagBag from /home/aangava/MSP/airflow_venv/lib/python3.12/site-packages/airflow/example_dags/example_short_circuit_operator.py
[2025-05-14T12:59:49.222-0400] {processor.py:925} INFO - DAG(s) 'example_short_circuit_operator' retrieved from /home/aangava/MSP/airflow_venv/lib/python3.12/site-packages/airflow/example_dags/example_short_circuit_operator.py
[2025-05-14T12:59:49.245-0400] {logging_mixin.py:190} INFO - [2025-05-14T12:59:49.245-0400] {dag.py:3239} INFO - Sync 1 DAGs
[2025-05-14T12:59:49.258-0400] {logging_mixin.py:190} INFO - [2025-05-14T12:59:49.257-0400] {dag.py:4180} INFO - Setting next_dagrun for example_short_circuit_operator to None, run_after=None
[2025-05-14T12:59:49.282-0400] {processor.py:208} INFO - Processing /home/aangava/MSP/airflow_venv/lib/python3.12/site-packages/airflow/example_dags/example_short_circuit_operator.py took 0.083 seconds
[2025-05-14T13:00:53.757-0400] {processor.py:186} INFO - Started process (PID=4277) to work on /home/aangava/MSP/airflow_venv/lib/python3.12/site-packages/airflow/example_dags/example_short_circuit_operator.py
[2025-05-14T13:00:53.769-0400] {processor.py:914} INFO - Processing file /home/aangava/MSP/airflow_venv/lib/python3.12/site-packages/airflow/example_dags/example_short_circuit_operator.py for tasks to queue
[2025-05-14T13:00:53.772-0400] {logging_mixin.py:190} INFO - [2025-05-14T13:00:53.772-0400] {dagbag.py:588} INFO - Filling up the DagBag from /home/aangava/MSP/airflow_venv/lib/python3.12/site-packages/airflow/example_dags/example_short_circuit_operator.py
[2025-05-14T13:00:53.786-0400] {processor.py:925} INFO - DAG(s) 'example_short_circuit_operator' retrieved from /home/aangava/MSP/airflow_venv/lib/python3.12/site-packages/airflow/example_dags/example_short_circuit_operator.py
[2025-05-14T13:00:53.805-0400] {logging_mixin.py:190} INFO - [2025-05-14T13:00:53.805-0400] {dag.py:3239} INFO - Sync 1 DAGs
[2025-05-14T13:00:53.817-0400] {logging_mixin.py:190} INFO - [2025-05-14T13:00:53.817-0400] {dag.py:4180} INFO - Setting next_dagrun for example_short_circuit_operator to None, run_after=None
[2025-05-14T13:00:53.842-0400] {processor.py:208} INFO - Processing /home/aangava/MSP/airflow_venv/lib/python3.12/site-packages/airflow/example_dags/example_short_circuit_operator.py took 0.092 seconds
[2025-05-14T13:01:52.731-0400] {processor.py:186} INFO - Started process (PID=4606) to work on /home/aangava/MSP/airflow_venv/lib/python3.12/site-packages/airflow/example_dags/example_short_circuit_operator.py
[2025-05-14T13:01:52.741-0400] {processor.py:914} INFO - Processing file /home/aangava/MSP/airflow_venv/lib/python3.12/site-packages/airflow/example_dags/example_short_circuit_operator.py for tasks to queue
[2025-05-14T13:01:52.743-0400] {logging_mixin.py:190} INFO - [2025-05-14T13:01:52.743-0400] {dagbag.py:588} INFO - Filling up the DagBag from /home/aangava/MSP/airflow_venv/lib/python3.12/site-packages/airflow/example_dags/example_short_circuit_operator.py
[2025-05-14T13:01:52.754-0400] {processor.py:925} INFO - DAG(s) 'example_short_circuit_operator' retrieved from /home/aangava/MSP/airflow_venv/lib/python3.12/site-packages/airflow/example_dags/example_short_circuit_operator.py
[2025-05-14T13:01:52.773-0400] {logging_mixin.py:190} INFO - [2025-05-14T13:01:52.772-0400] {dag.py:3239} INFO - Sync 1 DAGs
[2025-05-14T13:01:52.789-0400] {logging_mixin.py:190} INFO - [2025-05-14T13:01:52.788-0400] {dag.py:4180} INFO - Setting next_dagrun for example_short_circuit_operator to None, run_after=None
[2025-05-14T13:01:52.821-0400] {processor.py:208} INFO - Processing /home/aangava/MSP/airflow_venv/lib/python3.12/site-packages/airflow/example_dags/example_short_circuit_operator.py took 0.098 seconds
[2025-05-14T13:02:55.274-0400] {processor.py:186} INFO - Started process (PID=4940) to work on /home/aangava/MSP/airflow_venv/lib/python3.12/site-packages/airflow/example_dags/example_short_circuit_operator.py
[2025-05-14T13:02:55.285-0400] {processor.py:914} INFO - Processing file /home/aangava/MSP/airflow_venv/lib/python3.12/site-packages/airflow/example_dags/example_short_circuit_operator.py for tasks to queue
[2025-05-14T13:02:55.290-0400] {logging_mixin.py:190} INFO - [2025-05-14T13:02:55.289-0400] {dagbag.py:588} INFO - Filling up the DagBag from /home/aangava/MSP/airflow_venv/lib/python3.12/site-packages/airflow/example_dags/example_short_circuit_operator.py
[2025-05-14T13:02:55.302-0400] {processor.py:925} INFO - DAG(s) 'example_short_circuit_operator' retrieved from /home/aangava/MSP/airflow_venv/lib/python3.12/site-packages/airflow/example_dags/example_short_circuit_operator.py
[2025-05-14T13:02:55.324-0400] {logging_mixin.py:190} INFO - [2025-05-14T13:02:55.323-0400] {dag.py:3239} INFO - Sync 1 DAGs
[2025-05-14T13:02:55.344-0400] {logging_mixin.py:190} INFO - [2025-05-14T13:02:55.344-0400] {dag.py:4180} INFO - Setting next_dagrun for example_short_circuit_operator to None, run_after=None
[2025-05-14T13:02:55.377-0400] {processor.py:208} INFO - Processing /home/aangava/MSP/airflow_venv/lib/python3.12/site-packages/airflow/example_dags/example_short_circuit_operator.py took 0.113 seconds
[2025-05-14T13:03:54.217-0400] {processor.py:186} INFO - Started process (PID=5251) to work on /home/aangava/MSP/airflow_venv/lib/python3.12/site-packages/airflow/example_dags/example_short_circuit_operator.py
[2025-05-14T13:03:54.228-0400] {processor.py:914} INFO - Processing file /home/aangava/MSP/airflow_venv/lib/python3.12/site-packages/airflow/example_dags/example_short_circuit_operator.py for tasks to queue
[2025-05-14T13:03:54.232-0400] {logging_mixin.py:190} INFO - [2025-05-14T13:03:54.231-0400] {dagbag.py:588} INFO - Filling up the DagBag from /home/aangava/MSP/airflow_venv/lib/python3.12/site-packages/airflow/example_dags/example_short_circuit_operator.py
[2025-05-14T13:03:54.252-0400] {processor.py:925} INFO - DAG(s) 'example_short_circuit_operator' retrieved from /home/aangava/MSP/airflow_venv/lib/python3.12/site-packages/airflow/example_dags/example_short_circuit_operator.py
[2025-05-14T13:03:54.269-0400] {logging_mixin.py:190} INFO - [2025-05-14T13:03:54.269-0400] {dag.py:3239} INFO - Sync 1 DAGs
[2025-05-14T13:03:54.280-0400] {logging_mixin.py:190} INFO - [2025-05-14T13:03:54.280-0400] {dag.py:4180} INFO - Setting next_dagrun for example_short_circuit_operator to None, run_after=None
[2025-05-14T13:03:54.299-0400] {processor.py:208} INFO - Processing /home/aangava/MSP/airflow_venv/lib/python3.12/site-packages/airflow/example_dags/example_short_circuit_operator.py took 0.088 seconds
[2025-05-14T13:04:53.840-0400] {processor.py:186} INFO - Started process (PID=5548) to work on /home/aangava/MSP/airflow_venv/lib/python3.12/site-packages/airflow/example_dags/example_short_circuit_operator.py
[2025-05-14T13:04:53.850-0400] {processor.py:914} INFO - Processing file /home/aangava/MSP/airflow_venv/lib/python3.12/site-packages/airflow/example_dags/example_short_circuit_operator.py for tasks to queue
[2025-05-14T13:04:53.852-0400] {logging_mixin.py:190} INFO - [2025-05-14T13:04:53.851-0400] {dagbag.py:588} INFO - Filling up the DagBag from /home/aangava/MSP/airflow_venv/lib/python3.12/site-packages/airflow/example_dags/example_short_circuit_operator.py
[2025-05-14T13:04:53.858-0400] {processor.py:925} INFO - DAG(s) 'example_short_circuit_operator' retrieved from /home/aangava/MSP/airflow_venv/lib/python3.12/site-packages/airflow/example_dags/example_short_circuit_operator.py
[2025-05-14T13:04:53.869-0400] {logging_mixin.py:190} INFO - [2025-05-14T13:04:53.869-0400] {dag.py:3239} INFO - Sync 1 DAGs
[2025-05-14T13:04:53.877-0400] {logging_mixin.py:190} INFO - [2025-05-14T13:04:53.876-0400] {dag.py:4180} INFO - Setting next_dagrun for example_short_circuit_operator to None, run_after=None
[2025-05-14T13:04:53.901-0400] {processor.py:208} INFO - Processing /home/aangava/MSP/airflow_venv/lib/python3.12/site-packages/airflow/example_dags/example_short_circuit_operator.py took 0.065 seconds
[2025-05-14T13:05:51.828-0400] {processor.py:186} INFO - Started process (PID=5777) to work on /home/aangava/MSP/airflow_venv/lib/python3.12/site-packages/airflow/example_dags/example_short_circuit_operator.py
[2025-05-14T13:05:51.831-0400] {processor.py:914} INFO - Processing file /home/aangava/MSP/airflow_venv/lib/python3.12/site-packages/airflow/example_dags/example_short_circuit_operator.py for tasks to queue
[2025-05-14T13:05:51.835-0400] {logging_mixin.py:190} INFO - [2025-05-14T13:05:51.834-0400] {dagbag.py:588} INFO - Filling up the DagBag from /home/aangava/MSP/airflow_venv/lib/python3.12/site-packages/airflow/example_dags/example_short_circuit_operator.py
[2025-05-14T13:05:51.842-0400] {processor.py:925} INFO - DAG(s) 'example_short_circuit_operator' retrieved from /home/aangava/MSP/airflow_venv/lib/python3.12/site-packages/airflow/example_dags/example_short_circuit_operator.py
[2025-05-14T13:05:51.853-0400] {logging_mixin.py:190} INFO - [2025-05-14T13:05:51.852-0400] {dag.py:3239} INFO - Sync 1 DAGs
[2025-05-14T13:05:51.860-0400] {logging_mixin.py:190} INFO - [2025-05-14T13:05:51.860-0400] {dag.py:4180} INFO - Setting next_dagrun for example_short_circuit_operator to None, run_after=None
[2025-05-14T13:05:51.874-0400] {processor.py:208} INFO - Processing /home/aangava/MSP/airflow_venv/lib/python3.12/site-packages/airflow/example_dags/example_short_circuit_operator.py took 0.054 seconds
[2025-05-14T13:10:34.274-0400] {processor.py:186} INFO - Started process (PID=7515) to work on /home/aangava/MSP/airflow_venv/lib/python3.12/site-packages/airflow/example_dags/example_short_circuit_operator.py
[2025-05-14T13:10:34.286-0400] {processor.py:914} INFO - Processing file /home/aangava/MSP/airflow_venv/lib/python3.12/site-packages/airflow/example_dags/example_short_circuit_operator.py for tasks to queue
[2025-05-14T13:10:34.288-0400] {logging_mixin.py:190} INFO - [2025-05-14T13:10:34.288-0400] {dagbag.py:588} INFO - Filling up the DagBag from /home/aangava/MSP/airflow_venv/lib/python3.12/site-packages/airflow/example_dags/example_short_circuit_operator.py
[2025-05-14T13:10:34.301-0400] {processor.py:925} INFO - DAG(s) 'example_short_circuit_operator' retrieved from /home/aangava/MSP/airflow_venv/lib/python3.12/site-packages/airflow/example_dags/example_short_circuit_operator.py
[2025-05-14T13:10:34.325-0400] {logging_mixin.py:190} INFO - [2025-05-14T13:10:34.324-0400] {dag.py:3239} INFO - Sync 1 DAGs
[2025-05-14T13:10:34.337-0400] {logging_mixin.py:190} INFO - [2025-05-14T13:10:34.336-0400] {dag.py:4180} INFO - Setting next_dagrun for example_short_circuit_operator to None, run_after=None
[2025-05-14T13:10:34.364-0400] {processor.py:208} INFO - Processing /home/aangava/MSP/airflow_venv/lib/python3.12/site-packages/airflow/example_dags/example_short_circuit_operator.py took 0.100 seconds
[2025-05-14T13:13:20.419-0400] {processor.py:186} INFO - Started process (PID=8643) to work on /home/aangava/MSP/airflow_venv/lib/python3.12/site-packages/airflow/example_dags/example_short_circuit_operator.py
[2025-05-14T13:13:20.429-0400] {processor.py:914} INFO - Processing file /home/aangava/MSP/airflow_venv/lib/python3.12/site-packages/airflow/example_dags/example_short_circuit_operator.py for tasks to queue
[2025-05-14T13:13:20.431-0400] {logging_mixin.py:190} INFO - [2025-05-14T13:13:20.431-0400] {dagbag.py:588} INFO - Filling up the DagBag from /home/aangava/MSP/airflow_venv/lib/python3.12/site-packages/airflow/example_dags/example_short_circuit_operator.py
[2025-05-14T13:13:20.439-0400] {processor.py:925} INFO - DAG(s) 'example_short_circuit_operator' retrieved from /home/aangava/MSP/airflow_venv/lib/python3.12/site-packages/airflow/example_dags/example_short_circuit_operator.py
[2025-05-14T13:13:20.451-0400] {logging_mixin.py:190} INFO - [2025-05-14T13:13:20.451-0400] {dag.py:3239} INFO - Sync 1 DAGs
[2025-05-14T13:13:20.460-0400] {logging_mixin.py:190} INFO - [2025-05-14T13:13:20.460-0400] {dag.py:4180} INFO - Setting next_dagrun for example_short_circuit_operator to None, run_after=None
[2025-05-14T13:13:20.477-0400] {processor.py:208} INFO - Processing /home/aangava/MSP/airflow_venv/lib/python3.12/site-packages/airflow/example_dags/example_short_circuit_operator.py took 0.061 seconds
[2025-05-14T13:14:18.178-0400] {processor.py:186} INFO - Started process (PID=9109) to work on /home/aangava/MSP/airflow_venv/lib/python3.12/site-packages/airflow/example_dags/example_short_circuit_operator.py
[2025-05-14T13:14:18.180-0400] {processor.py:914} INFO - Processing file /home/aangava/MSP/airflow_venv/lib/python3.12/site-packages/airflow/example_dags/example_short_circuit_operator.py for tasks to queue
[2025-05-14T13:14:18.184-0400] {logging_mixin.py:190} INFO - [2025-05-14T13:14:18.183-0400] {dagbag.py:588} INFO - Filling up the DagBag from /home/aangava/MSP/airflow_venv/lib/python3.12/site-packages/airflow/example_dags/example_short_circuit_operator.py
[2025-05-14T13:14:18.190-0400] {processor.py:925} INFO - DAG(s) 'example_short_circuit_operator' retrieved from /home/aangava/MSP/airflow_venv/lib/python3.12/site-packages/airflow/example_dags/example_short_circuit_operator.py
[2025-05-14T13:14:18.201-0400] {logging_mixin.py:190} INFO - [2025-05-14T13:14:18.201-0400] {dag.py:3239} INFO - Sync 1 DAGs
[2025-05-14T13:14:18.211-0400] {logging_mixin.py:190} INFO - [2025-05-14T13:14:18.211-0400] {dag.py:4180} INFO - Setting next_dagrun for example_short_circuit_operator to None, run_after=None
[2025-05-14T13:14:18.255-0400] {processor.py:208} INFO - Processing /home/aangava/MSP/airflow_venv/lib/python3.12/site-packages/airflow/example_dags/example_short_circuit_operator.py took 0.080 seconds
[2025-05-14T13:15:38.871-0400] {processor.py:186} INFO - Started process (PID=9600) to work on /home/aangava/MSP/airflow_venv/lib/python3.12/site-packages/airflow/example_dags/example_short_circuit_operator.py
[2025-05-14T13:15:38.882-0400] {processor.py:914} INFO - Processing file /home/aangava/MSP/airflow_venv/lib/python3.12/site-packages/airflow/example_dags/example_short_circuit_operator.py for tasks to queue
[2025-05-14T13:15:38.887-0400] {logging_mixin.py:190} INFO - [2025-05-14T13:15:38.886-0400] {dagbag.py:588} INFO - Filling up the DagBag from /home/aangava/MSP/airflow_venv/lib/python3.12/site-packages/airflow/example_dags/example_short_circuit_operator.py
[2025-05-14T13:15:38.901-0400] {processor.py:925} INFO - DAG(s) 'example_short_circuit_operator' retrieved from /home/aangava/MSP/airflow_venv/lib/python3.12/site-packages/airflow/example_dags/example_short_circuit_operator.py
[2025-05-14T13:15:38.920-0400] {logging_mixin.py:190} INFO - [2025-05-14T13:15:38.920-0400] {dag.py:3239} INFO - Sync 1 DAGs
[2025-05-14T13:15:38.935-0400] {logging_mixin.py:190} INFO - [2025-05-14T13:15:38.935-0400] {dag.py:4180} INFO - Setting next_dagrun for example_short_circuit_operator to None, run_after=None
[2025-05-14T13:15:38.960-0400] {processor.py:208} INFO - Processing /home/aangava/MSP/airflow_venv/lib/python3.12/site-packages/airflow/example_dags/example_short_circuit_operator.py took 0.098 seconds
[2025-05-14T13:16:37.589-0400] {processor.py:186} INFO - Started process (PID=9843) to work on /home/aangava/MSP/airflow_venv/lib/python3.12/site-packages/airflow/example_dags/example_short_circuit_operator.py
[2025-05-14T13:16:37.600-0400] {processor.py:914} INFO - Processing file /home/aangava/MSP/airflow_venv/lib/python3.12/site-packages/airflow/example_dags/example_short_circuit_operator.py for tasks to queue
[2025-05-14T13:16:37.604-0400] {logging_mixin.py:190} INFO - [2025-05-14T13:16:37.603-0400] {dagbag.py:588} INFO - Filling up the DagBag from /home/aangava/MSP/airflow_venv/lib/python3.12/site-packages/airflow/example_dags/example_short_circuit_operator.py
[2025-05-14T13:16:37.617-0400] {processor.py:925} INFO - DAG(s) 'example_short_circuit_operator' retrieved from /home/aangava/MSP/airflow_venv/lib/python3.12/site-packages/airflow/example_dags/example_short_circuit_operator.py
[2025-05-14T13:16:37.638-0400] {logging_mixin.py:190} INFO - [2025-05-14T13:16:37.638-0400] {dag.py:3239} INFO - Sync 1 DAGs
[2025-05-14T13:16:37.657-0400] {logging_mixin.py:190} INFO - [2025-05-14T13:16:37.657-0400] {dag.py:4180} INFO - Setting next_dagrun for example_short_circuit_operator to None, run_after=None
[2025-05-14T13:16:37.686-0400] {processor.py:208} INFO - Processing /home/aangava/MSP/airflow_venv/lib/python3.12/site-packages/airflow/example_dags/example_short_circuit_operator.py took 0.105 seconds
[2025-05-14T13:17:37.718-0400] {processor.py:186} INFO - Started process (PID=10153) to work on /home/aangava/MSP/airflow_venv/lib/python3.12/site-packages/airflow/example_dags/example_short_circuit_operator.py
[2025-05-14T13:17:37.727-0400] {processor.py:914} INFO - Processing file /home/aangava/MSP/airflow_venv/lib/python3.12/site-packages/airflow/example_dags/example_short_circuit_operator.py for tasks to queue
[2025-05-14T13:17:37.729-0400] {logging_mixin.py:190} INFO - [2025-05-14T13:17:37.729-0400] {dagbag.py:588} INFO - Filling up the DagBag from /home/aangava/MSP/airflow_venv/lib/python3.12/site-packages/airflow/example_dags/example_short_circuit_operator.py
[2025-05-14T13:17:37.738-0400] {processor.py:925} INFO - DAG(s) 'example_short_circuit_operator' retrieved from /home/aangava/MSP/airflow_venv/lib/python3.12/site-packages/airflow/example_dags/example_short_circuit_operator.py
[2025-05-14T13:17:37.757-0400] {logging_mixin.py:190} INFO - [2025-05-14T13:17:37.757-0400] {dag.py:3239} INFO - Sync 1 DAGs
[2025-05-14T13:17:37.767-0400] {logging_mixin.py:190} INFO - [2025-05-14T13:17:37.766-0400] {dag.py:4180} INFO - Setting next_dagrun for example_short_circuit_operator to None, run_after=None
[2025-05-14T13:17:37.788-0400] {processor.py:208} INFO - Processing /home/aangava/MSP/airflow_venv/lib/python3.12/site-packages/airflow/example_dags/example_short_circuit_operator.py took 0.076 seconds
[2025-05-14T13:18:37.402-0400] {processor.py:186} INFO - Started process (PID=10402) to work on /home/aangava/MSP/airflow_venv/lib/python3.12/site-packages/airflow/example_dags/example_short_circuit_operator.py
[2025-05-14T13:18:37.412-0400] {processor.py:914} INFO - Processing file /home/aangava/MSP/airflow_venv/lib/python3.12/site-packages/airflow/example_dags/example_short_circuit_operator.py for tasks to queue
[2025-05-14T13:18:37.414-0400] {logging_mixin.py:190} INFO - [2025-05-14T13:18:37.414-0400] {dagbag.py:588} INFO - Filling up the DagBag from /home/aangava/MSP/airflow_venv/lib/python3.12/site-packages/airflow/example_dags/example_short_circuit_operator.py
[2025-05-14T13:18:37.421-0400] {processor.py:925} INFO - DAG(s) 'example_short_circuit_operator' retrieved from /home/aangava/MSP/airflow_venv/lib/python3.12/site-packages/airflow/example_dags/example_short_circuit_operator.py
[2025-05-14T13:18:37.435-0400] {logging_mixin.py:190} INFO - [2025-05-14T13:18:37.435-0400] {dag.py:3239} INFO - Sync 1 DAGs
[2025-05-14T13:18:37.442-0400] {logging_mixin.py:190} INFO - [2025-05-14T13:18:37.442-0400] {dag.py:4180} INFO - Setting next_dagrun for example_short_circuit_operator to None, run_after=None
[2025-05-14T13:18:37.459-0400] {processor.py:208} INFO - Processing /home/aangava/MSP/airflow_venv/lib/python3.12/site-packages/airflow/example_dags/example_short_circuit_operator.py took 0.060 seconds
[2025-05-14T13:19:35.416-0400] {processor.py:186} INFO - Started process (PID=10692) to work on /home/aangava/MSP/airflow_venv/lib/python3.12/site-packages/airflow/example_dags/example_short_circuit_operator.py
[2025-05-14T13:19:35.425-0400] {processor.py:914} INFO - Processing file /home/aangava/MSP/airflow_venv/lib/python3.12/site-packages/airflow/example_dags/example_short_circuit_operator.py for tasks to queue
[2025-05-14T13:19:35.428-0400] {logging_mixin.py:190} INFO - [2025-05-14T13:19:35.428-0400] {dagbag.py:588} INFO - Filling up the DagBag from /home/aangava/MSP/airflow_venv/lib/python3.12/site-packages/airflow/example_dags/example_short_circuit_operator.py
[2025-05-14T13:19:35.441-0400] {processor.py:925} INFO - DAG(s) 'example_short_circuit_operator' retrieved from /home/aangava/MSP/airflow_venv/lib/python3.12/site-packages/airflow/example_dags/example_short_circuit_operator.py
[2025-05-14T13:19:35.462-0400] {logging_mixin.py:190} INFO - [2025-05-14T13:19:35.461-0400] {dag.py:3239} INFO - Sync 1 DAGs
[2025-05-14T13:19:35.476-0400] {logging_mixin.py:190} INFO - [2025-05-14T13:19:35.475-0400] {dag.py:4180} INFO - Setting next_dagrun for example_short_circuit_operator to None, run_after=None
[2025-05-14T13:19:35.500-0400] {processor.py:208} INFO - Processing /home/aangava/MSP/airflow_venv/lib/python3.12/site-packages/airflow/example_dags/example_short_circuit_operator.py took 0.091 seconds
[2025-05-14T13:25:01.506-0400] {processor.py:186} INFO - Started process (PID=12329) to work on /home/aangava/MSP/airflow_venv/lib/python3.12/site-packages/airflow/example_dags/example_short_circuit_operator.py
[2025-05-14T13:25:01.507-0400] {processor.py:914} INFO - Processing file /home/aangava/MSP/airflow_venv/lib/python3.12/site-packages/airflow/example_dags/example_short_circuit_operator.py for tasks to queue
[2025-05-14T13:25:01.509-0400] {logging_mixin.py:190} INFO - [2025-05-14T13:25:01.509-0400] {dagbag.py:588} INFO - Filling up the DagBag from /home/aangava/MSP/airflow_venv/lib/python3.12/site-packages/airflow/example_dags/example_short_circuit_operator.py
[2025-05-14T13:25:01.517-0400] {processor.py:925} INFO - DAG(s) 'example_short_circuit_operator' retrieved from /home/aangava/MSP/airflow_venv/lib/python3.12/site-packages/airflow/example_dags/example_short_circuit_operator.py
[2025-05-14T13:25:01.530-0400] {logging_mixin.py:190} INFO - [2025-05-14T13:25:01.530-0400] {dag.py:3239} INFO - Sync 1 DAGs
[2025-05-14T13:25:01.540-0400] {logging_mixin.py:190} INFO - [2025-05-14T13:25:01.539-0400] {dag.py:4180} INFO - Setting next_dagrun for example_short_circuit_operator to None, run_after=None
[2025-05-14T13:25:01.556-0400] {processor.py:208} INFO - Processing /home/aangava/MSP/airflow_venv/lib/python3.12/site-packages/airflow/example_dags/example_short_circuit_operator.py took 0.054 seconds
[2025-05-14T13:25:57.579-0400] {processor.py:186} INFO - Started process (PID=12620) to work on /home/aangava/MSP/airflow_venv/lib/python3.12/site-packages/airflow/example_dags/example_short_circuit_operator.py
[2025-05-14T13:25:57.580-0400] {processor.py:914} INFO - Processing file /home/aangava/MSP/airflow_venv/lib/python3.12/site-packages/airflow/example_dags/example_short_circuit_operator.py for tasks to queue
[2025-05-14T13:25:57.581-0400] {logging_mixin.py:190} INFO - [2025-05-14T13:25:57.581-0400] {dagbag.py:588} INFO - Filling up the DagBag from /home/aangava/MSP/airflow_venv/lib/python3.12/site-packages/airflow/example_dags/example_short_circuit_operator.py
[2025-05-14T13:25:57.589-0400] {processor.py:925} INFO - DAG(s) 'example_short_circuit_operator' retrieved from /home/aangava/MSP/airflow_venv/lib/python3.12/site-packages/airflow/example_dags/example_short_circuit_operator.py
[2025-05-14T13:25:57.600-0400] {logging_mixin.py:190} INFO - [2025-05-14T13:25:57.600-0400] {dag.py:3239} INFO - Sync 1 DAGs
[2025-05-14T13:25:57.609-0400] {logging_mixin.py:190} INFO - [2025-05-14T13:25:57.608-0400] {dag.py:4180} INFO - Setting next_dagrun for example_short_circuit_operator to None, run_after=None
[2025-05-14T13:25:57.623-0400] {processor.py:208} INFO - Processing /home/aangava/MSP/airflow_venv/lib/python3.12/site-packages/airflow/example_dags/example_short_circuit_operator.py took 0.048 seconds
[2025-05-14T13:26:54.519-0400] {processor.py:186} INFO - Started process (PID=12919) to work on /home/aangava/MSP/airflow_venv/lib/python3.12/site-packages/airflow/example_dags/example_short_circuit_operator.py
[2025-05-14T13:26:54.519-0400] {processor.py:914} INFO - Processing file /home/aangava/MSP/airflow_venv/lib/python3.12/site-packages/airflow/example_dags/example_short_circuit_operator.py for tasks to queue
[2025-05-14T13:26:54.521-0400] {logging_mixin.py:190} INFO - [2025-05-14T13:26:54.521-0400] {dagbag.py:588} INFO - Filling up the DagBag from /home/aangava/MSP/airflow_venv/lib/python3.12/site-packages/airflow/example_dags/example_short_circuit_operator.py
[2025-05-14T13:26:54.527-0400] {processor.py:925} INFO - DAG(s) 'example_short_circuit_operator' retrieved from /home/aangava/MSP/airflow_venv/lib/python3.12/site-packages/airflow/example_dags/example_short_circuit_operator.py
[2025-05-14T13:26:54.537-0400] {logging_mixin.py:190} INFO - [2025-05-14T13:26:54.537-0400] {dag.py:3239} INFO - Sync 1 DAGs
[2025-05-14T13:26:54.545-0400] {logging_mixin.py:190} INFO - [2025-05-14T13:26:54.545-0400] {dag.py:4180} INFO - Setting next_dagrun for example_short_circuit_operator to None, run_after=None
[2025-05-14T13:26:54.558-0400] {processor.py:208} INFO - Processing /home/aangava/MSP/airflow_venv/lib/python3.12/site-packages/airflow/example_dags/example_short_circuit_operator.py took 0.043 seconds
[2025-05-14T13:27:48.849-0400] {processor.py:186} INFO - Started process (PID=13206) to work on /home/aangava/MSP/airflow_venv/lib/python3.12/site-packages/airflow/example_dags/example_short_circuit_operator.py
[2025-05-14T13:27:48.850-0400] {processor.py:914} INFO - Processing file /home/aangava/MSP/airflow_venv/lib/python3.12/site-packages/airflow/example_dags/example_short_circuit_operator.py for tasks to queue
[2025-05-14T13:27:48.851-0400] {logging_mixin.py:190} INFO - [2025-05-14T13:27:48.851-0400] {dagbag.py:588} INFO - Filling up the DagBag from /home/aangava/MSP/airflow_venv/lib/python3.12/site-packages/airflow/example_dags/example_short_circuit_operator.py
[2025-05-14T13:27:48.858-0400] {processor.py:925} INFO - DAG(s) 'example_short_circuit_operator' retrieved from /home/aangava/MSP/airflow_venv/lib/python3.12/site-packages/airflow/example_dags/example_short_circuit_operator.py
[2025-05-14T13:27:48.869-0400] {logging_mixin.py:190} INFO - [2025-05-14T13:27:48.869-0400] {dag.py:3239} INFO - Sync 1 DAGs
[2025-05-14T13:27:48.877-0400] {logging_mixin.py:190} INFO - [2025-05-14T13:27:48.876-0400] {dag.py:4180} INFO - Setting next_dagrun for example_short_circuit_operator to None, run_after=None
[2025-05-14T13:27:48.889-0400] {processor.py:208} INFO - Processing /home/aangava/MSP/airflow_venv/lib/python3.12/site-packages/airflow/example_dags/example_short_circuit_operator.py took 0.043 seconds
[2025-05-14T13:28:40.354-0400] {processor.py:186} INFO - Started process (PID=13508) to work on /home/aangava/MSP/airflow_venv/lib/python3.12/site-packages/airflow/example_dags/example_short_circuit_operator.py
[2025-05-14T13:28:40.364-0400] {processor.py:914} INFO - Processing file /home/aangava/MSP/airflow_venv/lib/python3.12/site-packages/airflow/example_dags/example_short_circuit_operator.py for tasks to queue
[2025-05-14T13:28:40.365-0400] {logging_mixin.py:190} INFO - [2025-05-14T13:28:40.365-0400] {dagbag.py:588} INFO - Filling up the DagBag from /home/aangava/MSP/airflow_venv/lib/python3.12/site-packages/airflow/example_dags/example_short_circuit_operator.py
[2025-05-14T13:28:40.372-0400] {processor.py:925} INFO - DAG(s) 'example_short_circuit_operator' retrieved from /home/aangava/MSP/airflow_venv/lib/python3.12/site-packages/airflow/example_dags/example_short_circuit_operator.py
[2025-05-14T13:28:40.383-0400] {logging_mixin.py:190} INFO - [2025-05-14T13:28:40.383-0400] {dag.py:3239} INFO - Sync 1 DAGs
[2025-05-14T13:28:40.390-0400] {logging_mixin.py:190} INFO - [2025-05-14T13:28:40.390-0400] {dag.py:4180} INFO - Setting next_dagrun for example_short_circuit_operator to None, run_after=None
[2025-05-14T13:28:40.402-0400] {processor.py:208} INFO - Processing /home/aangava/MSP/airflow_venv/lib/python3.12/site-packages/airflow/example_dags/example_short_circuit_operator.py took 0.051 seconds
[2025-05-14T13:29:32.732-0400] {processor.py:186} INFO - Started process (PID=13805) to work on /home/aangava/MSP/airflow_venv/lib/python3.12/site-packages/airflow/example_dags/example_short_circuit_operator.py
[2025-05-14T13:29:32.732-0400] {processor.py:914} INFO - Processing file /home/aangava/MSP/airflow_venv/lib/python3.12/site-packages/airflow/example_dags/example_short_circuit_operator.py for tasks to queue
[2025-05-14T13:29:32.734-0400] {logging_mixin.py:190} INFO - [2025-05-14T13:29:32.733-0400] {dagbag.py:588} INFO - Filling up the DagBag from /home/aangava/MSP/airflow_venv/lib/python3.12/site-packages/airflow/example_dags/example_short_circuit_operator.py
[2025-05-14T13:29:32.740-0400] {processor.py:925} INFO - DAG(s) 'example_short_circuit_operator' retrieved from /home/aangava/MSP/airflow_venv/lib/python3.12/site-packages/airflow/example_dags/example_short_circuit_operator.py
[2025-05-14T13:29:32.751-0400] {logging_mixin.py:190} INFO - [2025-05-14T13:29:32.751-0400] {dag.py:3239} INFO - Sync 1 DAGs
[2025-05-14T13:29:32.758-0400] {logging_mixin.py:190} INFO - [2025-05-14T13:29:32.758-0400] {dag.py:4180} INFO - Setting next_dagrun for example_short_circuit_operator to None, run_after=None
[2025-05-14T13:29:32.772-0400] {processor.py:208} INFO - Processing /home/aangava/MSP/airflow_venv/lib/python3.12/site-packages/airflow/example_dags/example_short_circuit_operator.py took 0.044 seconds
[2025-05-14T13:30:22.044-0400] {processor.py:186} INFO - Started process (PID=14016) to work on /home/aangava/MSP/airflow_venv/lib/python3.12/site-packages/airflow/example_dags/example_short_circuit_operator.py
[2025-05-14T13:30:22.044-0400] {processor.py:914} INFO - Processing file /home/aangava/MSP/airflow_venv/lib/python3.12/site-packages/airflow/example_dags/example_short_circuit_operator.py for tasks to queue
[2025-05-14T13:30:22.046-0400] {logging_mixin.py:190} INFO - [2025-05-14T13:30:22.045-0400] {dagbag.py:588} INFO - Filling up the DagBag from /home/aangava/MSP/airflow_venv/lib/python3.12/site-packages/airflow/example_dags/example_short_circuit_operator.py
[2025-05-14T13:30:22.052-0400] {processor.py:925} INFO - DAG(s) 'example_short_circuit_operator' retrieved from /home/aangava/MSP/airflow_venv/lib/python3.12/site-packages/airflow/example_dags/example_short_circuit_operator.py
[2025-05-14T13:30:22.063-0400] {logging_mixin.py:190} INFO - [2025-05-14T13:30:22.063-0400] {dag.py:3239} INFO - Sync 1 DAGs
[2025-05-14T13:30:22.072-0400] {logging_mixin.py:190} INFO - [2025-05-14T13:30:22.072-0400] {dag.py:4180} INFO - Setting next_dagrun for example_short_circuit_operator to None, run_after=None
[2025-05-14T13:30:22.083-0400] {processor.py:208} INFO - Processing /home/aangava/MSP/airflow_venv/lib/python3.12/site-packages/airflow/example_dags/example_short_circuit_operator.py took 0.043 seconds
[2025-05-14T13:31:12.797-0400] {processor.py:186} INFO - Started process (PID=14222) to work on /home/aangava/MSP/airflow_venv/lib/python3.12/site-packages/airflow/example_dags/example_short_circuit_operator.py
[2025-05-14T13:31:12.798-0400] {processor.py:914} INFO - Processing file /home/aangava/MSP/airflow_venv/lib/python3.12/site-packages/airflow/example_dags/example_short_circuit_operator.py for tasks to queue
[2025-05-14T13:31:12.800-0400] {logging_mixin.py:190} INFO - [2025-05-14T13:31:12.800-0400] {dagbag.py:588} INFO - Filling up the DagBag from /home/aangava/MSP/airflow_venv/lib/python3.12/site-packages/airflow/example_dags/example_short_circuit_operator.py
[2025-05-14T13:31:12.807-0400] {processor.py:925} INFO - DAG(s) 'example_short_circuit_operator' retrieved from /home/aangava/MSP/airflow_venv/lib/python3.12/site-packages/airflow/example_dags/example_short_circuit_operator.py
[2025-05-14T13:31:12.818-0400] {logging_mixin.py:190} INFO - [2025-05-14T13:31:12.818-0400] {dag.py:3239} INFO - Sync 1 DAGs
[2025-05-14T13:31:12.827-0400] {logging_mixin.py:190} INFO - [2025-05-14T13:31:12.827-0400] {dag.py:4180} INFO - Setting next_dagrun for example_short_circuit_operator to None, run_after=None
[2025-05-14T13:31:12.840-0400] {processor.py:208} INFO - Processing /home/aangava/MSP/airflow_venv/lib/python3.12/site-packages/airflow/example_dags/example_short_circuit_operator.py took 0.047 seconds
[2025-05-14T13:32:03.868-0400] {processor.py:186} INFO - Started process (PID=14427) to work on /home/aangava/MSP/airflow_venv/lib/python3.12/site-packages/airflow/example_dags/example_short_circuit_operator.py
[2025-05-14T13:32:03.868-0400] {processor.py:914} INFO - Processing file /home/aangava/MSP/airflow_venv/lib/python3.12/site-packages/airflow/example_dags/example_short_circuit_operator.py for tasks to queue
[2025-05-14T13:32:03.870-0400] {logging_mixin.py:190} INFO - [2025-05-14T13:32:03.869-0400] {dagbag.py:588} INFO - Filling up the DagBag from /home/aangava/MSP/airflow_venv/lib/python3.12/site-packages/airflow/example_dags/example_short_circuit_operator.py
[2025-05-14T13:32:03.876-0400] {processor.py:925} INFO - DAG(s) 'example_short_circuit_operator' retrieved from /home/aangava/MSP/airflow_venv/lib/python3.12/site-packages/airflow/example_dags/example_short_circuit_operator.py
[2025-05-14T13:32:03.887-0400] {logging_mixin.py:190} INFO - [2025-05-14T13:32:03.887-0400] {dag.py:3239} INFO - Sync 1 DAGs
[2025-05-14T13:32:03.894-0400] {logging_mixin.py:190} INFO - [2025-05-14T13:32:03.894-0400] {dag.py:4180} INFO - Setting next_dagrun for example_short_circuit_operator to None, run_after=None
[2025-05-14T13:32:03.909-0400] {processor.py:208} INFO - Processing /home/aangava/MSP/airflow_venv/lib/python3.12/site-packages/airflow/example_dags/example_short_circuit_operator.py took 0.045 seconds
[2025-05-14T13:33:34.572-0400] {processor.py:186} INFO - Started process (PID=15149) to work on /home/aangava/MSP/airflow_venv/lib/python3.12/site-packages/airflow/example_dags/example_short_circuit_operator.py
[2025-05-14T13:33:34.573-0400] {processor.py:914} INFO - Processing file /home/aangava/MSP/airflow_venv/lib/python3.12/site-packages/airflow/example_dags/example_short_circuit_operator.py for tasks to queue
[2025-05-14T13:33:34.574-0400] {logging_mixin.py:190} INFO - [2025-05-14T13:33:34.574-0400] {dagbag.py:588} INFO - Filling up the DagBag from /home/aangava/MSP/airflow_venv/lib/python3.12/site-packages/airflow/example_dags/example_short_circuit_operator.py
[2025-05-14T13:33:34.580-0400] {processor.py:925} INFO - DAG(s) 'example_short_circuit_operator' retrieved from /home/aangava/MSP/airflow_venv/lib/python3.12/site-packages/airflow/example_dags/example_short_circuit_operator.py
[2025-05-14T13:33:34.593-0400] {logging_mixin.py:190} INFO - [2025-05-14T13:33:34.593-0400] {dag.py:3239} INFO - Sync 1 DAGs
[2025-05-14T13:33:34.602-0400] {logging_mixin.py:190} INFO - [2025-05-14T13:33:34.602-0400] {dag.py:4180} INFO - Setting next_dagrun for example_short_circuit_operator to None, run_after=None
[2025-05-14T13:33:34.615-0400] {processor.py:208} INFO - Processing /home/aangava/MSP/airflow_venv/lib/python3.12/site-packages/airflow/example_dags/example_short_circuit_operator.py took 0.047 seconds
[2025-05-14T13:35:15.195-0400] {processor.py:186} INFO - Started process (PID=16062) to work on /home/aangava/MSP/airflow_venv/lib/python3.12/site-packages/airflow/example_dags/example_short_circuit_operator.py
[2025-05-14T13:35:15.196-0400] {processor.py:914} INFO - Processing file /home/aangava/MSP/airflow_venv/lib/python3.12/site-packages/airflow/example_dags/example_short_circuit_operator.py for tasks to queue
[2025-05-14T13:35:15.197-0400] {logging_mixin.py:190} INFO - [2025-05-14T13:35:15.197-0400] {dagbag.py:588} INFO - Filling up the DagBag from /home/aangava/MSP/airflow_venv/lib/python3.12/site-packages/airflow/example_dags/example_short_circuit_operator.py
[2025-05-14T13:35:15.204-0400] {processor.py:925} INFO - DAG(s) 'example_short_circuit_operator' retrieved from /home/aangava/MSP/airflow_venv/lib/python3.12/site-packages/airflow/example_dags/example_short_circuit_operator.py
[2025-05-14T13:35:15.217-0400] {logging_mixin.py:190} INFO - [2025-05-14T13:35:15.217-0400] {dag.py:3239} INFO - Sync 1 DAGs
[2025-05-14T13:35:15.225-0400] {logging_mixin.py:190} INFO - [2025-05-14T13:35:15.225-0400] {dag.py:4180} INFO - Setting next_dagrun for example_short_circuit_operator to None, run_after=None
[2025-05-14T13:35:15.239-0400] {processor.py:208} INFO - Processing /home/aangava/MSP/airflow_venv/lib/python3.12/site-packages/airflow/example_dags/example_short_circuit_operator.py took 0.048 seconds
[2025-05-14T13:36:12.788-0400] {processor.py:186} INFO - Started process (PID=16324) to work on /home/aangava/MSP/airflow_venv/lib/python3.12/site-packages/airflow/example_dags/example_short_circuit_operator.py
[2025-05-14T13:36:12.789-0400] {processor.py:914} INFO - Processing file /home/aangava/MSP/airflow_venv/lib/python3.12/site-packages/airflow/example_dags/example_short_circuit_operator.py for tasks to queue
[2025-05-14T13:36:12.791-0400] {logging_mixin.py:190} INFO - [2025-05-14T13:36:12.791-0400] {dagbag.py:588} INFO - Filling up the DagBag from /home/aangava/MSP/airflow_venv/lib/python3.12/site-packages/airflow/example_dags/example_short_circuit_operator.py
[2025-05-14T13:36:12.797-0400] {processor.py:925} INFO - DAG(s) 'example_short_circuit_operator' retrieved from /home/aangava/MSP/airflow_venv/lib/python3.12/site-packages/airflow/example_dags/example_short_circuit_operator.py
[2025-05-14T13:36:12.808-0400] {logging_mixin.py:190} INFO - [2025-05-14T13:36:12.808-0400] {dag.py:3239} INFO - Sync 1 DAGs
[2025-05-14T13:36:12.816-0400] {logging_mixin.py:190} INFO - [2025-05-14T13:36:12.816-0400] {dag.py:4180} INFO - Setting next_dagrun for example_short_circuit_operator to None, run_after=None
[2025-05-14T13:36:12.832-0400] {processor.py:208} INFO - Processing /home/aangava/MSP/airflow_venv/lib/python3.12/site-packages/airflow/example_dags/example_short_circuit_operator.py took 0.048 seconds
[2025-05-14T13:37:08.540-0400] {processor.py:186} INFO - Started process (PID=16581) to work on /home/aangava/MSP/airflow_venv/lib/python3.12/site-packages/airflow/example_dags/example_short_circuit_operator.py
[2025-05-14T13:37:08.541-0400] {processor.py:914} INFO - Processing file /home/aangava/MSP/airflow_venv/lib/python3.12/site-packages/airflow/example_dags/example_short_circuit_operator.py for tasks to queue
[2025-05-14T13:37:08.542-0400] {logging_mixin.py:190} INFO - [2025-05-14T13:37:08.542-0400] {dagbag.py:588} INFO - Filling up the DagBag from /home/aangava/MSP/airflow_venv/lib/python3.12/site-packages/airflow/example_dags/example_short_circuit_operator.py
[2025-05-14T13:37:08.550-0400] {processor.py:925} INFO - DAG(s) 'example_short_circuit_operator' retrieved from /home/aangava/MSP/airflow_venv/lib/python3.12/site-packages/airflow/example_dags/example_short_circuit_operator.py
[2025-05-14T13:37:08.562-0400] {logging_mixin.py:190} INFO - [2025-05-14T13:37:08.561-0400] {dag.py:3239} INFO - Sync 1 DAGs
[2025-05-14T13:37:08.571-0400] {logging_mixin.py:190} INFO - [2025-05-14T13:37:08.571-0400] {dag.py:4180} INFO - Setting next_dagrun for example_short_circuit_operator to None, run_after=None
[2025-05-14T13:37:08.585-0400] {processor.py:208} INFO - Processing /home/aangava/MSP/airflow_venv/lib/python3.12/site-packages/airflow/example_dags/example_short_circuit_operator.py took 0.049 seconds
[2025-05-14T13:48:42.994-0400] {processor.py:186} INFO - Started process (PID=19558) to work on /home/aangava/MSP/airflow_venv/lib/python3.12/site-packages/airflow/example_dags/example_short_circuit_operator.py
[2025-05-14T13:48:42.996-0400] {processor.py:914} INFO - Processing file /home/aangava/MSP/airflow_venv/lib/python3.12/site-packages/airflow/example_dags/example_short_circuit_operator.py for tasks to queue
[2025-05-14T13:48:42.997-0400] {logging_mixin.py:190} INFO - [2025-05-14T13:48:42.997-0400] {dagbag.py:588} INFO - Filling up the DagBag from /home/aangava/MSP/airflow_venv/lib/python3.12/site-packages/airflow/example_dags/example_short_circuit_operator.py
[2025-05-14T13:48:43.005-0400] {processor.py:925} INFO - DAG(s) 'example_short_circuit_operator' retrieved from /home/aangava/MSP/airflow_venv/lib/python3.12/site-packages/airflow/example_dags/example_short_circuit_operator.py
[2025-05-14T13:48:43.017-0400] {logging_mixin.py:190} INFO - [2025-05-14T13:48:43.017-0400] {dag.py:3239} INFO - Sync 1 DAGs
[2025-05-14T13:48:43.026-0400] {logging_mixin.py:190} INFO - [2025-05-14T13:48:43.026-0400] {dag.py:4180} INFO - Setting next_dagrun for example_short_circuit_operator to None, run_after=None
[2025-05-14T13:48:43.041-0400] {processor.py:208} INFO - Processing /home/aangava/MSP/airflow_venv/lib/python3.12/site-packages/airflow/example_dags/example_short_circuit_operator.py took 0.050 seconds
[2025-05-14T13:49:39.505-0400] {processor.py:186} INFO - Started process (PID=19843) to work on /home/aangava/MSP/airflow_venv/lib/python3.12/site-packages/airflow/example_dags/example_short_circuit_operator.py
[2025-05-14T13:49:39.506-0400] {processor.py:914} INFO - Processing file /home/aangava/MSP/airflow_venv/lib/python3.12/site-packages/airflow/example_dags/example_short_circuit_operator.py for tasks to queue
[2025-05-14T13:49:39.508-0400] {logging_mixin.py:190} INFO - [2025-05-14T13:49:39.507-0400] {dagbag.py:588} INFO - Filling up the DagBag from /home/aangava/MSP/airflow_venv/lib/python3.12/site-packages/airflow/example_dags/example_short_circuit_operator.py
[2025-05-14T13:49:39.514-0400] {processor.py:925} INFO - DAG(s) 'example_short_circuit_operator' retrieved from /home/aangava/MSP/airflow_venv/lib/python3.12/site-packages/airflow/example_dags/example_short_circuit_operator.py
[2025-05-14T13:49:39.525-0400] {logging_mixin.py:190} INFO - [2025-05-14T13:49:39.525-0400] {dag.py:3239} INFO - Sync 1 DAGs
[2025-05-14T13:49:39.534-0400] {logging_mixin.py:190} INFO - [2025-05-14T13:49:39.534-0400] {dag.py:4180} INFO - Setting next_dagrun for example_short_circuit_operator to None, run_after=None
[2025-05-14T13:49:39.548-0400] {processor.py:208} INFO - Processing /home/aangava/MSP/airflow_venv/lib/python3.12/site-packages/airflow/example_dags/example_short_circuit_operator.py took 0.046 seconds
[2025-05-14T13:50:35.921-0400] {processor.py:186} INFO - Started process (PID=20070) to work on /home/aangava/MSP/airflow_venv/lib/python3.12/site-packages/airflow/example_dags/example_short_circuit_operator.py
[2025-05-14T13:50:35.923-0400] {processor.py:914} INFO - Processing file /home/aangava/MSP/airflow_venv/lib/python3.12/site-packages/airflow/example_dags/example_short_circuit_operator.py for tasks to queue
[2025-05-14T13:50:35.924-0400] {logging_mixin.py:190} INFO - [2025-05-14T13:50:35.924-0400] {dagbag.py:588} INFO - Filling up the DagBag from /home/aangava/MSP/airflow_venv/lib/python3.12/site-packages/airflow/example_dags/example_short_circuit_operator.py
[2025-05-14T13:50:35.931-0400] {processor.py:925} INFO - DAG(s) 'example_short_circuit_operator' retrieved from /home/aangava/MSP/airflow_venv/lib/python3.12/site-packages/airflow/example_dags/example_short_circuit_operator.py
[2025-05-14T13:50:35.942-0400] {logging_mixin.py:190} INFO - [2025-05-14T13:50:35.942-0400] {dag.py:3239} INFO - Sync 1 DAGs
[2025-05-14T13:50:35.951-0400] {logging_mixin.py:190} INFO - [2025-05-14T13:50:35.951-0400] {dag.py:4180} INFO - Setting next_dagrun for example_short_circuit_operator to None, run_after=None
[2025-05-14T13:50:35.964-0400] {processor.py:208} INFO - Processing /home/aangava/MSP/airflow_venv/lib/python3.12/site-packages/airflow/example_dags/example_short_circuit_operator.py took 0.047 seconds
[2025-05-14T13:51:29.133-0400] {processor.py:186} INFO - Started process (PID=20454) to work on /home/aangava/MSP/airflow_venv/lib/python3.12/site-packages/airflow/example_dags/example_short_circuit_operator.py
[2025-05-14T13:51:29.143-0400] {processor.py:914} INFO - Processing file /home/aangava/MSP/airflow_venv/lib/python3.12/site-packages/airflow/example_dags/example_short_circuit_operator.py for tasks to queue
[2025-05-14T13:51:29.145-0400] {logging_mixin.py:190} INFO - [2025-05-14T13:51:29.144-0400] {dagbag.py:588} INFO - Filling up the DagBag from /home/aangava/MSP/airflow_venv/lib/python3.12/site-packages/airflow/example_dags/example_short_circuit_operator.py
[2025-05-14T13:51:29.151-0400] {processor.py:925} INFO - DAG(s) 'example_short_circuit_operator' retrieved from /home/aangava/MSP/airflow_venv/lib/python3.12/site-packages/airflow/example_dags/example_short_circuit_operator.py
[2025-05-14T13:51:29.163-0400] {logging_mixin.py:190} INFO - [2025-05-14T13:51:29.163-0400] {dag.py:3239} INFO - Sync 1 DAGs
[2025-05-14T13:51:29.173-0400] {logging_mixin.py:190} INFO - [2025-05-14T13:51:29.173-0400] {dag.py:4180} INFO - Setting next_dagrun for example_short_circuit_operator to None, run_after=None
[2025-05-14T13:51:29.188-0400] {processor.py:208} INFO - Processing /home/aangava/MSP/airflow_venv/lib/python3.12/site-packages/airflow/example_dags/example_short_circuit_operator.py took 0.059 seconds
[2025-05-14T13:52:22.772-0400] {processor.py:186} INFO - Started process (PID=20706) to work on /home/aangava/MSP/airflow_venv/lib/python3.12/site-packages/airflow/example_dags/example_short_circuit_operator.py
[2025-05-14T13:52:22.774-0400] {processor.py:914} INFO - Processing file /home/aangava/MSP/airflow_venv/lib/python3.12/site-packages/airflow/example_dags/example_short_circuit_operator.py for tasks to queue
[2025-05-14T13:52:22.776-0400] {logging_mixin.py:190} INFO - [2025-05-14T13:52:22.776-0400] {dagbag.py:588} INFO - Filling up the DagBag from /home/aangava/MSP/airflow_venv/lib/python3.12/site-packages/airflow/example_dags/example_short_circuit_operator.py
[2025-05-14T13:52:22.786-0400] {processor.py:925} INFO - DAG(s) 'example_short_circuit_operator' retrieved from /home/aangava/MSP/airflow_venv/lib/python3.12/site-packages/airflow/example_dags/example_short_circuit_operator.py
[2025-05-14T13:52:22.801-0400] {logging_mixin.py:190} INFO - [2025-05-14T13:52:22.800-0400] {dag.py:3239} INFO - Sync 1 DAGs
[2025-05-14T13:52:22.810-0400] {logging_mixin.py:190} INFO - [2025-05-14T13:52:22.810-0400] {dag.py:4180} INFO - Setting next_dagrun for example_short_circuit_operator to None, run_after=None
[2025-05-14T13:52:22.836-0400] {processor.py:208} INFO - Processing /home/aangava/MSP/airflow_venv/lib/python3.12/site-packages/airflow/example_dags/example_short_circuit_operator.py took 0.069 seconds
[2025-05-14T13:53:16.634-0400] {processor.py:186} INFO - Started process (PID=20995) to work on /home/aangava/MSP/airflow_venv/lib/python3.12/site-packages/airflow/example_dags/example_short_circuit_operator.py
[2025-05-14T13:53:16.644-0400] {processor.py:914} INFO - Processing file /home/aangava/MSP/airflow_venv/lib/python3.12/site-packages/airflow/example_dags/example_short_circuit_operator.py for tasks to queue
[2025-05-14T13:53:16.646-0400] {logging_mixin.py:190} INFO - [2025-05-14T13:53:16.645-0400] {dagbag.py:588} INFO - Filling up the DagBag from /home/aangava/MSP/airflow_venv/lib/python3.12/site-packages/airflow/example_dags/example_short_circuit_operator.py
[2025-05-14T13:53:16.653-0400] {processor.py:925} INFO - DAG(s) 'example_short_circuit_operator' retrieved from /home/aangava/MSP/airflow_venv/lib/python3.12/site-packages/airflow/example_dags/example_short_circuit_operator.py
[2025-05-14T13:53:16.668-0400] {logging_mixin.py:190} INFO - [2025-05-14T13:53:16.667-0400] {dag.py:3239} INFO - Sync 1 DAGs
[2025-05-14T13:53:16.680-0400] {logging_mixin.py:190} INFO - [2025-05-14T13:53:16.679-0400] {dag.py:4180} INFO - Setting next_dagrun for example_short_circuit_operator to None, run_after=None
[2025-05-14T13:53:16.698-0400] {processor.py:208} INFO - Processing /home/aangava/MSP/airflow_venv/lib/python3.12/site-packages/airflow/example_dags/example_short_circuit_operator.py took 0.069 seconds
[2025-05-14T13:54:09.785-0400] {processor.py:186} INFO - Started process (PID=21272) to work on /home/aangava/MSP/airflow_venv/lib/python3.12/site-packages/airflow/example_dags/example_short_circuit_operator.py
[2025-05-14T13:54:09.786-0400] {processor.py:914} INFO - Processing file /home/aangava/MSP/airflow_venv/lib/python3.12/site-packages/airflow/example_dags/example_short_circuit_operator.py for tasks to queue
[2025-05-14T13:54:09.788-0400] {logging_mixin.py:190} INFO - [2025-05-14T13:54:09.787-0400] {dagbag.py:588} INFO - Filling up the DagBag from /home/aangava/MSP/airflow_venv/lib/python3.12/site-packages/airflow/example_dags/example_short_circuit_operator.py
[2025-05-14T13:54:09.794-0400] {processor.py:925} INFO - DAG(s) 'example_short_circuit_operator' retrieved from /home/aangava/MSP/airflow_venv/lib/python3.12/site-packages/airflow/example_dags/example_short_circuit_operator.py
[2025-05-14T13:54:09.806-0400] {logging_mixin.py:190} INFO - [2025-05-14T13:54:09.806-0400] {dag.py:3239} INFO - Sync 1 DAGs
[2025-05-14T13:54:09.815-0400] {logging_mixin.py:190} INFO - [2025-05-14T13:54:09.814-0400] {dag.py:4180} INFO - Setting next_dagrun for example_short_circuit_operator to None, run_after=None
[2025-05-14T13:54:09.828-0400] {processor.py:208} INFO - Processing /home/aangava/MSP/airflow_venv/lib/python3.12/site-packages/airflow/example_dags/example_short_circuit_operator.py took 0.047 seconds
[2025-05-14T13:55:01.166-0400] {processor.py:186} INFO - Started process (PID=21552) to work on /home/aangava/MSP/airflow_venv/lib/python3.12/site-packages/airflow/example_dags/example_short_circuit_operator.py
[2025-05-14T13:55:01.167-0400] {processor.py:914} INFO - Processing file /home/aangava/MSP/airflow_venv/lib/python3.12/site-packages/airflow/example_dags/example_short_circuit_operator.py for tasks to queue
[2025-05-14T13:55:01.169-0400] {logging_mixin.py:190} INFO - [2025-05-14T13:55:01.169-0400] {dagbag.py:588} INFO - Filling up the DagBag from /home/aangava/MSP/airflow_venv/lib/python3.12/site-packages/airflow/example_dags/example_short_circuit_operator.py
[2025-05-14T13:55:01.175-0400] {processor.py:925} INFO - DAG(s) 'example_short_circuit_operator' retrieved from /home/aangava/MSP/airflow_venv/lib/python3.12/site-packages/airflow/example_dags/example_short_circuit_operator.py
[2025-05-14T13:55:01.186-0400] {logging_mixin.py:190} INFO - [2025-05-14T13:55:01.186-0400] {dag.py:3239} INFO - Sync 1 DAGs
[2025-05-14T13:55:01.196-0400] {logging_mixin.py:190} INFO - [2025-05-14T13:55:01.196-0400] {dag.py:4180} INFO - Setting next_dagrun for example_short_circuit_operator to None, run_after=None
[2025-05-14T13:55:01.213-0400] {processor.py:208} INFO - Processing /home/aangava/MSP/airflow_venv/lib/python3.12/site-packages/airflow/example_dags/example_short_circuit_operator.py took 0.050 seconds
[2025-05-14T13:55:54.679-0400] {processor.py:186} INFO - Started process (PID=21842) to work on /home/aangava/MSP/airflow_venv/lib/python3.12/site-packages/airflow/example_dags/example_short_circuit_operator.py
[2025-05-14T13:55:54.688-0400] {processor.py:914} INFO - Processing file /home/aangava/MSP/airflow_venv/lib/python3.12/site-packages/airflow/example_dags/example_short_circuit_operator.py for tasks to queue
[2025-05-14T13:55:54.690-0400] {logging_mixin.py:190} INFO - [2025-05-14T13:55:54.690-0400] {dagbag.py:588} INFO - Filling up the DagBag from /home/aangava/MSP/airflow_venv/lib/python3.12/site-packages/airflow/example_dags/example_short_circuit_operator.py
[2025-05-14T13:55:54.696-0400] {processor.py:925} INFO - DAG(s) 'example_short_circuit_operator' retrieved from /home/aangava/MSP/airflow_venv/lib/python3.12/site-packages/airflow/example_dags/example_short_circuit_operator.py
[2025-05-14T13:55:54.707-0400] {logging_mixin.py:190} INFO - [2025-05-14T13:55:54.707-0400] {dag.py:3239} INFO - Sync 1 DAGs
[2025-05-14T13:55:54.715-0400] {logging_mixin.py:190} INFO - [2025-05-14T13:55:54.715-0400] {dag.py:4180} INFO - Setting next_dagrun for example_short_circuit_operator to None, run_after=None
[2025-05-14T13:55:54.730-0400] {processor.py:208} INFO - Processing /home/aangava/MSP/airflow_venv/lib/python3.12/site-packages/airflow/example_dags/example_short_circuit_operator.py took 0.055 seconds
[2025-05-14T13:57:08.199-0400] {processor.py:186} INFO - Started process (PID=22370) to work on /home/aangava/MSP/airflow_venv/lib/python3.12/site-packages/airflow/example_dags/example_short_circuit_operator.py
[2025-05-14T13:57:08.209-0400] {processor.py:914} INFO - Processing file /home/aangava/MSP/airflow_venv/lib/python3.12/site-packages/airflow/example_dags/example_short_circuit_operator.py for tasks to queue
[2025-05-14T13:57:08.211-0400] {logging_mixin.py:190} INFO - [2025-05-14T13:57:08.211-0400] {dagbag.py:588} INFO - Filling up the DagBag from /home/aangava/MSP/airflow_venv/lib/python3.12/site-packages/airflow/example_dags/example_short_circuit_operator.py
[2025-05-14T13:57:08.217-0400] {processor.py:925} INFO - DAG(s) 'example_short_circuit_operator' retrieved from /home/aangava/MSP/airflow_venv/lib/python3.12/site-packages/airflow/example_dags/example_short_circuit_operator.py
[2025-05-14T13:57:08.229-0400] {logging_mixin.py:190} INFO - [2025-05-14T13:57:08.229-0400] {dag.py:3239} INFO - Sync 1 DAGs
[2025-05-14T13:57:08.237-0400] {logging_mixin.py:190} INFO - [2025-05-14T13:57:08.237-0400] {dag.py:4180} INFO - Setting next_dagrun for example_short_circuit_operator to None, run_after=None
[2025-05-14T13:57:08.250-0400] {processor.py:208} INFO - Processing /home/aangava/MSP/airflow_venv/lib/python3.12/site-packages/airflow/example_dags/example_short_circuit_operator.py took 0.055 seconds
[2025-05-14T13:58:04.809-0400] {processor.py:186} INFO - Started process (PID=22854) to work on /home/aangava/MSP/airflow_venv/lib/python3.12/site-packages/airflow/example_dags/example_short_circuit_operator.py
[2025-05-14T13:58:04.811-0400] {processor.py:914} INFO - Processing file /home/aangava/MSP/airflow_venv/lib/python3.12/site-packages/airflow/example_dags/example_short_circuit_operator.py for tasks to queue
[2025-05-14T13:58:04.812-0400] {logging_mixin.py:190} INFO - [2025-05-14T13:58:04.812-0400] {dagbag.py:588} INFO - Filling up the DagBag from /home/aangava/MSP/airflow_venv/lib/python3.12/site-packages/airflow/example_dags/example_short_circuit_operator.py
[2025-05-14T13:58:04.818-0400] {processor.py:925} INFO - DAG(s) 'example_short_circuit_operator' retrieved from /home/aangava/MSP/airflow_venv/lib/python3.12/site-packages/airflow/example_dags/example_short_circuit_operator.py
[2025-05-14T13:58:04.828-0400] {logging_mixin.py:190} INFO - [2025-05-14T13:58:04.828-0400] {dag.py:3239} INFO - Sync 1 DAGs
[2025-05-14T13:58:04.836-0400] {logging_mixin.py:190} INFO - [2025-05-14T13:58:04.836-0400] {dag.py:4180} INFO - Setting next_dagrun for example_short_circuit_operator to None, run_after=None
[2025-05-14T13:58:04.857-0400] {processor.py:208} INFO - Processing /home/aangava/MSP/airflow_venv/lib/python3.12/site-packages/airflow/example_dags/example_short_circuit_operator.py took 0.052 seconds
[2025-05-14T13:58:56.277-0400] {processor.py:186} INFO - Started process (PID=23086) to work on /home/aangava/MSP/airflow_venv/lib/python3.12/site-packages/airflow/example_dags/example_short_circuit_operator.py
[2025-05-14T13:58:56.279-0400] {processor.py:914} INFO - Processing file /home/aangava/MSP/airflow_venv/lib/python3.12/site-packages/airflow/example_dags/example_short_circuit_operator.py for tasks to queue
[2025-05-14T13:58:56.281-0400] {logging_mixin.py:190} INFO - [2025-05-14T13:58:56.280-0400] {dagbag.py:588} INFO - Filling up the DagBag from /home/aangava/MSP/airflow_venv/lib/python3.12/site-packages/airflow/example_dags/example_short_circuit_operator.py
[2025-05-14T13:58:56.288-0400] {processor.py:925} INFO - DAG(s) 'example_short_circuit_operator' retrieved from /home/aangava/MSP/airflow_venv/lib/python3.12/site-packages/airflow/example_dags/example_short_circuit_operator.py
[2025-05-14T13:58:56.299-0400] {logging_mixin.py:190} INFO - [2025-05-14T13:58:56.299-0400] {dag.py:3239} INFO - Sync 1 DAGs
[2025-05-14T13:58:56.308-0400] {logging_mixin.py:190} INFO - [2025-05-14T13:58:56.308-0400] {dag.py:4180} INFO - Setting next_dagrun for example_short_circuit_operator to None, run_after=None
[2025-05-14T13:58:56.323-0400] {processor.py:208} INFO - Processing /home/aangava/MSP/airflow_venv/lib/python3.12/site-packages/airflow/example_dags/example_short_circuit_operator.py took 0.050 seconds
[2025-05-14T13:59:48.053-0400] {processor.py:186} INFO - Started process (PID=23294) to work on /home/aangava/MSP/airflow_venv/lib/python3.12/site-packages/airflow/example_dags/example_short_circuit_operator.py
[2025-05-14T13:59:48.054-0400] {processor.py:914} INFO - Processing file /home/aangava/MSP/airflow_venv/lib/python3.12/site-packages/airflow/example_dags/example_short_circuit_operator.py for tasks to queue
[2025-05-14T13:59:48.055-0400] {logging_mixin.py:190} INFO - [2025-05-14T13:59:48.055-0400] {dagbag.py:588} INFO - Filling up the DagBag from /home/aangava/MSP/airflow_venv/lib/python3.12/site-packages/airflow/example_dags/example_short_circuit_operator.py
[2025-05-14T13:59:48.061-0400] {processor.py:925} INFO - DAG(s) 'example_short_circuit_operator' retrieved from /home/aangava/MSP/airflow_venv/lib/python3.12/site-packages/airflow/example_dags/example_short_circuit_operator.py
[2025-05-14T13:59:48.077-0400] {logging_mixin.py:190} INFO - [2025-05-14T13:59:48.077-0400] {dag.py:3239} INFO - Sync 1 DAGs
[2025-05-14T13:59:48.089-0400] {logging_mixin.py:190} INFO - [2025-05-14T13:59:48.089-0400] {dag.py:4180} INFO - Setting next_dagrun for example_short_circuit_operator to None, run_after=None
[2025-05-14T13:59:48.103-0400] {processor.py:208} INFO - Processing /home/aangava/MSP/airflow_venv/lib/python3.12/site-packages/airflow/example_dags/example_short_circuit_operator.py took 0.055 seconds
[2025-05-14T14:00:40.704-0400] {processor.py:186} INFO - Started process (PID=23504) to work on /home/aangava/MSP/airflow_venv/lib/python3.12/site-packages/airflow/example_dags/example_short_circuit_operator.py
[2025-05-14T14:00:40.706-0400] {processor.py:914} INFO - Processing file /home/aangava/MSP/airflow_venv/lib/python3.12/site-packages/airflow/example_dags/example_short_circuit_operator.py for tasks to queue
[2025-05-14T14:00:40.707-0400] {logging_mixin.py:190} INFO - [2025-05-14T14:00:40.707-0400] {dagbag.py:588} INFO - Filling up the DagBag from /home/aangava/MSP/airflow_venv/lib/python3.12/site-packages/airflow/example_dags/example_short_circuit_operator.py
[2025-05-14T14:00:40.715-0400] {processor.py:925} INFO - DAG(s) 'example_short_circuit_operator' retrieved from /home/aangava/MSP/airflow_venv/lib/python3.12/site-packages/airflow/example_dags/example_short_circuit_operator.py
[2025-05-14T14:00:40.727-0400] {logging_mixin.py:190} INFO - [2025-05-14T14:00:40.726-0400] {dag.py:3239} INFO - Sync 1 DAGs
[2025-05-14T14:00:40.735-0400] {logging_mixin.py:190} INFO - [2025-05-14T14:00:40.735-0400] {dag.py:4180} INFO - Setting next_dagrun for example_short_circuit_operator to None, run_after=None
[2025-05-14T14:00:40.765-0400] {processor.py:208} INFO - Processing /home/aangava/MSP/airflow_venv/lib/python3.12/site-packages/airflow/example_dags/example_short_circuit_operator.py took 0.065 seconds
[2025-05-14T14:01:38.213-0400] {processor.py:186} INFO - Started process (PID=23790) to work on /home/aangava/MSP/airflow_venv/lib/python3.12/site-packages/airflow/example_dags/example_short_circuit_operator.py
[2025-05-14T14:01:38.223-0400] {processor.py:914} INFO - Processing file /home/aangava/MSP/airflow_venv/lib/python3.12/site-packages/airflow/example_dags/example_short_circuit_operator.py for tasks to queue
[2025-05-14T14:01:38.225-0400] {logging_mixin.py:190} INFO - [2025-05-14T14:01:38.225-0400] {dagbag.py:588} INFO - Filling up the DagBag from /home/aangava/MSP/airflow_venv/lib/python3.12/site-packages/airflow/example_dags/example_short_circuit_operator.py
[2025-05-14T14:01:38.232-0400] {processor.py:925} INFO - DAG(s) 'example_short_circuit_operator' retrieved from /home/aangava/MSP/airflow_venv/lib/python3.12/site-packages/airflow/example_dags/example_short_circuit_operator.py
[2025-05-14T14:01:38.245-0400] {logging_mixin.py:190} INFO - [2025-05-14T14:01:38.244-0400] {dag.py:3239} INFO - Sync 1 DAGs
[2025-05-14T14:01:38.255-0400] {logging_mixin.py:190} INFO - [2025-05-14T14:01:38.255-0400] {dag.py:4180} INFO - Setting next_dagrun for example_short_circuit_operator to None, run_after=None
[2025-05-14T14:01:38.270-0400] {processor.py:208} INFO - Processing /home/aangava/MSP/airflow_venv/lib/python3.12/site-packages/airflow/example_dags/example_short_circuit_operator.py took 0.061 seconds
[2025-05-14T14:02:31.955-0400] {processor.py:186} INFO - Started process (PID=24043) to work on /home/aangava/MSP/airflow_venv/lib/python3.12/site-packages/airflow/example_dags/example_short_circuit_operator.py
[2025-05-14T14:02:31.957-0400] {processor.py:914} INFO - Processing file /home/aangava/MSP/airflow_venv/lib/python3.12/site-packages/airflow/example_dags/example_short_circuit_operator.py for tasks to queue
[2025-05-14T14:02:31.959-0400] {logging_mixin.py:190} INFO - [2025-05-14T14:02:31.959-0400] {dagbag.py:588} INFO - Filling up the DagBag from /home/aangava/MSP/airflow_venv/lib/python3.12/site-packages/airflow/example_dags/example_short_circuit_operator.py
[2025-05-14T14:02:31.966-0400] {processor.py:925} INFO - DAG(s) 'example_short_circuit_operator' retrieved from /home/aangava/MSP/airflow_venv/lib/python3.12/site-packages/airflow/example_dags/example_short_circuit_operator.py
[2025-05-14T14:02:31.977-0400] {logging_mixin.py:190} INFO - [2025-05-14T14:02:31.977-0400] {dag.py:3239} INFO - Sync 1 DAGs
[2025-05-14T14:02:31.986-0400] {logging_mixin.py:190} INFO - [2025-05-14T14:02:31.985-0400] {dag.py:4180} INFO - Setting next_dagrun for example_short_circuit_operator to None, run_after=None
[2025-05-14T14:02:32.000-0400] {processor.py:208} INFO - Processing /home/aangava/MSP/airflow_venv/lib/python3.12/site-packages/airflow/example_dags/example_short_circuit_operator.py took 0.049 seconds
[2025-05-14T14:03:23.205-0400] {processor.py:186} INFO - Started process (PID=24303) to work on /home/aangava/MSP/airflow_venv/lib/python3.12/site-packages/airflow/example_dags/example_short_circuit_operator.py
[2025-05-14T14:03:23.206-0400] {processor.py:914} INFO - Processing file /home/aangava/MSP/airflow_venv/lib/python3.12/site-packages/airflow/example_dags/example_short_circuit_operator.py for tasks to queue
[2025-05-14T14:03:23.208-0400] {logging_mixin.py:190} INFO - [2025-05-14T14:03:23.207-0400] {dagbag.py:588} INFO - Filling up the DagBag from /home/aangava/MSP/airflow_venv/lib/python3.12/site-packages/airflow/example_dags/example_short_circuit_operator.py
[2025-05-14T14:03:23.214-0400] {processor.py:925} INFO - DAG(s) 'example_short_circuit_operator' retrieved from /home/aangava/MSP/airflow_venv/lib/python3.12/site-packages/airflow/example_dags/example_short_circuit_operator.py
[2025-05-14T14:03:23.225-0400] {logging_mixin.py:190} INFO - [2025-05-14T14:03:23.225-0400] {dag.py:3239} INFO - Sync 1 DAGs
[2025-05-14T14:03:23.233-0400] {logging_mixin.py:190} INFO - [2025-05-14T14:03:23.232-0400] {dag.py:4180} INFO - Setting next_dagrun for example_short_circuit_operator to None, run_after=None
[2025-05-14T14:03:23.246-0400] {processor.py:208} INFO - Processing /home/aangava/MSP/airflow_venv/lib/python3.12/site-packages/airflow/example_dags/example_short_circuit_operator.py took 0.045 seconds
[2025-05-14T14:04:16.287-0400] {processor.py:186} INFO - Started process (PID=24559) to work on /home/aangava/MSP/airflow_venv/lib/python3.12/site-packages/airflow/example_dags/example_short_circuit_operator.py
[2025-05-14T14:04:16.296-0400] {processor.py:914} INFO - Processing file /home/aangava/MSP/airflow_venv/lib/python3.12/site-packages/airflow/example_dags/example_short_circuit_operator.py for tasks to queue
[2025-05-14T14:04:16.298-0400] {logging_mixin.py:190} INFO - [2025-05-14T14:04:16.298-0400] {dagbag.py:588} INFO - Filling up the DagBag from /home/aangava/MSP/airflow_venv/lib/python3.12/site-packages/airflow/example_dags/example_short_circuit_operator.py
[2025-05-14T14:04:16.304-0400] {processor.py:925} INFO - DAG(s) 'example_short_circuit_operator' retrieved from /home/aangava/MSP/airflow_venv/lib/python3.12/site-packages/airflow/example_dags/example_short_circuit_operator.py
[2025-05-14T14:04:16.315-0400] {logging_mixin.py:190} INFO - [2025-05-14T14:04:16.315-0400] {dag.py:3239} INFO - Sync 1 DAGs
[2025-05-14T14:04:16.323-0400] {logging_mixin.py:190} INFO - [2025-05-14T14:04:16.323-0400] {dag.py:4180} INFO - Setting next_dagrun for example_short_circuit_operator to None, run_after=None
[2025-05-14T14:04:16.338-0400] {processor.py:208} INFO - Processing /home/aangava/MSP/airflow_venv/lib/python3.12/site-packages/airflow/example_dags/example_short_circuit_operator.py took 0.055 seconds
[2025-05-14T14:09:10.808-0400] {processor.py:186} INFO - Started process (PID=27350) to work on /home/aangava/MSP/airflow_venv/lib/python3.12/site-packages/airflow/example_dags/example_short_circuit_operator.py
[2025-05-14T14:09:10.810-0400] {processor.py:914} INFO - Processing file /home/aangava/MSP/airflow_venv/lib/python3.12/site-packages/airflow/example_dags/example_short_circuit_operator.py for tasks to queue
[2025-05-14T14:09:10.811-0400] {logging_mixin.py:190} INFO - [2025-05-14T14:09:10.810-0400] {dagbag.py:588} INFO - Filling up the DagBag from /home/aangava/MSP/airflow_venv/lib/python3.12/site-packages/airflow/example_dags/example_short_circuit_operator.py
[2025-05-14T14:09:10.815-0400] {processor.py:925} INFO - DAG(s) 'example_short_circuit_operator' retrieved from /home/aangava/MSP/airflow_venv/lib/python3.12/site-packages/airflow/example_dags/example_short_circuit_operator.py
[2025-05-14T14:09:10.831-0400] {logging_mixin.py:190} INFO - [2025-05-14T14:09:10.830-0400] {dag.py:3239} INFO - Sync 1 DAGs
[2025-05-14T14:09:10.838-0400] {logging_mixin.py:190} INFO - [2025-05-14T14:09:10.838-0400] {dag.py:4180} INFO - Setting next_dagrun for example_short_circuit_operator to None, run_after=None
[2025-05-14T14:09:10.851-0400] {processor.py:208} INFO - Processing /home/aangava/MSP/airflow_venv/lib/python3.12/site-packages/airflow/example_dags/example_short_circuit_operator.py took 0.048 seconds
[2025-05-14T14:10:07.551-0400] {processor.py:186} INFO - Started process (PID=27646) to work on /home/aangava/MSP/airflow_venv/lib/python3.12/site-packages/airflow/example_dags/example_short_circuit_operator.py
[2025-05-14T14:10:07.551-0400] {processor.py:914} INFO - Processing file /home/aangava/MSP/airflow_venv/lib/python3.12/site-packages/airflow/example_dags/example_short_circuit_operator.py for tasks to queue
[2025-05-14T14:10:07.552-0400] {logging_mixin.py:190} INFO - [2025-05-14T14:10:07.552-0400] {dagbag.py:588} INFO - Filling up the DagBag from /home/aangava/MSP/airflow_venv/lib/python3.12/site-packages/airflow/example_dags/example_short_circuit_operator.py
[2025-05-14T14:10:07.556-0400] {processor.py:925} INFO - DAG(s) 'example_short_circuit_operator' retrieved from /home/aangava/MSP/airflow_venv/lib/python3.12/site-packages/airflow/example_dags/example_short_circuit_operator.py
[2025-05-14T14:10:07.568-0400] {logging_mixin.py:190} INFO - [2025-05-14T14:10:07.568-0400] {dag.py:3239} INFO - Sync 1 DAGs
[2025-05-14T14:10:07.575-0400] {logging_mixin.py:190} INFO - [2025-05-14T14:10:07.575-0400] {dag.py:4180} INFO - Setting next_dagrun for example_short_circuit_operator to None, run_after=None
[2025-05-14T14:10:07.587-0400] {processor.py:208} INFO - Processing /home/aangava/MSP/airflow_venv/lib/python3.12/site-packages/airflow/example_dags/example_short_circuit_operator.py took 0.040 seconds
[2025-05-14T14:11:05.769-0400] {processor.py:186} INFO - Started process (PID=27942) to work on /home/aangava/MSP/airflow_venv/lib/python3.12/site-packages/airflow/example_dags/example_short_circuit_operator.py
[2025-05-14T14:11:05.780-0400] {processor.py:914} INFO - Processing file /home/aangava/MSP/airflow_venv/lib/python3.12/site-packages/airflow/example_dags/example_short_circuit_operator.py for tasks to queue
[2025-05-14T14:11:05.780-0400] {logging_mixin.py:190} INFO - [2025-05-14T14:11:05.780-0400] {dagbag.py:588} INFO - Filling up the DagBag from /home/aangava/MSP/airflow_venv/lib/python3.12/site-packages/airflow/example_dags/example_short_circuit_operator.py
[2025-05-14T14:11:05.785-0400] {processor.py:925} INFO - DAG(s) 'example_short_circuit_operator' retrieved from /home/aangava/MSP/airflow_venv/lib/python3.12/site-packages/airflow/example_dags/example_short_circuit_operator.py
[2025-05-14T14:11:05.796-0400] {logging_mixin.py:190} INFO - [2025-05-14T14:11:05.796-0400] {dag.py:3239} INFO - Sync 1 DAGs
[2025-05-14T14:11:05.803-0400] {logging_mixin.py:190} INFO - [2025-05-14T14:11:05.803-0400] {dag.py:4180} INFO - Setting next_dagrun for example_short_circuit_operator to None, run_after=None
[2025-05-14T14:11:05.816-0400] {processor.py:208} INFO - Processing /home/aangava/MSP/airflow_venv/lib/python3.12/site-packages/airflow/example_dags/example_short_circuit_operator.py took 0.050 seconds
[2025-05-14T14:12:01.828-0400] {processor.py:186} INFO - Started process (PID=28237) to work on /home/aangava/MSP/airflow_venv/lib/python3.12/site-packages/airflow/example_dags/example_short_circuit_operator.py
[2025-05-14T14:12:01.829-0400] {processor.py:914} INFO - Processing file /home/aangava/MSP/airflow_venv/lib/python3.12/site-packages/airflow/example_dags/example_short_circuit_operator.py for tasks to queue
[2025-05-14T14:12:01.830-0400] {logging_mixin.py:190} INFO - [2025-05-14T14:12:01.830-0400] {dagbag.py:588} INFO - Filling up the DagBag from /home/aangava/MSP/airflow_venv/lib/python3.12/site-packages/airflow/example_dags/example_short_circuit_operator.py
[2025-05-14T14:12:01.834-0400] {processor.py:925} INFO - DAG(s) 'example_short_circuit_operator' retrieved from /home/aangava/MSP/airflow_venv/lib/python3.12/site-packages/airflow/example_dags/example_short_circuit_operator.py
[2025-05-14T14:12:01.847-0400] {logging_mixin.py:190} INFO - [2025-05-14T14:12:01.847-0400] {dag.py:3239} INFO - Sync 1 DAGs
[2025-05-14T14:12:01.855-0400] {logging_mixin.py:190} INFO - [2025-05-14T14:12:01.854-0400] {dag.py:4180} INFO - Setting next_dagrun for example_short_circuit_operator to None, run_after=None
[2025-05-14T14:12:01.868-0400] {processor.py:208} INFO - Processing /home/aangava/MSP/airflow_venv/lib/python3.12/site-packages/airflow/example_dags/example_short_circuit_operator.py took 0.043 seconds
[2025-05-14T14:12:54.356-0400] {processor.py:186} INFO - Started process (PID=28449) to work on /home/aangava/MSP/airflow_venv/lib/python3.12/site-packages/airflow/example_dags/example_short_circuit_operator.py
[2025-05-14T14:12:54.367-0400] {processor.py:914} INFO - Processing file /home/aangava/MSP/airflow_venv/lib/python3.12/site-packages/airflow/example_dags/example_short_circuit_operator.py for tasks to queue
[2025-05-14T14:12:54.368-0400] {logging_mixin.py:190} INFO - [2025-05-14T14:12:54.368-0400] {dagbag.py:588} INFO - Filling up the DagBag from /home/aangava/MSP/airflow_venv/lib/python3.12/site-packages/airflow/example_dags/example_short_circuit_operator.py
[2025-05-14T14:12:54.372-0400] {processor.py:925} INFO - DAG(s) 'example_short_circuit_operator' retrieved from /home/aangava/MSP/airflow_venv/lib/python3.12/site-packages/airflow/example_dags/example_short_circuit_operator.py
[2025-05-14T14:12:54.383-0400] {logging_mixin.py:190} INFO - [2025-05-14T14:12:54.383-0400] {dag.py:3239} INFO - Sync 1 DAGs
[2025-05-14T14:12:54.389-0400] {logging_mixin.py:190} INFO - [2025-05-14T14:12:54.389-0400] {dag.py:4180} INFO - Setting next_dagrun for example_short_circuit_operator to None, run_after=None
[2025-05-14T14:12:54.403-0400] {processor.py:208} INFO - Processing /home/aangava/MSP/airflow_venv/lib/python3.12/site-packages/airflow/example_dags/example_short_circuit_operator.py took 0.050 seconds
[2025-05-14T14:13:47.734-0400] {processor.py:186} INFO - Started process (PID=28682) to work on /home/aangava/MSP/airflow_venv/lib/python3.12/site-packages/airflow/example_dags/example_short_circuit_operator.py
[2025-05-14T14:13:47.744-0400] {processor.py:914} INFO - Processing file /home/aangava/MSP/airflow_venv/lib/python3.12/site-packages/airflow/example_dags/example_short_circuit_operator.py for tasks to queue
[2025-05-14T14:13:47.745-0400] {logging_mixin.py:190} INFO - [2025-05-14T14:13:47.745-0400] {dagbag.py:588} INFO - Filling up the DagBag from /home/aangava/MSP/airflow_venv/lib/python3.12/site-packages/airflow/example_dags/example_short_circuit_operator.py
[2025-05-14T14:13:47.750-0400] {processor.py:925} INFO - DAG(s) 'example_short_circuit_operator' retrieved from /home/aangava/MSP/airflow_venv/lib/python3.12/site-packages/airflow/example_dags/example_short_circuit_operator.py
[2025-05-14T14:13:47.762-0400] {logging_mixin.py:190} INFO - [2025-05-14T14:13:47.762-0400] {dag.py:3239} INFO - Sync 1 DAGs
[2025-05-14T14:13:47.770-0400] {logging_mixin.py:190} INFO - [2025-05-14T14:13:47.770-0400] {dag.py:4180} INFO - Setting next_dagrun for example_short_circuit_operator to None, run_after=None
[2025-05-14T14:13:47.786-0400] {processor.py:208} INFO - Processing /home/aangava/MSP/airflow_venv/lib/python3.12/site-packages/airflow/example_dags/example_short_circuit_operator.py took 0.056 seconds
[2025-05-14T14:14:40.482-0400] {processor.py:186} INFO - Started process (PID=28892) to work on /home/aangava/MSP/airflow_venv/lib/python3.12/site-packages/airflow/example_dags/example_short_circuit_operator.py
[2025-05-14T14:14:40.484-0400] {processor.py:914} INFO - Processing file /home/aangava/MSP/airflow_venv/lib/python3.12/site-packages/airflow/example_dags/example_short_circuit_operator.py for tasks to queue
[2025-05-14T14:14:40.485-0400] {logging_mixin.py:190} INFO - [2025-05-14T14:14:40.485-0400] {dagbag.py:588} INFO - Filling up the DagBag from /home/aangava/MSP/airflow_venv/lib/python3.12/site-packages/airflow/example_dags/example_short_circuit_operator.py
[2025-05-14T14:14:40.490-0400] {processor.py:925} INFO - DAG(s) 'example_short_circuit_operator' retrieved from /home/aangava/MSP/airflow_venv/lib/python3.12/site-packages/airflow/example_dags/example_short_circuit_operator.py
[2025-05-14T14:14:40.502-0400] {logging_mixin.py:190} INFO - [2025-05-14T14:14:40.502-0400] {dag.py:3239} INFO - Sync 1 DAGs
[2025-05-14T14:14:40.510-0400] {logging_mixin.py:190} INFO - [2025-05-14T14:14:40.510-0400] {dag.py:4180} INFO - Setting next_dagrun for example_short_circuit_operator to None, run_after=None
[2025-05-14T14:14:40.523-0400] {processor.py:208} INFO - Processing /home/aangava/MSP/airflow_venv/lib/python3.12/site-packages/airflow/example_dags/example_short_circuit_operator.py took 0.046 seconds
[2025-05-14T14:15:33.611-0400] {processor.py:186} INFO - Started process (PID=29105) to work on /home/aangava/MSP/airflow_venv/lib/python3.12/site-packages/airflow/example_dags/example_short_circuit_operator.py
[2025-05-14T14:15:33.621-0400] {processor.py:914} INFO - Processing file /home/aangava/MSP/airflow_venv/lib/python3.12/site-packages/airflow/example_dags/example_short_circuit_operator.py for tasks to queue
[2025-05-14T14:15:33.622-0400] {logging_mixin.py:190} INFO - [2025-05-14T14:15:33.621-0400] {dagbag.py:588} INFO - Filling up the DagBag from /home/aangava/MSP/airflow_venv/lib/python3.12/site-packages/airflow/example_dags/example_short_circuit_operator.py
[2025-05-14T14:15:33.626-0400] {processor.py:925} INFO - DAG(s) 'example_short_circuit_operator' retrieved from /home/aangava/MSP/airflow_venv/lib/python3.12/site-packages/airflow/example_dags/example_short_circuit_operator.py
[2025-05-14T14:15:33.642-0400] {logging_mixin.py:190} INFO - [2025-05-14T14:15:33.641-0400] {dag.py:3239} INFO - Sync 1 DAGs
[2025-05-14T14:15:33.648-0400] {logging_mixin.py:190} INFO - [2025-05-14T14:15:33.648-0400] {dag.py:4180} INFO - Setting next_dagrun for example_short_circuit_operator to None, run_after=None
[2025-05-14T14:15:33.667-0400] {processor.py:208} INFO - Processing /home/aangava/MSP/airflow_venv/lib/python3.12/site-packages/airflow/example_dags/example_short_circuit_operator.py took 0.060 seconds
[2025-05-14T14:16:27.686-0400] {processor.py:186} INFO - Started process (PID=29316) to work on /home/aangava/MSP/airflow_venv/lib/python3.12/site-packages/airflow/example_dags/example_short_circuit_operator.py
[2025-05-14T14:16:27.697-0400] {processor.py:914} INFO - Processing file /home/aangava/MSP/airflow_venv/lib/python3.12/site-packages/airflow/example_dags/example_short_circuit_operator.py for tasks to queue
[2025-05-14T14:16:27.699-0400] {logging_mixin.py:190} INFO - [2025-05-14T14:16:27.698-0400] {dagbag.py:588} INFO - Filling up the DagBag from /home/aangava/MSP/airflow_venv/lib/python3.12/site-packages/airflow/example_dags/example_short_circuit_operator.py
[2025-05-14T14:16:27.704-0400] {processor.py:925} INFO - DAG(s) 'example_short_circuit_operator' retrieved from /home/aangava/MSP/airflow_venv/lib/python3.12/site-packages/airflow/example_dags/example_short_circuit_operator.py
[2025-05-14T14:16:27.718-0400] {logging_mixin.py:190} INFO - [2025-05-14T14:16:27.718-0400] {dag.py:3239} INFO - Sync 1 DAGs
[2025-05-14T14:16:27.726-0400] {logging_mixin.py:190} INFO - [2025-05-14T14:16:27.726-0400] {dag.py:4180} INFO - Setting next_dagrun for example_short_circuit_operator to None, run_after=None
[2025-05-14T14:16:27.740-0400] {processor.py:208} INFO - Processing /home/aangava/MSP/airflow_venv/lib/python3.12/site-packages/airflow/example_dags/example_short_circuit_operator.py took 0.060 seconds
[2025-05-14T14:17:20.124-0400] {processor.py:186} INFO - Started process (PID=29531) to work on /home/aangava/MSP/airflow_venv/lib/python3.12/site-packages/airflow/example_dags/example_short_circuit_operator.py
[2025-05-14T14:17:20.125-0400] {processor.py:914} INFO - Processing file /home/aangava/MSP/airflow_venv/lib/python3.12/site-packages/airflow/example_dags/example_short_circuit_operator.py for tasks to queue
[2025-05-14T14:17:20.126-0400] {logging_mixin.py:190} INFO - [2025-05-14T14:17:20.126-0400] {dagbag.py:588} INFO - Filling up the DagBag from /home/aangava/MSP/airflow_venv/lib/python3.12/site-packages/airflow/example_dags/example_short_circuit_operator.py
[2025-05-14T14:17:20.130-0400] {processor.py:925} INFO - DAG(s) 'example_short_circuit_operator' retrieved from /home/aangava/MSP/airflow_venv/lib/python3.12/site-packages/airflow/example_dags/example_short_circuit_operator.py
[2025-05-14T14:17:20.142-0400] {logging_mixin.py:190} INFO - [2025-05-14T14:17:20.142-0400] {dag.py:3239} INFO - Sync 1 DAGs
[2025-05-14T14:17:20.150-0400] {logging_mixin.py:190} INFO - [2025-05-14T14:17:20.149-0400] {dag.py:4180} INFO - Setting next_dagrun for example_short_circuit_operator to None, run_after=None
[2025-05-14T14:17:20.161-0400] {processor.py:208} INFO - Processing /home/aangava/MSP/airflow_venv/lib/python3.12/site-packages/airflow/example_dags/example_short_circuit_operator.py took 0.042 seconds
[2025-05-14T14:18:16.766-0400] {processor.py:186} INFO - Started process (PID=29787) to work on /home/aangava/MSP/airflow_venv/lib/python3.12/site-packages/airflow/example_dags/example_short_circuit_operator.py
[2025-05-14T14:18:16.776-0400] {processor.py:914} INFO - Processing file /home/aangava/MSP/airflow_venv/lib/python3.12/site-packages/airflow/example_dags/example_short_circuit_operator.py for tasks to queue
[2025-05-14T14:18:16.777-0400] {logging_mixin.py:190} INFO - [2025-05-14T14:18:16.777-0400] {dagbag.py:588} INFO - Filling up the DagBag from /home/aangava/MSP/airflow_venv/lib/python3.12/site-packages/airflow/example_dags/example_short_circuit_operator.py
[2025-05-14T14:18:16.781-0400] {processor.py:925} INFO - DAG(s) 'example_short_circuit_operator' retrieved from /home/aangava/MSP/airflow_venv/lib/python3.12/site-packages/airflow/example_dags/example_short_circuit_operator.py
[2025-05-14T14:18:16.794-0400] {logging_mixin.py:190} INFO - [2025-05-14T14:18:16.794-0400] {dag.py:3239} INFO - Sync 1 DAGs
[2025-05-14T14:18:16.803-0400] {logging_mixin.py:190} INFO - [2025-05-14T14:18:16.803-0400] {dag.py:4180} INFO - Setting next_dagrun for example_short_circuit_operator to None, run_after=None
[2025-05-14T14:18:16.928-0400] {processor.py:208} INFO - Processing /home/aangava/MSP/airflow_venv/lib/python3.12/site-packages/airflow/example_dags/example_short_circuit_operator.py took 0.167 seconds
[2025-05-14T14:19:13.485-0400] {processor.py:186} INFO - Started process (PID=30096) to work on /home/aangava/MSP/airflow_venv/lib/python3.12/site-packages/airflow/example_dags/example_short_circuit_operator.py
[2025-05-14T14:19:13.495-0400] {processor.py:914} INFO - Processing file /home/aangava/MSP/airflow_venv/lib/python3.12/site-packages/airflow/example_dags/example_short_circuit_operator.py for tasks to queue
[2025-05-14T14:19:13.496-0400] {logging_mixin.py:190} INFO - [2025-05-14T14:19:13.496-0400] {dagbag.py:588} INFO - Filling up the DagBag from /home/aangava/MSP/airflow_venv/lib/python3.12/site-packages/airflow/example_dags/example_short_circuit_operator.py
[2025-05-14T14:19:13.500-0400] {processor.py:925} INFO - DAG(s) 'example_short_circuit_operator' retrieved from /home/aangava/MSP/airflow_venv/lib/python3.12/site-packages/airflow/example_dags/example_short_circuit_operator.py
[2025-05-14T14:19:13.512-0400] {logging_mixin.py:190} INFO - [2025-05-14T14:19:13.512-0400] {dag.py:3239} INFO - Sync 1 DAGs
[2025-05-14T14:19:13.519-0400] {logging_mixin.py:190} INFO - [2025-05-14T14:19:13.519-0400] {dag.py:4180} INFO - Setting next_dagrun for example_short_circuit_operator to None, run_after=None
[2025-05-14T14:19:13.532-0400] {processor.py:208} INFO - Processing /home/aangava/MSP/airflow_venv/lib/python3.12/site-packages/airflow/example_dags/example_short_circuit_operator.py took 0.051 seconds
[2025-05-14T14:20:06.100-0400] {processor.py:186} INFO - Started process (PID=30367) to work on /home/aangava/MSP/airflow_venv/lib/python3.12/site-packages/airflow/example_dags/example_short_circuit_operator.py
[2025-05-14T14:20:06.101-0400] {processor.py:914} INFO - Processing file /home/aangava/MSP/airflow_venv/lib/python3.12/site-packages/airflow/example_dags/example_short_circuit_operator.py for tasks to queue
[2025-05-14T14:20:06.102-0400] {logging_mixin.py:190} INFO - [2025-05-14T14:20:06.102-0400] {dagbag.py:588} INFO - Filling up the DagBag from /home/aangava/MSP/airflow_venv/lib/python3.12/site-packages/airflow/example_dags/example_short_circuit_operator.py
[2025-05-14T14:20:06.107-0400] {processor.py:925} INFO - DAG(s) 'example_short_circuit_operator' retrieved from /home/aangava/MSP/airflow_venv/lib/python3.12/site-packages/airflow/example_dags/example_short_circuit_operator.py
[2025-05-14T14:20:06.120-0400] {logging_mixin.py:190} INFO - [2025-05-14T14:20:06.120-0400] {dag.py:3239} INFO - Sync 1 DAGs
[2025-05-14T14:20:06.127-0400] {logging_mixin.py:190} INFO - [2025-05-14T14:20:06.127-0400] {dag.py:4180} INFO - Setting next_dagrun for example_short_circuit_operator to None, run_after=None
[2025-05-14T14:20:06.139-0400] {processor.py:208} INFO - Processing /home/aangava/MSP/airflow_venv/lib/python3.12/site-packages/airflow/example_dags/example_short_circuit_operator.py took 0.043 seconds
[2025-05-14T14:21:04.827-0400] {processor.py:186} INFO - Started process (PID=30654) to work on /home/aangava/MSP/airflow_venv/lib/python3.12/site-packages/airflow/example_dags/example_short_circuit_operator.py
[2025-05-14T14:21:04.828-0400] {processor.py:914} INFO - Processing file /home/aangava/MSP/airflow_venv/lib/python3.12/site-packages/airflow/example_dags/example_short_circuit_operator.py for tasks to queue
[2025-05-14T14:21:04.829-0400] {logging_mixin.py:190} INFO - [2025-05-14T14:21:04.828-0400] {dagbag.py:588} INFO - Filling up the DagBag from /home/aangava/MSP/airflow_venv/lib/python3.12/site-packages/airflow/example_dags/example_short_circuit_operator.py
[2025-05-14T14:21:04.833-0400] {processor.py:925} INFO - DAG(s) 'example_short_circuit_operator' retrieved from /home/aangava/MSP/airflow_venv/lib/python3.12/site-packages/airflow/example_dags/example_short_circuit_operator.py
[2025-05-14T14:21:04.848-0400] {logging_mixin.py:190} INFO - [2025-05-14T14:21:04.848-0400] {dag.py:3239} INFO - Sync 1 DAGs
[2025-05-14T14:21:04.964-0400] {logging_mixin.py:190} INFO - [2025-05-14T14:21:04.964-0400] {dag.py:4180} INFO - Setting next_dagrun for example_short_circuit_operator to None, run_after=None
[2025-05-14T14:21:04.978-0400] {processor.py:208} INFO - Processing /home/aangava/MSP/airflow_venv/lib/python3.12/site-packages/airflow/example_dags/example_short_circuit_operator.py took 0.155 seconds
[2025-05-14T14:22:28.610-0400] {processor.py:186} INFO - Started process (PID=31146) to work on /home/aangava/MSP/airflow_venv/lib/python3.12/site-packages/airflow/example_dags/example_short_circuit_operator.py
[2025-05-14T14:22:28.621-0400] {processor.py:914} INFO - Processing file /home/aangava/MSP/airflow_venv/lib/python3.12/site-packages/airflow/example_dags/example_short_circuit_operator.py for tasks to queue
[2025-05-14T14:22:28.622-0400] {logging_mixin.py:190} INFO - [2025-05-14T14:22:28.622-0400] {dagbag.py:588} INFO - Filling up the DagBag from /home/aangava/MSP/airflow_venv/lib/python3.12/site-packages/airflow/example_dags/example_short_circuit_operator.py
[2025-05-14T14:22:28.627-0400] {processor.py:925} INFO - DAG(s) 'example_short_circuit_operator' retrieved from /home/aangava/MSP/airflow_venv/lib/python3.12/site-packages/airflow/example_dags/example_short_circuit_operator.py
[2025-05-14T14:22:28.638-0400] {logging_mixin.py:190} INFO - [2025-05-14T14:22:28.638-0400] {dag.py:3239} INFO - Sync 1 DAGs
[2025-05-14T14:22:28.645-0400] {logging_mixin.py:190} INFO - [2025-05-14T14:22:28.645-0400] {dag.py:4180} INFO - Setting next_dagrun for example_short_circuit_operator to None, run_after=None
[2025-05-14T14:22:28.658-0400] {processor.py:208} INFO - Processing /home/aangava/MSP/airflow_venv/lib/python3.12/site-packages/airflow/example_dags/example_short_circuit_operator.py took 0.052 seconds
[2025-05-14T14:23:18.900-0400] {processor.py:186} INFO - Started process (PID=31352) to work on /home/aangava/MSP/airflow_venv/lib/python3.12/site-packages/airflow/example_dags/example_short_circuit_operator.py
[2025-05-14T14:23:18.910-0400] {processor.py:914} INFO - Processing file /home/aangava/MSP/airflow_venv/lib/python3.12/site-packages/airflow/example_dags/example_short_circuit_operator.py for tasks to queue
[2025-05-14T14:23:18.911-0400] {logging_mixin.py:190} INFO - [2025-05-14T14:23:18.911-0400] {dagbag.py:588} INFO - Filling up the DagBag from /home/aangava/MSP/airflow_venv/lib/python3.12/site-packages/airflow/example_dags/example_short_circuit_operator.py
[2025-05-14T14:23:18.915-0400] {processor.py:925} INFO - DAG(s) 'example_short_circuit_operator' retrieved from /home/aangava/MSP/airflow_venv/lib/python3.12/site-packages/airflow/example_dags/example_short_circuit_operator.py
[2025-05-14T14:23:18.929-0400] {logging_mixin.py:190} INFO - [2025-05-14T14:23:18.928-0400] {dag.py:3239} INFO - Sync 1 DAGs
[2025-05-14T14:23:18.936-0400] {logging_mixin.py:190} INFO - [2025-05-14T14:23:18.936-0400] {dag.py:4180} INFO - Setting next_dagrun for example_short_circuit_operator to None, run_after=None
[2025-05-14T14:23:19.001-0400] {processor.py:208} INFO - Processing /home/aangava/MSP/airflow_venv/lib/python3.12/site-packages/airflow/example_dags/example_short_circuit_operator.py took 0.104 seconds
[2025-05-14T14:24:39.753-0400] {processor.py:186} INFO - Started process (PID=31892) to work on /home/aangava/MSP/airflow_venv/lib/python3.12/site-packages/airflow/example_dags/example_short_circuit_operator.py
[2025-05-14T14:24:39.755-0400] {processor.py:914} INFO - Processing file /home/aangava/MSP/airflow_venv/lib/python3.12/site-packages/airflow/example_dags/example_short_circuit_operator.py for tasks to queue
[2025-05-14T14:24:39.756-0400] {logging_mixin.py:190} INFO - [2025-05-14T14:24:39.755-0400] {dagbag.py:588} INFO - Filling up the DagBag from /home/aangava/MSP/airflow_venv/lib/python3.12/site-packages/airflow/example_dags/example_short_circuit_operator.py
[2025-05-14T14:24:39.760-0400] {processor.py:925} INFO - DAG(s) 'example_short_circuit_operator' retrieved from /home/aangava/MSP/airflow_venv/lib/python3.12/site-packages/airflow/example_dags/example_short_circuit_operator.py
[2025-05-14T14:24:39.772-0400] {logging_mixin.py:190} INFO - [2025-05-14T14:24:39.772-0400] {dag.py:3239} INFO - Sync 1 DAGs
[2025-05-14T14:24:39.779-0400] {logging_mixin.py:190} INFO - [2025-05-14T14:24:39.779-0400] {dag.py:4180} INFO - Setting next_dagrun for example_short_circuit_operator to None, run_after=None
[2025-05-14T14:24:39.793-0400] {processor.py:208} INFO - Processing /home/aangava/MSP/airflow_venv/lib/python3.12/site-packages/airflow/example_dags/example_short_circuit_operator.py took 0.044 seconds
