[2025-05-14T12:55:03.552-0400] {processor.py:186} INFO - Started process (PID=2541) to work on /home/aangava/MSP/airflow_venv/lib/python3.12/site-packages/airflow/example_dags/example_external_task_marker_dag.py
[2025-05-14T12:55:03.554-0400] {processor.py:914} INFO - Processing file /home/aangava/MSP/airflow_venv/lib/python3.12/site-packages/airflow/example_dags/example_external_task_marker_dag.py for tasks to queue
[2025-05-14T12:55:03.558-0400] {logging_mixin.py:190} INFO - [2025-05-14T12:55:03.557-0400] {dagbag.py:588} INFO - Filling up the DagBag from /home/aangava/MSP/airflow_venv/lib/python3.12/site-packages/airflow/example_dags/example_external_task_marker_dag.py
[2025-05-14T12:55:03.571-0400] {processor.py:925} INFO - DAG(s) 'example_external_task_marker_parent', 'example_external_task_marker_child' retrieved from /home/aangava/MSP/airflow_venv/lib/python3.12/site-packages/airflow/example_dags/example_external_task_marker_dag.py
[2025-05-14T12:55:03.593-0400] {logging_mixin.py:190} INFO - [2025-05-14T12:55:03.592-0400] {dag.py:3239} INFO - Sync 2 DAGs
[2025-05-14T12:55:03.606-0400] {logging_mixin.py:190} INFO - [2025-05-14T12:55:03.606-0400] {dag.py:4180} INFO - Setting next_dagrun for example_external_task_marker_child to None, run_after=None
[2025-05-14T12:55:03.610-0400] {logging_mixin.py:190} INFO - [2025-05-14T12:55:03.609-0400] {dag.py:4180} INFO - Setting next_dagrun for example_external_task_marker_parent to None, run_after=None
[2025-05-14T12:55:03.628-0400] {processor.py:208} INFO - Processing /home/aangava/MSP/airflow_venv/lib/python3.12/site-packages/airflow/example_dags/example_external_task_marker_dag.py took 0.087 seconds
[2025-05-14T12:56:20.632-0400] {processor.py:186} INFO - Started process (PID=2866) to work on /home/aangava/MSP/airflow_venv/lib/python3.12/site-packages/airflow/example_dags/example_external_task_marker_dag.py
[2025-05-14T12:56:20.634-0400] {processor.py:914} INFO - Processing file /home/aangava/MSP/airflow_venv/lib/python3.12/site-packages/airflow/example_dags/example_external_task_marker_dag.py for tasks to queue
[2025-05-14T12:56:20.638-0400] {logging_mixin.py:190} INFO - [2025-05-14T12:56:20.637-0400] {dagbag.py:588} INFO - Filling up the DagBag from /home/aangava/MSP/airflow_venv/lib/python3.12/site-packages/airflow/example_dags/example_external_task_marker_dag.py
[2025-05-14T12:56:20.650-0400] {processor.py:925} INFO - DAG(s) 'example_external_task_marker_child', 'example_external_task_marker_parent' retrieved from /home/aangava/MSP/airflow_venv/lib/python3.12/site-packages/airflow/example_dags/example_external_task_marker_dag.py
[2025-05-14T12:56:20.671-0400] {logging_mixin.py:190} INFO - [2025-05-14T12:56:20.671-0400] {dag.py:3239} INFO - Sync 2 DAGs
[2025-05-14T12:56:20.686-0400] {logging_mixin.py:190} INFO - [2025-05-14T12:56:20.685-0400] {dag.py:4180} INFO - Setting next_dagrun for example_external_task_marker_child to None, run_after=None
[2025-05-14T12:56:20.689-0400] {logging_mixin.py:190} INFO - [2025-05-14T12:56:20.689-0400] {dag.py:4180} INFO - Setting next_dagrun for example_external_task_marker_parent to None, run_after=None
[2025-05-14T12:56:20.712-0400] {processor.py:208} INFO - Processing /home/aangava/MSP/airflow_venv/lib/python3.12/site-packages/airflow/example_dags/example_external_task_marker_dag.py took 0.091 seconds
[2025-05-14T12:57:19.977-0400] {processor.py:186} INFO - Started process (PID=3216) to work on /home/aangava/MSP/airflow_venv/lib/python3.12/site-packages/airflow/example_dags/example_external_task_marker_dag.py
[2025-05-14T12:57:19.989-0400] {processor.py:914} INFO - Processing file /home/aangava/MSP/airflow_venv/lib/python3.12/site-packages/airflow/example_dags/example_external_task_marker_dag.py for tasks to queue
[2025-05-14T12:57:19.993-0400] {logging_mixin.py:190} INFO - [2025-05-14T12:57:19.992-0400] {dagbag.py:588} INFO - Filling up the DagBag from /home/aangava/MSP/airflow_venv/lib/python3.12/site-packages/airflow/example_dags/example_external_task_marker_dag.py
[2025-05-14T12:57:20.006-0400] {processor.py:925} INFO - DAG(s) 'example_external_task_marker_child', 'example_external_task_marker_parent' retrieved from /home/aangava/MSP/airflow_venv/lib/python3.12/site-packages/airflow/example_dags/example_external_task_marker_dag.py
[2025-05-14T12:57:20.034-0400] {logging_mixin.py:190} INFO - [2025-05-14T12:57:20.034-0400] {dag.py:3239} INFO - Sync 2 DAGs
[2025-05-14T12:57:20.046-0400] {logging_mixin.py:190} INFO - [2025-05-14T12:57:20.046-0400] {dag.py:4180} INFO - Setting next_dagrun for example_external_task_marker_child to None, run_after=None
[2025-05-14T12:57:20.049-0400] {logging_mixin.py:190} INFO - [2025-05-14T12:57:20.049-0400] {dag.py:4180} INFO - Setting next_dagrun for example_external_task_marker_parent to None, run_after=None
[2025-05-14T12:57:20.073-0400] {processor.py:208} INFO - Processing /home/aangava/MSP/airflow_venv/lib/python3.12/site-packages/airflow/example_dags/example_external_task_marker_dag.py took 0.111 seconds
[2025-05-14T12:58:21.721-0400] {processor.py:186} INFO - Started process (PID=3487) to work on /home/aangava/MSP/airflow_venv/lib/python3.12/site-packages/airflow/example_dags/example_external_task_marker_dag.py
[2025-05-14T12:58:21.722-0400] {processor.py:914} INFO - Processing file /home/aangava/MSP/airflow_venv/lib/python3.12/site-packages/airflow/example_dags/example_external_task_marker_dag.py for tasks to queue
[2025-05-14T12:58:21.725-0400] {logging_mixin.py:190} INFO - [2025-05-14T12:58:21.724-0400] {dagbag.py:588} INFO - Filling up the DagBag from /home/aangava/MSP/airflow_venv/lib/python3.12/site-packages/airflow/example_dags/example_external_task_marker_dag.py
[2025-05-14T12:58:21.739-0400] {processor.py:925} INFO - DAG(s) 'example_external_task_marker_parent', 'example_external_task_marker_child' retrieved from /home/aangava/MSP/airflow_venv/lib/python3.12/site-packages/airflow/example_dags/example_external_task_marker_dag.py
[2025-05-14T12:58:21.759-0400] {logging_mixin.py:190} INFO - [2025-05-14T12:58:21.759-0400] {dag.py:3239} INFO - Sync 2 DAGs
[2025-05-14T12:58:21.768-0400] {logging_mixin.py:190} INFO - [2025-05-14T12:58:21.768-0400] {dag.py:4180} INFO - Setting next_dagrun for example_external_task_marker_child to None, run_after=None
[2025-05-14T12:58:21.770-0400] {logging_mixin.py:190} INFO - [2025-05-14T12:58:21.770-0400] {dag.py:4180} INFO - Setting next_dagrun for example_external_task_marker_parent to None, run_after=None
[2025-05-14T12:58:21.787-0400] {processor.py:208} INFO - Processing /home/aangava/MSP/airflow_venv/lib/python3.12/site-packages/airflow/example_dags/example_external_task_marker_dag.py took 0.070 seconds
[2025-05-14T12:59:19.600-0400] {processor.py:186} INFO - Started process (PID=3795) to work on /home/aangava/MSP/airflow_venv/lib/python3.12/site-packages/airflow/example_dags/example_external_task_marker_dag.py
[2025-05-14T12:59:19.604-0400] {processor.py:914} INFO - Processing file /home/aangava/MSP/airflow_venv/lib/python3.12/site-packages/airflow/example_dags/example_external_task_marker_dag.py for tasks to queue
[2025-05-14T12:59:19.607-0400] {logging_mixin.py:190} INFO - [2025-05-14T12:59:19.607-0400] {dagbag.py:588} INFO - Filling up the DagBag from /home/aangava/MSP/airflow_venv/lib/python3.12/site-packages/airflow/example_dags/example_external_task_marker_dag.py
[2025-05-14T12:59:19.622-0400] {processor.py:925} INFO - DAG(s) 'example_external_task_marker_child', 'example_external_task_marker_parent' retrieved from /home/aangava/MSP/airflow_venv/lib/python3.12/site-packages/airflow/example_dags/example_external_task_marker_dag.py
[2025-05-14T12:59:19.646-0400] {logging_mixin.py:190} INFO - [2025-05-14T12:59:19.645-0400] {dag.py:3239} INFO - Sync 2 DAGs
[2025-05-14T12:59:19.663-0400] {logging_mixin.py:190} INFO - [2025-05-14T12:59:19.663-0400] {dag.py:4180} INFO - Setting next_dagrun for example_external_task_marker_child to None, run_after=None
[2025-05-14T12:59:19.667-0400] {logging_mixin.py:190} INFO - [2025-05-14T12:59:19.666-0400] {dag.py:4180} INFO - Setting next_dagrun for example_external_task_marker_parent to None, run_after=None
[2025-05-14T12:59:19.694-0400] {processor.py:208} INFO - Processing /home/aangava/MSP/airflow_venv/lib/python3.12/site-packages/airflow/example_dags/example_external_task_marker_dag.py took 0.104 seconds
[2025-05-14T13:00:22.328-0400] {processor.py:186} INFO - Started process (PID=4113) to work on /home/aangava/MSP/airflow_venv/lib/python3.12/site-packages/airflow/example_dags/example_external_task_marker_dag.py
[2025-05-14T13:00:22.338-0400] {processor.py:914} INFO - Processing file /home/aangava/MSP/airflow_venv/lib/python3.12/site-packages/airflow/example_dags/example_external_task_marker_dag.py for tasks to queue
[2025-05-14T13:00:22.339-0400] {logging_mixin.py:190} INFO - [2025-05-14T13:00:22.339-0400] {dagbag.py:588} INFO - Filling up the DagBag from /home/aangava/MSP/airflow_venv/lib/python3.12/site-packages/airflow/example_dags/example_external_task_marker_dag.py
[2025-05-14T13:00:22.345-0400] {processor.py:925} INFO - DAG(s) 'example_external_task_marker_child', 'example_external_task_marker_parent' retrieved from /home/aangava/MSP/airflow_venv/lib/python3.12/site-packages/airflow/example_dags/example_external_task_marker_dag.py
[2025-05-14T13:00:22.355-0400] {logging_mixin.py:190} INFO - [2025-05-14T13:00:22.355-0400] {dag.py:3239} INFO - Sync 2 DAGs
[2025-05-14T13:00:22.363-0400] {logging_mixin.py:190} INFO - [2025-05-14T13:00:22.363-0400] {dag.py:4180} INFO - Setting next_dagrun for example_external_task_marker_child to None, run_after=None
[2025-05-14T13:00:22.365-0400] {logging_mixin.py:190} INFO - [2025-05-14T13:00:22.364-0400] {dag.py:4180} INFO - Setting next_dagrun for example_external_task_marker_parent to None, run_after=None
[2025-05-14T13:00:22.379-0400] {processor.py:208} INFO - Processing /home/aangava/MSP/airflow_venv/lib/python3.12/site-packages/airflow/example_dags/example_external_task_marker_dag.py took 0.054 seconds
[2025-05-14T13:01:21.679-0400] {processor.py:186} INFO - Started process (PID=4457) to work on /home/aangava/MSP/airflow_venv/lib/python3.12/site-packages/airflow/example_dags/example_external_task_marker_dag.py
[2025-05-14T13:01:21.680-0400] {processor.py:914} INFO - Processing file /home/aangava/MSP/airflow_venv/lib/python3.12/site-packages/airflow/example_dags/example_external_task_marker_dag.py for tasks to queue
[2025-05-14T13:01:21.683-0400] {logging_mixin.py:190} INFO - [2025-05-14T13:01:21.682-0400] {dagbag.py:588} INFO - Filling up the DagBag from /home/aangava/MSP/airflow_venv/lib/python3.12/site-packages/airflow/example_dags/example_external_task_marker_dag.py
[2025-05-14T13:01:21.691-0400] {processor.py:925} INFO - DAG(s) 'example_external_task_marker_child', 'example_external_task_marker_parent' retrieved from /home/aangava/MSP/airflow_venv/lib/python3.12/site-packages/airflow/example_dags/example_external_task_marker_dag.py
[2025-05-14T13:01:21.702-0400] {logging_mixin.py:190} INFO - [2025-05-14T13:01:21.702-0400] {dag.py:3239} INFO - Sync 2 DAGs
[2025-05-14T13:01:21.712-0400] {logging_mixin.py:190} INFO - [2025-05-14T13:01:21.712-0400] {dag.py:4180} INFO - Setting next_dagrun for example_external_task_marker_child to None, run_after=None
[2025-05-14T13:01:21.714-0400] {logging_mixin.py:190} INFO - [2025-05-14T13:01:21.714-0400] {dag.py:4180} INFO - Setting next_dagrun for example_external_task_marker_parent to None, run_after=None
[2025-05-14T13:01:21.729-0400] {processor.py:208} INFO - Processing /home/aangava/MSP/airflow_venv/lib/python3.12/site-packages/airflow/example_dags/example_external_task_marker_dag.py took 0.054 seconds
[2025-05-14T13:02:23.249-0400] {processor.py:186} INFO - Started process (PID=4785) to work on /home/aangava/MSP/airflow_venv/lib/python3.12/site-packages/airflow/example_dags/example_external_task_marker_dag.py
[2025-05-14T13:02:23.252-0400] {processor.py:914} INFO - Processing file /home/aangava/MSP/airflow_venv/lib/python3.12/site-packages/airflow/example_dags/example_external_task_marker_dag.py for tasks to queue
[2025-05-14T13:02:23.254-0400] {logging_mixin.py:190} INFO - [2025-05-14T13:02:23.254-0400] {dagbag.py:588} INFO - Filling up the DagBag from /home/aangava/MSP/airflow_venv/lib/python3.12/site-packages/airflow/example_dags/example_external_task_marker_dag.py
[2025-05-14T13:02:23.263-0400] {processor.py:925} INFO - DAG(s) 'example_external_task_marker_child', 'example_external_task_marker_parent' retrieved from /home/aangava/MSP/airflow_venv/lib/python3.12/site-packages/airflow/example_dags/example_external_task_marker_dag.py
[2025-05-14T13:02:23.284-0400] {logging_mixin.py:190} INFO - [2025-05-14T13:02:23.284-0400] {dag.py:3239} INFO - Sync 2 DAGs
[2025-05-14T13:02:23.296-0400] {logging_mixin.py:190} INFO - [2025-05-14T13:02:23.296-0400] {dag.py:4180} INFO - Setting next_dagrun for example_external_task_marker_child to None, run_after=None
[2025-05-14T13:02:23.298-0400] {logging_mixin.py:190} INFO - [2025-05-14T13:02:23.298-0400] {dag.py:4180} INFO - Setting next_dagrun for example_external_task_marker_parent to None, run_after=None
[2025-05-14T13:02:23.315-0400] {processor.py:208} INFO - Processing /home/aangava/MSP/airflow_venv/lib/python3.12/site-packages/airflow/example_dags/example_external_task_marker_dag.py took 0.072 seconds
[2025-05-14T13:03:25.082-0400] {processor.py:186} INFO - Started process (PID=5090) to work on /home/aangava/MSP/airflow_venv/lib/python3.12/site-packages/airflow/example_dags/example_external_task_marker_dag.py
[2025-05-14T13:03:25.094-0400] {processor.py:914} INFO - Processing file /home/aangava/MSP/airflow_venv/lib/python3.12/site-packages/airflow/example_dags/example_external_task_marker_dag.py for tasks to queue
[2025-05-14T13:03:25.097-0400] {logging_mixin.py:190} INFO - [2025-05-14T13:03:25.096-0400] {dagbag.py:588} INFO - Filling up the DagBag from /home/aangava/MSP/airflow_venv/lib/python3.12/site-packages/airflow/example_dags/example_external_task_marker_dag.py
[2025-05-14T13:03:25.113-0400] {processor.py:925} INFO - DAG(s) 'example_external_task_marker_child', 'example_external_task_marker_parent' retrieved from /home/aangava/MSP/airflow_venv/lib/python3.12/site-packages/airflow/example_dags/example_external_task_marker_dag.py
[2025-05-14T13:03:25.138-0400] {logging_mixin.py:190} INFO - [2025-05-14T13:03:25.137-0400] {dag.py:3239} INFO - Sync 2 DAGs
[2025-05-14T13:03:25.154-0400] {logging_mixin.py:190} INFO - [2025-05-14T13:03:25.154-0400] {dag.py:4180} INFO - Setting next_dagrun for example_external_task_marker_child to None, run_after=None
[2025-05-14T13:03:25.157-0400] {logging_mixin.py:190} INFO - [2025-05-14T13:03:25.157-0400] {dag.py:4180} INFO - Setting next_dagrun for example_external_task_marker_parent to None, run_after=None
[2025-05-14T13:03:25.178-0400] {processor.py:208} INFO - Processing /home/aangava/MSP/airflow_venv/lib/python3.12/site-packages/airflow/example_dags/example_external_task_marker_dag.py took 0.105 seconds
[2025-05-14T13:04:25.016-0400] {processor.py:186} INFO - Started process (PID=5414) to work on /home/aangava/MSP/airflow_venv/lib/python3.12/site-packages/airflow/example_dags/example_external_task_marker_dag.py
[2025-05-14T13:04:25.027-0400] {processor.py:914} INFO - Processing file /home/aangava/MSP/airflow_venv/lib/python3.12/site-packages/airflow/example_dags/example_external_task_marker_dag.py for tasks to queue
[2025-05-14T13:04:25.030-0400] {logging_mixin.py:190} INFO - [2025-05-14T13:04:25.029-0400] {dagbag.py:588} INFO - Filling up the DagBag from /home/aangava/MSP/airflow_venv/lib/python3.12/site-packages/airflow/example_dags/example_external_task_marker_dag.py
[2025-05-14T13:04:25.039-0400] {processor.py:925} INFO - DAG(s) 'example_external_task_marker_child', 'example_external_task_marker_parent' retrieved from /home/aangava/MSP/airflow_venv/lib/python3.12/site-packages/airflow/example_dags/example_external_task_marker_dag.py
[2025-05-14T13:04:25.057-0400] {logging_mixin.py:190} INFO - [2025-05-14T13:04:25.057-0400] {dag.py:3239} INFO - Sync 2 DAGs
[2025-05-14T13:04:25.070-0400] {logging_mixin.py:190} INFO - [2025-05-14T13:04:25.070-0400] {dag.py:4180} INFO - Setting next_dagrun for example_external_task_marker_child to None, run_after=None
[2025-05-14T13:04:25.073-0400] {logging_mixin.py:190} INFO - [2025-05-14T13:04:25.073-0400] {dag.py:4180} INFO - Setting next_dagrun for example_external_task_marker_parent to None, run_after=None
[2025-05-14T13:04:25.092-0400] {processor.py:208} INFO - Processing /home/aangava/MSP/airflow_venv/lib/python3.12/site-packages/airflow/example_dags/example_external_task_marker_dag.py took 0.082 seconds
[2025-05-14T13:05:23.380-0400] {processor.py:186} INFO - Started process (PID=5668) to work on /home/aangava/MSP/airflow_venv/lib/python3.12/site-packages/airflow/example_dags/example_external_task_marker_dag.py
[2025-05-14T13:05:23.382-0400] {processor.py:914} INFO - Processing file /home/aangava/MSP/airflow_venv/lib/python3.12/site-packages/airflow/example_dags/example_external_task_marker_dag.py for tasks to queue
[2025-05-14T13:05:23.384-0400] {logging_mixin.py:190} INFO - [2025-05-14T13:05:23.383-0400] {dagbag.py:588} INFO - Filling up the DagBag from /home/aangava/MSP/airflow_venv/lib/python3.12/site-packages/airflow/example_dags/example_external_task_marker_dag.py
[2025-05-14T13:05:23.390-0400] {processor.py:925} INFO - DAG(s) 'example_external_task_marker_parent', 'example_external_task_marker_child' retrieved from /home/aangava/MSP/airflow_venv/lib/python3.12/site-packages/airflow/example_dags/example_external_task_marker_dag.py
[2025-05-14T13:05:23.400-0400] {logging_mixin.py:190} INFO - [2025-05-14T13:05:23.400-0400] {dag.py:3239} INFO - Sync 2 DAGs
[2025-05-14T13:05:23.408-0400] {logging_mixin.py:190} INFO - [2025-05-14T13:05:23.408-0400] {dag.py:4180} INFO - Setting next_dagrun for example_external_task_marker_child to None, run_after=None
[2025-05-14T13:05:23.410-0400] {logging_mixin.py:190} INFO - [2025-05-14T13:05:23.410-0400] {dag.py:4180} INFO - Setting next_dagrun for example_external_task_marker_parent to None, run_after=None
[2025-05-14T13:05:23.425-0400] {processor.py:208} INFO - Processing /home/aangava/MSP/airflow_venv/lib/python3.12/site-packages/airflow/example_dags/example_external_task_marker_dag.py took 0.051 seconds
[2025-05-14T13:06:18.328-0400] {processor.py:186} INFO - Started process (PID=5883) to work on /home/aangava/MSP/airflow_venv/lib/python3.12/site-packages/airflow/example_dags/example_external_task_marker_dag.py
[2025-05-14T13:06:18.338-0400] {processor.py:914} INFO - Processing file /home/aangava/MSP/airflow_venv/lib/python3.12/site-packages/airflow/example_dags/example_external_task_marker_dag.py for tasks to queue
[2025-05-14T13:06:18.341-0400] {logging_mixin.py:190} INFO - [2025-05-14T13:06:18.340-0400] {dagbag.py:588} INFO - Filling up the DagBag from /home/aangava/MSP/airflow_venv/lib/python3.12/site-packages/airflow/example_dags/example_external_task_marker_dag.py
[2025-05-14T13:06:18.352-0400] {processor.py:925} INFO - DAG(s) 'example_external_task_marker_child', 'example_external_task_marker_parent' retrieved from /home/aangava/MSP/airflow_venv/lib/python3.12/site-packages/airflow/example_dags/example_external_task_marker_dag.py
[2025-05-14T13:06:18.373-0400] {logging_mixin.py:190} INFO - [2025-05-14T13:06:18.373-0400] {dag.py:3239} INFO - Sync 2 DAGs
[2025-05-14T13:06:18.391-0400] {logging_mixin.py:190} INFO - [2025-05-14T13:06:18.391-0400] {dag.py:4180} INFO - Setting next_dagrun for example_external_task_marker_child to None, run_after=None
[2025-05-14T13:06:18.395-0400] {logging_mixin.py:190} INFO - [2025-05-14T13:06:18.395-0400] {dag.py:4180} INFO - Setting next_dagrun for example_external_task_marker_parent to None, run_after=None
[2025-05-14T13:06:18.417-0400] {processor.py:208} INFO - Processing /home/aangava/MSP/airflow_venv/lib/python3.12/site-packages/airflow/example_dags/example_external_task_marker_dag.py took 0.097 seconds
[2025-05-14T13:13:30.254-0400] {processor.py:186} INFO - Started process (PID=8684) to work on /home/aangava/MSP/airflow_venv/lib/python3.12/site-packages/airflow/example_dags/example_external_task_marker_dag.py
[2025-05-14T13:13:30.264-0400] {processor.py:914} INFO - Processing file /home/aangava/MSP/airflow_venv/lib/python3.12/site-packages/airflow/example_dags/example_external_task_marker_dag.py for tasks to queue
[2025-05-14T13:13:30.266-0400] {logging_mixin.py:190} INFO - [2025-05-14T13:13:30.265-0400] {dagbag.py:588} INFO - Filling up the DagBag from /home/aangava/MSP/airflow_venv/lib/python3.12/site-packages/airflow/example_dags/example_external_task_marker_dag.py
[2025-05-14T13:13:30.272-0400] {processor.py:925} INFO - DAG(s) 'example_external_task_marker_child', 'example_external_task_marker_parent' retrieved from /home/aangava/MSP/airflow_venv/lib/python3.12/site-packages/airflow/example_dags/example_external_task_marker_dag.py
[2025-05-14T13:13:30.283-0400] {logging_mixin.py:190} INFO - [2025-05-14T13:13:30.282-0400] {dag.py:3239} INFO - Sync 2 DAGs
[2025-05-14T13:13:30.291-0400] {logging_mixin.py:190} INFO - [2025-05-14T13:13:30.291-0400] {dag.py:4180} INFO - Setting next_dagrun for example_external_task_marker_child to None, run_after=None
[2025-05-14T13:13:30.293-0400] {logging_mixin.py:190} INFO - [2025-05-14T13:13:30.292-0400] {dag.py:4180} INFO - Setting next_dagrun for example_external_task_marker_parent to None, run_after=None
[2025-05-14T13:13:30.306-0400] {processor.py:208} INFO - Processing /home/aangava/MSP/airflow_venv/lib/python3.12/site-packages/airflow/example_dags/example_external_task_marker_dag.py took 0.059 seconds
[2025-05-14T13:14:52.239-0400] {processor.py:186} INFO - Started process (PID=9386) to work on /home/aangava/MSP/airflow_venv/lib/python3.12/site-packages/airflow/example_dags/example_external_task_marker_dag.py
[2025-05-14T13:14:52.242-0400] {processor.py:914} INFO - Processing file /home/aangava/MSP/airflow_venv/lib/python3.12/site-packages/airflow/example_dags/example_external_task_marker_dag.py for tasks to queue
[2025-05-14T13:14:52.244-0400] {logging_mixin.py:190} INFO - [2025-05-14T13:14:52.244-0400] {dagbag.py:588} INFO - Filling up the DagBag from /home/aangava/MSP/airflow_venv/lib/python3.12/site-packages/airflow/example_dags/example_external_task_marker_dag.py
[2025-05-14T13:14:52.252-0400] {processor.py:925} INFO - DAG(s) 'example_external_task_marker_child', 'example_external_task_marker_parent' retrieved from /home/aangava/MSP/airflow_venv/lib/python3.12/site-packages/airflow/example_dags/example_external_task_marker_dag.py
[2025-05-14T13:14:52.266-0400] {logging_mixin.py:190} INFO - [2025-05-14T13:14:52.266-0400] {dag.py:3239} INFO - Sync 2 DAGs
[2025-05-14T13:14:52.279-0400] {logging_mixin.py:190} INFO - [2025-05-14T13:14:52.278-0400] {dag.py:4180} INFO - Setting next_dagrun for example_external_task_marker_child to None, run_after=None
[2025-05-14T13:14:52.281-0400] {logging_mixin.py:190} INFO - [2025-05-14T13:14:52.281-0400] {dag.py:4180} INFO - Setting next_dagrun for example_external_task_marker_parent to None, run_after=None
[2025-05-14T13:14:52.296-0400] {processor.py:208} INFO - Processing /home/aangava/MSP/airflow_venv/lib/python3.12/site-packages/airflow/example_dags/example_external_task_marker_dag.py took 0.061 seconds
[2025-05-14T13:16:10.350-0400] {processor.py:186} INFO - Started process (PID=9722) to work on /home/aangava/MSP/airflow_venv/lib/python3.12/site-packages/airflow/example_dags/example_external_task_marker_dag.py
[2025-05-14T13:16:10.361-0400] {processor.py:914} INFO - Processing file /home/aangava/MSP/airflow_venv/lib/python3.12/site-packages/airflow/example_dags/example_external_task_marker_dag.py for tasks to queue
[2025-05-14T13:16:10.365-0400] {logging_mixin.py:190} INFO - [2025-05-14T13:16:10.364-0400] {dagbag.py:588} INFO - Filling up the DagBag from /home/aangava/MSP/airflow_venv/lib/python3.12/site-packages/airflow/example_dags/example_external_task_marker_dag.py
[2025-05-14T13:16:10.375-0400] {processor.py:925} INFO - DAG(s) 'example_external_task_marker_parent', 'example_external_task_marker_child' retrieved from /home/aangava/MSP/airflow_venv/lib/python3.12/site-packages/airflow/example_dags/example_external_task_marker_dag.py
[2025-05-14T13:16:10.396-0400] {logging_mixin.py:190} INFO - [2025-05-14T13:16:10.396-0400] {dag.py:3239} INFO - Sync 2 DAGs
[2025-05-14T13:16:10.412-0400] {logging_mixin.py:190} INFO - [2025-05-14T13:16:10.412-0400] {dag.py:4180} INFO - Setting next_dagrun for example_external_task_marker_child to None, run_after=None
[2025-05-14T13:16:10.416-0400] {logging_mixin.py:190} INFO - [2025-05-14T13:16:10.415-0400] {dag.py:4180} INFO - Setting next_dagrun for example_external_task_marker_parent to None, run_after=None
[2025-05-14T13:16:10.443-0400] {processor.py:208} INFO - Processing /home/aangava/MSP/airflow_venv/lib/python3.12/site-packages/airflow/example_dags/example_external_task_marker_dag.py took 0.099 seconds
[2025-05-14T13:17:11.774-0400] {processor.py:186} INFO - Started process (PID=10023) to work on /home/aangava/MSP/airflow_venv/lib/python3.12/site-packages/airflow/example_dags/example_external_task_marker_dag.py
[2025-05-14T13:17:11.785-0400] {processor.py:914} INFO - Processing file /home/aangava/MSP/airflow_venv/lib/python3.12/site-packages/airflow/example_dags/example_external_task_marker_dag.py for tasks to queue
[2025-05-14T13:17:11.789-0400] {logging_mixin.py:190} INFO - [2025-05-14T13:17:11.788-0400] {dagbag.py:588} INFO - Filling up the DagBag from /home/aangava/MSP/airflow_venv/lib/python3.12/site-packages/airflow/example_dags/example_external_task_marker_dag.py
[2025-05-14T13:17:11.801-0400] {processor.py:925} INFO - DAG(s) 'example_external_task_marker_child', 'example_external_task_marker_parent' retrieved from /home/aangava/MSP/airflow_venv/lib/python3.12/site-packages/airflow/example_dags/example_external_task_marker_dag.py
[2025-05-14T13:17:11.822-0400] {logging_mixin.py:190} INFO - [2025-05-14T13:17:11.822-0400] {dag.py:3239} INFO - Sync 2 DAGs
[2025-05-14T13:17:11.835-0400] {logging_mixin.py:190} INFO - [2025-05-14T13:17:11.835-0400] {dag.py:4180} INFO - Setting next_dagrun for example_external_task_marker_child to None, run_after=None
[2025-05-14T13:17:11.838-0400] {logging_mixin.py:190} INFO - [2025-05-14T13:17:11.838-0400] {dag.py:4180} INFO - Setting next_dagrun for example_external_task_marker_parent to None, run_after=None
[2025-05-14T13:17:11.858-0400] {processor.py:208} INFO - Processing /home/aangava/MSP/airflow_venv/lib/python3.12/site-packages/airflow/example_dags/example_external_task_marker_dag.py took 0.093 seconds
[2025-05-14T13:18:10.237-0400] {processor.py:186} INFO - Started process (PID=10294) to work on /home/aangava/MSP/airflow_venv/lib/python3.12/site-packages/airflow/example_dags/example_external_task_marker_dag.py
[2025-05-14T13:18:10.249-0400] {processor.py:914} INFO - Processing file /home/aangava/MSP/airflow_venv/lib/python3.12/site-packages/airflow/example_dags/example_external_task_marker_dag.py for tasks to queue
[2025-05-14T13:18:10.253-0400] {logging_mixin.py:190} INFO - [2025-05-14T13:18:10.253-0400] {dagbag.py:588} INFO - Filling up the DagBag from /home/aangava/MSP/airflow_venv/lib/python3.12/site-packages/airflow/example_dags/example_external_task_marker_dag.py
[2025-05-14T13:18:10.270-0400] {processor.py:925} INFO - DAG(s) 'example_external_task_marker_child', 'example_external_task_marker_parent' retrieved from /home/aangava/MSP/airflow_venv/lib/python3.12/site-packages/airflow/example_dags/example_external_task_marker_dag.py
[2025-05-14T13:18:10.300-0400] {logging_mixin.py:190} INFO - [2025-05-14T13:18:10.300-0400] {dag.py:3239} INFO - Sync 2 DAGs
[2025-05-14T13:18:10.314-0400] {logging_mixin.py:190} INFO - [2025-05-14T13:18:10.314-0400] {dag.py:4180} INFO - Setting next_dagrun for example_external_task_marker_child to None, run_after=None
[2025-05-14T13:18:10.319-0400] {logging_mixin.py:190} INFO - [2025-05-14T13:18:10.319-0400] {dag.py:4180} INFO - Setting next_dagrun for example_external_task_marker_parent to None, run_after=None
[2025-05-14T13:18:10.341-0400] {processor.py:208} INFO - Processing /home/aangava/MSP/airflow_venv/lib/python3.12/site-packages/airflow/example_dags/example_external_task_marker_dag.py took 0.112 seconds
[2025-05-14T13:19:08.582-0400] {processor.py:186} INFO - Started process (PID=10553) to work on /home/aangava/MSP/airflow_venv/lib/python3.12/site-packages/airflow/example_dags/example_external_task_marker_dag.py
[2025-05-14T13:19:08.593-0400] {processor.py:914} INFO - Processing file /home/aangava/MSP/airflow_venv/lib/python3.12/site-packages/airflow/example_dags/example_external_task_marker_dag.py for tasks to queue
[2025-05-14T13:19:08.596-0400] {logging_mixin.py:190} INFO - [2025-05-14T13:19:08.595-0400] {dagbag.py:588} INFO - Filling up the DagBag from /home/aangava/MSP/airflow_venv/lib/python3.12/site-packages/airflow/example_dags/example_external_task_marker_dag.py
[2025-05-14T13:19:08.604-0400] {processor.py:925} INFO - DAG(s) 'example_external_task_marker_parent', 'example_external_task_marker_child' retrieved from /home/aangava/MSP/airflow_venv/lib/python3.12/site-packages/airflow/example_dags/example_external_task_marker_dag.py
[2025-05-14T13:19:08.621-0400] {logging_mixin.py:190} INFO - [2025-05-14T13:19:08.620-0400] {dag.py:3239} INFO - Sync 2 DAGs
[2025-05-14T13:19:08.632-0400] {logging_mixin.py:190} INFO - [2025-05-14T13:19:08.632-0400] {dag.py:4180} INFO - Setting next_dagrun for example_external_task_marker_child to None, run_after=None
[2025-05-14T13:19:08.634-0400] {logging_mixin.py:190} INFO - [2025-05-14T13:19:08.634-0400] {dag.py:4180} INFO - Setting next_dagrun for example_external_task_marker_parent to None, run_after=None
[2025-05-14T13:19:08.662-0400] {processor.py:208} INFO - Processing /home/aangava/MSP/airflow_venv/lib/python3.12/site-packages/airflow/example_dags/example_external_task_marker_dag.py took 0.084 seconds
[2025-05-14T13:20:07.330-0400] {processor.py:186} INFO - Started process (PID=10851) to work on /home/aangava/MSP/airflow_venv/lib/python3.12/site-packages/airflow/example_dags/example_external_task_marker_dag.py
[2025-05-14T13:20:07.340-0400] {processor.py:914} INFO - Processing file /home/aangava/MSP/airflow_venv/lib/python3.12/site-packages/airflow/example_dags/example_external_task_marker_dag.py for tasks to queue
[2025-05-14T13:20:07.341-0400] {logging_mixin.py:190} INFO - [2025-05-14T13:20:07.341-0400] {dagbag.py:588} INFO - Filling up the DagBag from /home/aangava/MSP/airflow_venv/lib/python3.12/site-packages/airflow/example_dags/example_external_task_marker_dag.py
[2025-05-14T13:20:07.347-0400] {processor.py:925} INFO - DAG(s) 'example_external_task_marker_parent', 'example_external_task_marker_child' retrieved from /home/aangava/MSP/airflow_venv/lib/python3.12/site-packages/airflow/example_dags/example_external_task_marker_dag.py
[2025-05-14T13:20:07.358-0400] {logging_mixin.py:190} INFO - [2025-05-14T13:20:07.358-0400] {dag.py:3239} INFO - Sync 2 DAGs
[2025-05-14T13:20:07.370-0400] {logging_mixin.py:190} INFO - [2025-05-14T13:20:07.369-0400] {dag.py:4180} INFO - Setting next_dagrun for example_external_task_marker_child to None, run_after=None
[2025-05-14T13:20:07.372-0400] {logging_mixin.py:190} INFO - [2025-05-14T13:20:07.372-0400] {dag.py:4180} INFO - Setting next_dagrun for example_external_task_marker_parent to None, run_after=None
[2025-05-14T13:20:07.399-0400] {processor.py:208} INFO - Processing /home/aangava/MSP/airflow_venv/lib/python3.12/site-packages/airflow/example_dags/example_external_task_marker_dag.py took 0.077 seconds
[2025-05-14T13:25:11.970-0400] {processor.py:186} INFO - Started process (PID=12403) to work on /home/aangava/MSP/airflow_venv/lib/python3.12/site-packages/airflow/example_dags/example_external_task_marker_dag.py
[2025-05-14T13:25:11.971-0400] {processor.py:914} INFO - Processing file /home/aangava/MSP/airflow_venv/lib/python3.12/site-packages/airflow/example_dags/example_external_task_marker_dag.py for tasks to queue
[2025-05-14T13:25:11.973-0400] {logging_mixin.py:190} INFO - [2025-05-14T13:25:11.973-0400] {dagbag.py:588} INFO - Filling up the DagBag from /home/aangava/MSP/airflow_venv/lib/python3.12/site-packages/airflow/example_dags/example_external_task_marker_dag.py
[2025-05-14T13:25:11.980-0400] {processor.py:925} INFO - DAG(s) 'example_external_task_marker_child', 'example_external_task_marker_parent' retrieved from /home/aangava/MSP/airflow_venv/lib/python3.12/site-packages/airflow/example_dags/example_external_task_marker_dag.py
[2025-05-14T13:25:11.994-0400] {logging_mixin.py:190} INFO - [2025-05-14T13:25:11.994-0400] {dag.py:3239} INFO - Sync 2 DAGs
[2025-05-14T13:25:12.004-0400] {logging_mixin.py:190} INFO - [2025-05-14T13:25:12.003-0400] {dag.py:4180} INFO - Setting next_dagrun for example_external_task_marker_child to None, run_after=None
[2025-05-14T13:25:12.006-0400] {logging_mixin.py:190} INFO - [2025-05-14T13:25:12.006-0400] {dag.py:4180} INFO - Setting next_dagrun for example_external_task_marker_parent to None, run_after=None
[2025-05-14T13:25:12.022-0400] {processor.py:208} INFO - Processing /home/aangava/MSP/airflow_venv/lib/python3.12/site-packages/airflow/example_dags/example_external_task_marker_dag.py took 0.057 seconds
[2025-05-14T13:26:07.301-0400] {processor.py:186} INFO - Started process (PID=12674) to work on /home/aangava/MSP/airflow_venv/lib/python3.12/site-packages/airflow/example_dags/example_external_task_marker_dag.py
[2025-05-14T13:26:07.302-0400] {processor.py:914} INFO - Processing file /home/aangava/MSP/airflow_venv/lib/python3.12/site-packages/airflow/example_dags/example_external_task_marker_dag.py for tasks to queue
[2025-05-14T13:26:07.304-0400] {logging_mixin.py:190} INFO - [2025-05-14T13:26:07.304-0400] {dagbag.py:588} INFO - Filling up the DagBag from /home/aangava/MSP/airflow_venv/lib/python3.12/site-packages/airflow/example_dags/example_external_task_marker_dag.py
[2025-05-14T13:26:07.310-0400] {processor.py:925} INFO - DAG(s) 'example_external_task_marker_child', 'example_external_task_marker_parent' retrieved from /home/aangava/MSP/airflow_venv/lib/python3.12/site-packages/airflow/example_dags/example_external_task_marker_dag.py
[2025-05-14T13:26:07.321-0400] {logging_mixin.py:190} INFO - [2025-05-14T13:26:07.321-0400] {dag.py:3239} INFO - Sync 2 DAGs
[2025-05-14T13:26:07.329-0400] {logging_mixin.py:190} INFO - [2025-05-14T13:26:07.329-0400] {dag.py:4180} INFO - Setting next_dagrun for example_external_task_marker_child to None, run_after=None
[2025-05-14T13:26:07.331-0400] {logging_mixin.py:190} INFO - [2025-05-14T13:26:07.331-0400] {dag.py:4180} INFO - Setting next_dagrun for example_external_task_marker_parent to None, run_after=None
[2025-05-14T13:26:07.343-0400] {processor.py:208} INFO - Processing /home/aangava/MSP/airflow_venv/lib/python3.12/site-packages/airflow/example_dags/example_external_task_marker_dag.py took 0.047 seconds
[2025-05-14T13:27:04.649-0400] {processor.py:186} INFO - Started process (PID=12970) to work on /home/aangava/MSP/airflow_venv/lib/python3.12/site-packages/airflow/example_dags/example_external_task_marker_dag.py
[2025-05-14T13:27:04.651-0400] {processor.py:914} INFO - Processing file /home/aangava/MSP/airflow_venv/lib/python3.12/site-packages/airflow/example_dags/example_external_task_marker_dag.py for tasks to queue
[2025-05-14T13:27:04.653-0400] {logging_mixin.py:190} INFO - [2025-05-14T13:27:04.652-0400] {dagbag.py:588} INFO - Filling up the DagBag from /home/aangava/MSP/airflow_venv/lib/python3.12/site-packages/airflow/example_dags/example_external_task_marker_dag.py
[2025-05-14T13:27:04.658-0400] {processor.py:925} INFO - DAG(s) 'example_external_task_marker_child', 'example_external_task_marker_parent' retrieved from /home/aangava/MSP/airflow_venv/lib/python3.12/site-packages/airflow/example_dags/example_external_task_marker_dag.py
[2025-05-14T13:27:04.670-0400] {logging_mixin.py:190} INFO - [2025-05-14T13:27:04.670-0400] {dag.py:3239} INFO - Sync 2 DAGs
[2025-05-14T13:27:04.678-0400] {logging_mixin.py:190} INFO - [2025-05-14T13:27:04.678-0400] {dag.py:4180} INFO - Setting next_dagrun for example_external_task_marker_child to None, run_after=None
[2025-05-14T13:27:04.680-0400] {logging_mixin.py:190} INFO - [2025-05-14T13:27:04.680-0400] {dag.py:4180} INFO - Setting next_dagrun for example_external_task_marker_parent to None, run_after=None
[2025-05-14T13:27:04.690-0400] {processor.py:208} INFO - Processing /home/aangava/MSP/airflow_venv/lib/python3.12/site-packages/airflow/example_dags/example_external_task_marker_dag.py took 0.044 seconds
[2025-05-14T13:28:20.999-0400] {processor.py:186} INFO - Started process (PID=13409) to work on /home/aangava/MSP/airflow_venv/lib/python3.12/site-packages/airflow/example_dags/example_external_task_marker_dag.py
[2025-05-14T13:28:21.008-0400] {processor.py:914} INFO - Processing file /home/aangava/MSP/airflow_venv/lib/python3.12/site-packages/airflow/example_dags/example_external_task_marker_dag.py for tasks to queue
[2025-05-14T13:28:21.011-0400] {logging_mixin.py:190} INFO - [2025-05-14T13:28:21.010-0400] {dagbag.py:588} INFO - Filling up the DagBag from /home/aangava/MSP/airflow_venv/lib/python3.12/site-packages/airflow/example_dags/example_external_task_marker_dag.py
[2025-05-14T13:28:21.017-0400] {processor.py:925} INFO - DAG(s) 'example_external_task_marker_child', 'example_external_task_marker_parent' retrieved from /home/aangava/MSP/airflow_venv/lib/python3.12/site-packages/airflow/example_dags/example_external_task_marker_dag.py
[2025-05-14T13:28:21.028-0400] {logging_mixin.py:190} INFO - [2025-05-14T13:28:21.028-0400] {dag.py:3239} INFO - Sync 2 DAGs
[2025-05-14T13:28:21.039-0400] {logging_mixin.py:190} INFO - [2025-05-14T13:28:21.039-0400] {dag.py:4180} INFO - Setting next_dagrun for example_external_task_marker_child to None, run_after=None
[2025-05-14T13:28:21.042-0400] {logging_mixin.py:190} INFO - [2025-05-14T13:28:21.041-0400] {dag.py:4180} INFO - Setting next_dagrun for example_external_task_marker_parent to None, run_after=None
[2025-05-14T13:28:21.055-0400] {processor.py:208} INFO - Processing /home/aangava/MSP/airflow_venv/lib/python3.12/site-packages/airflow/example_dags/example_external_task_marker_dag.py took 0.060 seconds
[2025-05-14T13:29:35.813-0400] {processor.py:186} INFO - Started process (PID=13827) to work on /home/aangava/MSP/airflow_venv/lib/python3.12/site-packages/airflow/example_dags/example_external_task_marker_dag.py
[2025-05-14T13:29:35.814-0400] {processor.py:914} INFO - Processing file /home/aangava/MSP/airflow_venv/lib/python3.12/site-packages/airflow/example_dags/example_external_task_marker_dag.py for tasks to queue
[2025-05-14T13:29:35.816-0400] {logging_mixin.py:190} INFO - [2025-05-14T13:29:35.815-0400] {dagbag.py:588} INFO - Filling up the DagBag from /home/aangava/MSP/airflow_venv/lib/python3.12/site-packages/airflow/example_dags/example_external_task_marker_dag.py
[2025-05-14T13:29:35.823-0400] {processor.py:925} INFO - DAG(s) 'example_external_task_marker_child', 'example_external_task_marker_parent' retrieved from /home/aangava/MSP/airflow_venv/lib/python3.12/site-packages/airflow/example_dags/example_external_task_marker_dag.py
[2025-05-14T13:29:35.841-0400] {logging_mixin.py:190} INFO - [2025-05-14T13:29:35.841-0400] {dag.py:3239} INFO - Sync 2 DAGs
[2025-05-14T13:29:35.850-0400] {logging_mixin.py:190} INFO - [2025-05-14T13:29:35.849-0400] {dag.py:4180} INFO - Setting next_dagrun for example_external_task_marker_child to None, run_after=None
[2025-05-14T13:29:35.852-0400] {logging_mixin.py:190} INFO - [2025-05-14T13:29:35.852-0400] {dag.py:4180} INFO - Setting next_dagrun for example_external_task_marker_parent to None, run_after=None
[2025-05-14T13:29:35.863-0400] {processor.py:208} INFO - Processing /home/aangava/MSP/airflow_venv/lib/python3.12/site-packages/airflow/example_dags/example_external_task_marker_dag.py took 0.054 seconds
[2025-05-14T13:30:52.252-0400] {processor.py:186} INFO - Started process (PID=14134) to work on /home/aangava/MSP/airflow_venv/lib/python3.12/site-packages/airflow/example_dags/example_external_task_marker_dag.py
[2025-05-14T13:30:52.253-0400] {processor.py:914} INFO - Processing file /home/aangava/MSP/airflow_venv/lib/python3.12/site-packages/airflow/example_dags/example_external_task_marker_dag.py for tasks to queue
[2025-05-14T13:30:52.255-0400] {logging_mixin.py:190} INFO - [2025-05-14T13:30:52.254-0400] {dagbag.py:588} INFO - Filling up the DagBag from /home/aangava/MSP/airflow_venv/lib/python3.12/site-packages/airflow/example_dags/example_external_task_marker_dag.py
[2025-05-14T13:30:52.262-0400] {processor.py:925} INFO - DAG(s) 'example_external_task_marker_child', 'example_external_task_marker_parent' retrieved from /home/aangava/MSP/airflow_venv/lib/python3.12/site-packages/airflow/example_dags/example_external_task_marker_dag.py
[2025-05-14T13:30:52.274-0400] {logging_mixin.py:190} INFO - [2025-05-14T13:30:52.274-0400] {dag.py:3239} INFO - Sync 2 DAGs
[2025-05-14T13:30:52.283-0400] {logging_mixin.py:190} INFO - [2025-05-14T13:30:52.283-0400] {dag.py:4180} INFO - Setting next_dagrun for example_external_task_marker_child to None, run_after=None
[2025-05-14T13:30:52.285-0400] {logging_mixin.py:190} INFO - [2025-05-14T13:30:52.285-0400] {dag.py:4180} INFO - Setting next_dagrun for example_external_task_marker_parent to None, run_after=None
[2025-05-14T13:30:52.303-0400] {processor.py:208} INFO - Processing /home/aangava/MSP/airflow_venv/lib/python3.12/site-packages/airflow/example_dags/example_external_task_marker_dag.py took 0.055 seconds
[2025-05-14T13:32:08.863-0400] {processor.py:186} INFO - Started process (PID=14466) to work on /home/aangava/MSP/airflow_venv/lib/python3.12/site-packages/airflow/example_dags/example_external_task_marker_dag.py
[2025-05-14T13:32:08.863-0400] {processor.py:914} INFO - Processing file /home/aangava/MSP/airflow_venv/lib/python3.12/site-packages/airflow/example_dags/example_external_task_marker_dag.py for tasks to queue
[2025-05-14T13:32:08.865-0400] {logging_mixin.py:190} INFO - [2025-05-14T13:32:08.865-0400] {dagbag.py:588} INFO - Filling up the DagBag from /home/aangava/MSP/airflow_venv/lib/python3.12/site-packages/airflow/example_dags/example_external_task_marker_dag.py
[2025-05-14T13:32:08.871-0400] {processor.py:925} INFO - DAG(s) 'example_external_task_marker_child', 'example_external_task_marker_parent' retrieved from /home/aangava/MSP/airflow_venv/lib/python3.12/site-packages/airflow/example_dags/example_external_task_marker_dag.py
[2025-05-14T13:32:08.883-0400] {logging_mixin.py:190} INFO - [2025-05-14T13:32:08.883-0400] {dag.py:3239} INFO - Sync 2 DAGs
[2025-05-14T13:32:08.892-0400] {logging_mixin.py:190} INFO - [2025-05-14T13:32:08.892-0400] {dag.py:4180} INFO - Setting next_dagrun for example_external_task_marker_child to None, run_after=None
[2025-05-14T13:32:08.894-0400] {logging_mixin.py:190} INFO - [2025-05-14T13:32:08.894-0400] {dag.py:4180} INFO - Setting next_dagrun for example_external_task_marker_parent to None, run_after=None
[2025-05-14T13:32:08.905-0400] {processor.py:208} INFO - Processing /home/aangava/MSP/airflow_venv/lib/python3.12/site-packages/airflow/example_dags/example_external_task_marker_dag.py took 0.047 seconds
[2025-05-14T13:33:44.541-0400] {processor.py:186} INFO - Started process (PID=15348) to work on /home/aangava/MSP/airflow_venv/lib/python3.12/site-packages/airflow/example_dags/example_external_task_marker_dag.py
[2025-05-14T13:33:44.542-0400] {processor.py:914} INFO - Processing file /home/aangava/MSP/airflow_venv/lib/python3.12/site-packages/airflow/example_dags/example_external_task_marker_dag.py for tasks to queue
[2025-05-14T13:33:44.543-0400] {logging_mixin.py:190} INFO - [2025-05-14T13:33:44.543-0400] {dagbag.py:588} INFO - Filling up the DagBag from /home/aangava/MSP/airflow_venv/lib/python3.12/site-packages/airflow/example_dags/example_external_task_marker_dag.py
[2025-05-14T13:33:44.551-0400] {processor.py:925} INFO - DAG(s) 'example_external_task_marker_parent', 'example_external_task_marker_child' retrieved from /home/aangava/MSP/airflow_venv/lib/python3.12/site-packages/airflow/example_dags/example_external_task_marker_dag.py
[2025-05-14T13:33:44.567-0400] {logging_mixin.py:190} INFO - [2025-05-14T13:33:44.567-0400] {dag.py:3239} INFO - Sync 2 DAGs
[2025-05-14T13:33:44.578-0400] {logging_mixin.py:190} INFO - [2025-05-14T13:33:44.578-0400] {dag.py:4180} INFO - Setting next_dagrun for example_external_task_marker_child to None, run_after=None
[2025-05-14T13:33:44.581-0400] {logging_mixin.py:190} INFO - [2025-05-14T13:33:44.581-0400] {dag.py:4180} INFO - Setting next_dagrun for example_external_task_marker_parent to None, run_after=None
[2025-05-14T13:33:44.596-0400] {processor.py:208} INFO - Processing /home/aangava/MSP/airflow_venv/lib/python3.12/site-packages/airflow/example_dags/example_external_task_marker_dag.py took 0.059 seconds
[2025-05-14T13:35:25.473-0400] {processor.py:186} INFO - Started process (PID=16103) to work on /home/aangava/MSP/airflow_venv/lib/python3.12/site-packages/airflow/example_dags/example_external_task_marker_dag.py
[2025-05-14T13:35:25.474-0400] {processor.py:914} INFO - Processing file /home/aangava/MSP/airflow_venv/lib/python3.12/site-packages/airflow/example_dags/example_external_task_marker_dag.py for tasks to queue
[2025-05-14T13:35:25.475-0400] {logging_mixin.py:190} INFO - [2025-05-14T13:35:25.475-0400] {dagbag.py:588} INFO - Filling up the DagBag from /home/aangava/MSP/airflow_venv/lib/python3.12/site-packages/airflow/example_dags/example_external_task_marker_dag.py
[2025-05-14T13:35:25.481-0400] {processor.py:925} INFO - DAG(s) 'example_external_task_marker_child', 'example_external_task_marker_parent' retrieved from /home/aangava/MSP/airflow_venv/lib/python3.12/site-packages/airflow/example_dags/example_external_task_marker_dag.py
[2025-05-14T13:35:25.493-0400] {logging_mixin.py:190} INFO - [2025-05-14T13:35:25.492-0400] {dag.py:3239} INFO - Sync 2 DAGs
[2025-05-14T13:35:25.500-0400] {logging_mixin.py:190} INFO - [2025-05-14T13:35:25.500-0400] {dag.py:4180} INFO - Setting next_dagrun for example_external_task_marker_child to None, run_after=None
[2025-05-14T13:35:25.502-0400] {logging_mixin.py:190} INFO - [2025-05-14T13:35:25.502-0400] {dag.py:4180} INFO - Setting next_dagrun for example_external_task_marker_parent to None, run_after=None
[2025-05-14T13:35:25.514-0400] {processor.py:208} INFO - Processing /home/aangava/MSP/airflow_venv/lib/python3.12/site-packages/airflow/example_dags/example_external_task_marker_dag.py took 0.045 seconds
[2025-05-14T13:36:22.272-0400] {processor.py:186} INFO - Started process (PID=16365) to work on /home/aangava/MSP/airflow_venv/lib/python3.12/site-packages/airflow/example_dags/example_external_task_marker_dag.py
[2025-05-14T13:36:22.273-0400] {processor.py:914} INFO - Processing file /home/aangava/MSP/airflow_venv/lib/python3.12/site-packages/airflow/example_dags/example_external_task_marker_dag.py for tasks to queue
[2025-05-14T13:36:22.275-0400] {logging_mixin.py:190} INFO - [2025-05-14T13:36:22.275-0400] {dagbag.py:588} INFO - Filling up the DagBag from /home/aangava/MSP/airflow_venv/lib/python3.12/site-packages/airflow/example_dags/example_external_task_marker_dag.py
[2025-05-14T13:36:22.314-0400] {processor.py:925} INFO - DAG(s) 'example_external_task_marker_child', 'example_external_task_marker_parent' retrieved from /home/aangava/MSP/airflow_venv/lib/python3.12/site-packages/airflow/example_dags/example_external_task_marker_dag.py
[2025-05-14T13:36:22.344-0400] {logging_mixin.py:190} INFO - [2025-05-14T13:36:22.344-0400] {dag.py:3239} INFO - Sync 2 DAGs
[2025-05-14T13:36:22.352-0400] {logging_mixin.py:190} INFO - [2025-05-14T13:36:22.352-0400] {dag.py:4180} INFO - Setting next_dagrun for example_external_task_marker_child to None, run_after=None
[2025-05-14T13:36:22.354-0400] {logging_mixin.py:190} INFO - [2025-05-14T13:36:22.354-0400] {dag.py:4180} INFO - Setting next_dagrun for example_external_task_marker_parent to None, run_after=None
[2025-05-14T13:36:22.367-0400] {processor.py:208} INFO - Processing /home/aangava/MSP/airflow_venv/lib/python3.12/site-packages/airflow/example_dags/example_external_task_marker_dag.py took 0.105 seconds
[2025-05-14T13:48:53.231-0400] {processor.py:186} INFO - Started process (PID=19619) to work on /home/aangava/MSP/airflow_venv/lib/python3.12/site-packages/airflow/example_dags/example_external_task_marker_dag.py
[2025-05-14T13:48:53.232-0400] {processor.py:914} INFO - Processing file /home/aangava/MSP/airflow_venv/lib/python3.12/site-packages/airflow/example_dags/example_external_task_marker_dag.py for tasks to queue
[2025-05-14T13:48:53.234-0400] {logging_mixin.py:190} INFO - [2025-05-14T13:48:53.234-0400] {dagbag.py:588} INFO - Filling up the DagBag from /home/aangava/MSP/airflow_venv/lib/python3.12/site-packages/airflow/example_dags/example_external_task_marker_dag.py
[2025-05-14T13:48:53.241-0400] {processor.py:925} INFO - DAG(s) 'example_external_task_marker_parent', 'example_external_task_marker_child' retrieved from /home/aangava/MSP/airflow_venv/lib/python3.12/site-packages/airflow/example_dags/example_external_task_marker_dag.py
[2025-05-14T13:48:53.255-0400] {logging_mixin.py:190} INFO - [2025-05-14T13:48:53.255-0400] {dag.py:3239} INFO - Sync 2 DAGs
[2025-05-14T13:48:53.266-0400] {logging_mixin.py:190} INFO - [2025-05-14T13:48:53.266-0400] {dag.py:4180} INFO - Setting next_dagrun for example_external_task_marker_child to None, run_after=None
[2025-05-14T13:48:53.268-0400] {logging_mixin.py:190} INFO - [2025-05-14T13:48:53.268-0400] {dag.py:4180} INFO - Setting next_dagrun for example_external_task_marker_parent to None, run_after=None
[2025-05-14T13:48:53.280-0400] {processor.py:208} INFO - Processing /home/aangava/MSP/airflow_venv/lib/python3.12/site-packages/airflow/example_dags/example_external_task_marker_dag.py took 0.054 seconds
[2025-05-14T13:49:49.189-0400] {processor.py:186} INFO - Started process (PID=19884) to work on /home/aangava/MSP/airflow_venv/lib/python3.12/site-packages/airflow/example_dags/example_external_task_marker_dag.py
[2025-05-14T13:49:49.190-0400] {processor.py:914} INFO - Processing file /home/aangava/MSP/airflow_venv/lib/python3.12/site-packages/airflow/example_dags/example_external_task_marker_dag.py for tasks to queue
[2025-05-14T13:49:49.192-0400] {logging_mixin.py:190} INFO - [2025-05-14T13:49:49.192-0400] {dagbag.py:588} INFO - Filling up the DagBag from /home/aangava/MSP/airflow_venv/lib/python3.12/site-packages/airflow/example_dags/example_external_task_marker_dag.py
[2025-05-14T13:49:49.200-0400] {processor.py:925} INFO - DAG(s) 'example_external_task_marker_child', 'example_external_task_marker_parent' retrieved from /home/aangava/MSP/airflow_venv/lib/python3.12/site-packages/airflow/example_dags/example_external_task_marker_dag.py
[2025-05-14T13:49:49.213-0400] {logging_mixin.py:190} INFO - [2025-05-14T13:49:49.213-0400] {dag.py:3239} INFO - Sync 2 DAGs
[2025-05-14T13:49:49.224-0400] {logging_mixin.py:190} INFO - [2025-05-14T13:49:49.223-0400] {dag.py:4180} INFO - Setting next_dagrun for example_external_task_marker_child to None, run_after=None
[2025-05-14T13:49:49.226-0400] {logging_mixin.py:190} INFO - [2025-05-14T13:49:49.226-0400] {dag.py:4180} INFO - Setting next_dagrun for example_external_task_marker_parent to None, run_after=None
[2025-05-14T13:49:49.241-0400] {processor.py:208} INFO - Processing /home/aangava/MSP/airflow_venv/lib/python3.12/site-packages/airflow/example_dags/example_external_task_marker_dag.py took 0.056 seconds
[2025-05-14T13:50:46.325-0400] {processor.py:186} INFO - Started process (PID=20111) to work on /home/aangava/MSP/airflow_venv/lib/python3.12/site-packages/airflow/example_dags/example_external_task_marker_dag.py
[2025-05-14T13:50:46.326-0400] {processor.py:914} INFO - Processing file /home/aangava/MSP/airflow_venv/lib/python3.12/site-packages/airflow/example_dags/example_external_task_marker_dag.py for tasks to queue
[2025-05-14T13:50:46.328-0400] {logging_mixin.py:190} INFO - [2025-05-14T13:50:46.327-0400] {dagbag.py:588} INFO - Filling up the DagBag from /home/aangava/MSP/airflow_venv/lib/python3.12/site-packages/airflow/example_dags/example_external_task_marker_dag.py
[2025-05-14T13:50:46.334-0400] {processor.py:925} INFO - DAG(s) 'example_external_task_marker_parent', 'example_external_task_marker_child' retrieved from /home/aangava/MSP/airflow_venv/lib/python3.12/site-packages/airflow/example_dags/example_external_task_marker_dag.py
[2025-05-14T13:50:46.346-0400] {logging_mixin.py:190} INFO - [2025-05-14T13:50:46.345-0400] {dag.py:3239} INFO - Sync 2 DAGs
[2025-05-14T13:50:46.354-0400] {logging_mixin.py:190} INFO - [2025-05-14T13:50:46.354-0400] {dag.py:4180} INFO - Setting next_dagrun for example_external_task_marker_child to None, run_after=None
[2025-05-14T13:50:46.358-0400] {logging_mixin.py:190} INFO - [2025-05-14T13:50:46.357-0400] {dag.py:4180} INFO - Setting next_dagrun for example_external_task_marker_parent to None, run_after=None
[2025-05-14T13:50:46.371-0400] {processor.py:208} INFO - Processing /home/aangava/MSP/airflow_venv/lib/python3.12/site-packages/airflow/example_dags/example_external_task_marker_dag.py took 0.050 seconds
[2025-05-14T13:52:01.086-0400] {processor.py:186} INFO - Started process (PID=20625) to work on /home/aangava/MSP/airflow_venv/lib/python3.12/site-packages/airflow/example_dags/example_external_task_marker_dag.py
[2025-05-14T13:52:01.088-0400] {processor.py:914} INFO - Processing file /home/aangava/MSP/airflow_venv/lib/python3.12/site-packages/airflow/example_dags/example_external_task_marker_dag.py for tasks to queue
[2025-05-14T13:52:01.089-0400] {logging_mixin.py:190} INFO - [2025-05-14T13:52:01.089-0400] {dagbag.py:588} INFO - Filling up the DagBag from /home/aangava/MSP/airflow_venv/lib/python3.12/site-packages/airflow/example_dags/example_external_task_marker_dag.py
[2025-05-14T13:52:01.096-0400] {processor.py:925} INFO - DAG(s) 'example_external_task_marker_parent', 'example_external_task_marker_child' retrieved from /home/aangava/MSP/airflow_venv/lib/python3.12/site-packages/airflow/example_dags/example_external_task_marker_dag.py
[2025-05-14T13:52:01.109-0400] {logging_mixin.py:190} INFO - [2025-05-14T13:52:01.109-0400] {dag.py:3239} INFO - Sync 2 DAGs
[2025-05-14T13:52:01.118-0400] {logging_mixin.py:190} INFO - [2025-05-14T13:52:01.118-0400] {dag.py:4180} INFO - Setting next_dagrun for example_external_task_marker_child to None, run_after=None
[2025-05-14T13:52:01.120-0400] {logging_mixin.py:190} INFO - [2025-05-14T13:52:01.120-0400] {dag.py:4180} INFO - Setting next_dagrun for example_external_task_marker_parent to None, run_after=None
[2025-05-14T13:52:01.132-0400] {processor.py:208} INFO - Processing /home/aangava/MSP/airflow_venv/lib/python3.12/site-packages/airflow/example_dags/example_external_task_marker_dag.py took 0.051 seconds
[2025-05-14T13:53:23.255-0400] {processor.py:186} INFO - Started process (PID=21024) to work on /home/aangava/MSP/airflow_venv/lib/python3.12/site-packages/airflow/example_dags/example_external_task_marker_dag.py
[2025-05-14T13:53:23.256-0400] {processor.py:914} INFO - Processing file /home/aangava/MSP/airflow_venv/lib/python3.12/site-packages/airflow/example_dags/example_external_task_marker_dag.py for tasks to queue
[2025-05-14T13:53:23.258-0400] {logging_mixin.py:190} INFO - [2025-05-14T13:53:23.257-0400] {dagbag.py:588} INFO - Filling up the DagBag from /home/aangava/MSP/airflow_venv/lib/python3.12/site-packages/airflow/example_dags/example_external_task_marker_dag.py
[2025-05-14T13:53:23.265-0400] {processor.py:925} INFO - DAG(s) 'example_external_task_marker_parent', 'example_external_task_marker_child' retrieved from /home/aangava/MSP/airflow_venv/lib/python3.12/site-packages/airflow/example_dags/example_external_task_marker_dag.py
[2025-05-14T13:53:23.277-0400] {logging_mixin.py:190} INFO - [2025-05-14T13:53:23.276-0400] {dag.py:3239} INFO - Sync 2 DAGs
[2025-05-14T13:53:23.284-0400] {logging_mixin.py:190} INFO - [2025-05-14T13:53:23.284-0400] {dag.py:4180} INFO - Setting next_dagrun for example_external_task_marker_child to None, run_after=None
[2025-05-14T13:53:23.286-0400] {logging_mixin.py:190} INFO - [2025-05-14T13:53:23.286-0400] {dag.py:4180} INFO - Setting next_dagrun for example_external_task_marker_parent to None, run_after=None
[2025-05-14T13:53:23.297-0400] {processor.py:208} INFO - Processing /home/aangava/MSP/airflow_venv/lib/python3.12/site-packages/airflow/example_dags/example_external_task_marker_dag.py took 0.046 seconds
[2025-05-14T13:54:39.478-0400] {processor.py:186} INFO - Started process (PID=21441) to work on /home/aangava/MSP/airflow_venv/lib/python3.12/site-packages/airflow/example_dags/example_external_task_marker_dag.py
[2025-05-14T13:54:39.479-0400] {processor.py:914} INFO - Processing file /home/aangava/MSP/airflow_venv/lib/python3.12/site-packages/airflow/example_dags/example_external_task_marker_dag.py for tasks to queue
[2025-05-14T13:54:39.480-0400] {logging_mixin.py:190} INFO - [2025-05-14T13:54:39.480-0400] {dagbag.py:588} INFO - Filling up the DagBag from /home/aangava/MSP/airflow_venv/lib/python3.12/site-packages/airflow/example_dags/example_external_task_marker_dag.py
[2025-05-14T13:54:39.487-0400] {processor.py:925} INFO - DAG(s) 'example_external_task_marker_child', 'example_external_task_marker_parent' retrieved from /home/aangava/MSP/airflow_venv/lib/python3.12/site-packages/airflow/example_dags/example_external_task_marker_dag.py
[2025-05-14T13:54:39.499-0400] {logging_mixin.py:190} INFO - [2025-05-14T13:54:39.499-0400] {dag.py:3239} INFO - Sync 2 DAGs
[2025-05-14T13:54:39.508-0400] {logging_mixin.py:190} INFO - [2025-05-14T13:54:39.508-0400] {dag.py:4180} INFO - Setting next_dagrun for example_external_task_marker_child to None, run_after=None
[2025-05-14T13:54:39.510-0400] {logging_mixin.py:190} INFO - [2025-05-14T13:54:39.510-0400] {dag.py:4180} INFO - Setting next_dagrun for example_external_task_marker_parent to None, run_after=None
[2025-05-14T13:54:39.522-0400] {processor.py:208} INFO - Processing /home/aangava/MSP/airflow_venv/lib/python3.12/site-packages/airflow/example_dags/example_external_task_marker_dag.py took 0.048 seconds
[2025-05-14T13:55:34.745-0400] {processor.py:186} INFO - Started process (PID=21737) to work on /home/aangava/MSP/airflow_venv/lib/python3.12/site-packages/airflow/example_dags/example_external_task_marker_dag.py
[2025-05-14T13:55:34.746-0400] {processor.py:914} INFO - Processing file /home/aangava/MSP/airflow_venv/lib/python3.12/site-packages/airflow/example_dags/example_external_task_marker_dag.py for tasks to queue
[2025-05-14T13:55:34.747-0400] {logging_mixin.py:190} INFO - [2025-05-14T13:55:34.747-0400] {dagbag.py:588} INFO - Filling up the DagBag from /home/aangava/MSP/airflow_venv/lib/python3.12/site-packages/airflow/example_dags/example_external_task_marker_dag.py
[2025-05-14T13:55:34.753-0400] {processor.py:925} INFO - DAG(s) 'example_external_task_marker_child', 'example_external_task_marker_parent' retrieved from /home/aangava/MSP/airflow_venv/lib/python3.12/site-packages/airflow/example_dags/example_external_task_marker_dag.py
[2025-05-14T13:55:34.766-0400] {logging_mixin.py:190} INFO - [2025-05-14T13:55:34.765-0400] {dag.py:3239} INFO - Sync 2 DAGs
[2025-05-14T13:55:34.776-0400] {logging_mixin.py:190} INFO - [2025-05-14T13:55:34.776-0400] {dag.py:4180} INFO - Setting next_dagrun for example_external_task_marker_child to None, run_after=None
[2025-05-14T13:55:34.778-0400] {logging_mixin.py:190} INFO - [2025-05-14T13:55:34.778-0400] {dag.py:4180} INFO - Setting next_dagrun for example_external_task_marker_parent to None, run_after=None
[2025-05-14T13:55:34.790-0400] {processor.py:208} INFO - Processing /home/aangava/MSP/airflow_venv/lib/python3.12/site-packages/airflow/example_dags/example_external_task_marker_dag.py took 0.050 seconds
[2025-05-14T13:57:16.727-0400] {processor.py:186} INFO - Started process (PID=22402) to work on /home/aangava/MSP/airflow_venv/lib/python3.12/site-packages/airflow/example_dags/example_external_task_marker_dag.py
[2025-05-14T13:57:16.728-0400] {processor.py:914} INFO - Processing file /home/aangava/MSP/airflow_venv/lib/python3.12/site-packages/airflow/example_dags/example_external_task_marker_dag.py for tasks to queue
[2025-05-14T13:57:16.729-0400] {logging_mixin.py:190} INFO - [2025-05-14T13:57:16.729-0400] {dagbag.py:588} INFO - Filling up the DagBag from /home/aangava/MSP/airflow_venv/lib/python3.12/site-packages/airflow/example_dags/example_external_task_marker_dag.py
[2025-05-14T13:57:16.736-0400] {processor.py:925} INFO - DAG(s) 'example_external_task_marker_parent', 'example_external_task_marker_child' retrieved from /home/aangava/MSP/airflow_venv/lib/python3.12/site-packages/airflow/example_dags/example_external_task_marker_dag.py
[2025-05-14T13:57:16.748-0400] {logging_mixin.py:190} INFO - [2025-05-14T13:57:16.748-0400] {dag.py:3239} INFO - Sync 2 DAGs
[2025-05-14T13:57:16.757-0400] {logging_mixin.py:190} INFO - [2025-05-14T13:57:16.756-0400] {dag.py:4180} INFO - Setting next_dagrun for example_external_task_marker_child to None, run_after=None
[2025-05-14T13:57:16.759-0400] {logging_mixin.py:190} INFO - [2025-05-14T13:57:16.759-0400] {dag.py:4180} INFO - Setting next_dagrun for example_external_task_marker_parent to None, run_after=None
[2025-05-14T13:57:16.772-0400] {processor.py:208} INFO - Processing /home/aangava/MSP/airflow_venv/lib/python3.12/site-packages/airflow/example_dags/example_external_task_marker_dag.py took 0.048 seconds
[2025-05-14T13:58:33.993-0400] {processor.py:186} INFO - Started process (PID=22970) to work on /home/aangava/MSP/airflow_venv/lib/python3.12/site-packages/airflow/example_dags/example_external_task_marker_dag.py
[2025-05-14T13:58:34.003-0400] {processor.py:914} INFO - Processing file /home/aangava/MSP/airflow_venv/lib/python3.12/site-packages/airflow/example_dags/example_external_task_marker_dag.py for tasks to queue
[2025-05-14T13:58:34.005-0400] {logging_mixin.py:190} INFO - [2025-05-14T13:58:34.005-0400] {dagbag.py:588} INFO - Filling up the DagBag from /home/aangava/MSP/airflow_venv/lib/python3.12/site-packages/airflow/example_dags/example_external_task_marker_dag.py
[2025-05-14T13:58:34.012-0400] {processor.py:925} INFO - DAG(s) 'example_external_task_marker_parent', 'example_external_task_marker_child' retrieved from /home/aangava/MSP/airflow_venv/lib/python3.12/site-packages/airflow/example_dags/example_external_task_marker_dag.py
[2025-05-14T13:58:34.027-0400] {logging_mixin.py:190} INFO - [2025-05-14T13:58:34.027-0400] {dag.py:3239} INFO - Sync 2 DAGs
[2025-05-14T13:58:34.034-0400] {logging_mixin.py:190} INFO - [2025-05-14T13:58:34.034-0400] {dag.py:4180} INFO - Setting next_dagrun for example_external_task_marker_child to None, run_after=None
[2025-05-14T13:58:34.036-0400] {logging_mixin.py:190} INFO - [2025-05-14T13:58:34.036-0400] {dag.py:4180} INFO - Setting next_dagrun for example_external_task_marker_parent to None, run_after=None
[2025-05-14T13:58:34.049-0400] {processor.py:208} INFO - Processing /home/aangava/MSP/airflow_venv/lib/python3.12/site-packages/airflow/example_dags/example_external_task_marker_dag.py took 0.060 seconds
[2025-05-14T13:59:29.685-0400] {processor.py:186} INFO - Started process (PID=23219) to work on /home/aangava/MSP/airflow_venv/lib/python3.12/site-packages/airflow/example_dags/example_external_task_marker_dag.py
[2025-05-14T13:59:29.687-0400] {processor.py:914} INFO - Processing file /home/aangava/MSP/airflow_venv/lib/python3.12/site-packages/airflow/example_dags/example_external_task_marker_dag.py for tasks to queue
[2025-05-14T13:59:29.688-0400] {logging_mixin.py:190} INFO - [2025-05-14T13:59:29.688-0400] {dagbag.py:588} INFO - Filling up the DagBag from /home/aangava/MSP/airflow_venv/lib/python3.12/site-packages/airflow/example_dags/example_external_task_marker_dag.py
[2025-05-14T13:59:29.696-0400] {processor.py:925} INFO - DAG(s) 'example_external_task_marker_parent', 'example_external_task_marker_child' retrieved from /home/aangava/MSP/airflow_venv/lib/python3.12/site-packages/airflow/example_dags/example_external_task_marker_dag.py
[2025-05-14T13:59:29.707-0400] {logging_mixin.py:190} INFO - [2025-05-14T13:59:29.707-0400] {dag.py:3239} INFO - Sync 2 DAGs
[2025-05-14T13:59:29.718-0400] {logging_mixin.py:190} INFO - [2025-05-14T13:59:29.718-0400] {dag.py:4180} INFO - Setting next_dagrun for example_external_task_marker_child to None, run_after=None
[2025-05-14T13:59:29.720-0400] {logging_mixin.py:190} INFO - [2025-05-14T13:59:29.720-0400] {dag.py:4180} INFO - Setting next_dagrun for example_external_task_marker_parent to None, run_after=None
[2025-05-14T13:59:29.735-0400] {processor.py:208} INFO - Processing /home/aangava/MSP/airflow_venv/lib/python3.12/site-packages/airflow/example_dags/example_external_task_marker_dag.py took 0.053 seconds
[2025-05-14T14:00:49.279-0400] {processor.py:186} INFO - Started process (PID=23536) to work on /home/aangava/MSP/airflow_venv/lib/python3.12/site-packages/airflow/example_dags/example_external_task_marker_dag.py
[2025-05-14T14:00:49.280-0400] {processor.py:914} INFO - Processing file /home/aangava/MSP/airflow_venv/lib/python3.12/site-packages/airflow/example_dags/example_external_task_marker_dag.py for tasks to queue
[2025-05-14T14:00:49.281-0400] {logging_mixin.py:190} INFO - [2025-05-14T14:00:49.281-0400] {dagbag.py:588} INFO - Filling up the DagBag from /home/aangava/MSP/airflow_venv/lib/python3.12/site-packages/airflow/example_dags/example_external_task_marker_dag.py
[2025-05-14T14:00:49.288-0400] {processor.py:925} INFO - DAG(s) 'example_external_task_marker_parent', 'example_external_task_marker_child' retrieved from /home/aangava/MSP/airflow_venv/lib/python3.12/site-packages/airflow/example_dags/example_external_task_marker_dag.py
[2025-05-14T14:00:49.299-0400] {logging_mixin.py:190} INFO - [2025-05-14T14:00:49.299-0400] {dag.py:3239} INFO - Sync 2 DAGs
[2025-05-14T14:00:49.308-0400] {logging_mixin.py:190} INFO - [2025-05-14T14:00:49.307-0400] {dag.py:4180} INFO - Setting next_dagrun for example_external_task_marker_child to None, run_after=None
[2025-05-14T14:00:49.310-0400] {logging_mixin.py:190} INFO - [2025-05-14T14:00:49.310-0400] {dag.py:4180} INFO - Setting next_dagrun for example_external_task_marker_parent to None, run_after=None
[2025-05-14T14:00:49.323-0400] {processor.py:208} INFO - Processing /home/aangava/MSP/airflow_venv/lib/python3.12/site-packages/airflow/example_dags/example_external_task_marker_dag.py took 0.048 seconds
[2025-05-14T14:02:08.480-0400] {processor.py:186} INFO - Started process (PID=23939) to work on /home/aangava/MSP/airflow_venv/lib/python3.12/site-packages/airflow/example_dags/example_external_task_marker_dag.py
[2025-05-14T14:02:08.490-0400] {processor.py:914} INFO - Processing file /home/aangava/MSP/airflow_venv/lib/python3.12/site-packages/airflow/example_dags/example_external_task_marker_dag.py for tasks to queue
[2025-05-14T14:02:08.491-0400] {logging_mixin.py:190} INFO - [2025-05-14T14:02:08.491-0400] {dagbag.py:588} INFO - Filling up the DagBag from /home/aangava/MSP/airflow_venv/lib/python3.12/site-packages/airflow/example_dags/example_external_task_marker_dag.py
[2025-05-14T14:02:08.498-0400] {processor.py:925} INFO - DAG(s) 'example_external_task_marker_parent', 'example_external_task_marker_child' retrieved from /home/aangava/MSP/airflow_venv/lib/python3.12/site-packages/airflow/example_dags/example_external_task_marker_dag.py
[2025-05-14T14:02:08.508-0400] {logging_mixin.py:190} INFO - [2025-05-14T14:02:08.508-0400] {dag.py:3239} INFO - Sync 2 DAGs
[2025-05-14T14:02:08.517-0400] {logging_mixin.py:190} INFO - [2025-05-14T14:02:08.516-0400] {dag.py:4180} INFO - Setting next_dagrun for example_external_task_marker_child to None, run_after=None
[2025-05-14T14:02:08.518-0400] {logging_mixin.py:190} INFO - [2025-05-14T14:02:08.518-0400] {dag.py:4180} INFO - Setting next_dagrun for example_external_task_marker_parent to None, run_after=None
[2025-05-14T14:02:08.533-0400] {processor.py:208} INFO - Processing /home/aangava/MSP/airflow_venv/lib/python3.12/site-packages/airflow/example_dags/example_external_task_marker_dag.py took 0.056 seconds
[2025-05-14T14:03:24.993-0400] {processor.py:186} INFO - Started process (PID=24311) to work on /home/aangava/MSP/airflow_venv/lib/python3.12/site-packages/airflow/example_dags/example_external_task_marker_dag.py
[2025-05-14T14:03:25.003-0400] {processor.py:914} INFO - Processing file /home/aangava/MSP/airflow_venv/lib/python3.12/site-packages/airflow/example_dags/example_external_task_marker_dag.py for tasks to queue
[2025-05-14T14:03:25.005-0400] {logging_mixin.py:190} INFO - [2025-05-14T14:03:25.005-0400] {dagbag.py:588} INFO - Filling up the DagBag from /home/aangava/MSP/airflow_venv/lib/python3.12/site-packages/airflow/example_dags/example_external_task_marker_dag.py
[2025-05-14T14:03:25.011-0400] {processor.py:925} INFO - DAG(s) 'example_external_task_marker_child', 'example_external_task_marker_parent' retrieved from /home/aangava/MSP/airflow_venv/lib/python3.12/site-packages/airflow/example_dags/example_external_task_marker_dag.py
[2025-05-14T14:03:25.022-0400] {logging_mixin.py:190} INFO - [2025-05-14T14:03:25.022-0400] {dag.py:3239} INFO - Sync 2 DAGs
[2025-05-14T14:03:25.030-0400] {logging_mixin.py:190} INFO - [2025-05-14T14:03:25.029-0400] {dag.py:4180} INFO - Setting next_dagrun for example_external_task_marker_child to None, run_after=None
[2025-05-14T14:03:25.032-0400] {logging_mixin.py:190} INFO - [2025-05-14T14:03:25.031-0400] {dag.py:4180} INFO - Setting next_dagrun for example_external_task_marker_parent to None, run_after=None
[2025-05-14T14:03:25.043-0400] {processor.py:208} INFO - Processing /home/aangava/MSP/airflow_venv/lib/python3.12/site-packages/airflow/example_dags/example_external_task_marker_dag.py took 0.054 seconds
[2025-05-14T14:04:21.422-0400] {processor.py:186} INFO - Started process (PID=24591) to work on /home/aangava/MSP/airflow_venv/lib/python3.12/site-packages/airflow/example_dags/example_external_task_marker_dag.py
[2025-05-14T14:04:21.424-0400] {processor.py:914} INFO - Processing file /home/aangava/MSP/airflow_venv/lib/python3.12/site-packages/airflow/example_dags/example_external_task_marker_dag.py for tasks to queue
[2025-05-14T14:04:21.425-0400] {logging_mixin.py:190} INFO - [2025-05-14T14:04:21.425-0400] {dagbag.py:588} INFO - Filling up the DagBag from /home/aangava/MSP/airflow_venv/lib/python3.12/site-packages/airflow/example_dags/example_external_task_marker_dag.py
[2025-05-14T14:04:21.432-0400] {processor.py:925} INFO - DAG(s) 'example_external_task_marker_child', 'example_external_task_marker_parent' retrieved from /home/aangava/MSP/airflow_venv/lib/python3.12/site-packages/airflow/example_dags/example_external_task_marker_dag.py
[2025-05-14T14:04:21.445-0400] {logging_mixin.py:190} INFO - [2025-05-14T14:04:21.445-0400] {dag.py:3239} INFO - Sync 2 DAGs
[2025-05-14T14:04:21.454-0400] {logging_mixin.py:190} INFO - [2025-05-14T14:04:21.453-0400] {dag.py:4180} INFO - Setting next_dagrun for example_external_task_marker_child to None, run_after=None
[2025-05-14T14:04:21.456-0400] {logging_mixin.py:190} INFO - [2025-05-14T14:04:21.456-0400] {dag.py:4180} INFO - Setting next_dagrun for example_external_task_marker_parent to None, run_after=None
[2025-05-14T14:04:21.468-0400] {processor.py:208} INFO - Processing /home/aangava/MSP/airflow_venv/lib/python3.12/site-packages/airflow/example_dags/example_external_task_marker_dag.py took 0.050 seconds
[2025-05-14T14:09:21.713-0400] {processor.py:186} INFO - Started process (PID=27412) to work on /home/aangava/MSP/airflow_venv/lib/python3.12/site-packages/airflow/example_dags/example_external_task_marker_dag.py
[2025-05-14T14:09:21.714-0400] {processor.py:914} INFO - Processing file /home/aangava/MSP/airflow_venv/lib/python3.12/site-packages/airflow/example_dags/example_external_task_marker_dag.py for tasks to queue
[2025-05-14T14:09:21.716-0400] {logging_mixin.py:190} INFO - [2025-05-14T14:09:21.715-0400] {dagbag.py:588} INFO - Filling up the DagBag from /home/aangava/MSP/airflow_venv/lib/python3.12/site-packages/airflow/example_dags/example_external_task_marker_dag.py
[2025-05-14T14:09:21.724-0400] {processor.py:925} INFO - DAG(s) 'example_external_task_marker_child', 'example_external_task_marker_parent' retrieved from /home/aangava/MSP/airflow_venv/lib/python3.12/site-packages/airflow/example_dags/example_external_task_marker_dag.py
[2025-05-14T14:09:21.742-0400] {logging_mixin.py:190} INFO - [2025-05-14T14:09:21.742-0400] {dag.py:3239} INFO - Sync 2 DAGs
[2025-05-14T14:09:21.750-0400] {logging_mixin.py:190} INFO - [2025-05-14T14:09:21.749-0400] {dag.py:4180} INFO - Setting next_dagrun for example_external_task_marker_child to None, run_after=None
[2025-05-14T14:09:21.752-0400] {logging_mixin.py:190} INFO - [2025-05-14T14:09:21.751-0400] {dag.py:4180} INFO - Setting next_dagrun for example_external_task_marker_parent to None, run_after=None
[2025-05-14T14:09:21.765-0400] {processor.py:208} INFO - Processing /home/aangava/MSP/airflow_venv/lib/python3.12/site-packages/airflow/example_dags/example_external_task_marker_dag.py took 0.057 seconds
[2025-05-14T14:10:18.387-0400] {processor.py:186} INFO - Started process (PID=27703) to work on /home/aangava/MSP/airflow_venv/lib/python3.12/site-packages/airflow/example_dags/example_external_task_marker_dag.py
[2025-05-14T14:10:18.397-0400] {processor.py:914} INFO - Processing file /home/aangava/MSP/airflow_venv/lib/python3.12/site-packages/airflow/example_dags/example_external_task_marker_dag.py for tasks to queue
[2025-05-14T14:10:18.398-0400] {logging_mixin.py:190} INFO - [2025-05-14T14:10:18.397-0400] {dagbag.py:588} INFO - Filling up the DagBag from /home/aangava/MSP/airflow_venv/lib/python3.12/site-packages/airflow/example_dags/example_external_task_marker_dag.py
[2025-05-14T14:10:18.402-0400] {processor.py:925} INFO - DAG(s) 'example_external_task_marker_parent', 'example_external_task_marker_child' retrieved from /home/aangava/MSP/airflow_venv/lib/python3.12/site-packages/airflow/example_dags/example_external_task_marker_dag.py
[2025-05-14T14:10:18.413-0400] {logging_mixin.py:190} INFO - [2025-05-14T14:10:18.412-0400] {dag.py:3239} INFO - Sync 2 DAGs
[2025-05-14T14:10:18.422-0400] {logging_mixin.py:190} INFO - [2025-05-14T14:10:18.422-0400] {dag.py:4180} INFO - Setting next_dagrun for example_external_task_marker_child to None, run_after=None
[2025-05-14T14:10:18.424-0400] {logging_mixin.py:190} INFO - [2025-05-14T14:10:18.423-0400] {dag.py:4180} INFO - Setting next_dagrun for example_external_task_marker_parent to None, run_after=None
[2025-05-14T14:10:18.435-0400] {processor.py:208} INFO - Processing /home/aangava/MSP/airflow_venv/lib/python3.12/site-packages/airflow/example_dags/example_external_task_marker_dag.py took 0.052 seconds
[2025-05-14T14:11:16.609-0400] {processor.py:186} INFO - Started process (PID=28007) to work on /home/aangava/MSP/airflow_venv/lib/python3.12/site-packages/airflow/example_dags/example_external_task_marker_dag.py
[2025-05-14T14:11:16.619-0400] {processor.py:914} INFO - Processing file /home/aangava/MSP/airflow_venv/lib/python3.12/site-packages/airflow/example_dags/example_external_task_marker_dag.py for tasks to queue
[2025-05-14T14:11:16.620-0400] {logging_mixin.py:190} INFO - [2025-05-14T14:11:16.620-0400] {dagbag.py:588} INFO - Filling up the DagBag from /home/aangava/MSP/airflow_venv/lib/python3.12/site-packages/airflow/example_dags/example_external_task_marker_dag.py
[2025-05-14T14:11:16.625-0400] {processor.py:925} INFO - DAG(s) 'example_external_task_marker_parent', 'example_external_task_marker_child' retrieved from /home/aangava/MSP/airflow_venv/lib/python3.12/site-packages/airflow/example_dags/example_external_task_marker_dag.py
[2025-05-14T14:11:16.639-0400] {logging_mixin.py:190} INFO - [2025-05-14T14:11:16.639-0400] {dag.py:3239} INFO - Sync 2 DAGs
[2025-05-14T14:11:16.647-0400] {logging_mixin.py:190} INFO - [2025-05-14T14:11:16.647-0400] {dag.py:4180} INFO - Setting next_dagrun for example_external_task_marker_child to None, run_after=None
[2025-05-14T14:11:16.649-0400] {logging_mixin.py:190} INFO - [2025-05-14T14:11:16.648-0400] {dag.py:4180} INFO - Setting next_dagrun for example_external_task_marker_parent to None, run_after=None
[2025-05-14T14:11:16.660-0400] {processor.py:208} INFO - Processing /home/aangava/MSP/airflow_venv/lib/python3.12/site-packages/airflow/example_dags/example_external_task_marker_dag.py took 0.055 seconds
[2025-05-14T14:12:36.357-0400] {processor.py:186} INFO - Started process (PID=28383) to work on /home/aangava/MSP/airflow_venv/lib/python3.12/site-packages/airflow/example_dags/example_external_task_marker_dag.py
[2025-05-14T14:12:36.367-0400] {processor.py:914} INFO - Processing file /home/aangava/MSP/airflow_venv/lib/python3.12/site-packages/airflow/example_dags/example_external_task_marker_dag.py for tasks to queue
[2025-05-14T14:12:36.368-0400] {logging_mixin.py:190} INFO - [2025-05-14T14:12:36.367-0400] {dagbag.py:588} INFO - Filling up the DagBag from /home/aangava/MSP/airflow_venv/lib/python3.12/site-packages/airflow/example_dags/example_external_task_marker_dag.py
[2025-05-14T14:12:36.372-0400] {processor.py:925} INFO - DAG(s) 'example_external_task_marker_child', 'example_external_task_marker_parent' retrieved from /home/aangava/MSP/airflow_venv/lib/python3.12/site-packages/airflow/example_dags/example_external_task_marker_dag.py
[2025-05-14T14:12:36.383-0400] {logging_mixin.py:190} INFO - [2025-05-14T14:12:36.383-0400] {dag.py:3239} INFO - Sync 2 DAGs
[2025-05-14T14:12:36.390-0400] {logging_mixin.py:190} INFO - [2025-05-14T14:12:36.390-0400] {dag.py:4180} INFO - Setting next_dagrun for example_external_task_marker_child to None, run_after=None
[2025-05-14T14:12:36.391-0400] {logging_mixin.py:190} INFO - [2025-05-14T14:12:36.391-0400] {dag.py:4180} INFO - Setting next_dagrun for example_external_task_marker_parent to None, run_after=None
[2025-05-14T14:12:36.403-0400] {processor.py:208} INFO - Processing /home/aangava/MSP/airflow_venv/lib/python3.12/site-packages/airflow/example_dags/example_external_task_marker_dag.py took 0.049 seconds
[2025-05-14T14:13:53.631-0400] {processor.py:186} INFO - Started process (PID=28706) to work on /home/aangava/MSP/airflow_venv/lib/python3.12/site-packages/airflow/example_dags/example_external_task_marker_dag.py
[2025-05-14T14:13:53.642-0400] {processor.py:914} INFO - Processing file /home/aangava/MSP/airflow_venv/lib/python3.12/site-packages/airflow/example_dags/example_external_task_marker_dag.py for tasks to queue
[2025-05-14T14:13:53.643-0400] {logging_mixin.py:190} INFO - [2025-05-14T14:13:53.642-0400] {dagbag.py:588} INFO - Filling up the DagBag from /home/aangava/MSP/airflow_venv/lib/python3.12/site-packages/airflow/example_dags/example_external_task_marker_dag.py
[2025-05-14T14:13:53.649-0400] {processor.py:925} INFO - DAG(s) 'example_external_task_marker_parent', 'example_external_task_marker_child' retrieved from /home/aangava/MSP/airflow_venv/lib/python3.12/site-packages/airflow/example_dags/example_external_task_marker_dag.py
[2025-05-14T14:13:53.663-0400] {logging_mixin.py:190} INFO - [2025-05-14T14:13:53.662-0400] {dag.py:3239} INFO - Sync 2 DAGs
[2025-05-14T14:13:53.670-0400] {logging_mixin.py:190} INFO - [2025-05-14T14:13:53.670-0400] {dag.py:4180} INFO - Setting next_dagrun for example_external_task_marker_child to None, run_after=None
[2025-05-14T14:13:53.672-0400] {logging_mixin.py:190} INFO - [2025-05-14T14:13:53.672-0400] {dag.py:4180} INFO - Setting next_dagrun for example_external_task_marker_parent to None, run_after=None
[2025-05-14T14:13:53.695-0400] {processor.py:208} INFO - Processing /home/aangava/MSP/airflow_venv/lib/python3.12/site-packages/airflow/example_dags/example_external_task_marker_dag.py took 0.068 seconds
[2025-05-14T14:15:16.307-0400] {processor.py:186} INFO - Started process (PID=29030) to work on /home/aangava/MSP/airflow_venv/lib/python3.12/site-packages/airflow/example_dags/example_external_task_marker_dag.py
[2025-05-14T14:15:16.317-0400] {processor.py:914} INFO - Processing file /home/aangava/MSP/airflow_venv/lib/python3.12/site-packages/airflow/example_dags/example_external_task_marker_dag.py for tasks to queue
[2025-05-14T14:15:16.318-0400] {logging_mixin.py:190} INFO - [2025-05-14T14:15:16.318-0400] {dagbag.py:588} INFO - Filling up the DagBag from /home/aangava/MSP/airflow_venv/lib/python3.12/site-packages/airflow/example_dags/example_external_task_marker_dag.py
[2025-05-14T14:15:16.323-0400] {processor.py:925} INFO - DAG(s) 'example_external_task_marker_child', 'example_external_task_marker_parent' retrieved from /home/aangava/MSP/airflow_venv/lib/python3.12/site-packages/airflow/example_dags/example_external_task_marker_dag.py
[2025-05-14T14:15:16.335-0400] {logging_mixin.py:190} INFO - [2025-05-14T14:15:16.335-0400] {dag.py:3239} INFO - Sync 2 DAGs
[2025-05-14T14:15:16.342-0400] {logging_mixin.py:190} INFO - [2025-05-14T14:15:16.342-0400] {dag.py:4180} INFO - Setting next_dagrun for example_external_task_marker_child to None, run_after=None
[2025-05-14T14:15:16.344-0400] {logging_mixin.py:190} INFO - [2025-05-14T14:15:16.344-0400] {dag.py:4180} INFO - Setting next_dagrun for example_external_task_marker_parent to None, run_after=None
[2025-05-14T14:15:16.356-0400] {processor.py:208} INFO - Processing /home/aangava/MSP/airflow_venv/lib/python3.12/site-packages/airflow/example_dags/example_external_task_marker_dag.py took 0.053 seconds
[2025-05-14T14:16:33.466-0400] {processor.py:186} INFO - Started process (PID=29340) to work on /home/aangava/MSP/airflow_venv/lib/python3.12/site-packages/airflow/example_dags/example_external_task_marker_dag.py
[2025-05-14T14:16:33.476-0400] {processor.py:914} INFO - Processing file /home/aangava/MSP/airflow_venv/lib/python3.12/site-packages/airflow/example_dags/example_external_task_marker_dag.py for tasks to queue
[2025-05-14T14:16:33.478-0400] {logging_mixin.py:190} INFO - [2025-05-14T14:16:33.477-0400] {dagbag.py:588} INFO - Filling up the DagBag from /home/aangava/MSP/airflow_venv/lib/python3.12/site-packages/airflow/example_dags/example_external_task_marker_dag.py
[2025-05-14T14:16:33.482-0400] {processor.py:925} INFO - DAG(s) 'example_external_task_marker_parent', 'example_external_task_marker_child' retrieved from /home/aangava/MSP/airflow_venv/lib/python3.12/site-packages/airflow/example_dags/example_external_task_marker_dag.py
[2025-05-14T14:16:33.493-0400] {logging_mixin.py:190} INFO - [2025-05-14T14:16:33.493-0400] {dag.py:3239} INFO - Sync 2 DAGs
[2025-05-14T14:16:33.500-0400] {logging_mixin.py:190} INFO - [2025-05-14T14:16:33.500-0400] {dag.py:4180} INFO - Setting next_dagrun for example_external_task_marker_child to None, run_after=None
[2025-05-14T14:16:33.501-0400] {logging_mixin.py:190} INFO - [2025-05-14T14:16:33.501-0400] {dag.py:4180} INFO - Setting next_dagrun for example_external_task_marker_parent to None, run_after=None
[2025-05-14T14:16:33.513-0400] {processor.py:208} INFO - Processing /home/aangava/MSP/airflow_venv/lib/python3.12/site-packages/airflow/example_dags/example_external_task_marker_dag.py took 0.051 seconds
[2025-05-14T14:17:54.315-0400] {processor.py:186} INFO - Started process (PID=29670) to work on /home/aangava/MSP/airflow_venv/lib/python3.12/site-packages/airflow/example_dags/example_external_task_marker_dag.py
[2025-05-14T14:17:54.324-0400] {processor.py:914} INFO - Processing file /home/aangava/MSP/airflow_venv/lib/python3.12/site-packages/airflow/example_dags/example_external_task_marker_dag.py for tasks to queue
[2025-05-14T14:17:54.325-0400] {logging_mixin.py:190} INFO - [2025-05-14T14:17:54.325-0400] {dagbag.py:588} INFO - Filling up the DagBag from /home/aangava/MSP/airflow_venv/lib/python3.12/site-packages/airflow/example_dags/example_external_task_marker_dag.py
[2025-05-14T14:17:54.329-0400] {processor.py:925} INFO - DAG(s) 'example_external_task_marker_child', 'example_external_task_marker_parent' retrieved from /home/aangava/MSP/airflow_venv/lib/python3.12/site-packages/airflow/example_dags/example_external_task_marker_dag.py
[2025-05-14T14:17:54.340-0400] {logging_mixin.py:190} INFO - [2025-05-14T14:17:54.339-0400] {dag.py:3239} INFO - Sync 2 DAGs
[2025-05-14T14:17:54.346-0400] {logging_mixin.py:190} INFO - [2025-05-14T14:17:54.346-0400] {dag.py:4180} INFO - Setting next_dagrun for example_external_task_marker_child to None, run_after=None
[2025-05-14T14:17:54.347-0400] {logging_mixin.py:190} INFO - [2025-05-14T14:17:54.347-0400] {dag.py:4180} INFO - Setting next_dagrun for example_external_task_marker_parent to None, run_after=None
[2025-05-14T14:17:54.358-0400] {processor.py:208} INFO - Processing /home/aangava/MSP/airflow_venv/lib/python3.12/site-packages/airflow/example_dags/example_external_task_marker_dag.py took 0.047 seconds
[2025-05-14T14:18:50.385-0400] {processor.py:186} INFO - Started process (PID=29982) to work on /home/aangava/MSP/airflow_venv/lib/python3.12/site-packages/airflow/example_dags/example_external_task_marker_dag.py
[2025-05-14T14:18:50.395-0400] {processor.py:914} INFO - Processing file /home/aangava/MSP/airflow_venv/lib/python3.12/site-packages/airflow/example_dags/example_external_task_marker_dag.py for tasks to queue
[2025-05-14T14:18:50.396-0400] {logging_mixin.py:190} INFO - [2025-05-14T14:18:50.395-0400] {dagbag.py:588} INFO - Filling up the DagBag from /home/aangava/MSP/airflow_venv/lib/python3.12/site-packages/airflow/example_dags/example_external_task_marker_dag.py
[2025-05-14T14:18:50.400-0400] {processor.py:925} INFO - DAG(s) 'example_external_task_marker_parent', 'example_external_task_marker_child' retrieved from /home/aangava/MSP/airflow_venv/lib/python3.12/site-packages/airflow/example_dags/example_external_task_marker_dag.py
[2025-05-14T14:18:50.413-0400] {logging_mixin.py:190} INFO - [2025-05-14T14:18:50.413-0400] {dag.py:3239} INFO - Sync 2 DAGs
[2025-05-14T14:18:50.419-0400] {logging_mixin.py:190} INFO - [2025-05-14T14:18:50.419-0400] {dag.py:4180} INFO - Setting next_dagrun for example_external_task_marker_child to None, run_after=None
[2025-05-14T14:18:50.421-0400] {logging_mixin.py:190} INFO - [2025-05-14T14:18:50.420-0400] {dag.py:4180} INFO - Setting next_dagrun for example_external_task_marker_parent to None, run_after=None
[2025-05-14T14:18:50.432-0400] {processor.py:208} INFO - Processing /home/aangava/MSP/airflow_venv/lib/python3.12/site-packages/airflow/example_dags/example_external_task_marker_dag.py took 0.051 seconds
[2025-05-14T14:20:12.065-0400] {processor.py:186} INFO - Started process (PID=30396) to work on /home/aangava/MSP/airflow_venv/lib/python3.12/site-packages/airflow/example_dags/example_external_task_marker_dag.py
[2025-05-14T14:20:12.067-0400] {processor.py:914} INFO - Processing file /home/aangava/MSP/airflow_venv/lib/python3.12/site-packages/airflow/example_dags/example_external_task_marker_dag.py for tasks to queue
[2025-05-14T14:20:12.067-0400] {logging_mixin.py:190} INFO - [2025-05-14T14:20:12.067-0400] {dagbag.py:588} INFO - Filling up the DagBag from /home/aangava/MSP/airflow_venv/lib/python3.12/site-packages/airflow/example_dags/example_external_task_marker_dag.py
[2025-05-14T14:20:12.072-0400] {processor.py:925} INFO - DAG(s) 'example_external_task_marker_parent', 'example_external_task_marker_child' retrieved from /home/aangava/MSP/airflow_venv/lib/python3.12/site-packages/airflow/example_dags/example_external_task_marker_dag.py
[2025-05-14T14:20:12.083-0400] {logging_mixin.py:190} INFO - [2025-05-14T14:20:12.083-0400] {dag.py:3239} INFO - Sync 2 DAGs
[2025-05-14T14:20:12.090-0400] {logging_mixin.py:190} INFO - [2025-05-14T14:20:12.090-0400] {dag.py:4180} INFO - Setting next_dagrun for example_external_task_marker_child to None, run_after=None
[2025-05-14T14:20:12.092-0400] {logging_mixin.py:190} INFO - [2025-05-14T14:20:12.092-0400] {dag.py:4180} INFO - Setting next_dagrun for example_external_task_marker_parent to None, run_after=None
[2025-05-14T14:20:12.105-0400] {processor.py:208} INFO - Processing /home/aangava/MSP/airflow_venv/lib/python3.12/site-packages/airflow/example_dags/example_external_task_marker_dag.py took 0.043 seconds
[2025-05-14T14:21:11.304-0400] {processor.py:186} INFO - Started process (PID=30692) to work on /home/aangava/MSP/airflow_venv/lib/python3.12/site-packages/airflow/example_dags/example_external_task_marker_dag.py
[2025-05-14T14:21:11.305-0400] {processor.py:914} INFO - Processing file /home/aangava/MSP/airflow_venv/lib/python3.12/site-packages/airflow/example_dags/example_external_task_marker_dag.py for tasks to queue
[2025-05-14T14:21:11.306-0400] {logging_mixin.py:190} INFO - [2025-05-14T14:21:11.306-0400] {dagbag.py:588} INFO - Filling up the DagBag from /home/aangava/MSP/airflow_venv/lib/python3.12/site-packages/airflow/example_dags/example_external_task_marker_dag.py
[2025-05-14T14:21:11.311-0400] {processor.py:925} INFO - DAG(s) 'example_external_task_marker_child', 'example_external_task_marker_parent' retrieved from /home/aangava/MSP/airflow_venv/lib/python3.12/site-packages/airflow/example_dags/example_external_task_marker_dag.py
[2025-05-14T14:21:11.323-0400] {logging_mixin.py:190} INFO - [2025-05-14T14:21:11.323-0400] {dag.py:3239} INFO - Sync 2 DAGs
[2025-05-14T14:21:11.435-0400] {logging_mixin.py:190} INFO - [2025-05-14T14:21:11.435-0400] {dag.py:4180} INFO - Setting next_dagrun for example_external_task_marker_child to None, run_after=None
[2025-05-14T14:21:11.437-0400] {logging_mixin.py:190} INFO - [2025-05-14T14:21:11.437-0400] {dag.py:4180} INFO - Setting next_dagrun for example_external_task_marker_parent to None, run_after=None
[2025-05-14T14:21:11.450-0400] {processor.py:208} INFO - Processing /home/aangava/MSP/airflow_venv/lib/python3.12/site-packages/airflow/example_dags/example_external_task_marker_dag.py took 0.150 seconds
[2025-05-14T14:22:32.612-0400] {processor.py:186} INFO - Started process (PID=31165) to work on /home/aangava/MSP/airflow_venv/lib/python3.12/site-packages/airflow/example_dags/example_external_task_marker_dag.py
[2025-05-14T14:22:32.623-0400] {processor.py:914} INFO - Processing file /home/aangava/MSP/airflow_venv/lib/python3.12/site-packages/airflow/example_dags/example_external_task_marker_dag.py for tasks to queue
[2025-05-14T14:22:32.624-0400] {logging_mixin.py:190} INFO - [2025-05-14T14:22:32.623-0400] {dagbag.py:588} INFO - Filling up the DagBag from /home/aangava/MSP/airflow_venv/lib/python3.12/site-packages/airflow/example_dags/example_external_task_marker_dag.py
[2025-05-14T14:22:32.628-0400] {processor.py:925} INFO - DAG(s) 'example_external_task_marker_child', 'example_external_task_marker_parent' retrieved from /home/aangava/MSP/airflow_venv/lib/python3.12/site-packages/airflow/example_dags/example_external_task_marker_dag.py
[2025-05-14T14:22:32.640-0400] {logging_mixin.py:190} INFO - [2025-05-14T14:22:32.640-0400] {dag.py:3239} INFO - Sync 2 DAGs
[2025-05-14T14:22:32.647-0400] {logging_mixin.py:190} INFO - [2025-05-14T14:22:32.647-0400] {dag.py:4180} INFO - Setting next_dagrun for example_external_task_marker_child to None, run_after=None
[2025-05-14T14:22:32.649-0400] {logging_mixin.py:190} INFO - [2025-05-14T14:22:32.649-0400] {dag.py:4180} INFO - Setting next_dagrun for example_external_task_marker_parent to None, run_after=None
[2025-05-14T14:22:32.662-0400] {processor.py:208} INFO - Processing /home/aangava/MSP/airflow_venv/lib/python3.12/site-packages/airflow/example_dags/example_external_task_marker_dag.py took 0.054 seconds
[2025-05-14T14:23:27.556-0400] {processor.py:186} INFO - Started process (PID=31400) to work on /home/aangava/MSP/airflow_venv/lib/python3.12/site-packages/airflow/example_dags/example_external_task_marker_dag.py
[2025-05-14T14:23:27.557-0400] {processor.py:914} INFO - Processing file /home/aangava/MSP/airflow_venv/lib/python3.12/site-packages/airflow/example_dags/example_external_task_marker_dag.py for tasks to queue
[2025-05-14T14:23:27.558-0400] {logging_mixin.py:190} INFO - [2025-05-14T14:23:27.558-0400] {dagbag.py:588} INFO - Filling up the DagBag from /home/aangava/MSP/airflow_venv/lib/python3.12/site-packages/airflow/example_dags/example_external_task_marker_dag.py
[2025-05-14T14:23:27.563-0400] {processor.py:925} INFO - DAG(s) 'example_external_task_marker_parent', 'example_external_task_marker_child' retrieved from /home/aangava/MSP/airflow_venv/lib/python3.12/site-packages/airflow/example_dags/example_external_task_marker_dag.py
[2025-05-14T14:23:27.575-0400] {logging_mixin.py:190} INFO - [2025-05-14T14:23:27.575-0400] {dag.py:3239} INFO - Sync 2 DAGs
[2025-05-14T14:23:27.582-0400] {logging_mixin.py:190} INFO - [2025-05-14T14:23:27.582-0400] {dag.py:4180} INFO - Setting next_dagrun for example_external_task_marker_child to None, run_after=None
[2025-05-14T14:23:27.584-0400] {logging_mixin.py:190} INFO - [2025-05-14T14:23:27.584-0400] {dag.py:4180} INFO - Setting next_dagrun for example_external_task_marker_parent to None, run_after=None
[2025-05-14T14:23:27.599-0400] {processor.py:208} INFO - Processing /home/aangava/MSP/airflow_venv/lib/python3.12/site-packages/airflow/example_dags/example_external_task_marker_dag.py took 0.047 seconds
[2025-05-14T14:24:49.839-0400] {processor.py:186} INFO - Started process (PID=31964) to work on /home/aangava/MSP/airflow_venv/lib/python3.12/site-packages/airflow/example_dags/example_external_task_marker_dag.py
[2025-05-14T14:24:49.840-0400] {processor.py:914} INFO - Processing file /home/aangava/MSP/airflow_venv/lib/python3.12/site-packages/airflow/example_dags/example_external_task_marker_dag.py for tasks to queue
[2025-05-14T14:24:49.841-0400] {logging_mixin.py:190} INFO - [2025-05-14T14:24:49.840-0400] {dagbag.py:588} INFO - Filling up the DagBag from /home/aangava/MSP/airflow_venv/lib/python3.12/site-packages/airflow/example_dags/example_external_task_marker_dag.py
[2025-05-14T14:24:49.845-0400] {processor.py:925} INFO - DAG(s) 'example_external_task_marker_child', 'example_external_task_marker_parent' retrieved from /home/aangava/MSP/airflow_venv/lib/python3.12/site-packages/airflow/example_dags/example_external_task_marker_dag.py
[2025-05-14T14:24:49.857-0400] {logging_mixin.py:190} INFO - [2025-05-14T14:24:49.857-0400] {dag.py:3239} INFO - Sync 2 DAGs
[2025-05-14T14:24:49.863-0400] {logging_mixin.py:190} INFO - [2025-05-14T14:24:49.863-0400] {dag.py:4180} INFO - Setting next_dagrun for example_external_task_marker_child to None, run_after=None
[2025-05-14T14:24:49.865-0400] {logging_mixin.py:190} INFO - [2025-05-14T14:24:49.865-0400] {dag.py:4180} INFO - Setting next_dagrun for example_external_task_marker_parent to None, run_after=None
[2025-05-14T14:24:49.877-0400] {processor.py:208} INFO - Processing /home/aangava/MSP/airflow_venv/lib/python3.12/site-packages/airflow/example_dags/example_external_task_marker_dag.py took 0.041 seconds
