[2025-05-14T12:54:18.096-0400] {processor.py:186} INFO - Started process (PID=2196) to work on /home/aangava/MSP/airflow_venv/lib/python3.12/site-packages/airflow/example_dags/tutorial_dag.py
[2025-05-14T12:54:18.097-0400] {processor.py:914} INFO - Processing file /home/aangava/MSP/airflow_venv/lib/python3.12/site-packages/airflow/example_dags/tutorial_dag.py for tasks to queue
[2025-05-14T12:54:18.105-0400] {logging_mixin.py:190} INFO - [2025-05-14T12:54:18.104-0400] {dagbag.py:588} INFO - Filling up the DagBag from /home/aangava/MSP/airflow_venv/lib/python3.12/site-packages/airflow/example_dags/tutorial_dag.py
[2025-05-14T12:54:18.120-0400] {processor.py:925} INFO - DAG(s) 'tutorial_dag' retrieved from /home/aangava/MSP/airflow_venv/lib/python3.12/site-packages/airflow/example_dags/tutorial_dag.py
[2025-05-14T12:54:18.145-0400] {logging_mixin.py:190} INFO - [2025-05-14T12:54:18.144-0400] {dag.py:3239} INFO - Sync 1 DAGs
[2025-05-14T12:54:18.161-0400] {logging_mixin.py:190} INFO - [2025-05-14T12:54:18.161-0400] {dag.py:4180} INFO - Setting next_dagrun for tutorial_dag to None, run_after=None
[2025-05-14T12:54:18.199-0400] {processor.py:208} INFO - Processing /home/aangava/MSP/airflow_venv/lib/python3.12/site-packages/airflow/example_dags/tutorial_dag.py took 0.112 seconds
[2025-05-14T12:55:34.165-0400] {processor.py:186} INFO - Started process (PID=2689) to work on /home/aangava/MSP/airflow_venv/lib/python3.12/site-packages/airflow/example_dags/tutorial_dag.py
[2025-05-14T12:55:34.177-0400] {processor.py:914} INFO - Processing file /home/aangava/MSP/airflow_venv/lib/python3.12/site-packages/airflow/example_dags/tutorial_dag.py for tasks to queue
[2025-05-14T12:55:34.182-0400] {logging_mixin.py:190} INFO - [2025-05-14T12:55:34.181-0400] {dagbag.py:588} INFO - Filling up the DagBag from /home/aangava/MSP/airflow_venv/lib/python3.12/site-packages/airflow/example_dags/tutorial_dag.py
[2025-05-14T12:55:34.199-0400] {processor.py:925} INFO - DAG(s) 'tutorial_dag' retrieved from /home/aangava/MSP/airflow_venv/lib/python3.12/site-packages/airflow/example_dags/tutorial_dag.py
[2025-05-14T12:55:34.221-0400] {logging_mixin.py:190} INFO - [2025-05-14T12:55:34.221-0400] {dag.py:3239} INFO - Sync 1 DAGs
[2025-05-14T12:55:34.237-0400] {logging_mixin.py:190} INFO - [2025-05-14T12:55:34.236-0400] {dag.py:4180} INFO - Setting next_dagrun for tutorial_dag to None, run_after=None
[2025-05-14T12:55:34.264-0400] {processor.py:208} INFO - Processing /home/aangava/MSP/airflow_venv/lib/python3.12/site-packages/airflow/example_dags/tutorial_dag.py took 0.110 seconds
[2025-05-14T12:56:34.967-0400] {processor.py:186} INFO - Started process (PID=2924) to work on /home/aangava/MSP/airflow_venv/lib/python3.12/site-packages/airflow/example_dags/tutorial_dag.py
[2025-05-14T12:56:34.977-0400] {processor.py:914} INFO - Processing file /home/aangava/MSP/airflow_venv/lib/python3.12/site-packages/airflow/example_dags/tutorial_dag.py for tasks to queue
[2025-05-14T12:56:34.979-0400] {logging_mixin.py:190} INFO - [2025-05-14T12:56:34.978-0400] {dagbag.py:588} INFO - Filling up the DagBag from /home/aangava/MSP/airflow_venv/lib/python3.12/site-packages/airflow/example_dags/tutorial_dag.py
[2025-05-14T12:56:34.984-0400] {processor.py:925} INFO - DAG(s) 'tutorial_dag' retrieved from /home/aangava/MSP/airflow_venv/lib/python3.12/site-packages/airflow/example_dags/tutorial_dag.py
[2025-05-14T12:56:34.996-0400] {logging_mixin.py:190} INFO - [2025-05-14T12:56:34.996-0400] {dag.py:3239} INFO - Sync 1 DAGs
[2025-05-14T12:56:35.006-0400] {logging_mixin.py:190} INFO - [2025-05-14T12:56:35.006-0400] {dag.py:4180} INFO - Setting next_dagrun for tutorial_dag to None, run_after=None
[2025-05-14T12:56:35.025-0400] {processor.py:208} INFO - Processing /home/aangava/MSP/airflow_venv/lib/python3.12/site-packages/airflow/example_dags/tutorial_dag.py took 0.062 seconds
[2025-05-14T12:57:33.811-0400] {processor.py:186} INFO - Started process (PID=3276) to work on /home/aangava/MSP/airflow_venv/lib/python3.12/site-packages/airflow/example_dags/tutorial_dag.py
[2025-05-14T12:57:33.823-0400] {processor.py:914} INFO - Processing file /home/aangava/MSP/airflow_venv/lib/python3.12/site-packages/airflow/example_dags/tutorial_dag.py for tasks to queue
[2025-05-14T12:57:33.827-0400] {logging_mixin.py:190} INFO - [2025-05-14T12:57:33.826-0400] {dagbag.py:588} INFO - Filling up the DagBag from /home/aangava/MSP/airflow_venv/lib/python3.12/site-packages/airflow/example_dags/tutorial_dag.py
[2025-05-14T12:57:33.839-0400] {processor.py:925} INFO - DAG(s) 'tutorial_dag' retrieved from /home/aangava/MSP/airflow_venv/lib/python3.12/site-packages/airflow/example_dags/tutorial_dag.py
[2025-05-14T12:57:33.858-0400] {logging_mixin.py:190} INFO - [2025-05-14T12:57:33.858-0400] {dag.py:3239} INFO - Sync 1 DAGs
[2025-05-14T12:57:33.871-0400] {logging_mixin.py:190} INFO - [2025-05-14T12:57:33.871-0400] {dag.py:4180} INFO - Setting next_dagrun for tutorial_dag to None, run_after=None
[2025-05-14T12:57:33.897-0400] {processor.py:208} INFO - Processing /home/aangava/MSP/airflow_venv/lib/python3.12/site-packages/airflow/example_dags/tutorial_dag.py took 0.094 seconds
[2025-05-14T12:58:34.598-0400] {processor.py:186} INFO - Started process (PID=3562) to work on /home/aangava/MSP/airflow_venv/lib/python3.12/site-packages/airflow/example_dags/tutorial_dag.py
[2025-05-14T12:58:34.610-0400] {processor.py:914} INFO - Processing file /home/aangava/MSP/airflow_venv/lib/python3.12/site-packages/airflow/example_dags/tutorial_dag.py for tasks to queue
[2025-05-14T12:58:34.613-0400] {logging_mixin.py:190} INFO - [2025-05-14T12:58:34.613-0400] {dagbag.py:588} INFO - Filling up the DagBag from /home/aangava/MSP/airflow_venv/lib/python3.12/site-packages/airflow/example_dags/tutorial_dag.py
[2025-05-14T12:58:34.623-0400] {processor.py:925} INFO - DAG(s) 'tutorial_dag' retrieved from /home/aangava/MSP/airflow_venv/lib/python3.12/site-packages/airflow/example_dags/tutorial_dag.py
[2025-05-14T12:58:34.640-0400] {logging_mixin.py:190} INFO - [2025-05-14T12:58:34.640-0400] {dag.py:3239} INFO - Sync 1 DAGs
[2025-05-14T12:58:34.654-0400] {logging_mixin.py:190} INFO - [2025-05-14T12:58:34.653-0400] {dag.py:4180} INFO - Setting next_dagrun for tutorial_dag to None, run_after=None
[2025-05-14T12:58:34.675-0400] {processor.py:208} INFO - Processing /home/aangava/MSP/airflow_venv/lib/python3.12/site-packages/airflow/example_dags/tutorial_dag.py took 0.083 seconds
[2025-05-14T12:59:31.220-0400] {processor.py:186} INFO - Started process (PID=3862) to work on /home/aangava/MSP/airflow_venv/lib/python3.12/site-packages/airflow/example_dags/tutorial_dag.py
[2025-05-14T12:59:31.223-0400] {processor.py:914} INFO - Processing file /home/aangava/MSP/airflow_venv/lib/python3.12/site-packages/airflow/example_dags/tutorial_dag.py for tasks to queue
[2025-05-14T12:59:31.226-0400] {logging_mixin.py:190} INFO - [2025-05-14T12:59:31.226-0400] {dagbag.py:588} INFO - Filling up the DagBag from /home/aangava/MSP/airflow_venv/lib/python3.12/site-packages/airflow/example_dags/tutorial_dag.py
[2025-05-14T12:59:31.237-0400] {processor.py:925} INFO - DAG(s) 'tutorial_dag' retrieved from /home/aangava/MSP/airflow_venv/lib/python3.12/site-packages/airflow/example_dags/tutorial_dag.py
[2025-05-14T12:59:31.253-0400] {logging_mixin.py:190} INFO - [2025-05-14T12:59:31.253-0400] {dag.py:3239} INFO - Sync 1 DAGs
[2025-05-14T12:59:31.264-0400] {logging_mixin.py:190} INFO - [2025-05-14T12:59:31.264-0400] {dag.py:4180} INFO - Setting next_dagrun for tutorial_dag to None, run_after=None
[2025-05-14T12:59:31.291-0400] {processor.py:208} INFO - Processing /home/aangava/MSP/airflow_venv/lib/python3.12/site-packages/airflow/example_dags/tutorial_dag.py took 0.079 seconds
[2025-05-14T13:00:37.473-0400] {processor.py:186} INFO - Started process (PID=4192) to work on /home/aangava/MSP/airflow_venv/lib/python3.12/site-packages/airflow/example_dags/tutorial_dag.py
[2025-05-14T13:00:37.484-0400] {processor.py:914} INFO - Processing file /home/aangava/MSP/airflow_venv/lib/python3.12/site-packages/airflow/example_dags/tutorial_dag.py for tasks to queue
[2025-05-14T13:00:37.486-0400] {logging_mixin.py:190} INFO - [2025-05-14T13:00:37.486-0400] {dagbag.py:588} INFO - Filling up the DagBag from /home/aangava/MSP/airflow_venv/lib/python3.12/site-packages/airflow/example_dags/tutorial_dag.py
[2025-05-14T13:00:37.492-0400] {processor.py:925} INFO - DAG(s) 'tutorial_dag' retrieved from /home/aangava/MSP/airflow_venv/lib/python3.12/site-packages/airflow/example_dags/tutorial_dag.py
[2025-05-14T13:00:37.503-0400] {logging_mixin.py:190} INFO - [2025-05-14T13:00:37.503-0400] {dag.py:3239} INFO - Sync 1 DAGs
[2025-05-14T13:00:37.510-0400] {logging_mixin.py:190} INFO - [2025-05-14T13:00:37.510-0400] {dag.py:4180} INFO - Setting next_dagrun for tutorial_dag to None, run_after=None
[2025-05-14T13:00:37.525-0400] {processor.py:208} INFO - Processing /home/aangava/MSP/airflow_venv/lib/python3.12/site-packages/airflow/example_dags/tutorial_dag.py took 0.059 seconds
[2025-05-14T13:01:36.830-0400] {processor.py:186} INFO - Started process (PID=4531) to work on /home/aangava/MSP/airflow_venv/lib/python3.12/site-packages/airflow/example_dags/tutorial_dag.py
[2025-05-14T13:01:36.841-0400] {processor.py:914} INFO - Processing file /home/aangava/MSP/airflow_venv/lib/python3.12/site-packages/airflow/example_dags/tutorial_dag.py for tasks to queue
[2025-05-14T13:01:36.844-0400] {logging_mixin.py:190} INFO - [2025-05-14T13:01:36.843-0400] {dagbag.py:588} INFO - Filling up the DagBag from /home/aangava/MSP/airflow_venv/lib/python3.12/site-packages/airflow/example_dags/tutorial_dag.py
[2025-05-14T13:01:36.854-0400] {processor.py:925} INFO - DAG(s) 'tutorial_dag' retrieved from /home/aangava/MSP/airflow_venv/lib/python3.12/site-packages/airflow/example_dags/tutorial_dag.py
[2025-05-14T13:01:36.869-0400] {logging_mixin.py:190} INFO - [2025-05-14T13:01:36.868-0400] {dag.py:3239} INFO - Sync 1 DAGs
[2025-05-14T13:01:36.882-0400] {logging_mixin.py:190} INFO - [2025-05-14T13:01:36.881-0400] {dag.py:4180} INFO - Setting next_dagrun for tutorial_dag to None, run_after=None
[2025-05-14T13:01:36.900-0400] {processor.py:208} INFO - Processing /home/aangava/MSP/airflow_venv/lib/python3.12/site-packages/airflow/example_dags/tutorial_dag.py took 0.077 seconds
[2025-05-14T13:02:39.441-0400] {processor.py:186} INFO - Started process (PID=4867) to work on /home/aangava/MSP/airflow_venv/lib/python3.12/site-packages/airflow/example_dags/tutorial_dag.py
[2025-05-14T13:02:39.452-0400] {processor.py:914} INFO - Processing file /home/aangava/MSP/airflow_venv/lib/python3.12/site-packages/airflow/example_dags/tutorial_dag.py for tasks to queue
[2025-05-14T13:02:39.456-0400] {logging_mixin.py:190} INFO - [2025-05-14T13:02:39.455-0400] {dagbag.py:588} INFO - Filling up the DagBag from /home/aangava/MSP/airflow_venv/lib/python3.12/site-packages/airflow/example_dags/tutorial_dag.py
[2025-05-14T13:02:39.469-0400] {processor.py:925} INFO - DAG(s) 'tutorial_dag' retrieved from /home/aangava/MSP/airflow_venv/lib/python3.12/site-packages/airflow/example_dags/tutorial_dag.py
[2025-05-14T13:02:39.494-0400] {logging_mixin.py:190} INFO - [2025-05-14T13:02:39.494-0400] {dag.py:3239} INFO - Sync 1 DAGs
[2025-05-14T13:02:39.511-0400] {logging_mixin.py:190} INFO - [2025-05-14T13:02:39.511-0400] {dag.py:4180} INFO - Setting next_dagrun for tutorial_dag to None, run_after=None
[2025-05-14T13:02:39.536-0400] {processor.py:208} INFO - Processing /home/aangava/MSP/airflow_venv/lib/python3.12/site-packages/airflow/example_dags/tutorial_dag.py took 0.105 seconds
[2025-05-14T13:03:38.987-0400] {processor.py:186} INFO - Started process (PID=5169) to work on /home/aangava/MSP/airflow_venv/lib/python3.12/site-packages/airflow/example_dags/tutorial_dag.py
[2025-05-14T13:03:38.998-0400] {processor.py:914} INFO - Processing file /home/aangava/MSP/airflow_venv/lib/python3.12/site-packages/airflow/example_dags/tutorial_dag.py for tasks to queue
[2025-05-14T13:03:39.001-0400] {logging_mixin.py:190} INFO - [2025-05-14T13:03:39.001-0400] {dagbag.py:588} INFO - Filling up the DagBag from /home/aangava/MSP/airflow_venv/lib/python3.12/site-packages/airflow/example_dags/tutorial_dag.py
[2025-05-14T13:03:39.012-0400] {processor.py:925} INFO - DAG(s) 'tutorial_dag' retrieved from /home/aangava/MSP/airflow_venv/lib/python3.12/site-packages/airflow/example_dags/tutorial_dag.py
[2025-05-14T13:03:39.033-0400] {logging_mixin.py:190} INFO - [2025-05-14T13:03:39.032-0400] {dag.py:3239} INFO - Sync 1 DAGs
[2025-05-14T13:03:39.046-0400] {logging_mixin.py:190} INFO - [2025-05-14T13:03:39.046-0400] {dag.py:4180} INFO - Setting next_dagrun for tutorial_dag to None, run_after=None
[2025-05-14T13:03:39.072-0400] {processor.py:208} INFO - Processing /home/aangava/MSP/airflow_venv/lib/python3.12/site-packages/airflow/example_dags/tutorial_dag.py took 0.095 seconds
[2025-05-14T13:04:38.451-0400] {processor.py:186} INFO - Started process (PID=5490) to work on /home/aangava/MSP/airflow_venv/lib/python3.12/site-packages/airflow/example_dags/tutorial_dag.py
[2025-05-14T13:04:38.462-0400] {processor.py:914} INFO - Processing file /home/aangava/MSP/airflow_venv/lib/python3.12/site-packages/airflow/example_dags/tutorial_dag.py for tasks to queue
[2025-05-14T13:04:38.465-0400] {logging_mixin.py:190} INFO - [2025-05-14T13:04:38.465-0400] {dagbag.py:588} INFO - Filling up the DagBag from /home/aangava/MSP/airflow_venv/lib/python3.12/site-packages/airflow/example_dags/tutorial_dag.py
[2025-05-14T13:04:38.474-0400] {processor.py:925} INFO - DAG(s) 'tutorial_dag' retrieved from /home/aangava/MSP/airflow_venv/lib/python3.12/site-packages/airflow/example_dags/tutorial_dag.py
[2025-05-14T13:04:38.492-0400] {logging_mixin.py:190} INFO - [2025-05-14T13:04:38.492-0400] {dag.py:3239} INFO - Sync 1 DAGs
[2025-05-14T13:04:38.507-0400] {logging_mixin.py:190} INFO - [2025-05-14T13:04:38.506-0400] {dag.py:4180} INFO - Setting next_dagrun for tutorial_dag to None, run_after=None
[2025-05-14T13:04:38.529-0400] {processor.py:208} INFO - Processing /home/aangava/MSP/airflow_venv/lib/python3.12/site-packages/airflow/example_dags/tutorial_dag.py took 0.084 seconds
[2025-05-14T13:05:34.481-0400] {processor.py:186} INFO - Started process (PID=5711) to work on /home/aangava/MSP/airflow_venv/lib/python3.12/site-packages/airflow/example_dags/tutorial_dag.py
[2025-05-14T13:05:34.484-0400] {processor.py:914} INFO - Processing file /home/aangava/MSP/airflow_venv/lib/python3.12/site-packages/airflow/example_dags/tutorial_dag.py for tasks to queue
[2025-05-14T13:05:34.488-0400] {logging_mixin.py:190} INFO - [2025-05-14T13:05:34.487-0400] {dagbag.py:588} INFO - Filling up the DagBag from /home/aangava/MSP/airflow_venv/lib/python3.12/site-packages/airflow/example_dags/tutorial_dag.py
[2025-05-14T13:05:34.500-0400] {processor.py:925} INFO - DAG(s) 'tutorial_dag' retrieved from /home/aangava/MSP/airflow_venv/lib/python3.12/site-packages/airflow/example_dags/tutorial_dag.py
[2025-05-14T13:05:34.521-0400] {logging_mixin.py:190} INFO - [2025-05-14T13:05:34.521-0400] {dag.py:3239} INFO - Sync 1 DAGs
[2025-05-14T13:05:34.533-0400] {logging_mixin.py:190} INFO - [2025-05-14T13:05:34.533-0400] {dag.py:4180} INFO - Setting next_dagrun for tutorial_dag to None, run_after=None
[2025-05-14T13:05:34.556-0400] {processor.py:208} INFO - Processing /home/aangava/MSP/airflow_venv/lib/python3.12/site-packages/airflow/example_dags/tutorial_dag.py took 0.084 seconds
[2025-05-14T13:06:31.417-0400] {processor.py:186} INFO - Started process (PID=6138) to work on /home/aangava/MSP/airflow_venv/lib/python3.12/site-packages/airflow/example_dags/tutorial_dag.py
[2025-05-14T13:06:31.429-0400] {processor.py:914} INFO - Processing file /home/aangava/MSP/airflow_venv/lib/python3.12/site-packages/airflow/example_dags/tutorial_dag.py for tasks to queue
[2025-05-14T13:06:31.432-0400] {logging_mixin.py:190} INFO - [2025-05-14T13:06:31.431-0400] {dagbag.py:588} INFO - Filling up the DagBag from /home/aangava/MSP/airflow_venv/lib/python3.12/site-packages/airflow/example_dags/tutorial_dag.py
[2025-05-14T13:06:31.443-0400] {processor.py:925} INFO - DAG(s) 'tutorial_dag' retrieved from /home/aangava/MSP/airflow_venv/lib/python3.12/site-packages/airflow/example_dags/tutorial_dag.py
[2025-05-14T13:06:31.457-0400] {logging_mixin.py:190} INFO - [2025-05-14T13:06:31.456-0400] {dag.py:3239} INFO - Sync 1 DAGs
[2025-05-14T13:06:31.472-0400] {logging_mixin.py:190} INFO - [2025-05-14T13:06:31.472-0400] {dag.py:4180} INFO - Setting next_dagrun for tutorial_dag to None, run_after=None
[2025-05-14T13:06:31.497-0400] {processor.py:208} INFO - Processing /home/aangava/MSP/airflow_venv/lib/python3.12/site-packages/airflow/example_dags/tutorial_dag.py took 0.088 seconds
[2025-05-14T13:10:19.113-0400] {processor.py:186} INFO - Started process (PID=7425) to work on /home/aangava/MSP/airflow_venv/lib/python3.12/site-packages/airflow/example_dags/tutorial_dag.py
[2025-05-14T13:10:19.115-0400] {processor.py:914} INFO - Processing file /home/aangava/MSP/airflow_venv/lib/python3.12/site-packages/airflow/example_dags/tutorial_dag.py for tasks to queue
[2025-05-14T13:10:19.123-0400] {logging_mixin.py:190} INFO - [2025-05-14T13:10:19.122-0400] {dagbag.py:588} INFO - Filling up the DagBag from /home/aangava/MSP/airflow_venv/lib/python3.12/site-packages/airflow/example_dags/tutorial_dag.py
[2025-05-14T13:10:19.128-0400] {processor.py:925} INFO - DAG(s) 'tutorial_dag' retrieved from /home/aangava/MSP/airflow_venv/lib/python3.12/site-packages/airflow/example_dags/tutorial_dag.py
[2025-05-14T13:10:19.141-0400] {logging_mixin.py:190} INFO - [2025-05-14T13:10:19.141-0400] {dag.py:3239} INFO - Sync 1 DAGs
[2025-05-14T13:10:19.151-0400] {logging_mixin.py:190} INFO - [2025-05-14T13:10:19.150-0400] {dag.py:4180} INFO - Setting next_dagrun for tutorial_dag to None, run_after=None
[2025-05-14T13:10:19.176-0400] {processor.py:208} INFO - Processing /home/aangava/MSP/airflow_venv/lib/python3.12/site-packages/airflow/example_dags/tutorial_dag.py took 0.067 seconds
[2025-05-14T13:13:04.483-0400] {processor.py:186} INFO - Started process (PID=8559) to work on /home/aangava/MSP/airflow_venv/lib/python3.12/site-packages/airflow/example_dags/tutorial_dag.py
[2025-05-14T13:13:04.494-0400] {processor.py:914} INFO - Processing file /home/aangava/MSP/airflow_venv/lib/python3.12/site-packages/airflow/example_dags/tutorial_dag.py for tasks to queue
[2025-05-14T13:13:04.500-0400] {logging_mixin.py:190} INFO - [2025-05-14T13:13:04.499-0400] {dagbag.py:588} INFO - Filling up the DagBag from /home/aangava/MSP/airflow_venv/lib/python3.12/site-packages/airflow/example_dags/tutorial_dag.py
[2025-05-14T13:13:04.514-0400] {processor.py:925} INFO - DAG(s) 'tutorial_dag' retrieved from /home/aangava/MSP/airflow_venv/lib/python3.12/site-packages/airflow/example_dags/tutorial_dag.py
[2025-05-14T13:13:04.535-0400] {logging_mixin.py:190} INFO - [2025-05-14T13:13:04.534-0400] {dag.py:3239} INFO - Sync 1 DAGs
[2025-05-14T13:13:04.548-0400] {logging_mixin.py:190} INFO - [2025-05-14T13:13:04.548-0400] {dag.py:4180} INFO - Setting next_dagrun for tutorial_dag to None, run_after=None
[2025-05-14T13:13:04.574-0400] {processor.py:208} INFO - Processing /home/aangava/MSP/airflow_venv/lib/python3.12/site-packages/airflow/example_dags/tutorial_dag.py took 0.101 seconds
[2025-05-14T13:14:02.451-0400] {processor.py:186} INFO - Started process (PID=8991) to work on /home/aangava/MSP/airflow_venv/lib/python3.12/site-packages/airflow/example_dags/tutorial_dag.py
[2025-05-14T13:14:02.461-0400] {processor.py:914} INFO - Processing file /home/aangava/MSP/airflow_venv/lib/python3.12/site-packages/airflow/example_dags/tutorial_dag.py for tasks to queue
[2025-05-14T13:14:02.464-0400] {logging_mixin.py:190} INFO - [2025-05-14T13:14:02.464-0400] {dagbag.py:588} INFO - Filling up the DagBag from /home/aangava/MSP/airflow_venv/lib/python3.12/site-packages/airflow/example_dags/tutorial_dag.py
[2025-05-14T13:14:02.473-0400] {processor.py:925} INFO - DAG(s) 'tutorial_dag' retrieved from /home/aangava/MSP/airflow_venv/lib/python3.12/site-packages/airflow/example_dags/tutorial_dag.py
[2025-05-14T13:14:02.484-0400] {logging_mixin.py:190} INFO - [2025-05-14T13:14:02.484-0400] {dag.py:3239} INFO - Sync 1 DAGs
[2025-05-14T13:14:02.493-0400] {logging_mixin.py:190} INFO - [2025-05-14T13:14:02.492-0400] {dag.py:4180} INFO - Setting next_dagrun for tutorial_dag to None, run_after=None
[2025-05-14T13:14:02.510-0400] {processor.py:208} INFO - Processing /home/aangava/MSP/airflow_venv/lib/python3.12/site-packages/airflow/example_dags/tutorial_dag.py took 0.064 seconds
[2025-05-14T13:15:22.943-0400] {processor.py:186} INFO - Started process (PID=9536) to work on /home/aangava/MSP/airflow_venv/lib/python3.12/site-packages/airflow/example_dags/tutorial_dag.py
[2025-05-14T13:15:22.946-0400] {processor.py:914} INFO - Processing file /home/aangava/MSP/airflow_venv/lib/python3.12/site-packages/airflow/example_dags/tutorial_dag.py for tasks to queue
[2025-05-14T13:15:22.951-0400] {logging_mixin.py:190} INFO - [2025-05-14T13:15:22.951-0400] {dagbag.py:588} INFO - Filling up the DagBag from /home/aangava/MSP/airflow_venv/lib/python3.12/site-packages/airflow/example_dags/tutorial_dag.py
[2025-05-14T13:15:22.965-0400] {processor.py:925} INFO - DAG(s) 'tutorial_dag' retrieved from /home/aangava/MSP/airflow_venv/lib/python3.12/site-packages/airflow/example_dags/tutorial_dag.py
[2025-05-14T13:15:22.984-0400] {logging_mixin.py:190} INFO - [2025-05-14T13:15:22.984-0400] {dag.py:3239} INFO - Sync 1 DAGs
[2025-05-14T13:15:23.000-0400] {logging_mixin.py:190} INFO - [2025-05-14T13:15:22.999-0400] {dag.py:4180} INFO - Setting next_dagrun for tutorial_dag to None, run_after=None
[2025-05-14T13:15:23.025-0400] {processor.py:208} INFO - Processing /home/aangava/MSP/airflow_venv/lib/python3.12/site-packages/airflow/example_dags/tutorial_dag.py took 0.089 seconds
[2025-05-14T13:16:20.868-0400] {processor.py:186} INFO - Started process (PID=9763) to work on /home/aangava/MSP/airflow_venv/lib/python3.12/site-packages/airflow/example_dags/tutorial_dag.py
[2025-05-14T13:16:20.869-0400] {processor.py:914} INFO - Processing file /home/aangava/MSP/airflow_venv/lib/python3.12/site-packages/airflow/example_dags/tutorial_dag.py for tasks to queue
[2025-05-14T13:16:20.870-0400] {logging_mixin.py:190} INFO - [2025-05-14T13:16:20.870-0400] {dagbag.py:588} INFO - Filling up the DagBag from /home/aangava/MSP/airflow_venv/lib/python3.12/site-packages/airflow/example_dags/tutorial_dag.py
[2025-05-14T13:16:20.877-0400] {processor.py:925} INFO - DAG(s) 'tutorial_dag' retrieved from /home/aangava/MSP/airflow_venv/lib/python3.12/site-packages/airflow/example_dags/tutorial_dag.py
[2025-05-14T13:16:20.890-0400] {logging_mixin.py:190} INFO - [2025-05-14T13:16:20.890-0400] {dag.py:3239} INFO - Sync 1 DAGs
[2025-05-14T13:16:20.900-0400] {logging_mixin.py:190} INFO - [2025-05-14T13:16:20.899-0400] {dag.py:4180} INFO - Setting next_dagrun for tutorial_dag to None, run_after=None
[2025-05-14T13:16:20.916-0400] {processor.py:208} INFO - Processing /home/aangava/MSP/airflow_venv/lib/python3.12/site-packages/airflow/example_dags/tutorial_dag.py took 0.052 seconds
[2025-05-14T13:17:21.912-0400] {processor.py:186} INFO - Started process (PID=10091) to work on /home/aangava/MSP/airflow_venv/lib/python3.12/site-packages/airflow/example_dags/tutorial_dag.py
[2025-05-14T13:17:21.913-0400] {processor.py:914} INFO - Processing file /home/aangava/MSP/airflow_venv/lib/python3.12/site-packages/airflow/example_dags/tutorial_dag.py for tasks to queue
[2025-05-14T13:17:21.915-0400] {logging_mixin.py:190} INFO - [2025-05-14T13:17:21.914-0400] {dagbag.py:588} INFO - Filling up the DagBag from /home/aangava/MSP/airflow_venv/lib/python3.12/site-packages/airflow/example_dags/tutorial_dag.py
[2025-05-14T13:17:21.921-0400] {processor.py:925} INFO - DAG(s) 'tutorial_dag' retrieved from /home/aangava/MSP/airflow_venv/lib/python3.12/site-packages/airflow/example_dags/tutorial_dag.py
[2025-05-14T13:17:21.935-0400] {logging_mixin.py:190} INFO - [2025-05-14T13:17:21.934-0400] {dag.py:3239} INFO - Sync 1 DAGs
[2025-05-14T13:17:21.945-0400] {logging_mixin.py:190} INFO - [2025-05-14T13:17:21.945-0400] {dag.py:4180} INFO - Setting next_dagrun for tutorial_dag to None, run_after=None
[2025-05-14T13:17:21.964-0400] {processor.py:208} INFO - Processing /home/aangava/MSP/airflow_venv/lib/python3.12/site-packages/airflow/example_dags/tutorial_dag.py took 0.057 seconds
[2025-05-14T13:18:19.847-0400] {processor.py:186} INFO - Started process (PID=10330) to work on /home/aangava/MSP/airflow_venv/lib/python3.12/site-packages/airflow/example_dags/tutorial_dag.py
[2025-05-14T13:18:19.849-0400] {processor.py:914} INFO - Processing file /home/aangava/MSP/airflow_venv/lib/python3.12/site-packages/airflow/example_dags/tutorial_dag.py for tasks to queue
[2025-05-14T13:18:19.852-0400] {logging_mixin.py:190} INFO - [2025-05-14T13:18:19.852-0400] {dagbag.py:588} INFO - Filling up the DagBag from /home/aangava/MSP/airflow_venv/lib/python3.12/site-packages/airflow/example_dags/tutorial_dag.py
[2025-05-14T13:18:19.861-0400] {processor.py:925} INFO - DAG(s) 'tutorial_dag' retrieved from /home/aangava/MSP/airflow_venv/lib/python3.12/site-packages/airflow/example_dags/tutorial_dag.py
[2025-05-14T13:18:19.878-0400] {logging_mixin.py:190} INFO - [2025-05-14T13:18:19.878-0400] {dag.py:3239} INFO - Sync 1 DAGs
[2025-05-14T13:18:19.892-0400] {logging_mixin.py:190} INFO - [2025-05-14T13:18:19.892-0400] {dag.py:4180} INFO - Setting next_dagrun for tutorial_dag to None, run_after=None
[2025-05-14T13:18:19.918-0400] {processor.py:208} INFO - Processing /home/aangava/MSP/airflow_venv/lib/python3.12/site-packages/airflow/example_dags/tutorial_dag.py took 0.078 seconds
[2025-05-14T13:19:18.824-0400] {processor.py:186} INFO - Started process (PID=10610) to work on /home/aangava/MSP/airflow_venv/lib/python3.12/site-packages/airflow/example_dags/tutorial_dag.py
[2025-05-14T13:19:18.826-0400] {processor.py:914} INFO - Processing file /home/aangava/MSP/airflow_venv/lib/python3.12/site-packages/airflow/example_dags/tutorial_dag.py for tasks to queue
[2025-05-14T13:19:18.827-0400] {logging_mixin.py:190} INFO - [2025-05-14T13:19:18.827-0400] {dagbag.py:588} INFO - Filling up the DagBag from /home/aangava/MSP/airflow_venv/lib/python3.12/site-packages/airflow/example_dags/tutorial_dag.py
[2025-05-14T13:19:18.833-0400] {processor.py:925} INFO - DAG(s) 'tutorial_dag' retrieved from /home/aangava/MSP/airflow_venv/lib/python3.12/site-packages/airflow/example_dags/tutorial_dag.py
[2025-05-14T13:19:18.842-0400] {logging_mixin.py:190} INFO - [2025-05-14T13:19:18.842-0400] {dag.py:3239} INFO - Sync 1 DAGs
[2025-05-14T13:19:18.852-0400] {logging_mixin.py:190} INFO - [2025-05-14T13:19:18.852-0400] {dag.py:4180} INFO - Setting next_dagrun for tutorial_dag to None, run_after=None
[2025-05-14T13:19:18.871-0400] {processor.py:208} INFO - Processing /home/aangava/MSP/airflow_venv/lib/python3.12/site-packages/airflow/example_dags/tutorial_dag.py took 0.051 seconds
[2025-05-14T13:20:18.172-0400] {processor.py:186} INFO - Started process (PID=10906) to work on /home/aangava/MSP/airflow_venv/lib/python3.12/site-packages/airflow/example_dags/tutorial_dag.py
[2025-05-14T13:20:18.183-0400] {processor.py:914} INFO - Processing file /home/aangava/MSP/airflow_venv/lib/python3.12/site-packages/airflow/example_dags/tutorial_dag.py for tasks to queue
[2025-05-14T13:20:18.185-0400] {logging_mixin.py:190} INFO - [2025-05-14T13:20:18.185-0400] {dagbag.py:588} INFO - Filling up the DagBag from /home/aangava/MSP/airflow_venv/lib/python3.12/site-packages/airflow/example_dags/tutorial_dag.py
[2025-05-14T13:20:18.197-0400] {processor.py:925} INFO - DAG(s) 'tutorial_dag' retrieved from /home/aangava/MSP/airflow_venv/lib/python3.12/site-packages/airflow/example_dags/tutorial_dag.py
[2025-05-14T13:20:18.213-0400] {logging_mixin.py:190} INFO - [2025-05-14T13:20:18.213-0400] {dag.py:3239} INFO - Sync 1 DAGs
[2025-05-14T13:20:18.227-0400] {logging_mixin.py:190} INFO - [2025-05-14T13:20:18.227-0400] {dag.py:4180} INFO - Setting next_dagrun for tutorial_dag to None, run_after=None
[2025-05-14T13:20:18.251-0400] {processor.py:208} INFO - Processing /home/aangava/MSP/airflow_venv/lib/python3.12/site-packages/airflow/example_dags/tutorial_dag.py took 0.085 seconds
[2025-05-14T13:24:43.984-0400] {processor.py:186} INFO - Started process (PID=12242) to work on /home/aangava/MSP/airflow_venv/lib/python3.12/site-packages/airflow/example_dags/tutorial_dag.py
[2025-05-14T13:24:43.995-0400] {processor.py:914} INFO - Processing file /home/aangava/MSP/airflow_venv/lib/python3.12/site-packages/airflow/example_dags/tutorial_dag.py for tasks to queue
[2025-05-14T13:24:44.002-0400] {logging_mixin.py:190} INFO - [2025-05-14T13:24:44.001-0400] {dagbag.py:588} INFO - Filling up the DagBag from /home/aangava/MSP/airflow_venv/lib/python3.12/site-packages/airflow/example_dags/tutorial_dag.py
[2025-05-14T13:24:44.020-0400] {processor.py:925} INFO - DAG(s) 'tutorial_dag' retrieved from /home/aangava/MSP/airflow_venv/lib/python3.12/site-packages/airflow/example_dags/tutorial_dag.py
[2025-05-14T13:24:44.050-0400] {logging_mixin.py:190} INFO - [2025-05-14T13:24:44.049-0400] {dag.py:3239} INFO - Sync 1 DAGs
[2025-05-14T13:24:44.070-0400] {logging_mixin.py:190} INFO - [2025-05-14T13:24:44.069-0400] {dag.py:4180} INFO - Setting next_dagrun for tutorial_dag to None, run_after=None
[2025-05-14T13:24:44.103-0400] {processor.py:208} INFO - Processing /home/aangava/MSP/airflow_venv/lib/python3.12/site-packages/airflow/example_dags/tutorial_dag.py took 0.129 seconds
[2025-05-14T13:25:42.793-0400] {processor.py:186} INFO - Started process (PID=12562) to work on /home/aangava/MSP/airflow_venv/lib/python3.12/site-packages/airflow/example_dags/tutorial_dag.py
[2025-05-14T13:25:42.794-0400] {processor.py:914} INFO - Processing file /home/aangava/MSP/airflow_venv/lib/python3.12/site-packages/airflow/example_dags/tutorial_dag.py for tasks to queue
[2025-05-14T13:25:42.796-0400] {logging_mixin.py:190} INFO - [2025-05-14T13:25:42.796-0400] {dagbag.py:588} INFO - Filling up the DagBag from /home/aangava/MSP/airflow_venv/lib/python3.12/site-packages/airflow/example_dags/tutorial_dag.py
[2025-05-14T13:25:42.803-0400] {processor.py:925} INFO - DAG(s) 'tutorial_dag' retrieved from /home/aangava/MSP/airflow_venv/lib/python3.12/site-packages/airflow/example_dags/tutorial_dag.py
[2025-05-14T13:25:42.814-0400] {logging_mixin.py:190} INFO - [2025-05-14T13:25:42.813-0400] {dag.py:3239} INFO - Sync 1 DAGs
[2025-05-14T13:25:42.822-0400] {logging_mixin.py:190} INFO - [2025-05-14T13:25:42.822-0400] {dag.py:4180} INFO - Setting next_dagrun for tutorial_dag to None, run_after=None
[2025-05-14T13:25:42.837-0400] {processor.py:208} INFO - Processing /home/aangava/MSP/airflow_venv/lib/python3.12/site-packages/airflow/example_dags/tutorial_dag.py took 0.050 seconds
[2025-05-14T13:26:38.121-0400] {processor.py:186} INFO - Started process (PID=12837) to work on /home/aangava/MSP/airflow_venv/lib/python3.12/site-packages/airflow/example_dags/tutorial_dag.py
[2025-05-14T13:26:38.123-0400] {processor.py:914} INFO - Processing file /home/aangava/MSP/airflow_venv/lib/python3.12/site-packages/airflow/example_dags/tutorial_dag.py for tasks to queue
[2025-05-14T13:26:38.124-0400] {logging_mixin.py:190} INFO - [2025-05-14T13:26:38.124-0400] {dagbag.py:588} INFO - Filling up the DagBag from /home/aangava/MSP/airflow_venv/lib/python3.12/site-packages/airflow/example_dags/tutorial_dag.py
[2025-05-14T13:26:38.130-0400] {processor.py:925} INFO - DAG(s) 'tutorial_dag' retrieved from /home/aangava/MSP/airflow_venv/lib/python3.12/site-packages/airflow/example_dags/tutorial_dag.py
[2025-05-14T13:26:38.140-0400] {logging_mixin.py:190} INFO - [2025-05-14T13:26:38.140-0400] {dag.py:3239} INFO - Sync 1 DAGs
[2025-05-14T13:26:38.148-0400] {logging_mixin.py:190} INFO - [2025-05-14T13:26:38.148-0400] {dag.py:4180} INFO - Setting next_dagrun for tutorial_dag to None, run_after=None
[2025-05-14T13:26:38.161-0400] {processor.py:208} INFO - Processing /home/aangava/MSP/airflow_venv/lib/python3.12/site-packages/airflow/example_dags/tutorial_dag.py took 0.043 seconds
[2025-05-14T13:27:34.573-0400] {processor.py:186} INFO - Started process (PID=13122) to work on /home/aangava/MSP/airflow_venv/lib/python3.12/site-packages/airflow/example_dags/tutorial_dag.py
[2025-05-14T13:27:34.574-0400] {processor.py:914} INFO - Processing file /home/aangava/MSP/airflow_venv/lib/python3.12/site-packages/airflow/example_dags/tutorial_dag.py for tasks to queue
[2025-05-14T13:27:34.576-0400] {logging_mixin.py:190} INFO - [2025-05-14T13:27:34.576-0400] {dagbag.py:588} INFO - Filling up the DagBag from /home/aangava/MSP/airflow_venv/lib/python3.12/site-packages/airflow/example_dags/tutorial_dag.py
[2025-05-14T13:27:34.582-0400] {processor.py:925} INFO - DAG(s) 'tutorial_dag' retrieved from /home/aangava/MSP/airflow_venv/lib/python3.12/site-packages/airflow/example_dags/tutorial_dag.py
[2025-05-14T13:27:34.592-0400] {logging_mixin.py:190} INFO - [2025-05-14T13:27:34.592-0400] {dag.py:3239} INFO - Sync 1 DAGs
[2025-05-14T13:27:34.600-0400] {logging_mixin.py:190} INFO - [2025-05-14T13:27:34.600-0400] {dag.py:4180} INFO - Setting next_dagrun for tutorial_dag to None, run_after=None
[2025-05-14T13:27:34.615-0400] {processor.py:208} INFO - Processing /home/aangava/MSP/airflow_venv/lib/python3.12/site-packages/airflow/example_dags/tutorial_dag.py took 0.045 seconds
[2025-05-14T13:28:23.871-0400] {processor.py:186} INFO - Started process (PID=13430) to work on /home/aangava/MSP/airflow_venv/lib/python3.12/site-packages/airflow/example_dags/tutorial_dag.py
[2025-05-14T13:28:23.872-0400] {processor.py:914} INFO - Processing file /home/aangava/MSP/airflow_venv/lib/python3.12/site-packages/airflow/example_dags/tutorial_dag.py for tasks to queue
[2025-05-14T13:28:23.874-0400] {logging_mixin.py:190} INFO - [2025-05-14T13:28:23.874-0400] {dagbag.py:588} INFO - Filling up the DagBag from /home/aangava/MSP/airflow_venv/lib/python3.12/site-packages/airflow/example_dags/tutorial_dag.py
[2025-05-14T13:28:23.879-0400] {processor.py:925} INFO - DAG(s) 'tutorial_dag' retrieved from /home/aangava/MSP/airflow_venv/lib/python3.12/site-packages/airflow/example_dags/tutorial_dag.py
[2025-05-14T13:28:23.888-0400] {logging_mixin.py:190} INFO - [2025-05-14T13:28:23.888-0400] {dag.py:3239} INFO - Sync 1 DAGs
[2025-05-14T13:28:23.896-0400] {logging_mixin.py:190} INFO - [2025-05-14T13:28:23.896-0400] {dag.py:4180} INFO - Setting next_dagrun for tutorial_dag to None, run_after=None
[2025-05-14T13:28:23.909-0400] {processor.py:208} INFO - Processing /home/aangava/MSP/airflow_venv/lib/python3.12/site-packages/airflow/example_dags/tutorial_dag.py took 0.041 seconds
[2025-05-14T13:29:16.468-0400] {processor.py:186} INFO - Started process (PID=13715) to work on /home/aangava/MSP/airflow_venv/lib/python3.12/site-packages/airflow/example_dags/tutorial_dag.py
[2025-05-14T13:29:16.469-0400] {processor.py:914} INFO - Processing file /home/aangava/MSP/airflow_venv/lib/python3.12/site-packages/airflow/example_dags/tutorial_dag.py for tasks to queue
[2025-05-14T13:29:16.470-0400] {logging_mixin.py:190} INFO - [2025-05-14T13:29:16.470-0400] {dagbag.py:588} INFO - Filling up the DagBag from /home/aangava/MSP/airflow_venv/lib/python3.12/site-packages/airflow/example_dags/tutorial_dag.py
[2025-05-14T13:29:16.477-0400] {processor.py:925} INFO - DAG(s) 'tutorial_dag' retrieved from /home/aangava/MSP/airflow_venv/lib/python3.12/site-packages/airflow/example_dags/tutorial_dag.py
[2025-05-14T13:29:16.487-0400] {logging_mixin.py:190} INFO - [2025-05-14T13:29:16.486-0400] {dag.py:3239} INFO - Sync 1 DAGs
[2025-05-14T13:29:16.495-0400] {logging_mixin.py:190} INFO - [2025-05-14T13:29:16.495-0400] {dag.py:4180} INFO - Setting next_dagrun for tutorial_dag to None, run_after=None
[2025-05-14T13:29:16.510-0400] {processor.py:208} INFO - Processing /home/aangava/MSP/airflow_venv/lib/python3.12/site-packages/airflow/example_dags/tutorial_dag.py took 0.046 seconds
[2025-05-14T13:30:07.125-0400] {processor.py:186} INFO - Started process (PID=13952) to work on /home/aangava/MSP/airflow_venv/lib/python3.12/site-packages/airflow/example_dags/tutorial_dag.py
[2025-05-14T13:30:07.126-0400] {processor.py:914} INFO - Processing file /home/aangava/MSP/airflow_venv/lib/python3.12/site-packages/airflow/example_dags/tutorial_dag.py for tasks to queue
[2025-05-14T13:30:07.128-0400] {logging_mixin.py:190} INFO - [2025-05-14T13:30:07.128-0400] {dagbag.py:588} INFO - Filling up the DagBag from /home/aangava/MSP/airflow_venv/lib/python3.12/site-packages/airflow/example_dags/tutorial_dag.py
[2025-05-14T13:30:07.134-0400] {processor.py:925} INFO - DAG(s) 'tutorial_dag' retrieved from /home/aangava/MSP/airflow_venv/lib/python3.12/site-packages/airflow/example_dags/tutorial_dag.py
[2025-05-14T13:30:07.145-0400] {logging_mixin.py:190} INFO - [2025-05-14T13:30:07.145-0400] {dag.py:3239} INFO - Sync 1 DAGs
[2025-05-14T13:30:07.154-0400] {logging_mixin.py:190} INFO - [2025-05-14T13:30:07.154-0400] {dag.py:4180} INFO - Setting next_dagrun for tutorial_dag to None, run_after=None
[2025-05-14T13:30:07.168-0400] {processor.py:208} INFO - Processing /home/aangava/MSP/airflow_venv/lib/python3.12/site-packages/airflow/example_dags/tutorial_dag.py took 0.048 seconds
[2025-05-14T13:30:57.861-0400] {processor.py:186} INFO - Started process (PID=14158) to work on /home/aangava/MSP/airflow_venv/lib/python3.12/site-packages/airflow/example_dags/tutorial_dag.py
[2025-05-14T13:30:57.862-0400] {processor.py:914} INFO - Processing file /home/aangava/MSP/airflow_venv/lib/python3.12/site-packages/airflow/example_dags/tutorial_dag.py for tasks to queue
[2025-05-14T13:30:57.864-0400] {logging_mixin.py:190} INFO - [2025-05-14T13:30:57.863-0400] {dagbag.py:588} INFO - Filling up the DagBag from /home/aangava/MSP/airflow_venv/lib/python3.12/site-packages/airflow/example_dags/tutorial_dag.py
[2025-05-14T13:30:57.869-0400] {processor.py:925} INFO - DAG(s) 'tutorial_dag' retrieved from /home/aangava/MSP/airflow_venv/lib/python3.12/site-packages/airflow/example_dags/tutorial_dag.py
[2025-05-14T13:30:57.879-0400] {logging_mixin.py:190} INFO - [2025-05-14T13:30:57.879-0400] {dag.py:3239} INFO - Sync 1 DAGs
[2025-05-14T13:30:57.889-0400] {logging_mixin.py:190} INFO - [2025-05-14T13:30:57.888-0400] {dag.py:4180} INFO - Setting next_dagrun for tutorial_dag to None, run_after=None
[2025-05-14T13:30:57.905-0400] {processor.py:208} INFO - Processing /home/aangava/MSP/airflow_venv/lib/python3.12/site-packages/airflow/example_dags/tutorial_dag.py took 0.048 seconds
[2025-05-14T13:31:48.601-0400] {processor.py:186} INFO - Started process (PID=14363) to work on /home/aangava/MSP/airflow_venv/lib/python3.12/site-packages/airflow/example_dags/tutorial_dag.py
[2025-05-14T13:31:48.602-0400] {processor.py:914} INFO - Processing file /home/aangava/MSP/airflow_venv/lib/python3.12/site-packages/airflow/example_dags/tutorial_dag.py for tasks to queue
[2025-05-14T13:31:48.603-0400] {logging_mixin.py:190} INFO - [2025-05-14T13:31:48.603-0400] {dagbag.py:588} INFO - Filling up the DagBag from /home/aangava/MSP/airflow_venv/lib/python3.12/site-packages/airflow/example_dags/tutorial_dag.py
[2025-05-14T13:31:48.609-0400] {processor.py:925} INFO - DAG(s) 'tutorial_dag' retrieved from /home/aangava/MSP/airflow_venv/lib/python3.12/site-packages/airflow/example_dags/tutorial_dag.py
[2025-05-14T13:31:48.619-0400] {logging_mixin.py:190} INFO - [2025-05-14T13:31:48.619-0400] {dag.py:3239} INFO - Sync 1 DAGs
[2025-05-14T13:31:48.626-0400] {logging_mixin.py:190} INFO - [2025-05-14T13:31:48.626-0400] {dag.py:4180} INFO - Setting next_dagrun for tutorial_dag to None, run_after=None
[2025-05-14T13:31:48.643-0400] {processor.py:208} INFO - Processing /home/aangava/MSP/airflow_venv/lib/python3.12/site-packages/airflow/example_dags/tutorial_dag.py took 0.045 seconds
[2025-05-14T13:32:42.041-0400] {processor.py:186} INFO - Started process (PID=14773) to work on /home/aangava/MSP/airflow_venv/lib/python3.12/site-packages/airflow/example_dags/tutorial_dag.py
[2025-05-14T13:32:42.042-0400] {processor.py:914} INFO - Processing file /home/aangava/MSP/airflow_venv/lib/python3.12/site-packages/airflow/example_dags/tutorial_dag.py for tasks to queue
[2025-05-14T13:32:42.043-0400] {logging_mixin.py:190} INFO - [2025-05-14T13:32:42.043-0400] {dagbag.py:588} INFO - Filling up the DagBag from /home/aangava/MSP/airflow_venv/lib/python3.12/site-packages/airflow/example_dags/tutorial_dag.py
[2025-05-14T13:32:42.049-0400] {processor.py:925} INFO - DAG(s) 'tutorial_dag' retrieved from /home/aangava/MSP/airflow_venv/lib/python3.12/site-packages/airflow/example_dags/tutorial_dag.py
[2025-05-14T13:32:42.059-0400] {logging_mixin.py:190} INFO - [2025-05-14T13:32:42.059-0400] {dag.py:3239} INFO - Sync 1 DAGs
[2025-05-14T13:32:42.068-0400] {logging_mixin.py:190} INFO - [2025-05-14T13:32:42.068-0400] {dag.py:4180} INFO - Setting next_dagrun for tutorial_dag to None, run_after=None
[2025-05-14T13:32:42.086-0400] {processor.py:208} INFO - Processing /home/aangava/MSP/airflow_venv/lib/python3.12/site-packages/airflow/example_dags/tutorial_dag.py took 0.048 seconds
[2025-05-14T13:33:19.475-0400] {processor.py:186} INFO - Started process (PID=15086) to work on /home/aangava/MSP/airflow_venv/lib/python3.12/site-packages/airflow/example_dags/tutorial_dag.py
[2025-05-14T13:33:19.476-0400] {processor.py:914} INFO - Processing file /home/aangava/MSP/airflow_venv/lib/python3.12/site-packages/airflow/example_dags/tutorial_dag.py for tasks to queue
[2025-05-14T13:33:19.479-0400] {logging_mixin.py:190} INFO - [2025-05-14T13:33:19.479-0400] {dagbag.py:588} INFO - Filling up the DagBag from /home/aangava/MSP/airflow_venv/lib/python3.12/site-packages/airflow/example_dags/tutorial_dag.py
[2025-05-14T13:33:19.484-0400] {processor.py:925} INFO - DAG(s) 'tutorial_dag' retrieved from /home/aangava/MSP/airflow_venv/lib/python3.12/site-packages/airflow/example_dags/tutorial_dag.py
[2025-05-14T13:33:19.497-0400] {logging_mixin.py:190} INFO - [2025-05-14T13:33:19.497-0400] {dag.py:3239} INFO - Sync 1 DAGs
[2025-05-14T13:33:19.506-0400] {logging_mixin.py:190} INFO - [2025-05-14T13:33:19.506-0400] {dag.py:4180} INFO - Setting next_dagrun for tutorial_dag to None, run_after=None
[2025-05-14T13:33:19.560-0400] {processor.py:208} INFO - Processing /home/aangava/MSP/airflow_venv/lib/python3.12/site-packages/airflow/example_dags/tutorial_dag.py took 0.088 seconds
[2025-05-14T13:34:59.690-0400] {processor.py:186} INFO - Started process (PID=15968) to work on /home/aangava/MSP/airflow_venv/lib/python3.12/site-packages/airflow/example_dags/tutorial_dag.py
[2025-05-14T13:34:59.691-0400] {processor.py:914} INFO - Processing file /home/aangava/MSP/airflow_venv/lib/python3.12/site-packages/airflow/example_dags/tutorial_dag.py for tasks to queue
[2025-05-14T13:34:59.694-0400] {logging_mixin.py:190} INFO - [2025-05-14T13:34:59.694-0400] {dagbag.py:588} INFO - Filling up the DagBag from /home/aangava/MSP/airflow_venv/lib/python3.12/site-packages/airflow/example_dags/tutorial_dag.py
[2025-05-14T13:34:59.700-0400] {processor.py:925} INFO - DAG(s) 'tutorial_dag' retrieved from /home/aangava/MSP/airflow_venv/lib/python3.12/site-packages/airflow/example_dags/tutorial_dag.py
[2025-05-14T13:34:59.712-0400] {logging_mixin.py:190} INFO - [2025-05-14T13:34:59.712-0400] {dag.py:3239} INFO - Sync 1 DAGs
[2025-05-14T13:34:59.721-0400] {logging_mixin.py:190} INFO - [2025-05-14T13:34:59.721-0400] {dag.py:4180} INFO - Setting next_dagrun for tutorial_dag to None, run_after=None
[2025-05-14T13:34:59.736-0400] {processor.py:208} INFO - Processing /home/aangava/MSP/airflow_venv/lib/python3.12/site-packages/airflow/example_dags/tutorial_dag.py took 0.050 seconds
[2025-05-14T13:35:57.416-0400] {processor.py:186} INFO - Started process (PID=16264) to work on /home/aangava/MSP/airflow_venv/lib/python3.12/site-packages/airflow/example_dags/tutorial_dag.py
[2025-05-14T13:35:57.417-0400] {processor.py:914} INFO - Processing file /home/aangava/MSP/airflow_venv/lib/python3.12/site-packages/airflow/example_dags/tutorial_dag.py for tasks to queue
[2025-05-14T13:35:57.419-0400] {logging_mixin.py:190} INFO - [2025-05-14T13:35:57.419-0400] {dagbag.py:588} INFO - Filling up the DagBag from /home/aangava/MSP/airflow_venv/lib/python3.12/site-packages/airflow/example_dags/tutorial_dag.py
[2025-05-14T13:35:57.425-0400] {processor.py:925} INFO - DAG(s) 'tutorial_dag' retrieved from /home/aangava/MSP/airflow_venv/lib/python3.12/site-packages/airflow/example_dags/tutorial_dag.py
[2025-05-14T13:35:57.434-0400] {logging_mixin.py:190} INFO - [2025-05-14T13:35:57.434-0400] {dag.py:3239} INFO - Sync 1 DAGs
[2025-05-14T13:35:57.443-0400] {logging_mixin.py:190} INFO - [2025-05-14T13:35:57.443-0400] {dag.py:4180} INFO - Setting next_dagrun for tutorial_dag to None, run_after=None
[2025-05-14T13:35:57.457-0400] {processor.py:208} INFO - Processing /home/aangava/MSP/airflow_venv/lib/python3.12/site-packages/airflow/example_dags/tutorial_dag.py took 0.045 seconds
[2025-05-14T13:36:51.936-0400] {processor.py:186} INFO - Started process (PID=16494) to work on /home/aangava/MSP/airflow_venv/lib/python3.12/site-packages/airflow/example_dags/tutorial_dag.py
[2025-05-14T13:36:51.937-0400] {processor.py:914} INFO - Processing file /home/aangava/MSP/airflow_venv/lib/python3.12/site-packages/airflow/example_dags/tutorial_dag.py for tasks to queue
[2025-05-14T13:36:51.939-0400] {logging_mixin.py:190} INFO - [2025-05-14T13:36:51.939-0400] {dagbag.py:588} INFO - Filling up the DagBag from /home/aangava/MSP/airflow_venv/lib/python3.12/site-packages/airflow/example_dags/tutorial_dag.py
[2025-05-14T13:36:51.945-0400] {processor.py:925} INFO - DAG(s) 'tutorial_dag' retrieved from /home/aangava/MSP/airflow_venv/lib/python3.12/site-packages/airflow/example_dags/tutorial_dag.py
[2025-05-14T13:36:51.956-0400] {logging_mixin.py:190} INFO - [2025-05-14T13:36:51.955-0400] {dag.py:3239} INFO - Sync 1 DAGs
[2025-05-14T13:36:51.964-0400] {logging_mixin.py:190} INFO - [2025-05-14T13:36:51.964-0400] {dag.py:4180} INFO - Setting next_dagrun for tutorial_dag to None, run_after=None
[2025-05-14T13:36:51.979-0400] {processor.py:208} INFO - Processing /home/aangava/MSP/airflow_venv/lib/python3.12/site-packages/airflow/example_dags/tutorial_dag.py took 0.047 seconds
[2025-05-14T13:48:27.579-0400] {processor.py:186} INFO - Started process (PID=19459) to work on /home/aangava/MSP/airflow_venv/lib/python3.12/site-packages/airflow/example_dags/tutorial_dag.py
[2025-05-14T13:48:27.589-0400] {processor.py:914} INFO - Processing file /home/aangava/MSP/airflow_venv/lib/python3.12/site-packages/airflow/example_dags/tutorial_dag.py for tasks to queue
[2025-05-14T13:48:27.592-0400] {logging_mixin.py:190} INFO - [2025-05-14T13:48:27.592-0400] {dagbag.py:588} INFO - Filling up the DagBag from /home/aangava/MSP/airflow_venv/lib/python3.12/site-packages/airflow/example_dags/tutorial_dag.py
[2025-05-14T13:48:27.596-0400] {processor.py:925} INFO - DAG(s) 'tutorial_dag' retrieved from /home/aangava/MSP/airflow_venv/lib/python3.12/site-packages/airflow/example_dags/tutorial_dag.py
[2025-05-14T13:48:27.608-0400] {logging_mixin.py:190} INFO - [2025-05-14T13:48:27.607-0400] {dag.py:3239} INFO - Sync 1 DAGs
[2025-05-14T13:48:27.615-0400] {logging_mixin.py:190} INFO - [2025-05-14T13:48:27.614-0400] {dag.py:4180} INFO - Setting next_dagrun for tutorial_dag to None, run_after=None
[2025-05-14T13:48:27.628-0400] {processor.py:208} INFO - Processing /home/aangava/MSP/airflow_venv/lib/python3.12/site-packages/airflow/example_dags/tutorial_dag.py took 0.052 seconds
[2025-05-14T13:49:22.932-0400] {processor.py:186} INFO - Started process (PID=19779) to work on /home/aangava/MSP/airflow_venv/lib/python3.12/site-packages/airflow/example_dags/tutorial_dag.py
[2025-05-14T13:49:22.933-0400] {processor.py:914} INFO - Processing file /home/aangava/MSP/airflow_venv/lib/python3.12/site-packages/airflow/example_dags/tutorial_dag.py for tasks to queue
[2025-05-14T13:49:22.936-0400] {logging_mixin.py:190} INFO - [2025-05-14T13:49:22.935-0400] {dagbag.py:588} INFO - Filling up the DagBag from /home/aangava/MSP/airflow_venv/lib/python3.12/site-packages/airflow/example_dags/tutorial_dag.py
[2025-05-14T13:49:22.942-0400] {processor.py:925} INFO - DAG(s) 'tutorial_dag' retrieved from /home/aangava/MSP/airflow_venv/lib/python3.12/site-packages/airflow/example_dags/tutorial_dag.py
[2025-05-14T13:49:22.953-0400] {logging_mixin.py:190} INFO - [2025-05-14T13:49:22.953-0400] {dag.py:3239} INFO - Sync 1 DAGs
[2025-05-14T13:49:22.964-0400] {logging_mixin.py:190} INFO - [2025-05-14T13:49:22.963-0400] {dag.py:4180} INFO - Setting next_dagrun for tutorial_dag to None, run_after=None
[2025-05-14T13:49:22.978-0400] {processor.py:208} INFO - Processing /home/aangava/MSP/airflow_venv/lib/python3.12/site-packages/airflow/example_dags/tutorial_dag.py took 0.050 seconds
[2025-05-14T13:50:20.612-0400] {processor.py:186} INFO - Started process (PID=20006) to work on /home/aangava/MSP/airflow_venv/lib/python3.12/site-packages/airflow/example_dags/tutorial_dag.py
[2025-05-14T13:50:20.614-0400] {processor.py:914} INFO - Processing file /home/aangava/MSP/airflow_venv/lib/python3.12/site-packages/airflow/example_dags/tutorial_dag.py for tasks to queue
[2025-05-14T13:50:20.616-0400] {logging_mixin.py:190} INFO - [2025-05-14T13:50:20.616-0400] {dagbag.py:588} INFO - Filling up the DagBag from /home/aangava/MSP/airflow_venv/lib/python3.12/site-packages/airflow/example_dags/tutorial_dag.py
[2025-05-14T13:50:20.621-0400] {processor.py:925} INFO - DAG(s) 'tutorial_dag' retrieved from /home/aangava/MSP/airflow_venv/lib/python3.12/site-packages/airflow/example_dags/tutorial_dag.py
[2025-05-14T13:50:20.632-0400] {logging_mixin.py:190} INFO - [2025-05-14T13:50:20.632-0400] {dag.py:3239} INFO - Sync 1 DAGs
[2025-05-14T13:50:20.643-0400] {logging_mixin.py:190} INFO - [2025-05-14T13:50:20.643-0400] {dag.py:4180} INFO - Setting next_dagrun for tutorial_dag to None, run_after=None
[2025-05-14T13:50:20.660-0400] {processor.py:208} INFO - Processing /home/aangava/MSP/airflow_venv/lib/python3.12/site-packages/airflow/example_dags/tutorial_dag.py took 0.052 seconds
[2025-05-14T13:51:14.911-0400] {processor.py:186} INFO - Started process (PID=20271) to work on /home/aangava/MSP/airflow_venv/lib/python3.12/site-packages/airflow/example_dags/tutorial_dag.py
[2025-05-14T13:51:14.920-0400] {processor.py:914} INFO - Processing file /home/aangava/MSP/airflow_venv/lib/python3.12/site-packages/airflow/example_dags/tutorial_dag.py for tasks to queue
[2025-05-14T13:51:14.922-0400] {logging_mixin.py:190} INFO - [2025-05-14T13:51:14.921-0400] {dagbag.py:588} INFO - Filling up the DagBag from /home/aangava/MSP/airflow_venv/lib/python3.12/site-packages/airflow/example_dags/tutorial_dag.py
[2025-05-14T13:51:14.927-0400] {processor.py:925} INFO - DAG(s) 'tutorial_dag' retrieved from /home/aangava/MSP/airflow_venv/lib/python3.12/site-packages/airflow/example_dags/tutorial_dag.py
[2025-05-14T13:51:14.937-0400] {logging_mixin.py:190} INFO - [2025-05-14T13:51:14.937-0400] {dag.py:3239} INFO - Sync 1 DAGs
[2025-05-14T13:51:14.946-0400] {logging_mixin.py:190} INFO - [2025-05-14T13:51:14.945-0400] {dag.py:4180} INFO - Setting next_dagrun for tutorial_dag to None, run_after=None
[2025-05-14T13:51:14.959-0400] {processor.py:208} INFO - Processing /home/aangava/MSP/airflow_venv/lib/python3.12/site-packages/airflow/example_dags/tutorial_dag.py took 0.052 seconds
[2025-05-14T13:52:05.793-0400] {processor.py:186} INFO - Started process (PID=20642) to work on /home/aangava/MSP/airflow_venv/lib/python3.12/site-packages/airflow/example_dags/tutorial_dag.py
[2025-05-14T13:52:05.795-0400] {processor.py:914} INFO - Processing file /home/aangava/MSP/airflow_venv/lib/python3.12/site-packages/airflow/example_dags/tutorial_dag.py for tasks to queue
[2025-05-14T13:52:05.796-0400] {logging_mixin.py:190} INFO - [2025-05-14T13:52:05.796-0400] {dagbag.py:588} INFO - Filling up the DagBag from /home/aangava/MSP/airflow_venv/lib/python3.12/site-packages/airflow/example_dags/tutorial_dag.py
[2025-05-14T13:52:05.801-0400] {processor.py:925} INFO - DAG(s) 'tutorial_dag' retrieved from /home/aangava/MSP/airflow_venv/lib/python3.12/site-packages/airflow/example_dags/tutorial_dag.py
[2025-05-14T13:52:05.811-0400] {logging_mixin.py:190} INFO - [2025-05-14T13:52:05.810-0400] {dag.py:3239} INFO - Sync 1 DAGs
[2025-05-14T13:52:05.818-0400] {logging_mixin.py:190} INFO - [2025-05-14T13:52:05.818-0400] {dag.py:4180} INFO - Setting next_dagrun for tutorial_dag to None, run_after=None
[2025-05-14T13:52:05.831-0400] {processor.py:208} INFO - Processing /home/aangava/MSP/airflow_venv/lib/python3.12/site-packages/airflow/example_dags/tutorial_dag.py took 0.041 seconds
[2025-05-14T13:53:00.510-0400] {processor.py:186} INFO - Started process (PID=20911) to work on /home/aangava/MSP/airflow_venv/lib/python3.12/site-packages/airflow/example_dags/tutorial_dag.py
[2025-05-14T13:53:00.512-0400] {processor.py:914} INFO - Processing file /home/aangava/MSP/airflow_venv/lib/python3.12/site-packages/airflow/example_dags/tutorial_dag.py for tasks to queue
[2025-05-14T13:53:00.514-0400] {logging_mixin.py:190} INFO - [2025-05-14T13:53:00.514-0400] {dagbag.py:588} INFO - Filling up the DagBag from /home/aangava/MSP/airflow_venv/lib/python3.12/site-packages/airflow/example_dags/tutorial_dag.py
[2025-05-14T13:53:00.520-0400] {processor.py:925} INFO - DAG(s) 'tutorial_dag' retrieved from /home/aangava/MSP/airflow_venv/lib/python3.12/site-packages/airflow/example_dags/tutorial_dag.py
[2025-05-14T13:53:00.530-0400] {logging_mixin.py:190} INFO - [2025-05-14T13:53:00.530-0400] {dag.py:3239} INFO - Sync 1 DAGs
[2025-05-14T13:53:00.538-0400] {logging_mixin.py:190} INFO - [2025-05-14T13:53:00.538-0400] {dag.py:4180} INFO - Setting next_dagrun for tutorial_dag to None, run_after=None
[2025-05-14T13:53:00.553-0400] {processor.py:208} INFO - Processing /home/aangava/MSP/airflow_venv/lib/python3.12/site-packages/airflow/example_dags/tutorial_dag.py took 0.046 seconds
[2025-05-14T13:53:55.508-0400] {processor.py:186} INFO - Started process (PID=21193) to work on /home/aangava/MSP/airflow_venv/lib/python3.12/site-packages/airflow/example_dags/tutorial_dag.py
[2025-05-14T13:53:55.509-0400] {processor.py:914} INFO - Processing file /home/aangava/MSP/airflow_venv/lib/python3.12/site-packages/airflow/example_dags/tutorial_dag.py for tasks to queue
[2025-05-14T13:53:55.510-0400] {logging_mixin.py:190} INFO - [2025-05-14T13:53:55.510-0400] {dagbag.py:588} INFO - Filling up the DagBag from /home/aangava/MSP/airflow_venv/lib/python3.12/site-packages/airflow/example_dags/tutorial_dag.py
[2025-05-14T13:53:55.515-0400] {processor.py:925} INFO - DAG(s) 'tutorial_dag' retrieved from /home/aangava/MSP/airflow_venv/lib/python3.12/site-packages/airflow/example_dags/tutorial_dag.py
[2025-05-14T13:53:55.527-0400] {logging_mixin.py:190} INFO - [2025-05-14T13:53:55.527-0400] {dag.py:3239} INFO - Sync 1 DAGs
[2025-05-14T13:53:55.535-0400] {logging_mixin.py:190} INFO - [2025-05-14T13:53:55.535-0400] {dag.py:4180} INFO - Setting next_dagrun for tutorial_dag to None, run_after=None
[2025-05-14T13:53:55.548-0400] {processor.py:208} INFO - Processing /home/aangava/MSP/airflow_venv/lib/python3.12/site-packages/airflow/example_dags/tutorial_dag.py took 0.044 seconds
[2025-05-14T13:54:45.377-0400] {processor.py:186} INFO - Started process (PID=21480) to work on /home/aangava/MSP/airflow_venv/lib/python3.12/site-packages/airflow/example_dags/tutorial_dag.py
[2025-05-14T13:54:45.378-0400] {processor.py:914} INFO - Processing file /home/aangava/MSP/airflow_venv/lib/python3.12/site-packages/airflow/example_dags/tutorial_dag.py for tasks to queue
[2025-05-14T13:54:45.381-0400] {logging_mixin.py:190} INFO - [2025-05-14T13:54:45.380-0400] {dagbag.py:588} INFO - Filling up the DagBag from /home/aangava/MSP/airflow_venv/lib/python3.12/site-packages/airflow/example_dags/tutorial_dag.py
[2025-05-14T13:54:45.387-0400] {processor.py:925} INFO - DAG(s) 'tutorial_dag' retrieved from /home/aangava/MSP/airflow_venv/lib/python3.12/site-packages/airflow/example_dags/tutorial_dag.py
[2025-05-14T13:54:45.396-0400] {logging_mixin.py:190} INFO - [2025-05-14T13:54:45.396-0400] {dag.py:3239} INFO - Sync 1 DAGs
[2025-05-14T13:54:45.404-0400] {logging_mixin.py:190} INFO - [2025-05-14T13:54:45.404-0400] {dag.py:4180} INFO - Setting next_dagrun for tutorial_dag to None, run_after=None
[2025-05-14T13:54:45.418-0400] {processor.py:208} INFO - Processing /home/aangava/MSP/airflow_venv/lib/python3.12/site-packages/airflow/example_dags/tutorial_dag.py took 0.045 seconds
[2025-05-14T13:55:39.881-0400] {processor.py:186} INFO - Started process (PID=21760) to work on /home/aangava/MSP/airflow_venv/lib/python3.12/site-packages/airflow/example_dags/tutorial_dag.py
[2025-05-14T13:55:39.883-0400] {processor.py:914} INFO - Processing file /home/aangava/MSP/airflow_venv/lib/python3.12/site-packages/airflow/example_dags/tutorial_dag.py for tasks to queue
[2025-05-14T13:55:39.884-0400] {logging_mixin.py:190} INFO - [2025-05-14T13:55:39.884-0400] {dagbag.py:588} INFO - Filling up the DagBag from /home/aangava/MSP/airflow_venv/lib/python3.12/site-packages/airflow/example_dags/tutorial_dag.py
[2025-05-14T13:55:39.889-0400] {processor.py:925} INFO - DAG(s) 'tutorial_dag' retrieved from /home/aangava/MSP/airflow_venv/lib/python3.12/site-packages/airflow/example_dags/tutorial_dag.py
[2025-05-14T13:55:39.899-0400] {logging_mixin.py:190} INFO - [2025-05-14T13:55:39.899-0400] {dag.py:3239} INFO - Sync 1 DAGs
[2025-05-14T13:55:39.907-0400] {logging_mixin.py:190} INFO - [2025-05-14T13:55:39.906-0400] {dag.py:4180} INFO - Setting next_dagrun for tutorial_dag to None, run_after=None
[2025-05-14T13:55:39.935-0400] {processor.py:208} INFO - Processing /home/aangava/MSP/airflow_venv/lib/python3.12/site-packages/airflow/example_dags/tutorial_dag.py took 0.058 seconds
[2025-05-14T13:56:53.925-0400] {processor.py:186} INFO - Started process (PID=22270) to work on /home/aangava/MSP/airflow_venv/lib/python3.12/site-packages/airflow/example_dags/tutorial_dag.py
[2025-05-14T13:56:53.927-0400] {processor.py:914} INFO - Processing file /home/aangava/MSP/airflow_venv/lib/python3.12/site-packages/airflow/example_dags/tutorial_dag.py for tasks to queue
[2025-05-14T13:56:53.928-0400] {logging_mixin.py:190} INFO - [2025-05-14T13:56:53.928-0400] {dagbag.py:588} INFO - Filling up the DagBag from /home/aangava/MSP/airflow_venv/lib/python3.12/site-packages/airflow/example_dags/tutorial_dag.py
[2025-05-14T13:56:53.934-0400] {processor.py:925} INFO - DAG(s) 'tutorial_dag' retrieved from /home/aangava/MSP/airflow_venv/lib/python3.12/site-packages/airflow/example_dags/tutorial_dag.py
[2025-05-14T13:56:53.944-0400] {logging_mixin.py:190} INFO - [2025-05-14T13:56:53.944-0400] {dag.py:3239} INFO - Sync 1 DAGs
[2025-05-14T13:56:53.953-0400] {logging_mixin.py:190} INFO - [2025-05-14T13:56:53.953-0400] {dag.py:4180} INFO - Setting next_dagrun for tutorial_dag to None, run_after=None
[2025-05-14T13:56:53.969-0400] {processor.py:208} INFO - Processing /home/aangava/MSP/airflow_venv/lib/python3.12/site-packages/airflow/example_dags/tutorial_dag.py took 0.048 seconds
[2025-05-14T13:57:48.407-0400] {processor.py:186} INFO - Started process (PID=22790) to work on /home/aangava/MSP/airflow_venv/lib/python3.12/site-packages/airflow/example_dags/tutorial_dag.py
[2025-05-14T13:57:48.409-0400] {processor.py:914} INFO - Processing file /home/aangava/MSP/airflow_venv/lib/python3.12/site-packages/airflow/example_dags/tutorial_dag.py for tasks to queue
[2025-05-14T13:57:48.410-0400] {logging_mixin.py:190} INFO - [2025-05-14T13:57:48.410-0400] {dagbag.py:588} INFO - Filling up the DagBag from /home/aangava/MSP/airflow_venv/lib/python3.12/site-packages/airflow/example_dags/tutorial_dag.py
[2025-05-14T13:57:48.416-0400] {processor.py:925} INFO - DAG(s) 'tutorial_dag' retrieved from /home/aangava/MSP/airflow_venv/lib/python3.12/site-packages/airflow/example_dags/tutorial_dag.py
[2025-05-14T13:57:48.427-0400] {logging_mixin.py:190} INFO - [2025-05-14T13:57:48.427-0400] {dag.py:3239} INFO - Sync 1 DAGs
[2025-05-14T13:57:48.435-0400] {logging_mixin.py:190} INFO - [2025-05-14T13:57:48.435-0400] {dag.py:4180} INFO - Setting next_dagrun for tutorial_dag to None, run_after=None
[2025-05-14T13:57:48.448-0400] {processor.py:208} INFO - Processing /home/aangava/MSP/airflow_venv/lib/python3.12/site-packages/airflow/example_dags/tutorial_dag.py took 0.044 seconds
[2025-05-14T13:58:40.866-0400] {processor.py:186} INFO - Started process (PID=22996) to work on /home/aangava/MSP/airflow_venv/lib/python3.12/site-packages/airflow/example_dags/tutorial_dag.py
[2025-05-14T13:58:40.868-0400] {processor.py:914} INFO - Processing file /home/aangava/MSP/airflow_venv/lib/python3.12/site-packages/airflow/example_dags/tutorial_dag.py for tasks to queue
[2025-05-14T13:58:40.869-0400] {logging_mixin.py:190} INFO - [2025-05-14T13:58:40.869-0400] {dagbag.py:588} INFO - Filling up the DagBag from /home/aangava/MSP/airflow_venv/lib/python3.12/site-packages/airflow/example_dags/tutorial_dag.py
[2025-05-14T13:58:40.875-0400] {processor.py:925} INFO - DAG(s) 'tutorial_dag' retrieved from /home/aangava/MSP/airflow_venv/lib/python3.12/site-packages/airflow/example_dags/tutorial_dag.py
[2025-05-14T13:58:40.885-0400] {logging_mixin.py:190} INFO - [2025-05-14T13:58:40.885-0400] {dag.py:3239} INFO - Sync 1 DAGs
[2025-05-14T13:58:40.895-0400] {logging_mixin.py:190} INFO - [2025-05-14T13:58:40.895-0400] {dag.py:4180} INFO - Setting next_dagrun for tutorial_dag to None, run_after=None
[2025-05-14T13:58:40.908-0400] {processor.py:208} INFO - Processing /home/aangava/MSP/airflow_venv/lib/python3.12/site-packages/airflow/example_dags/tutorial_dag.py took 0.045 seconds
[2025-05-14T13:59:34.503-0400] {processor.py:186} INFO - Started process (PID=23242) to work on /home/aangava/MSP/airflow_venv/lib/python3.12/site-packages/airflow/example_dags/tutorial_dag.py
[2025-05-14T13:59:34.513-0400] {processor.py:914} INFO - Processing file /home/aangava/MSP/airflow_venv/lib/python3.12/site-packages/airflow/example_dags/tutorial_dag.py for tasks to queue
[2025-05-14T13:59:34.514-0400] {logging_mixin.py:190} INFO - [2025-05-14T13:59:34.514-0400] {dagbag.py:588} INFO - Filling up the DagBag from /home/aangava/MSP/airflow_venv/lib/python3.12/site-packages/airflow/example_dags/tutorial_dag.py
[2025-05-14T13:59:34.521-0400] {processor.py:925} INFO - DAG(s) 'tutorial_dag' retrieved from /home/aangava/MSP/airflow_venv/lib/python3.12/site-packages/airflow/example_dags/tutorial_dag.py
[2025-05-14T13:59:34.532-0400] {logging_mixin.py:190} INFO - [2025-05-14T13:59:34.531-0400] {dag.py:3239} INFO - Sync 1 DAGs
[2025-05-14T13:59:34.539-0400] {logging_mixin.py:190} INFO - [2025-05-14T13:59:34.539-0400] {dag.py:4180} INFO - Setting next_dagrun for tutorial_dag to None, run_after=None
[2025-05-14T13:59:34.553-0400] {processor.py:208} INFO - Processing /home/aangava/MSP/airflow_venv/lib/python3.12/site-packages/airflow/example_dags/tutorial_dag.py took 0.053 seconds
[2025-05-14T14:00:25.789-0400] {processor.py:186} INFO - Started process (PID=23446) to work on /home/aangava/MSP/airflow_venv/lib/python3.12/site-packages/airflow/example_dags/tutorial_dag.py
[2025-05-14T14:00:25.799-0400] {processor.py:914} INFO - Processing file /home/aangava/MSP/airflow_venv/lib/python3.12/site-packages/airflow/example_dags/tutorial_dag.py for tasks to queue
[2025-05-14T14:00:25.801-0400] {logging_mixin.py:190} INFO - [2025-05-14T14:00:25.801-0400] {dagbag.py:588} INFO - Filling up the DagBag from /home/aangava/MSP/airflow_venv/lib/python3.12/site-packages/airflow/example_dags/tutorial_dag.py
[2025-05-14T14:00:25.807-0400] {processor.py:925} INFO - DAG(s) 'tutorial_dag' retrieved from /home/aangava/MSP/airflow_venv/lib/python3.12/site-packages/airflow/example_dags/tutorial_dag.py
[2025-05-14T14:00:25.818-0400] {logging_mixin.py:190} INFO - [2025-05-14T14:00:25.818-0400] {dag.py:3239} INFO - Sync 1 DAGs
[2025-05-14T14:00:25.826-0400] {logging_mixin.py:190} INFO - [2025-05-14T14:00:25.826-0400] {dag.py:4180} INFO - Setting next_dagrun for tutorial_dag to None, run_after=None
[2025-05-14T14:00:25.840-0400] {processor.py:208} INFO - Processing /home/aangava/MSP/airflow_venv/lib/python3.12/site-packages/airflow/example_dags/tutorial_dag.py took 0.054 seconds
[2025-05-14T14:01:21.949-0400] {processor.py:186} INFO - Started process (PID=23716) to work on /home/aangava/MSP/airflow_venv/lib/python3.12/site-packages/airflow/example_dags/tutorial_dag.py
[2025-05-14T14:01:21.959-0400] {processor.py:914} INFO - Processing file /home/aangava/MSP/airflow_venv/lib/python3.12/site-packages/airflow/example_dags/tutorial_dag.py for tasks to queue
[2025-05-14T14:01:21.961-0400] {logging_mixin.py:190} INFO - [2025-05-14T14:01:21.960-0400] {dagbag.py:588} INFO - Filling up the DagBag from /home/aangava/MSP/airflow_venv/lib/python3.12/site-packages/airflow/example_dags/tutorial_dag.py
[2025-05-14T14:01:21.967-0400] {processor.py:925} INFO - DAG(s) 'tutorial_dag' retrieved from /home/aangava/MSP/airflow_venv/lib/python3.12/site-packages/airflow/example_dags/tutorial_dag.py
[2025-05-14T14:01:21.977-0400] {logging_mixin.py:190} INFO - [2025-05-14T14:01:21.976-0400] {dag.py:3239} INFO - Sync 1 DAGs
[2025-05-14T14:01:21.984-0400] {logging_mixin.py:190} INFO - [2025-05-14T14:01:21.984-0400] {dag.py:4180} INFO - Setting next_dagrun for tutorial_dag to None, run_after=None
[2025-05-14T14:01:21.999-0400] {processor.py:208} INFO - Processing /home/aangava/MSP/airflow_venv/lib/python3.12/site-packages/airflow/example_dags/tutorial_dag.py took 0.055 seconds
[2025-05-14T14:02:16.201-0400] {processor.py:186} INFO - Started process (PID=23970) to work on /home/aangava/MSP/airflow_venv/lib/python3.12/site-packages/airflow/example_dags/tutorial_dag.py
[2025-05-14T14:02:16.211-0400] {processor.py:914} INFO - Processing file /home/aangava/MSP/airflow_venv/lib/python3.12/site-packages/airflow/example_dags/tutorial_dag.py for tasks to queue
[2025-05-14T14:02:16.213-0400] {logging_mixin.py:190} INFO - [2025-05-14T14:02:16.213-0400] {dagbag.py:588} INFO - Filling up the DagBag from /home/aangava/MSP/airflow_venv/lib/python3.12/site-packages/airflow/example_dags/tutorial_dag.py
[2025-05-14T14:02:16.219-0400] {processor.py:925} INFO - DAG(s) 'tutorial_dag' retrieved from /home/aangava/MSP/airflow_venv/lib/python3.12/site-packages/airflow/example_dags/tutorial_dag.py
[2025-05-14T14:02:16.231-0400] {logging_mixin.py:190} INFO - [2025-05-14T14:02:16.230-0400] {dag.py:3239} INFO - Sync 1 DAGs
[2025-05-14T14:02:16.238-0400] {logging_mixin.py:190} INFO - [2025-05-14T14:02:16.238-0400] {dag.py:4180} INFO - Setting next_dagrun for tutorial_dag to None, run_after=None
[2025-05-14T14:02:16.259-0400] {processor.py:208} INFO - Processing /home/aangava/MSP/airflow_venv/lib/python3.12/site-packages/airflow/example_dags/tutorial_dag.py took 0.061 seconds
[2025-05-14T14:03:08.074-0400] {processor.py:186} INFO - Started process (PID=24221) to work on /home/aangava/MSP/airflow_venv/lib/python3.12/site-packages/airflow/example_dags/tutorial_dag.py
[2025-05-14T14:03:08.075-0400] {processor.py:914} INFO - Processing file /home/aangava/MSP/airflow_venv/lib/python3.12/site-packages/airflow/example_dags/tutorial_dag.py for tasks to queue
[2025-05-14T14:03:08.077-0400] {logging_mixin.py:190} INFO - [2025-05-14T14:03:08.077-0400] {dagbag.py:588} INFO - Filling up the DagBag from /home/aangava/MSP/airflow_venv/lib/python3.12/site-packages/airflow/example_dags/tutorial_dag.py
[2025-05-14T14:03:08.086-0400] {processor.py:925} INFO - DAG(s) 'tutorial_dag' retrieved from /home/aangava/MSP/airflow_venv/lib/python3.12/site-packages/airflow/example_dags/tutorial_dag.py
[2025-05-14T14:03:08.096-0400] {logging_mixin.py:190} INFO - [2025-05-14T14:03:08.096-0400] {dag.py:3239} INFO - Sync 1 DAGs
[2025-05-14T14:03:08.105-0400] {logging_mixin.py:190} INFO - [2025-05-14T14:03:08.105-0400] {dag.py:4180} INFO - Setting next_dagrun for tutorial_dag to None, run_after=None
[2025-05-14T14:03:08.121-0400] {processor.py:208} INFO - Processing /home/aangava/MSP/airflow_venv/lib/python3.12/site-packages/airflow/example_dags/tutorial_dag.py took 0.052 seconds
[2025-05-14T14:04:00.876-0400] {processor.py:186} INFO - Started process (PID=24455) to work on /home/aangava/MSP/airflow_venv/lib/python3.12/site-packages/airflow/example_dags/tutorial_dag.py
[2025-05-14T14:04:00.878-0400] {processor.py:914} INFO - Processing file /home/aangava/MSP/airflow_venv/lib/python3.12/site-packages/airflow/example_dags/tutorial_dag.py for tasks to queue
[2025-05-14T14:04:00.879-0400] {logging_mixin.py:190} INFO - [2025-05-14T14:04:00.879-0400] {dagbag.py:588} INFO - Filling up the DagBag from /home/aangava/MSP/airflow_venv/lib/python3.12/site-packages/airflow/example_dags/tutorial_dag.py
[2025-05-14T14:04:00.886-0400] {processor.py:925} INFO - DAG(s) 'tutorial_dag' retrieved from /home/aangava/MSP/airflow_venv/lib/python3.12/site-packages/airflow/example_dags/tutorial_dag.py
[2025-05-14T14:04:00.896-0400] {logging_mixin.py:190} INFO - [2025-05-14T14:04:00.896-0400] {dag.py:3239} INFO - Sync 1 DAGs
[2025-05-14T14:04:00.904-0400] {logging_mixin.py:190} INFO - [2025-05-14T14:04:00.904-0400] {dag.py:4180} INFO - Setting next_dagrun for tutorial_dag to None, run_after=None
[2025-05-14T14:04:00.918-0400] {processor.py:208} INFO - Processing /home/aangava/MSP/airflow_venv/lib/python3.12/site-packages/airflow/example_dags/tutorial_dag.py took 0.047 seconds
[2025-05-14T14:08:55.427-0400] {processor.py:186} INFO - Started process (PID=27243) to work on /home/aangava/MSP/airflow_venv/lib/python3.12/site-packages/airflow/example_dags/tutorial_dag.py
[2025-05-14T14:08:55.429-0400] {processor.py:914} INFO - Processing file /home/aangava/MSP/airflow_venv/lib/python3.12/site-packages/airflow/example_dags/tutorial_dag.py for tasks to queue
[2025-05-14T14:08:55.430-0400] {logging_mixin.py:190} INFO - [2025-05-14T14:08:55.429-0400] {dagbag.py:588} INFO - Filling up the DagBag from /home/aangava/MSP/airflow_venv/lib/python3.12/site-packages/airflow/example_dags/tutorial_dag.py
[2025-05-14T14:08:55.434-0400] {processor.py:925} INFO - DAG(s) 'tutorial_dag' retrieved from /home/aangava/MSP/airflow_venv/lib/python3.12/site-packages/airflow/example_dags/tutorial_dag.py
[2025-05-14T14:08:55.447-0400] {logging_mixin.py:190} INFO - [2025-05-14T14:08:55.447-0400] {dag.py:3239} INFO - Sync 1 DAGs
[2025-05-14T14:08:55.455-0400] {logging_mixin.py:190} INFO - [2025-05-14T14:08:55.455-0400] {dag.py:4180} INFO - Setting next_dagrun for tutorial_dag to None, run_after=None
[2025-05-14T14:08:55.470-0400] {processor.py:208} INFO - Processing /home/aangava/MSP/airflow_venv/lib/python3.12/site-packages/airflow/example_dags/tutorial_dag.py took 0.048 seconds
[2025-05-14T14:09:52.468-0400] {processor.py:186} INFO - Started process (PID=27568) to work on /home/aangava/MSP/airflow_venv/lib/python3.12/site-packages/airflow/example_dags/tutorial_dag.py
[2025-05-14T14:09:52.468-0400] {processor.py:914} INFO - Processing file /home/aangava/MSP/airflow_venv/lib/python3.12/site-packages/airflow/example_dags/tutorial_dag.py for tasks to queue
[2025-05-14T14:09:52.469-0400] {logging_mixin.py:190} INFO - [2025-05-14T14:09:52.469-0400] {dagbag.py:588} INFO - Filling up the DagBag from /home/aangava/MSP/airflow_venv/lib/python3.12/site-packages/airflow/example_dags/tutorial_dag.py
[2025-05-14T14:09:52.473-0400] {processor.py:925} INFO - DAG(s) 'tutorial_dag' retrieved from /home/aangava/MSP/airflow_venv/lib/python3.12/site-packages/airflow/example_dags/tutorial_dag.py
[2025-05-14T14:09:52.482-0400] {logging_mixin.py:190} INFO - [2025-05-14T14:09:52.482-0400] {dag.py:3239} INFO - Sync 1 DAGs
[2025-05-14T14:09:52.490-0400] {logging_mixin.py:190} INFO - [2025-05-14T14:09:52.490-0400] {dag.py:4180} INFO - Setting next_dagrun for tutorial_dag to None, run_after=None
[2025-05-14T14:09:52.502-0400] {processor.py:208} INFO - Processing /home/aangava/MSP/airflow_venv/lib/python3.12/site-packages/airflow/example_dags/tutorial_dag.py took 0.038 seconds
[2025-05-14T14:10:49.215-0400] {processor.py:186} INFO - Started process (PID=27863) to work on /home/aangava/MSP/airflow_venv/lib/python3.12/site-packages/airflow/example_dags/tutorial_dag.py
[2025-05-14T14:10:49.216-0400] {processor.py:914} INFO - Processing file /home/aangava/MSP/airflow_venv/lib/python3.12/site-packages/airflow/example_dags/tutorial_dag.py for tasks to queue
[2025-05-14T14:10:49.217-0400] {logging_mixin.py:190} INFO - [2025-05-14T14:10:49.217-0400] {dagbag.py:588} INFO - Filling up the DagBag from /home/aangava/MSP/airflow_venv/lib/python3.12/site-packages/airflow/example_dags/tutorial_dag.py
[2025-05-14T14:10:49.223-0400] {processor.py:925} INFO - DAG(s) 'tutorial_dag' retrieved from /home/aangava/MSP/airflow_venv/lib/python3.12/site-packages/airflow/example_dags/tutorial_dag.py
[2025-05-14T14:10:49.237-0400] {logging_mixin.py:190} INFO - [2025-05-14T14:10:49.237-0400] {dag.py:3239} INFO - Sync 1 DAGs
[2025-05-14T14:10:49.244-0400] {logging_mixin.py:190} INFO - [2025-05-14T14:10:49.244-0400] {dag.py:4180} INFO - Setting next_dagrun for tutorial_dag to None, run_after=None
[2025-05-14T14:10:49.260-0400] {processor.py:208} INFO - Processing /home/aangava/MSP/airflow_venv/lib/python3.12/site-packages/airflow/example_dags/tutorial_dag.py took 0.048 seconds
[2025-05-14T14:11:46.696-0400] {processor.py:186} INFO - Started process (PID=28158) to work on /home/aangava/MSP/airflow_venv/lib/python3.12/site-packages/airflow/example_dags/tutorial_dag.py
[2025-05-14T14:11:46.706-0400] {processor.py:914} INFO - Processing file /home/aangava/MSP/airflow_venv/lib/python3.12/site-packages/airflow/example_dags/tutorial_dag.py for tasks to queue
[2025-05-14T14:11:46.707-0400] {logging_mixin.py:190} INFO - [2025-05-14T14:11:46.706-0400] {dagbag.py:588} INFO - Filling up the DagBag from /home/aangava/MSP/airflow_venv/lib/python3.12/site-packages/airflow/example_dags/tutorial_dag.py
[2025-05-14T14:11:46.710-0400] {processor.py:925} INFO - DAG(s) 'tutorial_dag' retrieved from /home/aangava/MSP/airflow_venv/lib/python3.12/site-packages/airflow/example_dags/tutorial_dag.py
[2025-05-14T14:11:46.719-0400] {logging_mixin.py:190} INFO - [2025-05-14T14:11:46.719-0400] {dag.py:3239} INFO - Sync 1 DAGs
[2025-05-14T14:11:46.727-0400] {logging_mixin.py:190} INFO - [2025-05-14T14:11:46.727-0400] {dag.py:4180} INFO - Setting next_dagrun for tutorial_dag to None, run_after=None
[2025-05-14T14:11:46.740-0400] {processor.py:208} INFO - Processing /home/aangava/MSP/airflow_venv/lib/python3.12/site-packages/airflow/example_dags/tutorial_dag.py took 0.048 seconds
[2025-05-14T14:12:38.063-0400] {processor.py:186} INFO - Started process (PID=28385) to work on /home/aangava/MSP/airflow_venv/lib/python3.12/site-packages/airflow/example_dags/tutorial_dag.py
[2025-05-14T14:12:38.074-0400] {processor.py:914} INFO - Processing file /home/aangava/MSP/airflow_venv/lib/python3.12/site-packages/airflow/example_dags/tutorial_dag.py for tasks to queue
[2025-05-14T14:12:38.075-0400] {logging_mixin.py:190} INFO - [2025-05-14T14:12:38.075-0400] {dagbag.py:588} INFO - Filling up the DagBag from /home/aangava/MSP/airflow_venv/lib/python3.12/site-packages/airflow/example_dags/tutorial_dag.py
[2025-05-14T14:12:38.080-0400] {processor.py:925} INFO - DAG(s) 'tutorial_dag' retrieved from /home/aangava/MSP/airflow_venv/lib/python3.12/site-packages/airflow/example_dags/tutorial_dag.py
[2025-05-14T14:12:38.093-0400] {logging_mixin.py:190} INFO - [2025-05-14T14:12:38.093-0400] {dag.py:3239} INFO - Sync 1 DAGs
[2025-05-14T14:12:38.103-0400] {logging_mixin.py:190} INFO - [2025-05-14T14:12:38.103-0400] {dag.py:4180} INFO - Setting next_dagrun for tutorial_dag to None, run_after=None
[2025-05-14T14:12:38.121-0400] {processor.py:208} INFO - Processing /home/aangava/MSP/airflow_venv/lib/python3.12/site-packages/airflow/example_dags/tutorial_dag.py took 0.062 seconds
[2025-05-14T14:13:31.940-0400] {processor.py:186} INFO - Started process (PID=28613) to work on /home/aangava/MSP/airflow_venv/lib/python3.12/site-packages/airflow/example_dags/tutorial_dag.py
[2025-05-14T14:13:31.942-0400] {processor.py:914} INFO - Processing file /home/aangava/MSP/airflow_venv/lib/python3.12/site-packages/airflow/example_dags/tutorial_dag.py for tasks to queue
[2025-05-14T14:13:31.942-0400] {logging_mixin.py:190} INFO - [2025-05-14T14:13:31.942-0400] {dagbag.py:588} INFO - Filling up the DagBag from /home/aangava/MSP/airflow_venv/lib/python3.12/site-packages/airflow/example_dags/tutorial_dag.py
[2025-05-14T14:13:31.948-0400] {processor.py:925} INFO - DAG(s) 'tutorial_dag' retrieved from /home/aangava/MSP/airflow_venv/lib/python3.12/site-packages/airflow/example_dags/tutorial_dag.py
[2025-05-14T14:13:31.958-0400] {logging_mixin.py:190} INFO - [2025-05-14T14:13:31.958-0400] {dag.py:3239} INFO - Sync 1 DAGs
[2025-05-14T14:13:31.965-0400] {logging_mixin.py:190} INFO - [2025-05-14T14:13:31.965-0400] {dag.py:4180} INFO - Setting next_dagrun for tutorial_dag to None, run_after=None
[2025-05-14T14:13:31.978-0400] {processor.py:208} INFO - Processing /home/aangava/MSP/airflow_venv/lib/python3.12/site-packages/airflow/example_dags/tutorial_dag.py took 0.042 seconds
[2025-05-14T14:14:25.151-0400] {processor.py:186} INFO - Started process (PID=28828) to work on /home/aangava/MSP/airflow_venv/lib/python3.12/site-packages/airflow/example_dags/tutorial_dag.py
[2025-05-14T14:14:25.152-0400] {processor.py:914} INFO - Processing file /home/aangava/MSP/airflow_venv/lib/python3.12/site-packages/airflow/example_dags/tutorial_dag.py for tasks to queue
[2025-05-14T14:14:25.153-0400] {logging_mixin.py:190} INFO - [2025-05-14T14:14:25.153-0400] {dagbag.py:588} INFO - Filling up the DagBag from /home/aangava/MSP/airflow_venv/lib/python3.12/site-packages/airflow/example_dags/tutorial_dag.py
[2025-05-14T14:14:25.157-0400] {processor.py:925} INFO - DAG(s) 'tutorial_dag' retrieved from /home/aangava/MSP/airflow_venv/lib/python3.12/site-packages/airflow/example_dags/tutorial_dag.py
[2025-05-14T14:14:25.168-0400] {logging_mixin.py:190} INFO - [2025-05-14T14:14:25.167-0400] {dag.py:3239} INFO - Sync 1 DAGs
[2025-05-14T14:14:25.175-0400] {logging_mixin.py:190} INFO - [2025-05-14T14:14:25.175-0400] {dag.py:4180} INFO - Setting next_dagrun for tutorial_dag to None, run_after=None
[2025-05-14T14:14:25.190-0400] {processor.py:208} INFO - Processing /home/aangava/MSP/airflow_venv/lib/python3.12/site-packages/airflow/example_dags/tutorial_dag.py took 0.043 seconds
[2025-05-14T14:15:19.611-0400] {processor.py:186} INFO - Started process (PID=29047) to work on /home/aangava/MSP/airflow_venv/lib/python3.12/site-packages/airflow/example_dags/tutorial_dag.py
[2025-05-14T14:15:19.621-0400] {processor.py:914} INFO - Processing file /home/aangava/MSP/airflow_venv/lib/python3.12/site-packages/airflow/example_dags/tutorial_dag.py for tasks to queue
[2025-05-14T14:15:19.622-0400] {logging_mixin.py:190} INFO - [2025-05-14T14:15:19.622-0400] {dagbag.py:588} INFO - Filling up the DagBag from /home/aangava/MSP/airflow_venv/lib/python3.12/site-packages/airflow/example_dags/tutorial_dag.py
[2025-05-14T14:15:19.626-0400] {processor.py:925} INFO - DAG(s) 'tutorial_dag' retrieved from /home/aangava/MSP/airflow_venv/lib/python3.12/site-packages/airflow/example_dags/tutorial_dag.py
[2025-05-14T14:15:19.637-0400] {logging_mixin.py:190} INFO - [2025-05-14T14:15:19.637-0400] {dag.py:3239} INFO - Sync 1 DAGs
[2025-05-14T14:15:19.644-0400] {logging_mixin.py:190} INFO - [2025-05-14T14:15:19.644-0400] {dag.py:4180} INFO - Setting next_dagrun for tutorial_dag to None, run_after=None
[2025-05-14T14:15:19.656-0400] {processor.py:208} INFO - Processing /home/aangava/MSP/airflow_venv/lib/python3.12/site-packages/airflow/example_dags/tutorial_dag.py took 0.050 seconds
[2025-05-14T14:16:11.571-0400] {processor.py:186} INFO - Started process (PID=29252) to work on /home/aangava/MSP/airflow_venv/lib/python3.12/site-packages/airflow/example_dags/tutorial_dag.py
[2025-05-14T14:16:11.572-0400] {processor.py:914} INFO - Processing file /home/aangava/MSP/airflow_venv/lib/python3.12/site-packages/airflow/example_dags/tutorial_dag.py for tasks to queue
[2025-05-14T14:16:11.573-0400] {logging_mixin.py:190} INFO - [2025-05-14T14:16:11.573-0400] {dagbag.py:588} INFO - Filling up the DagBag from /home/aangava/MSP/airflow_venv/lib/python3.12/site-packages/airflow/example_dags/tutorial_dag.py
[2025-05-14T14:16:11.577-0400] {processor.py:925} INFO - DAG(s) 'tutorial_dag' retrieved from /home/aangava/MSP/airflow_venv/lib/python3.12/site-packages/airflow/example_dags/tutorial_dag.py
[2025-05-14T14:16:11.588-0400] {logging_mixin.py:190} INFO - [2025-05-14T14:16:11.588-0400] {dag.py:3239} INFO - Sync 1 DAGs
[2025-05-14T14:16:11.595-0400] {logging_mixin.py:190} INFO - [2025-05-14T14:16:11.595-0400] {dag.py:4180} INFO - Setting next_dagrun for tutorial_dag to None, run_after=None
[2025-05-14T14:16:11.608-0400] {processor.py:208} INFO - Processing /home/aangava/MSP/airflow_venv/lib/python3.12/site-packages/airflow/example_dags/tutorial_dag.py took 0.041 seconds
[2025-05-14T14:17:04.706-0400] {processor.py:186} INFO - Started process (PID=29473) to work on /home/aangava/MSP/airflow_venv/lib/python3.12/site-packages/airflow/example_dags/tutorial_dag.py
[2025-05-14T14:17:04.708-0400] {processor.py:914} INFO - Processing file /home/aangava/MSP/airflow_venv/lib/python3.12/site-packages/airflow/example_dags/tutorial_dag.py for tasks to queue
[2025-05-14T14:17:04.709-0400] {logging_mixin.py:190} INFO - [2025-05-14T14:17:04.708-0400] {dagbag.py:588} INFO - Filling up the DagBag from /home/aangava/MSP/airflow_venv/lib/python3.12/site-packages/airflow/example_dags/tutorial_dag.py
[2025-05-14T14:17:04.713-0400] {processor.py:925} INFO - DAG(s) 'tutorial_dag' retrieved from /home/aangava/MSP/airflow_venv/lib/python3.12/site-packages/airflow/example_dags/tutorial_dag.py
[2025-05-14T14:17:04.725-0400] {logging_mixin.py:190} INFO - [2025-05-14T14:17:04.725-0400] {dag.py:3239} INFO - Sync 1 DAGs
[2025-05-14T14:17:04.733-0400] {logging_mixin.py:190} INFO - [2025-05-14T14:17:04.733-0400] {dag.py:4180} INFO - Setting next_dagrun for tutorial_dag to None, run_after=None
[2025-05-14T14:17:04.746-0400] {processor.py:208} INFO - Processing /home/aangava/MSP/airflow_venv/lib/python3.12/site-packages/airflow/example_dags/tutorial_dag.py took 0.045 seconds
[2025-05-14T14:18:00.154-0400] {processor.py:186} INFO - Started process (PID=29694) to work on /home/aangava/MSP/airflow_venv/lib/python3.12/site-packages/airflow/example_dags/tutorial_dag.py
[2025-05-14T14:18:00.163-0400] {processor.py:914} INFO - Processing file /home/aangava/MSP/airflow_venv/lib/python3.12/site-packages/airflow/example_dags/tutorial_dag.py for tasks to queue
[2025-05-14T14:18:00.164-0400] {logging_mixin.py:190} INFO - [2025-05-14T14:18:00.164-0400] {dagbag.py:588} INFO - Filling up the DagBag from /home/aangava/MSP/airflow_venv/lib/python3.12/site-packages/airflow/example_dags/tutorial_dag.py
[2025-05-14T14:18:00.168-0400] {processor.py:925} INFO - DAG(s) 'tutorial_dag' retrieved from /home/aangava/MSP/airflow_venv/lib/python3.12/site-packages/airflow/example_dags/tutorial_dag.py
[2025-05-14T14:18:00.177-0400] {logging_mixin.py:190} INFO - [2025-05-14T14:18:00.177-0400] {dag.py:3239} INFO - Sync 1 DAGs
[2025-05-14T14:18:00.184-0400] {logging_mixin.py:190} INFO - [2025-05-14T14:18:00.184-0400] {dag.py:4180} INFO - Setting next_dagrun for tutorial_dag to None, run_after=None
[2025-05-14T14:18:00.198-0400] {processor.py:208} INFO - Processing /home/aangava/MSP/airflow_venv/lib/python3.12/site-packages/airflow/example_dags/tutorial_dag.py took 0.048 seconds
[2025-05-14T14:18:57.686-0400] {processor.py:186} INFO - Started process (PID=30017) to work on /home/aangava/MSP/airflow_venv/lib/python3.12/site-packages/airflow/example_dags/tutorial_dag.py
[2025-05-14T14:18:57.696-0400] {processor.py:914} INFO - Processing file /home/aangava/MSP/airflow_venv/lib/python3.12/site-packages/airflow/example_dags/tutorial_dag.py for tasks to queue
[2025-05-14T14:18:57.697-0400] {logging_mixin.py:190} INFO - [2025-05-14T14:18:57.697-0400] {dagbag.py:588} INFO - Filling up the DagBag from /home/aangava/MSP/airflow_venv/lib/python3.12/site-packages/airflow/example_dags/tutorial_dag.py
[2025-05-14T14:18:57.700-0400] {processor.py:925} INFO - DAG(s) 'tutorial_dag' retrieved from /home/aangava/MSP/airflow_venv/lib/python3.12/site-packages/airflow/example_dags/tutorial_dag.py
[2025-05-14T14:18:57.712-0400] {logging_mixin.py:190} INFO - [2025-05-14T14:18:57.712-0400] {dag.py:3239} INFO - Sync 1 DAGs
[2025-05-14T14:18:57.718-0400] {logging_mixin.py:190} INFO - [2025-05-14T14:18:57.718-0400] {dag.py:4180} INFO - Setting next_dagrun for tutorial_dag to None, run_after=None
[2025-05-14T14:18:57.730-0400] {processor.py:208} INFO - Processing /home/aangava/MSP/airflow_venv/lib/python3.12/site-packages/airflow/example_dags/tutorial_dag.py took 0.048 seconds
[2025-05-14T14:19:50.666-0400] {processor.py:186} INFO - Started process (PID=30280) to work on /home/aangava/MSP/airflow_venv/lib/python3.12/site-packages/airflow/example_dags/tutorial_dag.py
[2025-05-14T14:19:50.667-0400] {processor.py:914} INFO - Processing file /home/aangava/MSP/airflow_venv/lib/python3.12/site-packages/airflow/example_dags/tutorial_dag.py for tasks to queue
[2025-05-14T14:19:50.667-0400] {logging_mixin.py:190} INFO - [2025-05-14T14:19:50.667-0400] {dagbag.py:588} INFO - Filling up the DagBag from /home/aangava/MSP/airflow_venv/lib/python3.12/site-packages/airflow/example_dags/tutorial_dag.py
[2025-05-14T14:19:50.671-0400] {processor.py:925} INFO - DAG(s) 'tutorial_dag' retrieved from /home/aangava/MSP/airflow_venv/lib/python3.12/site-packages/airflow/example_dags/tutorial_dag.py
[2025-05-14T14:19:50.681-0400] {logging_mixin.py:190} INFO - [2025-05-14T14:19:50.681-0400] {dag.py:3239} INFO - Sync 1 DAGs
[2025-05-14T14:19:50.688-0400] {logging_mixin.py:190} INFO - [2025-05-14T14:19:50.688-0400] {dag.py:4180} INFO - Setting next_dagrun for tutorial_dag to None, run_after=None
[2025-05-14T14:19:50.700-0400] {processor.py:208} INFO - Processing /home/aangava/MSP/airflow_venv/lib/python3.12/site-packages/airflow/example_dags/tutorial_dag.py took 0.038 seconds
[2025-05-14T14:20:47.953-0400] {processor.py:186} INFO - Started process (PID=30569) to work on /home/aangava/MSP/airflow_venv/lib/python3.12/site-packages/airflow/example_dags/tutorial_dag.py
[2025-05-14T14:20:47.954-0400] {processor.py:914} INFO - Processing file /home/aangava/MSP/airflow_venv/lib/python3.12/site-packages/airflow/example_dags/tutorial_dag.py for tasks to queue
[2025-05-14T14:20:47.955-0400] {logging_mixin.py:190} INFO - [2025-05-14T14:20:47.954-0400] {dagbag.py:588} INFO - Filling up the DagBag from /home/aangava/MSP/airflow_venv/lib/python3.12/site-packages/airflow/example_dags/tutorial_dag.py
[2025-05-14T14:20:47.958-0400] {processor.py:925} INFO - DAG(s) 'tutorial_dag' retrieved from /home/aangava/MSP/airflow_venv/lib/python3.12/site-packages/airflow/example_dags/tutorial_dag.py
[2025-05-14T14:20:47.968-0400] {logging_mixin.py:190} INFO - [2025-05-14T14:20:47.968-0400] {dag.py:3239} INFO - Sync 1 DAGs
[2025-05-14T14:20:48.082-0400] {logging_mixin.py:190} INFO - [2025-05-14T14:20:48.082-0400] {dag.py:4180} INFO - Setting next_dagrun for tutorial_dag to None, run_after=None
[2025-05-14T14:20:48.096-0400] {processor.py:208} INFO - Processing /home/aangava/MSP/airflow_venv/lib/python3.12/site-packages/airflow/example_dags/tutorial_dag.py took 0.147 seconds
[2025-05-14T14:21:53.567-0400] {processor.py:186} INFO - Started process (PID=31008) to work on /home/aangava/MSP/airflow_venv/lib/python3.12/site-packages/airflow/example_dags/tutorial_dag.py
[2025-05-14T14:21:53.569-0400] {processor.py:914} INFO - Processing file /home/aangava/MSP/airflow_venv/lib/python3.12/site-packages/airflow/example_dags/tutorial_dag.py for tasks to queue
[2025-05-14T14:21:53.570-0400] {logging_mixin.py:190} INFO - [2025-05-14T14:21:53.570-0400] {dagbag.py:588} INFO - Filling up the DagBag from /home/aangava/MSP/airflow_venv/lib/python3.12/site-packages/airflow/example_dags/tutorial_dag.py
[2025-05-14T14:21:53.574-0400] {processor.py:925} INFO - DAG(s) 'tutorial_dag' retrieved from /home/aangava/MSP/airflow_venv/lib/python3.12/site-packages/airflow/example_dags/tutorial_dag.py
[2025-05-14T14:21:53.584-0400] {logging_mixin.py:190} INFO - [2025-05-14T14:21:53.584-0400] {dag.py:3239} INFO - Sync 1 DAGs
[2025-05-14T14:21:53.591-0400] {logging_mixin.py:190} INFO - [2025-05-14T14:21:53.590-0400] {dag.py:4180} INFO - Setting next_dagrun for tutorial_dag to None, run_after=None
[2025-05-14T14:21:53.603-0400] {processor.py:208} INFO - Processing /home/aangava/MSP/airflow_venv/lib/python3.12/site-packages/airflow/example_dags/tutorial_dag.py took 0.040 seconds
[2025-05-14T14:22:49.044-0400] {processor.py:186} INFO - Started process (PID=31230) to work on /home/aangava/MSP/airflow_venv/lib/python3.12/site-packages/airflow/example_dags/tutorial_dag.py
[2025-05-14T14:22:49.054-0400] {processor.py:914} INFO - Processing file /home/aangava/MSP/airflow_venv/lib/python3.12/site-packages/airflow/example_dags/tutorial_dag.py for tasks to queue
[2025-05-14T14:22:49.055-0400] {logging_mixin.py:190} INFO - [2025-05-14T14:22:49.054-0400] {dagbag.py:588} INFO - Filling up the DagBag from /home/aangava/MSP/airflow_venv/lib/python3.12/site-packages/airflow/example_dags/tutorial_dag.py
[2025-05-14T14:22:49.059-0400] {processor.py:925} INFO - DAG(s) 'tutorial_dag' retrieved from /home/aangava/MSP/airflow_venv/lib/python3.12/site-packages/airflow/example_dags/tutorial_dag.py
[2025-05-14T14:22:49.071-0400] {logging_mixin.py:190} INFO - [2025-05-14T14:22:49.071-0400] {dag.py:3239} INFO - Sync 1 DAGs
[2025-05-14T14:22:49.078-0400] {logging_mixin.py:190} INFO - [2025-05-14T14:22:49.078-0400] {dag.py:4180} INFO - Setting next_dagrun for tutorial_dag to None, run_after=None
[2025-05-14T14:22:49.091-0400] {processor.py:208} INFO - Processing /home/aangava/MSP/airflow_venv/lib/python3.12/site-packages/airflow/example_dags/tutorial_dag.py took 0.052 seconds
[2025-05-14T14:23:42.504-0400] {processor.py:186} INFO - Started process (PID=31500) to work on /home/aangava/MSP/airflow_venv/lib/python3.12/site-packages/airflow/example_dags/tutorial_dag.py
[2025-05-14T14:23:42.514-0400] {processor.py:914} INFO - Processing file /home/aangava/MSP/airflow_venv/lib/python3.12/site-packages/airflow/example_dags/tutorial_dag.py for tasks to queue
[2025-05-14T14:23:42.516-0400] {logging_mixin.py:190} INFO - [2025-05-14T14:23:42.515-0400] {dagbag.py:588} INFO - Filling up the DagBag from /home/aangava/MSP/airflow_venv/lib/python3.12/site-packages/airflow/example_dags/tutorial_dag.py
[2025-05-14T14:23:42.519-0400] {processor.py:925} INFO - DAG(s) 'tutorial_dag' retrieved from /home/aangava/MSP/airflow_venv/lib/python3.12/site-packages/airflow/example_dags/tutorial_dag.py
[2025-05-14T14:23:42.530-0400] {logging_mixin.py:190} INFO - [2025-05-14T14:23:42.530-0400] {dag.py:3239} INFO - Sync 1 DAGs
[2025-05-14T14:23:42.537-0400] {logging_mixin.py:190} INFO - [2025-05-14T14:23:42.537-0400] {dag.py:4180} INFO - Setting next_dagrun for tutorial_dag to None, run_after=None
[2025-05-14T14:23:42.550-0400] {processor.py:208} INFO - Processing /home/aangava/MSP/airflow_venv/lib/python3.12/site-packages/airflow/example_dags/tutorial_dag.py took 0.050 seconds
[2025-05-14T14:24:35.041-0400] {processor.py:186} INFO - Started process (PID=31864) to work on /home/aangava/MSP/airflow_venv/lib/python3.12/site-packages/airflow/example_dags/tutorial_dag.py
[2025-05-14T14:24:35.042-0400] {processor.py:914} INFO - Processing file /home/aangava/MSP/airflow_venv/lib/python3.12/site-packages/airflow/example_dags/tutorial_dag.py for tasks to queue
[2025-05-14T14:24:35.043-0400] {logging_mixin.py:190} INFO - [2025-05-14T14:24:35.043-0400] {dagbag.py:588} INFO - Filling up the DagBag from /home/aangava/MSP/airflow_venv/lib/python3.12/site-packages/airflow/example_dags/tutorial_dag.py
[2025-05-14T14:24:35.048-0400] {processor.py:925} INFO - DAG(s) 'tutorial_dag' retrieved from /home/aangava/MSP/airflow_venv/lib/python3.12/site-packages/airflow/example_dags/tutorial_dag.py
[2025-05-14T14:24:35.060-0400] {logging_mixin.py:190} INFO - [2025-05-14T14:24:35.059-0400] {dag.py:3239} INFO - Sync 1 DAGs
[2025-05-14T14:24:35.068-0400] {logging_mixin.py:190} INFO - [2025-05-14T14:24:35.068-0400] {dag.py:4180} INFO - Setting next_dagrun for tutorial_dag to None, run_after=None
[2025-05-14T14:24:35.083-0400] {processor.py:208} INFO - Processing /home/aangava/MSP/airflow_venv/lib/python3.12/site-packages/airflow/example_dags/tutorial_dag.py took 0.046 seconds
