[2025-05-14T13:09:43.986-0400] {local_task_job_runner.py:123} INFO - ::group::Pre task execution logs
[2025-05-14T13:09:43.993-0400] {taskinstance.py:2614} INFO - Dependencies all met for dep_context=non-requeueable deps ti=<TaskInstance: spotify_pipeline.extract_spotify_data manual__2025-05-14T17:09:41.574702+00:00 [queued]>
[2025-05-14T13:09:43.996-0400] {taskinstance.py:2614} INFO - Dependencies all met for dep_context=requeueable deps ti=<TaskInstance: spotify_pipeline.extract_spotify_data manual__2025-05-14T17:09:41.574702+00:00 [queued]>
[2025-05-14T13:09:43.997-0400] {taskinstance.py:2867} INFO - Starting attempt 1 of 2
[2025-05-14T13:09:44.005-0400] {taskinstance.py:2890} INFO - Executing <Task(PythonOperator): extract_spotify_data> on 2025-05-14 17:09:41.574702+00:00
[2025-05-14T13:09:44.013-0400] {standard_task_runner.py:104} INFO - Running: ['airflow', 'tasks', 'run', 'spotify_pipeline', 'extract_spotify_data', 'manual__2025-05-14T17:09:41.574702+00:00', '--job-id', '33', '--raw', '--subdir', 'DAGS_FOLDER/spotify_pipeline.py', '--cfg-path', '/tmp/tmp3roube39']
[2025-05-14T13:09:44.015-0400] {standard_task_runner.py:105} INFO - Job 33: Subtask extract_spotify_data
[2025-05-14T13:09:44.016-0400] {logging_mixin.py:190} WARNING - /home/aangava/MSP/airflow_venv/lib/python3.12/site-packages/airflow/task/task_runner/standard_task_runner.py:70 DeprecationWarning: This process (pid=7104) is multi-threaded, use of fork() may lead to deadlocks in the child.
[2025-05-14T13:09:44.017-0400] {standard_task_runner.py:72} INFO - Started process 7132 to run task
[2025-05-14T13:09:44.055-0400] {task_command.py:467} INFO - Running <TaskInstance: spotify_pipeline.extract_spotify_data manual__2025-05-14T17:09:41.574702+00:00 [running]> on host BOOK-NSV5SP728N.
[2025-05-14T13:09:44.102-0400] {taskinstance.py:3134} INFO - Exporting env vars: AIRFLOW_CTX_DAG_OWNER='aanga' AIRFLOW_CTX_DAG_ID='spotify_pipeline' AIRFLOW_CTX_TASK_ID='extract_spotify_data' AIRFLOW_CTX_EXECUTION_DATE='2025-05-14T17:09:41.574702+00:00' AIRFLOW_CTX_TRY_NUMBER='1' AIRFLOW_CTX_DAG_RUN_ID='manual__2025-05-14T17:09:41.574702+00:00'
[2025-05-14T13:09:44.103-0400] {logging_mixin.py:190} INFO - Task instance is in running state
[2025-05-14T13:09:44.104-0400] {logging_mixin.py:190} INFO -  Previous state of the Task instance: queued
[2025-05-14T13:09:44.104-0400] {logging_mixin.py:190} INFO - Current task name:extract_spotify_data state:running start_date:2025-05-14 17:09:43.993773+00:00
[2025-05-14T13:09:44.104-0400] {logging_mixin.py:190} INFO - Dag name:spotify_pipeline and current dag run status:running
[2025-05-14T13:09:44.104-0400] {taskinstance.py:732} INFO - ::endgroup::
[2025-05-14T13:09:45.662-0400] {logging_mixin.py:190} INFO - Artist Streams DataFrame:
[2025-05-14T13:09:45.682-0400] {logging_mixin.py:190} INFO -                 artist_id artist_name          track_name  popularity                          album  followers     genres extraction_date
0  5Z71xE9prhpHrqL5thVMyK     tripleS     Girls Never Die          68                   <ASSEMBLE24>     580370  ["k-pop"]      2025-05-14
1  5Z71xE9prhpHrqL5thVMyK     tripleS          Generation          60  Acid Angel from Asia <ACCESS>     580370  ["k-pop"]      2025-05-14
2  5Z71xE9prhpHrqL5thVMyK     tripleS              Rising          59                       ASSEMBLE     580370  ["k-pop"]      2025-05-14
3  5Z71xE9prhpHrqL5thVMyK     tripleS   Girls' Capitalism          57                 LOVElution <ↀ>     580370  ["k-pop"]      2025-05-14
4  5Z71xE9prhpHrqL5thVMyK     tripleS  깨어 (Are You Alive)          55                   <ASSEMBLE25>     580370  ["k-pop"]      2025-05-14
[2025-05-14T13:09:47.611-0400] {logging_mixin.py:190} INFO - Playlists DataFrame:
[2025-05-14T13:09:47.617-0400] {logging_mixin.py:190} INFO -               playlist_id              playlist_name                      owner_id  followers  total_tracks extraction_date
0  7vhaamErffNetyvUgueBs3     Jimin Painkillers 2025  316ehswh4ltlx4zkzncp7mnelpei          1            64      2025-05-14
1  2wazkzhuzpipWcVKjOa7Vg  Jimin Spring 2025 Bangers  316ehswh4ltlx4zkzncp7mnelpei          2            56      2025-05-14
[2025-05-14T13:09:47.618-0400] {logging_mixin.py:190} INFO - Playlists Tracks Streams DataFrame:
[2025-05-14T13:09:47.627-0400] {logging_mixin.py:190} INFO -               playlist_id                track_id                                 track_name  ...                                      album  duration_ms extraction_date
0  7vhaamErffNetyvUgueBs3  3fqwjXwUGN6vbzIwvyFMhx                          Tennessee Whiskey  ...                                  Traveller       293293      2025-05-14
1  7vhaamErffNetyvUgueBs3  7HRW1XRyOITRJWrygoKL9u                      Different 'Round Here  ...                        Ain't My Last Rodeo       176000      2025-05-14
2  7vhaamErffNetyvUgueBs3  7GqNLsydHDulc4ifcS4Qqb  You Had To Be There (feat. Kenny Chesney)  ...  You Had To Be There (feat. Kenny Chesney)       220157      2025-05-14
3  7vhaamErffNetyvUgueBs3  2rxQMGVafnNaRaXlRMWPde                            Beautiful Crazy  ...    This One's for You Too (Deluxe Edition)       193200      2025-05-14
4  7vhaamErffNetyvUgueBs3  5crxqqibcvoOQQgg4HjAFQ            Guy For That (Feat. Luke Combs)  ...                               Guy For That       164011      2025-05-14

[5 rows x 8 columns]
[2025-05-14T13:09:47.627-0400] {python.py:240} INFO - Done. Returned value was: None
[2025-05-14T13:09:47.631-0400] {taskinstance.py:341} INFO - ::group::Post task execution logs
[2025-05-14T13:09:47.632-0400] {taskinstance.py:353} INFO - Marking task as SUCCESS. dag_id=spotify_pipeline, task_id=extract_spotify_data, run_id=manual__2025-05-14T17:09:41.574702+00:00, execution_date=20250514T170941, start_date=20250514T170943, end_date=20250514T170947
[2025-05-14T13:09:47.651-0400] {logging_mixin.py:190} INFO - Task instance in success state
[2025-05-14T13:09:47.651-0400] {logging_mixin.py:190} INFO -  Previous state of the Task instance: running
[2025-05-14T13:09:47.651-0400] {logging_mixin.py:190} INFO - Dag name:spotify_pipeline queued_at:2025-05-14 17:09:41.593097+00:00
[2025-05-14T13:09:47.651-0400] {logging_mixin.py:190} INFO - Task hostname:BOOK-NSV5SP728N. operator:PythonOperator
[2025-05-14T13:09:47.658-0400] {local_task_job_runner.py:266} INFO - Task exited with return code 0
[2025-05-14T13:09:47.681-0400] {taskinstance.py:3901} INFO - 1 downstream tasks scheduled from follow-on schedule check
[2025-05-14T13:09:47.687-0400] {local_task_job_runner.py:245} INFO - ::endgroup::
