[2025-04-28T10:35:45.018-0400] {processor.py:186} INFO - Started process (PID=5853) to work on /home/aangava/MSP/airflow_venv/lib/python3.12/site-packages/airflow/example_dags/plugins/event_listener.py
[2025-04-28T10:35:45.019-0400] {processor.py:914} INFO - Processing file /home/aangava/MSP/airflow_venv/lib/python3.12/site-packages/airflow/example_dags/plugins/event_listener.py for tasks to queue
[2025-04-28T10:35:45.021-0400] {logging_mixin.py:190} INFO - [2025-04-28T10:35:45.021-0400] {dagbag.py:588} INFO - Filling up the DagBag from /home/aangava/MSP/airflow_venv/lib/python3.12/site-packages/airflow/example_dags/plugins/event_listener.py
[2025-04-28T10:35:45.025-0400] {processor.py:927} WARNING - No viable dags retrieved from /home/aangava/MSP/airflow_venv/lib/python3.12/site-packages/airflow/example_dags/plugins/event_listener.py
[2025-04-28T10:35:45.042-0400] {processor.py:208} INFO - Processing /home/aangava/MSP/airflow_venv/lib/python3.12/site-packages/airflow/example_dags/plugins/event_listener.py took 0.033 seconds
[2025-04-28T10:36:47.379-0400] {processor.py:186} INFO - Started process (PID=6354) to work on /home/aangava/MSP/airflow_venv/lib/python3.12/site-packages/airflow/example_dags/plugins/event_listener.py
[2025-04-28T10:36:47.380-0400] {processor.py:914} INFO - Processing file /home/aangava/MSP/airflow_venv/lib/python3.12/site-packages/airflow/example_dags/plugins/event_listener.py for tasks to queue
[2025-04-28T10:36:47.383-0400] {logging_mixin.py:190} INFO - [2025-04-28T10:36:47.382-0400] {dagbag.py:588} INFO - Filling up the DagBag from /home/aangava/MSP/airflow_venv/lib/python3.12/site-packages/airflow/example_dags/plugins/event_listener.py
[2025-04-28T10:36:47.386-0400] {processor.py:927} WARNING - No viable dags retrieved from /home/aangava/MSP/airflow_venv/lib/python3.12/site-packages/airflow/example_dags/plugins/event_listener.py
[2025-04-28T10:36:47.401-0400] {processor.py:208} INFO - Processing /home/aangava/MSP/airflow_venv/lib/python3.12/site-packages/airflow/example_dags/plugins/event_listener.py took 0.028 seconds
[2025-04-28T10:44:06.627-0400] {processor.py:186} INFO - Started process (PID=9084) to work on /home/aangava/MSP/airflow_venv/lib/python3.12/site-packages/airflow/example_dags/plugins/event_listener.py
[2025-04-28T10:44:06.638-0400] {processor.py:914} INFO - Processing file /home/aangava/MSP/airflow_venv/lib/python3.12/site-packages/airflow/example_dags/plugins/event_listener.py for tasks to queue
[2025-04-28T10:44:06.640-0400] {logging_mixin.py:190} INFO - [2025-04-28T10:44:06.640-0400] {dagbag.py:588} INFO - Filling up the DagBag from /home/aangava/MSP/airflow_venv/lib/python3.12/site-packages/airflow/example_dags/plugins/event_listener.py
[2025-04-28T10:44:06.643-0400] {processor.py:927} WARNING - No viable dags retrieved from /home/aangava/MSP/airflow_venv/lib/python3.12/site-packages/airflow/example_dags/plugins/event_listener.py
[2025-04-28T10:44:06.658-0400] {processor.py:208} INFO - Processing /home/aangava/MSP/airflow_venv/lib/python3.12/site-packages/airflow/example_dags/plugins/event_listener.py took 0.036 seconds
[2025-04-28T10:45:31.141-0400] {processor.py:186} INFO - Started process (PID=9599) to work on /home/aangava/MSP/airflow_venv/lib/python3.12/site-packages/airflow/example_dags/plugins/event_listener.py
[2025-04-28T10:45:31.145-0400] {processor.py:914} INFO - Processing file /home/aangava/MSP/airflow_venv/lib/python3.12/site-packages/airflow/example_dags/plugins/event_listener.py for tasks to queue
[2025-04-28T10:45:31.149-0400] {logging_mixin.py:190} INFO - [2025-04-28T10:45:31.148-0400] {dagbag.py:588} INFO - Filling up the DagBag from /home/aangava/MSP/airflow_venv/lib/python3.12/site-packages/airflow/example_dags/plugins/event_listener.py
[2025-04-28T10:45:31.151-0400] {processor.py:927} WARNING - No viable dags retrieved from /home/aangava/MSP/airflow_venv/lib/python3.12/site-packages/airflow/example_dags/plugins/event_listener.py
[2025-04-28T10:45:31.166-0400] {processor.py:208} INFO - Processing /home/aangava/MSP/airflow_venv/lib/python3.12/site-packages/airflow/example_dags/plugins/event_listener.py took 0.031 seconds
[2025-04-28T10:46:28.490-0400] {processor.py:186} INFO - Started process (PID=9831) to work on /home/aangava/MSP/airflow_venv/lib/python3.12/site-packages/airflow/example_dags/plugins/event_listener.py
[2025-04-28T10:46:28.499-0400] {processor.py:914} INFO - Processing file /home/aangava/MSP/airflow_venv/lib/python3.12/site-packages/airflow/example_dags/plugins/event_listener.py for tasks to queue
[2025-04-28T10:46:28.500-0400] {logging_mixin.py:190} INFO - [2025-04-28T10:46:28.500-0400] {dagbag.py:588} INFO - Filling up the DagBag from /home/aangava/MSP/airflow_venv/lib/python3.12/site-packages/airflow/example_dags/plugins/event_listener.py
[2025-04-28T10:46:28.502-0400] {processor.py:927} WARNING - No viable dags retrieved from /home/aangava/MSP/airflow_venv/lib/python3.12/site-packages/airflow/example_dags/plugins/event_listener.py
[2025-04-28T10:46:28.512-0400] {processor.py:208} INFO - Processing /home/aangava/MSP/airflow_venv/lib/python3.12/site-packages/airflow/example_dags/plugins/event_listener.py took 0.027 seconds
[2025-04-28T10:47:53.761-0400] {processor.py:186} INFO - Started process (PID=10229) to work on /home/aangava/MSP/airflow_venv/lib/python3.12/site-packages/airflow/example_dags/plugins/event_listener.py
[2025-04-28T10:47:53.772-0400] {processor.py:914} INFO - Processing file /home/aangava/MSP/airflow_venv/lib/python3.12/site-packages/airflow/example_dags/plugins/event_listener.py for tasks to queue
[2025-04-28T10:47:53.774-0400] {logging_mixin.py:190} INFO - [2025-04-28T10:47:53.774-0400] {dagbag.py:588} INFO - Filling up the DagBag from /home/aangava/MSP/airflow_venv/lib/python3.12/site-packages/airflow/example_dags/plugins/event_listener.py
[2025-04-28T10:47:53.777-0400] {processor.py:927} WARNING - No viable dags retrieved from /home/aangava/MSP/airflow_venv/lib/python3.12/site-packages/airflow/example_dags/plugins/event_listener.py
[2025-04-28T10:47:53.787-0400] {processor.py:208} INFO - Processing /home/aangava/MSP/airflow_venv/lib/python3.12/site-packages/airflow/example_dags/plugins/event_listener.py took 0.032 seconds
[2025-04-28T10:48:52.311-0400] {processor.py:186} INFO - Started process (PID=10631) to work on /home/aangava/MSP/airflow_venv/lib/python3.12/site-packages/airflow/example_dags/plugins/event_listener.py
[2025-04-28T10:48:52.321-0400] {processor.py:914} INFO - Processing file /home/aangava/MSP/airflow_venv/lib/python3.12/site-packages/airflow/example_dags/plugins/event_listener.py for tasks to queue
[2025-04-28T10:48:52.324-0400] {logging_mixin.py:190} INFO - [2025-04-28T10:48:52.324-0400] {dagbag.py:588} INFO - Filling up the DagBag from /home/aangava/MSP/airflow_venv/lib/python3.12/site-packages/airflow/example_dags/plugins/event_listener.py
[2025-04-28T10:48:52.327-0400] {processor.py:927} WARNING - No viable dags retrieved from /home/aangava/MSP/airflow_venv/lib/python3.12/site-packages/airflow/example_dags/plugins/event_listener.py
[2025-04-28T10:48:52.342-0400] {processor.py:208} INFO - Processing /home/aangava/MSP/airflow_venv/lib/python3.12/site-packages/airflow/example_dags/plugins/event_listener.py took 0.037 seconds
[2025-04-28T10:50:16.226-0400] {processor.py:186} INFO - Started process (PID=11125) to work on /home/aangava/MSP/airflow_venv/lib/python3.12/site-packages/airflow/example_dags/plugins/event_listener.py
[2025-04-28T10:50:16.236-0400] {processor.py:914} INFO - Processing file /home/aangava/MSP/airflow_venv/lib/python3.12/site-packages/airflow/example_dags/plugins/event_listener.py for tasks to queue
[2025-04-28T10:50:16.238-0400] {logging_mixin.py:190} INFO - [2025-04-28T10:50:16.237-0400] {dagbag.py:588} INFO - Filling up the DagBag from /home/aangava/MSP/airflow_venv/lib/python3.12/site-packages/airflow/example_dags/plugins/event_listener.py
[2025-04-28T10:50:16.241-0400] {processor.py:927} WARNING - No viable dags retrieved from /home/aangava/MSP/airflow_venv/lib/python3.12/site-packages/airflow/example_dags/plugins/event_listener.py
[2025-04-28T10:50:16.255-0400] {processor.py:208} INFO - Processing /home/aangava/MSP/airflow_venv/lib/python3.12/site-packages/airflow/example_dags/plugins/event_listener.py took 0.034 seconds
[2025-04-28T10:51:20.958-0400] {processor.py:186} INFO - Started process (PID=11541) to work on /home/aangava/MSP/airflow_venv/lib/python3.12/site-packages/airflow/example_dags/plugins/event_listener.py
[2025-04-28T10:51:20.969-0400] {processor.py:914} INFO - Processing file /home/aangava/MSP/airflow_venv/lib/python3.12/site-packages/airflow/example_dags/plugins/event_listener.py for tasks to queue
[2025-04-28T10:51:20.973-0400] {logging_mixin.py:190} INFO - [2025-04-28T10:51:20.972-0400] {dagbag.py:588} INFO - Filling up the DagBag from /home/aangava/MSP/airflow_venv/lib/python3.12/site-packages/airflow/example_dags/plugins/event_listener.py
[2025-04-28T10:51:20.977-0400] {processor.py:927} WARNING - No viable dags retrieved from /home/aangava/MSP/airflow_venv/lib/python3.12/site-packages/airflow/example_dags/plugins/event_listener.py
[2025-04-28T10:51:20.993-0400] {processor.py:208} INFO - Processing /home/aangava/MSP/airflow_venv/lib/python3.12/site-packages/airflow/example_dags/plugins/event_listener.py took 0.043 seconds
[2025-04-28T10:52:23.373-0400] {processor.py:186} INFO - Started process (PID=11940) to work on /home/aangava/MSP/airflow_venv/lib/python3.12/site-packages/airflow/example_dags/plugins/event_listener.py
[2025-04-28T10:52:23.386-0400] {processor.py:914} INFO - Processing file /home/aangava/MSP/airflow_venv/lib/python3.12/site-packages/airflow/example_dags/plugins/event_listener.py for tasks to queue
[2025-04-28T10:52:23.390-0400] {logging_mixin.py:190} INFO - [2025-04-28T10:52:23.389-0400] {dagbag.py:588} INFO - Filling up the DagBag from /home/aangava/MSP/airflow_venv/lib/python3.12/site-packages/airflow/example_dags/plugins/event_listener.py
[2025-04-28T10:52:23.393-0400] {processor.py:927} WARNING - No viable dags retrieved from /home/aangava/MSP/airflow_venv/lib/python3.12/site-packages/airflow/example_dags/plugins/event_listener.py
[2025-04-28T10:52:23.406-0400] {processor.py:208} INFO - Processing /home/aangava/MSP/airflow_venv/lib/python3.12/site-packages/airflow/example_dags/plugins/event_listener.py took 0.048 seconds
[2025-04-28T10:53:19.361-0400] {processor.py:186} INFO - Started process (PID=12272) to work on /home/aangava/MSP/airflow_venv/lib/python3.12/site-packages/airflow/example_dags/plugins/event_listener.py
[2025-04-28T10:53:19.363-0400] {processor.py:914} INFO - Processing file /home/aangava/MSP/airflow_venv/lib/python3.12/site-packages/airflow/example_dags/plugins/event_listener.py for tasks to queue
[2025-04-28T10:53:19.365-0400] {logging_mixin.py:190} INFO - [2025-04-28T10:53:19.364-0400] {dagbag.py:588} INFO - Filling up the DagBag from /home/aangava/MSP/airflow_venv/lib/python3.12/site-packages/airflow/example_dags/plugins/event_listener.py
[2025-04-28T10:53:19.366-0400] {processor.py:927} WARNING - No viable dags retrieved from /home/aangava/MSP/airflow_venv/lib/python3.12/site-packages/airflow/example_dags/plugins/event_listener.py
[2025-04-28T10:53:19.375-0400] {processor.py:208} INFO - Processing /home/aangava/MSP/airflow_venv/lib/python3.12/site-packages/airflow/example_dags/plugins/event_listener.py took 0.018 seconds
[2025-04-28T10:54:50.279-0400] {processor.py:186} INFO - Started process (PID=12655) to work on /home/aangava/MSP/airflow_venv/lib/python3.12/site-packages/airflow/example_dags/plugins/event_listener.py
[2025-04-28T10:54:50.288-0400] {processor.py:914} INFO - Processing file /home/aangava/MSP/airflow_venv/lib/python3.12/site-packages/airflow/example_dags/plugins/event_listener.py for tasks to queue
[2025-04-28T10:54:50.289-0400] {logging_mixin.py:190} INFO - [2025-04-28T10:54:50.289-0400] {dagbag.py:588} INFO - Filling up the DagBag from /home/aangava/MSP/airflow_venv/lib/python3.12/site-packages/airflow/example_dags/plugins/event_listener.py
[2025-04-28T10:54:50.292-0400] {processor.py:927} WARNING - No viable dags retrieved from /home/aangava/MSP/airflow_venv/lib/python3.12/site-packages/airflow/example_dags/plugins/event_listener.py
[2025-04-28T10:54:50.304-0400] {processor.py:208} INFO - Processing /home/aangava/MSP/airflow_venv/lib/python3.12/site-packages/airflow/example_dags/plugins/event_listener.py took 0.032 seconds
[2025-04-28T10:55:51.138-0400] {processor.py:186} INFO - Started process (PID=12918) to work on /home/aangava/MSP/airflow_venv/lib/python3.12/site-packages/airflow/example_dags/plugins/event_listener.py
[2025-04-28T10:55:51.140-0400] {processor.py:914} INFO - Processing file /home/aangava/MSP/airflow_venv/lib/python3.12/site-packages/airflow/example_dags/plugins/event_listener.py for tasks to queue
[2025-04-28T10:55:51.141-0400] {logging_mixin.py:190} INFO - [2025-04-28T10:55:51.141-0400] {dagbag.py:588} INFO - Filling up the DagBag from /home/aangava/MSP/airflow_venv/lib/python3.12/site-packages/airflow/example_dags/plugins/event_listener.py
[2025-04-28T10:55:51.143-0400] {processor.py:927} WARNING - No viable dags retrieved from /home/aangava/MSP/airflow_venv/lib/python3.12/site-packages/airflow/example_dags/plugins/event_listener.py
[2025-04-28T10:55:51.150-0400] {processor.py:208} INFO - Processing /home/aangava/MSP/airflow_venv/lib/python3.12/site-packages/airflow/example_dags/plugins/event_listener.py took 0.016 seconds
[2025-04-28T10:56:51.725-0400] {processor.py:186} INFO - Started process (PID=13186) to work on /home/aangava/MSP/airflow_venv/lib/python3.12/site-packages/airflow/example_dags/plugins/event_listener.py
[2025-04-28T10:56:51.737-0400] {processor.py:914} INFO - Processing file /home/aangava/MSP/airflow_venv/lib/python3.12/site-packages/airflow/example_dags/plugins/event_listener.py for tasks to queue
[2025-04-28T10:56:51.740-0400] {logging_mixin.py:190} INFO - [2025-04-28T10:56:51.739-0400] {dagbag.py:588} INFO - Filling up the DagBag from /home/aangava/MSP/airflow_venv/lib/python3.12/site-packages/airflow/example_dags/plugins/event_listener.py
[2025-04-28T10:56:51.745-0400] {processor.py:927} WARNING - No viable dags retrieved from /home/aangava/MSP/airflow_venv/lib/python3.12/site-packages/airflow/example_dags/plugins/event_listener.py
[2025-04-28T10:56:51.762-0400] {processor.py:208} INFO - Processing /home/aangava/MSP/airflow_venv/lib/python3.12/site-packages/airflow/example_dags/plugins/event_listener.py took 0.045 seconds
[2025-04-28T10:58:09.621-0400] {processor.py:186} INFO - Started process (PID=13689) to work on /home/aangava/MSP/airflow_venv/lib/python3.12/site-packages/airflow/example_dags/plugins/event_listener.py
[2025-04-28T10:58:09.632-0400] {processor.py:914} INFO - Processing file /home/aangava/MSP/airflow_venv/lib/python3.12/site-packages/airflow/example_dags/plugins/event_listener.py for tasks to queue
[2025-04-28T10:58:09.635-0400] {logging_mixin.py:190} INFO - [2025-04-28T10:58:09.634-0400] {dagbag.py:588} INFO - Filling up the DagBag from /home/aangava/MSP/airflow_venv/lib/python3.12/site-packages/airflow/example_dags/plugins/event_listener.py
[2025-04-28T10:58:09.638-0400] {processor.py:927} WARNING - No viable dags retrieved from /home/aangava/MSP/airflow_venv/lib/python3.12/site-packages/airflow/example_dags/plugins/event_listener.py
[2025-04-28T10:58:09.652-0400] {processor.py:208} INFO - Processing /home/aangava/MSP/airflow_venv/lib/python3.12/site-packages/airflow/example_dags/plugins/event_listener.py took 0.040 seconds
[2025-04-28T10:59:34.854-0400] {processor.py:186} INFO - Started process (PID=14201) to work on /home/aangava/MSP/airflow_venv/lib/python3.12/site-packages/airflow/example_dags/plugins/event_listener.py
[2025-04-28T10:59:34.857-0400] {processor.py:914} INFO - Processing file /home/aangava/MSP/airflow_venv/lib/python3.12/site-packages/airflow/example_dags/plugins/event_listener.py for tasks to queue
[2025-04-28T10:59:34.858-0400] {logging_mixin.py:190} INFO - [2025-04-28T10:59:34.858-0400] {dagbag.py:588} INFO - Filling up the DagBag from /home/aangava/MSP/airflow_venv/lib/python3.12/site-packages/airflow/example_dags/plugins/event_listener.py
[2025-04-28T10:59:34.861-0400] {processor.py:927} WARNING - No viable dags retrieved from /home/aangava/MSP/airflow_venv/lib/python3.12/site-packages/airflow/example_dags/plugins/event_listener.py
[2025-04-28T10:59:34.874-0400] {processor.py:208} INFO - Processing /home/aangava/MSP/airflow_venv/lib/python3.12/site-packages/airflow/example_dags/plugins/event_listener.py took 0.028 seconds
[2025-04-28T11:00:35.599-0400] {processor.py:186} INFO - Started process (PID=14560) to work on /home/aangava/MSP/airflow_venv/lib/python3.12/site-packages/airflow/example_dags/plugins/event_listener.py
[2025-04-28T11:00:35.610-0400] {processor.py:914} INFO - Processing file /home/aangava/MSP/airflow_venv/lib/python3.12/site-packages/airflow/example_dags/plugins/event_listener.py for tasks to queue
[2025-04-28T11:00:35.613-0400] {logging_mixin.py:190} INFO - [2025-04-28T11:00:35.612-0400] {dagbag.py:588} INFO - Filling up the DagBag from /home/aangava/MSP/airflow_venv/lib/python3.12/site-packages/airflow/example_dags/plugins/event_listener.py
[2025-04-28T11:00:35.617-0400] {processor.py:927} WARNING - No viable dags retrieved from /home/aangava/MSP/airflow_venv/lib/python3.12/site-packages/airflow/example_dags/plugins/event_listener.py
[2025-04-28T11:00:35.634-0400] {processor.py:208} INFO - Processing /home/aangava/MSP/airflow_venv/lib/python3.12/site-packages/airflow/example_dags/plugins/event_listener.py took 0.047 seconds
[2025-04-28T11:01:36.012-0400] {processor.py:186} INFO - Started process (PID=14811) to work on /home/aangava/MSP/airflow_venv/lib/python3.12/site-packages/airflow/example_dags/plugins/event_listener.py
[2025-04-28T11:01:36.014-0400] {processor.py:914} INFO - Processing file /home/aangava/MSP/airflow_venv/lib/python3.12/site-packages/airflow/example_dags/plugins/event_listener.py for tasks to queue
[2025-04-28T11:01:36.015-0400] {logging_mixin.py:190} INFO - [2025-04-28T11:01:36.014-0400] {dagbag.py:588} INFO - Filling up the DagBag from /home/aangava/MSP/airflow_venv/lib/python3.12/site-packages/airflow/example_dags/plugins/event_listener.py
[2025-04-28T11:01:36.017-0400] {processor.py:927} WARNING - No viable dags retrieved from /home/aangava/MSP/airflow_venv/lib/python3.12/site-packages/airflow/example_dags/plugins/event_listener.py
[2025-04-28T11:01:36.024-0400] {processor.py:208} INFO - Processing /home/aangava/MSP/airflow_venv/lib/python3.12/site-packages/airflow/example_dags/plugins/event_listener.py took 0.016 seconds
[2025-04-28T11:03:00.846-0400] {processor.py:186} INFO - Started process (PID=15177) to work on /home/aangava/MSP/airflow_venv/lib/python3.12/site-packages/airflow/example_dags/plugins/event_listener.py
[2025-04-28T11:03:00.856-0400] {processor.py:914} INFO - Processing file /home/aangava/MSP/airflow_venv/lib/python3.12/site-packages/airflow/example_dags/plugins/event_listener.py for tasks to queue
[2025-04-28T11:03:00.858-0400] {logging_mixin.py:190} INFO - [2025-04-28T11:03:00.857-0400] {dagbag.py:588} INFO - Filling up the DagBag from /home/aangava/MSP/airflow_venv/lib/python3.12/site-packages/airflow/example_dags/plugins/event_listener.py
[2025-04-28T11:03:00.860-0400] {processor.py:927} WARNING - No viable dags retrieved from /home/aangava/MSP/airflow_venv/lib/python3.12/site-packages/airflow/example_dags/plugins/event_listener.py
[2025-04-28T11:03:00.869-0400] {processor.py:208} INFO - Processing /home/aangava/MSP/airflow_venv/lib/python3.12/site-packages/airflow/example_dags/plugins/event_listener.py took 0.030 seconds
[2025-04-28T11:03:58.546-0400] {processor.py:186} INFO - Started process (PID=15499) to work on /home/aangava/MSP/airflow_venv/lib/python3.12/site-packages/airflow/example_dags/plugins/event_listener.py
[2025-04-28T11:03:58.556-0400] {processor.py:914} INFO - Processing file /home/aangava/MSP/airflow_venv/lib/python3.12/site-packages/airflow/example_dags/plugins/event_listener.py for tasks to queue
[2025-04-28T11:03:58.558-0400] {logging_mixin.py:190} INFO - [2025-04-28T11:03:58.557-0400] {dagbag.py:588} INFO - Filling up the DagBag from /home/aangava/MSP/airflow_venv/lib/python3.12/site-packages/airflow/example_dags/plugins/event_listener.py
[2025-04-28T11:03:58.561-0400] {processor.py:927} WARNING - No viable dags retrieved from /home/aangava/MSP/airflow_venv/lib/python3.12/site-packages/airflow/example_dags/plugins/event_listener.py
[2025-04-28T11:03:58.573-0400] {processor.py:208} INFO - Processing /home/aangava/MSP/airflow_venv/lib/python3.12/site-packages/airflow/example_dags/plugins/event_listener.py took 0.036 seconds
[2025-04-28T11:05:00.588-0400] {processor.py:186} INFO - Started process (PID=15871) to work on /home/aangava/MSP/airflow_venv/lib/python3.12/site-packages/airflow/example_dags/plugins/event_listener.py
[2025-04-28T11:05:00.589-0400] {processor.py:914} INFO - Processing file /home/aangava/MSP/airflow_venv/lib/python3.12/site-packages/airflow/example_dags/plugins/event_listener.py for tasks to queue
[2025-04-28T11:05:00.590-0400] {logging_mixin.py:190} INFO - [2025-04-28T11:05:00.590-0400] {dagbag.py:588} INFO - Filling up the DagBag from /home/aangava/MSP/airflow_venv/lib/python3.12/site-packages/airflow/example_dags/plugins/event_listener.py
[2025-04-28T11:05:00.592-0400] {processor.py:927} WARNING - No viable dags retrieved from /home/aangava/MSP/airflow_venv/lib/python3.12/site-packages/airflow/example_dags/plugins/event_listener.py
[2025-04-28T11:05:00.602-0400] {processor.py:208} INFO - Processing /home/aangava/MSP/airflow_venv/lib/python3.12/site-packages/airflow/example_dags/plugins/event_listener.py took 0.019 seconds
[2025-04-28T11:05:56.918-0400] {processor.py:186} INFO - Started process (PID=16253) to work on /home/aangava/MSP/airflow_venv/lib/python3.12/site-packages/airflow/example_dags/plugins/event_listener.py
[2025-04-28T11:05:56.929-0400] {processor.py:914} INFO - Processing file /home/aangava/MSP/airflow_venv/lib/python3.12/site-packages/airflow/example_dags/plugins/event_listener.py for tasks to queue
[2025-04-28T11:05:56.930-0400] {logging_mixin.py:190} INFO - [2025-04-28T11:05:56.930-0400] {dagbag.py:588} INFO - Filling up the DagBag from /home/aangava/MSP/airflow_venv/lib/python3.12/site-packages/airflow/example_dags/plugins/event_listener.py
[2025-04-28T11:05:56.932-0400] {processor.py:927} WARNING - No viable dags retrieved from /home/aangava/MSP/airflow_venv/lib/python3.12/site-packages/airflow/example_dags/plugins/event_listener.py
[2025-04-28T11:05:56.941-0400] {processor.py:208} INFO - Processing /home/aangava/MSP/airflow_venv/lib/python3.12/site-packages/airflow/example_dags/plugins/event_listener.py took 0.027 seconds
[2025-04-28T11:06:56.519-0400] {processor.py:186} INFO - Started process (PID=16617) to work on /home/aangava/MSP/airflow_venv/lib/python3.12/site-packages/airflow/example_dags/plugins/event_listener.py
[2025-04-28T11:06:56.521-0400] {processor.py:914} INFO - Processing file /home/aangava/MSP/airflow_venv/lib/python3.12/site-packages/airflow/example_dags/plugins/event_listener.py for tasks to queue
[2025-04-28T11:06:56.524-0400] {logging_mixin.py:190} INFO - [2025-04-28T11:06:56.523-0400] {dagbag.py:588} INFO - Filling up the DagBag from /home/aangava/MSP/airflow_venv/lib/python3.12/site-packages/airflow/example_dags/plugins/event_listener.py
[2025-04-28T11:06:56.526-0400] {processor.py:927} WARNING - No viable dags retrieved from /home/aangava/MSP/airflow_venv/lib/python3.12/site-packages/airflow/example_dags/plugins/event_listener.py
[2025-04-28T11:06:56.537-0400] {processor.py:208} INFO - Processing /home/aangava/MSP/airflow_venv/lib/python3.12/site-packages/airflow/example_dags/plugins/event_listener.py took 0.022 seconds
[2025-04-28T11:07:53.689-0400] {processor.py:186} INFO - Started process (PID=16903) to work on /home/aangava/MSP/airflow_venv/lib/python3.12/site-packages/airflow/example_dags/plugins/event_listener.py
[2025-04-28T11:07:53.690-0400] {processor.py:914} INFO - Processing file /home/aangava/MSP/airflow_venv/lib/python3.12/site-packages/airflow/example_dags/plugins/event_listener.py for tasks to queue
[2025-04-28T11:07:53.691-0400] {logging_mixin.py:190} INFO - [2025-04-28T11:07:53.691-0400] {dagbag.py:588} INFO - Filling up the DagBag from /home/aangava/MSP/airflow_venv/lib/python3.12/site-packages/airflow/example_dags/plugins/event_listener.py
[2025-04-28T11:07:53.693-0400] {processor.py:927} WARNING - No viable dags retrieved from /home/aangava/MSP/airflow_venv/lib/python3.12/site-packages/airflow/example_dags/plugins/event_listener.py
[2025-04-28T11:07:53.700-0400] {processor.py:208} INFO - Processing /home/aangava/MSP/airflow_venv/lib/python3.12/site-packages/airflow/example_dags/plugins/event_listener.py took 0.016 seconds
[2025-04-28T11:08:52.819-0400] {processor.py:186} INFO - Started process (PID=17253) to work on /home/aangava/MSP/airflow_venv/lib/python3.12/site-packages/airflow/example_dags/plugins/event_listener.py
[2025-04-28T11:08:52.829-0400] {processor.py:914} INFO - Processing file /home/aangava/MSP/airflow_venv/lib/python3.12/site-packages/airflow/example_dags/plugins/event_listener.py for tasks to queue
[2025-04-28T11:08:52.830-0400] {logging_mixin.py:190} INFO - [2025-04-28T11:08:52.830-0400] {dagbag.py:588} INFO - Filling up the DagBag from /home/aangava/MSP/airflow_venv/lib/python3.12/site-packages/airflow/example_dags/plugins/event_listener.py
[2025-04-28T11:08:52.832-0400] {processor.py:927} WARNING - No viable dags retrieved from /home/aangava/MSP/airflow_venv/lib/python3.12/site-packages/airflow/example_dags/plugins/event_listener.py
[2025-04-28T11:08:52.840-0400] {processor.py:208} INFO - Processing /home/aangava/MSP/airflow_venv/lib/python3.12/site-packages/airflow/example_dags/plugins/event_listener.py took 0.026 seconds
[2025-04-28T11:10:12.044-0400] {processor.py:186} INFO - Started process (PID=17732) to work on /home/aangava/MSP/airflow_venv/lib/python3.12/site-packages/airflow/example_dags/plugins/event_listener.py
[2025-04-28T11:10:12.055-0400] {processor.py:914} INFO - Processing file /home/aangava/MSP/airflow_venv/lib/python3.12/site-packages/airflow/example_dags/plugins/event_listener.py for tasks to queue
[2025-04-28T11:10:12.057-0400] {logging_mixin.py:190} INFO - [2025-04-28T11:10:12.057-0400] {dagbag.py:588} INFO - Filling up the DagBag from /home/aangava/MSP/airflow_venv/lib/python3.12/site-packages/airflow/example_dags/plugins/event_listener.py
[2025-04-28T11:10:12.060-0400] {processor.py:927} WARNING - No viable dags retrieved from /home/aangava/MSP/airflow_venv/lib/python3.12/site-packages/airflow/example_dags/plugins/event_listener.py
[2025-04-28T11:10:12.074-0400] {processor.py:208} INFO - Processing /home/aangava/MSP/airflow_venv/lib/python3.12/site-packages/airflow/example_dags/plugins/event_listener.py took 0.041 seconds
[2025-04-28T11:11:35.276-0400] {processor.py:186} INFO - Started process (PID=18392) to work on /home/aangava/MSP/airflow_venv/lib/python3.12/site-packages/airflow/example_dags/plugins/event_listener.py
[2025-04-28T11:11:35.278-0400] {processor.py:914} INFO - Processing file /home/aangava/MSP/airflow_venv/lib/python3.12/site-packages/airflow/example_dags/plugins/event_listener.py for tasks to queue
[2025-04-28T11:11:35.280-0400] {logging_mixin.py:190} INFO - [2025-04-28T11:11:35.279-0400] {dagbag.py:588} INFO - Filling up the DagBag from /home/aangava/MSP/airflow_venv/lib/python3.12/site-packages/airflow/example_dags/plugins/event_listener.py
[2025-04-28T11:11:35.284-0400] {processor.py:927} WARNING - No viable dags retrieved from /home/aangava/MSP/airflow_venv/lib/python3.12/site-packages/airflow/example_dags/plugins/event_listener.py
[2025-04-28T11:11:35.297-0400] {processor.py:208} INFO - Processing /home/aangava/MSP/airflow_venv/lib/python3.12/site-packages/airflow/example_dags/plugins/event_listener.py took 0.030 seconds
[2025-04-28T11:12:37.340-0400] {processor.py:186} INFO - Started process (PID=18804) to work on /home/aangava/MSP/airflow_venv/lib/python3.12/site-packages/airflow/example_dags/plugins/event_listener.py
[2025-04-28T11:12:37.342-0400] {processor.py:914} INFO - Processing file /home/aangava/MSP/airflow_venv/lib/python3.12/site-packages/airflow/example_dags/plugins/event_listener.py for tasks to queue
[2025-04-28T11:12:37.345-0400] {logging_mixin.py:190} INFO - [2025-04-28T11:12:37.344-0400] {dagbag.py:588} INFO - Filling up the DagBag from /home/aangava/MSP/airflow_venv/lib/python3.12/site-packages/airflow/example_dags/plugins/event_listener.py
[2025-04-28T11:12:37.350-0400] {processor.py:927} WARNING - No viable dags retrieved from /home/aangava/MSP/airflow_venv/lib/python3.12/site-packages/airflow/example_dags/plugins/event_listener.py
[2025-04-28T11:12:37.367-0400] {processor.py:208} INFO - Processing /home/aangava/MSP/airflow_venv/lib/python3.12/site-packages/airflow/example_dags/plugins/event_listener.py took 0.039 seconds
[2025-04-28T11:13:37.271-0400] {processor.py:186} INFO - Started process (PID=19179) to work on /home/aangava/MSP/airflow_venv/lib/python3.12/site-packages/airflow/example_dags/plugins/event_listener.py
[2025-04-28T11:13:37.273-0400] {processor.py:914} INFO - Processing file /home/aangava/MSP/airflow_venv/lib/python3.12/site-packages/airflow/example_dags/plugins/event_listener.py for tasks to queue
[2025-04-28T11:13:37.275-0400] {logging_mixin.py:190} INFO - [2025-04-28T11:13:37.274-0400] {dagbag.py:588} INFO - Filling up the DagBag from /home/aangava/MSP/airflow_venv/lib/python3.12/site-packages/airflow/example_dags/plugins/event_listener.py
[2025-04-28T11:13:37.278-0400] {processor.py:927} WARNING - No viable dags retrieved from /home/aangava/MSP/airflow_venv/lib/python3.12/site-packages/airflow/example_dags/plugins/event_listener.py
[2025-04-28T11:13:37.288-0400] {processor.py:208} INFO - Processing /home/aangava/MSP/airflow_venv/lib/python3.12/site-packages/airflow/example_dags/plugins/event_listener.py took 0.025 seconds
[2025-04-28T11:14:44.089-0400] {processor.py:186} INFO - Started process (PID=19641) to work on /home/aangava/MSP/airflow_venv/lib/python3.12/site-packages/airflow/example_dags/plugins/event_listener.py
[2025-04-28T11:14:44.090-0400] {processor.py:914} INFO - Processing file /home/aangava/MSP/airflow_venv/lib/python3.12/site-packages/airflow/example_dags/plugins/event_listener.py for tasks to queue
[2025-04-28T11:14:44.092-0400] {logging_mixin.py:190} INFO - [2025-04-28T11:14:44.091-0400] {dagbag.py:588} INFO - Filling up the DagBag from /home/aangava/MSP/airflow_venv/lib/python3.12/site-packages/airflow/example_dags/plugins/event_listener.py
[2025-04-28T11:14:44.095-0400] {processor.py:927} WARNING - No viable dags retrieved from /home/aangava/MSP/airflow_venv/lib/python3.12/site-packages/airflow/example_dags/plugins/event_listener.py
[2025-04-28T11:14:44.106-0400] {processor.py:208} INFO - Processing /home/aangava/MSP/airflow_venv/lib/python3.12/site-packages/airflow/example_dags/plugins/event_listener.py took 0.025 seconds
[2025-04-28T11:15:45.957-0400] {processor.py:186} INFO - Started process (PID=20086) to work on /home/aangava/MSP/airflow_venv/lib/python3.12/site-packages/airflow/example_dags/plugins/event_listener.py
[2025-04-28T11:15:45.967-0400] {processor.py:914} INFO - Processing file /home/aangava/MSP/airflow_venv/lib/python3.12/site-packages/airflow/example_dags/plugins/event_listener.py for tasks to queue
[2025-04-28T11:15:45.968-0400] {logging_mixin.py:190} INFO - [2025-04-28T11:15:45.968-0400] {dagbag.py:588} INFO - Filling up the DagBag from /home/aangava/MSP/airflow_venv/lib/python3.12/site-packages/airflow/example_dags/plugins/event_listener.py
[2025-04-28T11:15:45.970-0400] {processor.py:927} WARNING - No viable dags retrieved from /home/aangava/MSP/airflow_venv/lib/python3.12/site-packages/airflow/example_dags/plugins/event_listener.py
[2025-04-28T11:15:45.977-0400] {processor.py:208} INFO - Processing /home/aangava/MSP/airflow_venv/lib/python3.12/site-packages/airflow/example_dags/plugins/event_listener.py took 0.025 seconds
[2025-04-28T11:16:48.147-0400] {processor.py:186} INFO - Started process (PID=20580) to work on /home/aangava/MSP/airflow_venv/lib/python3.12/site-packages/airflow/example_dags/plugins/event_listener.py
[2025-04-28T11:16:48.158-0400] {processor.py:914} INFO - Processing file /home/aangava/MSP/airflow_venv/lib/python3.12/site-packages/airflow/example_dags/plugins/event_listener.py for tasks to queue
[2025-04-28T11:16:48.160-0400] {logging_mixin.py:190} INFO - [2025-04-28T11:16:48.159-0400] {dagbag.py:588} INFO - Filling up the DagBag from /home/aangava/MSP/airflow_venv/lib/python3.12/site-packages/airflow/example_dags/plugins/event_listener.py
[2025-04-28T11:16:48.163-0400] {processor.py:927} WARNING - No viable dags retrieved from /home/aangava/MSP/airflow_venv/lib/python3.12/site-packages/airflow/example_dags/plugins/event_listener.py
[2025-04-28T11:16:48.175-0400] {processor.py:208} INFO - Processing /home/aangava/MSP/airflow_venv/lib/python3.12/site-packages/airflow/example_dags/plugins/event_listener.py took 0.036 seconds
[2025-04-28T11:17:49.216-0400] {processor.py:186} INFO - Started process (PID=21008) to work on /home/aangava/MSP/airflow_venv/lib/python3.12/site-packages/airflow/example_dags/plugins/event_listener.py
[2025-04-28T11:17:49.219-0400] {processor.py:914} INFO - Processing file /home/aangava/MSP/airflow_venv/lib/python3.12/site-packages/airflow/example_dags/plugins/event_listener.py for tasks to queue
[2025-04-28T11:17:49.221-0400] {logging_mixin.py:190} INFO - [2025-04-28T11:17:49.220-0400] {dagbag.py:588} INFO - Filling up the DagBag from /home/aangava/MSP/airflow_venv/lib/python3.12/site-packages/airflow/example_dags/plugins/event_listener.py
[2025-04-28T11:17:49.224-0400] {processor.py:927} WARNING - No viable dags retrieved from /home/aangava/MSP/airflow_venv/lib/python3.12/site-packages/airflow/example_dags/plugins/event_listener.py
[2025-04-28T11:17:49.238-0400] {processor.py:208} INFO - Processing /home/aangava/MSP/airflow_venv/lib/python3.12/site-packages/airflow/example_dags/plugins/event_listener.py took 0.031 seconds
[2025-04-28T11:18:52.827-0400] {processor.py:186} INFO - Started process (PID=21477) to work on /home/aangava/MSP/airflow_venv/lib/python3.12/site-packages/airflow/example_dags/plugins/event_listener.py
[2025-04-28T11:18:52.829-0400] {processor.py:914} INFO - Processing file /home/aangava/MSP/airflow_venv/lib/python3.12/site-packages/airflow/example_dags/plugins/event_listener.py for tasks to queue
[2025-04-28T11:18:52.830-0400] {logging_mixin.py:190} INFO - [2025-04-28T11:18:52.830-0400] {dagbag.py:588} INFO - Filling up the DagBag from /home/aangava/MSP/airflow_venv/lib/python3.12/site-packages/airflow/example_dags/plugins/event_listener.py
[2025-04-28T11:18:52.833-0400] {processor.py:927} WARNING - No viable dags retrieved from /home/aangava/MSP/airflow_venv/lib/python3.12/site-packages/airflow/example_dags/plugins/event_listener.py
[2025-04-28T11:18:52.844-0400] {processor.py:208} INFO - Processing /home/aangava/MSP/airflow_venv/lib/python3.12/site-packages/airflow/example_dags/plugins/event_listener.py took 0.024 seconds
[2025-04-28T11:19:51.046-0400] {processor.py:186} INFO - Started process (PID=21735) to work on /home/aangava/MSP/airflow_venv/lib/python3.12/site-packages/airflow/example_dags/plugins/event_listener.py
[2025-04-28T11:19:51.056-0400] {processor.py:914} INFO - Processing file /home/aangava/MSP/airflow_venv/lib/python3.12/site-packages/airflow/example_dags/plugins/event_listener.py for tasks to queue
[2025-04-28T11:19:51.059-0400] {logging_mixin.py:190} INFO - [2025-04-28T11:19:51.058-0400] {dagbag.py:588} INFO - Filling up the DagBag from /home/aangava/MSP/airflow_venv/lib/python3.12/site-packages/airflow/example_dags/plugins/event_listener.py
[2025-04-28T11:19:51.063-0400] {processor.py:927} WARNING - No viable dags retrieved from /home/aangava/MSP/airflow_venv/lib/python3.12/site-packages/airflow/example_dags/plugins/event_listener.py
[2025-04-28T11:19:51.075-0400] {processor.py:208} INFO - Processing /home/aangava/MSP/airflow_venv/lib/python3.12/site-packages/airflow/example_dags/plugins/event_listener.py took 0.037 seconds
[2025-04-28T11:20:50.439-0400] {processor.py:186} INFO - Started process (PID=22094) to work on /home/aangava/MSP/airflow_venv/lib/python3.12/site-packages/airflow/example_dags/plugins/event_listener.py
[2025-04-28T11:20:50.450-0400] {processor.py:914} INFO - Processing file /home/aangava/MSP/airflow_venv/lib/python3.12/site-packages/airflow/example_dags/plugins/event_listener.py for tasks to queue
[2025-04-28T11:20:50.452-0400] {logging_mixin.py:190} INFO - [2025-04-28T11:20:50.451-0400] {dagbag.py:588} INFO - Filling up the DagBag from /home/aangava/MSP/airflow_venv/lib/python3.12/site-packages/airflow/example_dags/plugins/event_listener.py
[2025-04-28T11:20:50.456-0400] {processor.py:927} WARNING - No viable dags retrieved from /home/aangava/MSP/airflow_venv/lib/python3.12/site-packages/airflow/example_dags/plugins/event_listener.py
[2025-04-28T11:20:50.470-0400] {processor.py:208} INFO - Processing /home/aangava/MSP/airflow_venv/lib/python3.12/site-packages/airflow/example_dags/plugins/event_listener.py took 0.044 seconds
[2025-04-28T11:22:01.738-0400] {processor.py:186} INFO - Started process (PID=22793) to work on /home/aangava/MSP/airflow_venv/lib/python3.12/site-packages/airflow/example_dags/plugins/event_listener.py
[2025-04-28T11:22:01.748-0400] {processor.py:914} INFO - Processing file /home/aangava/MSP/airflow_venv/lib/python3.12/site-packages/airflow/example_dags/plugins/event_listener.py for tasks to queue
[2025-04-28T11:22:01.749-0400] {logging_mixin.py:190} INFO - [2025-04-28T11:22:01.749-0400] {dagbag.py:588} INFO - Filling up the DagBag from /home/aangava/MSP/airflow_venv/lib/python3.12/site-packages/airflow/example_dags/plugins/event_listener.py
[2025-04-28T11:22:01.751-0400] {processor.py:927} WARNING - No viable dags retrieved from /home/aangava/MSP/airflow_venv/lib/python3.12/site-packages/airflow/example_dags/plugins/event_listener.py
[2025-04-28T11:22:01.762-0400] {processor.py:208} INFO - Processing /home/aangava/MSP/airflow_venv/lib/python3.12/site-packages/airflow/example_dags/plugins/event_listener.py took 0.029 seconds
[2025-04-28T11:23:15.901-0400] {processor.py:186} INFO - Started process (PID=23287) to work on /home/aangava/MSP/airflow_venv/lib/python3.12/site-packages/airflow/example_dags/plugins/event_listener.py
[2025-04-28T11:23:15.912-0400] {processor.py:914} INFO - Processing file /home/aangava/MSP/airflow_venv/lib/python3.12/site-packages/airflow/example_dags/plugins/event_listener.py for tasks to queue
[2025-04-28T11:23:15.914-0400] {logging_mixin.py:190} INFO - [2025-04-28T11:23:15.914-0400] {dagbag.py:588} INFO - Filling up the DagBag from /home/aangava/MSP/airflow_venv/lib/python3.12/site-packages/airflow/example_dags/plugins/event_listener.py
[2025-04-28T11:23:15.918-0400] {processor.py:927} WARNING - No viable dags retrieved from /home/aangava/MSP/airflow_venv/lib/python3.12/site-packages/airflow/example_dags/plugins/event_listener.py
[2025-04-28T11:23:15.925-0400] {processor.py:208} INFO - Processing /home/aangava/MSP/airflow_venv/lib/python3.12/site-packages/airflow/example_dags/plugins/event_listener.py took 0.032 seconds
[2025-04-28T11:24:18.231-0400] {processor.py:186} INFO - Started process (PID=23576) to work on /home/aangava/MSP/airflow_venv/lib/python3.12/site-packages/airflow/example_dags/plugins/event_listener.py
[2025-04-28T11:24:18.243-0400] {processor.py:914} INFO - Processing file /home/aangava/MSP/airflow_venv/lib/python3.12/site-packages/airflow/example_dags/plugins/event_listener.py for tasks to queue
[2025-04-28T11:24:18.244-0400] {logging_mixin.py:190} INFO - [2025-04-28T11:24:18.244-0400] {dagbag.py:588} INFO - Filling up the DagBag from /home/aangava/MSP/airflow_venv/lib/python3.12/site-packages/airflow/example_dags/plugins/event_listener.py
[2025-04-28T11:24:18.248-0400] {processor.py:927} WARNING - No viable dags retrieved from /home/aangava/MSP/airflow_venv/lib/python3.12/site-packages/airflow/example_dags/plugins/event_listener.py
[2025-04-28T11:24:18.263-0400] {processor.py:208} INFO - Processing /home/aangava/MSP/airflow_venv/lib/python3.12/site-packages/airflow/example_dags/plugins/event_listener.py took 0.040 seconds
[2025-04-28T11:25:15.966-0400] {processor.py:186} INFO - Started process (PID=23842) to work on /home/aangava/MSP/airflow_venv/lib/python3.12/site-packages/airflow/example_dags/plugins/event_listener.py
[2025-04-28T11:25:15.976-0400] {processor.py:914} INFO - Processing file /home/aangava/MSP/airflow_venv/lib/python3.12/site-packages/airflow/example_dags/plugins/event_listener.py for tasks to queue
[2025-04-28T11:25:15.977-0400] {logging_mixin.py:190} INFO - [2025-04-28T11:25:15.976-0400] {dagbag.py:588} INFO - Filling up the DagBag from /home/aangava/MSP/airflow_venv/lib/python3.12/site-packages/airflow/example_dags/plugins/event_listener.py
[2025-04-28T11:25:15.979-0400] {processor.py:927} WARNING - No viable dags retrieved from /home/aangava/MSP/airflow_venv/lib/python3.12/site-packages/airflow/example_dags/plugins/event_listener.py
[2025-04-28T11:25:15.986-0400] {processor.py:208} INFO - Processing /home/aangava/MSP/airflow_venv/lib/python3.12/site-packages/airflow/example_dags/plugins/event_listener.py took 0.025 seconds
[2025-04-28T11:26:33.798-0400] {processor.py:186} INFO - Started process (PID=24231) to work on /home/aangava/MSP/airflow_venv/lib/python3.12/site-packages/airflow/example_dags/plugins/event_listener.py
[2025-04-28T11:26:33.799-0400] {processor.py:914} INFO - Processing file /home/aangava/MSP/airflow_venv/lib/python3.12/site-packages/airflow/example_dags/plugins/event_listener.py for tasks to queue
[2025-04-28T11:26:33.800-0400] {logging_mixin.py:190} INFO - [2025-04-28T11:26:33.800-0400] {dagbag.py:588} INFO - Filling up the DagBag from /home/aangava/MSP/airflow_venv/lib/python3.12/site-packages/airflow/example_dags/plugins/event_listener.py
[2025-04-28T11:26:33.802-0400] {processor.py:927} WARNING - No viable dags retrieved from /home/aangava/MSP/airflow_venv/lib/python3.12/site-packages/airflow/example_dags/plugins/event_listener.py
[2025-04-28T11:26:33.810-0400] {processor.py:208} INFO - Processing /home/aangava/MSP/airflow_venv/lib/python3.12/site-packages/airflow/example_dags/plugins/event_listener.py took 0.017 seconds
[2025-04-28T11:28:08.357-0400] {processor.py:186} INFO - Started process (PID=25098) to work on /home/aangava/MSP/airflow_venv/lib/python3.12/site-packages/airflow/example_dags/plugins/event_listener.py
[2025-04-28T11:28:08.358-0400] {processor.py:914} INFO - Processing file /home/aangava/MSP/airflow_venv/lib/python3.12/site-packages/airflow/example_dags/plugins/event_listener.py for tasks to queue
[2025-04-28T11:28:08.359-0400] {logging_mixin.py:190} INFO - [2025-04-28T11:28:08.359-0400] {dagbag.py:588} INFO - Filling up the DagBag from /home/aangava/MSP/airflow_venv/lib/python3.12/site-packages/airflow/example_dags/plugins/event_listener.py
[2025-04-28T11:28:08.361-0400] {processor.py:927} WARNING - No viable dags retrieved from /home/aangava/MSP/airflow_venv/lib/python3.12/site-packages/airflow/example_dags/plugins/event_listener.py
[2025-04-28T11:28:08.369-0400] {processor.py:208} INFO - Processing /home/aangava/MSP/airflow_venv/lib/python3.12/site-packages/airflow/example_dags/plugins/event_listener.py took 0.017 seconds
[2025-04-28T11:29:43.048-0400] {processor.py:186} INFO - Started process (PID=25972) to work on /home/aangava/MSP/airflow_venv/lib/python3.12/site-packages/airflow/example_dags/plugins/event_listener.py
[2025-04-28T11:29:43.059-0400] {processor.py:914} INFO - Processing file /home/aangava/MSP/airflow_venv/lib/python3.12/site-packages/airflow/example_dags/plugins/event_listener.py for tasks to queue
[2025-04-28T11:29:43.060-0400] {logging_mixin.py:190} INFO - [2025-04-28T11:29:43.059-0400] {dagbag.py:588} INFO - Filling up the DagBag from /home/aangava/MSP/airflow_venv/lib/python3.12/site-packages/airflow/example_dags/plugins/event_listener.py
[2025-04-28T11:29:43.061-0400] {processor.py:927} WARNING - No viable dags retrieved from /home/aangava/MSP/airflow_venv/lib/python3.12/site-packages/airflow/example_dags/plugins/event_listener.py
[2025-04-28T11:29:43.069-0400] {processor.py:208} INFO - Processing /home/aangava/MSP/airflow_venv/lib/python3.12/site-packages/airflow/example_dags/plugins/event_listener.py took 0.027 seconds
[2025-04-28T11:30:46.023-0400] {processor.py:186} INFO - Started process (PID=26279) to work on /home/aangava/MSP/airflow_venv/lib/python3.12/site-packages/airflow/example_dags/plugins/event_listener.py
[2025-04-28T11:30:46.033-0400] {processor.py:914} INFO - Processing file /home/aangava/MSP/airflow_venv/lib/python3.12/site-packages/airflow/example_dags/plugins/event_listener.py for tasks to queue
[2025-04-28T11:30:46.034-0400] {logging_mixin.py:190} INFO - [2025-04-28T11:30:46.034-0400] {dagbag.py:588} INFO - Filling up the DagBag from /home/aangava/MSP/airflow_venv/lib/python3.12/site-packages/airflow/example_dags/plugins/event_listener.py
[2025-04-28T11:30:46.036-0400] {processor.py:927} WARNING - No viable dags retrieved from /home/aangava/MSP/airflow_venv/lib/python3.12/site-packages/airflow/example_dags/plugins/event_listener.py
[2025-04-28T11:30:46.045-0400] {processor.py:208} INFO - Processing /home/aangava/MSP/airflow_venv/lib/python3.12/site-packages/airflow/example_dags/plugins/event_listener.py took 0.026 seconds
[2025-04-28T11:32:05.343-0400] {processor.py:186} INFO - Started process (PID=26634) to work on /home/aangava/MSP/airflow_venv/lib/python3.12/site-packages/airflow/example_dags/plugins/event_listener.py
[2025-04-28T11:32:05.344-0400] {processor.py:914} INFO - Processing file /home/aangava/MSP/airflow_venv/lib/python3.12/site-packages/airflow/example_dags/plugins/event_listener.py for tasks to queue
[2025-04-28T11:32:05.345-0400] {logging_mixin.py:190} INFO - [2025-04-28T11:32:05.345-0400] {dagbag.py:588} INFO - Filling up the DagBag from /home/aangava/MSP/airflow_venv/lib/python3.12/site-packages/airflow/example_dags/plugins/event_listener.py
[2025-04-28T11:32:05.347-0400] {processor.py:927} WARNING - No viable dags retrieved from /home/aangava/MSP/airflow_venv/lib/python3.12/site-packages/airflow/example_dags/plugins/event_listener.py
[2025-04-28T11:32:05.354-0400] {processor.py:208} INFO - Processing /home/aangava/MSP/airflow_venv/lib/python3.12/site-packages/airflow/example_dags/plugins/event_listener.py took 0.016 seconds
[2025-04-28T11:33:00.690-0400] {processor.py:186} INFO - Started process (PID=26946) to work on /home/aangava/MSP/airflow_venv/lib/python3.12/site-packages/airflow/example_dags/plugins/event_listener.py
[2025-04-28T11:33:00.691-0400] {processor.py:914} INFO - Processing file /home/aangava/MSP/airflow_venv/lib/python3.12/site-packages/airflow/example_dags/plugins/event_listener.py for tasks to queue
[2025-04-28T11:33:00.693-0400] {logging_mixin.py:190} INFO - [2025-04-28T11:33:00.693-0400] {dagbag.py:588} INFO - Filling up the DagBag from /home/aangava/MSP/airflow_venv/lib/python3.12/site-packages/airflow/example_dags/plugins/event_listener.py
[2025-04-28T11:33:00.695-0400] {processor.py:927} WARNING - No viable dags retrieved from /home/aangava/MSP/airflow_venv/lib/python3.12/site-packages/airflow/example_dags/plugins/event_listener.py
[2025-04-28T11:33:00.702-0400] {processor.py:208} INFO - Processing /home/aangava/MSP/airflow_venv/lib/python3.12/site-packages/airflow/example_dags/plugins/event_listener.py took 0.017 seconds
[2025-04-28T11:34:19.535-0400] {processor.py:186} INFO - Started process (PID=27479) to work on /home/aangava/MSP/airflow_venv/lib/python3.12/site-packages/airflow/example_dags/plugins/event_listener.py
[2025-04-28T11:34:19.536-0400] {processor.py:914} INFO - Processing file /home/aangava/MSP/airflow_venv/lib/python3.12/site-packages/airflow/example_dags/plugins/event_listener.py for tasks to queue
[2025-04-28T11:34:19.538-0400] {logging_mixin.py:190} INFO - [2025-04-28T11:34:19.538-0400] {dagbag.py:588} INFO - Filling up the DagBag from /home/aangava/MSP/airflow_venv/lib/python3.12/site-packages/airflow/example_dags/plugins/event_listener.py
[2025-04-28T11:34:19.540-0400] {processor.py:927} WARNING - No viable dags retrieved from /home/aangava/MSP/airflow_venv/lib/python3.12/site-packages/airflow/example_dags/plugins/event_listener.py
[2025-04-28T11:34:19.547-0400] {processor.py:208} INFO - Processing /home/aangava/MSP/airflow_venv/lib/python3.12/site-packages/airflow/example_dags/plugins/event_listener.py took 0.017 seconds
[2025-04-28T11:35:34.334-0400] {processor.py:186} INFO - Started process (PID=27933) to work on /home/aangava/MSP/airflow_venv/lib/python3.12/site-packages/airflow/example_dags/plugins/event_listener.py
[2025-04-28T11:35:34.345-0400] {processor.py:914} INFO - Processing file /home/aangava/MSP/airflow_venv/lib/python3.12/site-packages/airflow/example_dags/plugins/event_listener.py for tasks to queue
[2025-04-28T11:35:34.348-0400] {logging_mixin.py:190} INFO - [2025-04-28T11:35:34.347-0400] {dagbag.py:588} INFO - Filling up the DagBag from /home/aangava/MSP/airflow_venv/lib/python3.12/site-packages/airflow/example_dags/plugins/event_listener.py
[2025-04-28T11:35:34.350-0400] {processor.py:927} WARNING - No viable dags retrieved from /home/aangava/MSP/airflow_venv/lib/python3.12/site-packages/airflow/example_dags/plugins/event_listener.py
[2025-04-28T11:35:34.357-0400] {processor.py:208} INFO - Processing /home/aangava/MSP/airflow_venv/lib/python3.12/site-packages/airflow/example_dags/plugins/event_listener.py took 0.028 seconds
[2025-04-28T11:36:51.783-0400] {processor.py:186} INFO - Started process (PID=28435) to work on /home/aangava/MSP/airflow_venv/lib/python3.12/site-packages/airflow/example_dags/plugins/event_listener.py
[2025-04-28T11:36:51.784-0400] {processor.py:914} INFO - Processing file /home/aangava/MSP/airflow_venv/lib/python3.12/site-packages/airflow/example_dags/plugins/event_listener.py for tasks to queue
[2025-04-28T11:36:51.785-0400] {logging_mixin.py:190} INFO - [2025-04-28T11:36:51.785-0400] {dagbag.py:588} INFO - Filling up the DagBag from /home/aangava/MSP/airflow_venv/lib/python3.12/site-packages/airflow/example_dags/plugins/event_listener.py
[2025-04-28T11:36:51.788-0400] {processor.py:927} WARNING - No viable dags retrieved from /home/aangava/MSP/airflow_venv/lib/python3.12/site-packages/airflow/example_dags/plugins/event_listener.py
[2025-04-28T11:36:51.797-0400] {processor.py:208} INFO - Processing /home/aangava/MSP/airflow_venv/lib/python3.12/site-packages/airflow/example_dags/plugins/event_listener.py took 0.019 seconds
[2025-04-28T11:38:13.130-0400] {processor.py:186} INFO - Started process (PID=28821) to work on /home/aangava/MSP/airflow_venv/lib/python3.12/site-packages/airflow/example_dags/plugins/event_listener.py
[2025-04-28T11:38:13.131-0400] {processor.py:914} INFO - Processing file /home/aangava/MSP/airflow_venv/lib/python3.12/site-packages/airflow/example_dags/plugins/event_listener.py for tasks to queue
[2025-04-28T11:38:13.133-0400] {logging_mixin.py:190} INFO - [2025-04-28T11:38:13.132-0400] {dagbag.py:588} INFO - Filling up the DagBag from /home/aangava/MSP/airflow_venv/lib/python3.12/site-packages/airflow/example_dags/plugins/event_listener.py
[2025-04-28T11:38:13.134-0400] {processor.py:927} WARNING - No viable dags retrieved from /home/aangava/MSP/airflow_venv/lib/python3.12/site-packages/airflow/example_dags/plugins/event_listener.py
[2025-04-28T11:38:13.142-0400] {processor.py:208} INFO - Processing /home/aangava/MSP/airflow_venv/lib/python3.12/site-packages/airflow/example_dags/plugins/event_listener.py took 0.017 seconds
[2025-04-28T11:39:31.436-0400] {processor.py:186} INFO - Started process (PID=29195) to work on /home/aangava/MSP/airflow_venv/lib/python3.12/site-packages/airflow/example_dags/plugins/event_listener.py
[2025-04-28T11:39:31.447-0400] {processor.py:914} INFO - Processing file /home/aangava/MSP/airflow_venv/lib/python3.12/site-packages/airflow/example_dags/plugins/event_listener.py for tasks to queue
[2025-04-28T11:39:31.448-0400] {logging_mixin.py:190} INFO - [2025-04-28T11:39:31.448-0400] {dagbag.py:588} INFO - Filling up the DagBag from /home/aangava/MSP/airflow_venv/lib/python3.12/site-packages/airflow/example_dags/plugins/event_listener.py
[2025-04-28T11:39:31.450-0400] {processor.py:927} WARNING - No viable dags retrieved from /home/aangava/MSP/airflow_venv/lib/python3.12/site-packages/airflow/example_dags/plugins/event_listener.py
[2025-04-28T11:39:31.457-0400] {processor.py:208} INFO - Processing /home/aangava/MSP/airflow_venv/lib/python3.12/site-packages/airflow/example_dags/plugins/event_listener.py took 0.026 seconds
[2025-04-28T11:40:29.400-0400] {processor.py:186} INFO - Started process (PID=29573) to work on /home/aangava/MSP/airflow_venv/lib/python3.12/site-packages/airflow/example_dags/plugins/event_listener.py
[2025-04-28T11:40:29.401-0400] {processor.py:914} INFO - Processing file /home/aangava/MSP/airflow_venv/lib/python3.12/site-packages/airflow/example_dags/plugins/event_listener.py for tasks to queue
[2025-04-28T11:40:29.402-0400] {logging_mixin.py:190} INFO - [2025-04-28T11:40:29.401-0400] {dagbag.py:588} INFO - Filling up the DagBag from /home/aangava/MSP/airflow_venv/lib/python3.12/site-packages/airflow/example_dags/plugins/event_listener.py
[2025-04-28T11:40:29.403-0400] {processor.py:927} WARNING - No viable dags retrieved from /home/aangava/MSP/airflow_venv/lib/python3.12/site-packages/airflow/example_dags/plugins/event_listener.py
[2025-04-28T11:40:29.411-0400] {processor.py:208} INFO - Processing /home/aangava/MSP/airflow_venv/lib/python3.12/site-packages/airflow/example_dags/plugins/event_listener.py took 0.016 seconds
[2025-04-28T11:41:50.097-0400] {processor.py:186} INFO - Started process (PID=30055) to work on /home/aangava/MSP/airflow_venv/lib/python3.12/site-packages/airflow/example_dags/plugins/event_listener.py
[2025-04-28T11:41:50.099-0400] {processor.py:914} INFO - Processing file /home/aangava/MSP/airflow_venv/lib/python3.12/site-packages/airflow/example_dags/plugins/event_listener.py for tasks to queue
[2025-04-28T11:41:50.101-0400] {logging_mixin.py:190} INFO - [2025-04-28T11:41:50.100-0400] {dagbag.py:588} INFO - Filling up the DagBag from /home/aangava/MSP/airflow_venv/lib/python3.12/site-packages/airflow/example_dags/plugins/event_listener.py
[2025-04-28T11:41:50.103-0400] {processor.py:927} WARNING - No viable dags retrieved from /home/aangava/MSP/airflow_venv/lib/python3.12/site-packages/airflow/example_dags/plugins/event_listener.py
[2025-04-28T11:41:50.110-0400] {processor.py:208} INFO - Processing /home/aangava/MSP/airflow_venv/lib/python3.12/site-packages/airflow/example_dags/plugins/event_listener.py took 0.017 seconds
[2025-04-28T11:43:14.786-0400] {processor.py:186} INFO - Started process (PID=30630) to work on /home/aangava/MSP/airflow_venv/lib/python3.12/site-packages/airflow/example_dags/plugins/event_listener.py
[2025-04-28T11:43:14.788-0400] {processor.py:914} INFO - Processing file /home/aangava/MSP/airflow_venv/lib/python3.12/site-packages/airflow/example_dags/plugins/event_listener.py for tasks to queue
[2025-04-28T11:43:14.789-0400] {logging_mixin.py:190} INFO - [2025-04-28T11:43:14.789-0400] {dagbag.py:588} INFO - Filling up the DagBag from /home/aangava/MSP/airflow_venv/lib/python3.12/site-packages/airflow/example_dags/plugins/event_listener.py
[2025-04-28T11:43:14.791-0400] {processor.py:927} WARNING - No viable dags retrieved from /home/aangava/MSP/airflow_venv/lib/python3.12/site-packages/airflow/example_dags/plugins/event_listener.py
[2025-04-28T11:43:14.799-0400] {processor.py:208} INFO - Processing /home/aangava/MSP/airflow_venv/lib/python3.12/site-packages/airflow/example_dags/plugins/event_listener.py took 0.017 seconds
[2025-04-28T11:44:35.267-0400] {processor.py:186} INFO - Started process (PID=31123) to work on /home/aangava/MSP/airflow_venv/lib/python3.12/site-packages/airflow/example_dags/plugins/event_listener.py
[2025-04-28T11:44:35.268-0400] {processor.py:914} INFO - Processing file /home/aangava/MSP/airflow_venv/lib/python3.12/site-packages/airflow/example_dags/plugins/event_listener.py for tasks to queue
[2025-04-28T11:44:35.269-0400] {logging_mixin.py:190} INFO - [2025-04-28T11:44:35.269-0400] {dagbag.py:588} INFO - Filling up the DagBag from /home/aangava/MSP/airflow_venv/lib/python3.12/site-packages/airflow/example_dags/plugins/event_listener.py
[2025-04-28T11:44:35.271-0400] {processor.py:927} WARNING - No viable dags retrieved from /home/aangava/MSP/airflow_venv/lib/python3.12/site-packages/airflow/example_dags/plugins/event_listener.py
[2025-04-28T11:44:35.280-0400] {processor.py:208} INFO - Processing /home/aangava/MSP/airflow_venv/lib/python3.12/site-packages/airflow/example_dags/plugins/event_listener.py took 0.017 seconds
[2025-04-28T11:45:55.612-0400] {processor.py:186} INFO - Started process (PID=31592) to work on /home/aangava/MSP/airflow_venv/lib/python3.12/site-packages/airflow/example_dags/plugins/event_listener.py
[2025-04-28T11:45:55.622-0400] {processor.py:914} INFO - Processing file /home/aangava/MSP/airflow_venv/lib/python3.12/site-packages/airflow/example_dags/plugins/event_listener.py for tasks to queue
[2025-04-28T11:45:55.623-0400] {logging_mixin.py:190} INFO - [2025-04-28T11:45:55.623-0400] {dagbag.py:588} INFO - Filling up the DagBag from /home/aangava/MSP/airflow_venv/lib/python3.12/site-packages/airflow/example_dags/plugins/event_listener.py
[2025-04-28T11:45:55.625-0400] {processor.py:927} WARNING - No viable dags retrieved from /home/aangava/MSP/airflow_venv/lib/python3.12/site-packages/airflow/example_dags/plugins/event_listener.py
[2025-04-28T11:45:55.634-0400] {processor.py:208} INFO - Processing /home/aangava/MSP/airflow_venv/lib/python3.12/site-packages/airflow/example_dags/plugins/event_listener.py took 0.026 seconds
[2025-04-28T11:47:17.997-0400] {processor.py:186} INFO - Started process (PID=32194) to work on /home/aangava/MSP/airflow_venv/lib/python3.12/site-packages/airflow/example_dags/plugins/event_listener.py
[2025-04-28T11:47:17.998-0400] {processor.py:914} INFO - Processing file /home/aangava/MSP/airflow_venv/lib/python3.12/site-packages/airflow/example_dags/plugins/event_listener.py for tasks to queue
[2025-04-28T11:47:17.999-0400] {logging_mixin.py:190} INFO - [2025-04-28T11:47:17.999-0400] {dagbag.py:588} INFO - Filling up the DagBag from /home/aangava/MSP/airflow_venv/lib/python3.12/site-packages/airflow/example_dags/plugins/event_listener.py
[2025-04-28T11:47:18.001-0400] {processor.py:927} WARNING - No viable dags retrieved from /home/aangava/MSP/airflow_venv/lib/python3.12/site-packages/airflow/example_dags/plugins/event_listener.py
[2025-04-28T11:47:18.008-0400] {processor.py:208} INFO - Processing /home/aangava/MSP/airflow_venv/lib/python3.12/site-packages/airflow/example_dags/plugins/event_listener.py took 0.016 seconds
[2025-04-28T11:48:37.939-0400] {processor.py:186} INFO - Started process (PID=32591) to work on /home/aangava/MSP/airflow_venv/lib/python3.12/site-packages/airflow/example_dags/plugins/event_listener.py
[2025-04-28T11:48:37.941-0400] {processor.py:914} INFO - Processing file /home/aangava/MSP/airflow_venv/lib/python3.12/site-packages/airflow/example_dags/plugins/event_listener.py for tasks to queue
[2025-04-28T11:48:37.942-0400] {logging_mixin.py:190} INFO - [2025-04-28T11:48:37.942-0400] {dagbag.py:588} INFO - Filling up the DagBag from /home/aangava/MSP/airflow_venv/lib/python3.12/site-packages/airflow/example_dags/plugins/event_listener.py
[2025-04-28T11:48:37.943-0400] {processor.py:927} WARNING - No viable dags retrieved from /home/aangava/MSP/airflow_venv/lib/python3.12/site-packages/airflow/example_dags/plugins/event_listener.py
[2025-04-28T11:48:37.951-0400] {processor.py:208} INFO - Processing /home/aangava/MSP/airflow_venv/lib/python3.12/site-packages/airflow/example_dags/plugins/event_listener.py took 0.017 seconds
[2025-04-28T11:49:32.765-0400] {processor.py:186} INFO - Started process (PID=32901) to work on /home/aangava/MSP/airflow_venv/lib/python3.12/site-packages/airflow/example_dags/plugins/event_listener.py
[2025-04-28T11:49:32.775-0400] {processor.py:914} INFO - Processing file /home/aangava/MSP/airflow_venv/lib/python3.12/site-packages/airflow/example_dags/plugins/event_listener.py for tasks to queue
[2025-04-28T11:49:32.777-0400] {logging_mixin.py:190} INFO - [2025-04-28T11:49:32.776-0400] {dagbag.py:588} INFO - Filling up the DagBag from /home/aangava/MSP/airflow_venv/lib/python3.12/site-packages/airflow/example_dags/plugins/event_listener.py
[2025-04-28T11:49:32.778-0400] {processor.py:927} WARNING - No viable dags retrieved from /home/aangava/MSP/airflow_venv/lib/python3.12/site-packages/airflow/example_dags/plugins/event_listener.py
[2025-04-28T11:49:32.785-0400] {processor.py:208} INFO - Processing /home/aangava/MSP/airflow_venv/lib/python3.12/site-packages/airflow/example_dags/plugins/event_listener.py took 0.026 seconds
[2025-04-28T11:50:53.664-0400] {processor.py:186} INFO - Started process (PID=33710) to work on /home/aangava/MSP/airflow_venv/lib/python3.12/site-packages/airflow/example_dags/plugins/event_listener.py
[2025-04-28T11:50:53.665-0400] {processor.py:914} INFO - Processing file /home/aangava/MSP/airflow_venv/lib/python3.12/site-packages/airflow/example_dags/plugins/event_listener.py for tasks to queue
[2025-04-28T11:50:53.666-0400] {logging_mixin.py:190} INFO - [2025-04-28T11:50:53.666-0400] {dagbag.py:588} INFO - Filling up the DagBag from /home/aangava/MSP/airflow_venv/lib/python3.12/site-packages/airflow/example_dags/plugins/event_listener.py
[2025-04-28T11:50:53.668-0400] {processor.py:927} WARNING - No viable dags retrieved from /home/aangava/MSP/airflow_venv/lib/python3.12/site-packages/airflow/example_dags/plugins/event_listener.py
[2025-04-28T11:50:53.677-0400] {processor.py:208} INFO - Processing /home/aangava/MSP/airflow_venv/lib/python3.12/site-packages/airflow/example_dags/plugins/event_listener.py took 0.018 seconds
[2025-04-28T11:52:16.483-0400] {processor.py:186} INFO - Started process (PID=34295) to work on /home/aangava/MSP/airflow_venv/lib/python3.12/site-packages/airflow/example_dags/plugins/event_listener.py
[2025-04-28T11:52:16.485-0400] {processor.py:914} INFO - Processing file /home/aangava/MSP/airflow_venv/lib/python3.12/site-packages/airflow/example_dags/plugins/event_listener.py for tasks to queue
[2025-04-28T11:52:16.485-0400] {logging_mixin.py:190} INFO - [2025-04-28T11:52:16.485-0400] {dagbag.py:588} INFO - Filling up the DagBag from /home/aangava/MSP/airflow_venv/lib/python3.12/site-packages/airflow/example_dags/plugins/event_listener.py
[2025-04-28T11:52:16.487-0400] {processor.py:927} WARNING - No viable dags retrieved from /home/aangava/MSP/airflow_venv/lib/python3.12/site-packages/airflow/example_dags/plugins/event_listener.py
[2025-04-28T11:52:16.495-0400] {processor.py:208} INFO - Processing /home/aangava/MSP/airflow_venv/lib/python3.12/site-packages/airflow/example_dags/plugins/event_listener.py took 0.016 seconds
[2025-04-28T11:53:33.648-0400] {processor.py:186} INFO - Started process (PID=35352) to work on /home/aangava/MSP/airflow_venv/lib/python3.12/site-packages/airflow/example_dags/plugins/event_listener.py
[2025-04-28T11:53:33.658-0400] {processor.py:914} INFO - Processing file /home/aangava/MSP/airflow_venv/lib/python3.12/site-packages/airflow/example_dags/plugins/event_listener.py for tasks to queue
[2025-04-28T11:53:33.659-0400] {logging_mixin.py:190} INFO - [2025-04-28T11:53:33.659-0400] {dagbag.py:588} INFO - Filling up the DagBag from /home/aangava/MSP/airflow_venv/lib/python3.12/site-packages/airflow/example_dags/plugins/event_listener.py
[2025-04-28T11:53:33.661-0400] {processor.py:927} WARNING - No viable dags retrieved from /home/aangava/MSP/airflow_venv/lib/python3.12/site-packages/airflow/example_dags/plugins/event_listener.py
[2025-04-28T11:53:33.668-0400] {processor.py:208} INFO - Processing /home/aangava/MSP/airflow_venv/lib/python3.12/site-packages/airflow/example_dags/plugins/event_listener.py took 0.025 seconds
[2025-04-28T11:54:57.966-0400] {processor.py:186} INFO - Started process (PID=36363) to work on /home/aangava/MSP/airflow_venv/lib/python3.12/site-packages/airflow/example_dags/plugins/event_listener.py
[2025-04-28T11:54:57.976-0400] {processor.py:914} INFO - Processing file /home/aangava/MSP/airflow_venv/lib/python3.12/site-packages/airflow/example_dags/plugins/event_listener.py for tasks to queue
[2025-04-28T11:54:57.977-0400] {logging_mixin.py:190} INFO - [2025-04-28T11:54:57.977-0400] {dagbag.py:588} INFO - Filling up the DagBag from /home/aangava/MSP/airflow_venv/lib/python3.12/site-packages/airflow/example_dags/plugins/event_listener.py
[2025-04-28T11:54:57.979-0400] {processor.py:927} WARNING - No viable dags retrieved from /home/aangava/MSP/airflow_venv/lib/python3.12/site-packages/airflow/example_dags/plugins/event_listener.py
[2025-04-28T11:54:57.987-0400] {processor.py:208} INFO - Processing /home/aangava/MSP/airflow_venv/lib/python3.12/site-packages/airflow/example_dags/plugins/event_listener.py took 0.025 seconds
[2025-04-28T11:56:19.969-0400] {processor.py:186} INFO - Started process (PID=37970) to work on /home/aangava/MSP/airflow_venv/lib/python3.12/site-packages/airflow/example_dags/plugins/event_listener.py
[2025-04-28T11:56:19.970-0400] {processor.py:914} INFO - Processing file /home/aangava/MSP/airflow_venv/lib/python3.12/site-packages/airflow/example_dags/plugins/event_listener.py for tasks to queue
[2025-04-28T11:56:19.971-0400] {logging_mixin.py:190} INFO - [2025-04-28T11:56:19.971-0400] {dagbag.py:588} INFO - Filling up the DagBag from /home/aangava/MSP/airflow_venv/lib/python3.12/site-packages/airflow/example_dags/plugins/event_listener.py
[2025-04-28T11:56:19.973-0400] {processor.py:927} WARNING - No viable dags retrieved from /home/aangava/MSP/airflow_venv/lib/python3.12/site-packages/airflow/example_dags/plugins/event_listener.py
[2025-04-28T11:56:19.980-0400] {processor.py:208} INFO - Processing /home/aangava/MSP/airflow_venv/lib/python3.12/site-packages/airflow/example_dags/plugins/event_listener.py took 0.016 seconds
[2025-04-28T11:57:19.525-0400] {processor.py:186} INFO - Started process (PID=38377) to work on /home/aangava/MSP/airflow_venv/lib/python3.12/site-packages/airflow/example_dags/plugins/event_listener.py
[2025-04-28T11:57:19.525-0400] {processor.py:914} INFO - Processing file /home/aangava/MSP/airflow_venv/lib/python3.12/site-packages/airflow/example_dags/plugins/event_listener.py for tasks to queue
[2025-04-28T11:57:19.527-0400] {logging_mixin.py:190} INFO - [2025-04-28T11:57:19.526-0400] {dagbag.py:588} INFO - Filling up the DagBag from /home/aangava/MSP/airflow_venv/lib/python3.12/site-packages/airflow/example_dags/plugins/event_listener.py
[2025-04-28T11:57:19.529-0400] {processor.py:927} WARNING - No viable dags retrieved from /home/aangava/MSP/airflow_venv/lib/python3.12/site-packages/airflow/example_dags/plugins/event_listener.py
[2025-04-28T11:57:19.537-0400] {processor.py:208} INFO - Processing /home/aangava/MSP/airflow_venv/lib/python3.12/site-packages/airflow/example_dags/plugins/event_listener.py took 0.017 seconds
[2025-04-28T11:58:19.554-0400] {processor.py:186} INFO - Started process (PID=38939) to work on /home/aangava/MSP/airflow_venv/lib/python3.12/site-packages/airflow/example_dags/plugins/event_listener.py
[2025-04-28T11:58:19.557-0400] {processor.py:914} INFO - Processing file /home/aangava/MSP/airflow_venv/lib/python3.12/site-packages/airflow/example_dags/plugins/event_listener.py for tasks to queue
[2025-04-28T11:58:19.559-0400] {logging_mixin.py:190} INFO - [2025-04-28T11:58:19.558-0400] {dagbag.py:588} INFO - Filling up the DagBag from /home/aangava/MSP/airflow_venv/lib/python3.12/site-packages/airflow/example_dags/plugins/event_listener.py
[2025-04-28T11:58:19.560-0400] {processor.py:927} WARNING - No viable dags retrieved from /home/aangava/MSP/airflow_venv/lib/python3.12/site-packages/airflow/example_dags/plugins/event_listener.py
[2025-04-28T11:58:19.568-0400] {processor.py:208} INFO - Processing /home/aangava/MSP/airflow_venv/lib/python3.12/site-packages/airflow/example_dags/plugins/event_listener.py took 0.019 seconds
[2025-04-28T11:59:39.777-0400] {processor.py:186} INFO - Started process (PID=39484) to work on /home/aangava/MSP/airflow_venv/lib/python3.12/site-packages/airflow/example_dags/plugins/event_listener.py
[2025-04-28T11:59:39.787-0400] {processor.py:914} INFO - Processing file /home/aangava/MSP/airflow_venv/lib/python3.12/site-packages/airflow/example_dags/plugins/event_listener.py for tasks to queue
[2025-04-28T11:59:39.788-0400] {logging_mixin.py:190} INFO - [2025-04-28T11:59:39.788-0400] {dagbag.py:588} INFO - Filling up the DagBag from /home/aangava/MSP/airflow_venv/lib/python3.12/site-packages/airflow/example_dags/plugins/event_listener.py
[2025-04-28T11:59:39.790-0400] {processor.py:927} WARNING - No viable dags retrieved from /home/aangava/MSP/airflow_venv/lib/python3.12/site-packages/airflow/example_dags/plugins/event_listener.py
[2025-04-28T11:59:39.798-0400] {processor.py:208} INFO - Processing /home/aangava/MSP/airflow_venv/lib/python3.12/site-packages/airflow/example_dags/plugins/event_listener.py took 0.025 seconds
[2025-04-28T12:00:58.089-0400] {processor.py:186} INFO - Started process (PID=39838) to work on /home/aangava/MSP/airflow_venv/lib/python3.12/site-packages/airflow/example_dags/plugins/event_listener.py
[2025-04-28T12:00:58.090-0400] {processor.py:914} INFO - Processing file /home/aangava/MSP/airflow_venv/lib/python3.12/site-packages/airflow/example_dags/plugins/event_listener.py for tasks to queue
[2025-04-28T12:00:58.091-0400] {logging_mixin.py:190} INFO - [2025-04-28T12:00:58.091-0400] {dagbag.py:588} INFO - Filling up the DagBag from /home/aangava/MSP/airflow_venv/lib/python3.12/site-packages/airflow/example_dags/plugins/event_listener.py
[2025-04-28T12:00:58.093-0400] {processor.py:927} WARNING - No viable dags retrieved from /home/aangava/MSP/airflow_venv/lib/python3.12/site-packages/airflow/example_dags/plugins/event_listener.py
[2025-04-28T12:00:58.101-0400] {processor.py:208} INFO - Processing /home/aangava/MSP/airflow_venv/lib/python3.12/site-packages/airflow/example_dags/plugins/event_listener.py took 0.017 seconds
[2025-04-28T12:02:17.161-0400] {processor.py:186} INFO - Started process (PID=40208) to work on /home/aangava/MSP/airflow_venv/lib/python3.12/site-packages/airflow/example_dags/plugins/event_listener.py
[2025-04-28T12:02:17.162-0400] {processor.py:914} INFO - Processing file /home/aangava/MSP/airflow_venv/lib/python3.12/site-packages/airflow/example_dags/plugins/event_listener.py for tasks to queue
[2025-04-28T12:02:17.164-0400] {logging_mixin.py:190} INFO - [2025-04-28T12:02:17.163-0400] {dagbag.py:588} INFO - Filling up the DagBag from /home/aangava/MSP/airflow_venv/lib/python3.12/site-packages/airflow/example_dags/plugins/event_listener.py
[2025-04-28T12:02:17.165-0400] {processor.py:927} WARNING - No viable dags retrieved from /home/aangava/MSP/airflow_venv/lib/python3.12/site-packages/airflow/example_dags/plugins/event_listener.py
[2025-04-28T12:02:17.174-0400] {processor.py:208} INFO - Processing /home/aangava/MSP/airflow_venv/lib/python3.12/site-packages/airflow/example_dags/plugins/event_listener.py took 0.018 seconds
[2025-04-28T12:03:38.118-0400] {processor.py:186} INFO - Started process (PID=40604) to work on /home/aangava/MSP/airflow_venv/lib/python3.12/site-packages/airflow/example_dags/plugins/event_listener.py
[2025-04-28T12:03:38.127-0400] {processor.py:914} INFO - Processing file /home/aangava/MSP/airflow_venv/lib/python3.12/site-packages/airflow/example_dags/plugins/event_listener.py for tasks to queue
[2025-04-28T12:03:38.128-0400] {logging_mixin.py:190} INFO - [2025-04-28T12:03:38.128-0400] {dagbag.py:588} INFO - Filling up the DagBag from /home/aangava/MSP/airflow_venv/lib/python3.12/site-packages/airflow/example_dags/plugins/event_listener.py
[2025-04-28T12:03:38.130-0400] {processor.py:927} WARNING - No viable dags retrieved from /home/aangava/MSP/airflow_venv/lib/python3.12/site-packages/airflow/example_dags/plugins/event_listener.py
[2025-04-28T12:03:38.138-0400] {processor.py:208} INFO - Processing /home/aangava/MSP/airflow_venv/lib/python3.12/site-packages/airflow/example_dags/plugins/event_listener.py took 0.025 seconds
[2025-04-28T12:05:00.093-0400] {processor.py:186} INFO - Started process (PID=40984) to work on /home/aangava/MSP/airflow_venv/lib/python3.12/site-packages/airflow/example_dags/plugins/event_listener.py
[2025-04-28T12:05:00.102-0400] {processor.py:914} INFO - Processing file /home/aangava/MSP/airflow_venv/lib/python3.12/site-packages/airflow/example_dags/plugins/event_listener.py for tasks to queue
[2025-04-28T12:05:00.104-0400] {logging_mixin.py:190} INFO - [2025-04-28T12:05:00.103-0400] {dagbag.py:588} INFO - Filling up the DagBag from /home/aangava/MSP/airflow_venv/lib/python3.12/site-packages/airflow/example_dags/plugins/event_listener.py
[2025-04-28T12:05:00.106-0400] {processor.py:927} WARNING - No viable dags retrieved from /home/aangava/MSP/airflow_venv/lib/python3.12/site-packages/airflow/example_dags/plugins/event_listener.py
[2025-04-28T12:05:00.114-0400] {processor.py:208} INFO - Processing /home/aangava/MSP/airflow_venv/lib/python3.12/site-packages/airflow/example_dags/plugins/event_listener.py took 0.026 seconds
[2025-04-28T12:06:21.024-0400] {processor.py:186} INFO - Started process (PID=41345) to work on /home/aangava/MSP/airflow_venv/lib/python3.12/site-packages/airflow/example_dags/plugins/event_listener.py
[2025-04-28T12:06:21.034-0400] {processor.py:914} INFO - Processing file /home/aangava/MSP/airflow_venv/lib/python3.12/site-packages/airflow/example_dags/plugins/event_listener.py for tasks to queue
[2025-04-28T12:06:21.035-0400] {logging_mixin.py:190} INFO - [2025-04-28T12:06:21.034-0400] {dagbag.py:588} INFO - Filling up the DagBag from /home/aangava/MSP/airflow_venv/lib/python3.12/site-packages/airflow/example_dags/plugins/event_listener.py
[2025-04-28T12:06:21.037-0400] {processor.py:927} WARNING - No viable dags retrieved from /home/aangava/MSP/airflow_venv/lib/python3.12/site-packages/airflow/example_dags/plugins/event_listener.py
[2025-04-28T12:06:21.044-0400] {processor.py:208} INFO - Processing /home/aangava/MSP/airflow_venv/lib/python3.12/site-packages/airflow/example_dags/plugins/event_listener.py took 0.025 seconds
[2025-04-28T12:07:43.696-0400] {processor.py:186} INFO - Started process (PID=41728) to work on /home/aangava/MSP/airflow_venv/lib/python3.12/site-packages/airflow/example_dags/plugins/event_listener.py
[2025-04-28T12:07:43.701-0400] {processor.py:914} INFO - Processing file /home/aangava/MSP/airflow_venv/lib/python3.12/site-packages/airflow/example_dags/plugins/event_listener.py for tasks to queue
[2025-04-28T12:07:43.702-0400] {logging_mixin.py:190} INFO - [2025-04-28T12:07:43.701-0400] {dagbag.py:588} INFO - Filling up the DagBag from /home/aangava/MSP/airflow_venv/lib/python3.12/site-packages/airflow/example_dags/plugins/event_listener.py
[2025-04-28T12:07:43.705-0400] {processor.py:927} WARNING - No viable dags retrieved from /home/aangava/MSP/airflow_venv/lib/python3.12/site-packages/airflow/example_dags/plugins/event_listener.py
[2025-04-28T12:07:43.713-0400] {processor.py:208} INFO - Processing /home/aangava/MSP/airflow_venv/lib/python3.12/site-packages/airflow/example_dags/plugins/event_listener.py took 0.022 seconds
[2025-04-28T12:08:38.425-0400] {processor.py:186} INFO - Started process (PID=42006) to work on /home/aangava/MSP/airflow_venv/lib/python3.12/site-packages/airflow/example_dags/plugins/event_listener.py
[2025-04-28T12:08:38.426-0400] {processor.py:914} INFO - Processing file /home/aangava/MSP/airflow_venv/lib/python3.12/site-packages/airflow/example_dags/plugins/event_listener.py for tasks to queue
[2025-04-28T12:08:38.427-0400] {logging_mixin.py:190} INFO - [2025-04-28T12:08:38.427-0400] {dagbag.py:588} INFO - Filling up the DagBag from /home/aangava/MSP/airflow_venv/lib/python3.12/site-packages/airflow/example_dags/plugins/event_listener.py
[2025-04-28T12:08:38.429-0400] {processor.py:927} WARNING - No viable dags retrieved from /home/aangava/MSP/airflow_venv/lib/python3.12/site-packages/airflow/example_dags/plugins/event_listener.py
[2025-04-28T12:08:38.437-0400] {processor.py:208} INFO - Processing /home/aangava/MSP/airflow_venv/lib/python3.12/site-packages/airflow/example_dags/plugins/event_listener.py took 0.016 seconds
[2025-04-28T12:37:45.966-0400] {processor.py:186} INFO - Started process (PID=47226) to work on /home/aangava/MSP/airflow_venv/lib/python3.12/site-packages/airflow/example_dags/plugins/event_listener.py
[2025-04-28T12:37:45.967-0400] {processor.py:914} INFO - Processing file /home/aangava/MSP/airflow_venv/lib/python3.12/site-packages/airflow/example_dags/plugins/event_listener.py for tasks to queue
[2025-04-28T12:37:45.969-0400] {logging_mixin.py:190} INFO - [2025-04-28T12:37:45.969-0400] {dagbag.py:588} INFO - Filling up the DagBag from /home/aangava/MSP/airflow_venv/lib/python3.12/site-packages/airflow/example_dags/plugins/event_listener.py
[2025-04-28T12:37:45.971-0400] {processor.py:927} WARNING - No viable dags retrieved from /home/aangava/MSP/airflow_venv/lib/python3.12/site-packages/airflow/example_dags/plugins/event_listener.py
[2025-04-28T12:37:45.979-0400] {processor.py:208} INFO - Processing /home/aangava/MSP/airflow_venv/lib/python3.12/site-packages/airflow/example_dags/plugins/event_listener.py took 0.017 seconds
[2025-04-28T12:38:40.163-0400] {processor.py:186} INFO - Started process (PID=47753) to work on /home/aangava/MSP/airflow_venv/lib/python3.12/site-packages/airflow/example_dags/plugins/event_listener.py
[2025-04-28T12:38:40.164-0400] {processor.py:914} INFO - Processing file /home/aangava/MSP/airflow_venv/lib/python3.12/site-packages/airflow/example_dags/plugins/event_listener.py for tasks to queue
[2025-04-28T12:38:40.166-0400] {logging_mixin.py:190} INFO - [2025-04-28T12:38:40.166-0400] {dagbag.py:588} INFO - Filling up the DagBag from /home/aangava/MSP/airflow_venv/lib/python3.12/site-packages/airflow/example_dags/plugins/event_listener.py
[2025-04-28T12:38:40.167-0400] {processor.py:927} WARNING - No viable dags retrieved from /home/aangava/MSP/airflow_venv/lib/python3.12/site-packages/airflow/example_dags/plugins/event_listener.py
[2025-04-28T12:38:40.174-0400] {processor.py:208} INFO - Processing /home/aangava/MSP/airflow_venv/lib/python3.12/site-packages/airflow/example_dags/plugins/event_listener.py took 0.015 seconds
[2025-04-28T12:40:14.495-0400] {processor.py:186} INFO - Started process (PID=49009) to work on /home/aangava/MSP/airflow_venv/lib/python3.12/site-packages/airflow/example_dags/plugins/event_listener.py
[2025-04-28T12:40:14.496-0400] {processor.py:914} INFO - Processing file /home/aangava/MSP/airflow_venv/lib/python3.12/site-packages/airflow/example_dags/plugins/event_listener.py for tasks to queue
[2025-04-28T12:40:14.497-0400] {logging_mixin.py:190} INFO - [2025-04-28T12:40:14.497-0400] {dagbag.py:588} INFO - Filling up the DagBag from /home/aangava/MSP/airflow_venv/lib/python3.12/site-packages/airflow/example_dags/plugins/event_listener.py
[2025-04-28T12:40:14.499-0400] {processor.py:927} WARNING - No viable dags retrieved from /home/aangava/MSP/airflow_venv/lib/python3.12/site-packages/airflow/example_dags/plugins/event_listener.py
[2025-04-28T12:40:14.507-0400] {processor.py:208} INFO - Processing /home/aangava/MSP/airflow_venv/lib/python3.12/site-packages/airflow/example_dags/plugins/event_listener.py took 0.016 seconds
[2025-04-28T12:41:21.484-0400] {processor.py:186} INFO - Started process (PID=49348) to work on /home/aangava/MSP/airflow_venv/lib/python3.12/site-packages/airflow/example_dags/plugins/event_listener.py
[2025-04-28T12:41:21.485-0400] {processor.py:914} INFO - Processing file /home/aangava/MSP/airflow_venv/lib/python3.12/site-packages/airflow/example_dags/plugins/event_listener.py for tasks to queue
[2025-04-28T12:41:21.487-0400] {logging_mixin.py:190} INFO - [2025-04-28T12:41:21.486-0400] {dagbag.py:588} INFO - Filling up the DagBag from /home/aangava/MSP/airflow_venv/lib/python3.12/site-packages/airflow/example_dags/plugins/event_listener.py
[2025-04-28T12:41:21.489-0400] {processor.py:927} WARNING - No viable dags retrieved from /home/aangava/MSP/airflow_venv/lib/python3.12/site-packages/airflow/example_dags/plugins/event_listener.py
[2025-04-28T12:41:21.496-0400] {processor.py:208} INFO - Processing /home/aangava/MSP/airflow_venv/lib/python3.12/site-packages/airflow/example_dags/plugins/event_listener.py took 0.016 seconds
[2025-04-28T12:42:35.543-0400] {processor.py:186} INFO - Started process (PID=49803) to work on /home/aangava/MSP/airflow_venv/lib/python3.12/site-packages/airflow/example_dags/plugins/event_listener.py
[2025-04-28T12:42:35.545-0400] {processor.py:914} INFO - Processing file /home/aangava/MSP/airflow_venv/lib/python3.12/site-packages/airflow/example_dags/plugins/event_listener.py for tasks to queue
[2025-04-28T12:42:35.547-0400] {logging_mixin.py:190} INFO - [2025-04-28T12:42:35.546-0400] {dagbag.py:588} INFO - Filling up the DagBag from /home/aangava/MSP/airflow_venv/lib/python3.12/site-packages/airflow/example_dags/plugins/event_listener.py
[2025-04-28T12:42:35.548-0400] {processor.py:927} WARNING - No viable dags retrieved from /home/aangava/MSP/airflow_venv/lib/python3.12/site-packages/airflow/example_dags/plugins/event_listener.py
[2025-04-28T12:42:35.557-0400] {processor.py:208} INFO - Processing /home/aangava/MSP/airflow_venv/lib/python3.12/site-packages/airflow/example_dags/plugins/event_listener.py took 0.017 seconds
[2025-04-28T12:43:55.604-0400] {processor.py:186} INFO - Started process (PID=50343) to work on /home/aangava/MSP/airflow_venv/lib/python3.12/site-packages/airflow/example_dags/plugins/event_listener.py
[2025-04-28T12:43:55.605-0400] {processor.py:914} INFO - Processing file /home/aangava/MSP/airflow_venv/lib/python3.12/site-packages/airflow/example_dags/plugins/event_listener.py for tasks to queue
[2025-04-28T12:43:55.607-0400] {logging_mixin.py:190} INFO - [2025-04-28T12:43:55.606-0400] {dagbag.py:588} INFO - Filling up the DagBag from /home/aangava/MSP/airflow_venv/lib/python3.12/site-packages/airflow/example_dags/plugins/event_listener.py
[2025-04-28T12:43:55.609-0400] {processor.py:927} WARNING - No viable dags retrieved from /home/aangava/MSP/airflow_venv/lib/python3.12/site-packages/airflow/example_dags/plugins/event_listener.py
[2025-04-28T12:43:55.616-0400] {processor.py:208} INFO - Processing /home/aangava/MSP/airflow_venv/lib/python3.12/site-packages/airflow/example_dags/plugins/event_listener.py took 0.016 seconds
[2025-04-28T12:45:11.446-0400] {processor.py:186} INFO - Started process (PID=50976) to work on /home/aangava/MSP/airflow_venv/lib/python3.12/site-packages/airflow/example_dags/plugins/event_listener.py
[2025-04-28T12:45:11.447-0400] {processor.py:914} INFO - Processing file /home/aangava/MSP/airflow_venv/lib/python3.12/site-packages/airflow/example_dags/plugins/event_listener.py for tasks to queue
[2025-04-28T12:45:11.448-0400] {logging_mixin.py:190} INFO - [2025-04-28T12:45:11.448-0400] {dagbag.py:588} INFO - Filling up the DagBag from /home/aangava/MSP/airflow_venv/lib/python3.12/site-packages/airflow/example_dags/plugins/event_listener.py
[2025-04-28T12:45:11.450-0400] {processor.py:927} WARNING - No viable dags retrieved from /home/aangava/MSP/airflow_venv/lib/python3.12/site-packages/airflow/example_dags/plugins/event_listener.py
[2025-04-28T12:45:11.457-0400] {processor.py:208} INFO - Processing /home/aangava/MSP/airflow_venv/lib/python3.12/site-packages/airflow/example_dags/plugins/event_listener.py took 0.015 seconds
[2025-04-28T12:47:32.217-0400] {processor.py:186} INFO - Started process (PID=52157) to work on /home/aangava/MSP/airflow_venv/lib/python3.12/site-packages/airflow/example_dags/plugins/event_listener.py
[2025-04-28T12:47:32.218-0400] {processor.py:914} INFO - Processing file /home/aangava/MSP/airflow_venv/lib/python3.12/site-packages/airflow/example_dags/plugins/event_listener.py for tasks to queue
[2025-04-28T12:47:32.220-0400] {logging_mixin.py:190} INFO - [2025-04-28T12:47:32.220-0400] {dagbag.py:588} INFO - Filling up the DagBag from /home/aangava/MSP/airflow_venv/lib/python3.12/site-packages/airflow/example_dags/plugins/event_listener.py
[2025-04-28T12:47:32.221-0400] {processor.py:927} WARNING - No viable dags retrieved from /home/aangava/MSP/airflow_venv/lib/python3.12/site-packages/airflow/example_dags/plugins/event_listener.py
[2025-04-28T12:47:32.228-0400] {processor.py:208} INFO - Processing /home/aangava/MSP/airflow_venv/lib/python3.12/site-packages/airflow/example_dags/plugins/event_listener.py took 0.015 seconds
[2025-04-28T12:48:51.124-0400] {processor.py:186} INFO - Started process (PID=52577) to work on /home/aangava/MSP/airflow_venv/lib/python3.12/site-packages/airflow/example_dags/plugins/event_listener.py
[2025-04-28T12:48:51.126-0400] {processor.py:914} INFO - Processing file /home/aangava/MSP/airflow_venv/lib/python3.12/site-packages/airflow/example_dags/plugins/event_listener.py for tasks to queue
[2025-04-28T12:48:51.127-0400] {logging_mixin.py:190} INFO - [2025-04-28T12:48:51.127-0400] {dagbag.py:588} INFO - Filling up the DagBag from /home/aangava/MSP/airflow_venv/lib/python3.12/site-packages/airflow/example_dags/plugins/event_listener.py
[2025-04-28T12:48:51.129-0400] {processor.py:927} WARNING - No viable dags retrieved from /home/aangava/MSP/airflow_venv/lib/python3.12/site-packages/airflow/example_dags/plugins/event_listener.py
[2025-04-28T12:48:51.136-0400] {processor.py:208} INFO - Processing /home/aangava/MSP/airflow_venv/lib/python3.12/site-packages/airflow/example_dags/plugins/event_listener.py took 0.016 seconds
[2025-04-28T12:50:06.742-0400] {processor.py:186} INFO - Started process (PID=53272) to work on /home/aangava/MSP/airflow_venv/lib/python3.12/site-packages/airflow/example_dags/plugins/event_listener.py
[2025-04-28T12:50:06.746-0400] {processor.py:914} INFO - Processing file /home/aangava/MSP/airflow_venv/lib/python3.12/site-packages/airflow/example_dags/plugins/event_listener.py for tasks to queue
[2025-04-28T12:50:06.747-0400] {logging_mixin.py:190} INFO - [2025-04-28T12:50:06.747-0400] {dagbag.py:588} INFO - Filling up the DagBag from /home/aangava/MSP/airflow_venv/lib/python3.12/site-packages/airflow/example_dags/plugins/event_listener.py
[2025-04-28T12:50:06.749-0400] {processor.py:927} WARNING - No viable dags retrieved from /home/aangava/MSP/airflow_venv/lib/python3.12/site-packages/airflow/example_dags/plugins/event_listener.py
[2025-04-28T12:50:06.756-0400] {processor.py:208} INFO - Processing /home/aangava/MSP/airflow_venv/lib/python3.12/site-packages/airflow/example_dags/plugins/event_listener.py took 0.017 seconds
[2025-04-28T12:50:17.317-0400] {processor.py:186} INFO - Started process (PID=53403) to work on /home/aangava/MSP/airflow_venv/lib/python3.12/site-packages/airflow/example_dags/plugins/event_listener.py
[2025-04-28T12:50:17.317-0400] {processor.py:914} INFO - Processing file /home/aangava/MSP/airflow_venv/lib/python3.12/site-packages/airflow/example_dags/plugins/event_listener.py for tasks to queue
[2025-04-28T12:50:17.319-0400] {logging_mixin.py:190} INFO - [2025-04-28T12:50:17.319-0400] {dagbag.py:588} INFO - Filling up the DagBag from /home/aangava/MSP/airflow_venv/lib/python3.12/site-packages/airflow/example_dags/plugins/event_listener.py
[2025-04-28T12:50:17.321-0400] {processor.py:927} WARNING - No viable dags retrieved from /home/aangava/MSP/airflow_venv/lib/python3.12/site-packages/airflow/example_dags/plugins/event_listener.py
[2025-04-28T12:50:17.329-0400] {processor.py:208} INFO - Processing /home/aangava/MSP/airflow_venv/lib/python3.12/site-packages/airflow/example_dags/plugins/event_listener.py took 0.016 seconds
