[2025-04-28T10:35:43.860-0400] {processor.py:186} INFO - Started process (PID=5844) to work on /home/aangava/MSP/airflow_venv/lib/python3.12/site-packages/airflow/example_dags/plugins/workday.py
[2025-04-28T10:35:43.861-0400] {processor.py:914} INFO - Processing file /home/aangava/MSP/airflow_venv/lib/python3.12/site-packages/airflow/example_dags/plugins/workday.py for tasks to queue
[2025-04-28T10:35:43.864-0400] {logging_mixin.py:190} INFO - [2025-04-28T10:35:43.864-0400] {dagbag.py:588} INFO - Filling up the DagBag from /home/aangava/MSP/airflow_venv/lib/python3.12/site-packages/airflow/example_dags/plugins/workday.py
[2025-04-28T10:35:43.871-0400] {logging_mixin.py:190} INFO - [2025-04-28T10:35:43.871-0400] {workday.py:41} WARNING - Could not import pandas. Holidays will not be considered.
[2025-04-28T10:35:43.871-0400] {processor.py:927} WARNING - No viable dags retrieved from /home/aangava/MSP/airflow_venv/lib/python3.12/site-packages/airflow/example_dags/plugins/workday.py
[2025-04-28T10:35:43.886-0400] {processor.py:208} INFO - Processing /home/aangava/MSP/airflow_venv/lib/python3.12/site-packages/airflow/example_dags/plugins/workday.py took 0.034 seconds
[2025-04-28T10:36:46.241-0400] {processor.py:186} INFO - Started process (PID=6338) to work on /home/aangava/MSP/airflow_venv/lib/python3.12/site-packages/airflow/example_dags/plugins/workday.py
[2025-04-28T10:36:46.243-0400] {processor.py:914} INFO - Processing file /home/aangava/MSP/airflow_venv/lib/python3.12/site-packages/airflow/example_dags/plugins/workday.py for tasks to queue
[2025-04-28T10:36:46.246-0400] {logging_mixin.py:190} INFO - [2025-04-28T10:36:46.245-0400] {dagbag.py:588} INFO - Filling up the DagBag from /home/aangava/MSP/airflow_venv/lib/python3.12/site-packages/airflow/example_dags/plugins/workday.py
[2025-04-28T10:36:46.249-0400] {logging_mixin.py:190} INFO - [2025-04-28T10:36:46.249-0400] {workday.py:41} WARNING - Could not import pandas. Holidays will not be considered.
[2025-04-28T10:36:46.249-0400] {processor.py:927} WARNING - No viable dags retrieved from /home/aangava/MSP/airflow_venv/lib/python3.12/site-packages/airflow/example_dags/plugins/workday.py
[2025-04-28T10:36:46.262-0400] {processor.py:208} INFO - Processing /home/aangava/MSP/airflow_venv/lib/python3.12/site-packages/airflow/example_dags/plugins/workday.py took 0.029 seconds
[2025-04-28T10:44:05.490-0400] {processor.py:186} INFO - Started process (PID=9083) to work on /home/aangava/MSP/airflow_venv/lib/python3.12/site-packages/airflow/example_dags/plugins/workday.py
[2025-04-28T10:44:05.500-0400] {processor.py:914} INFO - Processing file /home/aangava/MSP/airflow_venv/lib/python3.12/site-packages/airflow/example_dags/plugins/workday.py for tasks to queue
[2025-04-28T10:44:05.502-0400] {logging_mixin.py:190} INFO - [2025-04-28T10:44:05.501-0400] {dagbag.py:588} INFO - Filling up the DagBag from /home/aangava/MSP/airflow_venv/lib/python3.12/site-packages/airflow/example_dags/plugins/workday.py
[2025-04-28T10:44:05.504-0400] {logging_mixin.py:190} INFO - [2025-04-28T10:44:05.503-0400] {workday.py:41} WARNING - Could not import pandas. Holidays will not be considered.
[2025-04-28T10:44:05.504-0400] {processor.py:927} WARNING - No viable dags retrieved from /home/aangava/MSP/airflow_venv/lib/python3.12/site-packages/airflow/example_dags/plugins/workday.py
[2025-04-28T10:44:05.511-0400] {processor.py:208} INFO - Processing /home/aangava/MSP/airflow_venv/lib/python3.12/site-packages/airflow/example_dags/plugins/workday.py took 0.025 seconds
[2025-04-28T10:45:04.712-0400] {processor.py:186} INFO - Started process (PID=9473) to work on /home/aangava/MSP/airflow_venv/lib/python3.12/site-packages/airflow/example_dags/plugins/workday.py
[2025-04-28T10:45:04.723-0400] {processor.py:914} INFO - Processing file /home/aangava/MSP/airflow_venv/lib/python3.12/site-packages/airflow/example_dags/plugins/workday.py for tasks to queue
[2025-04-28T10:45:04.724-0400] {logging_mixin.py:190} INFO - [2025-04-28T10:45:04.724-0400] {dagbag.py:588} INFO - Filling up the DagBag from /home/aangava/MSP/airflow_venv/lib/python3.12/site-packages/airflow/example_dags/plugins/workday.py
[2025-04-28T10:45:04.727-0400] {logging_mixin.py:190} INFO - [2025-04-28T10:45:04.727-0400] {workday.py:41} WARNING - Could not import pandas. Holidays will not be considered.
[2025-04-28T10:45:04.727-0400] {processor.py:927} WARNING - No viable dags retrieved from /home/aangava/MSP/airflow_venv/lib/python3.12/site-packages/airflow/example_dags/plugins/workday.py
[2025-04-28T10:45:04.739-0400] {processor.py:208} INFO - Processing /home/aangava/MSP/airflow_venv/lib/python3.12/site-packages/airflow/example_dags/plugins/workday.py took 0.032 seconds
[2025-04-28T10:46:01.664-0400] {processor.py:186} INFO - Started process (PID=9721) to work on /home/aangava/MSP/airflow_venv/lib/python3.12/site-packages/airflow/example_dags/plugins/workday.py
[2025-04-28T10:46:01.676-0400] {processor.py:914} INFO - Processing file /home/aangava/MSP/airflow_venv/lib/python3.12/site-packages/airflow/example_dags/plugins/workday.py for tasks to queue
[2025-04-28T10:46:01.678-0400] {logging_mixin.py:190} INFO - [2025-04-28T10:46:01.678-0400] {dagbag.py:588} INFO - Filling up the DagBag from /home/aangava/MSP/airflow_venv/lib/python3.12/site-packages/airflow/example_dags/plugins/workday.py
[2025-04-28T10:46:01.682-0400] {logging_mixin.py:190} INFO - [2025-04-28T10:46:01.681-0400] {workday.py:41} WARNING - Could not import pandas. Holidays will not be considered.
[2025-04-28T10:46:01.682-0400] {processor.py:927} WARNING - No viable dags retrieved from /home/aangava/MSP/airflow_venv/lib/python3.12/site-packages/airflow/example_dags/plugins/workday.py
[2025-04-28T10:46:01.694-0400] {processor.py:208} INFO - Processing /home/aangava/MSP/airflow_venv/lib/python3.12/site-packages/airflow/example_dags/plugins/workday.py took 0.036 seconds
[2025-04-28T10:47:26.009-0400] {processor.py:186} INFO - Started process (PID=10058) to work on /home/aangava/MSP/airflow_venv/lib/python3.12/site-packages/airflow/example_dags/plugins/workday.py
[2025-04-28T10:47:26.011-0400] {processor.py:914} INFO - Processing file /home/aangava/MSP/airflow_venv/lib/python3.12/site-packages/airflow/example_dags/plugins/workday.py for tasks to queue
[2025-04-28T10:47:26.014-0400] {logging_mixin.py:190} INFO - [2025-04-28T10:47:26.014-0400] {dagbag.py:588} INFO - Filling up the DagBag from /home/aangava/MSP/airflow_venv/lib/python3.12/site-packages/airflow/example_dags/plugins/workday.py
[2025-04-28T10:47:26.018-0400] {logging_mixin.py:190} INFO - [2025-04-28T10:47:26.017-0400] {workday.py:41} WARNING - Could not import pandas. Holidays will not be considered.
[2025-04-28T10:47:26.018-0400] {processor.py:927} WARNING - No viable dags retrieved from /home/aangava/MSP/airflow_venv/lib/python3.12/site-packages/airflow/example_dags/plugins/workday.py
[2025-04-28T10:47:26.031-0400] {processor.py:208} INFO - Processing /home/aangava/MSP/airflow_venv/lib/python3.12/site-packages/airflow/example_dags/plugins/workday.py took 0.029 seconds
[2025-04-28T10:48:25.397-0400] {processor.py:186} INFO - Started process (PID=10471) to work on /home/aangava/MSP/airflow_venv/lib/python3.12/site-packages/airflow/example_dags/plugins/workday.py
[2025-04-28T10:48:25.399-0400] {processor.py:914} INFO - Processing file /home/aangava/MSP/airflow_venv/lib/python3.12/site-packages/airflow/example_dags/plugins/workday.py for tasks to queue
[2025-04-28T10:48:25.402-0400] {logging_mixin.py:190} INFO - [2025-04-28T10:48:25.401-0400] {dagbag.py:588} INFO - Filling up the DagBag from /home/aangava/MSP/airflow_venv/lib/python3.12/site-packages/airflow/example_dags/plugins/workday.py
[2025-04-28T10:48:25.406-0400] {logging_mixin.py:190} INFO - [2025-04-28T10:48:25.406-0400] {workday.py:41} WARNING - Could not import pandas. Holidays will not be considered.
[2025-04-28T10:48:25.407-0400] {processor.py:927} WARNING - No viable dags retrieved from /home/aangava/MSP/airflow_venv/lib/python3.12/site-packages/airflow/example_dags/plugins/workday.py
[2025-04-28T10:48:25.422-0400] {processor.py:208} INFO - Processing /home/aangava/MSP/airflow_venv/lib/python3.12/site-packages/airflow/example_dags/plugins/workday.py took 0.033 seconds
[2025-04-28T10:49:47.912-0400] {processor.py:186} INFO - Started process (PID=10944) to work on /home/aangava/MSP/airflow_venv/lib/python3.12/site-packages/airflow/example_dags/plugins/workday.py
[2025-04-28T10:49:47.913-0400] {processor.py:914} INFO - Processing file /home/aangava/MSP/airflow_venv/lib/python3.12/site-packages/airflow/example_dags/plugins/workday.py for tasks to queue
[2025-04-28T10:49:47.915-0400] {logging_mixin.py:190} INFO - [2025-04-28T10:49:47.915-0400] {dagbag.py:588} INFO - Filling up the DagBag from /home/aangava/MSP/airflow_venv/lib/python3.12/site-packages/airflow/example_dags/plugins/workday.py
[2025-04-28T10:49:47.917-0400] {logging_mixin.py:190} INFO - [2025-04-28T10:49:47.917-0400] {workday.py:41} WARNING - Could not import pandas. Holidays will not be considered.
[2025-04-28T10:49:47.918-0400] {processor.py:927} WARNING - No viable dags retrieved from /home/aangava/MSP/airflow_venv/lib/python3.12/site-packages/airflow/example_dags/plugins/workday.py
[2025-04-28T10:49:47.929-0400] {processor.py:208} INFO - Processing /home/aangava/MSP/airflow_venv/lib/python3.12/site-packages/airflow/example_dags/plugins/workday.py took 0.023 seconds
[2025-04-28T10:50:49.481-0400] {processor.py:186} INFO - Started process (PID=11422) to work on /home/aangava/MSP/airflow_venv/lib/python3.12/site-packages/airflow/example_dags/plugins/workday.py
[2025-04-28T10:50:49.492-0400] {processor.py:914} INFO - Processing file /home/aangava/MSP/airflow_venv/lib/python3.12/site-packages/airflow/example_dags/plugins/workday.py for tasks to queue
[2025-04-28T10:50:49.495-0400] {logging_mixin.py:190} INFO - [2025-04-28T10:50:49.494-0400] {dagbag.py:588} INFO - Filling up the DagBag from /home/aangava/MSP/airflow_venv/lib/python3.12/site-packages/airflow/example_dags/plugins/workday.py
[2025-04-28T10:50:49.498-0400] {logging_mixin.py:190} INFO - [2025-04-28T10:50:49.498-0400] {workday.py:41} WARNING - Could not import pandas. Holidays will not be considered.
[2025-04-28T10:50:49.499-0400] {processor.py:927} WARNING - No viable dags retrieved from /home/aangava/MSP/airflow_venv/lib/python3.12/site-packages/airflow/example_dags/plugins/workday.py
[2025-04-28T10:50:49.513-0400] {processor.py:208} INFO - Processing /home/aangava/MSP/airflow_venv/lib/python3.12/site-packages/airflow/example_dags/plugins/workday.py took 0.039 seconds
[2025-04-28T10:51:53.470-0400] {processor.py:186} INFO - Started process (PID=11763) to work on /home/aangava/MSP/airflow_venv/lib/python3.12/site-packages/airflow/example_dags/plugins/workday.py
[2025-04-28T10:51:53.481-0400] {processor.py:914} INFO - Processing file /home/aangava/MSP/airflow_venv/lib/python3.12/site-packages/airflow/example_dags/plugins/workday.py for tasks to queue
[2025-04-28T10:51:53.485-0400] {logging_mixin.py:190} INFO - [2025-04-28T10:51:53.485-0400] {dagbag.py:588} INFO - Filling up the DagBag from /home/aangava/MSP/airflow_venv/lib/python3.12/site-packages/airflow/example_dags/plugins/workday.py
[2025-04-28T10:51:53.490-0400] {logging_mixin.py:190} INFO - [2025-04-28T10:51:53.490-0400] {workday.py:41} WARNING - Could not import pandas. Holidays will not be considered.
[2025-04-28T10:51:53.491-0400] {processor.py:927} WARNING - No viable dags retrieved from /home/aangava/MSP/airflow_venv/lib/python3.12/site-packages/airflow/example_dags/plugins/workday.py
[2025-04-28T10:51:53.507-0400] {processor.py:208} INFO - Processing /home/aangava/MSP/airflow_venv/lib/python3.12/site-packages/airflow/example_dags/plugins/workday.py took 0.046 seconds
[2025-04-28T10:52:54.581-0400] {processor.py:186} INFO - Started process (PID=12063) to work on /home/aangava/MSP/airflow_venv/lib/python3.12/site-packages/airflow/example_dags/plugins/workday.py
[2025-04-28T10:52:54.592-0400] {processor.py:914} INFO - Processing file /home/aangava/MSP/airflow_venv/lib/python3.12/site-packages/airflow/example_dags/plugins/workday.py for tasks to queue
[2025-04-28T10:52:54.593-0400] {logging_mixin.py:190} INFO - [2025-04-28T10:52:54.593-0400] {dagbag.py:588} INFO - Filling up the DagBag from /home/aangava/MSP/airflow_venv/lib/python3.12/site-packages/airflow/example_dags/plugins/workday.py
[2025-04-28T10:52:54.596-0400] {logging_mixin.py:190} INFO - [2025-04-28T10:52:54.596-0400] {workday.py:41} WARNING - Could not import pandas. Holidays will not be considered.
[2025-04-28T10:52:54.596-0400] {processor.py:927} WARNING - No viable dags retrieved from /home/aangava/MSP/airflow_venv/lib/python3.12/site-packages/airflow/example_dags/plugins/workday.py
[2025-04-28T10:52:54.610-0400] {processor.py:208} INFO - Processing /home/aangava/MSP/airflow_venv/lib/python3.12/site-packages/airflow/example_dags/plugins/workday.py took 0.034 seconds
[2025-04-28T10:54:19.798-0400] {processor.py:186} INFO - Started process (PID=12538) to work on /home/aangava/MSP/airflow_venv/lib/python3.12/site-packages/airflow/example_dags/plugins/workday.py
[2025-04-28T10:54:19.811-0400] {processor.py:914} INFO - Processing file /home/aangava/MSP/airflow_venv/lib/python3.12/site-packages/airflow/example_dags/plugins/workday.py for tasks to queue
[2025-04-28T10:54:19.813-0400] {logging_mixin.py:190} INFO - [2025-04-28T10:54:19.813-0400] {dagbag.py:588} INFO - Filling up the DagBag from /home/aangava/MSP/airflow_venv/lib/python3.12/site-packages/airflow/example_dags/plugins/workday.py
[2025-04-28T10:54:19.817-0400] {logging_mixin.py:190} INFO - [2025-04-28T10:54:19.817-0400] {workday.py:41} WARNING - Could not import pandas. Holidays will not be considered.
[2025-04-28T10:54:19.817-0400] {processor.py:927} WARNING - No viable dags retrieved from /home/aangava/MSP/airflow_venv/lib/python3.12/site-packages/airflow/example_dags/plugins/workday.py
[2025-04-28T10:54:19.832-0400] {processor.py:208} INFO - Processing /home/aangava/MSP/airflow_venv/lib/python3.12/site-packages/airflow/example_dags/plugins/workday.py took 0.042 seconds
[2025-04-28T10:55:18.892-0400] {processor.py:186} INFO - Started process (PID=12797) to work on /home/aangava/MSP/airflow_venv/lib/python3.12/site-packages/airflow/example_dags/plugins/workday.py
[2025-04-28T10:55:18.902-0400] {processor.py:914} INFO - Processing file /home/aangava/MSP/airflow_venv/lib/python3.12/site-packages/airflow/example_dags/plugins/workday.py for tasks to queue
[2025-04-28T10:55:18.904-0400] {logging_mixin.py:190} INFO - [2025-04-28T10:55:18.904-0400] {dagbag.py:588} INFO - Filling up the DagBag from /home/aangava/MSP/airflow_venv/lib/python3.12/site-packages/airflow/example_dags/plugins/workday.py
[2025-04-28T10:55:18.907-0400] {logging_mixin.py:190} INFO - [2025-04-28T10:55:18.907-0400] {workday.py:41} WARNING - Could not import pandas. Holidays will not be considered.
[2025-04-28T10:55:18.908-0400] {processor.py:927} WARNING - No viable dags retrieved from /home/aangava/MSP/airflow_venv/lib/python3.12/site-packages/airflow/example_dags/plugins/workday.py
[2025-04-28T10:55:18.917-0400] {processor.py:208} INFO - Processing /home/aangava/MSP/airflow_venv/lib/python3.12/site-packages/airflow/example_dags/plugins/workday.py took 0.030 seconds
[2025-04-28T10:56:19.697-0400] {processor.py:186} INFO - Started process (PID=13026) to work on /home/aangava/MSP/airflow_venv/lib/python3.12/site-packages/airflow/example_dags/plugins/workday.py
[2025-04-28T10:56:19.708-0400] {processor.py:914} INFO - Processing file /home/aangava/MSP/airflow_venv/lib/python3.12/site-packages/airflow/example_dags/plugins/workday.py for tasks to queue
[2025-04-28T10:56:19.708-0400] {logging_mixin.py:190} INFO - [2025-04-28T10:56:19.708-0400] {dagbag.py:588} INFO - Filling up the DagBag from /home/aangava/MSP/airflow_venv/lib/python3.12/site-packages/airflow/example_dags/plugins/workday.py
[2025-04-28T10:56:19.710-0400] {logging_mixin.py:190} INFO - [2025-04-28T10:56:19.710-0400] {workday.py:41} WARNING - Could not import pandas. Holidays will not be considered.
[2025-04-28T10:56:19.711-0400] {processor.py:927} WARNING - No viable dags retrieved from /home/aangava/MSP/airflow_venv/lib/python3.12/site-packages/airflow/example_dags/plugins/workday.py
[2025-04-28T10:56:19.718-0400] {processor.py:208} INFO - Processing /home/aangava/MSP/airflow_venv/lib/python3.12/site-packages/airflow/example_dags/plugins/workday.py took 0.025 seconds
[2025-04-28T10:57:15.225-0400] {processor.py:186} INFO - Started process (PID=13278) to work on /home/aangava/MSP/airflow_venv/lib/python3.12/site-packages/airflow/example_dags/plugins/workday.py
[2025-04-28T10:57:15.236-0400] {processor.py:914} INFO - Processing file /home/aangava/MSP/airflow_venv/lib/python3.12/site-packages/airflow/example_dags/plugins/workday.py for tasks to queue
[2025-04-28T10:57:15.238-0400] {logging_mixin.py:190} INFO - [2025-04-28T10:57:15.237-0400] {dagbag.py:588} INFO - Filling up the DagBag from /home/aangava/MSP/airflow_venv/lib/python3.12/site-packages/airflow/example_dags/plugins/workday.py
[2025-04-28T10:57:15.241-0400] {logging_mixin.py:190} INFO - [2025-04-28T10:57:15.241-0400] {workday.py:41} WARNING - Could not import pandas. Holidays will not be considered.
[2025-04-28T10:57:15.241-0400] {processor.py:927} WARNING - No viable dags retrieved from /home/aangava/MSP/airflow_venv/lib/python3.12/site-packages/airflow/example_dags/plugins/workday.py
[2025-04-28T10:57:15.252-0400] {processor.py:208} INFO - Processing /home/aangava/MSP/airflow_venv/lib/python3.12/site-packages/airflow/example_dags/plugins/workday.py took 0.030 seconds
[2025-04-28T10:58:35.678-0400] {processor.py:186} INFO - Started process (PID=13816) to work on /home/aangava/MSP/airflow_venv/lib/python3.12/site-packages/airflow/example_dags/plugins/workday.py
[2025-04-28T10:58:35.689-0400] {processor.py:914} INFO - Processing file /home/aangava/MSP/airflow_venv/lib/python3.12/site-packages/airflow/example_dags/plugins/workday.py for tasks to queue
[2025-04-28T10:58:35.691-0400] {logging_mixin.py:190} INFO - [2025-04-28T10:58:35.690-0400] {dagbag.py:588} INFO - Filling up the DagBag from /home/aangava/MSP/airflow_venv/lib/python3.12/site-packages/airflow/example_dags/plugins/workday.py
[2025-04-28T10:58:35.994-0400] {processor.py:927} WARNING - No viable dags retrieved from /home/aangava/MSP/airflow_venv/lib/python3.12/site-packages/airflow/example_dags/plugins/workday.py
[2025-04-28T10:58:36.003-0400] {processor.py:208} INFO - Processing /home/aangava/MSP/airflow_venv/lib/python3.12/site-packages/airflow/example_dags/plugins/workday.py took 0.334 seconds
[2025-04-28T10:59:33.394-0400] {processor.py:186} INFO - Started process (PID=14155) to work on /home/aangava/MSP/airflow_venv/lib/python3.12/site-packages/airflow/example_dags/plugins/workday.py
[2025-04-28T10:59:33.403-0400] {processor.py:914} INFO - Processing file /home/aangava/MSP/airflow_venv/lib/python3.12/site-packages/airflow/example_dags/plugins/workday.py for tasks to queue
[2025-04-28T10:59:33.405-0400] {logging_mixin.py:190} INFO - [2025-04-28T10:59:33.405-0400] {dagbag.py:588} INFO - Filling up the DagBag from /home/aangava/MSP/airflow_venv/lib/python3.12/site-packages/airflow/example_dags/plugins/workday.py
[2025-04-28T10:59:33.731-0400] {processor.py:927} WARNING - No viable dags retrieved from /home/aangava/MSP/airflow_venv/lib/python3.12/site-packages/airflow/example_dags/plugins/workday.py
[2025-04-28T10:59:33.743-0400] {processor.py:208} INFO - Processing /home/aangava/MSP/airflow_venv/lib/python3.12/site-packages/airflow/example_dags/plugins/workday.py took 0.356 seconds
[2025-04-28T11:00:34.843-0400] {processor.py:186} INFO - Started process (PID=14542) to work on /home/aangava/MSP/airflow_venv/lib/python3.12/site-packages/airflow/example_dags/plugins/workday.py
[2025-04-28T11:00:34.854-0400] {processor.py:914} INFO - Processing file /home/aangava/MSP/airflow_venv/lib/python3.12/site-packages/airflow/example_dags/plugins/workday.py for tasks to queue
[2025-04-28T11:00:34.856-0400] {logging_mixin.py:190} INFO - [2025-04-28T11:00:34.855-0400] {dagbag.py:588} INFO - Filling up the DagBag from /home/aangava/MSP/airflow_venv/lib/python3.12/site-packages/airflow/example_dags/plugins/workday.py
[2025-04-28T11:00:35.157-0400] {processor.py:927} WARNING - No viable dags retrieved from /home/aangava/MSP/airflow_venv/lib/python3.12/site-packages/airflow/example_dags/plugins/workday.py
[2025-04-28T11:00:35.166-0400] {processor.py:208} INFO - Processing /home/aangava/MSP/airflow_venv/lib/python3.12/site-packages/airflow/example_dags/plugins/workday.py took 0.327 seconds
[2025-04-28T11:01:34.679-0400] {processor.py:186} INFO - Started process (PID=14787) to work on /home/aangava/MSP/airflow_venv/lib/python3.12/site-packages/airflow/example_dags/plugins/workday.py
[2025-04-28T11:01:34.689-0400] {processor.py:914} INFO - Processing file /home/aangava/MSP/airflow_venv/lib/python3.12/site-packages/airflow/example_dags/plugins/workday.py for tasks to queue
[2025-04-28T11:01:34.690-0400] {logging_mixin.py:190} INFO - [2025-04-28T11:01:34.690-0400] {dagbag.py:588} INFO - Filling up the DagBag from /home/aangava/MSP/airflow_venv/lib/python3.12/site-packages/airflow/example_dags/plugins/workday.py
[2025-04-28T11:01:34.953-0400] {processor.py:927} WARNING - No viable dags retrieved from /home/aangava/MSP/airflow_venv/lib/python3.12/site-packages/airflow/example_dags/plugins/workday.py
[2025-04-28T11:01:34.963-0400] {processor.py:208} INFO - Processing /home/aangava/MSP/airflow_venv/lib/python3.12/site-packages/airflow/example_dags/plugins/workday.py took 0.289 seconds
[2025-04-28T11:02:31.606-0400] {processor.py:186} INFO - Started process (PID=15050) to work on /home/aangava/MSP/airflow_venv/lib/python3.12/site-packages/airflow/example_dags/plugins/workday.py
[2025-04-28T11:02:31.617-0400] {processor.py:914} INFO - Processing file /home/aangava/MSP/airflow_venv/lib/python3.12/site-packages/airflow/example_dags/plugins/workday.py for tasks to queue
[2025-04-28T11:02:31.619-0400] {logging_mixin.py:190} INFO - [2025-04-28T11:02:31.618-0400] {dagbag.py:588} INFO - Filling up the DagBag from /home/aangava/MSP/airflow_venv/lib/python3.12/site-packages/airflow/example_dags/plugins/workday.py
[2025-04-28T11:02:31.979-0400] {processor.py:927} WARNING - No viable dags retrieved from /home/aangava/MSP/airflow_venv/lib/python3.12/site-packages/airflow/example_dags/plugins/workday.py
[2025-04-28T11:02:31.993-0400] {processor.py:208} INFO - Processing /home/aangava/MSP/airflow_venv/lib/python3.12/site-packages/airflow/example_dags/plugins/workday.py took 0.400 seconds
[2025-04-28T11:03:32.542-0400] {processor.py:186} INFO - Started process (PID=15358) to work on /home/aangava/MSP/airflow_venv/lib/python3.12/site-packages/airflow/example_dags/plugins/workday.py
[2025-04-28T11:03:32.553-0400] {processor.py:914} INFO - Processing file /home/aangava/MSP/airflow_venv/lib/python3.12/site-packages/airflow/example_dags/plugins/workday.py for tasks to queue
[2025-04-28T11:03:32.555-0400] {logging_mixin.py:190} INFO - [2025-04-28T11:03:32.554-0400] {dagbag.py:588} INFO - Filling up the DagBag from /home/aangava/MSP/airflow_venv/lib/python3.12/site-packages/airflow/example_dags/plugins/workday.py
[2025-04-28T11:03:32.882-0400] {processor.py:927} WARNING - No viable dags retrieved from /home/aangava/MSP/airflow_venv/lib/python3.12/site-packages/airflow/example_dags/plugins/workday.py
[2025-04-28T11:03:32.897-0400] {processor.py:208} INFO - Processing /home/aangava/MSP/airflow_venv/lib/python3.12/site-packages/airflow/example_dags/plugins/workday.py took 0.366 seconds
[2025-04-28T11:04:59.152-0400] {processor.py:186} INFO - Started process (PID=15832) to work on /home/aangava/MSP/airflow_venv/lib/python3.12/site-packages/airflow/example_dags/plugins/workday.py
[2025-04-28T11:04:59.163-0400] {processor.py:914} INFO - Processing file /home/aangava/MSP/airflow_venv/lib/python3.12/site-packages/airflow/example_dags/plugins/workday.py for tasks to queue
[2025-04-28T11:04:59.165-0400] {logging_mixin.py:190} INFO - [2025-04-28T11:04:59.165-0400] {dagbag.py:588} INFO - Filling up the DagBag from /home/aangava/MSP/airflow_venv/lib/python3.12/site-packages/airflow/example_dags/plugins/workday.py
[2025-04-28T11:04:59.493-0400] {processor.py:927} WARNING - No viable dags retrieved from /home/aangava/MSP/airflow_venv/lib/python3.12/site-packages/airflow/example_dags/plugins/workday.py
[2025-04-28T11:04:59.504-0400] {processor.py:208} INFO - Processing /home/aangava/MSP/airflow_venv/lib/python3.12/site-packages/airflow/example_dags/plugins/workday.py took 0.361 seconds
[2025-04-28T11:05:55.485-0400] {processor.py:186} INFO - Started process (PID=16229) to work on /home/aangava/MSP/airflow_venv/lib/python3.12/site-packages/airflow/example_dags/plugins/workday.py
[2025-04-28T11:05:55.495-0400] {processor.py:914} INFO - Processing file /home/aangava/MSP/airflow_venv/lib/python3.12/site-packages/airflow/example_dags/plugins/workday.py for tasks to queue
[2025-04-28T11:05:55.497-0400] {logging_mixin.py:190} INFO - [2025-04-28T11:05:55.496-0400] {dagbag.py:588} INFO - Filling up the DagBag from /home/aangava/MSP/airflow_venv/lib/python3.12/site-packages/airflow/example_dags/plugins/workday.py
[2025-04-28T11:05:55.799-0400] {processor.py:927} WARNING - No viable dags retrieved from /home/aangava/MSP/airflow_venv/lib/python3.12/site-packages/airflow/example_dags/plugins/workday.py
[2025-04-28T11:05:55.810-0400] {processor.py:208} INFO - Processing /home/aangava/MSP/airflow_venv/lib/python3.12/site-packages/airflow/example_dags/plugins/workday.py took 0.334 seconds
[2025-04-28T11:06:55.063-0400] {processor.py:186} INFO - Started process (PID=16593) to work on /home/aangava/MSP/airflow_venv/lib/python3.12/site-packages/airflow/example_dags/plugins/workday.py
[2025-04-28T11:06:55.074-0400] {processor.py:914} INFO - Processing file /home/aangava/MSP/airflow_venv/lib/python3.12/site-packages/airflow/example_dags/plugins/workday.py for tasks to queue
[2025-04-28T11:06:55.076-0400] {logging_mixin.py:190} INFO - [2025-04-28T11:06:55.075-0400] {dagbag.py:588} INFO - Filling up the DagBag from /home/aangava/MSP/airflow_venv/lib/python3.12/site-packages/airflow/example_dags/plugins/workday.py
[2025-04-28T11:06:55.351-0400] {processor.py:927} WARNING - No viable dags retrieved from /home/aangava/MSP/airflow_venv/lib/python3.12/site-packages/airflow/example_dags/plugins/workday.py
[2025-04-28T11:06:55.361-0400] {processor.py:208} INFO - Processing /home/aangava/MSP/airflow_venv/lib/python3.12/site-packages/airflow/example_dags/plugins/workday.py took 0.306 seconds
[2025-04-28T11:07:53.235-0400] {processor.py:186} INFO - Started process (PID=16885) to work on /home/aangava/MSP/airflow_venv/lib/python3.12/site-packages/airflow/example_dags/plugins/workday.py
[2025-04-28T11:07:53.246-0400] {processor.py:914} INFO - Processing file /home/aangava/MSP/airflow_venv/lib/python3.12/site-packages/airflow/example_dags/plugins/workday.py for tasks to queue
[2025-04-28T11:07:53.248-0400] {logging_mixin.py:190} INFO - [2025-04-28T11:07:53.247-0400] {dagbag.py:588} INFO - Filling up the DagBag from /home/aangava/MSP/airflow_venv/lib/python3.12/site-packages/airflow/example_dags/plugins/workday.py
[2025-04-28T11:07:53.554-0400] {processor.py:927} WARNING - No viable dags retrieved from /home/aangava/MSP/airflow_venv/lib/python3.12/site-packages/airflow/example_dags/plugins/workday.py
[2025-04-28T11:07:53.566-0400] {processor.py:208} INFO - Processing /home/aangava/MSP/airflow_venv/lib/python3.12/site-packages/airflow/example_dags/plugins/workday.py took 0.338 seconds
[2025-04-28T11:08:51.487-0400] {processor.py:186} INFO - Started process (PID=17235) to work on /home/aangava/MSP/airflow_venv/lib/python3.12/site-packages/airflow/example_dags/plugins/workday.py
[2025-04-28T11:08:51.488-0400] {processor.py:914} INFO - Processing file /home/aangava/MSP/airflow_venv/lib/python3.12/site-packages/airflow/example_dags/plugins/workday.py for tasks to queue
[2025-04-28T11:08:51.489-0400] {logging_mixin.py:190} INFO - [2025-04-28T11:08:51.489-0400] {dagbag.py:588} INFO - Filling up the DagBag from /home/aangava/MSP/airflow_venv/lib/python3.12/site-packages/airflow/example_dags/plugins/workday.py
[2025-04-28T11:08:51.744-0400] {processor.py:927} WARNING - No viable dags retrieved from /home/aangava/MSP/airflow_venv/lib/python3.12/site-packages/airflow/example_dags/plugins/workday.py
[2025-04-28T11:08:51.754-0400] {processor.py:208} INFO - Processing /home/aangava/MSP/airflow_venv/lib/python3.12/site-packages/airflow/example_dags/plugins/workday.py took 0.272 seconds
[2025-04-28T11:10:10.675-0400] {processor.py:186} INFO - Started process (PID=17714) to work on /home/aangava/MSP/airflow_venv/lib/python3.12/site-packages/airflow/example_dags/plugins/workday.py
[2025-04-28T11:10:10.687-0400] {processor.py:914} INFO - Processing file /home/aangava/MSP/airflow_venv/lib/python3.12/site-packages/airflow/example_dags/plugins/workday.py for tasks to queue
[2025-04-28T11:10:10.689-0400] {logging_mixin.py:190} INFO - [2025-04-28T11:10:10.689-0400] {dagbag.py:588} INFO - Filling up the DagBag from /home/aangava/MSP/airflow_venv/lib/python3.12/site-packages/airflow/example_dags/plugins/workday.py
[2025-04-28T11:10:10.980-0400] {processor.py:927} WARNING - No viable dags retrieved from /home/aangava/MSP/airflow_venv/lib/python3.12/site-packages/airflow/example_dags/plugins/workday.py
[2025-04-28T11:10:10.990-0400] {processor.py:208} INFO - Processing /home/aangava/MSP/airflow_venv/lib/python3.12/site-packages/airflow/example_dags/plugins/workday.py took 0.329 seconds
[2025-04-28T11:11:33.833-0400] {processor.py:186} INFO - Started process (PID=18368) to work on /home/aangava/MSP/airflow_venv/lib/python3.12/site-packages/airflow/example_dags/plugins/workday.py
[2025-04-28T11:11:33.835-0400] {processor.py:914} INFO - Processing file /home/aangava/MSP/airflow_venv/lib/python3.12/site-packages/airflow/example_dags/plugins/workday.py for tasks to queue
[2025-04-28T11:11:33.837-0400] {logging_mixin.py:190} INFO - [2025-04-28T11:11:33.836-0400] {dagbag.py:588} INFO - Filling up the DagBag from /home/aangava/MSP/airflow_venv/lib/python3.12/site-packages/airflow/example_dags/plugins/workday.py
[2025-04-28T11:11:34.160-0400] {processor.py:927} WARNING - No viable dags retrieved from /home/aangava/MSP/airflow_venv/lib/python3.12/site-packages/airflow/example_dags/plugins/workday.py
[2025-04-28T11:11:34.174-0400] {processor.py:208} INFO - Processing /home/aangava/MSP/airflow_venv/lib/python3.12/site-packages/airflow/example_dags/plugins/workday.py took 0.352 seconds
[2025-04-28T11:12:35.885-0400] {processor.py:186} INFO - Started process (PID=18780) to work on /home/aangava/MSP/airflow_venv/lib/python3.12/site-packages/airflow/example_dags/plugins/workday.py
[2025-04-28T11:12:35.887-0400] {processor.py:914} INFO - Processing file /home/aangava/MSP/airflow_venv/lib/python3.12/site-packages/airflow/example_dags/plugins/workday.py for tasks to queue
[2025-04-28T11:12:35.889-0400] {logging_mixin.py:190} INFO - [2025-04-28T11:12:35.888-0400] {dagbag.py:588} INFO - Filling up the DagBag from /home/aangava/MSP/airflow_venv/lib/python3.12/site-packages/airflow/example_dags/plugins/workday.py
[2025-04-28T11:12:36.212-0400] {processor.py:927} WARNING - No viable dags retrieved from /home/aangava/MSP/airflow_venv/lib/python3.12/site-packages/airflow/example_dags/plugins/workday.py
[2025-04-28T11:12:36.224-0400] {processor.py:208} INFO - Processing /home/aangava/MSP/airflow_venv/lib/python3.12/site-packages/airflow/example_dags/plugins/workday.py took 0.349 seconds
[2025-04-28T11:13:35.810-0400] {processor.py:186} INFO - Started process (PID=19161) to work on /home/aangava/MSP/airflow_venv/lib/python3.12/site-packages/airflow/example_dags/plugins/workday.py
[2025-04-28T11:13:35.812-0400] {processor.py:914} INFO - Processing file /home/aangava/MSP/airflow_venv/lib/python3.12/site-packages/airflow/example_dags/plugins/workday.py for tasks to queue
[2025-04-28T11:13:35.814-0400] {logging_mixin.py:190} INFO - [2025-04-28T11:13:35.814-0400] {dagbag.py:588} INFO - Filling up the DagBag from /home/aangava/MSP/airflow_venv/lib/python3.12/site-packages/airflow/example_dags/plugins/workday.py
[2025-04-28T11:13:36.118-0400] {processor.py:927} WARNING - No viable dags retrieved from /home/aangava/MSP/airflow_venv/lib/python3.12/site-packages/airflow/example_dags/plugins/workday.py
[2025-04-28T11:13:36.129-0400] {processor.py:208} INFO - Processing /home/aangava/MSP/airflow_venv/lib/python3.12/site-packages/airflow/example_dags/plugins/workday.py took 0.331 seconds
[2025-04-28T11:14:42.537-0400] {processor.py:186} INFO - Started process (PID=19617) to work on /home/aangava/MSP/airflow_venv/lib/python3.12/site-packages/airflow/example_dags/plugins/workday.py
[2025-04-28T11:14:42.548-0400] {processor.py:914} INFO - Processing file /home/aangava/MSP/airflow_venv/lib/python3.12/site-packages/airflow/example_dags/plugins/workday.py for tasks to queue
[2025-04-28T11:14:42.549-0400] {logging_mixin.py:190} INFO - [2025-04-28T11:14:42.549-0400] {dagbag.py:588} INFO - Filling up the DagBag from /home/aangava/MSP/airflow_venv/lib/python3.12/site-packages/airflow/example_dags/plugins/workday.py
[2025-04-28T11:14:42.932-0400] {processor.py:927} WARNING - No viable dags retrieved from /home/aangava/MSP/airflow_venv/lib/python3.12/site-packages/airflow/example_dags/plugins/workday.py
[2025-04-28T11:14:42.938-0400] {processor.py:208} INFO - Processing /home/aangava/MSP/airflow_venv/lib/python3.12/site-packages/airflow/example_dags/plugins/workday.py took 0.410 seconds
[2025-04-28T11:15:45.158-0400] {processor.py:186} INFO - Started process (PID=20062) to work on /home/aangava/MSP/airflow_venv/lib/python3.12/site-packages/airflow/example_dags/plugins/workday.py
[2025-04-28T11:15:45.168-0400] {processor.py:914} INFO - Processing file /home/aangava/MSP/airflow_venv/lib/python3.12/site-packages/airflow/example_dags/plugins/workday.py for tasks to queue
[2025-04-28T11:15:45.169-0400] {logging_mixin.py:190} INFO - [2025-04-28T11:15:45.169-0400] {dagbag.py:588} INFO - Filling up the DagBag from /home/aangava/MSP/airflow_venv/lib/python3.12/site-packages/airflow/example_dags/plugins/workday.py
[2025-04-28T11:15:45.563-0400] {processor.py:927} WARNING - No viable dags retrieved from /home/aangava/MSP/airflow_venv/lib/python3.12/site-packages/airflow/example_dags/plugins/workday.py
[2025-04-28T11:15:45.569-0400] {processor.py:208} INFO - Processing /home/aangava/MSP/airflow_venv/lib/python3.12/site-packages/airflow/example_dags/plugins/workday.py took 0.415 seconds
[2025-04-28T11:16:46.608-0400] {processor.py:186} INFO - Started process (PID=20526) to work on /home/aangava/MSP/airflow_venv/lib/python3.12/site-packages/airflow/example_dags/plugins/workday.py
[2025-04-28T11:16:46.611-0400] {processor.py:914} INFO - Processing file /home/aangava/MSP/airflow_venv/lib/python3.12/site-packages/airflow/example_dags/plugins/workday.py for tasks to queue
[2025-04-28T11:16:46.613-0400] {logging_mixin.py:190} INFO - [2025-04-28T11:16:46.613-0400] {dagbag.py:588} INFO - Filling up the DagBag from /home/aangava/MSP/airflow_venv/lib/python3.12/site-packages/airflow/example_dags/plugins/workday.py
[2025-04-28T11:16:46.999-0400] {processor.py:927} WARNING - No viable dags retrieved from /home/aangava/MSP/airflow_venv/lib/python3.12/site-packages/airflow/example_dags/plugins/workday.py
[2025-04-28T11:16:47.007-0400] {processor.py:208} INFO - Processing /home/aangava/MSP/airflow_venv/lib/python3.12/site-packages/airflow/example_dags/plugins/workday.py took 0.408 seconds
[2025-04-28T11:17:47.674-0400] {processor.py:186} INFO - Started process (PID=20984) to work on /home/aangava/MSP/airflow_venv/lib/python3.12/site-packages/airflow/example_dags/plugins/workday.py
[2025-04-28T11:17:47.685-0400] {processor.py:914} INFO - Processing file /home/aangava/MSP/airflow_venv/lib/python3.12/site-packages/airflow/example_dags/plugins/workday.py for tasks to queue
[2025-04-28T11:17:47.687-0400] {logging_mixin.py:190} INFO - [2025-04-28T11:17:47.686-0400] {dagbag.py:588} INFO - Filling up the DagBag from /home/aangava/MSP/airflow_venv/lib/python3.12/site-packages/airflow/example_dags/plugins/workday.py
[2025-04-28T11:17:48.090-0400] {processor.py:927} WARNING - No viable dags retrieved from /home/aangava/MSP/airflow_venv/lib/python3.12/site-packages/airflow/example_dags/plugins/workday.py
[2025-04-28T11:17:48.097-0400] {processor.py:208} INFO - Processing /home/aangava/MSP/airflow_venv/lib/python3.12/site-packages/airflow/example_dags/plugins/workday.py took 0.432 seconds
[2025-04-28T11:18:51.293-0400] {processor.py:186} INFO - Started process (PID=21453) to work on /home/aangava/MSP/airflow_venv/lib/python3.12/site-packages/airflow/example_dags/plugins/workday.py
[2025-04-28T11:18:51.305-0400] {processor.py:914} INFO - Processing file /home/aangava/MSP/airflow_venv/lib/python3.12/site-packages/airflow/example_dags/plugins/workday.py for tasks to queue
[2025-04-28T11:18:51.306-0400] {logging_mixin.py:190} INFO - [2025-04-28T11:18:51.306-0400] {dagbag.py:588} INFO - Filling up the DagBag from /home/aangava/MSP/airflow_venv/lib/python3.12/site-packages/airflow/example_dags/plugins/workday.py
[2025-04-28T11:18:51.717-0400] {processor.py:927} WARNING - No viable dags retrieved from /home/aangava/MSP/airflow_venv/lib/python3.12/site-packages/airflow/example_dags/plugins/workday.py
[2025-04-28T11:18:51.725-0400] {processor.py:208} INFO - Processing /home/aangava/MSP/airflow_venv/lib/python3.12/site-packages/airflow/example_dags/plugins/workday.py took 0.445 seconds
[2025-04-28T11:19:49.493-0400] {processor.py:186} INFO - Started process (PID=21711) to work on /home/aangava/MSP/airflow_venv/lib/python3.12/site-packages/airflow/example_dags/plugins/workday.py
[2025-04-28T11:19:49.504-0400] {processor.py:914} INFO - Processing file /home/aangava/MSP/airflow_venv/lib/python3.12/site-packages/airflow/example_dags/plugins/workday.py for tasks to queue
[2025-04-28T11:19:49.507-0400] {logging_mixin.py:190} INFO - [2025-04-28T11:19:49.506-0400] {dagbag.py:588} INFO - Filling up the DagBag from /home/aangava/MSP/airflow_venv/lib/python3.12/site-packages/airflow/example_dags/plugins/workday.py
[2025-04-28T11:19:49.924-0400] {processor.py:927} WARNING - No viable dags retrieved from /home/aangava/MSP/airflow_venv/lib/python3.12/site-packages/airflow/example_dags/plugins/workday.py
[2025-04-28T11:19:49.930-0400] {processor.py:208} INFO - Processing /home/aangava/MSP/airflow_venv/lib/python3.12/site-packages/airflow/example_dags/plugins/workday.py took 0.448 seconds
[2025-04-28T11:20:48.888-0400] {processor.py:186} INFO - Started process (PID=22070) to work on /home/aangava/MSP/airflow_venv/lib/python3.12/site-packages/airflow/example_dags/plugins/workday.py
[2025-04-28T11:20:48.899-0400] {processor.py:914} INFO - Processing file /home/aangava/MSP/airflow_venv/lib/python3.12/site-packages/airflow/example_dags/plugins/workday.py for tasks to queue
[2025-04-28T11:20:48.901-0400] {logging_mixin.py:190} INFO - [2025-04-28T11:20:48.901-0400] {dagbag.py:588} INFO - Filling up the DagBag from /home/aangava/MSP/airflow_venv/lib/python3.12/site-packages/airflow/example_dags/plugins/workday.py
[2025-04-28T11:20:49.311-0400] {processor.py:927} WARNING - No viable dags retrieved from /home/aangava/MSP/airflow_venv/lib/python3.12/site-packages/airflow/example_dags/plugins/workday.py
[2025-04-28T11:20:49.319-0400] {processor.py:208} INFO - Processing /home/aangava/MSP/airflow_venv/lib/python3.12/site-packages/airflow/example_dags/plugins/workday.py took 0.441 seconds
[2025-04-28T11:22:00.307-0400] {processor.py:186} INFO - Started process (PID=22754) to work on /home/aangava/MSP/airflow_venv/lib/python3.12/site-packages/airflow/example_dags/plugins/workday.py
[2025-04-28T11:22:00.309-0400] {processor.py:914} INFO - Processing file /home/aangava/MSP/airflow_venv/lib/python3.12/site-packages/airflow/example_dags/plugins/workday.py for tasks to queue
[2025-04-28T11:22:00.311-0400] {logging_mixin.py:190} INFO - [2025-04-28T11:22:00.310-0400] {dagbag.py:588} INFO - Filling up the DagBag from /home/aangava/MSP/airflow_venv/lib/python3.12/site-packages/airflow/example_dags/plugins/workday.py
[2025-04-28T11:22:00.680-0400] {processor.py:927} WARNING - No viable dags retrieved from /home/aangava/MSP/airflow_venv/lib/python3.12/site-packages/airflow/example_dags/plugins/workday.py
[2025-04-28T11:22:00.690-0400] {processor.py:208} INFO - Processing /home/aangava/MSP/airflow_venv/lib/python3.12/site-packages/airflow/example_dags/plugins/workday.py took 0.390 seconds
[2025-04-28T11:23:14.355-0400] {processor.py:186} INFO - Started process (PID=23263) to work on /home/aangava/MSP/airflow_venv/lib/python3.12/site-packages/airflow/example_dags/plugins/workday.py
[2025-04-28T11:23:14.358-0400] {processor.py:914} INFO - Processing file /home/aangava/MSP/airflow_venv/lib/python3.12/site-packages/airflow/example_dags/plugins/workday.py for tasks to queue
[2025-04-28T11:23:14.360-0400] {logging_mixin.py:190} INFO - [2025-04-28T11:23:14.360-0400] {dagbag.py:588} INFO - Filling up the DagBag from /home/aangava/MSP/airflow_venv/lib/python3.12/site-packages/airflow/example_dags/plugins/workday.py
[2025-04-28T11:23:14.801-0400] {processor.py:927} WARNING - No viable dags retrieved from /home/aangava/MSP/airflow_venv/lib/python3.12/site-packages/airflow/example_dags/plugins/workday.py
[2025-04-28T11:23:14.811-0400] {processor.py:208} INFO - Processing /home/aangava/MSP/airflow_venv/lib/python3.12/site-packages/airflow/example_dags/plugins/workday.py took 0.465 seconds
[2025-04-28T11:24:17.163-0400] {processor.py:186} INFO - Started process (PID=23558) to work on /home/aangava/MSP/airflow_venv/lib/python3.12/site-packages/airflow/example_dags/plugins/workday.py
[2025-04-28T11:24:17.174-0400] {processor.py:914} INFO - Processing file /home/aangava/MSP/airflow_venv/lib/python3.12/site-packages/airflow/example_dags/plugins/workday.py for tasks to queue
[2025-04-28T11:24:17.176-0400] {logging_mixin.py:190} INFO - [2025-04-28T11:24:17.176-0400] {dagbag.py:588} INFO - Filling up the DagBag from /home/aangava/MSP/airflow_venv/lib/python3.12/site-packages/airflow/example_dags/plugins/workday.py
[2025-04-28T11:24:17.797-0400] {processor.py:927} WARNING - No viable dags retrieved from /home/aangava/MSP/airflow_venv/lib/python3.12/site-packages/airflow/example_dags/plugins/workday.py
[2025-04-28T11:24:17.806-0400] {processor.py:208} INFO - Processing /home/aangava/MSP/airflow_venv/lib/python3.12/site-packages/airflow/example_dags/plugins/workday.py took 0.651 seconds
[2025-04-28T11:25:14.528-0400] {processor.py:186} INFO - Started process (PID=23824) to work on /home/aangava/MSP/airflow_venv/lib/python3.12/site-packages/airflow/example_dags/plugins/workday.py
[2025-04-28T11:25:14.530-0400] {processor.py:914} INFO - Processing file /home/aangava/MSP/airflow_venv/lib/python3.12/site-packages/airflow/example_dags/plugins/workday.py for tasks to queue
[2025-04-28T11:25:14.531-0400] {logging_mixin.py:190} INFO - [2025-04-28T11:25:14.531-0400] {dagbag.py:588} INFO - Filling up the DagBag from /home/aangava/MSP/airflow_venv/lib/python3.12/site-packages/airflow/example_dags/plugins/workday.py
[2025-04-28T11:25:14.870-0400] {processor.py:927} WARNING - No viable dags retrieved from /home/aangava/MSP/airflow_venv/lib/python3.12/site-packages/airflow/example_dags/plugins/workday.py
[2025-04-28T11:25:14.877-0400] {processor.py:208} INFO - Processing /home/aangava/MSP/airflow_venv/lib/python3.12/site-packages/airflow/example_dags/plugins/workday.py took 0.354 seconds
[2025-04-28T11:26:09.543-0400] {processor.py:186} INFO - Started process (PID=24105) to work on /home/aangava/MSP/airflow_venv/lib/python3.12/site-packages/airflow/example_dags/plugins/workday.py
[2025-04-28T11:26:09.553-0400] {processor.py:914} INFO - Processing file /home/aangava/MSP/airflow_venv/lib/python3.12/site-packages/airflow/example_dags/plugins/workday.py for tasks to queue
[2025-04-28T11:26:09.554-0400] {logging_mixin.py:190} INFO - [2025-04-28T11:26:09.554-0400] {dagbag.py:588} INFO - Filling up the DagBag from /home/aangava/MSP/airflow_venv/lib/python3.12/site-packages/airflow/example_dags/plugins/workday.py
[2025-04-28T11:26:09.865-0400] {processor.py:927} WARNING - No viable dags retrieved from /home/aangava/MSP/airflow_venv/lib/python3.12/site-packages/airflow/example_dags/plugins/workday.py
[2025-04-28T11:26:09.870-0400] {processor.py:208} INFO - Processing /home/aangava/MSP/airflow_venv/lib/python3.12/site-packages/airflow/example_dags/plugins/workday.py took 0.331 seconds
[2025-04-28T11:27:34.475-0400] {processor.py:186} INFO - Started process (PID=24828) to work on /home/aangava/MSP/airflow_venv/lib/python3.12/site-packages/airflow/example_dags/plugins/workday.py
[2025-04-28T11:27:34.486-0400] {processor.py:914} INFO - Processing file /home/aangava/MSP/airflow_venv/lib/python3.12/site-packages/airflow/example_dags/plugins/workday.py for tasks to queue
[2025-04-28T11:27:34.487-0400] {logging_mixin.py:190} INFO - [2025-04-28T11:27:34.486-0400] {dagbag.py:588} INFO - Filling up the DagBag from /home/aangava/MSP/airflow_venv/lib/python3.12/site-packages/airflow/example_dags/plugins/workday.py
[2025-04-28T11:27:34.803-0400] {processor.py:927} WARNING - No viable dags retrieved from /home/aangava/MSP/airflow_venv/lib/python3.12/site-packages/airflow/example_dags/plugins/workday.py
[2025-04-28T11:27:34.809-0400] {processor.py:208} INFO - Processing /home/aangava/MSP/airflow_venv/lib/python3.12/site-packages/airflow/example_dags/plugins/workday.py took 0.338 seconds
[2025-04-28T11:28:34.603-0400] {processor.py:186} INFO - Started process (PID=25238) to work on /home/aangava/MSP/airflow_venv/lib/python3.12/site-packages/airflow/example_dags/plugins/workday.py
[2025-04-28T11:28:34.605-0400] {processor.py:914} INFO - Processing file /home/aangava/MSP/airflow_venv/lib/python3.12/site-packages/airflow/example_dags/plugins/workday.py for tasks to queue
[2025-04-28T11:28:34.606-0400] {logging_mixin.py:190} INFO - [2025-04-28T11:28:34.606-0400] {dagbag.py:588} INFO - Filling up the DagBag from /home/aangava/MSP/airflow_venv/lib/python3.12/site-packages/airflow/example_dags/plugins/workday.py
[2025-04-28T11:28:34.929-0400] {processor.py:927} WARNING - No viable dags retrieved from /home/aangava/MSP/airflow_venv/lib/python3.12/site-packages/airflow/example_dags/plugins/workday.py
[2025-04-28T11:28:34.934-0400] {processor.py:208} INFO - Processing /home/aangava/MSP/airflow_venv/lib/python3.12/site-packages/airflow/example_dags/plugins/workday.py took 0.336 seconds
[2025-04-28T11:30:20.383-0400] {processor.py:186} INFO - Started process (PID=26144) to work on /home/aangava/MSP/airflow_venv/lib/python3.12/site-packages/airflow/example_dags/plugins/workday.py
[2025-04-28T11:30:20.385-0400] {processor.py:914} INFO - Processing file /home/aangava/MSP/airflow_venv/lib/python3.12/site-packages/airflow/example_dags/plugins/workday.py for tasks to queue
[2025-04-28T11:30:20.386-0400] {logging_mixin.py:190} INFO - [2025-04-28T11:30:20.386-0400] {dagbag.py:588} INFO - Filling up the DagBag from /home/aangava/MSP/airflow_venv/lib/python3.12/site-packages/airflow/example_dags/plugins/workday.py
[2025-04-28T11:30:20.756-0400] {processor.py:927} WARNING - No viable dags retrieved from /home/aangava/MSP/airflow_venv/lib/python3.12/site-packages/airflow/example_dags/plugins/workday.py
[2025-04-28T11:30:20.762-0400] {processor.py:208} INFO - Processing /home/aangava/MSP/airflow_venv/lib/python3.12/site-packages/airflow/example_dags/plugins/workday.py took 0.383 seconds
[2025-04-28T11:31:39.424-0400] {processor.py:186} INFO - Started process (PID=26512) to work on /home/aangava/MSP/airflow_venv/lib/python3.12/site-packages/airflow/example_dags/plugins/workday.py
[2025-04-28T11:31:39.435-0400] {processor.py:914} INFO - Processing file /home/aangava/MSP/airflow_venv/lib/python3.12/site-packages/airflow/example_dags/plugins/workday.py for tasks to queue
[2025-04-28T11:31:39.436-0400] {logging_mixin.py:190} INFO - [2025-04-28T11:31:39.436-0400] {dagbag.py:588} INFO - Filling up the DagBag from /home/aangava/MSP/airflow_venv/lib/python3.12/site-packages/airflow/example_dags/plugins/workday.py
[2025-04-28T11:31:39.823-0400] {processor.py:927} WARNING - No viable dags retrieved from /home/aangava/MSP/airflow_venv/lib/python3.12/site-packages/airflow/example_dags/plugins/workday.py
[2025-04-28T11:31:39.828-0400] {processor.py:208} INFO - Processing /home/aangava/MSP/airflow_venv/lib/python3.12/site-packages/airflow/example_dags/plugins/workday.py took 0.408 seconds
[2025-04-28T11:32:59.385-0400] {processor.py:186} INFO - Started process (PID=26927) to work on /home/aangava/MSP/airflow_venv/lib/python3.12/site-packages/airflow/example_dags/plugins/workday.py
[2025-04-28T11:32:59.386-0400] {processor.py:914} INFO - Processing file /home/aangava/MSP/airflow_venv/lib/python3.12/site-packages/airflow/example_dags/plugins/workday.py for tasks to queue
[2025-04-28T11:32:59.387-0400] {logging_mixin.py:190} INFO - [2025-04-28T11:32:59.387-0400] {dagbag.py:588} INFO - Filling up the DagBag from /home/aangava/MSP/airflow_venv/lib/python3.12/site-packages/airflow/example_dags/plugins/workday.py
[2025-04-28T11:32:59.792-0400] {processor.py:927} WARNING - No viable dags retrieved from /home/aangava/MSP/airflow_venv/lib/python3.12/site-packages/airflow/example_dags/plugins/workday.py
[2025-04-28T11:32:59.797-0400] {processor.py:208} INFO - Processing /home/aangava/MSP/airflow_venv/lib/python3.12/site-packages/airflow/example_dags/plugins/workday.py took 0.418 seconds
[2025-04-28T11:34:18.001-0400] {processor.py:186} INFO - Started process (PID=27439) to work on /home/aangava/MSP/airflow_venv/lib/python3.12/site-packages/airflow/example_dags/plugins/workday.py
[2025-04-28T11:34:18.012-0400] {processor.py:914} INFO - Processing file /home/aangava/MSP/airflow_venv/lib/python3.12/site-packages/airflow/example_dags/plugins/workday.py for tasks to queue
[2025-04-28T11:34:18.014-0400] {logging_mixin.py:190} INFO - [2025-04-28T11:34:18.013-0400] {dagbag.py:588} INFO - Filling up the DagBag from /home/aangava/MSP/airflow_venv/lib/python3.12/site-packages/airflow/example_dags/plugins/workday.py
[2025-04-28T11:34:18.393-0400] {processor.py:927} WARNING - No viable dags retrieved from /home/aangava/MSP/airflow_venv/lib/python3.12/site-packages/airflow/example_dags/plugins/workday.py
[2025-04-28T11:34:18.398-0400] {processor.py:208} INFO - Processing /home/aangava/MSP/airflow_venv/lib/python3.12/site-packages/airflow/example_dags/plugins/workday.py took 0.401 seconds
[2025-04-28T11:35:32.886-0400] {processor.py:186} INFO - Started process (PID=27908) to work on /home/aangava/MSP/airflow_venv/lib/python3.12/site-packages/airflow/example_dags/plugins/workday.py
[2025-04-28T11:35:32.897-0400] {processor.py:914} INFO - Processing file /home/aangava/MSP/airflow_venv/lib/python3.12/site-packages/airflow/example_dags/plugins/workday.py for tasks to queue
[2025-04-28T11:35:32.899-0400] {logging_mixin.py:190} INFO - [2025-04-28T11:35:32.898-0400] {dagbag.py:588} INFO - Filling up the DagBag from /home/aangava/MSP/airflow_venv/lib/python3.12/site-packages/airflow/example_dags/plugins/workday.py
[2025-04-28T11:35:33.265-0400] {processor.py:927} WARNING - No viable dags retrieved from /home/aangava/MSP/airflow_venv/lib/python3.12/site-packages/airflow/example_dags/plugins/workday.py
[2025-04-28T11:35:33.272-0400] {processor.py:208} INFO - Processing /home/aangava/MSP/airflow_venv/lib/python3.12/site-packages/airflow/example_dags/plugins/workday.py took 0.390 seconds
[2025-04-28T11:36:28.971-0400] {processor.py:186} INFO - Started process (PID=28266) to work on /home/aangava/MSP/airflow_venv/lib/python3.12/site-packages/airflow/example_dags/plugins/workday.py
[2025-04-28T11:36:28.981-0400] {processor.py:914} INFO - Processing file /home/aangava/MSP/airflow_venv/lib/python3.12/site-packages/airflow/example_dags/plugins/workday.py for tasks to queue
[2025-04-28T11:36:28.982-0400] {logging_mixin.py:190} INFO - [2025-04-28T11:36:28.981-0400] {dagbag.py:588} INFO - Filling up the DagBag from /home/aangava/MSP/airflow_venv/lib/python3.12/site-packages/airflow/example_dags/plugins/workday.py
[2025-04-28T11:36:29.385-0400] {processor.py:927} WARNING - No viable dags retrieved from /home/aangava/MSP/airflow_venv/lib/python3.12/site-packages/airflow/example_dags/plugins/workday.py
[2025-04-28T11:36:29.392-0400] {processor.py:208} INFO - Processing /home/aangava/MSP/airflow_venv/lib/python3.12/site-packages/airflow/example_dags/plugins/workday.py took 0.425 seconds
[2025-04-28T11:37:47.058-0400] {processor.py:186} INFO - Started process (PID=28674) to work on /home/aangava/MSP/airflow_venv/lib/python3.12/site-packages/airflow/example_dags/plugins/workday.py
[2025-04-28T11:37:47.059-0400] {processor.py:914} INFO - Processing file /home/aangava/MSP/airflow_venv/lib/python3.12/site-packages/airflow/example_dags/plugins/workday.py for tasks to queue
[2025-04-28T11:37:47.061-0400] {logging_mixin.py:190} INFO - [2025-04-28T11:37:47.060-0400] {dagbag.py:588} INFO - Filling up the DagBag from /home/aangava/MSP/airflow_venv/lib/python3.12/site-packages/airflow/example_dags/plugins/workday.py
[2025-04-28T11:37:47.472-0400] {processor.py:927} WARNING - No viable dags retrieved from /home/aangava/MSP/airflow_venv/lib/python3.12/site-packages/airflow/example_dags/plugins/workday.py
[2025-04-28T11:37:47.478-0400] {processor.py:208} INFO - Processing /home/aangava/MSP/airflow_venv/lib/python3.12/site-packages/airflow/example_dags/plugins/workday.py took 0.425 seconds
[2025-04-28T11:39:06.922-0400] {processor.py:186} INFO - Started process (PID=29058) to work on /home/aangava/MSP/airflow_venv/lib/python3.12/site-packages/airflow/example_dags/plugins/workday.py
[2025-04-28T11:39:06.924-0400] {processor.py:914} INFO - Processing file /home/aangava/MSP/airflow_venv/lib/python3.12/site-packages/airflow/example_dags/plugins/workday.py for tasks to queue
[2025-04-28T11:39:06.925-0400] {logging_mixin.py:190} INFO - [2025-04-28T11:39:06.925-0400] {dagbag.py:588} INFO - Filling up the DagBag from /home/aangava/MSP/airflow_venv/lib/python3.12/site-packages/airflow/example_dags/plugins/workday.py
[2025-04-28T11:39:07.300-0400] {processor.py:927} WARNING - No viable dags retrieved from /home/aangava/MSP/airflow_venv/lib/python3.12/site-packages/airflow/example_dags/plugins/workday.py
[2025-04-28T11:39:07.305-0400] {processor.py:208} INFO - Processing /home/aangava/MSP/airflow_venv/lib/python3.12/site-packages/airflow/example_dags/plugins/workday.py took 0.427 seconds
[2025-04-28T11:40:27.869-0400] {processor.py:186} INFO - Started process (PID=29545) to work on /home/aangava/MSP/airflow_venv/lib/python3.12/site-packages/airflow/example_dags/plugins/workday.py
[2025-04-28T11:40:27.870-0400] {processor.py:914} INFO - Processing file /home/aangava/MSP/airflow_venv/lib/python3.12/site-packages/airflow/example_dags/plugins/workday.py for tasks to queue
[2025-04-28T11:40:27.871-0400] {logging_mixin.py:190} INFO - [2025-04-28T11:40:27.871-0400] {dagbag.py:588} INFO - Filling up the DagBag from /home/aangava/MSP/airflow_venv/lib/python3.12/site-packages/airflow/example_dags/plugins/workday.py
[2025-04-28T11:40:28.329-0400] {processor.py:927} WARNING - No viable dags retrieved from /home/aangava/MSP/airflow_venv/lib/python3.12/site-packages/airflow/example_dags/plugins/workday.py
[2025-04-28T11:40:28.335-0400] {processor.py:208} INFO - Processing /home/aangava/MSP/airflow_venv/lib/python3.12/site-packages/airflow/example_dags/plugins/workday.py took 0.471 seconds
[2025-04-28T11:41:48.557-0400] {processor.py:186} INFO - Started process (PID=30021) to work on /home/aangava/MSP/airflow_venv/lib/python3.12/site-packages/airflow/example_dags/plugins/workday.py
[2025-04-28T11:41:48.567-0400] {processor.py:914} INFO - Processing file /home/aangava/MSP/airflow_venv/lib/python3.12/site-packages/airflow/example_dags/plugins/workday.py for tasks to queue
[2025-04-28T11:41:48.568-0400] {logging_mixin.py:190} INFO - [2025-04-28T11:41:48.568-0400] {dagbag.py:588} INFO - Filling up the DagBag from /home/aangava/MSP/airflow_venv/lib/python3.12/site-packages/airflow/example_dags/plugins/workday.py
[2025-04-28T11:41:48.967-0400] {processor.py:927} WARNING - No viable dags retrieved from /home/aangava/MSP/airflow_venv/lib/python3.12/site-packages/airflow/example_dags/plugins/workday.py
[2025-04-28T11:41:48.973-0400] {processor.py:208} INFO - Processing /home/aangava/MSP/airflow_venv/lib/python3.12/site-packages/airflow/example_dags/plugins/workday.py took 0.420 seconds
[2025-04-28T11:42:45.439-0400] {processor.py:186} INFO - Started process (PID=30444) to work on /home/aangava/MSP/airflow_venv/lib/python3.12/site-packages/airflow/example_dags/plugins/workday.py
[2025-04-28T11:42:45.450-0400] {processor.py:914} INFO - Processing file /home/aangava/MSP/airflow_venv/lib/python3.12/site-packages/airflow/example_dags/plugins/workday.py for tasks to queue
[2025-04-28T11:42:45.451-0400] {logging_mixin.py:190} INFO - [2025-04-28T11:42:45.451-0400] {dagbag.py:588} INFO - Filling up the DagBag from /home/aangava/MSP/airflow_venv/lib/python3.12/site-packages/airflow/example_dags/plugins/workday.py
[2025-04-28T11:42:45.856-0400] {processor.py:927} WARNING - No viable dags retrieved from /home/aangava/MSP/airflow_venv/lib/python3.12/site-packages/airflow/example_dags/plugins/workday.py
[2025-04-28T11:42:45.862-0400] {processor.py:208} INFO - Processing /home/aangava/MSP/airflow_venv/lib/python3.12/site-packages/airflow/example_dags/plugins/workday.py took 0.428 seconds
[2025-04-28T11:44:07.273-0400] {processor.py:186} INFO - Started process (PID=30991) to work on /home/aangava/MSP/airflow_venv/lib/python3.12/site-packages/airflow/example_dags/plugins/workday.py
[2025-04-28T11:44:07.274-0400] {processor.py:914} INFO - Processing file /home/aangava/MSP/airflow_venv/lib/python3.12/site-packages/airflow/example_dags/plugins/workday.py for tasks to queue
[2025-04-28T11:44:07.275-0400] {logging_mixin.py:190} INFO - [2025-04-28T11:44:07.275-0400] {dagbag.py:588} INFO - Filling up the DagBag from /home/aangava/MSP/airflow_venv/lib/python3.12/site-packages/airflow/example_dags/plugins/workday.py
[2025-04-28T11:44:07.659-0400] {processor.py:927} WARNING - No viable dags retrieved from /home/aangava/MSP/airflow_venv/lib/python3.12/site-packages/airflow/example_dags/plugins/workday.py
[2025-04-28T11:44:07.664-0400] {processor.py:208} INFO - Processing /home/aangava/MSP/airflow_venv/lib/python3.12/site-packages/airflow/example_dags/plugins/workday.py took 0.395 seconds
[2025-04-28T11:45:28.295-0400] {processor.py:186} INFO - Started process (PID=31406) to work on /home/aangava/MSP/airflow_venv/lib/python3.12/site-packages/airflow/example_dags/plugins/workday.py
[2025-04-28T11:45:28.297-0400] {processor.py:914} INFO - Processing file /home/aangava/MSP/airflow_venv/lib/python3.12/site-packages/airflow/example_dags/plugins/workday.py for tasks to queue
[2025-04-28T11:45:28.299-0400] {logging_mixin.py:190} INFO - [2025-04-28T11:45:28.298-0400] {dagbag.py:588} INFO - Filling up the DagBag from /home/aangava/MSP/airflow_venv/lib/python3.12/site-packages/airflow/example_dags/plugins/workday.py
[2025-04-28T11:45:28.698-0400] {processor.py:927} WARNING - No viable dags retrieved from /home/aangava/MSP/airflow_venv/lib/python3.12/site-packages/airflow/example_dags/plugins/workday.py
[2025-04-28T11:45:28.703-0400] {processor.py:208} INFO - Processing /home/aangava/MSP/airflow_venv/lib/python3.12/site-packages/airflow/example_dags/plugins/workday.py took 0.418 seconds
[2025-04-28T11:46:49.648-0400] {processor.py:186} INFO - Started process (PID=32032) to work on /home/aangava/MSP/airflow_venv/lib/python3.12/site-packages/airflow/example_dags/plugins/workday.py
[2025-04-28T11:46:49.658-0400] {processor.py:914} INFO - Processing file /home/aangava/MSP/airflow_venv/lib/python3.12/site-packages/airflow/example_dags/plugins/workday.py for tasks to queue
[2025-04-28T11:46:49.659-0400] {logging_mixin.py:190} INFO - [2025-04-28T11:46:49.659-0400] {dagbag.py:588} INFO - Filling up the DagBag from /home/aangava/MSP/airflow_venv/lib/python3.12/site-packages/airflow/example_dags/plugins/workday.py
[2025-04-28T11:46:50.050-0400] {processor.py:927} WARNING - No viable dags retrieved from /home/aangava/MSP/airflow_venv/lib/python3.12/site-packages/airflow/example_dags/plugins/workday.py
[2025-04-28T11:46:50.055-0400] {processor.py:208} INFO - Processing /home/aangava/MSP/airflow_venv/lib/python3.12/site-packages/airflow/example_dags/plugins/workday.py took 0.412 seconds
[2025-04-28T11:48:08.835-0400] {processor.py:186} INFO - Started process (PID=32441) to work on /home/aangava/MSP/airflow_venv/lib/python3.12/site-packages/airflow/example_dags/plugins/workday.py
[2025-04-28T11:48:08.845-0400] {processor.py:914} INFO - Processing file /home/aangava/MSP/airflow_venv/lib/python3.12/site-packages/airflow/example_dags/plugins/workday.py for tasks to queue
[2025-04-28T11:48:08.846-0400] {logging_mixin.py:190} INFO - [2025-04-28T11:48:08.846-0400] {dagbag.py:588} INFO - Filling up the DagBag from /home/aangava/MSP/airflow_venv/lib/python3.12/site-packages/airflow/example_dags/plugins/workday.py
[2025-04-28T11:48:09.230-0400] {processor.py:927} WARNING - No viable dags retrieved from /home/aangava/MSP/airflow_venv/lib/python3.12/site-packages/airflow/example_dags/plugins/workday.py
[2025-04-28T11:48:09.235-0400] {processor.py:208} INFO - Processing /home/aangava/MSP/airflow_venv/lib/python3.12/site-packages/airflow/example_dags/plugins/workday.py took 0.405 seconds
[2025-04-28T11:49:05.707-0400] {processor.py:186} INFO - Started process (PID=32701) to work on /home/aangava/MSP/airflow_venv/lib/python3.12/site-packages/airflow/example_dags/plugins/workday.py
[2025-04-28T11:49:05.709-0400] {processor.py:914} INFO - Processing file /home/aangava/MSP/airflow_venv/lib/python3.12/site-packages/airflow/example_dags/plugins/workday.py for tasks to queue
[2025-04-28T11:49:05.710-0400] {logging_mixin.py:190} INFO - [2025-04-28T11:49:05.709-0400] {dagbag.py:588} INFO - Filling up the DagBag from /home/aangava/MSP/airflow_venv/lib/python3.12/site-packages/airflow/example_dags/plugins/workday.py
[2025-04-28T11:49:06.151-0400] {processor.py:927} WARNING - No viable dags retrieved from /home/aangava/MSP/airflow_venv/lib/python3.12/site-packages/airflow/example_dags/plugins/workday.py
[2025-04-28T11:49:06.156-0400] {processor.py:208} INFO - Processing /home/aangava/MSP/airflow_venv/lib/python3.12/site-packages/airflow/example_dags/plugins/workday.py took 0.455 seconds
[2025-04-28T11:50:26.717-0400] {processor.py:186} INFO - Started process (PID=33516) to work on /home/aangava/MSP/airflow_venv/lib/python3.12/site-packages/airflow/example_dags/plugins/workday.py
[2025-04-28T11:50:26.718-0400] {processor.py:914} INFO - Processing file /home/aangava/MSP/airflow_venv/lib/python3.12/site-packages/airflow/example_dags/plugins/workday.py for tasks to queue
[2025-04-28T11:50:26.719-0400] {logging_mixin.py:190} INFO - [2025-04-28T11:50:26.719-0400] {dagbag.py:588} INFO - Filling up the DagBag from /home/aangava/MSP/airflow_venv/lib/python3.12/site-packages/airflow/example_dags/plugins/workday.py
[2025-04-28T11:50:27.097-0400] {processor.py:927} WARNING - No viable dags retrieved from /home/aangava/MSP/airflow_venv/lib/python3.12/site-packages/airflow/example_dags/plugins/workday.py
[2025-04-28T11:50:27.103-0400] {processor.py:208} INFO - Processing /home/aangava/MSP/airflow_venv/lib/python3.12/site-packages/airflow/example_dags/plugins/workday.py took 0.391 seconds
[2025-04-28T11:51:48.354-0400] {processor.py:186} INFO - Started process (PID=34118) to work on /home/aangava/MSP/airflow_venv/lib/python3.12/site-packages/airflow/example_dags/plugins/workday.py
[2025-04-28T11:51:48.356-0400] {processor.py:914} INFO - Processing file /home/aangava/MSP/airflow_venv/lib/python3.12/site-packages/airflow/example_dags/plugins/workday.py for tasks to queue
[2025-04-28T11:51:48.356-0400] {logging_mixin.py:190} INFO - [2025-04-28T11:51:48.356-0400] {dagbag.py:588} INFO - Filling up the DagBag from /home/aangava/MSP/airflow_venv/lib/python3.12/site-packages/airflow/example_dags/plugins/workday.py
[2025-04-28T11:51:48.755-0400] {processor.py:927} WARNING - No viable dags retrieved from /home/aangava/MSP/airflow_venv/lib/python3.12/site-packages/airflow/example_dags/plugins/workday.py
[2025-04-28T11:51:48.760-0400] {processor.py:208} INFO - Processing /home/aangava/MSP/airflow_venv/lib/python3.12/site-packages/airflow/example_dags/plugins/workday.py took 0.410 seconds
