[2025-05-14T13:34:31.770-0400] {local_task_job_runner.py:123} INFO - ::group::Pre task execution logs
[2025-05-14T13:34:31.775-0400] {taskinstance.py:2614} INFO - Dependencies all met for dep_context=non-requeueable deps ti=<TaskInstance: spotify_pipeline.extract_spotify_data manual__2025-05-14T17:34:28.716355+00:00 [queued]>
[2025-05-14T13:34:31.778-0400] {taskinstance.py:2614} INFO - Dependencies all met for dep_context=requeueable deps ti=<TaskInstance: spotify_pipeline.extract_spotify_data manual__2025-05-14T17:34:28.716355+00:00 [queued]>
[2025-05-14T13:34:31.779-0400] {taskinstance.py:2867} INFO - Starting attempt 1 of 2
[2025-05-14T13:34:31.787-0400] {taskinstance.py:2890} INFO - Executing <Task(PythonOperator): extract_spotify_data> on 2025-05-14 17:34:28.716355+00:00
[2025-05-14T13:34:31.793-0400] {logging_mixin.py:190} WARNING - /home/aangava/MSP/airflow_venv/lib/python3.12/site-packages/airflow/task/task_runner/standard_task_runner.py:70 DeprecationWarning: This process (pid=15711) is multi-threaded, use of fork() may lead to deadlocks in the child.
[2025-05-14T13:34:31.793-0400] {standard_task_runner.py:104} INFO - Running: ['airflow', 'tasks', 'run', 'spotify_pipeline', 'extract_spotify_data', 'manual__2025-05-14T17:34:28.716355+00:00', '--job-id', '49', '--raw', '--subdir', 'DAGS_FOLDER/spotify_pipeline.py', '--cfg-path', '/tmp/tmpxcvgxl2q']
[2025-05-14T13:34:31.794-0400] {standard_task_runner.py:105} INFO - Job 49: Subtask extract_spotify_data
[2025-05-14T13:34:31.794-0400] {standard_task_runner.py:72} INFO - Started process 15735 to run task
[2025-05-14T13:34:31.820-0400] {task_command.py:467} INFO - Running <TaskInstance: spotify_pipeline.extract_spotify_data manual__2025-05-14T17:34:28.716355+00:00 [running]> on host BOOK-NSV5SP728N.
[2025-05-14T13:34:31.864-0400] {taskinstance.py:3134} INFO - Exporting env vars: AIRFLOW_CTX_DAG_OWNER='aanga' AIRFLOW_CTX_DAG_ID='spotify_pipeline' AIRFLOW_CTX_TASK_ID='extract_spotify_data' AIRFLOW_CTX_EXECUTION_DATE='2025-05-14T17:34:28.716355+00:00' AIRFLOW_CTX_TRY_NUMBER='1' AIRFLOW_CTX_DAG_RUN_ID='manual__2025-05-14T17:34:28.716355+00:00'
[2025-05-14T13:34:31.865-0400] {logging_mixin.py:190} INFO - Task instance is in running state
[2025-05-14T13:34:31.865-0400] {logging_mixin.py:190} INFO -  Previous state of the Task instance: queued
[2025-05-14T13:34:31.865-0400] {logging_mixin.py:190} INFO - Current task name:extract_spotify_data state:running start_date:2025-05-14 17:34:31.775415+00:00
[2025-05-14T13:34:31.865-0400] {logging_mixin.py:190} INFO - Dag name:spotify_pipeline and current dag run status:running
[2025-05-14T13:34:31.865-0400] {taskinstance.py:732} INFO - ::endgroup::
[2025-05-14T13:34:34.676-0400] {logging_mixin.py:190} INFO - ✅ Artist Streams saved to: /home/aangava/MSP/airflow/cleaned_artist_streams.csv
[2025-05-14T13:34:34.682-0400] {logging_mixin.py:190} INFO -                 artist_id artist_name          track_name  popularity                          album  followers     genres extraction_date
0  5Z71xE9prhpHrqL5thVMyK     tripleS     Girls Never Die          68                   <ASSEMBLE24>     580370  ["k-pop"]      2025-05-14
1  5Z71xE9prhpHrqL5thVMyK     tripleS          Generation          60  Acid Angel from Asia <ACCESS>     580370  ["k-pop"]      2025-05-14
2  5Z71xE9prhpHrqL5thVMyK     tripleS              Rising          59                       ASSEMBLE     580370  ["k-pop"]      2025-05-14
3  5Z71xE9prhpHrqL5thVMyK     tripleS   Girls' Capitalism          57                 LOVElution <ↀ>     580370  ["k-pop"]      2025-05-14
4  5Z71xE9prhpHrqL5thVMyK     tripleS  깨어 (Are You Alive)          55                   <ASSEMBLE25>     580370  ["k-pop"]      2025-05-14
[2025-05-14T13:34:34.683-0400] {logging_mixin.py:190} INFO - ✅ Playlists saved to: /home/aangava/MSP/airflow/cleaned_playlists.csv
[2025-05-14T13:34:34.686-0400] {logging_mixin.py:190} INFO -               playlist_id              playlist_name                      owner_id  followers  total_tracks extraction_date
0  7vhaamErffNetyvUgueBs3     Jimin Painkillers 2025  316ehswh4ltlx4zkzncp7mnelpei          1            64      2025-05-14
1  2wazkzhuzpipWcVKjOa7Vg  Jimin Spring 2025 Bangers  316ehswh4ltlx4zkzncp7mnelpei          2            56      2025-05-14
[2025-05-14T13:34:34.687-0400] {logging_mixin.py:190} INFO - ✅ Playlist Tracks saved to: /home/aangava/MSP/airflow/cleaned_playlists_tracks_streams.csv
[2025-05-14T13:34:34.692-0400] {logging_mixin.py:190} INFO -               playlist_id                track_id                                 track_name  ...                                      album  duration_ms extraction_date
0  7vhaamErffNetyvUgueBs3  3fqwjXwUGN6vbzIwvyFMhx                          Tennessee Whiskey  ...                                  Traveller       293293      2025-05-14
1  7vhaamErffNetyvUgueBs3  7HRW1XRyOITRJWrygoKL9u                      Different 'Round Here  ...                        Ain't My Last Rodeo       176000      2025-05-14
2  7vhaamErffNetyvUgueBs3  7GqNLsydHDulc4ifcS4Qqb  You Had To Be There (feat. Kenny Chesney)  ...  You Had To Be There (feat. Kenny Chesney)       220157      2025-05-14
3  7vhaamErffNetyvUgueBs3  2rxQMGVafnNaRaXlRMWPde                            Beautiful Crazy  ...    This One's for You Too (Deluxe Edition)       193200      2025-05-14
4  7vhaamErffNetyvUgueBs3  5crxqqibcvoOQQgg4HjAFQ            Guy For That (Feat. Luke Combs)  ...                               Guy For That       164011      2025-05-14

[5 rows x 8 columns]
[2025-05-14T13:34:34.693-0400] {python.py:240} INFO - Done. Returned value was: None
[2025-05-14T13:34:34.699-0400] {taskinstance.py:341} INFO - ::group::Post task execution logs
[2025-05-14T13:34:34.700-0400] {taskinstance.py:353} INFO - Marking task as SUCCESS. dag_id=spotify_pipeline, task_id=extract_spotify_data, run_id=manual__2025-05-14T17:34:28.716355+00:00, execution_date=20250514T173428, start_date=20250514T173431, end_date=20250514T173434
[2025-05-14T13:34:34.712-0400] {logging_mixin.py:190} INFO - Task instance in success state
[2025-05-14T13:34:34.712-0400] {logging_mixin.py:190} INFO -  Previous state of the Task instance: running
[2025-05-14T13:34:34.712-0400] {logging_mixin.py:190} INFO - Dag name:spotify_pipeline queued_at:2025-05-14 17:34:28.734551+00:00
[2025-05-14T13:34:34.712-0400] {logging_mixin.py:190} INFO - Task hostname:BOOK-NSV5SP728N. operator:PythonOperator
[2025-05-14T13:34:34.740-0400] {local_task_job_runner.py:266} INFO - Task exited with return code 0
[2025-05-14T13:34:34.754-0400] {taskinstance.py:3901} INFO - 1 downstream tasks scheduled from follow-on schedule check
[2025-05-14T13:34:34.757-0400] {local_task_job_runner.py:245} INFO - ::endgroup::
