[2025-05-14T23:00:12.708-0400] {processor.py:186} INFO - Started process (PID=45479) to work on /home/aangava/MSP/airflow_venv/lib/python3.12/site-packages/airflow/example_dags/example_workday_timetable.py
[2025-05-14T23:00:12.709-0400] {processor.py:914} INFO - Processing file /home/aangava/MSP/airflow_venv/lib/python3.12/site-packages/airflow/example_dags/example_workday_timetable.py for tasks to queue
[2025-05-14T23:00:12.710-0400] {logging_mixin.py:190} INFO - [2025-05-14T23:00:12.710-0400] {dagbag.py:588} INFO - Filling up the DagBag from /home/aangava/MSP/airflow_venv/lib/python3.12/site-packages/airflow/example_dags/example_workday_timetable.py
[2025-05-14T23:00:12.716-0400] {processor.py:925} INFO - DAG(s) 'example_workday_timetable' retrieved from /home/aangava/MSP/airflow_venv/lib/python3.12/site-packages/airflow/example_dags/example_workday_timetable.py
[2025-05-14T23:00:12.739-0400] {logging_mixin.py:190} INFO - [2025-05-14T23:00:12.739-0400] {dag.py:3239} INFO - Sync 1 DAGs
[2025-05-14T23:00:12.802-0400] {logging_mixin.py:190} INFO - [2025-05-14T23:00:12.802-0400] {dag.py:4180} INFO - Setting next_dagrun for example_workday_timetable to 2021-01-04 00:00:00+00:00, run_after=2021-01-05 00:00:00+00:00
[2025-05-14T23:00:12.829-0400] {processor.py:208} INFO - Processing /home/aangava/MSP/airflow_venv/lib/python3.12/site-packages/airflow/example_dags/example_workday_timetable.py took 0.128 seconds
[2025-05-14T23:01:16.940-0400] {processor.py:186} INFO - Started process (PID=45741) to work on /home/aangava/MSP/airflow_venv/lib/python3.12/site-packages/airflow/example_dags/example_workday_timetable.py
[2025-05-14T23:01:16.951-0400] {processor.py:914} INFO - Processing file /home/aangava/MSP/airflow_venv/lib/python3.12/site-packages/airflow/example_dags/example_workday_timetable.py for tasks to queue
[2025-05-14T23:01:16.954-0400] {logging_mixin.py:190} INFO - [2025-05-14T23:01:16.953-0400] {dagbag.py:588} INFO - Filling up the DagBag from /home/aangava/MSP/airflow_venv/lib/python3.12/site-packages/airflow/example_dags/example_workday_timetable.py
[2025-05-14T23:01:16.960-0400] {processor.py:925} INFO - DAG(s) 'example_workday_timetable' retrieved from /home/aangava/MSP/airflow_venv/lib/python3.12/site-packages/airflow/example_dags/example_workday_timetable.py
[2025-05-14T23:01:16.982-0400] {logging_mixin.py:190} INFO - [2025-05-14T23:01:16.982-0400] {dag.py:3239} INFO - Sync 1 DAGs
[2025-05-14T23:01:17.042-0400] {logging_mixin.py:190} INFO - [2025-05-14T23:01:17.042-0400] {dag.py:4180} INFO - Setting next_dagrun for example_workday_timetable to 2021-01-04 00:00:00+00:00, run_after=2021-01-05 00:00:00+00:00
[2025-05-14T23:01:17.072-0400] {processor.py:208} INFO - Processing /home/aangava/MSP/airflow_venv/lib/python3.12/site-packages/airflow/example_dags/example_workday_timetable.py took 0.145 seconds
[2025-05-14T23:02:19.376-0400] {processor.py:186} INFO - Started process (PID=45982) to work on /home/aangava/MSP/airflow_venv/lib/python3.12/site-packages/airflow/example_dags/example_workday_timetable.py
[2025-05-14T23:02:19.379-0400] {processor.py:914} INFO - Processing file /home/aangava/MSP/airflow_venv/lib/python3.12/site-packages/airflow/example_dags/example_workday_timetable.py for tasks to queue
[2025-05-14T23:02:19.382-0400] {logging_mixin.py:190} INFO - [2025-05-14T23:02:19.381-0400] {dagbag.py:588} INFO - Filling up the DagBag from /home/aangava/MSP/airflow_venv/lib/python3.12/site-packages/airflow/example_dags/example_workday_timetable.py
[2025-05-14T23:02:19.389-0400] {processor.py:925} INFO - DAG(s) 'example_workday_timetable' retrieved from /home/aangava/MSP/airflow_venv/lib/python3.12/site-packages/airflow/example_dags/example_workday_timetable.py
[2025-05-14T23:02:19.413-0400] {logging_mixin.py:190} INFO - [2025-05-14T23:02:19.413-0400] {dag.py:3239} INFO - Sync 1 DAGs
[2025-05-14T23:02:19.481-0400] {logging_mixin.py:190} INFO - [2025-05-14T23:02:19.480-0400] {dag.py:4180} INFO - Setting next_dagrun for example_workday_timetable to 2021-01-04 00:00:00+00:00, run_after=2021-01-05 00:00:00+00:00
[2025-05-14T23:02:19.505-0400] {processor.py:208} INFO - Processing /home/aangava/MSP/airflow_venv/lib/python3.12/site-packages/airflow/example_dags/example_workday_timetable.py took 0.141 seconds
[2025-05-14T23:03:21.167-0400] {processor.py:186} INFO - Started process (PID=46227) to work on /home/aangava/MSP/airflow_venv/lib/python3.12/site-packages/airflow/example_dags/example_workday_timetable.py
[2025-05-14T23:03:21.180-0400] {processor.py:914} INFO - Processing file /home/aangava/MSP/airflow_venv/lib/python3.12/site-packages/airflow/example_dags/example_workday_timetable.py for tasks to queue
[2025-05-14T23:03:21.183-0400] {logging_mixin.py:190} INFO - [2025-05-14T23:03:21.182-0400] {dagbag.py:588} INFO - Filling up the DagBag from /home/aangava/MSP/airflow_venv/lib/python3.12/site-packages/airflow/example_dags/example_workday_timetable.py
[2025-05-14T23:03:21.190-0400] {processor.py:925} INFO - DAG(s) 'example_workday_timetable' retrieved from /home/aangava/MSP/airflow_venv/lib/python3.12/site-packages/airflow/example_dags/example_workday_timetable.py
[2025-05-14T23:03:21.208-0400] {logging_mixin.py:190} INFO - [2025-05-14T23:03:21.208-0400] {dag.py:3239} INFO - Sync 1 DAGs
[2025-05-14T23:03:21.264-0400] {logging_mixin.py:190} INFO - [2025-05-14T23:03:21.263-0400] {dag.py:4180} INFO - Setting next_dagrun for example_workday_timetable to 2021-01-04 00:00:00+00:00, run_after=2021-01-05 00:00:00+00:00
[2025-05-14T23:03:21.295-0400] {processor.py:208} INFO - Processing /home/aangava/MSP/airflow_venv/lib/python3.12/site-packages/airflow/example_dags/example_workday_timetable.py took 0.136 seconds
[2025-05-14T23:04:18.666-0400] {processor.py:186} INFO - Started process (PID=46456) to work on /home/aangava/MSP/airflow_venv/lib/python3.12/site-packages/airflow/example_dags/example_workday_timetable.py
[2025-05-14T23:04:18.680-0400] {processor.py:914} INFO - Processing file /home/aangava/MSP/airflow_venv/lib/python3.12/site-packages/airflow/example_dags/example_workday_timetable.py for tasks to queue
[2025-05-14T23:04:18.683-0400] {logging_mixin.py:190} INFO - [2025-05-14T23:04:18.682-0400] {dagbag.py:588} INFO - Filling up the DagBag from /home/aangava/MSP/airflow_venv/lib/python3.12/site-packages/airflow/example_dags/example_workday_timetable.py
[2025-05-14T23:04:18.691-0400] {processor.py:925} INFO - DAG(s) 'example_workday_timetable' retrieved from /home/aangava/MSP/airflow_venv/lib/python3.12/site-packages/airflow/example_dags/example_workday_timetable.py
[2025-05-14T23:04:18.721-0400] {logging_mixin.py:190} INFO - [2025-05-14T23:04:18.721-0400] {dag.py:3239} INFO - Sync 1 DAGs
[2025-05-14T23:04:18.780-0400] {logging_mixin.py:190} INFO - [2025-05-14T23:04:18.780-0400] {dag.py:4180} INFO - Setting next_dagrun for example_workday_timetable to 2021-01-04 00:00:00+00:00, run_after=2021-01-05 00:00:00+00:00
[2025-05-14T23:04:18.818-0400] {processor.py:208} INFO - Processing /home/aangava/MSP/airflow_venv/lib/python3.12/site-packages/airflow/example_dags/example_workday_timetable.py took 0.164 seconds
[2025-05-14T23:05:17.353-0400] {processor.py:186} INFO - Started process (PID=46692) to work on /home/aangava/MSP/airflow_venv/lib/python3.12/site-packages/airflow/example_dags/example_workday_timetable.py
[2025-05-14T23:05:17.366-0400] {processor.py:914} INFO - Processing file /home/aangava/MSP/airflow_venv/lib/python3.12/site-packages/airflow/example_dags/example_workday_timetable.py for tasks to queue
[2025-05-14T23:05:17.368-0400] {logging_mixin.py:190} INFO - [2025-05-14T23:05:17.367-0400] {dagbag.py:588} INFO - Filling up the DagBag from /home/aangava/MSP/airflow_venv/lib/python3.12/site-packages/airflow/example_dags/example_workday_timetable.py
[2025-05-14T23:05:17.374-0400] {processor.py:925} INFO - DAG(s) 'example_workday_timetable' retrieved from /home/aangava/MSP/airflow_venv/lib/python3.12/site-packages/airflow/example_dags/example_workday_timetable.py
[2025-05-14T23:05:17.401-0400] {logging_mixin.py:190} INFO - [2025-05-14T23:05:17.401-0400] {dag.py:3239} INFO - Sync 1 DAGs
[2025-05-14T23:05:17.464-0400] {logging_mixin.py:190} INFO - [2025-05-14T23:05:17.464-0400] {dag.py:4180} INFO - Setting next_dagrun for example_workday_timetable to 2021-01-04 00:00:00+00:00, run_after=2021-01-05 00:00:00+00:00
[2025-05-14T23:05:17.491-0400] {processor.py:208} INFO - Processing /home/aangava/MSP/airflow_venv/lib/python3.12/site-packages/airflow/example_dags/example_workday_timetable.py took 0.148 seconds
[2025-05-14T23:06:19.565-0400] {processor.py:186} INFO - Started process (PID=46958) to work on /home/aangava/MSP/airflow_venv/lib/python3.12/site-packages/airflow/example_dags/example_workday_timetable.py
[2025-05-14T23:06:19.577-0400] {processor.py:914} INFO - Processing file /home/aangava/MSP/airflow_venv/lib/python3.12/site-packages/airflow/example_dags/example_workday_timetable.py for tasks to queue
[2025-05-14T23:06:19.579-0400] {logging_mixin.py:190} INFO - [2025-05-14T23:06:19.578-0400] {dagbag.py:588} INFO - Filling up the DagBag from /home/aangava/MSP/airflow_venv/lib/python3.12/site-packages/airflow/example_dags/example_workday_timetable.py
[2025-05-14T23:06:19.584-0400] {processor.py:925} INFO - DAG(s) 'example_workday_timetable' retrieved from /home/aangava/MSP/airflow_venv/lib/python3.12/site-packages/airflow/example_dags/example_workday_timetable.py
[2025-05-14T23:06:19.602-0400] {logging_mixin.py:190} INFO - [2025-05-14T23:06:19.602-0400] {dag.py:3239} INFO - Sync 1 DAGs
[2025-05-14T23:06:19.655-0400] {logging_mixin.py:190} INFO - [2025-05-14T23:06:19.655-0400] {dag.py:4180} INFO - Setting next_dagrun for example_workday_timetable to 2021-01-04 00:00:00+00:00, run_after=2021-01-05 00:00:00+00:00
[2025-05-14T23:06:19.683-0400] {processor.py:208} INFO - Processing /home/aangava/MSP/airflow_venv/lib/python3.12/site-packages/airflow/example_dags/example_workday_timetable.py took 0.125 seconds
[2025-05-14T23:07:18.617-0400] {processor.py:186} INFO - Started process (PID=47197) to work on /home/aangava/MSP/airflow_venv/lib/python3.12/site-packages/airflow/example_dags/example_workday_timetable.py
[2025-05-14T23:07:18.620-0400] {processor.py:914} INFO - Processing file /home/aangava/MSP/airflow_venv/lib/python3.12/site-packages/airflow/example_dags/example_workday_timetable.py for tasks to queue
[2025-05-14T23:07:18.622-0400] {logging_mixin.py:190} INFO - [2025-05-14T23:07:18.622-0400] {dagbag.py:588} INFO - Filling up the DagBag from /home/aangava/MSP/airflow_venv/lib/python3.12/site-packages/airflow/example_dags/example_workday_timetable.py
[2025-05-14T23:07:18.629-0400] {processor.py:925} INFO - DAG(s) 'example_workday_timetable' retrieved from /home/aangava/MSP/airflow_venv/lib/python3.12/site-packages/airflow/example_dags/example_workday_timetable.py
[2025-05-14T23:07:18.650-0400] {logging_mixin.py:190} INFO - [2025-05-14T23:07:18.650-0400] {dag.py:3239} INFO - Sync 1 DAGs
[2025-05-14T23:07:18.706-0400] {logging_mixin.py:190} INFO - [2025-05-14T23:07:18.705-0400] {dag.py:4180} INFO - Setting next_dagrun for example_workday_timetable to 2021-01-04 00:00:00+00:00, run_after=2021-01-05 00:00:00+00:00
[2025-05-14T23:07:18.735-0400] {processor.py:208} INFO - Processing /home/aangava/MSP/airflow_venv/lib/python3.12/site-packages/airflow/example_dags/example_workday_timetable.py took 0.129 seconds
[2025-05-14T23:08:23.597-0400] {processor.py:186} INFO - Started process (PID=47450) to work on /home/aangava/MSP/airflow_venv/lib/python3.12/site-packages/airflow/example_dags/example_workday_timetable.py
[2025-05-14T23:08:23.608-0400] {processor.py:914} INFO - Processing file /home/aangava/MSP/airflow_venv/lib/python3.12/site-packages/airflow/example_dags/example_workday_timetable.py for tasks to queue
[2025-05-14T23:08:23.610-0400] {logging_mixin.py:190} INFO - [2025-05-14T23:08:23.610-0400] {dagbag.py:588} INFO - Filling up the DagBag from /home/aangava/MSP/airflow_venv/lib/python3.12/site-packages/airflow/example_dags/example_workday_timetable.py
[2025-05-14T23:08:23.616-0400] {processor.py:925} INFO - DAG(s) 'example_workday_timetable' retrieved from /home/aangava/MSP/airflow_venv/lib/python3.12/site-packages/airflow/example_dags/example_workday_timetable.py
[2025-05-14T23:08:23.635-0400] {logging_mixin.py:190} INFO - [2025-05-14T23:08:23.635-0400] {dag.py:3239} INFO - Sync 1 DAGs
[2025-05-14T23:08:23.692-0400] {logging_mixin.py:190} INFO - [2025-05-14T23:08:23.691-0400] {dag.py:4180} INFO - Setting next_dagrun for example_workday_timetable to 2021-01-04 00:00:00+00:00, run_after=2021-01-05 00:00:00+00:00
[2025-05-14T23:08:23.718-0400] {processor.py:208} INFO - Processing /home/aangava/MSP/airflow_venv/lib/python3.12/site-packages/airflow/example_dags/example_workday_timetable.py took 0.129 seconds
[2025-05-14T23:09:25.479-0400] {processor.py:186} INFO - Started process (PID=47694) to work on /home/aangava/MSP/airflow_venv/lib/python3.12/site-packages/airflow/example_dags/example_workday_timetable.py
[2025-05-14T23:09:25.492-0400] {processor.py:914} INFO - Processing file /home/aangava/MSP/airflow_venv/lib/python3.12/site-packages/airflow/example_dags/example_workday_timetable.py for tasks to queue
[2025-05-14T23:09:25.495-0400] {logging_mixin.py:190} INFO - [2025-05-14T23:09:25.494-0400] {dagbag.py:588} INFO - Filling up the DagBag from /home/aangava/MSP/airflow_venv/lib/python3.12/site-packages/airflow/example_dags/example_workday_timetable.py
[2025-05-14T23:09:25.503-0400] {processor.py:925} INFO - DAG(s) 'example_workday_timetable' retrieved from /home/aangava/MSP/airflow_venv/lib/python3.12/site-packages/airflow/example_dags/example_workday_timetable.py
[2025-05-14T23:09:25.525-0400] {logging_mixin.py:190} INFO - [2025-05-14T23:09:25.524-0400] {dag.py:3239} INFO - Sync 1 DAGs
[2025-05-14T23:09:25.575-0400] {logging_mixin.py:190} INFO - [2025-05-14T23:09:25.575-0400] {dag.py:4180} INFO - Setting next_dagrun for example_workday_timetable to 2021-01-04 00:00:00+00:00, run_after=2021-01-05 00:00:00+00:00
[2025-05-14T23:09:25.606-0400] {processor.py:208} INFO - Processing /home/aangava/MSP/airflow_venv/lib/python3.12/site-packages/airflow/example_dags/example_workday_timetable.py took 0.135 seconds
[2025-05-14T23:10:30.410-0400] {processor.py:186} INFO - Started process (PID=47953) to work on /home/aangava/MSP/airflow_venv/lib/python3.12/site-packages/airflow/example_dags/example_workday_timetable.py
[2025-05-14T23:10:30.422-0400] {processor.py:914} INFO - Processing file /home/aangava/MSP/airflow_venv/lib/python3.12/site-packages/airflow/example_dags/example_workday_timetable.py for tasks to queue
[2025-05-14T23:10:30.424-0400] {logging_mixin.py:190} INFO - [2025-05-14T23:10:30.423-0400] {dagbag.py:588} INFO - Filling up the DagBag from /home/aangava/MSP/airflow_venv/lib/python3.12/site-packages/airflow/example_dags/example_workday_timetable.py
[2025-05-14T23:10:30.430-0400] {processor.py:925} INFO - DAG(s) 'example_workday_timetable' retrieved from /home/aangava/MSP/airflow_venv/lib/python3.12/site-packages/airflow/example_dags/example_workday_timetable.py
[2025-05-14T23:10:30.449-0400] {logging_mixin.py:190} INFO - [2025-05-14T23:10:30.449-0400] {dag.py:3239} INFO - Sync 1 DAGs
[2025-05-14T23:10:30.508-0400] {logging_mixin.py:190} INFO - [2025-05-14T23:10:30.507-0400] {dag.py:4180} INFO - Setting next_dagrun for example_workday_timetable to 2021-01-04 00:00:00+00:00, run_after=2021-01-05 00:00:00+00:00
[2025-05-14T23:10:30.533-0400] {processor.py:208} INFO - Processing /home/aangava/MSP/airflow_venv/lib/python3.12/site-packages/airflow/example_dags/example_workday_timetable.py took 0.131 seconds
[2025-05-14T23:11:31.425-0400] {processor.py:186} INFO - Started process (PID=48210) to work on /home/aangava/MSP/airflow_venv/lib/python3.12/site-packages/airflow/example_dags/example_workday_timetable.py
[2025-05-14T23:11:31.438-0400] {processor.py:914} INFO - Processing file /home/aangava/MSP/airflow_venv/lib/python3.12/site-packages/airflow/example_dags/example_workday_timetable.py for tasks to queue
[2025-05-14T23:11:31.441-0400] {logging_mixin.py:190} INFO - [2025-05-14T23:11:31.440-0400] {dagbag.py:588} INFO - Filling up the DagBag from /home/aangava/MSP/airflow_venv/lib/python3.12/site-packages/airflow/example_dags/example_workday_timetable.py
[2025-05-14T23:11:31.447-0400] {processor.py:925} INFO - DAG(s) 'example_workday_timetable' retrieved from /home/aangava/MSP/airflow_venv/lib/python3.12/site-packages/airflow/example_dags/example_workday_timetable.py
[2025-05-14T23:11:31.468-0400] {logging_mixin.py:190} INFO - [2025-05-14T23:11:31.468-0400] {dag.py:3239} INFO - Sync 1 DAGs
[2025-05-14T23:11:31.521-0400] {logging_mixin.py:190} INFO - [2025-05-14T23:11:31.520-0400] {dag.py:4180} INFO - Setting next_dagrun for example_workday_timetable to 2021-01-04 00:00:00+00:00, run_after=2021-01-05 00:00:00+00:00
[2025-05-14T23:11:31.551-0400] {processor.py:208} INFO - Processing /home/aangava/MSP/airflow_venv/lib/python3.12/site-packages/airflow/example_dags/example_workday_timetable.py took 0.136 seconds
[2025-05-14T23:12:38.545-0400] {processor.py:186} INFO - Started process (PID=48469) to work on /home/aangava/MSP/airflow_venv/lib/python3.12/site-packages/airflow/example_dags/example_workday_timetable.py
[2025-05-14T23:12:38.558-0400] {processor.py:914} INFO - Processing file /home/aangava/MSP/airflow_venv/lib/python3.12/site-packages/airflow/example_dags/example_workday_timetable.py for tasks to queue
[2025-05-14T23:12:38.562-0400] {logging_mixin.py:190} INFO - [2025-05-14T23:12:38.561-0400] {dagbag.py:588} INFO - Filling up the DagBag from /home/aangava/MSP/airflow_venv/lib/python3.12/site-packages/airflow/example_dags/example_workday_timetable.py
[2025-05-14T23:12:38.569-0400] {processor.py:925} INFO - DAG(s) 'example_workday_timetable' retrieved from /home/aangava/MSP/airflow_venv/lib/python3.12/site-packages/airflow/example_dags/example_workday_timetable.py
[2025-05-14T23:12:38.592-0400] {logging_mixin.py:190} INFO - [2025-05-14T23:12:38.592-0400] {dag.py:3239} INFO - Sync 1 DAGs
[2025-05-14T23:12:38.647-0400] {logging_mixin.py:190} INFO - [2025-05-14T23:12:38.646-0400] {dag.py:4180} INFO - Setting next_dagrun for example_workday_timetable to 2021-01-04 00:00:00+00:00, run_after=2021-01-05 00:00:00+00:00
[2025-05-14T23:12:38.670-0400] {processor.py:208} INFO - Processing /home/aangava/MSP/airflow_venv/lib/python3.12/site-packages/airflow/example_dags/example_workday_timetable.py took 0.134 seconds
[2025-05-14T23:13:37.941-0400] {processor.py:186} INFO - Started process (PID=48708) to work on /home/aangava/MSP/airflow_venv/lib/python3.12/site-packages/airflow/example_dags/example_workday_timetable.py
[2025-05-14T23:13:37.952-0400] {processor.py:914} INFO - Processing file /home/aangava/MSP/airflow_venv/lib/python3.12/site-packages/airflow/example_dags/example_workday_timetable.py for tasks to queue
[2025-05-14T23:13:37.953-0400] {logging_mixin.py:190} INFO - [2025-05-14T23:13:37.953-0400] {dagbag.py:588} INFO - Filling up the DagBag from /home/aangava/MSP/airflow_venv/lib/python3.12/site-packages/airflow/example_dags/example_workday_timetable.py
[2025-05-14T23:13:37.956-0400] {processor.py:925} INFO - DAG(s) 'example_workday_timetable' retrieved from /home/aangava/MSP/airflow_venv/lib/python3.12/site-packages/airflow/example_dags/example_workday_timetable.py
[2025-05-14T23:13:37.966-0400] {logging_mixin.py:190} INFO - [2025-05-14T23:13:37.966-0400] {dag.py:3239} INFO - Sync 1 DAGs
[2025-05-14T23:13:37.996-0400] {logging_mixin.py:190} INFO - [2025-05-14T23:13:37.996-0400] {dag.py:4180} INFO - Setting next_dagrun for example_workday_timetable to 2021-01-04 00:00:00+00:00, run_after=2021-01-05 00:00:00+00:00
[2025-05-14T23:13:38.014-0400] {processor.py:208} INFO - Processing /home/aangava/MSP/airflow_venv/lib/python3.12/site-packages/airflow/example_dags/example_workday_timetable.py took 0.077 seconds
[2025-05-14T23:14:40.846-0400] {processor.py:186} INFO - Started process (PID=48956) to work on /home/aangava/MSP/airflow_venv/lib/python3.12/site-packages/airflow/example_dags/example_workday_timetable.py
[2025-05-14T23:14:40.859-0400] {processor.py:914} INFO - Processing file /home/aangava/MSP/airflow_venv/lib/python3.12/site-packages/airflow/example_dags/example_workday_timetable.py for tasks to queue
[2025-05-14T23:14:40.862-0400] {logging_mixin.py:190} INFO - [2025-05-14T23:14:40.861-0400] {dagbag.py:588} INFO - Filling up the DagBag from /home/aangava/MSP/airflow_venv/lib/python3.12/site-packages/airflow/example_dags/example_workday_timetable.py
[2025-05-14T23:14:40.869-0400] {processor.py:925} INFO - DAG(s) 'example_workday_timetable' retrieved from /home/aangava/MSP/airflow_venv/lib/python3.12/site-packages/airflow/example_dags/example_workday_timetable.py
[2025-05-14T23:14:40.890-0400] {logging_mixin.py:190} INFO - [2025-05-14T23:14:40.889-0400] {dag.py:3239} INFO - Sync 1 DAGs
[2025-05-14T23:14:40.955-0400] {logging_mixin.py:190} INFO - [2025-05-14T23:14:40.955-0400] {dag.py:4180} INFO - Setting next_dagrun for example_workday_timetable to 2021-01-04 00:00:00+00:00, run_after=2021-01-05 00:00:00+00:00
[2025-05-14T23:14:40.981-0400] {processor.py:208} INFO - Processing /home/aangava/MSP/airflow_venv/lib/python3.12/site-packages/airflow/example_dags/example_workday_timetable.py took 0.145 seconds
[2025-05-14T23:15:43.857-0400] {processor.py:186} INFO - Started process (PID=49214) to work on /home/aangava/MSP/airflow_venv/lib/python3.12/site-packages/airflow/example_dags/example_workday_timetable.py
[2025-05-14T23:15:43.869-0400] {processor.py:914} INFO - Processing file /home/aangava/MSP/airflow_venv/lib/python3.12/site-packages/airflow/example_dags/example_workday_timetable.py for tasks to queue
[2025-05-14T23:15:43.872-0400] {logging_mixin.py:190} INFO - [2025-05-14T23:15:43.871-0400] {dagbag.py:588} INFO - Filling up the DagBag from /home/aangava/MSP/airflow_venv/lib/python3.12/site-packages/airflow/example_dags/example_workday_timetable.py
[2025-05-14T23:15:43.880-0400] {processor.py:925} INFO - DAG(s) 'example_workday_timetable' retrieved from /home/aangava/MSP/airflow_venv/lib/python3.12/site-packages/airflow/example_dags/example_workday_timetable.py
[2025-05-14T23:15:43.900-0400] {logging_mixin.py:190} INFO - [2025-05-14T23:15:43.899-0400] {dag.py:3239} INFO - Sync 1 DAGs
[2025-05-14T23:15:43.951-0400] {logging_mixin.py:190} INFO - [2025-05-14T23:15:43.951-0400] {dag.py:4180} INFO - Setting next_dagrun for example_workday_timetable to 2021-01-04 00:00:00+00:00, run_after=2021-01-05 00:00:00+00:00
[2025-05-14T23:15:43.976-0400] {processor.py:208} INFO - Processing /home/aangava/MSP/airflow_venv/lib/python3.12/site-packages/airflow/example_dags/example_workday_timetable.py took 0.129 seconds
[2025-05-14T23:16:47.442-0400] {processor.py:186} INFO - Started process (PID=49465) to work on /home/aangava/MSP/airflow_venv/lib/python3.12/site-packages/airflow/example_dags/example_workday_timetable.py
[2025-05-14T23:16:47.453-0400] {processor.py:914} INFO - Processing file /home/aangava/MSP/airflow_venv/lib/python3.12/site-packages/airflow/example_dags/example_workday_timetable.py for tasks to queue
[2025-05-14T23:16:47.455-0400] {logging_mixin.py:190} INFO - [2025-05-14T23:16:47.454-0400] {dagbag.py:588} INFO - Filling up the DagBag from /home/aangava/MSP/airflow_venv/lib/python3.12/site-packages/airflow/example_dags/example_workday_timetable.py
[2025-05-14T23:16:47.461-0400] {processor.py:925} INFO - DAG(s) 'example_workday_timetable' retrieved from /home/aangava/MSP/airflow_venv/lib/python3.12/site-packages/airflow/example_dags/example_workday_timetable.py
[2025-05-14T23:16:47.477-0400] {logging_mixin.py:190} INFO - [2025-05-14T23:16:47.476-0400] {dag.py:3239} INFO - Sync 1 DAGs
[2025-05-14T23:16:47.530-0400] {logging_mixin.py:190} INFO - [2025-05-14T23:16:47.529-0400] {dag.py:4180} INFO - Setting next_dagrun for example_workday_timetable to 2021-01-04 00:00:00+00:00, run_after=2021-01-05 00:00:00+00:00
[2025-05-14T23:16:47.552-0400] {processor.py:208} INFO - Processing /home/aangava/MSP/airflow_venv/lib/python3.12/site-packages/airflow/example_dags/example_workday_timetable.py took 0.117 seconds
[2025-05-14T23:17:46.678-0400] {processor.py:186} INFO - Started process (PID=49707) to work on /home/aangava/MSP/airflow_venv/lib/python3.12/site-packages/airflow/example_dags/example_workday_timetable.py
[2025-05-14T23:17:46.689-0400] {processor.py:914} INFO - Processing file /home/aangava/MSP/airflow_venv/lib/python3.12/site-packages/airflow/example_dags/example_workday_timetable.py for tasks to queue
[2025-05-14T23:17:46.692-0400] {logging_mixin.py:190} INFO - [2025-05-14T23:17:46.691-0400] {dagbag.py:588} INFO - Filling up the DagBag from /home/aangava/MSP/airflow_venv/lib/python3.12/site-packages/airflow/example_dags/example_workday_timetable.py
[2025-05-14T23:17:46.699-0400] {processor.py:925} INFO - DAG(s) 'example_workday_timetable' retrieved from /home/aangava/MSP/airflow_venv/lib/python3.12/site-packages/airflow/example_dags/example_workday_timetable.py
[2025-05-14T23:17:46.723-0400] {logging_mixin.py:190} INFO - [2025-05-14T23:17:46.723-0400] {dag.py:3239} INFO - Sync 1 DAGs
[2025-05-14T23:17:46.778-0400] {logging_mixin.py:190} INFO - [2025-05-14T23:17:46.778-0400] {dag.py:4180} INFO - Setting next_dagrun for example_workday_timetable to 2021-01-04 00:00:00+00:00, run_after=2021-01-05 00:00:00+00:00
[2025-05-14T23:17:46.803-0400] {processor.py:208} INFO - Processing /home/aangava/MSP/airflow_venv/lib/python3.12/site-packages/airflow/example_dags/example_workday_timetable.py took 0.135 seconds
[2025-05-14T23:18:45.961-0400] {processor.py:186} INFO - Started process (PID=49946) to work on /home/aangava/MSP/airflow_venv/lib/python3.12/site-packages/airflow/example_dags/example_workday_timetable.py
[2025-05-14T23:18:45.974-0400] {processor.py:914} INFO - Processing file /home/aangava/MSP/airflow_venv/lib/python3.12/site-packages/airflow/example_dags/example_workday_timetable.py for tasks to queue
[2025-05-14T23:18:45.977-0400] {logging_mixin.py:190} INFO - [2025-05-14T23:18:45.976-0400] {dagbag.py:588} INFO - Filling up the DagBag from /home/aangava/MSP/airflow_venv/lib/python3.12/site-packages/airflow/example_dags/example_workday_timetable.py
[2025-05-14T23:18:45.984-0400] {processor.py:925} INFO - DAG(s) 'example_workday_timetable' retrieved from /home/aangava/MSP/airflow_venv/lib/python3.12/site-packages/airflow/example_dags/example_workday_timetable.py
[2025-05-14T23:18:46.008-0400] {logging_mixin.py:190} INFO - [2025-05-14T23:18:46.008-0400] {dag.py:3239} INFO - Sync 1 DAGs
[2025-05-14T23:18:46.064-0400] {logging_mixin.py:190} INFO - [2025-05-14T23:18:46.064-0400] {dag.py:4180} INFO - Setting next_dagrun for example_workday_timetable to 2021-01-04 00:00:00+00:00, run_after=2021-01-05 00:00:00+00:00
[2025-05-14T23:18:46.090-0400] {processor.py:208} INFO - Processing /home/aangava/MSP/airflow_venv/lib/python3.12/site-packages/airflow/example_dags/example_workday_timetable.py took 0.140 seconds
[2025-05-14T23:19:47.989-0400] {processor.py:186} INFO - Started process (PID=50190) to work on /home/aangava/MSP/airflow_venv/lib/python3.12/site-packages/airflow/example_dags/example_workday_timetable.py
[2025-05-14T23:19:48.001-0400] {processor.py:914} INFO - Processing file /home/aangava/MSP/airflow_venv/lib/python3.12/site-packages/airflow/example_dags/example_workday_timetable.py for tasks to queue
[2025-05-14T23:19:48.004-0400] {logging_mixin.py:190} INFO - [2025-05-14T23:19:48.004-0400] {dagbag.py:588} INFO - Filling up the DagBag from /home/aangava/MSP/airflow_venv/lib/python3.12/site-packages/airflow/example_dags/example_workday_timetable.py
[2025-05-14T23:19:48.011-0400] {processor.py:925} INFO - DAG(s) 'example_workday_timetable' retrieved from /home/aangava/MSP/airflow_venv/lib/python3.12/site-packages/airflow/example_dags/example_workday_timetable.py
[2025-05-14T23:19:48.037-0400] {logging_mixin.py:190} INFO - [2025-05-14T23:19:48.037-0400] {dag.py:3239} INFO - Sync 1 DAGs
[2025-05-14T23:19:48.095-0400] {logging_mixin.py:190} INFO - [2025-05-14T23:19:48.095-0400] {dag.py:4180} INFO - Setting next_dagrun for example_workday_timetable to 2021-01-04 00:00:00+00:00, run_after=2021-01-05 00:00:00+00:00
[2025-05-14T23:19:48.127-0400] {processor.py:208} INFO - Processing /home/aangava/MSP/airflow_venv/lib/python3.12/site-packages/airflow/example_dags/example_workday_timetable.py took 0.148 seconds
[2025-05-14T23:20:54.364-0400] {processor.py:186} INFO - Started process (PID=50459) to work on /home/aangava/MSP/airflow_venv/lib/python3.12/site-packages/airflow/example_dags/example_workday_timetable.py
[2025-05-14T23:20:54.377-0400] {processor.py:914} INFO - Processing file /home/aangava/MSP/airflow_venv/lib/python3.12/site-packages/airflow/example_dags/example_workday_timetable.py for tasks to queue
[2025-05-14T23:20:54.379-0400] {logging_mixin.py:190} INFO - [2025-05-14T23:20:54.378-0400] {dagbag.py:588} INFO - Filling up the DagBag from /home/aangava/MSP/airflow_venv/lib/python3.12/site-packages/airflow/example_dags/example_workday_timetable.py
[2025-05-14T23:20:54.386-0400] {processor.py:925} INFO - DAG(s) 'example_workday_timetable' retrieved from /home/aangava/MSP/airflow_venv/lib/python3.12/site-packages/airflow/example_dags/example_workday_timetable.py
[2025-05-14T23:20:54.407-0400] {logging_mixin.py:190} INFO - [2025-05-14T23:20:54.406-0400] {dag.py:3239} INFO - Sync 1 DAGs
[2025-05-14T23:20:54.458-0400] {logging_mixin.py:190} INFO - [2025-05-14T23:20:54.458-0400] {dag.py:4180} INFO - Setting next_dagrun for example_workday_timetable to 2021-01-04 00:00:00+00:00, run_after=2021-01-05 00:00:00+00:00
[2025-05-14T23:20:54.482-0400] {processor.py:208} INFO - Processing /home/aangava/MSP/airflow_venv/lib/python3.12/site-packages/airflow/example_dags/example_workday_timetable.py took 0.126 seconds
[2025-05-14T23:21:56.847-0400] {processor.py:186} INFO - Started process (PID=50708) to work on /home/aangava/MSP/airflow_venv/lib/python3.12/site-packages/airflow/example_dags/example_workday_timetable.py
[2025-05-14T23:21:56.859-0400] {processor.py:914} INFO - Processing file /home/aangava/MSP/airflow_venv/lib/python3.12/site-packages/airflow/example_dags/example_workday_timetable.py for tasks to queue
[2025-05-14T23:21:56.862-0400] {logging_mixin.py:190} INFO - [2025-05-14T23:21:56.861-0400] {dagbag.py:588} INFO - Filling up the DagBag from /home/aangava/MSP/airflow_venv/lib/python3.12/site-packages/airflow/example_dags/example_workday_timetable.py
[2025-05-14T23:21:56.870-0400] {processor.py:925} INFO - DAG(s) 'example_workday_timetable' retrieved from /home/aangava/MSP/airflow_venv/lib/python3.12/site-packages/airflow/example_dags/example_workday_timetable.py
[2025-05-14T23:21:56.894-0400] {logging_mixin.py:190} INFO - [2025-05-14T23:21:56.894-0400] {dag.py:3239} INFO - Sync 1 DAGs
[2025-05-14T23:21:56.952-0400] {logging_mixin.py:190} INFO - [2025-05-14T23:21:56.951-0400] {dag.py:4180} INFO - Setting next_dagrun for example_workday_timetable to 2021-01-04 00:00:00+00:00, run_after=2021-01-05 00:00:00+00:00
[2025-05-14T23:21:56.981-0400] {processor.py:208} INFO - Processing /home/aangava/MSP/airflow_venv/lib/python3.12/site-packages/airflow/example_dags/example_workday_timetable.py took 0.146 seconds
[2025-05-14T23:24:37.906-0400] {processor.py:186} INFO - Started process (PID=51025) to work on /home/aangava/MSP/airflow_venv/lib/python3.12/site-packages/airflow/example_dags/example_workday_timetable.py
[2025-05-14T23:24:37.918-0400] {processor.py:914} INFO - Processing file /home/aangava/MSP/airflow_venv/lib/python3.12/site-packages/airflow/example_dags/example_workday_timetable.py for tasks to queue
[2025-05-14T23:24:37.920-0400] {logging_mixin.py:190} INFO - [2025-05-14T23:24:37.919-0400] {dagbag.py:588} INFO - Filling up the DagBag from /home/aangava/MSP/airflow_venv/lib/python3.12/site-packages/airflow/example_dags/example_workday_timetable.py
[2025-05-14T23:24:37.928-0400] {processor.py:925} INFO - DAG(s) 'example_workday_timetable' retrieved from /home/aangava/MSP/airflow_venv/lib/python3.12/site-packages/airflow/example_dags/example_workday_timetable.py
[2025-05-14T23:24:37.948-0400] {logging_mixin.py:190} INFO - [2025-05-14T23:24:37.948-0400] {dag.py:3239} INFO - Sync 1 DAGs
[2025-05-14T23:24:38.008-0400] {logging_mixin.py:190} INFO - [2025-05-14T23:24:38.008-0400] {dag.py:4180} INFO - Setting next_dagrun for example_workday_timetable to 2021-01-04 00:00:00+00:00, run_after=2021-01-05 00:00:00+00:00
[2025-05-14T23:24:38.034-0400] {processor.py:208} INFO - Processing /home/aangava/MSP/airflow_venv/lib/python3.12/site-packages/airflow/example_dags/example_workday_timetable.py took 0.137 seconds
[2025-05-14T23:25:43.039-0400] {processor.py:186} INFO - Started process (PID=51280) to work on /home/aangava/MSP/airflow_venv/lib/python3.12/site-packages/airflow/example_dags/example_workday_timetable.py
[2025-05-14T23:25:43.053-0400] {processor.py:914} INFO - Processing file /home/aangava/MSP/airflow_venv/lib/python3.12/site-packages/airflow/example_dags/example_workday_timetable.py for tasks to queue
[2025-05-14T23:25:43.056-0400] {logging_mixin.py:190} INFO - [2025-05-14T23:25:43.055-0400] {dagbag.py:588} INFO - Filling up the DagBag from /home/aangava/MSP/airflow_venv/lib/python3.12/site-packages/airflow/example_dags/example_workday_timetable.py
[2025-05-14T23:25:43.062-0400] {processor.py:925} INFO - DAG(s) 'example_workday_timetable' retrieved from /home/aangava/MSP/airflow_venv/lib/python3.12/site-packages/airflow/example_dags/example_workday_timetable.py
[2025-05-14T23:25:43.084-0400] {logging_mixin.py:190} INFO - [2025-05-14T23:25:43.083-0400] {dag.py:3239} INFO - Sync 1 DAGs
[2025-05-14T23:25:43.135-0400] {logging_mixin.py:190} INFO - [2025-05-14T23:25:43.135-0400] {dag.py:4180} INFO - Setting next_dagrun for example_workday_timetable to 2021-01-04 00:00:00+00:00, run_after=2021-01-05 00:00:00+00:00
[2025-05-14T23:25:43.162-0400] {processor.py:208} INFO - Processing /home/aangava/MSP/airflow_venv/lib/python3.12/site-packages/airflow/example_dags/example_workday_timetable.py took 0.132 seconds
[2025-05-14T23:26:46.135-0400] {processor.py:186} INFO - Started process (PID=51528) to work on /home/aangava/MSP/airflow_venv/lib/python3.12/site-packages/airflow/example_dags/example_workday_timetable.py
[2025-05-14T23:26:46.148-0400] {processor.py:914} INFO - Processing file /home/aangava/MSP/airflow_venv/lib/python3.12/site-packages/airflow/example_dags/example_workday_timetable.py for tasks to queue
[2025-05-14T23:26:46.150-0400] {logging_mixin.py:190} INFO - [2025-05-14T23:26:46.150-0400] {dagbag.py:588} INFO - Filling up the DagBag from /home/aangava/MSP/airflow_venv/lib/python3.12/site-packages/airflow/example_dags/example_workday_timetable.py
[2025-05-14T23:26:46.158-0400] {processor.py:925} INFO - DAG(s) 'example_workday_timetable' retrieved from /home/aangava/MSP/airflow_venv/lib/python3.12/site-packages/airflow/example_dags/example_workday_timetable.py
[2025-05-14T23:26:46.178-0400] {logging_mixin.py:190} INFO - [2025-05-14T23:26:46.178-0400] {dag.py:3239} INFO - Sync 1 DAGs
[2025-05-14T23:26:46.232-0400] {logging_mixin.py:190} INFO - [2025-05-14T23:26:46.232-0400] {dag.py:4180} INFO - Setting next_dagrun for example_workday_timetable to 2021-01-04 00:00:00+00:00, run_after=2021-01-05 00:00:00+00:00
[2025-05-14T23:26:46.255-0400] {processor.py:208} INFO - Processing /home/aangava/MSP/airflow_venv/lib/python3.12/site-packages/airflow/example_dags/example_workday_timetable.py took 0.130 seconds
[2025-05-14T23:28:49.316-0400] {processor.py:186} INFO - Started process (PID=51927) to work on /home/aangava/MSP/airflow_venv/lib/python3.12/site-packages/airflow/example_dags/example_workday_timetable.py
[2025-05-14T23:28:49.328-0400] {processor.py:914} INFO - Processing file /home/aangava/MSP/airflow_venv/lib/python3.12/site-packages/airflow/example_dags/example_workday_timetable.py for tasks to queue
[2025-05-14T23:28:49.331-0400] {logging_mixin.py:190} INFO - [2025-05-14T23:28:49.330-0400] {dagbag.py:588} INFO - Filling up the DagBag from /home/aangava/MSP/airflow_venv/lib/python3.12/site-packages/airflow/example_dags/example_workday_timetable.py
[2025-05-14T23:28:49.337-0400] {processor.py:925} INFO - DAG(s) 'example_workday_timetable' retrieved from /home/aangava/MSP/airflow_venv/lib/python3.12/site-packages/airflow/example_dags/example_workday_timetable.py
[2025-05-14T23:28:49.358-0400] {logging_mixin.py:190} INFO - [2025-05-14T23:28:49.357-0400] {dag.py:3239} INFO - Sync 1 DAGs
[2025-05-14T23:28:49.406-0400] {logging_mixin.py:190} INFO - [2025-05-14T23:28:49.406-0400] {dag.py:4180} INFO - Setting next_dagrun for example_workday_timetable to 2021-01-04 00:00:00+00:00, run_after=2021-01-05 00:00:00+00:00
[2025-05-14T23:28:49.429-0400] {processor.py:208} INFO - Processing /home/aangava/MSP/airflow_venv/lib/python3.12/site-packages/airflow/example_dags/example_workday_timetable.py took 0.123 seconds
[2025-05-14T23:29:57.673-0400] {processor.py:186} INFO - Started process (PID=52193) to work on /home/aangava/MSP/airflow_venv/lib/python3.12/site-packages/airflow/example_dags/example_workday_timetable.py
[2025-05-14T23:29:57.685-0400] {processor.py:914} INFO - Processing file /home/aangava/MSP/airflow_venv/lib/python3.12/site-packages/airflow/example_dags/example_workday_timetable.py for tasks to queue
[2025-05-14T23:29:57.689-0400] {logging_mixin.py:190} INFO - [2025-05-14T23:29:57.688-0400] {dagbag.py:588} INFO - Filling up the DagBag from /home/aangava/MSP/airflow_venv/lib/python3.12/site-packages/airflow/example_dags/example_workday_timetable.py
[2025-05-14T23:29:57.696-0400] {processor.py:925} INFO - DAG(s) 'example_workday_timetable' retrieved from /home/aangava/MSP/airflow_venv/lib/python3.12/site-packages/airflow/example_dags/example_workday_timetable.py
[2025-05-14T23:29:57.718-0400] {logging_mixin.py:190} INFO - [2025-05-14T23:29:57.718-0400] {dag.py:3239} INFO - Sync 1 DAGs
[2025-05-14T23:29:57.773-0400] {logging_mixin.py:190} INFO - [2025-05-14T23:29:57.772-0400] {dag.py:4180} INFO - Setting next_dagrun for example_workday_timetable to 2021-01-04 00:00:00+00:00, run_after=2021-01-05 00:00:00+00:00
[2025-05-14T23:29:57.798-0400] {processor.py:208} INFO - Processing /home/aangava/MSP/airflow_venv/lib/python3.12/site-packages/airflow/example_dags/example_workday_timetable.py took 0.135 seconds
[2025-05-14T23:31:01.130-0400] {processor.py:186} INFO - Started process (PID=52446) to work on /home/aangava/MSP/airflow_venv/lib/python3.12/site-packages/airflow/example_dags/example_workday_timetable.py
[2025-05-14T23:31:01.142-0400] {processor.py:914} INFO - Processing file /home/aangava/MSP/airflow_venv/lib/python3.12/site-packages/airflow/example_dags/example_workday_timetable.py for tasks to queue
[2025-05-14T23:31:01.144-0400] {logging_mixin.py:190} INFO - [2025-05-14T23:31:01.143-0400] {dagbag.py:588} INFO - Filling up the DagBag from /home/aangava/MSP/airflow_venv/lib/python3.12/site-packages/airflow/example_dags/example_workday_timetable.py
[2025-05-14T23:31:01.151-0400] {processor.py:925} INFO - DAG(s) 'example_workday_timetable' retrieved from /home/aangava/MSP/airflow_venv/lib/python3.12/site-packages/airflow/example_dags/example_workday_timetable.py
[2025-05-14T23:31:01.170-0400] {logging_mixin.py:190} INFO - [2025-05-14T23:31:01.170-0400] {dag.py:3239} INFO - Sync 1 DAGs
[2025-05-14T23:31:01.404-0400] {logging_mixin.py:190} INFO - [2025-05-14T23:31:01.404-0400] {dag.py:4180} INFO - Setting next_dagrun for example_workday_timetable to 2021-01-04 00:00:00+00:00, run_after=2021-01-05 00:00:00+00:00
[2025-05-14T23:31:01.429-0400] {processor.py:208} INFO - Processing /home/aangava/MSP/airflow_venv/lib/python3.12/site-packages/airflow/example_dags/example_workday_timetable.py took 0.307 seconds
[2025-05-14T23:32:16.380-0400] {processor.py:186} INFO - Started process (PID=52732) to work on /home/aangava/MSP/airflow_venv/lib/python3.12/site-packages/airflow/example_dags/example_workday_timetable.py
[2025-05-14T23:32:16.392-0400] {processor.py:914} INFO - Processing file /home/aangava/MSP/airflow_venv/lib/python3.12/site-packages/airflow/example_dags/example_workday_timetable.py for tasks to queue
[2025-05-14T23:32:16.394-0400] {logging_mixin.py:190} INFO - [2025-05-14T23:32:16.394-0400] {dagbag.py:588} INFO - Filling up the DagBag from /home/aangava/MSP/airflow_venv/lib/python3.12/site-packages/airflow/example_dags/example_workday_timetable.py
[2025-05-14T23:32:16.401-0400] {processor.py:925} INFO - DAG(s) 'example_workday_timetable' retrieved from /home/aangava/MSP/airflow_venv/lib/python3.12/site-packages/airflow/example_dags/example_workday_timetable.py
[2025-05-14T23:32:16.420-0400] {logging_mixin.py:190} INFO - [2025-05-14T23:32:16.419-0400] {dag.py:3239} INFO - Sync 1 DAGs
[2025-05-14T23:32:16.471-0400] {logging_mixin.py:190} INFO - [2025-05-14T23:32:16.471-0400] {dag.py:4180} INFO - Setting next_dagrun for example_workday_timetable to 2021-01-04 00:00:00+00:00, run_after=2021-01-05 00:00:00+00:00
[2025-05-14T23:32:16.496-0400] {processor.py:208} INFO - Processing /home/aangava/MSP/airflow_venv/lib/python3.12/site-packages/airflow/example_dags/example_workday_timetable.py took 0.123 seconds
[2025-05-14T23:33:25.460-0400] {processor.py:186} INFO - Started process (PID=53006) to work on /home/aangava/MSP/airflow_venv/lib/python3.12/site-packages/airflow/example_dags/example_workday_timetable.py
[2025-05-14T23:33:25.473-0400] {processor.py:914} INFO - Processing file /home/aangava/MSP/airflow_venv/lib/python3.12/site-packages/airflow/example_dags/example_workday_timetable.py for tasks to queue
[2025-05-14T23:33:25.477-0400] {logging_mixin.py:190} INFO - [2025-05-14T23:33:25.476-0400] {dagbag.py:588} INFO - Filling up the DagBag from /home/aangava/MSP/airflow_venv/lib/python3.12/site-packages/airflow/example_dags/example_workday_timetable.py
[2025-05-14T23:33:25.484-0400] {processor.py:925} INFO - DAG(s) 'example_workday_timetable' retrieved from /home/aangava/MSP/airflow_venv/lib/python3.12/site-packages/airflow/example_dags/example_workday_timetable.py
[2025-05-14T23:33:25.507-0400] {logging_mixin.py:190} INFO - [2025-05-14T23:33:25.507-0400] {dag.py:3239} INFO - Sync 1 DAGs
[2025-05-14T23:33:25.563-0400] {logging_mixin.py:190} INFO - [2025-05-14T23:33:25.563-0400] {dag.py:4180} INFO - Setting next_dagrun for example_workday_timetable to 2021-01-04 00:00:00+00:00, run_after=2021-01-05 00:00:00+00:00
[2025-05-14T23:33:25.605-0400] {processor.py:208} INFO - Processing /home/aangava/MSP/airflow_venv/lib/python3.12/site-packages/airflow/example_dags/example_workday_timetable.py took 0.157 seconds
[2025-05-14T23:39:52.854-0400] {processor.py:186} INFO - Started process (PID=53355) to work on /home/aangava/MSP/airflow_venv/lib/python3.12/site-packages/airflow/example_dags/example_workday_timetable.py
[2025-05-14T23:39:52.856-0400] {processor.py:914} INFO - Processing file /home/aangava/MSP/airflow_venv/lib/python3.12/site-packages/airflow/example_dags/example_workday_timetable.py for tasks to queue
[2025-05-14T23:39:52.858-0400] {logging_mixin.py:190} INFO - [2025-05-14T23:39:52.857-0400] {dagbag.py:588} INFO - Filling up the DagBag from /home/aangava/MSP/airflow_venv/lib/python3.12/site-packages/airflow/example_dags/example_workday_timetable.py
[2025-05-14T23:39:52.863-0400] {processor.py:925} INFO - DAG(s) 'example_workday_timetable' retrieved from /home/aangava/MSP/airflow_venv/lib/python3.12/site-packages/airflow/example_dags/example_workday_timetable.py
[2025-05-14T23:39:52.886-0400] {logging_mixin.py:190} INFO - [2025-05-14T23:39:52.886-0400] {dag.py:3239} INFO - Sync 1 DAGs
[2025-05-14T23:39:52.938-0400] {logging_mixin.py:190} INFO - [2025-05-14T23:39:52.937-0400] {dag.py:4180} INFO - Setting next_dagrun for example_workday_timetable to 2021-01-04 00:00:00+00:00, run_after=2021-01-05 00:00:00+00:00
[2025-05-14T23:39:52.961-0400] {processor.py:208} INFO - Processing /home/aangava/MSP/airflow_venv/lib/python3.12/site-packages/airflow/example_dags/example_workday_timetable.py took 0.118 seconds
[2025-05-14T23:40:59.087-0400] {processor.py:186} INFO - Started process (PID=53612) to work on /home/aangava/MSP/airflow_venv/lib/python3.12/site-packages/airflow/example_dags/example_workday_timetable.py
[2025-05-14T23:40:59.099-0400] {processor.py:914} INFO - Processing file /home/aangava/MSP/airflow_venv/lib/python3.12/site-packages/airflow/example_dags/example_workday_timetable.py for tasks to queue
[2025-05-14T23:40:59.102-0400] {logging_mixin.py:190} INFO - [2025-05-14T23:40:59.101-0400] {dagbag.py:588} INFO - Filling up the DagBag from /home/aangava/MSP/airflow_venv/lib/python3.12/site-packages/airflow/example_dags/example_workday_timetable.py
[2025-05-14T23:40:59.110-0400] {processor.py:925} INFO - DAG(s) 'example_workday_timetable' retrieved from /home/aangava/MSP/airflow_venv/lib/python3.12/site-packages/airflow/example_dags/example_workday_timetable.py
[2025-05-14T23:40:59.134-0400] {logging_mixin.py:190} INFO - [2025-05-14T23:40:59.134-0400] {dag.py:3239} INFO - Sync 1 DAGs
[2025-05-14T23:40:59.190-0400] {logging_mixin.py:190} INFO - [2025-05-14T23:40:59.190-0400] {dag.py:4180} INFO - Setting next_dagrun for example_workday_timetable to 2021-01-04 00:00:00+00:00, run_after=2021-01-05 00:00:00+00:00
[2025-05-14T23:40:59.217-0400] {processor.py:208} INFO - Processing /home/aangava/MSP/airflow_venv/lib/python3.12/site-packages/airflow/example_dags/example_workday_timetable.py took 0.141 seconds
[2025-05-14T23:42:01.274-0400] {processor.py:186} INFO - Started process (PID=53855) to work on /home/aangava/MSP/airflow_venv/lib/python3.12/site-packages/airflow/example_dags/example_workday_timetable.py
[2025-05-14T23:42:01.286-0400] {processor.py:914} INFO - Processing file /home/aangava/MSP/airflow_venv/lib/python3.12/site-packages/airflow/example_dags/example_workday_timetable.py for tasks to queue
[2025-05-14T23:42:01.289-0400] {logging_mixin.py:190} INFO - [2025-05-14T23:42:01.289-0400] {dagbag.py:588} INFO - Filling up the DagBag from /home/aangava/MSP/airflow_venv/lib/python3.12/site-packages/airflow/example_dags/example_workday_timetable.py
[2025-05-14T23:42:01.297-0400] {processor.py:925} INFO - DAG(s) 'example_workday_timetable' retrieved from /home/aangava/MSP/airflow_venv/lib/python3.12/site-packages/airflow/example_dags/example_workday_timetable.py
[2025-05-14T23:42:01.317-0400] {logging_mixin.py:190} INFO - [2025-05-14T23:42:01.317-0400] {dag.py:3239} INFO - Sync 1 DAGs
[2025-05-14T23:42:01.368-0400] {logging_mixin.py:190} INFO - [2025-05-14T23:42:01.368-0400] {dag.py:4180} INFO - Setting next_dagrun for example_workday_timetable to 2021-01-04 00:00:00+00:00, run_after=2021-01-05 00:00:00+00:00
[2025-05-14T23:42:01.393-0400] {processor.py:208} INFO - Processing /home/aangava/MSP/airflow_venv/lib/python3.12/site-packages/airflow/example_dags/example_workday_timetable.py took 0.127 seconds
[2025-05-14T23:43:04.415-0400] {processor.py:186} INFO - Started process (PID=54115) to work on /home/aangava/MSP/airflow_venv/lib/python3.12/site-packages/airflow/example_dags/example_workday_timetable.py
[2025-05-14T23:43:04.428-0400] {processor.py:914} INFO - Processing file /home/aangava/MSP/airflow_venv/lib/python3.12/site-packages/airflow/example_dags/example_workday_timetable.py for tasks to queue
[2025-05-14T23:43:04.431-0400] {logging_mixin.py:190} INFO - [2025-05-14T23:43:04.430-0400] {dagbag.py:588} INFO - Filling up the DagBag from /home/aangava/MSP/airflow_venv/lib/python3.12/site-packages/airflow/example_dags/example_workday_timetable.py
[2025-05-14T23:43:04.438-0400] {processor.py:925} INFO - DAG(s) 'example_workday_timetable' retrieved from /home/aangava/MSP/airflow_venv/lib/python3.12/site-packages/airflow/example_dags/example_workday_timetable.py
[2025-05-14T23:43:04.461-0400] {logging_mixin.py:190} INFO - [2025-05-14T23:43:04.461-0400] {dag.py:3239} INFO - Sync 1 DAGs
[2025-05-14T23:43:04.520-0400] {logging_mixin.py:190} INFO - [2025-05-14T23:43:04.519-0400] {dag.py:4180} INFO - Setting next_dagrun for example_workday_timetable to 2021-01-04 00:00:00+00:00, run_after=2021-01-05 00:00:00+00:00
[2025-05-14T23:43:04.553-0400] {processor.py:208} INFO - Processing /home/aangava/MSP/airflow_venv/lib/python3.12/site-packages/airflow/example_dags/example_workday_timetable.py took 0.148 seconds
[2025-05-15T13:39:06.916-0400] {processor.py:186} INFO - Started process (PID=54421) to work on /home/aangava/MSP/airflow_venv/lib/python3.12/site-packages/airflow/example_dags/example_workday_timetable.py
[2025-05-15T13:39:06.928-0400] {processor.py:914} INFO - Processing file /home/aangava/MSP/airflow_venv/lib/python3.12/site-packages/airflow/example_dags/example_workday_timetable.py for tasks to queue
[2025-05-15T13:39:06.932-0400] {logging_mixin.py:190} INFO - [2025-05-15T13:39:06.931-0400] {dagbag.py:588} INFO - Filling up the DagBag from /home/aangava/MSP/airflow_venv/lib/python3.12/site-packages/airflow/example_dags/example_workday_timetable.py
[2025-05-15T13:39:06.940-0400] {processor.py:925} INFO - DAG(s) 'example_workday_timetable' retrieved from /home/aangava/MSP/airflow_venv/lib/python3.12/site-packages/airflow/example_dags/example_workday_timetable.py
[2025-05-15T13:39:06.962-0400] {logging_mixin.py:190} INFO - [2025-05-15T13:39:06.962-0400] {dag.py:3239} INFO - Sync 1 DAGs
[2025-05-15T13:39:07.020-0400] {logging_mixin.py:190} INFO - [2025-05-15T13:39:07.019-0400] {dag.py:4180} INFO - Setting next_dagrun for example_workday_timetable to 2021-01-04 00:00:00+00:00, run_after=2021-01-05 00:00:00+00:00
[2025-05-15T13:39:07.049-0400] {processor.py:208} INFO - Processing /home/aangava/MSP/airflow_venv/lib/python3.12/site-packages/airflow/example_dags/example_workday_timetable.py took 0.143 seconds
[2025-05-15T13:40:11.130-0400] {processor.py:186} INFO - Started process (PID=54671) to work on /home/aangava/MSP/airflow_venv/lib/python3.12/site-packages/airflow/example_dags/example_workday_timetable.py
[2025-05-15T13:40:11.142-0400] {processor.py:914} INFO - Processing file /home/aangava/MSP/airflow_venv/lib/python3.12/site-packages/airflow/example_dags/example_workday_timetable.py for tasks to queue
[2025-05-15T13:40:11.145-0400] {logging_mixin.py:190} INFO - [2025-05-15T13:40:11.144-0400] {dagbag.py:588} INFO - Filling up the DagBag from /home/aangava/MSP/airflow_venv/lib/python3.12/site-packages/airflow/example_dags/example_workday_timetable.py
[2025-05-15T13:40:11.151-0400] {processor.py:925} INFO - DAG(s) 'example_workday_timetable' retrieved from /home/aangava/MSP/airflow_venv/lib/python3.12/site-packages/airflow/example_dags/example_workday_timetable.py
[2025-05-15T13:40:11.172-0400] {logging_mixin.py:190} INFO - [2025-05-15T13:40:11.172-0400] {dag.py:3239} INFO - Sync 1 DAGs
[2025-05-15T13:40:11.232-0400] {logging_mixin.py:190} INFO - [2025-05-15T13:40:11.232-0400] {dag.py:4180} INFO - Setting next_dagrun for example_workday_timetable to 2021-01-04 00:00:00+00:00, run_after=2021-01-05 00:00:00+00:00
[2025-05-15T13:40:11.259-0400] {processor.py:208} INFO - Processing /home/aangava/MSP/airflow_venv/lib/python3.12/site-packages/airflow/example_dags/example_workday_timetable.py took 0.138 seconds
[2025-05-15T13:41:17.560-0400] {processor.py:186} INFO - Started process (PID=54924) to work on /home/aangava/MSP/airflow_venv/lib/python3.12/site-packages/airflow/example_dags/example_workday_timetable.py
[2025-05-15T13:41:17.562-0400] {processor.py:914} INFO - Processing file /home/aangava/MSP/airflow_venv/lib/python3.12/site-packages/airflow/example_dags/example_workday_timetable.py for tasks to queue
[2025-05-15T13:41:17.566-0400] {logging_mixin.py:190} INFO - [2025-05-15T13:41:17.565-0400] {dagbag.py:588} INFO - Filling up the DagBag from /home/aangava/MSP/airflow_venv/lib/python3.12/site-packages/airflow/example_dags/example_workday_timetable.py
[2025-05-15T13:41:17.576-0400] {processor.py:925} INFO - DAG(s) 'example_workday_timetable' retrieved from /home/aangava/MSP/airflow_venv/lib/python3.12/site-packages/airflow/example_dags/example_workday_timetable.py
[2025-05-15T13:41:17.598-0400] {logging_mixin.py:190} INFO - [2025-05-15T13:41:17.598-0400] {dag.py:3239} INFO - Sync 1 DAGs
[2025-05-15T13:41:17.658-0400] {logging_mixin.py:190} INFO - [2025-05-15T13:41:17.658-0400] {dag.py:4180} INFO - Setting next_dagrun for example_workday_timetable to 2021-01-04 00:00:00+00:00, run_after=2021-01-05 00:00:00+00:00
[2025-05-15T13:41:17.684-0400] {processor.py:208} INFO - Processing /home/aangava/MSP/airflow_venv/lib/python3.12/site-packages/airflow/example_dags/example_workday_timetable.py took 0.143 seconds
[2025-05-15T13:42:20.789-0400] {processor.py:186} INFO - Started process (PID=55169) to work on /home/aangava/MSP/airflow_venv/lib/python3.12/site-packages/airflow/example_dags/example_workday_timetable.py
[2025-05-15T13:42:20.802-0400] {processor.py:914} INFO - Processing file /home/aangava/MSP/airflow_venv/lib/python3.12/site-packages/airflow/example_dags/example_workday_timetable.py for tasks to queue
[2025-05-15T13:42:20.805-0400] {logging_mixin.py:190} INFO - [2025-05-15T13:42:20.804-0400] {dagbag.py:588} INFO - Filling up the DagBag from /home/aangava/MSP/airflow_venv/lib/python3.12/site-packages/airflow/example_dags/example_workday_timetable.py
[2025-05-15T13:42:20.812-0400] {processor.py:925} INFO - DAG(s) 'example_workday_timetable' retrieved from /home/aangava/MSP/airflow_venv/lib/python3.12/site-packages/airflow/example_dags/example_workday_timetable.py
[2025-05-15T13:42:20.838-0400] {logging_mixin.py:190} INFO - [2025-05-15T13:42:20.838-0400] {dag.py:3239} INFO - Sync 1 DAGs
[2025-05-15T13:42:20.892-0400] {logging_mixin.py:190} INFO - [2025-05-15T13:42:20.891-0400] {dag.py:4180} INFO - Setting next_dagrun for example_workday_timetable to 2021-01-04 00:00:00+00:00, run_after=2021-01-05 00:00:00+00:00
[2025-05-15T13:42:20.923-0400] {processor.py:208} INFO - Processing /home/aangava/MSP/airflow_venv/lib/python3.12/site-packages/airflow/example_dags/example_workday_timetable.py took 0.145 seconds
[2025-05-15T13:43:23.261-0400] {processor.py:186} INFO - Started process (PID=55422) to work on /home/aangava/MSP/airflow_venv/lib/python3.12/site-packages/airflow/example_dags/example_workday_timetable.py
[2025-05-15T13:43:23.273-0400] {processor.py:914} INFO - Processing file /home/aangava/MSP/airflow_venv/lib/python3.12/site-packages/airflow/example_dags/example_workday_timetable.py for tasks to queue
[2025-05-15T13:43:23.276-0400] {logging_mixin.py:190} INFO - [2025-05-15T13:43:23.275-0400] {dagbag.py:588} INFO - Filling up the DagBag from /home/aangava/MSP/airflow_venv/lib/python3.12/site-packages/airflow/example_dags/example_workday_timetable.py
[2025-05-15T13:43:23.283-0400] {processor.py:925} INFO - DAG(s) 'example_workday_timetable' retrieved from /home/aangava/MSP/airflow_venv/lib/python3.12/site-packages/airflow/example_dags/example_workday_timetable.py
[2025-05-15T13:43:23.306-0400] {logging_mixin.py:190} INFO - [2025-05-15T13:43:23.305-0400] {dag.py:3239} INFO - Sync 1 DAGs
[2025-05-15T13:43:23.377-0400] {logging_mixin.py:190} INFO - [2025-05-15T13:43:23.376-0400] {dag.py:4180} INFO - Setting next_dagrun for example_workday_timetable to 2021-01-04 00:00:00+00:00, run_after=2021-01-05 00:00:00+00:00
[2025-05-15T13:43:23.403-0400] {processor.py:208} INFO - Processing /home/aangava/MSP/airflow_venv/lib/python3.12/site-packages/airflow/example_dags/example_workday_timetable.py took 0.153 seconds
[2025-05-15T13:44:22.393-0400] {processor.py:186} INFO - Started process (PID=55649) to work on /home/aangava/MSP/airflow_venv/lib/python3.12/site-packages/airflow/example_dags/example_workday_timetable.py
[2025-05-15T13:44:22.404-0400] {processor.py:914} INFO - Processing file /home/aangava/MSP/airflow_venv/lib/python3.12/site-packages/airflow/example_dags/example_workday_timetable.py for tasks to queue
[2025-05-15T13:44:22.406-0400] {logging_mixin.py:190} INFO - [2025-05-15T13:44:22.405-0400] {dagbag.py:588} INFO - Filling up the DagBag from /home/aangava/MSP/airflow_venv/lib/python3.12/site-packages/airflow/example_dags/example_workday_timetable.py
[2025-05-15T13:44:22.410-0400] {processor.py:925} INFO - DAG(s) 'example_workday_timetable' retrieved from /home/aangava/MSP/airflow_venv/lib/python3.12/site-packages/airflow/example_dags/example_workday_timetable.py
[2025-05-15T13:44:22.427-0400] {logging_mixin.py:190} INFO - [2025-05-15T13:44:22.427-0400] {dag.py:3239} INFO - Sync 1 DAGs
[2025-05-15T13:44:22.482-0400] {logging_mixin.py:190} INFO - [2025-05-15T13:44:22.481-0400] {dag.py:4180} INFO - Setting next_dagrun for example_workday_timetable to 2021-01-04 00:00:00+00:00, run_after=2021-01-05 00:00:00+00:00
[2025-05-15T13:44:22.509-0400] {processor.py:208} INFO - Processing /home/aangava/MSP/airflow_venv/lib/python3.12/site-packages/airflow/example_dags/example_workday_timetable.py took 0.122 seconds
[2025-05-15T13:45:27.002-0400] {processor.py:186} INFO - Started process (PID=55891) to work on /home/aangava/MSP/airflow_venv/lib/python3.12/site-packages/airflow/example_dags/example_workday_timetable.py
[2025-05-15T13:45:27.015-0400] {processor.py:914} INFO - Processing file /home/aangava/MSP/airflow_venv/lib/python3.12/site-packages/airflow/example_dags/example_workday_timetable.py for tasks to queue
[2025-05-15T13:45:27.018-0400] {logging_mixin.py:190} INFO - [2025-05-15T13:45:27.017-0400] {dagbag.py:588} INFO - Filling up the DagBag from /home/aangava/MSP/airflow_venv/lib/python3.12/site-packages/airflow/example_dags/example_workday_timetable.py
[2025-05-15T13:45:27.026-0400] {processor.py:925} INFO - DAG(s) 'example_workday_timetable' retrieved from /home/aangava/MSP/airflow_venv/lib/python3.12/site-packages/airflow/example_dags/example_workday_timetable.py
[2025-05-15T13:45:27.050-0400] {logging_mixin.py:190} INFO - [2025-05-15T13:45:27.049-0400] {dag.py:3239} INFO - Sync 1 DAGs
[2025-05-15T13:45:27.103-0400] {logging_mixin.py:190} INFO - [2025-05-15T13:45:27.103-0400] {dag.py:4180} INFO - Setting next_dagrun for example_workday_timetable to 2021-01-04 00:00:00+00:00, run_after=2021-01-05 00:00:00+00:00
[2025-05-15T13:45:27.140-0400] {processor.py:208} INFO - Processing /home/aangava/MSP/airflow_venv/lib/python3.12/site-packages/airflow/example_dags/example_workday_timetable.py took 0.147 seconds
[2025-05-15T13:46:28.912-0400] {processor.py:186} INFO - Started process (PID=56126) to work on /home/aangava/MSP/airflow_venv/lib/python3.12/site-packages/airflow/example_dags/example_workday_timetable.py
[2025-05-15T13:46:28.924-0400] {processor.py:914} INFO - Processing file /home/aangava/MSP/airflow_venv/lib/python3.12/site-packages/airflow/example_dags/example_workday_timetable.py for tasks to queue
[2025-05-15T13:46:28.926-0400] {logging_mixin.py:190} INFO - [2025-05-15T13:46:28.926-0400] {dagbag.py:588} INFO - Filling up the DagBag from /home/aangava/MSP/airflow_venv/lib/python3.12/site-packages/airflow/example_dags/example_workday_timetable.py
[2025-05-15T13:46:28.933-0400] {processor.py:925} INFO - DAG(s) 'example_workday_timetable' retrieved from /home/aangava/MSP/airflow_venv/lib/python3.12/site-packages/airflow/example_dags/example_workday_timetable.py
[2025-05-15T13:46:28.959-0400] {logging_mixin.py:190} INFO - [2025-05-15T13:46:28.959-0400] {dag.py:3239} INFO - Sync 1 DAGs
[2025-05-15T13:46:29.014-0400] {logging_mixin.py:190} INFO - [2025-05-15T13:46:29.014-0400] {dag.py:4180} INFO - Setting next_dagrun for example_workday_timetable to 2021-01-04 00:00:00+00:00, run_after=2021-01-05 00:00:00+00:00
[2025-05-15T13:46:29.041-0400] {processor.py:208} INFO - Processing /home/aangava/MSP/airflow_venv/lib/python3.12/site-packages/airflow/example_dags/example_workday_timetable.py took 0.138 seconds
[2025-05-15T13:47:32.688-0400] {processor.py:186} INFO - Started process (PID=56382) to work on /home/aangava/MSP/airflow_venv/lib/python3.12/site-packages/airflow/example_dags/example_workday_timetable.py
[2025-05-15T13:47:32.700-0400] {processor.py:914} INFO - Processing file /home/aangava/MSP/airflow_venv/lib/python3.12/site-packages/airflow/example_dags/example_workday_timetable.py for tasks to queue
[2025-05-15T13:47:32.703-0400] {logging_mixin.py:190} INFO - [2025-05-15T13:47:32.703-0400] {dagbag.py:588} INFO - Filling up the DagBag from /home/aangava/MSP/airflow_venv/lib/python3.12/site-packages/airflow/example_dags/example_workday_timetable.py
[2025-05-15T13:47:32.711-0400] {processor.py:925} INFO - DAG(s) 'example_workday_timetable' retrieved from /home/aangava/MSP/airflow_venv/lib/python3.12/site-packages/airflow/example_dags/example_workday_timetable.py
[2025-05-15T13:47:32.735-0400] {logging_mixin.py:190} INFO - [2025-05-15T13:47:32.735-0400] {dag.py:3239} INFO - Sync 1 DAGs
[2025-05-15T13:47:32.798-0400] {logging_mixin.py:190} INFO - [2025-05-15T13:47:32.798-0400] {dag.py:4180} INFO - Setting next_dagrun for example_workday_timetable to 2021-01-04 00:00:00+00:00, run_after=2021-01-05 00:00:00+00:00
[2025-05-15T13:47:32.832-0400] {processor.py:208} INFO - Processing /home/aangava/MSP/airflow_venv/lib/python3.12/site-packages/airflow/example_dags/example_workday_timetable.py took 0.154 seconds
[2025-05-15T13:58:36.576-0400] {processor.py:186} INFO - Started process (PID=56708) to work on /home/aangava/MSP/airflow_venv/lib/python3.12/site-packages/airflow/example_dags/example_workday_timetable.py
[2025-05-15T13:58:36.579-0400] {processor.py:914} INFO - Processing file /home/aangava/MSP/airflow_venv/lib/python3.12/site-packages/airflow/example_dags/example_workday_timetable.py for tasks to queue
[2025-05-15T13:58:36.586-0400] {logging_mixin.py:190} INFO - [2025-05-15T13:58:36.584-0400] {dagbag.py:588} INFO - Filling up the DagBag from /home/aangava/MSP/airflow_venv/lib/python3.12/site-packages/airflow/example_dags/example_workday_timetable.py
[2025-05-15T13:58:36.593-0400] {processor.py:925} INFO - DAG(s) 'example_workday_timetable' retrieved from /home/aangava/MSP/airflow_venv/lib/python3.12/site-packages/airflow/example_dags/example_workday_timetable.py
[2025-05-15T13:58:36.620-0400] {logging_mixin.py:190} INFO - [2025-05-15T13:58:36.619-0400] {dag.py:3239} INFO - Sync 1 DAGs
[2025-05-15T13:58:36.679-0400] {logging_mixin.py:190} INFO - [2025-05-15T13:58:36.679-0400] {dag.py:4180} INFO - Setting next_dagrun for example_workday_timetable to 2021-01-04 00:00:00+00:00, run_after=2021-01-05 00:00:00+00:00
[2025-05-15T13:58:36.714-0400] {processor.py:208} INFO - Processing /home/aangava/MSP/airflow_venv/lib/python3.12/site-packages/airflow/example_dags/example_workday_timetable.py took 0.155 seconds
[2025-05-15T13:59:33.005-0400] {processor.py:186} INFO - Started process (PID=56926) to work on /home/aangava/MSP/airflow_venv/lib/python3.12/site-packages/airflow/example_dags/example_workday_timetable.py
[2025-05-15T13:59:33.009-0400] {processor.py:914} INFO - Processing file /home/aangava/MSP/airflow_venv/lib/python3.12/site-packages/airflow/example_dags/example_workday_timetable.py for tasks to queue
[2025-05-15T13:59:33.012-0400] {logging_mixin.py:190} INFO - [2025-05-15T13:59:33.011-0400] {dagbag.py:588} INFO - Filling up the DagBag from /home/aangava/MSP/airflow_venv/lib/python3.12/site-packages/airflow/example_dags/example_workday_timetable.py
[2025-05-15T13:59:33.020-0400] {processor.py:925} INFO - DAG(s) 'example_workday_timetable' retrieved from /home/aangava/MSP/airflow_venv/lib/python3.12/site-packages/airflow/example_dags/example_workday_timetable.py
[2025-05-15T13:59:33.045-0400] {logging_mixin.py:190} INFO - [2025-05-15T13:59:33.044-0400] {dag.py:3239} INFO - Sync 1 DAGs
[2025-05-15T13:59:33.097-0400] {logging_mixin.py:190} INFO - [2025-05-15T13:59:33.097-0400] {dag.py:4180} INFO - Setting next_dagrun for example_workday_timetable to 2021-01-04 00:00:00+00:00, run_after=2021-01-05 00:00:00+00:00
[2025-05-15T13:59:33.124-0400] {processor.py:208} INFO - Processing /home/aangava/MSP/airflow_venv/lib/python3.12/site-packages/airflow/example_dags/example_workday_timetable.py took 0.130 seconds
[2025-05-15T14:00:38.858-0400] {processor.py:186} INFO - Started process (PID=57175) to work on /home/aangava/MSP/airflow_venv/lib/python3.12/site-packages/airflow/example_dags/example_workday_timetable.py
[2025-05-15T14:00:38.869-0400] {processor.py:914} INFO - Processing file /home/aangava/MSP/airflow_venv/lib/python3.12/site-packages/airflow/example_dags/example_workday_timetable.py for tasks to queue
[2025-05-15T14:00:38.872-0400] {logging_mixin.py:190} INFO - [2025-05-15T14:00:38.871-0400] {dagbag.py:588} INFO - Filling up the DagBag from /home/aangava/MSP/airflow_venv/lib/python3.12/site-packages/airflow/example_dags/example_workday_timetable.py
[2025-05-15T14:00:38.880-0400] {processor.py:925} INFO - DAG(s) 'example_workday_timetable' retrieved from /home/aangava/MSP/airflow_venv/lib/python3.12/site-packages/airflow/example_dags/example_workday_timetable.py
[2025-05-15T14:00:38.906-0400] {logging_mixin.py:190} INFO - [2025-05-15T14:00:38.905-0400] {dag.py:3239} INFO - Sync 1 DAGs
[2025-05-15T14:00:38.967-0400] {logging_mixin.py:190} INFO - [2025-05-15T14:00:38.967-0400] {dag.py:4180} INFO - Setting next_dagrun for example_workday_timetable to 2021-01-04 00:00:00+00:00, run_after=2021-01-05 00:00:00+00:00
[2025-05-15T14:00:39.002-0400] {processor.py:208} INFO - Processing /home/aangava/MSP/airflow_venv/lib/python3.12/site-packages/airflow/example_dags/example_workday_timetable.py took 0.154 seconds
[2025-05-15T14:57:08.962-0400] {processor.py:186} INFO - Started process (PID=57489) to work on /home/aangava/MSP/airflow_venv/lib/python3.12/site-packages/airflow/example_dags/example_workday_timetable.py
[2025-05-15T14:57:08.964-0400] {processor.py:914} INFO - Processing file /home/aangava/MSP/airflow_venv/lib/python3.12/site-packages/airflow/example_dags/example_workday_timetable.py for tasks to queue
[2025-05-15T14:57:08.966-0400] {logging_mixin.py:190} INFO - [2025-05-15T14:57:08.965-0400] {dagbag.py:588} INFO - Filling up the DagBag from /home/aangava/MSP/airflow_venv/lib/python3.12/site-packages/airflow/example_dags/example_workday_timetable.py
[2025-05-15T14:57:08.973-0400] {processor.py:925} INFO - DAG(s) 'example_workday_timetable' retrieved from /home/aangava/MSP/airflow_venv/lib/python3.12/site-packages/airflow/example_dags/example_workday_timetable.py
[2025-05-15T14:57:08.995-0400] {logging_mixin.py:190} INFO - [2025-05-15T14:57:08.995-0400] {dag.py:3239} INFO - Sync 1 DAGs
[2025-05-15T14:57:09.051-0400] {logging_mixin.py:190} INFO - [2025-05-15T14:57:09.051-0400] {dag.py:4180} INFO - Setting next_dagrun for example_workday_timetable to 2021-01-04 00:00:00+00:00, run_after=2021-01-05 00:00:00+00:00
[2025-05-15T14:57:09.075-0400] {processor.py:208} INFO - Processing /home/aangava/MSP/airflow_venv/lib/python3.12/site-packages/airflow/example_dags/example_workday_timetable.py took 0.127 seconds
[2025-05-15T14:58:17.771-0400] {processor.py:186} INFO - Started process (PID=57771) to work on /home/aangava/MSP/airflow_venv/lib/python3.12/site-packages/airflow/example_dags/example_workday_timetable.py
[2025-05-15T14:58:17.784-0400] {processor.py:914} INFO - Processing file /home/aangava/MSP/airflow_venv/lib/python3.12/site-packages/airflow/example_dags/example_workday_timetable.py for tasks to queue
[2025-05-15T14:58:17.787-0400] {logging_mixin.py:190} INFO - [2025-05-15T14:58:17.786-0400] {dagbag.py:588} INFO - Filling up the DagBag from /home/aangava/MSP/airflow_venv/lib/python3.12/site-packages/airflow/example_dags/example_workday_timetable.py
[2025-05-15T14:58:17.794-0400] {processor.py:925} INFO - DAG(s) 'example_workday_timetable' retrieved from /home/aangava/MSP/airflow_venv/lib/python3.12/site-packages/airflow/example_dags/example_workday_timetable.py
[2025-05-15T14:58:17.820-0400] {logging_mixin.py:190} INFO - [2025-05-15T14:58:17.819-0400] {dag.py:3239} INFO - Sync 1 DAGs
[2025-05-15T14:58:17.876-0400] {logging_mixin.py:190} INFO - [2025-05-15T14:58:17.875-0400] {dag.py:4180} INFO - Setting next_dagrun for example_workday_timetable to 2021-01-04 00:00:00+00:00, run_after=2021-01-05 00:00:00+00:00
[2025-05-15T14:58:17.900-0400] {processor.py:208} INFO - Processing /home/aangava/MSP/airflow_venv/lib/python3.12/site-packages/airflow/example_dags/example_workday_timetable.py took 0.138 seconds
[2025-05-15T14:59:24.380-0400] {processor.py:186} INFO - Started process (PID=58019) to work on /home/aangava/MSP/airflow_venv/lib/python3.12/site-packages/airflow/example_dags/example_workday_timetable.py
[2025-05-15T14:59:24.391-0400] {processor.py:914} INFO - Processing file /home/aangava/MSP/airflow_venv/lib/python3.12/site-packages/airflow/example_dags/example_workday_timetable.py for tasks to queue
[2025-05-15T14:59:24.393-0400] {logging_mixin.py:190} INFO - [2025-05-15T14:59:24.392-0400] {dagbag.py:588} INFO - Filling up the DagBag from /home/aangava/MSP/airflow_venv/lib/python3.12/site-packages/airflow/example_dags/example_workday_timetable.py
[2025-05-15T14:59:24.399-0400] {processor.py:925} INFO - DAG(s) 'example_workday_timetable' retrieved from /home/aangava/MSP/airflow_venv/lib/python3.12/site-packages/airflow/example_dags/example_workday_timetable.py
[2025-05-15T14:59:24.418-0400] {logging_mixin.py:190} INFO - [2025-05-15T14:59:24.418-0400] {dag.py:3239} INFO - Sync 1 DAGs
[2025-05-15T14:59:24.472-0400] {logging_mixin.py:190} INFO - [2025-05-15T14:59:24.471-0400] {dag.py:4180} INFO - Setting next_dagrun for example_workday_timetable to 2021-01-04 00:00:00+00:00, run_after=2021-01-05 00:00:00+00:00
[2025-05-15T14:59:24.498-0400] {processor.py:208} INFO - Processing /home/aangava/MSP/airflow_venv/lib/python3.12/site-packages/airflow/example_dags/example_workday_timetable.py took 0.126 seconds
