[2025-05-14T22:59:42.139-0400] {processor.py:186} INFO - Started process (PID=45346) to work on /home/aangava/MSP/airflow_venv/lib/python3.12/site-packages/airflow/example_dags/example_short_circuit_decorator.py
[2025-05-14T22:59:42.141-0400] {processor.py:914} INFO - Processing file /home/aangava/MSP/airflow_venv/lib/python3.12/site-packages/airflow/example_dags/example_short_circuit_decorator.py for tasks to queue
[2025-05-14T22:59:42.143-0400] {logging_mixin.py:190} INFO - [2025-05-14T22:59:42.143-0400] {dagbag.py:588} INFO - Filling up the DagBag from /home/aangava/MSP/airflow_venv/lib/python3.12/site-packages/airflow/example_dags/example_short_circuit_decorator.py
[2025-05-14T22:59:42.162-0400] {processor.py:925} INFO - DAG(s) 'example_short_circuit_decorator' retrieved from /home/aangava/MSP/airflow_venv/lib/python3.12/site-packages/airflow/example_dags/example_short_circuit_decorator.py
[2025-05-14T22:59:42.184-0400] {logging_mixin.py:190} INFO - [2025-05-14T22:59:42.184-0400] {dag.py:3239} INFO - Sync 1 DAGs
[2025-05-14T22:59:42.196-0400] {logging_mixin.py:190} INFO - [2025-05-14T22:59:42.196-0400] {dag.py:4180} INFO - Setting next_dagrun for example_short_circuit_decorator to None, run_after=None
[2025-05-14T22:59:42.224-0400] {processor.py:208} INFO - Processing /home/aangava/MSP/airflow_venv/lib/python3.12/site-packages/airflow/example_dags/example_short_circuit_decorator.py took 0.095 seconds
[2025-05-14T23:01:05.885-0400] {processor.py:186} INFO - Started process (PID=45688) to work on /home/aangava/MSP/airflow_venv/lib/python3.12/site-packages/airflow/example_dags/example_short_circuit_decorator.py
[2025-05-14T23:01:05.887-0400] {processor.py:914} INFO - Processing file /home/aangava/MSP/airflow_venv/lib/python3.12/site-packages/airflow/example_dags/example_short_circuit_decorator.py for tasks to queue
[2025-05-14T23:01:05.889-0400] {logging_mixin.py:190} INFO - [2025-05-14T23:01:05.889-0400] {dagbag.py:588} INFO - Filling up the DagBag from /home/aangava/MSP/airflow_venv/lib/python3.12/site-packages/airflow/example_dags/example_short_circuit_decorator.py
[2025-05-14T23:01:05.898-0400] {processor.py:925} INFO - DAG(s) 'example_short_circuit_decorator' retrieved from /home/aangava/MSP/airflow_venv/lib/python3.12/site-packages/airflow/example_dags/example_short_circuit_decorator.py
[2025-05-14T23:01:05.917-0400] {logging_mixin.py:190} INFO - [2025-05-14T23:01:05.917-0400] {dag.py:3239} INFO - Sync 1 DAGs
[2025-05-14T23:01:05.930-0400] {logging_mixin.py:190} INFO - [2025-05-14T23:01:05.930-0400] {dag.py:4180} INFO - Setting next_dagrun for example_short_circuit_decorator to None, run_after=None
[2025-05-14T23:01:05.951-0400] {processor.py:208} INFO - Processing /home/aangava/MSP/airflow_venv/lib/python3.12/site-packages/airflow/example_dags/example_short_circuit_decorator.py took 0.073 seconds
[2025-05-14T23:02:10.455-0400] {processor.py:186} INFO - Started process (PID=45948) to work on /home/aangava/MSP/airflow_venv/lib/python3.12/site-packages/airflow/example_dags/example_short_circuit_decorator.py
[2025-05-14T23:02:10.467-0400] {processor.py:914} INFO - Processing file /home/aangava/MSP/airflow_venv/lib/python3.12/site-packages/airflow/example_dags/example_short_circuit_decorator.py for tasks to queue
[2025-05-14T23:02:10.470-0400] {logging_mixin.py:190} INFO - [2025-05-14T23:02:10.469-0400] {dagbag.py:588} INFO - Filling up the DagBag from /home/aangava/MSP/airflow_venv/lib/python3.12/site-packages/airflow/example_dags/example_short_circuit_decorator.py
[2025-05-14T23:02:10.488-0400] {processor.py:925} INFO - DAG(s) 'example_short_circuit_decorator' retrieved from /home/aangava/MSP/airflow_venv/lib/python3.12/site-packages/airflow/example_dags/example_short_circuit_decorator.py
[2025-05-14T23:02:10.514-0400] {logging_mixin.py:190} INFO - [2025-05-14T23:02:10.514-0400] {dag.py:3239} INFO - Sync 1 DAGs
[2025-05-14T23:02:10.535-0400] {logging_mixin.py:190} INFO - [2025-05-14T23:02:10.535-0400] {dag.py:4180} INFO - Setting next_dagrun for example_short_circuit_decorator to None, run_after=None
[2025-05-14T23:02:10.566-0400] {processor.py:208} INFO - Processing /home/aangava/MSP/airflow_venv/lib/python3.12/site-packages/airflow/example_dags/example_short_circuit_decorator.py took 0.119 seconds
[2025-05-14T23:03:10.574-0400] {processor.py:186} INFO - Started process (PID=46187) to work on /home/aangava/MSP/airflow_venv/lib/python3.12/site-packages/airflow/example_dags/example_short_circuit_decorator.py
[2025-05-14T23:03:10.587-0400] {processor.py:914} INFO - Processing file /home/aangava/MSP/airflow_venv/lib/python3.12/site-packages/airflow/example_dags/example_short_circuit_decorator.py for tasks to queue
[2025-05-14T23:03:10.590-0400] {logging_mixin.py:190} INFO - [2025-05-14T23:03:10.589-0400] {dagbag.py:588} INFO - Filling up the DagBag from /home/aangava/MSP/airflow_venv/lib/python3.12/site-packages/airflow/example_dags/example_short_circuit_decorator.py
[2025-05-14T23:03:10.607-0400] {processor.py:925} INFO - DAG(s) 'example_short_circuit_decorator' retrieved from /home/aangava/MSP/airflow_venv/lib/python3.12/site-packages/airflow/example_dags/example_short_circuit_decorator.py
[2025-05-14T23:03:10.631-0400] {logging_mixin.py:190} INFO - [2025-05-14T23:03:10.630-0400] {dag.py:3239} INFO - Sync 1 DAGs
[2025-05-14T23:03:10.646-0400] {logging_mixin.py:190} INFO - [2025-05-14T23:03:10.645-0400] {dag.py:4180} INFO - Setting next_dagrun for example_short_circuit_decorator to None, run_after=None
[2025-05-14T23:03:10.671-0400] {processor.py:208} INFO - Processing /home/aangava/MSP/airflow_venv/lib/python3.12/site-packages/airflow/example_dags/example_short_circuit_decorator.py took 0.110 seconds
[2025-05-14T23:04:10.648-0400] {processor.py:186} INFO - Started process (PID=46424) to work on /home/aangava/MSP/airflow_venv/lib/python3.12/site-packages/airflow/example_dags/example_short_circuit_decorator.py
[2025-05-14T23:04:10.649-0400] {processor.py:914} INFO - Processing file /home/aangava/MSP/airflow_venv/lib/python3.12/site-packages/airflow/example_dags/example_short_circuit_decorator.py for tasks to queue
[2025-05-14T23:04:10.651-0400] {logging_mixin.py:190} INFO - [2025-05-14T23:04:10.650-0400] {dagbag.py:588} INFO - Filling up the DagBag from /home/aangava/MSP/airflow_venv/lib/python3.12/site-packages/airflow/example_dags/example_short_circuit_decorator.py
[2025-05-14T23:04:10.662-0400] {processor.py:925} INFO - DAG(s) 'example_short_circuit_decorator' retrieved from /home/aangava/MSP/airflow_venv/lib/python3.12/site-packages/airflow/example_dags/example_short_circuit_decorator.py
[2025-05-14T23:04:10.684-0400] {logging_mixin.py:190} INFO - [2025-05-14T23:04:10.684-0400] {dag.py:3239} INFO - Sync 1 DAGs
[2025-05-14T23:04:10.700-0400] {logging_mixin.py:190} INFO - [2025-05-14T23:04:10.699-0400] {dag.py:4180} INFO - Setting next_dagrun for example_short_circuit_decorator to None, run_after=None
[2025-05-14T23:04:10.725-0400] {processor.py:208} INFO - Processing /home/aangava/MSP/airflow_venv/lib/python3.12/site-packages/airflow/example_dags/example_short_circuit_decorator.py took 0.085 seconds
[2025-05-14T23:05:09.530-0400] {processor.py:186} INFO - Started process (PID=46657) to work on /home/aangava/MSP/airflow_venv/lib/python3.12/site-packages/airflow/example_dags/example_short_circuit_decorator.py
[2025-05-14T23:05:09.542-0400] {processor.py:914} INFO - Processing file /home/aangava/MSP/airflow_venv/lib/python3.12/site-packages/airflow/example_dags/example_short_circuit_decorator.py for tasks to queue
[2025-05-14T23:05:09.545-0400] {logging_mixin.py:190} INFO - [2025-05-14T23:05:09.544-0400] {dagbag.py:588} INFO - Filling up the DagBag from /home/aangava/MSP/airflow_venv/lib/python3.12/site-packages/airflow/example_dags/example_short_circuit_decorator.py
[2025-05-14T23:05:09.559-0400] {processor.py:925} INFO - DAG(s) 'example_short_circuit_decorator' retrieved from /home/aangava/MSP/airflow_venv/lib/python3.12/site-packages/airflow/example_dags/example_short_circuit_decorator.py
[2025-05-14T23:05:09.586-0400] {logging_mixin.py:190} INFO - [2025-05-14T23:05:09.585-0400] {dag.py:3239} INFO - Sync 1 DAGs
[2025-05-14T23:05:09.599-0400] {logging_mixin.py:190} INFO - [2025-05-14T23:05:09.598-0400] {dag.py:4180} INFO - Setting next_dagrun for example_short_circuit_decorator to None, run_after=None
[2025-05-14T23:05:09.624-0400] {processor.py:208} INFO - Processing /home/aangava/MSP/airflow_venv/lib/python3.12/site-packages/airflow/example_dags/example_short_circuit_decorator.py took 0.106 seconds
[2025-05-14T23:06:10.289-0400] {processor.py:186} INFO - Started process (PID=46916) to work on /home/aangava/MSP/airflow_venv/lib/python3.12/site-packages/airflow/example_dags/example_short_circuit_decorator.py
[2025-05-14T23:06:10.301-0400] {processor.py:914} INFO - Processing file /home/aangava/MSP/airflow_venv/lib/python3.12/site-packages/airflow/example_dags/example_short_circuit_decorator.py for tasks to queue
[2025-05-14T23:06:10.304-0400] {logging_mixin.py:190} INFO - [2025-05-14T23:06:10.303-0400] {dagbag.py:588} INFO - Filling up the DagBag from /home/aangava/MSP/airflow_venv/lib/python3.12/site-packages/airflow/example_dags/example_short_circuit_decorator.py
[2025-05-14T23:06:10.317-0400] {processor.py:925} INFO - DAG(s) 'example_short_circuit_decorator' retrieved from /home/aangava/MSP/airflow_venv/lib/python3.12/site-packages/airflow/example_dags/example_short_circuit_decorator.py
[2025-05-14T23:06:10.339-0400] {logging_mixin.py:190} INFO - [2025-05-14T23:06:10.339-0400] {dag.py:3239} INFO - Sync 1 DAGs
[2025-05-14T23:06:10.356-0400] {logging_mixin.py:190} INFO - [2025-05-14T23:06:10.355-0400] {dag.py:4180} INFO - Setting next_dagrun for example_short_circuit_decorator to None, run_after=None
[2025-05-14T23:06:10.380-0400] {processor.py:208} INFO - Processing /home/aangava/MSP/airflow_venv/lib/python3.12/site-packages/airflow/example_dags/example_short_circuit_decorator.py took 0.100 seconds
[2025-05-14T23:07:11.690-0400] {processor.py:186} INFO - Started process (PID=47163) to work on /home/aangava/MSP/airflow_venv/lib/python3.12/site-packages/airflow/example_dags/example_short_circuit_decorator.py
[2025-05-14T23:07:11.701-0400] {processor.py:914} INFO - Processing file /home/aangava/MSP/airflow_venv/lib/python3.12/site-packages/airflow/example_dags/example_short_circuit_decorator.py for tasks to queue
[2025-05-14T23:07:11.703-0400] {logging_mixin.py:190} INFO - [2025-05-14T23:07:11.702-0400] {dagbag.py:588} INFO - Filling up the DagBag from /home/aangava/MSP/airflow_venv/lib/python3.12/site-packages/airflow/example_dags/example_short_circuit_decorator.py
[2025-05-14T23:07:11.714-0400] {processor.py:925} INFO - DAG(s) 'example_short_circuit_decorator' retrieved from /home/aangava/MSP/airflow_venv/lib/python3.12/site-packages/airflow/example_dags/example_short_circuit_decorator.py
[2025-05-14T23:07:11.732-0400] {logging_mixin.py:190} INFO - [2025-05-14T23:07:11.732-0400] {dag.py:3239} INFO - Sync 1 DAGs
[2025-05-14T23:07:11.743-0400] {logging_mixin.py:190} INFO - [2025-05-14T23:07:11.743-0400] {dag.py:4180} INFO - Setting next_dagrun for example_short_circuit_decorator to None, run_after=None
[2025-05-14T23:07:11.764-0400] {processor.py:208} INFO - Processing /home/aangava/MSP/airflow_venv/lib/python3.12/site-packages/airflow/example_dags/example_short_circuit_decorator.py took 0.080 seconds
[2025-05-14T23:08:15.715-0400] {processor.py:186} INFO - Started process (PID=47415) to work on /home/aangava/MSP/airflow_venv/lib/python3.12/site-packages/airflow/example_dags/example_short_circuit_decorator.py
[2025-05-14T23:08:15.717-0400] {processor.py:914} INFO - Processing file /home/aangava/MSP/airflow_venv/lib/python3.12/site-packages/airflow/example_dags/example_short_circuit_decorator.py for tasks to queue
[2025-05-14T23:08:15.718-0400] {logging_mixin.py:190} INFO - [2025-05-14T23:08:15.718-0400] {dagbag.py:588} INFO - Filling up the DagBag from /home/aangava/MSP/airflow_venv/lib/python3.12/site-packages/airflow/example_dags/example_short_circuit_decorator.py
[2025-05-14T23:08:15.727-0400] {processor.py:925} INFO - DAG(s) 'example_short_circuit_decorator' retrieved from /home/aangava/MSP/airflow_venv/lib/python3.12/site-packages/airflow/example_dags/example_short_circuit_decorator.py
[2025-05-14T23:08:15.743-0400] {logging_mixin.py:190} INFO - [2025-05-14T23:08:15.743-0400] {dag.py:3239} INFO - Sync 1 DAGs
[2025-05-14T23:08:15.754-0400] {logging_mixin.py:190} INFO - [2025-05-14T23:08:15.754-0400] {dag.py:4180} INFO - Setting next_dagrun for example_short_circuit_decorator to None, run_after=None
[2025-05-14T23:08:15.774-0400] {processor.py:208} INFO - Processing /home/aangava/MSP/airflow_venv/lib/python3.12/site-packages/airflow/example_dags/example_short_circuit_decorator.py took 0.065 seconds
[2025-05-14T23:09:16.211-0400] {processor.py:186} INFO - Started process (PID=47654) to work on /home/aangava/MSP/airflow_venv/lib/python3.12/site-packages/airflow/example_dags/example_short_circuit_decorator.py
[2025-05-14T23:09:16.213-0400] {processor.py:914} INFO - Processing file /home/aangava/MSP/airflow_venv/lib/python3.12/site-packages/airflow/example_dags/example_short_circuit_decorator.py for tasks to queue
[2025-05-14T23:09:16.215-0400] {logging_mixin.py:190} INFO - [2025-05-14T23:09:16.214-0400] {dagbag.py:588} INFO - Filling up the DagBag from /home/aangava/MSP/airflow_venv/lib/python3.12/site-packages/airflow/example_dags/example_short_circuit_decorator.py
[2025-05-14T23:09:16.227-0400] {processor.py:925} INFO - DAG(s) 'example_short_circuit_decorator' retrieved from /home/aangava/MSP/airflow_venv/lib/python3.12/site-packages/airflow/example_dags/example_short_circuit_decorator.py
[2025-05-14T23:09:16.250-0400] {logging_mixin.py:190} INFO - [2025-05-14T23:09:16.249-0400] {dag.py:3239} INFO - Sync 1 DAGs
[2025-05-14T23:09:16.270-0400] {logging_mixin.py:190} INFO - [2025-05-14T23:09:16.270-0400] {dag.py:4180} INFO - Setting next_dagrun for example_short_circuit_decorator to None, run_after=None
[2025-05-14T23:09:16.293-0400] {processor.py:208} INFO - Processing /home/aangava/MSP/airflow_venv/lib/python3.12/site-packages/airflow/example_dags/example_short_circuit_decorator.py took 0.092 seconds
[2025-05-14T23:10:19.708-0400] {processor.py:186} INFO - Started process (PID=47910) to work on /home/aangava/MSP/airflow_venv/lib/python3.12/site-packages/airflow/example_dags/example_short_circuit_decorator.py
[2025-05-14T23:10:19.721-0400] {processor.py:914} INFO - Processing file /home/aangava/MSP/airflow_venv/lib/python3.12/site-packages/airflow/example_dags/example_short_circuit_decorator.py for tasks to queue
[2025-05-14T23:10:19.724-0400] {logging_mixin.py:190} INFO - [2025-05-14T23:10:19.723-0400] {dagbag.py:588} INFO - Filling up the DagBag from /home/aangava/MSP/airflow_venv/lib/python3.12/site-packages/airflow/example_dags/example_short_circuit_decorator.py
[2025-05-14T23:10:19.739-0400] {processor.py:925} INFO - DAG(s) 'example_short_circuit_decorator' retrieved from /home/aangava/MSP/airflow_venv/lib/python3.12/site-packages/airflow/example_dags/example_short_circuit_decorator.py
[2025-05-14T23:10:19.763-0400] {logging_mixin.py:190} INFO - [2025-05-14T23:10:19.762-0400] {dag.py:3239} INFO - Sync 1 DAGs
[2025-05-14T23:10:19.776-0400] {logging_mixin.py:190} INFO - [2025-05-14T23:10:19.776-0400] {dag.py:4180} INFO - Setting next_dagrun for example_short_circuit_decorator to None, run_after=None
[2025-05-14T23:10:19.800-0400] {processor.py:208} INFO - Processing /home/aangava/MSP/airflow_venv/lib/python3.12/site-packages/airflow/example_dags/example_short_circuit_decorator.py took 0.104 seconds
[2025-05-14T23:11:22.785-0400] {processor.py:186} INFO - Started process (PID=48169) to work on /home/aangava/MSP/airflow_venv/lib/python3.12/site-packages/airflow/example_dags/example_short_circuit_decorator.py
[2025-05-14T23:11:22.787-0400] {processor.py:914} INFO - Processing file /home/aangava/MSP/airflow_venv/lib/python3.12/site-packages/airflow/example_dags/example_short_circuit_decorator.py for tasks to queue
[2025-05-14T23:11:22.788-0400] {logging_mixin.py:190} INFO - [2025-05-14T23:11:22.788-0400] {dagbag.py:588} INFO - Filling up the DagBag from /home/aangava/MSP/airflow_venv/lib/python3.12/site-packages/airflow/example_dags/example_short_circuit_decorator.py
[2025-05-14T23:11:22.795-0400] {processor.py:925} INFO - DAG(s) 'example_short_circuit_decorator' retrieved from /home/aangava/MSP/airflow_venv/lib/python3.12/site-packages/airflow/example_dags/example_short_circuit_decorator.py
[2025-05-14T23:11:22.815-0400] {logging_mixin.py:190} INFO - [2025-05-14T23:11:22.814-0400] {dag.py:3239} INFO - Sync 1 DAGs
[2025-05-14T23:11:22.828-0400] {logging_mixin.py:190} INFO - [2025-05-14T23:11:22.827-0400] {dag.py:4180} INFO - Setting next_dagrun for example_short_circuit_decorator to None, run_after=None
[2025-05-14T23:11:22.852-0400] {processor.py:208} INFO - Processing /home/aangava/MSP/airflow_venv/lib/python3.12/site-packages/airflow/example_dags/example_short_circuit_decorator.py took 0.072 seconds
[2025-05-14T23:12:27.256-0400] {processor.py:186} INFO - Started process (PID=48425) to work on /home/aangava/MSP/airflow_venv/lib/python3.12/site-packages/airflow/example_dags/example_short_circuit_decorator.py
[2025-05-14T23:12:27.266-0400] {processor.py:914} INFO - Processing file /home/aangava/MSP/airflow_venv/lib/python3.12/site-packages/airflow/example_dags/example_short_circuit_decorator.py for tasks to queue
[2025-05-14T23:12:27.269-0400] {logging_mixin.py:190} INFO - [2025-05-14T23:12:27.268-0400] {dagbag.py:588} INFO - Filling up the DagBag from /home/aangava/MSP/airflow_venv/lib/python3.12/site-packages/airflow/example_dags/example_short_circuit_decorator.py
[2025-05-14T23:12:27.280-0400] {processor.py:925} INFO - DAG(s) 'example_short_circuit_decorator' retrieved from /home/aangava/MSP/airflow_venv/lib/python3.12/site-packages/airflow/example_dags/example_short_circuit_decorator.py
[2025-05-14T23:12:27.305-0400] {logging_mixin.py:190} INFO - [2025-05-14T23:12:27.304-0400] {dag.py:3239} INFO - Sync 1 DAGs
[2025-05-14T23:12:27.316-0400] {logging_mixin.py:190} INFO - [2025-05-14T23:12:27.316-0400] {dag.py:4180} INFO - Setting next_dagrun for example_short_circuit_decorator to None, run_after=None
[2025-05-14T23:12:27.341-0400] {processor.py:208} INFO - Processing /home/aangava/MSP/airflow_venv/lib/python3.12/site-packages/airflow/example_dags/example_short_circuit_decorator.py took 0.096 seconds
[2025-05-14T23:13:31.147-0400] {processor.py:186} INFO - Started process (PID=48674) to work on /home/aangava/MSP/airflow_venv/lib/python3.12/site-packages/airflow/example_dags/example_short_circuit_decorator.py
[2025-05-14T23:13:31.159-0400] {processor.py:914} INFO - Processing file /home/aangava/MSP/airflow_venv/lib/python3.12/site-packages/airflow/example_dags/example_short_circuit_decorator.py for tasks to queue
[2025-05-14T23:13:31.162-0400] {logging_mixin.py:190} INFO - [2025-05-14T23:13:31.161-0400] {dagbag.py:588} INFO - Filling up the DagBag from /home/aangava/MSP/airflow_venv/lib/python3.12/site-packages/airflow/example_dags/example_short_circuit_decorator.py
[2025-05-14T23:13:31.178-0400] {processor.py:925} INFO - DAG(s) 'example_short_circuit_decorator' retrieved from /home/aangava/MSP/airflow_venv/lib/python3.12/site-packages/airflow/example_dags/example_short_circuit_decorator.py
[2025-05-14T23:13:31.207-0400] {logging_mixin.py:190} INFO - [2025-05-14T23:13:31.206-0400] {dag.py:3239} INFO - Sync 1 DAGs
[2025-05-14T23:13:31.223-0400] {logging_mixin.py:190} INFO - [2025-05-14T23:13:31.223-0400] {dag.py:4180} INFO - Setting next_dagrun for example_short_circuit_decorator to None, run_after=None
[2025-05-14T23:13:31.247-0400] {processor.py:208} INFO - Processing /home/aangava/MSP/airflow_venv/lib/python3.12/site-packages/airflow/example_dags/example_short_circuit_decorator.py took 0.110 seconds
[2025-05-14T23:14:31.810-0400] {processor.py:186} INFO - Started process (PID=48917) to work on /home/aangava/MSP/airflow_venv/lib/python3.12/site-packages/airflow/example_dags/example_short_circuit_decorator.py
[2025-05-14T23:14:31.823-0400] {processor.py:914} INFO - Processing file /home/aangava/MSP/airflow_venv/lib/python3.12/site-packages/airflow/example_dags/example_short_circuit_decorator.py for tasks to queue
[2025-05-14T23:14:31.827-0400] {logging_mixin.py:190} INFO - [2025-05-14T23:14:31.826-0400] {dagbag.py:588} INFO - Filling up the DagBag from /home/aangava/MSP/airflow_venv/lib/python3.12/site-packages/airflow/example_dags/example_short_circuit_decorator.py
[2025-05-14T23:14:31.841-0400] {processor.py:925} INFO - DAG(s) 'example_short_circuit_decorator' retrieved from /home/aangava/MSP/airflow_venv/lib/python3.12/site-packages/airflow/example_dags/example_short_circuit_decorator.py
[2025-05-14T23:14:31.870-0400] {logging_mixin.py:190} INFO - [2025-05-14T23:14:31.869-0400] {dag.py:3239} INFO - Sync 1 DAGs
[2025-05-14T23:14:31.881-0400] {logging_mixin.py:190} INFO - [2025-05-14T23:14:31.881-0400] {dag.py:4180} INFO - Setting next_dagrun for example_short_circuit_decorator to None, run_after=None
[2025-05-14T23:14:31.906-0400] {processor.py:208} INFO - Processing /home/aangava/MSP/airflow_venv/lib/python3.12/site-packages/airflow/example_dags/example_short_circuit_decorator.py took 0.107 seconds
[2025-05-14T23:15:35.915-0400] {processor.py:186} INFO - Started process (PID=49169) to work on /home/aangava/MSP/airflow_venv/lib/python3.12/site-packages/airflow/example_dags/example_short_circuit_decorator.py
[2025-05-14T23:15:35.928-0400] {processor.py:914} INFO - Processing file /home/aangava/MSP/airflow_venv/lib/python3.12/site-packages/airflow/example_dags/example_short_circuit_decorator.py for tasks to queue
[2025-05-14T23:15:35.931-0400] {logging_mixin.py:190} INFO - [2025-05-14T23:15:35.930-0400] {dagbag.py:588} INFO - Filling up the DagBag from /home/aangava/MSP/airflow_venv/lib/python3.12/site-packages/airflow/example_dags/example_short_circuit_decorator.py
[2025-05-14T23:15:35.947-0400] {processor.py:925} INFO - DAG(s) 'example_short_circuit_decorator' retrieved from /home/aangava/MSP/airflow_venv/lib/python3.12/site-packages/airflow/example_dags/example_short_circuit_decorator.py
[2025-05-14T23:15:35.971-0400] {logging_mixin.py:190} INFO - [2025-05-14T23:15:35.971-0400] {dag.py:3239} INFO - Sync 1 DAGs
[2025-05-14T23:15:35.985-0400] {logging_mixin.py:190} INFO - [2025-05-14T23:15:35.985-0400] {dag.py:4180} INFO - Setting next_dagrun for example_short_circuit_decorator to None, run_after=None
[2025-05-14T23:15:36.013-0400] {processor.py:208} INFO - Processing /home/aangava/MSP/airflow_venv/lib/python3.12/site-packages/airflow/example_dags/example_short_circuit_decorator.py took 0.108 seconds
[2025-05-14T23:16:39.700-0400] {processor.py:186} INFO - Started process (PID=49433) to work on /home/aangava/MSP/airflow_venv/lib/python3.12/site-packages/airflow/example_dags/example_short_circuit_decorator.py
[2025-05-14T23:16:39.713-0400] {processor.py:914} INFO - Processing file /home/aangava/MSP/airflow_venv/lib/python3.12/site-packages/airflow/example_dags/example_short_circuit_decorator.py for tasks to queue
[2025-05-14T23:16:39.715-0400] {logging_mixin.py:190} INFO - [2025-05-14T23:16:39.715-0400] {dagbag.py:588} INFO - Filling up the DagBag from /home/aangava/MSP/airflow_venv/lib/python3.12/site-packages/airflow/example_dags/example_short_circuit_decorator.py
[2025-05-14T23:16:39.729-0400] {processor.py:925} INFO - DAG(s) 'example_short_circuit_decorator' retrieved from /home/aangava/MSP/airflow_venv/lib/python3.12/site-packages/airflow/example_dags/example_short_circuit_decorator.py
[2025-05-14T23:16:39.749-0400] {logging_mixin.py:190} INFO - [2025-05-14T23:16:39.749-0400] {dag.py:3239} INFO - Sync 1 DAGs
[2025-05-14T23:16:39.762-0400] {logging_mixin.py:190} INFO - [2025-05-14T23:16:39.761-0400] {dag.py:4180} INFO - Setting next_dagrun for example_short_circuit_decorator to None, run_after=None
[2025-05-14T23:16:39.788-0400] {processor.py:208} INFO - Processing /home/aangava/MSP/airflow_venv/lib/python3.12/site-packages/airflow/example_dags/example_short_circuit_decorator.py took 0.098 seconds
[2025-05-14T23:17:38.728-0400] {processor.py:186} INFO - Started process (PID=49675) to work on /home/aangava/MSP/airflow_venv/lib/python3.12/site-packages/airflow/example_dags/example_short_circuit_decorator.py
[2025-05-14T23:17:38.741-0400] {processor.py:914} INFO - Processing file /home/aangava/MSP/airflow_venv/lib/python3.12/site-packages/airflow/example_dags/example_short_circuit_decorator.py for tasks to queue
[2025-05-14T23:17:38.745-0400] {logging_mixin.py:190} INFO - [2025-05-14T23:17:38.744-0400] {dagbag.py:588} INFO - Filling up the DagBag from /home/aangava/MSP/airflow_venv/lib/python3.12/site-packages/airflow/example_dags/example_short_circuit_decorator.py
[2025-05-14T23:17:38.758-0400] {processor.py:925} INFO - DAG(s) 'example_short_circuit_decorator' retrieved from /home/aangava/MSP/airflow_venv/lib/python3.12/site-packages/airflow/example_dags/example_short_circuit_decorator.py
[2025-05-14T23:17:38.778-0400] {logging_mixin.py:190} INFO - [2025-05-14T23:17:38.777-0400] {dag.py:3239} INFO - Sync 1 DAGs
[2025-05-14T23:17:38.789-0400] {logging_mixin.py:190} INFO - [2025-05-14T23:17:38.788-0400] {dag.py:4180} INFO - Setting next_dagrun for example_short_circuit_decorator to None, run_after=None
[2025-05-14T23:17:38.814-0400] {processor.py:208} INFO - Processing /home/aangava/MSP/airflow_venv/lib/python3.12/site-packages/airflow/example_dags/example_short_circuit_decorator.py took 0.094 seconds
[2025-05-14T23:18:41.648-0400] {processor.py:186} INFO - Started process (PID=49922) to work on /home/aangava/MSP/airflow_venv/lib/python3.12/site-packages/airflow/example_dags/example_short_circuit_decorator.py
[2025-05-14T23:18:41.661-0400] {processor.py:914} INFO - Processing file /home/aangava/MSP/airflow_venv/lib/python3.12/site-packages/airflow/example_dags/example_short_circuit_decorator.py for tasks to queue
[2025-05-14T23:18:41.664-0400] {logging_mixin.py:190} INFO - [2025-05-14T23:18:41.663-0400] {dagbag.py:588} INFO - Filling up the DagBag from /home/aangava/MSP/airflow_venv/lib/python3.12/site-packages/airflow/example_dags/example_short_circuit_decorator.py
[2025-05-14T23:18:41.676-0400] {processor.py:925} INFO - DAG(s) 'example_short_circuit_decorator' retrieved from /home/aangava/MSP/airflow_venv/lib/python3.12/site-packages/airflow/example_dags/example_short_circuit_decorator.py
[2025-05-14T23:18:41.695-0400] {logging_mixin.py:190} INFO - [2025-05-14T23:18:41.695-0400] {dag.py:3239} INFO - Sync 1 DAGs
[2025-05-14T23:18:41.707-0400] {logging_mixin.py:190} INFO - [2025-05-14T23:18:41.706-0400] {dag.py:4180} INFO - Setting next_dagrun for example_short_circuit_decorator to None, run_after=None
[2025-05-14T23:18:41.731-0400] {processor.py:208} INFO - Processing /home/aangava/MSP/airflow_venv/lib/python3.12/site-packages/airflow/example_dags/example_short_circuit_decorator.py took 0.093 seconds
[2025-05-14T23:19:44.677-0400] {processor.py:186} INFO - Started process (PID=50172) to work on /home/aangava/MSP/airflow_venv/lib/python3.12/site-packages/airflow/example_dags/example_short_circuit_decorator.py
[2025-05-14T23:19:44.689-0400] {processor.py:914} INFO - Processing file /home/aangava/MSP/airflow_venv/lib/python3.12/site-packages/airflow/example_dags/example_short_circuit_decorator.py for tasks to queue
[2025-05-14T23:19:44.691-0400] {logging_mixin.py:190} INFO - [2025-05-14T23:19:44.691-0400] {dagbag.py:588} INFO - Filling up the DagBag from /home/aangava/MSP/airflow_venv/lib/python3.12/site-packages/airflow/example_dags/example_short_circuit_decorator.py
[2025-05-14T23:19:44.706-0400] {processor.py:925} INFO - DAG(s) 'example_short_circuit_decorator' retrieved from /home/aangava/MSP/airflow_venv/lib/python3.12/site-packages/airflow/example_dags/example_short_circuit_decorator.py
[2025-05-14T23:19:44.728-0400] {logging_mixin.py:190} INFO - [2025-05-14T23:19:44.727-0400] {dag.py:3239} INFO - Sync 1 DAGs
[2025-05-14T23:19:44.739-0400] {logging_mixin.py:190} INFO - [2025-05-14T23:19:44.739-0400] {dag.py:4180} INFO - Setting next_dagrun for example_short_circuit_decorator to None, run_after=None
[2025-05-14T23:19:44.766-0400] {processor.py:208} INFO - Processing /home/aangava/MSP/airflow_venv/lib/python3.12/site-packages/airflow/example_dags/example_short_circuit_decorator.py took 0.101 seconds
[2025-05-14T23:20:47.161-0400] {processor.py:186} INFO - Started process (PID=50427) to work on /home/aangava/MSP/airflow_venv/lib/python3.12/site-packages/airflow/example_dags/example_short_circuit_decorator.py
[2025-05-14T23:20:47.173-0400] {processor.py:914} INFO - Processing file /home/aangava/MSP/airflow_venv/lib/python3.12/site-packages/airflow/example_dags/example_short_circuit_decorator.py for tasks to queue
[2025-05-14T23:20:47.177-0400] {logging_mixin.py:190} INFO - [2025-05-14T23:20:47.176-0400] {dagbag.py:588} INFO - Filling up the DagBag from /home/aangava/MSP/airflow_venv/lib/python3.12/site-packages/airflow/example_dags/example_short_circuit_decorator.py
[2025-05-14T23:20:47.191-0400] {processor.py:925} INFO - DAG(s) 'example_short_circuit_decorator' retrieved from /home/aangava/MSP/airflow_venv/lib/python3.12/site-packages/airflow/example_dags/example_short_circuit_decorator.py
[2025-05-14T23:20:47.209-0400] {logging_mixin.py:190} INFO - [2025-05-14T23:20:47.209-0400] {dag.py:3239} INFO - Sync 1 DAGs
[2025-05-14T23:20:47.221-0400] {logging_mixin.py:190} INFO - [2025-05-14T23:20:47.220-0400] {dag.py:4180} INFO - Setting next_dagrun for example_short_circuit_decorator to None, run_after=None
[2025-05-14T23:20:47.245-0400] {processor.py:208} INFO - Processing /home/aangava/MSP/airflow_venv/lib/python3.12/site-packages/airflow/example_dags/example_short_circuit_decorator.py took 0.092 seconds
[2025-05-14T23:21:49.886-0400] {processor.py:186} INFO - Started process (PID=50676) to work on /home/aangava/MSP/airflow_venv/lib/python3.12/site-packages/airflow/example_dags/example_short_circuit_decorator.py
[2025-05-14T23:21:49.898-0400] {processor.py:914} INFO - Processing file /home/aangava/MSP/airflow_venv/lib/python3.12/site-packages/airflow/example_dags/example_short_circuit_decorator.py for tasks to queue
[2025-05-14T23:21:49.902-0400] {logging_mixin.py:190} INFO - [2025-05-14T23:21:49.901-0400] {dagbag.py:588} INFO - Filling up the DagBag from /home/aangava/MSP/airflow_venv/lib/python3.12/site-packages/airflow/example_dags/example_short_circuit_decorator.py
[2025-05-14T23:21:49.916-0400] {processor.py:925} INFO - DAG(s) 'example_short_circuit_decorator' retrieved from /home/aangava/MSP/airflow_venv/lib/python3.12/site-packages/airflow/example_dags/example_short_circuit_decorator.py
[2025-05-14T23:21:49.938-0400] {logging_mixin.py:190} INFO - [2025-05-14T23:21:49.938-0400] {dag.py:3239} INFO - Sync 1 DAGs
[2025-05-14T23:21:49.949-0400] {logging_mixin.py:190} INFO - [2025-05-14T23:21:49.949-0400] {dag.py:4180} INFO - Setting next_dagrun for example_short_circuit_decorator to None, run_after=None
[2025-05-14T23:21:49.972-0400] {processor.py:208} INFO - Processing /home/aangava/MSP/airflow_venv/lib/python3.12/site-packages/airflow/example_dags/example_short_circuit_decorator.py took 0.098 seconds
[2025-05-14T23:24:20.069-0400] {processor.py:186} INFO - Started process (PID=50951) to work on /home/aangava/MSP/airflow_venv/lib/python3.12/site-packages/airflow/example_dags/example_short_circuit_decorator.py
[2025-05-14T23:24:20.072-0400] {processor.py:914} INFO - Processing file /home/aangava/MSP/airflow_venv/lib/python3.12/site-packages/airflow/example_dags/example_short_circuit_decorator.py for tasks to queue
[2025-05-14T23:24:20.075-0400] {logging_mixin.py:190} INFO - [2025-05-14T23:24:20.074-0400] {dagbag.py:588} INFO - Filling up the DagBag from /home/aangava/MSP/airflow_venv/lib/python3.12/site-packages/airflow/example_dags/example_short_circuit_decorator.py
[2025-05-14T23:24:20.088-0400] {processor.py:925} INFO - DAG(s) 'example_short_circuit_decorator' retrieved from /home/aangava/MSP/airflow_venv/lib/python3.12/site-packages/airflow/example_dags/example_short_circuit_decorator.py
[2025-05-14T23:24:20.109-0400] {logging_mixin.py:190} INFO - [2025-05-14T23:24:20.108-0400] {dag.py:3239} INFO - Sync 1 DAGs
[2025-05-14T23:24:20.122-0400] {logging_mixin.py:190} INFO - [2025-05-14T23:24:20.121-0400] {dag.py:4180} INFO - Setting next_dagrun for example_short_circuit_decorator to None, run_after=None
[2025-05-14T23:24:20.148-0400] {processor.py:208} INFO - Processing /home/aangava/MSP/airflow_venv/lib/python3.12/site-packages/airflow/example_dags/example_short_circuit_decorator.py took 0.087 seconds
[2025-05-14T23:25:35.562-0400] {processor.py:186} INFO - Started process (PID=51247) to work on /home/aangava/MSP/airflow_venv/lib/python3.12/site-packages/airflow/example_dags/example_short_circuit_decorator.py
[2025-05-14T23:25:35.574-0400] {processor.py:914} INFO - Processing file /home/aangava/MSP/airflow_venv/lib/python3.12/site-packages/airflow/example_dags/example_short_circuit_decorator.py for tasks to queue
[2025-05-14T23:25:35.577-0400] {logging_mixin.py:190} INFO - [2025-05-14T23:25:35.576-0400] {dagbag.py:588} INFO - Filling up the DagBag from /home/aangava/MSP/airflow_venv/lib/python3.12/site-packages/airflow/example_dags/example_short_circuit_decorator.py
[2025-05-14T23:25:35.589-0400] {processor.py:925} INFO - DAG(s) 'example_short_circuit_decorator' retrieved from /home/aangava/MSP/airflow_venv/lib/python3.12/site-packages/airflow/example_dags/example_short_circuit_decorator.py
[2025-05-14T23:25:35.606-0400] {logging_mixin.py:190} INFO - [2025-05-14T23:25:35.606-0400] {dag.py:3239} INFO - Sync 1 DAGs
[2025-05-14T23:25:35.621-0400] {logging_mixin.py:190} INFO - [2025-05-14T23:25:35.620-0400] {dag.py:4180} INFO - Setting next_dagrun for example_short_circuit_decorator to None, run_after=None
[2025-05-14T23:25:35.643-0400] {processor.py:208} INFO - Processing /home/aangava/MSP/airflow_venv/lib/python3.12/site-packages/airflow/example_dags/example_short_circuit_decorator.py took 0.092 seconds
[2025-05-14T23:26:37.708-0400] {processor.py:186} INFO - Started process (PID=51489) to work on /home/aangava/MSP/airflow_venv/lib/python3.12/site-packages/airflow/example_dags/example_short_circuit_decorator.py
[2025-05-14T23:26:37.720-0400] {processor.py:914} INFO - Processing file /home/aangava/MSP/airflow_venv/lib/python3.12/site-packages/airflow/example_dags/example_short_circuit_decorator.py for tasks to queue
[2025-05-14T23:26:37.723-0400] {logging_mixin.py:190} INFO - [2025-05-14T23:26:37.722-0400] {dagbag.py:588} INFO - Filling up the DagBag from /home/aangava/MSP/airflow_venv/lib/python3.12/site-packages/airflow/example_dags/example_short_circuit_decorator.py
[2025-05-14T23:26:37.736-0400] {processor.py:925} INFO - DAG(s) 'example_short_circuit_decorator' retrieved from /home/aangava/MSP/airflow_venv/lib/python3.12/site-packages/airflow/example_dags/example_short_circuit_decorator.py
[2025-05-14T23:26:37.760-0400] {logging_mixin.py:190} INFO - [2025-05-14T23:26:37.759-0400] {dag.py:3239} INFO - Sync 1 DAGs
[2025-05-14T23:26:37.779-0400] {logging_mixin.py:190} INFO - [2025-05-14T23:26:37.779-0400] {dag.py:4180} INFO - Setting next_dagrun for example_short_circuit_decorator to None, run_after=None
[2025-05-14T23:26:37.974-0400] {processor.py:208} INFO - Processing /home/aangava/MSP/airflow_venv/lib/python3.12/site-packages/airflow/example_dags/example_short_circuit_decorator.py took 0.274 seconds
[2025-05-14T23:28:20.145-0400] {processor.py:186} INFO - Started process (PID=51808) to work on /home/aangava/MSP/airflow_venv/lib/python3.12/site-packages/airflow/example_dags/example_short_circuit_decorator.py
[2025-05-14T23:28:20.156-0400] {processor.py:914} INFO - Processing file /home/aangava/MSP/airflow_venv/lib/python3.12/site-packages/airflow/example_dags/example_short_circuit_decorator.py for tasks to queue
[2025-05-14T23:28:20.158-0400] {logging_mixin.py:190} INFO - [2025-05-14T23:28:20.157-0400] {dagbag.py:588} INFO - Filling up the DagBag from /home/aangava/MSP/airflow_venv/lib/python3.12/site-packages/airflow/example_dags/example_short_circuit_decorator.py
[2025-05-14T23:28:20.177-0400] {processor.py:925} INFO - DAG(s) 'example_short_circuit_decorator' retrieved from /home/aangava/MSP/airflow_venv/lib/python3.12/site-packages/airflow/example_dags/example_short_circuit_decorator.py
[2025-05-14T23:28:20.204-0400] {logging_mixin.py:190} INFO - [2025-05-14T23:28:20.204-0400] {dag.py:3239} INFO - Sync 1 DAGs
[2025-05-14T23:28:20.217-0400] {logging_mixin.py:190} INFO - [2025-05-14T23:28:20.217-0400] {dag.py:4180} INFO - Setting next_dagrun for example_short_circuit_decorator to None, run_after=None
[2025-05-14T23:28:20.245-0400] {processor.py:208} INFO - Processing /home/aangava/MSP/airflow_venv/lib/python3.12/site-packages/airflow/example_dags/example_short_circuit_decorator.py took 0.108 seconds
[2025-05-14T23:29:47.674-0400] {processor.py:186} INFO - Started process (PID=52153) to work on /home/aangava/MSP/airflow_venv/lib/python3.12/site-packages/airflow/example_dags/example_short_circuit_decorator.py
[2025-05-14T23:29:47.676-0400] {processor.py:914} INFO - Processing file /home/aangava/MSP/airflow_venv/lib/python3.12/site-packages/airflow/example_dags/example_short_circuit_decorator.py for tasks to queue
[2025-05-14T23:29:47.677-0400] {logging_mixin.py:190} INFO - [2025-05-14T23:29:47.677-0400] {dagbag.py:588} INFO - Filling up the DagBag from /home/aangava/MSP/airflow_venv/lib/python3.12/site-packages/airflow/example_dags/example_short_circuit_decorator.py
[2025-05-14T23:29:47.685-0400] {processor.py:925} INFO - DAG(s) 'example_short_circuit_decorator' retrieved from /home/aangava/MSP/airflow_venv/lib/python3.12/site-packages/airflow/example_dags/example_short_circuit_decorator.py
[2025-05-14T23:29:47.699-0400] {logging_mixin.py:190} INFO - [2025-05-14T23:29:47.698-0400] {dag.py:3239} INFO - Sync 1 DAGs
[2025-05-14T23:29:47.859-0400] {logging_mixin.py:190} INFO - [2025-05-14T23:29:47.859-0400] {dag.py:4180} INFO - Setting next_dagrun for example_short_circuit_decorator to None, run_after=None
[2025-05-14T23:29:47.877-0400] {processor.py:208} INFO - Processing /home/aangava/MSP/airflow_venv/lib/python3.12/site-packages/airflow/example_dags/example_short_circuit_decorator.py took 0.207 seconds
[2025-05-14T23:30:51.910-0400] {processor.py:186} INFO - Started process (PID=52408) to work on /home/aangava/MSP/airflow_venv/lib/python3.12/site-packages/airflow/example_dags/example_short_circuit_decorator.py
[2025-05-14T23:30:51.923-0400] {processor.py:914} INFO - Processing file /home/aangava/MSP/airflow_venv/lib/python3.12/site-packages/airflow/example_dags/example_short_circuit_decorator.py for tasks to queue
[2025-05-14T23:30:51.925-0400] {logging_mixin.py:190} INFO - [2025-05-14T23:30:51.924-0400] {dagbag.py:588} INFO - Filling up the DagBag from /home/aangava/MSP/airflow_venv/lib/python3.12/site-packages/airflow/example_dags/example_short_circuit_decorator.py
[2025-05-14T23:30:51.938-0400] {processor.py:925} INFO - DAG(s) 'example_short_circuit_decorator' retrieved from /home/aangava/MSP/airflow_venv/lib/python3.12/site-packages/airflow/example_dags/example_short_circuit_decorator.py
[2025-05-14T23:30:51.959-0400] {logging_mixin.py:190} INFO - [2025-05-14T23:30:51.959-0400] {dag.py:3239} INFO - Sync 1 DAGs
[2025-05-14T23:30:51.971-0400] {logging_mixin.py:190} INFO - [2025-05-14T23:30:51.970-0400] {dag.py:4180} INFO - Setting next_dagrun for example_short_circuit_decorator to None, run_after=None
[2025-05-14T23:30:52.145-0400] {processor.py:208} INFO - Processing /home/aangava/MSP/airflow_venv/lib/python3.12/site-packages/airflow/example_dags/example_short_circuit_decorator.py took 0.244 seconds
[2025-05-14T23:32:03.904-0400] {processor.py:186} INFO - Started process (PID=52685) to work on /home/aangava/MSP/airflow_venv/lib/python3.12/site-packages/airflow/example_dags/example_short_circuit_decorator.py
[2025-05-14T23:32:03.917-0400] {processor.py:914} INFO - Processing file /home/aangava/MSP/airflow_venv/lib/python3.12/site-packages/airflow/example_dags/example_short_circuit_decorator.py for tasks to queue
[2025-05-14T23:32:03.921-0400] {logging_mixin.py:190} INFO - [2025-05-14T23:32:03.920-0400] {dagbag.py:588} INFO - Filling up the DagBag from /home/aangava/MSP/airflow_venv/lib/python3.12/site-packages/airflow/example_dags/example_short_circuit_decorator.py
[2025-05-14T23:32:03.936-0400] {processor.py:925} INFO - DAG(s) 'example_short_circuit_decorator' retrieved from /home/aangava/MSP/airflow_venv/lib/python3.12/site-packages/airflow/example_dags/example_short_circuit_decorator.py
[2025-05-14T23:32:03.959-0400] {logging_mixin.py:190} INFO - [2025-05-14T23:32:03.959-0400] {dag.py:3239} INFO - Sync 1 DAGs
[2025-05-14T23:32:03.971-0400] {logging_mixin.py:190} INFO - [2025-05-14T23:32:03.971-0400] {dag.py:4180} INFO - Setting next_dagrun for example_short_circuit_decorator to None, run_after=None
[2025-05-14T23:32:03.996-0400] {processor.py:208} INFO - Processing /home/aangava/MSP/airflow_venv/lib/python3.12/site-packages/airflow/example_dags/example_short_circuit_decorator.py took 0.102 seconds
[2025-05-14T23:33:14.181-0400] {processor.py:186} INFO - Started process (PID=52966) to work on /home/aangava/MSP/airflow_venv/lib/python3.12/site-packages/airflow/example_dags/example_short_circuit_decorator.py
[2025-05-14T23:33:14.195-0400] {processor.py:914} INFO - Processing file /home/aangava/MSP/airflow_venv/lib/python3.12/site-packages/airflow/example_dags/example_short_circuit_decorator.py for tasks to queue
[2025-05-14T23:33:14.199-0400] {logging_mixin.py:190} INFO - [2025-05-14T23:33:14.198-0400] {dagbag.py:588} INFO - Filling up the DagBag from /home/aangava/MSP/airflow_venv/lib/python3.12/site-packages/airflow/example_dags/example_short_circuit_decorator.py
[2025-05-14T23:33:14.213-0400] {processor.py:925} INFO - DAG(s) 'example_short_circuit_decorator' retrieved from /home/aangava/MSP/airflow_venv/lib/python3.12/site-packages/airflow/example_dags/example_short_circuit_decorator.py
[2025-05-14T23:33:14.239-0400] {logging_mixin.py:190} INFO - [2025-05-14T23:33:14.238-0400] {dag.py:3239} INFO - Sync 1 DAGs
[2025-05-14T23:33:14.252-0400] {logging_mixin.py:190} INFO - [2025-05-14T23:33:14.251-0400] {dag.py:4180} INFO - Setting next_dagrun for example_short_circuit_decorator to None, run_after=None
[2025-05-14T23:33:14.277-0400] {processor.py:208} INFO - Processing /home/aangava/MSP/airflow_venv/lib/python3.12/site-packages/airflow/example_dags/example_short_circuit_decorator.py took 0.113 seconds
[2025-05-14T23:39:29.847-0400] {processor.py:186} INFO - Started process (PID=53264) to work on /home/aangava/MSP/airflow_venv/lib/python3.12/site-packages/airflow/example_dags/example_short_circuit_decorator.py
[2025-05-14T23:39:29.850-0400] {processor.py:914} INFO - Processing file /home/aangava/MSP/airflow_venv/lib/python3.12/site-packages/airflow/example_dags/example_short_circuit_decorator.py for tasks to queue
[2025-05-14T23:39:29.853-0400] {logging_mixin.py:190} INFO - [2025-05-14T23:39:29.852-0400] {dagbag.py:588} INFO - Filling up the DagBag from /home/aangava/MSP/airflow_venv/lib/python3.12/site-packages/airflow/example_dags/example_short_circuit_decorator.py
[2025-05-14T23:39:29.865-0400] {processor.py:925} INFO - DAG(s) 'example_short_circuit_decorator' retrieved from /home/aangava/MSP/airflow_venv/lib/python3.12/site-packages/airflow/example_dags/example_short_circuit_decorator.py
[2025-05-14T23:39:29.889-0400] {logging_mixin.py:190} INFO - [2025-05-14T23:39:29.889-0400] {dag.py:3239} INFO - Sync 1 DAGs
[2025-05-14T23:39:29.903-0400] {logging_mixin.py:190} INFO - [2025-05-14T23:39:29.903-0400] {dag.py:4180} INFO - Setting next_dagrun for example_short_circuit_decorator to None, run_after=None
[2025-05-14T23:39:29.928-0400] {processor.py:208} INFO - Processing /home/aangava/MSP/airflow_venv/lib/python3.12/site-packages/airflow/example_dags/example_short_circuit_decorator.py took 0.098 seconds
[2025-05-14T23:40:52.091-0400] {processor.py:186} INFO - Started process (PID=53585) to work on /home/aangava/MSP/airflow_venv/lib/python3.12/site-packages/airflow/example_dags/example_short_circuit_decorator.py
[2025-05-14T23:40:52.103-0400] {processor.py:914} INFO - Processing file /home/aangava/MSP/airflow_venv/lib/python3.12/site-packages/airflow/example_dags/example_short_circuit_decorator.py for tasks to queue
[2025-05-14T23:40:52.105-0400] {logging_mixin.py:190} INFO - [2025-05-14T23:40:52.105-0400] {dagbag.py:588} INFO - Filling up the DagBag from /home/aangava/MSP/airflow_venv/lib/python3.12/site-packages/airflow/example_dags/example_short_circuit_decorator.py
[2025-05-14T23:40:52.116-0400] {processor.py:925} INFO - DAG(s) 'example_short_circuit_decorator' retrieved from /home/aangava/MSP/airflow_venv/lib/python3.12/site-packages/airflow/example_dags/example_short_circuit_decorator.py
[2025-05-14T23:40:52.139-0400] {logging_mixin.py:190} INFO - [2025-05-14T23:40:52.138-0400] {dag.py:3239} INFO - Sync 1 DAGs
[2025-05-14T23:40:52.157-0400] {logging_mixin.py:190} INFO - [2025-05-14T23:40:52.157-0400] {dag.py:4180} INFO - Setting next_dagrun for example_short_circuit_decorator to None, run_after=None
[2025-05-14T23:40:52.184-0400] {processor.py:208} INFO - Processing /home/aangava/MSP/airflow_venv/lib/python3.12/site-packages/airflow/example_dags/example_short_circuit_decorator.py took 0.099 seconds
[2025-05-14T23:41:52.937-0400] {processor.py:186} INFO - Started process (PID=53822) to work on /home/aangava/MSP/airflow_venv/lib/python3.12/site-packages/airflow/example_dags/example_short_circuit_decorator.py
[2025-05-14T23:41:52.949-0400] {processor.py:914} INFO - Processing file /home/aangava/MSP/airflow_venv/lib/python3.12/site-packages/airflow/example_dags/example_short_circuit_decorator.py for tasks to queue
[2025-05-14T23:41:52.952-0400] {logging_mixin.py:190} INFO - [2025-05-14T23:41:52.951-0400] {dagbag.py:588} INFO - Filling up the DagBag from /home/aangava/MSP/airflow_venv/lib/python3.12/site-packages/airflow/example_dags/example_short_circuit_decorator.py
[2025-05-14T23:41:52.965-0400] {processor.py:925} INFO - DAG(s) 'example_short_circuit_decorator' retrieved from /home/aangava/MSP/airflow_venv/lib/python3.12/site-packages/airflow/example_dags/example_short_circuit_decorator.py
[2025-05-14T23:41:52.989-0400] {logging_mixin.py:190} INFO - [2025-05-14T23:41:52.988-0400] {dag.py:3239} INFO - Sync 1 DAGs
[2025-05-14T23:41:53.000-0400] {logging_mixin.py:190} INFO - [2025-05-14T23:41:53.000-0400] {dag.py:4180} INFO - Setting next_dagrun for example_short_circuit_decorator to None, run_after=None
[2025-05-14T23:41:53.030-0400] {processor.py:208} INFO - Processing /home/aangava/MSP/airflow_venv/lib/python3.12/site-packages/airflow/example_dags/example_short_circuit_decorator.py took 0.103 seconds
[2025-05-14T23:42:57.699-0400] {processor.py:186} INFO - Started process (PID=54083) to work on /home/aangava/MSP/airflow_venv/lib/python3.12/site-packages/airflow/example_dags/example_short_circuit_decorator.py
[2025-05-14T23:42:57.713-0400] {processor.py:914} INFO - Processing file /home/aangava/MSP/airflow_venv/lib/python3.12/site-packages/airflow/example_dags/example_short_circuit_decorator.py for tasks to queue
[2025-05-14T23:42:57.716-0400] {logging_mixin.py:190} INFO - [2025-05-14T23:42:57.715-0400] {dagbag.py:588} INFO - Filling up the DagBag from /home/aangava/MSP/airflow_venv/lib/python3.12/site-packages/airflow/example_dags/example_short_circuit_decorator.py
[2025-05-14T23:42:57.729-0400] {processor.py:925} INFO - DAG(s) 'example_short_circuit_decorator' retrieved from /home/aangava/MSP/airflow_venv/lib/python3.12/site-packages/airflow/example_dags/example_short_circuit_decorator.py
[2025-05-14T23:42:57.748-0400] {logging_mixin.py:190} INFO - [2025-05-14T23:42:57.748-0400] {dag.py:3239} INFO - Sync 1 DAGs
[2025-05-14T23:42:57.760-0400] {logging_mixin.py:190} INFO - [2025-05-14T23:42:57.760-0400] {dag.py:4180} INFO - Setting next_dagrun for example_short_circuit_decorator to None, run_after=None
[2025-05-14T23:42:57.782-0400] {processor.py:208} INFO - Processing /home/aangava/MSP/airflow_venv/lib/python3.12/site-packages/airflow/example_dags/example_short_circuit_decorator.py took 0.091 seconds
[2025-05-15T13:39:21.684-0400] {processor.py:186} INFO - Started process (PID=54479) to work on /home/aangava/MSP/airflow_venv/lib/python3.12/site-packages/airflow/example_dags/example_short_circuit_decorator.py
[2025-05-15T13:39:21.699-0400] {processor.py:914} INFO - Processing file /home/aangava/MSP/airflow_venv/lib/python3.12/site-packages/airflow/example_dags/example_short_circuit_decorator.py for tasks to queue
[2025-05-15T13:39:21.706-0400] {logging_mixin.py:190} INFO - [2025-05-15T13:39:21.704-0400] {dagbag.py:588} INFO - Filling up the DagBag from /home/aangava/MSP/airflow_venv/lib/python3.12/site-packages/airflow/example_dags/example_short_circuit_decorator.py
[2025-05-15T13:39:21.733-0400] {processor.py:925} INFO - DAG(s) 'example_short_circuit_decorator' retrieved from /home/aangava/MSP/airflow_venv/lib/python3.12/site-packages/airflow/example_dags/example_short_circuit_decorator.py
[2025-05-15T13:39:21.792-0400] {logging_mixin.py:190} INFO - [2025-05-15T13:39:21.791-0400] {dag.py:3239} INFO - Sync 1 DAGs
[2025-05-15T13:39:21.846-0400] {logging_mixin.py:190} INFO - [2025-05-15T13:39:21.845-0400] {dag.py:4180} INFO - Setting next_dagrun for example_short_circuit_decorator to None, run_after=None
[2025-05-15T13:39:21.914-0400] {processor.py:208} INFO - Processing /home/aangava/MSP/airflow_venv/lib/python3.12/site-packages/airflow/example_dags/example_short_circuit_decorator.py took 0.250 seconds
[2025-05-15T13:40:25.658-0400] {processor.py:186} INFO - Started process (PID=54727) to work on /home/aangava/MSP/airflow_venv/lib/python3.12/site-packages/airflow/example_dags/example_short_circuit_decorator.py
[2025-05-15T13:40:25.669-0400] {processor.py:914} INFO - Processing file /home/aangava/MSP/airflow_venv/lib/python3.12/site-packages/airflow/example_dags/example_short_circuit_decorator.py for tasks to queue
[2025-05-15T13:40:25.672-0400] {logging_mixin.py:190} INFO - [2025-05-15T13:40:25.672-0400] {dagbag.py:588} INFO - Filling up the DagBag from /home/aangava/MSP/airflow_venv/lib/python3.12/site-packages/airflow/example_dags/example_short_circuit_decorator.py
[2025-05-15T13:40:25.691-0400] {processor.py:925} INFO - DAG(s) 'example_short_circuit_decorator' retrieved from /home/aangava/MSP/airflow_venv/lib/python3.12/site-packages/airflow/example_dags/example_short_circuit_decorator.py
[2025-05-15T13:40:25.715-0400] {logging_mixin.py:190} INFO - [2025-05-15T13:40:25.715-0400] {dag.py:3239} INFO - Sync 1 DAGs
[2025-05-15T13:40:25.726-0400] {logging_mixin.py:190} INFO - [2025-05-15T13:40:25.726-0400] {dag.py:4180} INFO - Setting next_dagrun for example_short_circuit_decorator to None, run_after=None
[2025-05-15T13:40:25.752-0400] {processor.py:208} INFO - Processing /home/aangava/MSP/airflow_venv/lib/python3.12/site-packages/airflow/example_dags/example_short_circuit_decorator.py took 0.105 seconds
[2025-05-15T13:41:33.096-0400] {processor.py:186} INFO - Started process (PID=54989) to work on /home/aangava/MSP/airflow_venv/lib/python3.12/site-packages/airflow/example_dags/example_short_circuit_decorator.py
[2025-05-15T13:41:33.108-0400] {processor.py:914} INFO - Processing file /home/aangava/MSP/airflow_venv/lib/python3.12/site-packages/airflow/example_dags/example_short_circuit_decorator.py for tasks to queue
[2025-05-15T13:41:33.110-0400] {logging_mixin.py:190} INFO - [2025-05-15T13:41:33.110-0400] {dagbag.py:588} INFO - Filling up the DagBag from /home/aangava/MSP/airflow_venv/lib/python3.12/site-packages/airflow/example_dags/example_short_circuit_decorator.py
[2025-05-15T13:41:33.125-0400] {processor.py:925} INFO - DAG(s) 'example_short_circuit_decorator' retrieved from /home/aangava/MSP/airflow_venv/lib/python3.12/site-packages/airflow/example_dags/example_short_circuit_decorator.py
[2025-05-15T13:41:33.150-0400] {logging_mixin.py:190} INFO - [2025-05-15T13:41:33.150-0400] {dag.py:3239} INFO - Sync 1 DAGs
[2025-05-15T13:41:33.166-0400] {logging_mixin.py:190} INFO - [2025-05-15T13:41:33.166-0400] {dag.py:4180} INFO - Setting next_dagrun for example_short_circuit_decorator to None, run_after=None
[2025-05-15T13:41:33.194-0400] {processor.py:208} INFO - Processing /home/aangava/MSP/airflow_venv/lib/python3.12/site-packages/airflow/example_dags/example_short_circuit_decorator.py took 0.109 seconds
[2025-05-15T13:42:36.098-0400] {processor.py:186} INFO - Started process (PID=55237) to work on /home/aangava/MSP/airflow_venv/lib/python3.12/site-packages/airflow/example_dags/example_short_circuit_decorator.py
[2025-05-15T13:42:36.110-0400] {processor.py:914} INFO - Processing file /home/aangava/MSP/airflow_venv/lib/python3.12/site-packages/airflow/example_dags/example_short_circuit_decorator.py for tasks to queue
[2025-05-15T13:42:36.113-0400] {logging_mixin.py:190} INFO - [2025-05-15T13:42:36.112-0400] {dagbag.py:588} INFO - Filling up the DagBag from /home/aangava/MSP/airflow_venv/lib/python3.12/site-packages/airflow/example_dags/example_short_circuit_decorator.py
[2025-05-15T13:42:36.129-0400] {processor.py:925} INFO - DAG(s) 'example_short_circuit_decorator' retrieved from /home/aangava/MSP/airflow_venv/lib/python3.12/site-packages/airflow/example_dags/example_short_circuit_decorator.py
[2025-05-15T13:42:36.154-0400] {logging_mixin.py:190} INFO - [2025-05-15T13:42:36.154-0400] {dag.py:3239} INFO - Sync 1 DAGs
[2025-05-15T13:42:36.169-0400] {logging_mixin.py:190} INFO - [2025-05-15T13:42:36.168-0400] {dag.py:4180} INFO - Setting next_dagrun for example_short_circuit_decorator to None, run_after=None
[2025-05-15T13:42:36.200-0400] {processor.py:208} INFO - Processing /home/aangava/MSP/airflow_venv/lib/python3.12/site-packages/airflow/example_dags/example_short_circuit_decorator.py took 0.115 seconds
[2025-05-15T13:43:38.005-0400] {processor.py:186} INFO - Started process (PID=55478) to work on /home/aangava/MSP/airflow_venv/lib/python3.12/site-packages/airflow/example_dags/example_short_circuit_decorator.py
[2025-05-15T13:43:38.018-0400] {processor.py:914} INFO - Processing file /home/aangava/MSP/airflow_venv/lib/python3.12/site-packages/airflow/example_dags/example_short_circuit_decorator.py for tasks to queue
[2025-05-15T13:43:38.021-0400] {logging_mixin.py:190} INFO - [2025-05-15T13:43:38.020-0400] {dagbag.py:588} INFO - Filling up the DagBag from /home/aangava/MSP/airflow_venv/lib/python3.12/site-packages/airflow/example_dags/example_short_circuit_decorator.py
[2025-05-15T13:43:38.035-0400] {processor.py:925} INFO - DAG(s) 'example_short_circuit_decorator' retrieved from /home/aangava/MSP/airflow_venv/lib/python3.12/site-packages/airflow/example_dags/example_short_circuit_decorator.py
[2025-05-15T13:43:38.057-0400] {logging_mixin.py:190} INFO - [2025-05-15T13:43:38.056-0400] {dag.py:3239} INFO - Sync 1 DAGs
[2025-05-15T13:43:38.069-0400] {logging_mixin.py:190} INFO - [2025-05-15T13:43:38.068-0400] {dag.py:4180} INFO - Setting next_dagrun for example_short_circuit_decorator to None, run_after=None
[2025-05-15T13:43:38.093-0400] {processor.py:208} INFO - Processing /home/aangava/MSP/airflow_venv/lib/python3.12/site-packages/airflow/example_dags/example_short_circuit_decorator.py took 0.099 seconds
[2025-05-15T13:44:37.028-0400] {processor.py:186} INFO - Started process (PID=55699) to work on /home/aangava/MSP/airflow_venv/lib/python3.12/site-packages/airflow/example_dags/example_short_circuit_decorator.py
[2025-05-15T13:44:37.041-0400] {processor.py:914} INFO - Processing file /home/aangava/MSP/airflow_venv/lib/python3.12/site-packages/airflow/example_dags/example_short_circuit_decorator.py for tasks to queue
[2025-05-15T13:44:37.044-0400] {logging_mixin.py:190} INFO - [2025-05-15T13:44:37.043-0400] {dagbag.py:588} INFO - Filling up the DagBag from /home/aangava/MSP/airflow_venv/lib/python3.12/site-packages/airflow/example_dags/example_short_circuit_decorator.py
[2025-05-15T13:44:37.063-0400] {processor.py:925} INFO - DAG(s) 'example_short_circuit_decorator' retrieved from /home/aangava/MSP/airflow_venv/lib/python3.12/site-packages/airflow/example_dags/example_short_circuit_decorator.py
[2025-05-15T13:44:37.086-0400] {logging_mixin.py:190} INFO - [2025-05-15T13:44:37.086-0400] {dag.py:3239} INFO - Sync 1 DAGs
[2025-05-15T13:44:37.105-0400] {logging_mixin.py:190} INFO - [2025-05-15T13:44:37.104-0400] {dag.py:4180} INFO - Setting next_dagrun for example_short_circuit_decorator to None, run_after=None
[2025-05-15T13:44:37.135-0400] {processor.py:208} INFO - Processing /home/aangava/MSP/airflow_venv/lib/python3.12/site-packages/airflow/example_dags/example_short_circuit_decorator.py took 0.119 seconds
[2025-05-15T13:45:41.489-0400] {processor.py:186} INFO - Started process (PID=55947) to work on /home/aangava/MSP/airflow_venv/lib/python3.12/site-packages/airflow/example_dags/example_short_circuit_decorator.py
[2025-05-15T13:45:41.500-0400] {processor.py:914} INFO - Processing file /home/aangava/MSP/airflow_venv/lib/python3.12/site-packages/airflow/example_dags/example_short_circuit_decorator.py for tasks to queue
[2025-05-15T13:45:41.502-0400] {logging_mixin.py:190} INFO - [2025-05-15T13:45:41.502-0400] {dagbag.py:588} INFO - Filling up the DagBag from /home/aangava/MSP/airflow_venv/lib/python3.12/site-packages/airflow/example_dags/example_short_circuit_decorator.py
[2025-05-15T13:45:41.517-0400] {processor.py:925} INFO - DAG(s) 'example_short_circuit_decorator' retrieved from /home/aangava/MSP/airflow_venv/lib/python3.12/site-packages/airflow/example_dags/example_short_circuit_decorator.py
[2025-05-15T13:45:41.548-0400] {logging_mixin.py:190} INFO - [2025-05-15T13:45:41.548-0400] {dag.py:3239} INFO - Sync 1 DAGs
[2025-05-15T13:45:41.564-0400] {logging_mixin.py:190} INFO - [2025-05-15T13:45:41.564-0400] {dag.py:4180} INFO - Setting next_dagrun for example_short_circuit_decorator to None, run_after=None
[2025-05-15T13:45:41.594-0400] {processor.py:208} INFO - Processing /home/aangava/MSP/airflow_venv/lib/python3.12/site-packages/airflow/example_dags/example_short_circuit_decorator.py took 0.114 seconds
[2025-05-15T13:46:43.020-0400] {processor.py:186} INFO - Started process (PID=56183) to work on /home/aangava/MSP/airflow_venv/lib/python3.12/site-packages/airflow/example_dags/example_short_circuit_decorator.py
[2025-05-15T13:46:43.032-0400] {processor.py:914} INFO - Processing file /home/aangava/MSP/airflow_venv/lib/python3.12/site-packages/airflow/example_dags/example_short_circuit_decorator.py for tasks to queue
[2025-05-15T13:46:43.035-0400] {logging_mixin.py:190} INFO - [2025-05-15T13:46:43.034-0400] {dagbag.py:588} INFO - Filling up the DagBag from /home/aangava/MSP/airflow_venv/lib/python3.12/site-packages/airflow/example_dags/example_short_circuit_decorator.py
[2025-05-15T13:46:43.050-0400] {processor.py:925} INFO - DAG(s) 'example_short_circuit_decorator' retrieved from /home/aangava/MSP/airflow_venv/lib/python3.12/site-packages/airflow/example_dags/example_short_circuit_decorator.py
[2025-05-15T13:46:43.080-0400] {logging_mixin.py:190} INFO - [2025-05-15T13:46:43.080-0400] {dag.py:3239} INFO - Sync 1 DAGs
[2025-05-15T13:46:43.097-0400] {logging_mixin.py:190} INFO - [2025-05-15T13:46:43.097-0400] {dag.py:4180} INFO - Setting next_dagrun for example_short_circuit_decorator to None, run_after=None
[2025-05-15T13:46:43.127-0400] {processor.py:208} INFO - Processing /home/aangava/MSP/airflow_venv/lib/python3.12/site-packages/airflow/example_dags/example_short_circuit_decorator.py took 0.116 seconds
[2025-05-15T13:47:47.638-0400] {processor.py:186} INFO - Started process (PID=56438) to work on /home/aangava/MSP/airflow_venv/lib/python3.12/site-packages/airflow/example_dags/example_short_circuit_decorator.py
[2025-05-15T13:47:47.649-0400] {processor.py:914} INFO - Processing file /home/aangava/MSP/airflow_venv/lib/python3.12/site-packages/airflow/example_dags/example_short_circuit_decorator.py for tasks to queue
[2025-05-15T13:47:47.652-0400] {logging_mixin.py:190} INFO - [2025-05-15T13:47:47.651-0400] {dagbag.py:588} INFO - Filling up the DagBag from /home/aangava/MSP/airflow_venv/lib/python3.12/site-packages/airflow/example_dags/example_short_circuit_decorator.py
[2025-05-15T13:47:47.667-0400] {processor.py:925} INFO - DAG(s) 'example_short_circuit_decorator' retrieved from /home/aangava/MSP/airflow_venv/lib/python3.12/site-packages/airflow/example_dags/example_short_circuit_decorator.py
[2025-05-15T13:47:47.690-0400] {logging_mixin.py:190} INFO - [2025-05-15T13:47:47.690-0400] {dag.py:3239} INFO - Sync 1 DAGs
[2025-05-15T13:47:47.701-0400] {logging_mixin.py:190} INFO - [2025-05-15T13:47:47.701-0400] {dag.py:4180} INFO - Setting next_dagrun for example_short_circuit_decorator to None, run_after=None
[2025-05-15T13:47:47.726-0400] {processor.py:208} INFO - Processing /home/aangava/MSP/airflow_venv/lib/python3.12/site-packages/airflow/example_dags/example_short_circuit_decorator.py took 0.099 seconds
[2025-05-15T13:58:59.542-0400] {processor.py:186} INFO - Started process (PID=56799) to work on /home/aangava/MSP/airflow_venv/lib/python3.12/site-packages/airflow/example_dags/example_short_circuit_decorator.py
[2025-05-15T13:58:59.554-0400] {processor.py:914} INFO - Processing file /home/aangava/MSP/airflow_venv/lib/python3.12/site-packages/airflow/example_dags/example_short_circuit_decorator.py for tasks to queue
[2025-05-15T13:58:59.556-0400] {logging_mixin.py:190} INFO - [2025-05-15T13:58:59.556-0400] {dagbag.py:588} INFO - Filling up the DagBag from /home/aangava/MSP/airflow_venv/lib/python3.12/site-packages/airflow/example_dags/example_short_circuit_decorator.py
[2025-05-15T13:58:59.570-0400] {processor.py:925} INFO - DAG(s) 'example_short_circuit_decorator' retrieved from /home/aangava/MSP/airflow_venv/lib/python3.12/site-packages/airflow/example_dags/example_short_circuit_decorator.py
[2025-05-15T13:58:59.592-0400] {logging_mixin.py:190} INFO - [2025-05-15T13:58:59.592-0400] {dag.py:3239} INFO - Sync 1 DAGs
[2025-05-15T13:58:59.606-0400] {logging_mixin.py:190} INFO - [2025-05-15T13:58:59.605-0400] {dag.py:4180} INFO - Setting next_dagrun for example_short_circuit_decorator to None, run_after=None
[2025-05-15T13:58:59.628-0400] {processor.py:208} INFO - Processing /home/aangava/MSP/airflow_venv/lib/python3.12/site-packages/airflow/example_dags/example_short_circuit_decorator.py took 0.096 seconds
[2025-05-15T14:00:06.354-0400] {processor.py:186} INFO - Started process (PID=57054) to work on /home/aangava/MSP/airflow_venv/lib/python3.12/site-packages/airflow/example_dags/example_short_circuit_decorator.py
[2025-05-15T14:00:06.365-0400] {processor.py:914} INFO - Processing file /home/aangava/MSP/airflow_venv/lib/python3.12/site-packages/airflow/example_dags/example_short_circuit_decorator.py for tasks to queue
[2025-05-15T14:00:06.367-0400] {logging_mixin.py:190} INFO - [2025-05-15T14:00:06.366-0400] {dagbag.py:588} INFO - Filling up the DagBag from /home/aangava/MSP/airflow_venv/lib/python3.12/site-packages/airflow/example_dags/example_short_circuit_decorator.py
[2025-05-15T14:00:06.383-0400] {processor.py:925} INFO - DAG(s) 'example_short_circuit_decorator' retrieved from /home/aangava/MSP/airflow_venv/lib/python3.12/site-packages/airflow/example_dags/example_short_circuit_decorator.py
[2025-05-15T14:00:06.406-0400] {logging_mixin.py:190} INFO - [2025-05-15T14:00:06.405-0400] {dag.py:3239} INFO - Sync 1 DAGs
[2025-05-15T14:00:06.421-0400] {logging_mixin.py:190} INFO - [2025-05-15T14:00:06.421-0400] {dag.py:4180} INFO - Setting next_dagrun for example_short_circuit_decorator to None, run_after=None
[2025-05-15T14:00:06.458-0400] {processor.py:208} INFO - Processing /home/aangava/MSP/airflow_venv/lib/python3.12/site-packages/airflow/example_dags/example_short_circuit_decorator.py took 0.115 seconds
[2025-05-15T14:01:10.905-0400] {processor.py:186} INFO - Started process (PID=57297) to work on /home/aangava/MSP/airflow_venv/lib/python3.12/site-packages/airflow/example_dags/example_short_circuit_decorator.py
[2025-05-15T14:01:10.916-0400] {processor.py:914} INFO - Processing file /home/aangava/MSP/airflow_venv/lib/python3.12/site-packages/airflow/example_dags/example_short_circuit_decorator.py for tasks to queue
[2025-05-15T14:01:10.919-0400] {logging_mixin.py:190} INFO - [2025-05-15T14:01:10.918-0400] {dagbag.py:588} INFO - Filling up the DagBag from /home/aangava/MSP/airflow_venv/lib/python3.12/site-packages/airflow/example_dags/example_short_circuit_decorator.py
[2025-05-15T14:01:10.933-0400] {processor.py:925} INFO - DAG(s) 'example_short_circuit_decorator' retrieved from /home/aangava/MSP/airflow_venv/lib/python3.12/site-packages/airflow/example_dags/example_short_circuit_decorator.py
[2025-05-15T14:01:10.957-0400] {logging_mixin.py:190} INFO - [2025-05-15T14:01:10.957-0400] {dag.py:3239} INFO - Sync 1 DAGs
[2025-05-15T14:01:10.974-0400] {logging_mixin.py:190} INFO - [2025-05-15T14:01:10.974-0400] {dag.py:4180} INFO - Setting next_dagrun for example_short_circuit_decorator to None, run_after=None
[2025-05-15T14:01:11.006-0400] {processor.py:208} INFO - Processing /home/aangava/MSP/airflow_venv/lib/python3.12/site-packages/airflow/example_dags/example_short_circuit_decorator.py took 0.111 seconds
[2025-05-15T14:57:47.892-0400] {processor.py:186} INFO - Started process (PID=57657) to work on /home/aangava/MSP/airflow_venv/lib/python3.12/site-packages/airflow/example_dags/example_short_circuit_decorator.py
[2025-05-15T14:57:47.895-0400] {processor.py:914} INFO - Processing file /home/aangava/MSP/airflow_venv/lib/python3.12/site-packages/airflow/example_dags/example_short_circuit_decorator.py for tasks to queue
[2025-05-15T14:57:47.897-0400] {logging_mixin.py:190} INFO - [2025-05-15T14:57:47.896-0400] {dagbag.py:588} INFO - Filling up the DagBag from /home/aangava/MSP/airflow_venv/lib/python3.12/site-packages/airflow/example_dags/example_short_circuit_decorator.py
[2025-05-15T14:57:47.910-0400] {processor.py:925} INFO - DAG(s) 'example_short_circuit_decorator' retrieved from /home/aangava/MSP/airflow_venv/lib/python3.12/site-packages/airflow/example_dags/example_short_circuit_decorator.py
[2025-05-15T14:57:47.937-0400] {logging_mixin.py:190} INFO - [2025-05-15T14:57:47.936-0400] {dag.py:3239} INFO - Sync 1 DAGs
[2025-05-15T14:57:47.949-0400] {logging_mixin.py:190} INFO - [2025-05-15T14:57:47.948-0400] {dag.py:4180} INFO - Setting next_dagrun for example_short_circuit_decorator to None, run_after=None
[2025-05-15T14:57:47.974-0400] {processor.py:208} INFO - Processing /home/aangava/MSP/airflow_venv/lib/python3.12/site-packages/airflow/example_dags/example_short_circuit_decorator.py took 0.093 seconds
[2025-05-15T14:58:50.405-0400] {processor.py:186} INFO - Started process (PID=57892) to work on /home/aangava/MSP/airflow_venv/lib/python3.12/site-packages/airflow/example_dags/example_short_circuit_decorator.py
[2025-05-15T14:58:50.417-0400] {processor.py:914} INFO - Processing file /home/aangava/MSP/airflow_venv/lib/python3.12/site-packages/airflow/example_dags/example_short_circuit_decorator.py for tasks to queue
[2025-05-15T14:58:50.419-0400] {logging_mixin.py:190} INFO - [2025-05-15T14:58:50.418-0400] {dagbag.py:588} INFO - Filling up the DagBag from /home/aangava/MSP/airflow_venv/lib/python3.12/site-packages/airflow/example_dags/example_short_circuit_decorator.py
[2025-05-15T14:58:50.431-0400] {processor.py:925} INFO - DAG(s) 'example_short_circuit_decorator' retrieved from /home/aangava/MSP/airflow_venv/lib/python3.12/site-packages/airflow/example_dags/example_short_circuit_decorator.py
[2025-05-15T14:58:50.451-0400] {logging_mixin.py:190} INFO - [2025-05-15T14:58:50.451-0400] {dag.py:3239} INFO - Sync 1 DAGs
[2025-05-15T14:58:50.467-0400] {logging_mixin.py:190} INFO - [2025-05-15T14:58:50.467-0400] {dag.py:4180} INFO - Setting next_dagrun for example_short_circuit_decorator to None, run_after=None
[2025-05-15T14:58:50.496-0400] {processor.py:208} INFO - Processing /home/aangava/MSP/airflow_venv/lib/python3.12/site-packages/airflow/example_dags/example_short_circuit_decorator.py took 0.105 seconds
[2025-05-15T15:00:01.229-0400] {processor.py:186} INFO - Started process (PID=58157) to work on /home/aangava/MSP/airflow_venv/lib/python3.12/site-packages/airflow/example_dags/example_short_circuit_decorator.py
[2025-05-15T15:00:01.242-0400] {processor.py:914} INFO - Processing file /home/aangava/MSP/airflow_venv/lib/python3.12/site-packages/airflow/example_dags/example_short_circuit_decorator.py for tasks to queue
[2025-05-15T15:00:01.245-0400] {logging_mixin.py:190} INFO - [2025-05-15T15:00:01.244-0400] {dagbag.py:588} INFO - Filling up the DagBag from /home/aangava/MSP/airflow_venv/lib/python3.12/site-packages/airflow/example_dags/example_short_circuit_decorator.py
[2025-05-15T15:00:01.258-0400] {processor.py:925} INFO - DAG(s) 'example_short_circuit_decorator' retrieved from /home/aangava/MSP/airflow_venv/lib/python3.12/site-packages/airflow/example_dags/example_short_circuit_decorator.py
[2025-05-15T15:00:01.281-0400] {logging_mixin.py:190} INFO - [2025-05-15T15:00:01.281-0400] {dag.py:3239} INFO - Sync 1 DAGs
[2025-05-15T15:00:01.293-0400] {logging_mixin.py:190} INFO - [2025-05-15T15:00:01.293-0400] {dag.py:4180} INFO - Setting next_dagrun for example_short_circuit_decorator to None, run_after=None
[2025-05-15T15:00:01.319-0400] {processor.py:208} INFO - Processing /home/aangava/MSP/airflow_venv/lib/python3.12/site-packages/airflow/example_dags/example_short_circuit_decorator.py took 0.101 seconds
