[2025-05-14T22:59:55.259-0400] {processor.py:186} INFO - Started process (PID=45408) to work on /home/aangava/MSP/airflow_venv/lib/python3.12/site-packages/airflow/example_dags/example_latest_only_with_trigger.py
[2025-05-14T22:59:55.261-0400] {processor.py:914} INFO - Processing file /home/aangava/MSP/airflow_venv/lib/python3.12/site-packages/airflow/example_dags/example_latest_only_with_trigger.py for tasks to queue
[2025-05-14T22:59:55.262-0400] {logging_mixin.py:190} INFO - [2025-05-14T22:59:55.262-0400] {dagbag.py:588} INFO - Filling up the DagBag from /home/aangava/MSP/airflow_venv/lib/python3.12/site-packages/airflow/example_dags/example_latest_only_with_trigger.py
[2025-05-14T22:59:55.273-0400] {processor.py:925} INFO - DAG(s) 'latest_only_with_trigger' retrieved from /home/aangava/MSP/airflow_venv/lib/python3.12/site-packages/airflow/example_dags/example_latest_only_with_trigger.py
[2025-05-14T22:59:55.302-0400] {logging_mixin.py:190} INFO - [2025-05-14T22:59:55.302-0400] {dag.py:3239} INFO - Sync 1 DAGs
[2025-05-14T22:59:55.326-0400] {logging_mixin.py:190} INFO - [2025-05-14T22:59:55.325-0400] {dag.py:4180} INFO - Setting next_dagrun for latest_only_with_trigger to 2025-05-14 20:00:00+00:00, run_after=2025-05-15 00:00:00+00:00
[2025-05-14T22:59:55.364-0400] {processor.py:208} INFO - Processing /home/aangava/MSP/airflow_venv/lib/python3.12/site-packages/airflow/example_dags/example_latest_only_with_trigger.py took 0.124 seconds
[2025-05-14T23:00:47.062-0400] {processor.py:186} INFO - Started process (PID=45613) to work on /home/aangava/MSP/airflow_venv/lib/python3.12/site-packages/airflow/example_dags/example_latest_only_with_trigger.py
[2025-05-14T23:00:47.073-0400] {processor.py:914} INFO - Processing file /home/aangava/MSP/airflow_venv/lib/python3.12/site-packages/airflow/example_dags/example_latest_only_with_trigger.py for tasks to queue
[2025-05-14T23:00:47.075-0400] {logging_mixin.py:190} INFO - [2025-05-14T23:00:47.074-0400] {dagbag.py:588} INFO - Filling up the DagBag from /home/aangava/MSP/airflow_venv/lib/python3.12/site-packages/airflow/example_dags/example_latest_only_with_trigger.py
[2025-05-14T23:00:47.084-0400] {processor.py:925} INFO - DAG(s) 'latest_only_with_trigger' retrieved from /home/aangava/MSP/airflow_venv/lib/python3.12/site-packages/airflow/example_dags/example_latest_only_with_trigger.py
[2025-05-14T23:00:47.102-0400] {logging_mixin.py:190} INFO - [2025-05-14T23:00:47.102-0400] {dag.py:3239} INFO - Sync 1 DAGs
[2025-05-14T23:00:47.125-0400] {logging_mixin.py:190} INFO - [2025-05-14T23:00:47.125-0400] {dag.py:4180} INFO - Setting next_dagrun for latest_only_with_trigger to 2025-05-14 20:00:00+00:00, run_after=2025-05-15 00:00:00+00:00
[2025-05-14T23:00:47.147-0400] {processor.py:208} INFO - Processing /home/aangava/MSP/airflow_venv/lib/python3.12/site-packages/airflow/example_dags/example_latest_only_with_trigger.py took 0.093 seconds
[2025-05-14T23:01:50.785-0400] {processor.py:186} INFO - Started process (PID=45870) to work on /home/aangava/MSP/airflow_venv/lib/python3.12/site-packages/airflow/example_dags/example_latest_only_with_trigger.py
[2025-05-14T23:01:50.796-0400] {processor.py:914} INFO - Processing file /home/aangava/MSP/airflow_venv/lib/python3.12/site-packages/airflow/example_dags/example_latest_only_with_trigger.py for tasks to queue
[2025-05-14T23:01:50.799-0400] {logging_mixin.py:190} INFO - [2025-05-14T23:01:50.798-0400] {dagbag.py:588} INFO - Filling up the DagBag from /home/aangava/MSP/airflow_venv/lib/python3.12/site-packages/airflow/example_dags/example_latest_only_with_trigger.py
[2025-05-14T23:01:50.811-0400] {processor.py:925} INFO - DAG(s) 'latest_only_with_trigger' retrieved from /home/aangava/MSP/airflow_venv/lib/python3.12/site-packages/airflow/example_dags/example_latest_only_with_trigger.py
[2025-05-14T23:01:50.834-0400] {logging_mixin.py:190} INFO - [2025-05-14T23:01:50.834-0400] {dag.py:3239} INFO - Sync 1 DAGs
[2025-05-14T23:01:50.852-0400] {logging_mixin.py:190} INFO - [2025-05-14T23:01:50.851-0400] {dag.py:4180} INFO - Setting next_dagrun for latest_only_with_trigger to 2025-05-14 20:00:00+00:00, run_after=2025-05-15 00:00:00+00:00
[2025-05-14T23:01:50.873-0400] {processor.py:208} INFO - Processing /home/aangava/MSP/airflow_venv/lib/python3.12/site-packages/airflow/example_dags/example_latest_only_with_trigger.py took 0.100 seconds
[2025-05-14T23:02:50.456-0400] {processor.py:186} INFO - Started process (PID=46105) to work on /home/aangava/MSP/airflow_venv/lib/python3.12/site-packages/airflow/example_dags/example_latest_only_with_trigger.py
[2025-05-14T23:02:50.470-0400] {processor.py:914} INFO - Processing file /home/aangava/MSP/airflow_venv/lib/python3.12/site-packages/airflow/example_dags/example_latest_only_with_trigger.py for tasks to queue
[2025-05-14T23:02:50.473-0400] {logging_mixin.py:190} INFO - [2025-05-14T23:02:50.472-0400] {dagbag.py:588} INFO - Filling up the DagBag from /home/aangava/MSP/airflow_venv/lib/python3.12/site-packages/airflow/example_dags/example_latest_only_with_trigger.py
[2025-05-14T23:02:50.485-0400] {processor.py:925} INFO - DAG(s) 'latest_only_with_trigger' retrieved from /home/aangava/MSP/airflow_venv/lib/python3.12/site-packages/airflow/example_dags/example_latest_only_with_trigger.py
[2025-05-14T23:02:50.511-0400] {logging_mixin.py:190} INFO - [2025-05-14T23:02:50.511-0400] {dag.py:3239} INFO - Sync 1 DAGs
[2025-05-14T23:02:50.532-0400] {logging_mixin.py:190} INFO - [2025-05-14T23:02:50.531-0400] {dag.py:4180} INFO - Setting next_dagrun for latest_only_with_trigger to 2025-05-14 20:00:00+00:00, run_after=2025-05-15 00:00:00+00:00
[2025-05-14T23:02:50.557-0400] {processor.py:208} INFO - Processing /home/aangava/MSP/airflow_venv/lib/python3.12/site-packages/airflow/example_dags/example_latest_only_with_trigger.py took 0.111 seconds
[2025-05-14T23:03:53.393-0400] {processor.py:186} INFO - Started process (PID=46358) to work on /home/aangava/MSP/airflow_venv/lib/python3.12/site-packages/airflow/example_dags/example_latest_only_with_trigger.py
[2025-05-14T23:03:53.402-0400] {processor.py:914} INFO - Processing file /home/aangava/MSP/airflow_venv/lib/python3.12/site-packages/airflow/example_dags/example_latest_only_with_trigger.py for tasks to queue
[2025-05-14T23:03:53.403-0400] {logging_mixin.py:190} INFO - [2025-05-14T23:03:53.403-0400] {dagbag.py:588} INFO - Filling up the DagBag from /home/aangava/MSP/airflow_venv/lib/python3.12/site-packages/airflow/example_dags/example_latest_only_with_trigger.py
[2025-05-14T23:03:53.408-0400] {processor.py:925} INFO - DAG(s) 'latest_only_with_trigger' retrieved from /home/aangava/MSP/airflow_venv/lib/python3.12/site-packages/airflow/example_dags/example_latest_only_with_trigger.py
[2025-05-14T23:03:53.418-0400] {logging_mixin.py:190} INFO - [2025-05-14T23:03:53.417-0400] {dag.py:3239} INFO - Sync 1 DAGs
[2025-05-14T23:03:53.427-0400] {logging_mixin.py:190} INFO - [2025-05-14T23:03:53.427-0400] {dag.py:4180} INFO - Setting next_dagrun for latest_only_with_trigger to 2025-05-14 20:00:00+00:00, run_after=2025-05-15 00:00:00+00:00
[2025-05-14T23:03:53.441-0400] {processor.py:208} INFO - Processing /home/aangava/MSP/airflow_venv/lib/python3.12/site-packages/airflow/example_dags/example_latest_only_with_trigger.py took 0.052 seconds
[2025-05-14T23:04:51.072-0400] {processor.py:186} INFO - Started process (PID=46588) to work on /home/aangava/MSP/airflow_venv/lib/python3.12/site-packages/airflow/example_dags/example_latest_only_with_trigger.py
[2025-05-14T23:04:51.073-0400] {processor.py:914} INFO - Processing file /home/aangava/MSP/airflow_venv/lib/python3.12/site-packages/airflow/example_dags/example_latest_only_with_trigger.py for tasks to queue
[2025-05-14T23:04:51.074-0400] {logging_mixin.py:190} INFO - [2025-05-14T23:04:51.074-0400] {dagbag.py:588} INFO - Filling up the DagBag from /home/aangava/MSP/airflow_venv/lib/python3.12/site-packages/airflow/example_dags/example_latest_only_with_trigger.py
[2025-05-14T23:04:51.078-0400] {processor.py:925} INFO - DAG(s) 'latest_only_with_trigger' retrieved from /home/aangava/MSP/airflow_venv/lib/python3.12/site-packages/airflow/example_dags/example_latest_only_with_trigger.py
[2025-05-14T23:04:51.088-0400] {logging_mixin.py:190} INFO - [2025-05-14T23:04:51.088-0400] {dag.py:3239} INFO - Sync 1 DAGs
[2025-05-14T23:04:51.097-0400] {logging_mixin.py:190} INFO - [2025-05-14T23:04:51.097-0400] {dag.py:4180} INFO - Setting next_dagrun for latest_only_with_trigger to 2025-05-14 20:00:00+00:00, run_after=2025-05-15 00:00:00+00:00
[2025-05-14T23:04:51.112-0400] {processor.py:208} INFO - Processing /home/aangava/MSP/airflow_venv/lib/python3.12/site-packages/airflow/example_dags/example_latest_only_with_trigger.py took 0.043 seconds
[2025-05-14T23:05:48.193-0400] {processor.py:186} INFO - Started process (PID=46824) to work on /home/aangava/MSP/airflow_venv/lib/python3.12/site-packages/airflow/example_dags/example_latest_only_with_trigger.py
[2025-05-14T23:05:48.204-0400] {processor.py:914} INFO - Processing file /home/aangava/MSP/airflow_venv/lib/python3.12/site-packages/airflow/example_dags/example_latest_only_with_trigger.py for tasks to queue
[2025-05-14T23:05:48.207-0400] {logging_mixin.py:190} INFO - [2025-05-14T23:05:48.206-0400] {dagbag.py:588} INFO - Filling up the DagBag from /home/aangava/MSP/airflow_venv/lib/python3.12/site-packages/airflow/example_dags/example_latest_only_with_trigger.py
[2025-05-14T23:05:48.218-0400] {processor.py:925} INFO - DAG(s) 'latest_only_with_trigger' retrieved from /home/aangava/MSP/airflow_venv/lib/python3.12/site-packages/airflow/example_dags/example_latest_only_with_trigger.py
[2025-05-14T23:05:48.241-0400] {logging_mixin.py:190} INFO - [2025-05-14T23:05:48.241-0400] {dag.py:3239} INFO - Sync 1 DAGs
[2025-05-14T23:05:48.268-0400] {logging_mixin.py:190} INFO - [2025-05-14T23:05:48.268-0400] {dag.py:4180} INFO - Setting next_dagrun for latest_only_with_trigger to 2025-05-14 20:00:00+00:00, run_after=2025-05-15 00:00:00+00:00
[2025-05-14T23:05:48.291-0400] {processor.py:208} INFO - Processing /home/aangava/MSP/airflow_venv/lib/python3.12/site-packages/airflow/example_dags/example_latest_only_with_trigger.py took 0.110 seconds
[2025-05-14T23:06:52.424-0400] {processor.py:186} INFO - Started process (PID=47089) to work on /home/aangava/MSP/airflow_venv/lib/python3.12/site-packages/airflow/example_dags/example_latest_only_with_trigger.py
[2025-05-14T23:06:52.436-0400] {processor.py:914} INFO - Processing file /home/aangava/MSP/airflow_venv/lib/python3.12/site-packages/airflow/example_dags/example_latest_only_with_trigger.py for tasks to queue
[2025-05-14T23:06:52.438-0400] {logging_mixin.py:190} INFO - [2025-05-14T23:06:52.437-0400] {dagbag.py:588} INFO - Filling up the DagBag from /home/aangava/MSP/airflow_venv/lib/python3.12/site-packages/airflow/example_dags/example_latest_only_with_trigger.py
[2025-05-14T23:06:52.448-0400] {processor.py:925} INFO - DAG(s) 'latest_only_with_trigger' retrieved from /home/aangava/MSP/airflow_venv/lib/python3.12/site-packages/airflow/example_dags/example_latest_only_with_trigger.py
[2025-05-14T23:06:52.467-0400] {logging_mixin.py:190} INFO - [2025-05-14T23:06:52.467-0400] {dag.py:3239} INFO - Sync 1 DAGs
[2025-05-14T23:06:52.483-0400] {logging_mixin.py:190} INFO - [2025-05-14T23:06:52.483-0400] {dag.py:4180} INFO - Setting next_dagrun for latest_only_with_trigger to 2025-05-14 20:00:00+00:00, run_after=2025-05-15 00:00:00+00:00
[2025-05-14T23:06:52.507-0400] {processor.py:208} INFO - Processing /home/aangava/MSP/airflow_venv/lib/python3.12/site-packages/airflow/example_dags/example_latest_only_with_trigger.py took 0.092 seconds
[2025-05-14T23:07:53.511-0400] {processor.py:186} INFO - Started process (PID=47334) to work on /home/aangava/MSP/airflow_venv/lib/python3.12/site-packages/airflow/example_dags/example_latest_only_with_trigger.py
[2025-05-14T23:07:53.513-0400] {processor.py:914} INFO - Processing file /home/aangava/MSP/airflow_venv/lib/python3.12/site-packages/airflow/example_dags/example_latest_only_with_trigger.py for tasks to queue
[2025-05-14T23:07:53.515-0400] {logging_mixin.py:190} INFO - [2025-05-14T23:07:53.515-0400] {dagbag.py:588} INFO - Filling up the DagBag from /home/aangava/MSP/airflow_venv/lib/python3.12/site-packages/airflow/example_dags/example_latest_only_with_trigger.py
[2025-05-14T23:07:53.526-0400] {processor.py:925} INFO - DAG(s) 'latest_only_with_trigger' retrieved from /home/aangava/MSP/airflow_venv/lib/python3.12/site-packages/airflow/example_dags/example_latest_only_with_trigger.py
[2025-05-14T23:07:53.547-0400] {logging_mixin.py:190} INFO - [2025-05-14T23:07:53.547-0400] {dag.py:3239} INFO - Sync 1 DAGs
[2025-05-14T23:07:53.566-0400] {logging_mixin.py:190} INFO - [2025-05-14T23:07:53.565-0400] {dag.py:4180} INFO - Setting next_dagrun for latest_only_with_trigger to 2025-05-14 20:00:00+00:00, run_after=2025-05-15 00:00:00+00:00
[2025-05-14T23:07:53.587-0400] {processor.py:208} INFO - Processing /home/aangava/MSP/airflow_venv/lib/python3.12/site-packages/airflow/example_dags/example_latest_only_with_trigger.py took 0.085 seconds
[2025-05-14T23:08:53.107-0400] {processor.py:186} INFO - Started process (PID=47571) to work on /home/aangava/MSP/airflow_venv/lib/python3.12/site-packages/airflow/example_dags/example_latest_only_with_trigger.py
[2025-05-14T23:08:53.119-0400] {processor.py:914} INFO - Processing file /home/aangava/MSP/airflow_venv/lib/python3.12/site-packages/airflow/example_dags/example_latest_only_with_trigger.py for tasks to queue
[2025-05-14T23:08:53.122-0400] {logging_mixin.py:190} INFO - [2025-05-14T23:08:53.121-0400] {dagbag.py:588} INFO - Filling up the DagBag from /home/aangava/MSP/airflow_venv/lib/python3.12/site-packages/airflow/example_dags/example_latest_only_with_trigger.py
[2025-05-14T23:08:53.133-0400] {processor.py:925} INFO - DAG(s) 'latest_only_with_trigger' retrieved from /home/aangava/MSP/airflow_venv/lib/python3.12/site-packages/airflow/example_dags/example_latest_only_with_trigger.py
[2025-05-14T23:08:53.150-0400] {logging_mixin.py:190} INFO - [2025-05-14T23:08:53.150-0400] {dag.py:3239} INFO - Sync 1 DAGs
[2025-05-14T23:08:53.167-0400] {logging_mixin.py:190} INFO - [2025-05-14T23:08:53.167-0400] {dag.py:4180} INFO - Setting next_dagrun for latest_only_with_trigger to 2025-05-14 20:00:00+00:00, run_after=2025-05-15 00:00:00+00:00
[2025-05-14T23:08:53.189-0400] {processor.py:208} INFO - Processing /home/aangava/MSP/airflow_venv/lib/python3.12/site-packages/airflow/example_dags/example_latest_only_with_trigger.py took 0.090 seconds
[2025-05-14T23:09:55.924-0400] {processor.py:186} INFO - Started process (PID=47820) to work on /home/aangava/MSP/airflow_venv/lib/python3.12/site-packages/airflow/example_dags/example_latest_only_with_trigger.py
[2025-05-14T23:09:55.936-0400] {processor.py:914} INFO - Processing file /home/aangava/MSP/airflow_venv/lib/python3.12/site-packages/airflow/example_dags/example_latest_only_with_trigger.py for tasks to queue
[2025-05-14T23:09:55.938-0400] {logging_mixin.py:190} INFO - [2025-05-14T23:09:55.937-0400] {dagbag.py:588} INFO - Filling up the DagBag from /home/aangava/MSP/airflow_venv/lib/python3.12/site-packages/airflow/example_dags/example_latest_only_with_trigger.py
[2025-05-14T23:09:55.949-0400] {processor.py:925} INFO - DAG(s) 'latest_only_with_trigger' retrieved from /home/aangava/MSP/airflow_venv/lib/python3.12/site-packages/airflow/example_dags/example_latest_only_with_trigger.py
[2025-05-14T23:09:55.976-0400] {logging_mixin.py:190} INFO - [2025-05-14T23:09:55.975-0400] {dag.py:3239} INFO - Sync 1 DAGs
[2025-05-14T23:09:56.000-0400] {logging_mixin.py:190} INFO - [2025-05-14T23:09:56.000-0400] {dag.py:4180} INFO - Setting next_dagrun for latest_only_with_trigger to 2025-05-14 20:00:00+00:00, run_after=2025-05-15 00:00:00+00:00
[2025-05-14T23:09:56.027-0400] {processor.py:208} INFO - Processing /home/aangava/MSP/airflow_venv/lib/python3.12/site-packages/airflow/example_dags/example_latest_only_with_trigger.py took 0.111 seconds
[2025-05-14T23:11:00.824-0400] {processor.py:186} INFO - Started process (PID=48088) to work on /home/aangava/MSP/airflow_venv/lib/python3.12/site-packages/airflow/example_dags/example_latest_only_with_trigger.py
[2025-05-14T23:11:00.835-0400] {processor.py:914} INFO - Processing file /home/aangava/MSP/airflow_venv/lib/python3.12/site-packages/airflow/example_dags/example_latest_only_with_trigger.py for tasks to queue
[2025-05-14T23:11:00.836-0400] {logging_mixin.py:190} INFO - [2025-05-14T23:11:00.835-0400] {dagbag.py:588} INFO - Filling up the DagBag from /home/aangava/MSP/airflow_venv/lib/python3.12/site-packages/airflow/example_dags/example_latest_only_with_trigger.py
[2025-05-14T23:11:00.841-0400] {processor.py:925} INFO - DAG(s) 'latest_only_with_trigger' retrieved from /home/aangava/MSP/airflow_venv/lib/python3.12/site-packages/airflow/example_dags/example_latest_only_with_trigger.py
[2025-05-14T23:11:00.853-0400] {logging_mixin.py:190} INFO - [2025-05-14T23:11:00.853-0400] {dag.py:3239} INFO - Sync 1 DAGs
[2025-05-14T23:11:00.865-0400] {logging_mixin.py:190} INFO - [2025-05-14T23:11:00.865-0400] {dag.py:4180} INFO - Setting next_dagrun for latest_only_with_trigger to 2025-05-14 20:00:00+00:00, run_after=2025-05-15 00:00:00+00:00
[2025-05-14T23:11:00.879-0400] {processor.py:208} INFO - Processing /home/aangava/MSP/airflow_venv/lib/python3.12/site-packages/airflow/example_dags/example_latest_only_with_trigger.py took 0.058 seconds
[2025-05-14T23:12:02.716-0400] {processor.py:186} INFO - Started process (PID=48333) to work on /home/aangava/MSP/airflow_venv/lib/python3.12/site-packages/airflow/example_dags/example_latest_only_with_trigger.py
[2025-05-14T23:12:02.728-0400] {processor.py:914} INFO - Processing file /home/aangava/MSP/airflow_venv/lib/python3.12/site-packages/airflow/example_dags/example_latest_only_with_trigger.py for tasks to queue
[2025-05-14T23:12:02.731-0400] {logging_mixin.py:190} INFO - [2025-05-14T23:12:02.730-0400] {dagbag.py:588} INFO - Filling up the DagBag from /home/aangava/MSP/airflow_venv/lib/python3.12/site-packages/airflow/example_dags/example_latest_only_with_trigger.py
[2025-05-14T23:12:02.743-0400] {processor.py:925} INFO - DAG(s) 'latest_only_with_trigger' retrieved from /home/aangava/MSP/airflow_venv/lib/python3.12/site-packages/airflow/example_dags/example_latest_only_with_trigger.py
[2025-05-14T23:12:02.762-0400] {logging_mixin.py:190} INFO - [2025-05-14T23:12:02.761-0400] {dag.py:3239} INFO - Sync 1 DAGs
[2025-05-14T23:12:02.785-0400] {logging_mixin.py:190} INFO - [2025-05-14T23:12:02.785-0400] {dag.py:4180} INFO - Setting next_dagrun for latest_only_with_trigger to 2025-05-14 20:00:00+00:00, run_after=2025-05-15 00:00:00+00:00
[2025-05-14T23:12:02.814-0400] {processor.py:208} INFO - Processing /home/aangava/MSP/airflow_venv/lib/python3.12/site-packages/airflow/example_dags/example_latest_only_with_trigger.py took 0.107 seconds
[2025-05-14T23:13:08.560-0400] {processor.py:186} INFO - Started process (PID=48591) to work on /home/aangava/MSP/airflow_venv/lib/python3.12/site-packages/airflow/example_dags/example_latest_only_with_trigger.py
[2025-05-14T23:13:08.572-0400] {processor.py:914} INFO - Processing file /home/aangava/MSP/airflow_venv/lib/python3.12/site-packages/airflow/example_dags/example_latest_only_with_trigger.py for tasks to queue
[2025-05-14T23:13:08.575-0400] {logging_mixin.py:190} INFO - [2025-05-14T23:13:08.574-0400] {dagbag.py:588} INFO - Filling up the DagBag from /home/aangava/MSP/airflow_venv/lib/python3.12/site-packages/airflow/example_dags/example_latest_only_with_trigger.py
[2025-05-14T23:13:08.587-0400] {processor.py:925} INFO - DAG(s) 'latest_only_with_trigger' retrieved from /home/aangava/MSP/airflow_venv/lib/python3.12/site-packages/airflow/example_dags/example_latest_only_with_trigger.py
[2025-05-14T23:13:08.606-0400] {logging_mixin.py:190} INFO - [2025-05-14T23:13:08.606-0400] {dag.py:3239} INFO - Sync 1 DAGs
[2025-05-14T23:13:08.622-0400] {logging_mixin.py:190} INFO - [2025-05-14T23:13:08.622-0400] {dag.py:4180} INFO - Setting next_dagrun for latest_only_with_trigger to 2025-05-14 20:00:00+00:00, run_after=2025-05-15 00:00:00+00:00
[2025-05-14T23:13:08.648-0400] {processor.py:208} INFO - Processing /home/aangava/MSP/airflow_venv/lib/python3.12/site-packages/airflow/example_dags/example_latest_only_with_trigger.py took 0.099 seconds
[2025-05-14T23:14:08.009-0400] {processor.py:186} INFO - Started process (PID=48830) to work on /home/aangava/MSP/airflow_venv/lib/python3.12/site-packages/airflow/example_dags/example_latest_only_with_trigger.py
[2025-05-14T23:14:08.021-0400] {processor.py:914} INFO - Processing file /home/aangava/MSP/airflow_venv/lib/python3.12/site-packages/airflow/example_dags/example_latest_only_with_trigger.py for tasks to queue
[2025-05-14T23:14:08.023-0400] {logging_mixin.py:190} INFO - [2025-05-14T23:14:08.022-0400] {dagbag.py:588} INFO - Filling up the DagBag from /home/aangava/MSP/airflow_venv/lib/python3.12/site-packages/airflow/example_dags/example_latest_only_with_trigger.py
[2025-05-14T23:14:08.034-0400] {processor.py:925} INFO - DAG(s) 'latest_only_with_trigger' retrieved from /home/aangava/MSP/airflow_venv/lib/python3.12/site-packages/airflow/example_dags/example_latest_only_with_trigger.py
[2025-05-14T23:14:08.050-0400] {logging_mixin.py:190} INFO - [2025-05-14T23:14:08.050-0400] {dag.py:3239} INFO - Sync 1 DAGs
[2025-05-14T23:14:08.072-0400] {logging_mixin.py:190} INFO - [2025-05-14T23:14:08.071-0400] {dag.py:4180} INFO - Setting next_dagrun for latest_only_with_trigger to 2025-05-14 20:00:00+00:00, run_after=2025-05-15 00:00:00+00:00
[2025-05-14T23:14:08.096-0400] {processor.py:208} INFO - Processing /home/aangava/MSP/airflow_venv/lib/python3.12/site-packages/airflow/example_dags/example_latest_only_with_trigger.py took 0.095 seconds
[2025-05-14T23:15:12.024-0400] {processor.py:186} INFO - Started process (PID=49082) to work on /home/aangava/MSP/airflow_venv/lib/python3.12/site-packages/airflow/example_dags/example_latest_only_with_trigger.py
[2025-05-14T23:15:12.037-0400] {processor.py:914} INFO - Processing file /home/aangava/MSP/airflow_venv/lib/python3.12/site-packages/airflow/example_dags/example_latest_only_with_trigger.py for tasks to queue
[2025-05-14T23:15:12.039-0400] {logging_mixin.py:190} INFO - [2025-05-14T23:15:12.039-0400] {dagbag.py:588} INFO - Filling up the DagBag from /home/aangava/MSP/airflow_venv/lib/python3.12/site-packages/airflow/example_dags/example_latest_only_with_trigger.py
[2025-05-14T23:15:12.051-0400] {processor.py:925} INFO - DAG(s) 'latest_only_with_trigger' retrieved from /home/aangava/MSP/airflow_venv/lib/python3.12/site-packages/airflow/example_dags/example_latest_only_with_trigger.py
[2025-05-14T23:15:12.073-0400] {logging_mixin.py:190} INFO - [2025-05-14T23:15:12.072-0400] {dag.py:3239} INFO - Sync 1 DAGs
[2025-05-14T23:15:12.093-0400] {logging_mixin.py:190} INFO - [2025-05-14T23:15:12.093-0400] {dag.py:4180} INFO - Setting next_dagrun for latest_only_with_trigger to 2025-05-14 20:00:00+00:00, run_after=2025-05-15 00:00:00+00:00
[2025-05-14T23:15:12.128-0400] {processor.py:208} INFO - Processing /home/aangava/MSP/airflow_venv/lib/python3.12/site-packages/airflow/example_dags/example_latest_only_with_trigger.py took 0.114 seconds
[2025-05-14T23:16:16.892-0400] {processor.py:186} INFO - Started process (PID=49344) to work on /home/aangava/MSP/airflow_venv/lib/python3.12/site-packages/airflow/example_dags/example_latest_only_with_trigger.py
[2025-05-14T23:16:16.904-0400] {processor.py:914} INFO - Processing file /home/aangava/MSP/airflow_venv/lib/python3.12/site-packages/airflow/example_dags/example_latest_only_with_trigger.py for tasks to queue
[2025-05-14T23:16:16.907-0400] {logging_mixin.py:190} INFO - [2025-05-14T23:16:16.906-0400] {dagbag.py:588} INFO - Filling up the DagBag from /home/aangava/MSP/airflow_venv/lib/python3.12/site-packages/airflow/example_dags/example_latest_only_with_trigger.py
[2025-05-14T23:16:16.922-0400] {processor.py:925} INFO - DAG(s) 'latest_only_with_trigger' retrieved from /home/aangava/MSP/airflow_venv/lib/python3.12/site-packages/airflow/example_dags/example_latest_only_with_trigger.py
[2025-05-14T23:16:16.946-0400] {logging_mixin.py:190} INFO - [2025-05-14T23:16:16.945-0400] {dag.py:3239} INFO - Sync 1 DAGs
[2025-05-14T23:16:16.969-0400] {logging_mixin.py:190} INFO - [2025-05-14T23:16:16.969-0400] {dag.py:4180} INFO - Setting next_dagrun for latest_only_with_trigger to 2025-05-14 20:00:00+00:00, run_after=2025-05-15 00:00:00+00:00
[2025-05-14T23:16:16.994-0400] {processor.py:208} INFO - Processing /home/aangava/MSP/airflow_venv/lib/python3.12/site-packages/airflow/example_dags/example_latest_only_with_trigger.py took 0.116 seconds
[2025-05-14T23:17:16.232-0400] {processor.py:186} INFO - Started process (PID=49584) to work on /home/aangava/MSP/airflow_venv/lib/python3.12/site-packages/airflow/example_dags/example_latest_only_with_trigger.py
[2025-05-14T23:17:16.244-0400] {processor.py:914} INFO - Processing file /home/aangava/MSP/airflow_venv/lib/python3.12/site-packages/airflow/example_dags/example_latest_only_with_trigger.py for tasks to queue
[2025-05-14T23:17:16.248-0400] {logging_mixin.py:190} INFO - [2025-05-14T23:17:16.247-0400] {dagbag.py:588} INFO - Filling up the DagBag from /home/aangava/MSP/airflow_venv/lib/python3.12/site-packages/airflow/example_dags/example_latest_only_with_trigger.py
[2025-05-14T23:17:16.259-0400] {processor.py:925} INFO - DAG(s) 'latest_only_with_trigger' retrieved from /home/aangava/MSP/airflow_venv/lib/python3.12/site-packages/airflow/example_dags/example_latest_only_with_trigger.py
[2025-05-14T23:17:16.280-0400] {logging_mixin.py:190} INFO - [2025-05-14T23:17:16.279-0400] {dag.py:3239} INFO - Sync 1 DAGs
[2025-05-14T23:17:16.297-0400] {logging_mixin.py:190} INFO - [2025-05-14T23:17:16.297-0400] {dag.py:4180} INFO - Setting next_dagrun for latest_only_with_trigger to 2025-05-14 20:00:00+00:00, run_after=2025-05-15 00:00:00+00:00
[2025-05-14T23:17:16.324-0400] {processor.py:208} INFO - Processing /home/aangava/MSP/airflow_venv/lib/python3.12/site-packages/airflow/example_dags/example_latest_only_with_trigger.py took 0.103 seconds
[2025-05-14T23:18:18.312-0400] {processor.py:186} INFO - Started process (PID=49831) to work on /home/aangava/MSP/airflow_venv/lib/python3.12/site-packages/airflow/example_dags/example_latest_only_with_trigger.py
[2025-05-14T23:18:18.325-0400] {processor.py:914} INFO - Processing file /home/aangava/MSP/airflow_venv/lib/python3.12/site-packages/airflow/example_dags/example_latest_only_with_trigger.py for tasks to queue
[2025-05-14T23:18:18.328-0400] {logging_mixin.py:190} INFO - [2025-05-14T23:18:18.327-0400] {dagbag.py:588} INFO - Filling up the DagBag from /home/aangava/MSP/airflow_venv/lib/python3.12/site-packages/airflow/example_dags/example_latest_only_with_trigger.py
[2025-05-14T23:18:18.339-0400] {processor.py:925} INFO - DAG(s) 'latest_only_with_trigger' retrieved from /home/aangava/MSP/airflow_venv/lib/python3.12/site-packages/airflow/example_dags/example_latest_only_with_trigger.py
[2025-05-14T23:18:18.363-0400] {logging_mixin.py:190} INFO - [2025-05-14T23:18:18.362-0400] {dag.py:3239} INFO - Sync 1 DAGs
[2025-05-14T23:18:18.388-0400] {logging_mixin.py:190} INFO - [2025-05-14T23:18:18.388-0400] {dag.py:4180} INFO - Setting next_dagrun for latest_only_with_trigger to 2025-05-14 20:00:00+00:00, run_after=2025-05-15 00:00:00+00:00
[2025-05-14T23:18:18.413-0400] {processor.py:208} INFO - Processing /home/aangava/MSP/airflow_venv/lib/python3.12/site-packages/airflow/example_dags/example_latest_only_with_trigger.py took 0.111 seconds
[2025-05-14T23:19:22.381-0400] {processor.py:186} INFO - Started process (PID=50088) to work on /home/aangava/MSP/airflow_venv/lib/python3.12/site-packages/airflow/example_dags/example_latest_only_with_trigger.py
[2025-05-14T23:19:22.393-0400] {processor.py:914} INFO - Processing file /home/aangava/MSP/airflow_venv/lib/python3.12/site-packages/airflow/example_dags/example_latest_only_with_trigger.py for tasks to queue
[2025-05-14T23:19:22.396-0400] {logging_mixin.py:190} INFO - [2025-05-14T23:19:22.395-0400] {dagbag.py:588} INFO - Filling up the DagBag from /home/aangava/MSP/airflow_venv/lib/python3.12/site-packages/airflow/example_dags/example_latest_only_with_trigger.py
[2025-05-14T23:19:22.408-0400] {processor.py:925} INFO - DAG(s) 'latest_only_with_trigger' retrieved from /home/aangava/MSP/airflow_venv/lib/python3.12/site-packages/airflow/example_dags/example_latest_only_with_trigger.py
[2025-05-14T23:19:22.429-0400] {logging_mixin.py:190} INFO - [2025-05-14T23:19:22.428-0400] {dag.py:3239} INFO - Sync 1 DAGs
[2025-05-14T23:19:22.447-0400] {logging_mixin.py:190} INFO - [2025-05-14T23:19:22.446-0400] {dag.py:4180} INFO - Setting next_dagrun for latest_only_with_trigger to 2025-05-14 20:00:00+00:00, run_after=2025-05-15 00:00:00+00:00
[2025-05-14T23:19:22.470-0400] {processor.py:208} INFO - Processing /home/aangava/MSP/airflow_venv/lib/python3.12/site-packages/airflow/example_dags/example_latest_only_with_trigger.py took 0.100 seconds
[2025-05-14T23:20:24.325-0400] {processor.py:186} INFO - Started process (PID=50334) to work on /home/aangava/MSP/airflow_venv/lib/python3.12/site-packages/airflow/example_dags/example_latest_only_with_trigger.py
[2025-05-14T23:20:24.337-0400] {processor.py:914} INFO - Processing file /home/aangava/MSP/airflow_venv/lib/python3.12/site-packages/airflow/example_dags/example_latest_only_with_trigger.py for tasks to queue
[2025-05-14T23:20:24.340-0400] {logging_mixin.py:190} INFO - [2025-05-14T23:20:24.339-0400] {dagbag.py:588} INFO - Filling up the DagBag from /home/aangava/MSP/airflow_venv/lib/python3.12/site-packages/airflow/example_dags/example_latest_only_with_trigger.py
[2025-05-14T23:20:24.352-0400] {processor.py:925} INFO - DAG(s) 'latest_only_with_trigger' retrieved from /home/aangava/MSP/airflow_venv/lib/python3.12/site-packages/airflow/example_dags/example_latest_only_with_trigger.py
[2025-05-14T23:20:24.373-0400] {logging_mixin.py:190} INFO - [2025-05-14T23:20:24.373-0400] {dag.py:3239} INFO - Sync 1 DAGs
[2025-05-14T23:20:24.390-0400] {logging_mixin.py:190} INFO - [2025-05-14T23:20:24.390-0400] {dag.py:4180} INFO - Setting next_dagrun for latest_only_with_trigger to 2025-05-14 20:00:00+00:00, run_after=2025-05-15 00:00:00+00:00
[2025-05-14T23:20:24.415-0400] {processor.py:208} INFO - Processing /home/aangava/MSP/airflow_venv/lib/python3.12/site-packages/airflow/example_dags/example_latest_only_with_trigger.py took 0.101 seconds
[2025-05-14T23:21:27.335-0400] {processor.py:186} INFO - Started process (PID=50589) to work on /home/aangava/MSP/airflow_venv/lib/python3.12/site-packages/airflow/example_dags/example_latest_only_with_trigger.py
[2025-05-14T23:21:27.347-0400] {processor.py:914} INFO - Processing file /home/aangava/MSP/airflow_venv/lib/python3.12/site-packages/airflow/example_dags/example_latest_only_with_trigger.py for tasks to queue
[2025-05-14T23:21:27.350-0400] {logging_mixin.py:190} INFO - [2025-05-14T23:21:27.349-0400] {dagbag.py:588} INFO - Filling up the DagBag from /home/aangava/MSP/airflow_venv/lib/python3.12/site-packages/airflow/example_dags/example_latest_only_with_trigger.py
[2025-05-14T23:21:27.361-0400] {processor.py:925} INFO - DAG(s) 'latest_only_with_trigger' retrieved from /home/aangava/MSP/airflow_venv/lib/python3.12/site-packages/airflow/example_dags/example_latest_only_with_trigger.py
[2025-05-14T23:21:27.381-0400] {logging_mixin.py:190} INFO - [2025-05-14T23:21:27.381-0400] {dag.py:3239} INFO - Sync 1 DAGs
[2025-05-14T23:21:27.398-0400] {logging_mixin.py:190} INFO - [2025-05-14T23:21:27.397-0400] {dag.py:4180} INFO - Setting next_dagrun for latest_only_with_trigger to 2025-05-14 20:00:00+00:00, run_after=2025-05-15 00:00:00+00:00
[2025-05-14T23:21:27.421-0400] {processor.py:208} INFO - Processing /home/aangava/MSP/airflow_venv/lib/python3.12/site-packages/airflow/example_dags/example_latest_only_with_trigger.py took 0.095 seconds
[2025-05-14T23:22:28.326-0400] {processor.py:186} INFO - Started process (PID=50830) to work on /home/aangava/MSP/airflow_venv/lib/python3.12/site-packages/airflow/example_dags/example_latest_only_with_trigger.py
[2025-05-14T23:22:28.330-0400] {processor.py:914} INFO - Processing file /home/aangava/MSP/airflow_venv/lib/python3.12/site-packages/airflow/example_dags/example_latest_only_with_trigger.py for tasks to queue
[2025-05-14T23:22:28.333-0400] {logging_mixin.py:190} INFO - [2025-05-14T23:22:28.332-0400] {dagbag.py:588} INFO - Filling up the DagBag from /home/aangava/MSP/airflow_venv/lib/python3.12/site-packages/airflow/example_dags/example_latest_only_with_trigger.py
[2025-05-14T23:22:28.345-0400] {processor.py:925} INFO - DAG(s) 'latest_only_with_trigger' retrieved from /home/aangava/MSP/airflow_venv/lib/python3.12/site-packages/airflow/example_dags/example_latest_only_with_trigger.py
[2025-05-14T23:22:28.368-0400] {logging_mixin.py:190} INFO - [2025-05-14T23:22:28.367-0400] {dag.py:3239} INFO - Sync 1 DAGs
[2025-05-14T23:22:28.391-0400] {logging_mixin.py:190} INFO - [2025-05-14T23:22:28.390-0400] {dag.py:4180} INFO - Setting next_dagrun for latest_only_with_trigger to 2025-05-14 20:00:00+00:00, run_after=2025-05-15 00:00:00+00:00
[2025-05-14T23:22:28.416-0400] {processor.py:208} INFO - Processing /home/aangava/MSP/airflow_venv/lib/python3.12/site-packages/airflow/example_dags/example_latest_only_with_trigger.py took 0.100 seconds
[2025-05-14T23:24:31.052-0400] {processor.py:186} INFO - Started process (PID=50998) to work on /home/aangava/MSP/airflow_venv/lib/python3.12/site-packages/airflow/example_dags/example_latest_only_with_trigger.py
[2025-05-14T23:24:31.064-0400] {processor.py:914} INFO - Processing file /home/aangava/MSP/airflow_venv/lib/python3.12/site-packages/airflow/example_dags/example_latest_only_with_trigger.py for tasks to queue
[2025-05-14T23:24:31.067-0400] {logging_mixin.py:190} INFO - [2025-05-14T23:24:31.066-0400] {dagbag.py:588} INFO - Filling up the DagBag from /home/aangava/MSP/airflow_venv/lib/python3.12/site-packages/airflow/example_dags/example_latest_only_with_trigger.py
[2025-05-14T23:24:31.079-0400] {processor.py:925} INFO - DAG(s) 'latest_only_with_trigger' retrieved from /home/aangava/MSP/airflow_venv/lib/python3.12/site-packages/airflow/example_dags/example_latest_only_with_trigger.py
[2025-05-14T23:24:31.102-0400] {logging_mixin.py:190} INFO - [2025-05-14T23:24:31.102-0400] {dag.py:3239} INFO - Sync 1 DAGs
[2025-05-14T23:24:31.123-0400] {logging_mixin.py:190} INFO - [2025-05-14T23:24:31.123-0400] {dag.py:4180} INFO - Setting next_dagrun for latest_only_with_trigger to 2025-05-14 20:00:00+00:00, run_after=2025-05-15 00:00:00+00:00
[2025-05-14T23:24:31.152-0400] {processor.py:208} INFO - Processing /home/aangava/MSP/airflow_venv/lib/python3.12/site-packages/airflow/example_dags/example_latest_only_with_trigger.py took 0.109 seconds
[2025-05-14T23:25:12.399-0400] {processor.py:186} INFO - Started process (PID=51161) to work on /home/aangava/MSP/airflow_venv/lib/python3.12/site-packages/airflow/example_dags/example_latest_only_with_trigger.py
[2025-05-14T23:25:12.411-0400] {processor.py:914} INFO - Processing file /home/aangava/MSP/airflow_venv/lib/python3.12/site-packages/airflow/example_dags/example_latest_only_with_trigger.py for tasks to queue
[2025-05-14T23:25:12.414-0400] {logging_mixin.py:190} INFO - [2025-05-14T23:25:12.413-0400] {dagbag.py:588} INFO - Filling up the DagBag from /home/aangava/MSP/airflow_venv/lib/python3.12/site-packages/airflow/example_dags/example_latest_only_with_trigger.py
[2025-05-14T23:25:12.424-0400] {processor.py:925} INFO - DAG(s) 'latest_only_with_trigger' retrieved from /home/aangava/MSP/airflow_venv/lib/python3.12/site-packages/airflow/example_dags/example_latest_only_with_trigger.py
[2025-05-14T23:25:12.444-0400] {logging_mixin.py:190} INFO - [2025-05-14T23:25:12.444-0400] {dag.py:3239} INFO - Sync 1 DAGs
[2025-05-14T23:25:12.461-0400] {logging_mixin.py:190} INFO - [2025-05-14T23:25:12.461-0400] {dag.py:4180} INFO - Setting next_dagrun for latest_only_with_trigger to 2025-05-14 20:00:00+00:00, run_after=2025-05-15 00:00:00+00:00
[2025-05-14T23:25:12.488-0400] {processor.py:208} INFO - Processing /home/aangava/MSP/airflow_venv/lib/python3.12/site-packages/airflow/example_dags/example_latest_only_with_trigger.py took 0.098 seconds
[2025-05-14T23:26:13.826-0400] {processor.py:186} INFO - Started process (PID=51403) to work on /home/aangava/MSP/airflow_venv/lib/python3.12/site-packages/airflow/example_dags/example_latest_only_with_trigger.py
[2025-05-14T23:26:13.829-0400] {processor.py:914} INFO - Processing file /home/aangava/MSP/airflow_venv/lib/python3.12/site-packages/airflow/example_dags/example_latest_only_with_trigger.py for tasks to queue
[2025-05-14T23:26:13.831-0400] {logging_mixin.py:190} INFO - [2025-05-14T23:26:13.830-0400] {dagbag.py:588} INFO - Filling up the DagBag from /home/aangava/MSP/airflow_venv/lib/python3.12/site-packages/airflow/example_dags/example_latest_only_with_trigger.py
[2025-05-14T23:26:13.843-0400] {processor.py:925} INFO - DAG(s) 'latest_only_with_trigger' retrieved from /home/aangava/MSP/airflow_venv/lib/python3.12/site-packages/airflow/example_dags/example_latest_only_with_trigger.py
[2025-05-14T23:26:13.868-0400] {logging_mixin.py:190} INFO - [2025-05-14T23:26:13.868-0400] {dag.py:3239} INFO - Sync 1 DAGs
[2025-05-14T23:26:13.886-0400] {logging_mixin.py:190} INFO - [2025-05-14T23:26:13.886-0400] {dag.py:4180} INFO - Setting next_dagrun for latest_only_with_trigger to 2025-05-14 20:00:00+00:00, run_after=2025-05-15 00:00:00+00:00
[2025-05-14T23:26:13.909-0400] {processor.py:208} INFO - Processing /home/aangava/MSP/airflow_venv/lib/python3.12/site-packages/airflow/example_dags/example_latest_only_with_trigger.py took 0.092 seconds
[2025-05-14T23:27:22.038-0400] {processor.py:186} INFO - Started process (PID=51676) to work on /home/aangava/MSP/airflow_venv/lib/python3.12/site-packages/airflow/example_dags/example_latest_only_with_trigger.py
[2025-05-14T23:27:22.040-0400] {processor.py:914} INFO - Processing file /home/aangava/MSP/airflow_venv/lib/python3.12/site-packages/airflow/example_dags/example_latest_only_with_trigger.py for tasks to queue
[2025-05-14T23:27:22.042-0400] {logging_mixin.py:190} INFO - [2025-05-14T23:27:22.041-0400] {dagbag.py:588} INFO - Filling up the DagBag from /home/aangava/MSP/airflow_venv/lib/python3.12/site-packages/airflow/example_dags/example_latest_only_with_trigger.py
[2025-05-14T23:27:22.053-0400] {processor.py:925} INFO - DAG(s) 'latest_only_with_trigger' retrieved from /home/aangava/MSP/airflow_venv/lib/python3.12/site-packages/airflow/example_dags/example_latest_only_with_trigger.py
[2025-05-14T23:27:22.073-0400] {logging_mixin.py:190} INFO - [2025-05-14T23:27:22.073-0400] {dag.py:3239} INFO - Sync 1 DAGs
[2025-05-14T23:27:22.094-0400] {logging_mixin.py:190} INFO - [2025-05-14T23:27:22.094-0400] {dag.py:4180} INFO - Setting next_dagrun for latest_only_with_trigger to 2025-05-14 20:00:00+00:00, run_after=2025-05-15 00:00:00+00:00
[2025-05-14T23:27:22.119-0400] {processor.py:208} INFO - Processing /home/aangava/MSP/airflow_venv/lib/python3.12/site-packages/airflow/example_dags/example_latest_only_with_trigger.py took 0.091 seconds
[2025-05-14T23:28:32.938-0400] {processor.py:186} INFO - Started process (PID=51858) to work on /home/aangava/MSP/airflow_venv/lib/python3.12/site-packages/airflow/example_dags/example_latest_only_with_trigger.py
[2025-05-14T23:28:32.949-0400] {processor.py:914} INFO - Processing file /home/aangava/MSP/airflow_venv/lib/python3.12/site-packages/airflow/example_dags/example_latest_only_with_trigger.py for tasks to queue
[2025-05-14T23:28:32.951-0400] {logging_mixin.py:190} INFO - [2025-05-14T23:28:32.950-0400] {dagbag.py:588} INFO - Filling up the DagBag from /home/aangava/MSP/airflow_venv/lib/python3.12/site-packages/airflow/example_dags/example_latest_only_with_trigger.py
[2025-05-14T23:28:32.960-0400] {processor.py:925} INFO - DAG(s) 'latest_only_with_trigger' retrieved from /home/aangava/MSP/airflow_venv/lib/python3.12/site-packages/airflow/example_dags/example_latest_only_with_trigger.py
[2025-05-14T23:28:32.978-0400] {logging_mixin.py:190} INFO - [2025-05-14T23:28:32.978-0400] {dag.py:3239} INFO - Sync 1 DAGs
[2025-05-14T23:28:33.179-0400] {logging_mixin.py:190} INFO - [2025-05-14T23:28:33.179-0400] {dag.py:4180} INFO - Setting next_dagrun for latest_only_with_trigger to 2025-05-14 20:00:00+00:00, run_after=2025-05-15 00:00:00+00:00
[2025-05-14T23:28:33.212-0400] {processor.py:208} INFO - Processing /home/aangava/MSP/airflow_venv/lib/python3.12/site-packages/airflow/example_dags/example_latest_only_with_trigger.py took 0.280 seconds
[2025-05-14T23:29:24.991-0400] {processor.py:186} INFO - Started process (PID=52065) to work on /home/aangava/MSP/airflow_venv/lib/python3.12/site-packages/airflow/example_dags/example_latest_only_with_trigger.py
[2025-05-14T23:29:25.003-0400] {processor.py:914} INFO - Processing file /home/aangava/MSP/airflow_venv/lib/python3.12/site-packages/airflow/example_dags/example_latest_only_with_trigger.py for tasks to queue
[2025-05-14T23:29:25.006-0400] {logging_mixin.py:190} INFO - [2025-05-14T23:29:25.005-0400] {dagbag.py:588} INFO - Filling up the DagBag from /home/aangava/MSP/airflow_venv/lib/python3.12/site-packages/airflow/example_dags/example_latest_only_with_trigger.py
[2025-05-14T23:29:25.017-0400] {processor.py:925} INFO - DAG(s) 'latest_only_with_trigger' retrieved from /home/aangava/MSP/airflow_venv/lib/python3.12/site-packages/airflow/example_dags/example_latest_only_with_trigger.py
[2025-05-14T23:29:25.036-0400] {logging_mixin.py:190} INFO - [2025-05-14T23:29:25.036-0400] {dag.py:3239} INFO - Sync 1 DAGs
[2025-05-14T23:29:25.055-0400] {logging_mixin.py:190} INFO - [2025-05-14T23:29:25.055-0400] {dag.py:4180} INFO - Setting next_dagrun for latest_only_with_trigger to 2025-05-14 20:00:00+00:00, run_after=2025-05-15 00:00:00+00:00
[2025-05-14T23:29:25.084-0400] {processor.py:208} INFO - Processing /home/aangava/MSP/airflow_venv/lib/python3.12/site-packages/airflow/example_dags/example_latest_only_with_trigger.py took 0.102 seconds
[2025-05-14T23:30:30.842-0400] {processor.py:186} INFO - Started process (PID=52326) to work on /home/aangava/MSP/airflow_venv/lib/python3.12/site-packages/airflow/example_dags/example_latest_only_with_trigger.py
[2025-05-14T23:30:30.844-0400] {processor.py:914} INFO - Processing file /home/aangava/MSP/airflow_venv/lib/python3.12/site-packages/airflow/example_dags/example_latest_only_with_trigger.py for tasks to queue
[2025-05-14T23:30:30.847-0400] {logging_mixin.py:190} INFO - [2025-05-14T23:30:30.846-0400] {dagbag.py:588} INFO - Filling up the DagBag from /home/aangava/MSP/airflow_venv/lib/python3.12/site-packages/airflow/example_dags/example_latest_only_with_trigger.py
[2025-05-14T23:30:30.859-0400] {processor.py:925} INFO - DAG(s) 'latest_only_with_trigger' retrieved from /home/aangava/MSP/airflow_venv/lib/python3.12/site-packages/airflow/example_dags/example_latest_only_with_trigger.py
[2025-05-14T23:30:30.882-0400] {logging_mixin.py:190} INFO - [2025-05-14T23:30:30.882-0400] {dag.py:3239} INFO - Sync 1 DAGs
[2025-05-14T23:30:30.900-0400] {logging_mixin.py:190} INFO - [2025-05-14T23:30:30.900-0400] {dag.py:4180} INFO - Setting next_dagrun for latest_only_with_trigger to 2025-05-14 20:00:00+00:00, run_after=2025-05-15 00:00:00+00:00
[2025-05-14T23:30:30.924-0400] {processor.py:208} INFO - Processing /home/aangava/MSP/airflow_venv/lib/python3.12/site-packages/airflow/example_dags/example_latest_only_with_trigger.py took 0.093 seconds
[2025-05-14T23:31:39.146-0400] {processor.py:186} INFO - Started process (PID=52592) to work on /home/aangava/MSP/airflow_venv/lib/python3.12/site-packages/airflow/example_dags/example_latest_only_with_trigger.py
[2025-05-14T23:31:39.158-0400] {processor.py:914} INFO - Processing file /home/aangava/MSP/airflow_venv/lib/python3.12/site-packages/airflow/example_dags/example_latest_only_with_trigger.py for tasks to queue
[2025-05-14T23:31:39.161-0400] {logging_mixin.py:190} INFO - [2025-05-14T23:31:39.160-0400] {dagbag.py:588} INFO - Filling up the DagBag from /home/aangava/MSP/airflow_venv/lib/python3.12/site-packages/airflow/example_dags/example_latest_only_with_trigger.py
[2025-05-14T23:31:39.172-0400] {processor.py:925} INFO - DAG(s) 'latest_only_with_trigger' retrieved from /home/aangava/MSP/airflow_venv/lib/python3.12/site-packages/airflow/example_dags/example_latest_only_with_trigger.py
[2025-05-14T23:31:39.194-0400] {logging_mixin.py:190} INFO - [2025-05-14T23:31:39.194-0400] {dag.py:3239} INFO - Sync 1 DAGs
[2025-05-14T23:31:39.212-0400] {logging_mixin.py:190} INFO - [2025-05-14T23:31:39.212-0400] {dag.py:4180} INFO - Setting next_dagrun for latest_only_with_trigger to 2025-05-14 20:00:00+00:00, run_after=2025-05-15 00:00:00+00:00
[2025-05-14T23:31:39.235-0400] {processor.py:208} INFO - Processing /home/aangava/MSP/airflow_venv/lib/python3.12/site-packages/airflow/example_dags/example_latest_only_with_trigger.py took 0.098 seconds
[2025-05-14T23:32:50.523-0400] {processor.py:186} INFO - Started process (PID=52873) to work on /home/aangava/MSP/airflow_venv/lib/python3.12/site-packages/airflow/example_dags/example_latest_only_with_trigger.py
[2025-05-14T23:32:50.535-0400] {processor.py:914} INFO - Processing file /home/aangava/MSP/airflow_venv/lib/python3.12/site-packages/airflow/example_dags/example_latest_only_with_trigger.py for tasks to queue
[2025-05-14T23:32:50.538-0400] {logging_mixin.py:190} INFO - [2025-05-14T23:32:50.537-0400] {dagbag.py:588} INFO - Filling up the DagBag from /home/aangava/MSP/airflow_venv/lib/python3.12/site-packages/airflow/example_dags/example_latest_only_with_trigger.py
[2025-05-14T23:32:50.548-0400] {processor.py:925} INFO - DAG(s) 'latest_only_with_trigger' retrieved from /home/aangava/MSP/airflow_venv/lib/python3.12/site-packages/airflow/example_dags/example_latest_only_with_trigger.py
[2025-05-14T23:32:50.572-0400] {logging_mixin.py:190} INFO - [2025-05-14T23:32:50.571-0400] {dag.py:3239} INFO - Sync 1 DAGs
[2025-05-14T23:32:50.598-0400] {logging_mixin.py:190} INFO - [2025-05-14T23:32:50.598-0400] {dag.py:4180} INFO - Setting next_dagrun for latest_only_with_trigger to 2025-05-14 20:00:00+00:00, run_after=2025-05-15 00:00:00+00:00
[2025-05-14T23:32:50.621-0400] {processor.py:208} INFO - Processing /home/aangava/MSP/airflow_venv/lib/python3.12/site-packages/airflow/example_dags/example_latest_only_with_trigger.py took 0.107 seconds
[2025-05-14T23:33:56.619-0400] {processor.py:186} INFO - Started process (PID=53128) to work on /home/aangava/MSP/airflow_venv/lib/python3.12/site-packages/airflow/example_dags/example_latest_only_with_trigger.py
[2025-05-14T23:33:56.631-0400] {processor.py:914} INFO - Processing file /home/aangava/MSP/airflow_venv/lib/python3.12/site-packages/airflow/example_dags/example_latest_only_with_trigger.py for tasks to queue
[2025-05-14T23:33:56.633-0400] {logging_mixin.py:190} INFO - [2025-05-14T23:33:56.633-0400] {dagbag.py:588} INFO - Filling up the DagBag from /home/aangava/MSP/airflow_venv/lib/python3.12/site-packages/airflow/example_dags/example_latest_only_with_trigger.py
[2025-05-14T23:33:56.643-0400] {processor.py:925} INFO - DAG(s) 'latest_only_with_trigger' retrieved from /home/aangava/MSP/airflow_venv/lib/python3.12/site-packages/airflow/example_dags/example_latest_only_with_trigger.py
[2025-05-14T23:33:56.664-0400] {logging_mixin.py:190} INFO - [2025-05-14T23:33:56.663-0400] {dag.py:3239} INFO - Sync 1 DAGs
[2025-05-14T23:33:56.685-0400] {logging_mixin.py:190} INFO - [2025-05-14T23:33:56.685-0400] {dag.py:4180} INFO - Setting next_dagrun for latest_only_with_trigger to 2025-05-14 20:00:00+00:00, run_after=2025-05-15 00:00:00+00:00
[2025-05-14T23:33:56.717-0400] {processor.py:208} INFO - Processing /home/aangava/MSP/airflow_venv/lib/python3.12/site-packages/airflow/example_dags/example_latest_only_with_trigger.py took 0.109 seconds
[2025-05-14T23:39:40.483-0400] {processor.py:186} INFO - Started process (PID=53305) to work on /home/aangava/MSP/airflow_venv/lib/python3.12/site-packages/airflow/example_dags/example_latest_only_with_trigger.py
[2025-05-14T23:39:40.486-0400] {processor.py:914} INFO - Processing file /home/aangava/MSP/airflow_venv/lib/python3.12/site-packages/airflow/example_dags/example_latest_only_with_trigger.py for tasks to queue
[2025-05-14T23:39:40.489-0400] {logging_mixin.py:190} INFO - [2025-05-14T23:39:40.488-0400] {dagbag.py:588} INFO - Filling up the DagBag from /home/aangava/MSP/airflow_venv/lib/python3.12/site-packages/airflow/example_dags/example_latest_only_with_trigger.py
[2025-05-14T23:39:40.502-0400] {processor.py:925} INFO - DAG(s) 'latest_only_with_trigger' retrieved from /home/aangava/MSP/airflow_venv/lib/python3.12/site-packages/airflow/example_dags/example_latest_only_with_trigger.py
[2025-05-14T23:39:40.529-0400] {logging_mixin.py:190} INFO - [2025-05-14T23:39:40.528-0400] {dag.py:3239} INFO - Sync 1 DAGs
[2025-05-14T23:39:40.556-0400] {logging_mixin.py:190} INFO - [2025-05-14T23:39:40.556-0400] {dag.py:4180} INFO - Setting next_dagrun for latest_only_with_trigger to 2025-05-14 20:00:00+00:00, run_after=2025-05-15 00:00:00+00:00
[2025-05-14T23:39:40.589-0400] {processor.py:208} INFO - Processing /home/aangava/MSP/airflow_venv/lib/python3.12/site-packages/airflow/example_dags/example_latest_only_with_trigger.py took 0.118 seconds
[2025-05-14T23:40:28.595-0400] {processor.py:186} INFO - Started process (PID=53493) to work on /home/aangava/MSP/airflow_venv/lib/python3.12/site-packages/airflow/example_dags/example_latest_only_with_trigger.py
[2025-05-14T23:40:28.606-0400] {processor.py:914} INFO - Processing file /home/aangava/MSP/airflow_venv/lib/python3.12/site-packages/airflow/example_dags/example_latest_only_with_trigger.py for tasks to queue
[2025-05-14T23:40:28.609-0400] {logging_mixin.py:190} INFO - [2025-05-14T23:40:28.608-0400] {dagbag.py:588} INFO - Filling up the DagBag from /home/aangava/MSP/airflow_venv/lib/python3.12/site-packages/airflow/example_dags/example_latest_only_with_trigger.py
[2025-05-14T23:40:28.617-0400] {processor.py:925} INFO - DAG(s) 'latest_only_with_trigger' retrieved from /home/aangava/MSP/airflow_venv/lib/python3.12/site-packages/airflow/example_dags/example_latest_only_with_trigger.py
[2025-05-14T23:40:28.633-0400] {logging_mixin.py:190} INFO - [2025-05-14T23:40:28.633-0400] {dag.py:3239} INFO - Sync 1 DAGs
[2025-05-14T23:40:28.654-0400] {logging_mixin.py:190} INFO - [2025-05-14T23:40:28.654-0400] {dag.py:4180} INFO - Setting next_dagrun for latest_only_with_trigger to 2025-05-14 20:00:00+00:00, run_after=2025-05-15 00:00:00+00:00
[2025-05-14T23:40:28.691-0400] {processor.py:208} INFO - Processing /home/aangava/MSP/airflow_venv/lib/python3.12/site-packages/airflow/example_dags/example_latest_only_with_trigger.py took 0.101 seconds
[2025-05-14T23:41:30.818-0400] {processor.py:186} INFO - Started process (PID=53742) to work on /home/aangava/MSP/airflow_venv/lib/python3.12/site-packages/airflow/example_dags/example_latest_only_with_trigger.py
[2025-05-14T23:41:30.830-0400] {processor.py:914} INFO - Processing file /home/aangava/MSP/airflow_venv/lib/python3.12/site-packages/airflow/example_dags/example_latest_only_with_trigger.py for tasks to queue
[2025-05-14T23:41:30.833-0400] {logging_mixin.py:190} INFO - [2025-05-14T23:41:30.832-0400] {dagbag.py:588} INFO - Filling up the DagBag from /home/aangava/MSP/airflow_venv/lib/python3.12/site-packages/airflow/example_dags/example_latest_only_with_trigger.py
[2025-05-14T23:41:30.844-0400] {processor.py:925} INFO - DAG(s) 'latest_only_with_trigger' retrieved from /home/aangava/MSP/airflow_venv/lib/python3.12/site-packages/airflow/example_dags/example_latest_only_with_trigger.py
[2025-05-14T23:41:30.869-0400] {logging_mixin.py:190} INFO - [2025-05-14T23:41:30.868-0400] {dag.py:3239} INFO - Sync 1 DAGs
[2025-05-14T23:41:30.888-0400] {logging_mixin.py:190} INFO - [2025-05-14T23:41:30.888-0400] {dag.py:4180} INFO - Setting next_dagrun for latest_only_with_trigger to 2025-05-14 20:00:00+00:00, run_after=2025-05-15 00:00:00+00:00
[2025-05-14T23:41:30.928-0400] {processor.py:208} INFO - Processing /home/aangava/MSP/airflow_venv/lib/python3.12/site-packages/airflow/example_dags/example_latest_only_with_trigger.py took 0.121 seconds
[2025-05-14T23:42:34.746-0400] {processor.py:186} INFO - Started process (PID=54003) to work on /home/aangava/MSP/airflow_venv/lib/python3.12/site-packages/airflow/example_dags/example_latest_only_with_trigger.py
[2025-05-14T23:42:34.758-0400] {processor.py:914} INFO - Processing file /home/aangava/MSP/airflow_venv/lib/python3.12/site-packages/airflow/example_dags/example_latest_only_with_trigger.py for tasks to queue
[2025-05-14T23:42:34.761-0400] {logging_mixin.py:190} INFO - [2025-05-14T23:42:34.760-0400] {dagbag.py:588} INFO - Filling up the DagBag from /home/aangava/MSP/airflow_venv/lib/python3.12/site-packages/airflow/example_dags/example_latest_only_with_trigger.py
[2025-05-14T23:42:34.774-0400] {processor.py:925} INFO - DAG(s) 'latest_only_with_trigger' retrieved from /home/aangava/MSP/airflow_venv/lib/python3.12/site-packages/airflow/example_dags/example_latest_only_with_trigger.py
[2025-05-14T23:42:34.798-0400] {logging_mixin.py:190} INFO - [2025-05-14T23:42:34.797-0400] {dag.py:3239} INFO - Sync 1 DAGs
[2025-05-14T23:42:34.814-0400] {logging_mixin.py:190} INFO - [2025-05-14T23:42:34.814-0400] {dag.py:4180} INFO - Setting next_dagrun for latest_only_with_trigger to 2025-05-14 20:00:00+00:00, run_after=2025-05-15 00:00:00+00:00
[2025-05-14T23:42:34.838-0400] {processor.py:208} INFO - Processing /home/aangava/MSP/airflow_venv/lib/python3.12/site-packages/airflow/example_dags/example_latest_only_with_trigger.py took 0.103 seconds
[2025-05-15T13:38:48.517-0400] {processor.py:186} INFO - Started process (PID=54339) to work on /home/aangava/MSP/airflow_venv/lib/python3.12/site-packages/airflow/example_dags/example_latest_only_with_trigger.py
[2025-05-15T13:38:48.524-0400] {processor.py:914} INFO - Processing file /home/aangava/MSP/airflow_venv/lib/python3.12/site-packages/airflow/example_dags/example_latest_only_with_trigger.py for tasks to queue
[2025-05-15T13:38:48.527-0400] {logging_mixin.py:190} INFO - [2025-05-15T13:38:48.526-0400] {dagbag.py:588} INFO - Filling up the DagBag from /home/aangava/MSP/airflow_venv/lib/python3.12/site-packages/airflow/example_dags/example_latest_only_with_trigger.py
[2025-05-15T13:38:48.538-0400] {processor.py:925} INFO - DAG(s) 'latest_only_with_trigger' retrieved from /home/aangava/MSP/airflow_venv/lib/python3.12/site-packages/airflow/example_dags/example_latest_only_with_trigger.py
[2025-05-15T13:38:48.564-0400] {logging_mixin.py:190} INFO - [2025-05-15T13:38:48.563-0400] {dag.py:3239} INFO - Sync 1 DAGs
[2025-05-15T13:38:48.586-0400] {logging_mixin.py:190} INFO - [2025-05-15T13:38:48.586-0400] {dag.py:4180} INFO - Setting next_dagrun for latest_only_with_trigger to 2025-05-15 12:00:00+00:00, run_after=2025-05-15 16:00:00+00:00
[2025-05-15T13:38:48.619-0400] {processor.py:208} INFO - Processing /home/aangava/MSP/airflow_venv/lib/python3.12/site-packages/airflow/example_dags/example_latest_only_with_trigger.py took 0.112 seconds
[2025-05-15T13:39:34.601-0400] {processor.py:186} INFO - Started process (PID=54528) to work on /home/aangava/MSP/airflow_venv/lib/python3.12/site-packages/airflow/example_dags/example_latest_only_with_trigger.py
[2025-05-15T13:39:34.604-0400] {processor.py:914} INFO - Processing file /home/aangava/MSP/airflow_venv/lib/python3.12/site-packages/airflow/example_dags/example_latest_only_with_trigger.py for tasks to queue
[2025-05-15T13:39:34.607-0400] {logging_mixin.py:190} INFO - [2025-05-15T13:39:34.606-0400] {dagbag.py:588} INFO - Filling up the DagBag from /home/aangava/MSP/airflow_venv/lib/python3.12/site-packages/airflow/example_dags/example_latest_only_with_trigger.py
[2025-05-15T13:39:34.619-0400] {processor.py:925} INFO - DAG(s) 'latest_only_with_trigger' retrieved from /home/aangava/MSP/airflow_venv/lib/python3.12/site-packages/airflow/example_dags/example_latest_only_with_trigger.py
[2025-05-15T13:39:34.644-0400] {logging_mixin.py:190} INFO - [2025-05-15T13:39:34.643-0400] {dag.py:3239} INFO - Sync 1 DAGs
[2025-05-15T13:39:34.670-0400] {logging_mixin.py:190} INFO - [2025-05-15T13:39:34.670-0400] {dag.py:4180} INFO - Setting next_dagrun for latest_only_with_trigger to 2025-05-15 12:00:00+00:00, run_after=2025-05-15 16:00:00+00:00
[2025-05-15T13:39:34.696-0400] {processor.py:208} INFO - Processing /home/aangava/MSP/airflow_venv/lib/python3.12/site-packages/airflow/example_dags/example_latest_only_with_trigger.py took 0.103 seconds
[2025-05-15T13:40:36.605-0400] {processor.py:186} INFO - Started process (PID=54772) to work on /home/aangava/MSP/airflow_venv/lib/python3.12/site-packages/airflow/example_dags/example_latest_only_with_trigger.py
[2025-05-15T13:40:36.617-0400] {processor.py:914} INFO - Processing file /home/aangava/MSP/airflow_venv/lib/python3.12/site-packages/airflow/example_dags/example_latest_only_with_trigger.py for tasks to queue
[2025-05-15T13:40:36.620-0400] {logging_mixin.py:190} INFO - [2025-05-15T13:40:36.619-0400] {dagbag.py:588} INFO - Filling up the DagBag from /home/aangava/MSP/airflow_venv/lib/python3.12/site-packages/airflow/example_dags/example_latest_only_with_trigger.py
[2025-05-15T13:40:36.632-0400] {processor.py:925} INFO - DAG(s) 'latest_only_with_trigger' retrieved from /home/aangava/MSP/airflow_venv/lib/python3.12/site-packages/airflow/example_dags/example_latest_only_with_trigger.py
[2025-05-15T13:40:36.657-0400] {logging_mixin.py:190} INFO - [2025-05-15T13:40:36.656-0400] {dag.py:3239} INFO - Sync 1 DAGs
[2025-05-15T13:40:36.677-0400] {logging_mixin.py:190} INFO - [2025-05-15T13:40:36.677-0400] {dag.py:4180} INFO - Setting next_dagrun for latest_only_with_trigger to 2025-05-15 12:00:00+00:00, run_after=2025-05-15 16:00:00+00:00
[2025-05-15T13:40:36.705-0400] {processor.py:208} INFO - Processing /home/aangava/MSP/airflow_venv/lib/python3.12/site-packages/airflow/example_dags/example_latest_only_with_trigger.py took 0.111 seconds
[2025-05-15T13:41:44.028-0400] {processor.py:186} INFO - Started process (PID=55030) to work on /home/aangava/MSP/airflow_venv/lib/python3.12/site-packages/airflow/example_dags/example_latest_only_with_trigger.py
[2025-05-15T13:41:44.039-0400] {processor.py:914} INFO - Processing file /home/aangava/MSP/airflow_venv/lib/python3.12/site-packages/airflow/example_dags/example_latest_only_with_trigger.py for tasks to queue
[2025-05-15T13:41:44.041-0400] {logging_mixin.py:190} INFO - [2025-05-15T13:41:44.040-0400] {dagbag.py:588} INFO - Filling up the DagBag from /home/aangava/MSP/airflow_venv/lib/python3.12/site-packages/airflow/example_dags/example_latest_only_with_trigger.py
[2025-05-15T13:41:44.051-0400] {processor.py:925} INFO - DAG(s) 'latest_only_with_trigger' retrieved from /home/aangava/MSP/airflow_venv/lib/python3.12/site-packages/airflow/example_dags/example_latest_only_with_trigger.py
[2025-05-15T13:41:44.072-0400] {logging_mixin.py:190} INFO - [2025-05-15T13:41:44.072-0400] {dag.py:3239} INFO - Sync 1 DAGs
[2025-05-15T13:41:44.091-0400] {logging_mixin.py:190} INFO - [2025-05-15T13:41:44.091-0400] {dag.py:4180} INFO - Setting next_dagrun for latest_only_with_trigger to 2025-05-15 12:00:00+00:00, run_after=2025-05-15 16:00:00+00:00
[2025-05-15T13:41:44.112-0400] {processor.py:208} INFO - Processing /home/aangava/MSP/airflow_venv/lib/python3.12/site-packages/airflow/example_dags/example_latest_only_with_trigger.py took 0.092 seconds
[2025-05-15T13:42:42.306-0400] {processor.py:186} INFO - Started process (PID=55263) to work on /home/aangava/MSP/airflow_venv/lib/python3.12/site-packages/airflow/example_dags/example_latest_only_with_trigger.py
[2025-05-15T13:42:42.319-0400] {processor.py:914} INFO - Processing file /home/aangava/MSP/airflow_venv/lib/python3.12/site-packages/airflow/example_dags/example_latest_only_with_trigger.py for tasks to queue
[2025-05-15T13:42:42.322-0400] {logging_mixin.py:190} INFO - [2025-05-15T13:42:42.321-0400] {dagbag.py:588} INFO - Filling up the DagBag from /home/aangava/MSP/airflow_venv/lib/python3.12/site-packages/airflow/example_dags/example_latest_only_with_trigger.py
[2025-05-15T13:42:42.334-0400] {processor.py:925} INFO - DAG(s) 'latest_only_with_trigger' retrieved from /home/aangava/MSP/airflow_venv/lib/python3.12/site-packages/airflow/example_dags/example_latest_only_with_trigger.py
[2025-05-15T13:42:42.357-0400] {logging_mixin.py:190} INFO - [2025-05-15T13:42:42.357-0400] {dag.py:3239} INFO - Sync 1 DAGs
[2025-05-15T13:42:42.375-0400] {logging_mixin.py:190} INFO - [2025-05-15T13:42:42.375-0400] {dag.py:4180} INFO - Setting next_dagrun for latest_only_with_trigger to 2025-05-15 12:00:00+00:00, run_after=2025-05-15 16:00:00+00:00
[2025-05-15T13:42:42.401-0400] {processor.py:208} INFO - Processing /home/aangava/MSP/airflow_venv/lib/python3.12/site-packages/airflow/example_dags/example_latest_only_with_trigger.py took 0.105 seconds
[2025-05-15T13:43:44.754-0400] {processor.py:186} INFO - Started process (PID=55504) to work on /home/aangava/MSP/airflow_venv/lib/python3.12/site-packages/airflow/example_dags/example_latest_only_with_trigger.py
[2025-05-15T13:43:44.765-0400] {processor.py:914} INFO - Processing file /home/aangava/MSP/airflow_venv/lib/python3.12/site-packages/airflow/example_dags/example_latest_only_with_trigger.py for tasks to queue
[2025-05-15T13:43:44.768-0400] {logging_mixin.py:190} INFO - [2025-05-15T13:43:44.767-0400] {dagbag.py:588} INFO - Filling up the DagBag from /home/aangava/MSP/airflow_venv/lib/python3.12/site-packages/airflow/example_dags/example_latest_only_with_trigger.py
[2025-05-15T13:43:44.780-0400] {processor.py:925} INFO - DAG(s) 'latest_only_with_trigger' retrieved from /home/aangava/MSP/airflow_venv/lib/python3.12/site-packages/airflow/example_dags/example_latest_only_with_trigger.py
[2025-05-15T13:43:44.803-0400] {logging_mixin.py:190} INFO - [2025-05-15T13:43:44.802-0400] {dag.py:3239} INFO - Sync 1 DAGs
[2025-05-15T13:43:44.820-0400] {logging_mixin.py:190} INFO - [2025-05-15T13:43:44.820-0400] {dag.py:4180} INFO - Setting next_dagrun for latest_only_with_trigger to 2025-05-15 12:00:00+00:00, run_after=2025-05-15 16:00:00+00:00
[2025-05-15T13:43:44.844-0400] {processor.py:208} INFO - Processing /home/aangava/MSP/airflow_venv/lib/python3.12/site-packages/airflow/example_dags/example_latest_only_with_trigger.py took 0.100 seconds
[2025-05-15T13:44:45.296-0400] {processor.py:186} INFO - Started process (PID=55731) to work on /home/aangava/MSP/airflow_venv/lib/python3.12/site-packages/airflow/example_dags/example_latest_only_with_trigger.py
[2025-05-15T13:44:45.310-0400] {processor.py:914} INFO - Processing file /home/aangava/MSP/airflow_venv/lib/python3.12/site-packages/airflow/example_dags/example_latest_only_with_trigger.py for tasks to queue
[2025-05-15T13:44:45.317-0400] {logging_mixin.py:190} INFO - [2025-05-15T13:44:45.315-0400] {dagbag.py:588} INFO - Filling up the DagBag from /home/aangava/MSP/airflow_venv/lib/python3.12/site-packages/airflow/example_dags/example_latest_only_with_trigger.py
[2025-05-15T13:44:45.345-0400] {processor.py:925} INFO - DAG(s) 'latest_only_with_trigger' retrieved from /home/aangava/MSP/airflow_venv/lib/python3.12/site-packages/airflow/example_dags/example_latest_only_with_trigger.py
[2025-05-15T13:44:45.390-0400] {logging_mixin.py:190} INFO - [2025-05-15T13:44:45.390-0400] {dag.py:3239} INFO - Sync 1 DAGs
[2025-05-15T13:44:45.429-0400] {logging_mixin.py:190} INFO - [2025-05-15T13:44:45.429-0400] {dag.py:4180} INFO - Setting next_dagrun for latest_only_with_trigger to 2025-05-15 12:00:00+00:00, run_after=2025-05-15 16:00:00+00:00
[2025-05-15T13:44:45.485-0400] {processor.py:208} INFO - Processing /home/aangava/MSP/airflow_venv/lib/python3.12/site-packages/airflow/example_dags/example_latest_only_with_trigger.py took 0.214 seconds
[2025-05-15T13:45:49.970-0400] {processor.py:186} INFO - Started process (PID=55980) to work on /home/aangava/MSP/airflow_venv/lib/python3.12/site-packages/airflow/example_dags/example_latest_only_with_trigger.py
[2025-05-15T13:45:49.982-0400] {processor.py:914} INFO - Processing file /home/aangava/MSP/airflow_venv/lib/python3.12/site-packages/airflow/example_dags/example_latest_only_with_trigger.py for tasks to queue
[2025-05-15T13:45:49.985-0400] {logging_mixin.py:190} INFO - [2025-05-15T13:45:49.984-0400] {dagbag.py:588} INFO - Filling up the DagBag from /home/aangava/MSP/airflow_venv/lib/python3.12/site-packages/airflow/example_dags/example_latest_only_with_trigger.py
[2025-05-15T13:45:49.997-0400] {processor.py:925} INFO - DAG(s) 'latest_only_with_trigger' retrieved from /home/aangava/MSP/airflow_venv/lib/python3.12/site-packages/airflow/example_dags/example_latest_only_with_trigger.py
[2025-05-15T13:45:50.020-0400] {logging_mixin.py:190} INFO - [2025-05-15T13:45:50.020-0400] {dag.py:3239} INFO - Sync 1 DAGs
[2025-05-15T13:45:50.037-0400] {logging_mixin.py:190} INFO - [2025-05-15T13:45:50.037-0400] {dag.py:4180} INFO - Setting next_dagrun for latest_only_with_trigger to 2025-05-15 12:00:00+00:00, run_after=2025-05-15 16:00:00+00:00
[2025-05-15T13:45:50.064-0400] {processor.py:208} INFO - Processing /home/aangava/MSP/airflow_venv/lib/python3.12/site-packages/airflow/example_dags/example_latest_only_with_trigger.py took 0.103 seconds
[2025-05-15T13:46:48.755-0400] {processor.py:186} INFO - Started process (PID=56208) to work on /home/aangava/MSP/airflow_venv/lib/python3.12/site-packages/airflow/example_dags/example_latest_only_with_trigger.py
[2025-05-15T13:46:48.767-0400] {processor.py:914} INFO - Processing file /home/aangava/MSP/airflow_venv/lib/python3.12/site-packages/airflow/example_dags/example_latest_only_with_trigger.py for tasks to queue
[2025-05-15T13:46:48.770-0400] {logging_mixin.py:190} INFO - [2025-05-15T13:46:48.769-0400] {dagbag.py:588} INFO - Filling up the DagBag from /home/aangava/MSP/airflow_venv/lib/python3.12/site-packages/airflow/example_dags/example_latest_only_with_trigger.py
[2025-05-15T13:46:48.782-0400] {processor.py:925} INFO - DAG(s) 'latest_only_with_trigger' retrieved from /home/aangava/MSP/airflow_venv/lib/python3.12/site-packages/airflow/example_dags/example_latest_only_with_trigger.py
[2025-05-15T13:46:48.807-0400] {logging_mixin.py:190} INFO - [2025-05-15T13:46:48.806-0400] {dag.py:3239} INFO - Sync 1 DAGs
[2025-05-15T13:46:48.826-0400] {logging_mixin.py:190} INFO - [2025-05-15T13:46:48.826-0400] {dag.py:4180} INFO - Setting next_dagrun for latest_only_with_trigger to 2025-05-15 12:00:00+00:00, run_after=2025-05-15 16:00:00+00:00
[2025-05-15T13:46:48.851-0400] {processor.py:208} INFO - Processing /home/aangava/MSP/airflow_venv/lib/python3.12/site-packages/airflow/example_dags/example_latest_only_with_trigger.py took 0.105 seconds
[2025-05-15T13:47:56.082-0400] {processor.py:186} INFO - Started process (PID=56471) to work on /home/aangava/MSP/airflow_venv/lib/python3.12/site-packages/airflow/example_dags/example_latest_only_with_trigger.py
[2025-05-15T13:47:56.094-0400] {processor.py:914} INFO - Processing file /home/aangava/MSP/airflow_venv/lib/python3.12/site-packages/airflow/example_dags/example_latest_only_with_trigger.py for tasks to queue
[2025-05-15T13:47:56.097-0400] {logging_mixin.py:190} INFO - [2025-05-15T13:47:56.096-0400] {dagbag.py:588} INFO - Filling up the DagBag from /home/aangava/MSP/airflow_venv/lib/python3.12/site-packages/airflow/example_dags/example_latest_only_with_trigger.py
[2025-05-15T13:47:56.109-0400] {processor.py:925} INFO - DAG(s) 'latest_only_with_trigger' retrieved from /home/aangava/MSP/airflow_venv/lib/python3.12/site-packages/airflow/example_dags/example_latest_only_with_trigger.py
[2025-05-15T13:47:56.133-0400] {logging_mixin.py:190} INFO - [2025-05-15T13:47:56.133-0400] {dag.py:3239} INFO - Sync 1 DAGs
[2025-05-15T13:47:56.157-0400] {logging_mixin.py:190} INFO - [2025-05-15T13:47:56.157-0400] {dag.py:4180} INFO - Setting next_dagrun for latest_only_with_trigger to 2025-05-15 12:00:00+00:00, run_after=2025-05-15 16:00:00+00:00
[2025-05-15T13:47:56.186-0400] {processor.py:208} INFO - Processing /home/aangava/MSP/airflow_venv/lib/python3.12/site-packages/airflow/example_dags/example_latest_only_with_trigger.py took 0.113 seconds
[2025-05-15T13:58:19.469-0400] {processor.py:186} INFO - Started process (PID=56642) to work on /home/aangava/MSP/airflow_venv/lib/python3.12/site-packages/airflow/example_dags/example_latest_only_with_trigger.py
[2025-05-15T13:58:19.480-0400] {processor.py:914} INFO - Processing file /home/aangava/MSP/airflow_venv/lib/python3.12/site-packages/airflow/example_dags/example_latest_only_with_trigger.py for tasks to queue
[2025-05-15T13:58:19.483-0400] {logging_mixin.py:190} INFO - [2025-05-15T13:58:19.482-0400] {dagbag.py:588} INFO - Filling up the DagBag from /home/aangava/MSP/airflow_venv/lib/python3.12/site-packages/airflow/example_dags/example_latest_only_with_trigger.py
[2025-05-15T13:58:19.493-0400] {processor.py:925} INFO - DAG(s) 'latest_only_with_trigger' retrieved from /home/aangava/MSP/airflow_venv/lib/python3.12/site-packages/airflow/example_dags/example_latest_only_with_trigger.py
[2025-05-15T13:58:19.513-0400] {logging_mixin.py:190} INFO - [2025-05-15T13:58:19.513-0400] {dag.py:3239} INFO - Sync 1 DAGs
[2025-05-15T13:58:19.530-0400] {logging_mixin.py:190} INFO - [2025-05-15T13:58:19.530-0400] {dag.py:4180} INFO - Setting next_dagrun for latest_only_with_trigger to 2025-05-15 12:00:00+00:00, run_after=2025-05-15 16:00:00+00:00
[2025-05-15T13:58:19.557-0400] {processor.py:208} INFO - Processing /home/aangava/MSP/airflow_venv/lib/python3.12/site-packages/airflow/example_dags/example_latest_only_with_trigger.py took 0.096 seconds
[2025-05-15T13:59:15.485-0400] {processor.py:186} INFO - Started process (PID=56862) to work on /home/aangava/MSP/airflow_venv/lib/python3.12/site-packages/airflow/example_dags/example_latest_only_with_trigger.py
[2025-05-15T13:59:15.496-0400] {processor.py:914} INFO - Processing file /home/aangava/MSP/airflow_venv/lib/python3.12/site-packages/airflow/example_dags/example_latest_only_with_trigger.py for tasks to queue
[2025-05-15T13:59:15.499-0400] {logging_mixin.py:190} INFO - [2025-05-15T13:59:15.498-0400] {dagbag.py:588} INFO - Filling up the DagBag from /home/aangava/MSP/airflow_venv/lib/python3.12/site-packages/airflow/example_dags/example_latest_only_with_trigger.py
[2025-05-15T13:59:15.510-0400] {processor.py:925} INFO - DAG(s) 'latest_only_with_trigger' retrieved from /home/aangava/MSP/airflow_venv/lib/python3.12/site-packages/airflow/example_dags/example_latest_only_with_trigger.py
[2025-05-15T13:59:15.535-0400] {logging_mixin.py:190} INFO - [2025-05-15T13:59:15.534-0400] {dag.py:3239} INFO - Sync 1 DAGs
[2025-05-15T13:59:15.559-0400] {logging_mixin.py:190} INFO - [2025-05-15T13:59:15.558-0400] {dag.py:4180} INFO - Setting next_dagrun for latest_only_with_trigger to 2025-05-15 12:00:00+00:00, run_after=2025-05-15 16:00:00+00:00
[2025-05-15T13:59:15.587-0400] {processor.py:208} INFO - Processing /home/aangava/MSP/airflow_venv/lib/python3.12/site-packages/airflow/example_dags/example_latest_only_with_trigger.py took 0.113 seconds
[2025-05-15T14:00:21.803-0400] {processor.py:186} INFO - Started process (PID=57111) to work on /home/aangava/MSP/airflow_venv/lib/python3.12/site-packages/airflow/example_dags/example_latest_only_with_trigger.py
[2025-05-15T14:00:21.808-0400] {processor.py:914} INFO - Processing file /home/aangava/MSP/airflow_venv/lib/python3.12/site-packages/airflow/example_dags/example_latest_only_with_trigger.py for tasks to queue
[2025-05-15T14:00:21.810-0400] {logging_mixin.py:190} INFO - [2025-05-15T14:00:21.809-0400] {dagbag.py:588} INFO - Filling up the DagBag from /home/aangava/MSP/airflow_venv/lib/python3.12/site-packages/airflow/example_dags/example_latest_only_with_trigger.py
[2025-05-15T14:00:21.820-0400] {processor.py:925} INFO - DAG(s) 'latest_only_with_trigger' retrieved from /home/aangava/MSP/airflow_venv/lib/python3.12/site-packages/airflow/example_dags/example_latest_only_with_trigger.py
[2025-05-15T14:00:21.841-0400] {logging_mixin.py:190} INFO - [2025-05-15T14:00:21.841-0400] {dag.py:3239} INFO - Sync 1 DAGs
[2025-05-15T14:00:21.864-0400] {logging_mixin.py:190} INFO - [2025-05-15T14:00:21.864-0400] {dag.py:4180} INFO - Setting next_dagrun for latest_only_with_trigger to 2025-05-15 12:00:00+00:00, run_after=2025-05-15 16:00:00+00:00
[2025-05-15T14:00:21.894-0400] {processor.py:208} INFO - Processing /home/aangava/MSP/airflow_venv/lib/python3.12/site-packages/airflow/example_dags/example_latest_only_with_trigger.py took 0.099 seconds
[2025-05-15T14:01:26.174-0400] {processor.py:186} INFO - Started process (PID=57379) to work on /home/aangava/MSP/airflow_venv/lib/python3.12/site-packages/airflow/example_dags/example_latest_only_with_trigger.py
[2025-05-15T14:01:26.176-0400] {processor.py:914} INFO - Processing file /home/aangava/MSP/airflow_venv/lib/python3.12/site-packages/airflow/example_dags/example_latest_only_with_trigger.py for tasks to queue
[2025-05-15T14:01:26.178-0400] {logging_mixin.py:190} INFO - [2025-05-15T14:01:26.178-0400] {dagbag.py:588} INFO - Filling up the DagBag from /home/aangava/MSP/airflow_venv/lib/python3.12/site-packages/airflow/example_dags/example_latest_only_with_trigger.py
[2025-05-15T14:01:26.190-0400] {processor.py:925} INFO - DAG(s) 'latest_only_with_trigger' retrieved from /home/aangava/MSP/airflow_venv/lib/python3.12/site-packages/airflow/example_dags/example_latest_only_with_trigger.py
[2025-05-15T14:01:26.222-0400] {logging_mixin.py:190} INFO - [2025-05-15T14:01:26.221-0400] {dag.py:3239} INFO - Sync 1 DAGs
[2025-05-15T14:01:26.258-0400] {logging_mixin.py:190} INFO - [2025-05-15T14:01:26.258-0400] {dag.py:4180} INFO - Setting next_dagrun for latest_only_with_trigger to 2025-05-15 12:00:00+00:00, run_after=2025-05-15 16:00:00+00:00
[2025-05-15T14:01:26.299-0400] {processor.py:208} INFO - Processing /home/aangava/MSP/airflow_venv/lib/python3.12/site-packages/airflow/example_dags/example_latest_only_with_trigger.py took 0.136 seconds
[2025-05-15T14:57:26.590-0400] {processor.py:186} INFO - Started process (PID=57561) to work on /home/aangava/MSP/airflow_venv/lib/python3.12/site-packages/airflow/example_dags/example_latest_only_with_trigger.py
[2025-05-15T14:57:26.602-0400] {processor.py:914} INFO - Processing file /home/aangava/MSP/airflow_venv/lib/python3.12/site-packages/airflow/example_dags/example_latest_only_with_trigger.py for tasks to queue
[2025-05-15T14:57:26.605-0400] {logging_mixin.py:190} INFO - [2025-05-15T14:57:26.604-0400] {dagbag.py:588} INFO - Filling up the DagBag from /home/aangava/MSP/airflow_venv/lib/python3.12/site-packages/airflow/example_dags/example_latest_only_with_trigger.py
[2025-05-15T14:57:26.617-0400] {processor.py:925} INFO - DAG(s) 'latest_only_with_trigger' retrieved from /home/aangava/MSP/airflow_venv/lib/python3.12/site-packages/airflow/example_dags/example_latest_only_with_trigger.py
[2025-05-15T14:57:26.642-0400] {logging_mixin.py:190} INFO - [2025-05-15T14:57:26.641-0400] {dag.py:3239} INFO - Sync 1 DAGs
[2025-05-15T14:57:26.665-0400] {logging_mixin.py:190} INFO - [2025-05-15T14:57:26.664-0400] {dag.py:4180} INFO - Setting next_dagrun for latest_only_with_trigger to 2025-05-15 12:00:00+00:00, run_after=2025-05-15 16:00:00+00:00
[2025-05-15T14:57:26.688-0400] {processor.py:208} INFO - Processing /home/aangava/MSP/airflow_venv/lib/python3.12/site-packages/airflow/example_dags/example_latest_only_with_trigger.py took 0.107 seconds
[2025-05-15T14:58:26.855-0400] {processor.py:186} INFO - Started process (PID=57804) to work on /home/aangava/MSP/airflow_venv/lib/python3.12/site-packages/airflow/example_dags/example_latest_only_with_trigger.py
[2025-05-15T14:58:26.866-0400] {processor.py:914} INFO - Processing file /home/aangava/MSP/airflow_venv/lib/python3.12/site-packages/airflow/example_dags/example_latest_only_with_trigger.py for tasks to queue
[2025-05-15T14:58:26.869-0400] {logging_mixin.py:190} INFO - [2025-05-15T14:58:26.868-0400] {dagbag.py:588} INFO - Filling up the DagBag from /home/aangava/MSP/airflow_venv/lib/python3.12/site-packages/airflow/example_dags/example_latest_only_with_trigger.py
[2025-05-15T14:58:26.880-0400] {processor.py:925} INFO - DAG(s) 'latest_only_with_trigger' retrieved from /home/aangava/MSP/airflow_venv/lib/python3.12/site-packages/airflow/example_dags/example_latest_only_with_trigger.py
[2025-05-15T14:58:26.899-0400] {logging_mixin.py:190} INFO - [2025-05-15T14:58:26.899-0400] {dag.py:3239} INFO - Sync 1 DAGs
[2025-05-15T14:58:26.918-0400] {logging_mixin.py:190} INFO - [2025-05-15T14:58:26.917-0400] {dag.py:4180} INFO - Setting next_dagrun for latest_only_with_trigger to 2025-05-15 12:00:00+00:00, run_after=2025-05-15 16:00:00+00:00
[2025-05-15T14:58:26.941-0400] {processor.py:208} INFO - Processing /home/aangava/MSP/airflow_venv/lib/python3.12/site-packages/airflow/example_dags/example_latest_only_with_trigger.py took 0.096 seconds
[2025-05-15T14:59:06.117-0400] {processor.py:186} INFO - Started process (PID=57949) to work on /home/aangava/MSP/airflow_venv/lib/python3.12/site-packages/airflow/example_dags/example_latest_only_with_trigger.py
[2025-05-15T14:59:06.127-0400] {processor.py:914} INFO - Processing file /home/aangava/MSP/airflow_venv/lib/python3.12/site-packages/airflow/example_dags/example_latest_only_with_trigger.py for tasks to queue
[2025-05-15T14:59:06.129-0400] {logging_mixin.py:190} INFO - [2025-05-15T14:59:06.128-0400] {dagbag.py:588} INFO - Filling up the DagBag from /home/aangava/MSP/airflow_venv/lib/python3.12/site-packages/airflow/example_dags/example_latest_only_with_trigger.py
[2025-05-15T14:59:06.140-0400] {processor.py:925} INFO - DAG(s) 'latest_only_with_trigger' retrieved from /home/aangava/MSP/airflow_venv/lib/python3.12/site-packages/airflow/example_dags/example_latest_only_with_trigger.py
[2025-05-15T14:59:06.157-0400] {logging_mixin.py:190} INFO - [2025-05-15T14:59:06.157-0400] {dag.py:3239} INFO - Sync 1 DAGs
[2025-05-15T14:59:06.178-0400] {logging_mixin.py:190} INFO - [2025-05-15T14:59:06.178-0400] {dag.py:4180} INFO - Setting next_dagrun for latest_only_with_trigger to 2025-05-15 12:00:00+00:00, run_after=2025-05-15 16:00:00+00:00
[2025-05-15T14:59:06.213-0400] {processor.py:208} INFO - Processing /home/aangava/MSP/airflow_venv/lib/python3.12/site-packages/airflow/example_dags/example_latest_only_with_trigger.py took 0.103 seconds
[2025-05-15T15:00:16.403-0400] {processor.py:186} INFO - Started process (PID=58213) to work on /home/aangava/MSP/airflow_venv/lib/python3.12/site-packages/airflow/example_dags/example_latest_only_with_trigger.py
[2025-05-15T15:00:16.416-0400] {processor.py:914} INFO - Processing file /home/aangava/MSP/airflow_venv/lib/python3.12/site-packages/airflow/example_dags/example_latest_only_with_trigger.py for tasks to queue
[2025-05-15T15:00:16.418-0400] {logging_mixin.py:190} INFO - [2025-05-15T15:00:16.417-0400] {dagbag.py:588} INFO - Filling up the DagBag from /home/aangava/MSP/airflow_venv/lib/python3.12/site-packages/airflow/example_dags/example_latest_only_with_trigger.py
[2025-05-15T15:00:16.429-0400] {processor.py:925} INFO - DAG(s) 'latest_only_with_trigger' retrieved from /home/aangava/MSP/airflow_venv/lib/python3.12/site-packages/airflow/example_dags/example_latest_only_with_trigger.py
[2025-05-15T15:00:16.450-0400] {logging_mixin.py:190} INFO - [2025-05-15T15:00:16.450-0400] {dag.py:3239} INFO - Sync 1 DAGs
[2025-05-15T15:00:16.469-0400] {logging_mixin.py:190} INFO - [2025-05-15T15:00:16.468-0400] {dag.py:4180} INFO - Setting next_dagrun for latest_only_with_trigger to 2025-05-15 12:00:00+00:00, run_after=2025-05-15 16:00:00+00:00
[2025-05-15T15:00:16.495-0400] {processor.py:208} INFO - Processing /home/aangava/MSP/airflow_venv/lib/python3.12/site-packages/airflow/example_dags/example_latest_only_with_trigger.py took 0.102 seconds
