[2025-05-14T23:00:17.463-0400] {processor.py:186} INFO - Started process (PID=45497) to work on /home/aangava/MSP/airflow_venv/lib/python3.12/site-packages/airflow/example_dags/example_params_trigger_ui.py
[2025-05-14T23:00:17.464-0400] {processor.py:914} INFO - Processing file /home/aangava/MSP/airflow_venv/lib/python3.12/site-packages/airflow/example_dags/example_params_trigger_ui.py for tasks to queue
[2025-05-14T23:00:17.466-0400] {logging_mixin.py:190} INFO - [2025-05-14T23:00:17.465-0400] {dagbag.py:588} INFO - Filling up the DagBag from /home/aangava/MSP/airflow_venv/lib/python3.12/site-packages/airflow/example_dags/example_params_trigger_ui.py
[2025-05-14T23:00:17.476-0400] {processor.py:925} INFO - DAG(s) 'example_params_trigger_ui' retrieved from /home/aangava/MSP/airflow_venv/lib/python3.12/site-packages/airflow/example_dags/example_params_trigger_ui.py
[2025-05-14T23:00:17.513-0400] {logging_mixin.py:190} INFO - [2025-05-14T23:00:17.513-0400] {dag.py:3239} INFO - Sync 1 DAGs
[2025-05-14T23:00:17.525-0400] {logging_mixin.py:190} INFO - [2025-05-14T23:00:17.525-0400] {dag.py:4180} INFO - Setting next_dagrun for example_params_trigger_ui to None, run_after=None
[2025-05-14T23:00:17.544-0400] {processor.py:208} INFO - Processing /home/aangava/MSP/airflow_venv/lib/python3.12/site-packages/airflow/example_dags/example_params_trigger_ui.py took 0.088 seconds
[2025-05-14T23:01:21.480-0400] {processor.py:186} INFO - Started process (PID=45757) to work on /home/aangava/MSP/airflow_venv/lib/python3.12/site-packages/airflow/example_dags/example_params_trigger_ui.py
[2025-05-14T23:01:21.492-0400] {processor.py:914} INFO - Processing file /home/aangava/MSP/airflow_venv/lib/python3.12/site-packages/airflow/example_dags/example_params_trigger_ui.py for tasks to queue
[2025-05-14T23:01:21.495-0400] {logging_mixin.py:190} INFO - [2025-05-14T23:01:21.495-0400] {dagbag.py:588} INFO - Filling up the DagBag from /home/aangava/MSP/airflow_venv/lib/python3.12/site-packages/airflow/example_dags/example_params_trigger_ui.py
[2025-05-14T23:01:21.511-0400] {processor.py:925} INFO - DAG(s) 'example_params_trigger_ui' retrieved from /home/aangava/MSP/airflow_venv/lib/python3.12/site-packages/airflow/example_dags/example_params_trigger_ui.py
[2025-05-14T23:01:21.553-0400] {logging_mixin.py:190} INFO - [2025-05-14T23:01:21.552-0400] {dag.py:3239} INFO - Sync 1 DAGs
[2025-05-14T23:01:21.569-0400] {logging_mixin.py:190} INFO - [2025-05-14T23:01:21.569-0400] {dag.py:4180} INFO - Setting next_dagrun for example_params_trigger_ui to None, run_after=None
[2025-05-14T23:01:21.592-0400] {processor.py:208} INFO - Processing /home/aangava/MSP/airflow_venv/lib/python3.12/site-packages/airflow/example_dags/example_params_trigger_ui.py took 0.123 seconds
[2025-05-14T23:02:23.577-0400] {processor.py:186} INFO - Started process (PID=45998) to work on /home/aangava/MSP/airflow_venv/lib/python3.12/site-packages/airflow/example_dags/example_params_trigger_ui.py
[2025-05-14T23:02:23.590-0400] {processor.py:914} INFO - Processing file /home/aangava/MSP/airflow_venv/lib/python3.12/site-packages/airflow/example_dags/example_params_trigger_ui.py for tasks to queue
[2025-05-14T23:02:23.592-0400] {logging_mixin.py:190} INFO - [2025-05-14T23:02:23.592-0400] {dagbag.py:588} INFO - Filling up the DagBag from /home/aangava/MSP/airflow_venv/lib/python3.12/site-packages/airflow/example_dags/example_params_trigger_ui.py
[2025-05-14T23:02:23.608-0400] {processor.py:925} INFO - DAG(s) 'example_params_trigger_ui' retrieved from /home/aangava/MSP/airflow_venv/lib/python3.12/site-packages/airflow/example_dags/example_params_trigger_ui.py
[2025-05-14T23:02:23.645-0400] {logging_mixin.py:190} INFO - [2025-05-14T23:02:23.645-0400] {dag.py:3239} INFO - Sync 1 DAGs
[2025-05-14T23:02:23.656-0400] {logging_mixin.py:190} INFO - [2025-05-14T23:02:23.656-0400] {dag.py:4180} INFO - Setting next_dagrun for example_params_trigger_ui to None, run_after=None
[2025-05-14T23:02:23.678-0400] {processor.py:208} INFO - Processing /home/aangava/MSP/airflow_venv/lib/python3.12/site-packages/airflow/example_dags/example_params_trigger_ui.py took 0.112 seconds
[2025-05-14T23:03:25.114-0400] {processor.py:186} INFO - Started process (PID=46243) to work on /home/aangava/MSP/airflow_venv/lib/python3.12/site-packages/airflow/example_dags/example_params_trigger_ui.py
[2025-05-14T23:03:25.127-0400] {processor.py:914} INFO - Processing file /home/aangava/MSP/airflow_venv/lib/python3.12/site-packages/airflow/example_dags/example_params_trigger_ui.py for tasks to queue
[2025-05-14T23:03:25.130-0400] {logging_mixin.py:190} INFO - [2025-05-14T23:03:25.129-0400] {dagbag.py:588} INFO - Filling up the DagBag from /home/aangava/MSP/airflow_venv/lib/python3.12/site-packages/airflow/example_dags/example_params_trigger_ui.py
[2025-05-14T23:03:25.146-0400] {processor.py:925} INFO - DAG(s) 'example_params_trigger_ui' retrieved from /home/aangava/MSP/airflow_venv/lib/python3.12/site-packages/airflow/example_dags/example_params_trigger_ui.py
[2025-05-14T23:03:25.185-0400] {logging_mixin.py:190} INFO - [2025-05-14T23:03:25.185-0400] {dag.py:3239} INFO - Sync 1 DAGs
[2025-05-14T23:03:25.197-0400] {logging_mixin.py:190} INFO - [2025-05-14T23:03:25.197-0400] {dag.py:4180} INFO - Setting next_dagrun for example_params_trigger_ui to None, run_after=None
[2025-05-14T23:03:25.221-0400] {processor.py:208} INFO - Processing /home/aangava/MSP/airflow_venv/lib/python3.12/site-packages/airflow/example_dags/example_params_trigger_ui.py took 0.118 seconds
[2025-05-14T23:04:22.674-0400] {processor.py:186} INFO - Started process (PID=46474) to work on /home/aangava/MSP/airflow_venv/lib/python3.12/site-packages/airflow/example_dags/example_params_trigger_ui.py
[2025-05-14T23:04:22.686-0400] {processor.py:914} INFO - Processing file /home/aangava/MSP/airflow_venv/lib/python3.12/site-packages/airflow/example_dags/example_params_trigger_ui.py for tasks to queue
[2025-05-14T23:04:22.688-0400] {logging_mixin.py:190} INFO - [2025-05-14T23:04:22.687-0400] {dagbag.py:588} INFO - Filling up the DagBag from /home/aangava/MSP/airflow_venv/lib/python3.12/site-packages/airflow/example_dags/example_params_trigger_ui.py
[2025-05-14T23:04:22.706-0400] {processor.py:925} INFO - DAG(s) 'example_params_trigger_ui' retrieved from /home/aangava/MSP/airflow_venv/lib/python3.12/site-packages/airflow/example_dags/example_params_trigger_ui.py
[2025-05-14T23:04:22.748-0400] {logging_mixin.py:190} INFO - [2025-05-14T23:04:22.747-0400] {dag.py:3239} INFO - Sync 1 DAGs
[2025-05-14T23:04:22.759-0400] {logging_mixin.py:190} INFO - [2025-05-14T23:04:22.759-0400] {dag.py:4180} INFO - Setting next_dagrun for example_params_trigger_ui to None, run_after=None
[2025-05-14T23:04:22.788-0400] {processor.py:208} INFO - Processing /home/aangava/MSP/airflow_venv/lib/python3.12/site-packages/airflow/example_dags/example_params_trigger_ui.py took 0.127 seconds
[2025-05-14T23:05:20.651-0400] {processor.py:186} INFO - Started process (PID=46705) to work on /home/aangava/MSP/airflow_venv/lib/python3.12/site-packages/airflow/example_dags/example_params_trigger_ui.py
[2025-05-14T23:05:20.666-0400] {processor.py:914} INFO - Processing file /home/aangava/MSP/airflow_venv/lib/python3.12/site-packages/airflow/example_dags/example_params_trigger_ui.py for tasks to queue
[2025-05-14T23:05:20.669-0400] {logging_mixin.py:190} INFO - [2025-05-14T23:05:20.668-0400] {dagbag.py:588} INFO - Filling up the DagBag from /home/aangava/MSP/airflow_venv/lib/python3.12/site-packages/airflow/example_dags/example_params_trigger_ui.py
[2025-05-14T23:05:20.685-0400] {processor.py:925} INFO - DAG(s) 'example_params_trigger_ui' retrieved from /home/aangava/MSP/airflow_venv/lib/python3.12/site-packages/airflow/example_dags/example_params_trigger_ui.py
[2025-05-14T23:05:20.731-0400] {logging_mixin.py:190} INFO - [2025-05-14T23:05:20.731-0400] {dag.py:3239} INFO - Sync 1 DAGs
[2025-05-14T23:05:20.749-0400] {logging_mixin.py:190} INFO - [2025-05-14T23:05:20.749-0400] {dag.py:4180} INFO - Setting next_dagrun for example_params_trigger_ui to None, run_after=None
[2025-05-14T23:05:20.779-0400] {processor.py:208} INFO - Processing /home/aangava/MSP/airflow_venv/lib/python3.12/site-packages/airflow/example_dags/example_params_trigger_ui.py took 0.139 seconds
[2025-05-14T23:06:23.568-0400] {processor.py:186} INFO - Started process (PID=46974) to work on /home/aangava/MSP/airflow_venv/lib/python3.12/site-packages/airflow/example_dags/example_params_trigger_ui.py
[2025-05-14T23:06:23.582-0400] {processor.py:914} INFO - Processing file /home/aangava/MSP/airflow_venv/lib/python3.12/site-packages/airflow/example_dags/example_params_trigger_ui.py for tasks to queue
[2025-05-14T23:06:23.585-0400] {logging_mixin.py:190} INFO - [2025-05-14T23:06:23.584-0400] {dagbag.py:588} INFO - Filling up the DagBag from /home/aangava/MSP/airflow_venv/lib/python3.12/site-packages/airflow/example_dags/example_params_trigger_ui.py
[2025-05-14T23:06:23.603-0400] {processor.py:925} INFO - DAG(s) 'example_params_trigger_ui' retrieved from /home/aangava/MSP/airflow_venv/lib/python3.12/site-packages/airflow/example_dags/example_params_trigger_ui.py
[2025-05-14T23:06:23.643-0400] {logging_mixin.py:190} INFO - [2025-05-14T23:06:23.642-0400] {dag.py:3239} INFO - Sync 1 DAGs
[2025-05-14T23:06:23.655-0400] {logging_mixin.py:190} INFO - [2025-05-14T23:06:23.655-0400] {dag.py:4180} INFO - Setting next_dagrun for example_params_trigger_ui to None, run_after=None
[2025-05-14T23:06:23.680-0400] {processor.py:208} INFO - Processing /home/aangava/MSP/airflow_venv/lib/python3.12/site-packages/airflow/example_dags/example_params_trigger_ui.py took 0.125 seconds
[2025-05-14T23:07:23.760-0400] {processor.py:186} INFO - Started process (PID=47213) to work on /home/aangava/MSP/airflow_venv/lib/python3.12/site-packages/airflow/example_dags/example_params_trigger_ui.py
[2025-05-14T23:07:23.771-0400] {processor.py:914} INFO - Processing file /home/aangava/MSP/airflow_venv/lib/python3.12/site-packages/airflow/example_dags/example_params_trigger_ui.py for tasks to queue
[2025-05-14T23:07:23.775-0400] {logging_mixin.py:190} INFO - [2025-05-14T23:07:23.774-0400] {dagbag.py:588} INFO - Filling up the DagBag from /home/aangava/MSP/airflow_venv/lib/python3.12/site-packages/airflow/example_dags/example_params_trigger_ui.py
[2025-05-14T23:07:23.792-0400] {processor.py:925} INFO - DAG(s) 'example_params_trigger_ui' retrieved from /home/aangava/MSP/airflow_venv/lib/python3.12/site-packages/airflow/example_dags/example_params_trigger_ui.py
[2025-05-14T23:07:23.833-0400] {logging_mixin.py:190} INFO - [2025-05-14T23:07:23.833-0400] {dag.py:3239} INFO - Sync 1 DAGs
[2025-05-14T23:07:23.847-0400] {logging_mixin.py:190} INFO - [2025-05-14T23:07:23.847-0400] {dag.py:4180} INFO - Setting next_dagrun for example_params_trigger_ui to None, run_after=None
[2025-05-14T23:07:23.872-0400] {processor.py:208} INFO - Processing /home/aangava/MSP/airflow_venv/lib/python3.12/site-packages/airflow/example_dags/example_params_trigger_ui.py took 0.124 seconds
[2025-05-14T23:08:28.550-0400] {processor.py:186} INFO - Started process (PID=47472) to work on /home/aangava/MSP/airflow_venv/lib/python3.12/site-packages/airflow/example_dags/example_params_trigger_ui.py
[2025-05-14T23:08:28.561-0400] {processor.py:914} INFO - Processing file /home/aangava/MSP/airflow_venv/lib/python3.12/site-packages/airflow/example_dags/example_params_trigger_ui.py for tasks to queue
[2025-05-14T23:08:28.563-0400] {logging_mixin.py:190} INFO - [2025-05-14T23:08:28.563-0400] {dagbag.py:588} INFO - Filling up the DagBag from /home/aangava/MSP/airflow_venv/lib/python3.12/site-packages/airflow/example_dags/example_params_trigger_ui.py
[2025-05-14T23:08:28.574-0400] {processor.py:925} INFO - DAG(s) 'example_params_trigger_ui' retrieved from /home/aangava/MSP/airflow_venv/lib/python3.12/site-packages/airflow/example_dags/example_params_trigger_ui.py
[2025-05-14T23:08:28.611-0400] {logging_mixin.py:190} INFO - [2025-05-14T23:08:28.611-0400] {dag.py:3239} INFO - Sync 1 DAGs
[2025-05-14T23:08:28.624-0400] {logging_mixin.py:190} INFO - [2025-05-14T23:08:28.623-0400] {dag.py:4180} INFO - Setting next_dagrun for example_params_trigger_ui to None, run_after=None
[2025-05-14T23:08:28.645-0400] {processor.py:208} INFO - Processing /home/aangava/MSP/airflow_venv/lib/python3.12/site-packages/airflow/example_dags/example_params_trigger_ui.py took 0.101 seconds
[2025-05-14T23:09:29.481-0400] {processor.py:186} INFO - Started process (PID=47710) to work on /home/aangava/MSP/airflow_venv/lib/python3.12/site-packages/airflow/example_dags/example_params_trigger_ui.py
[2025-05-14T23:09:29.494-0400] {processor.py:914} INFO - Processing file /home/aangava/MSP/airflow_venv/lib/python3.12/site-packages/airflow/example_dags/example_params_trigger_ui.py for tasks to queue
[2025-05-14T23:09:29.496-0400] {logging_mixin.py:190} INFO - [2025-05-14T23:09:29.496-0400] {dagbag.py:588} INFO - Filling up the DagBag from /home/aangava/MSP/airflow_venv/lib/python3.12/site-packages/airflow/example_dags/example_params_trigger_ui.py
[2025-05-14T23:09:29.512-0400] {processor.py:925} INFO - DAG(s) 'example_params_trigger_ui' retrieved from /home/aangava/MSP/airflow_venv/lib/python3.12/site-packages/airflow/example_dags/example_params_trigger_ui.py
[2025-05-14T23:09:29.551-0400] {logging_mixin.py:190} INFO - [2025-05-14T23:09:29.550-0400] {dag.py:3239} INFO - Sync 1 DAGs
[2025-05-14T23:09:29.564-0400] {logging_mixin.py:190} INFO - [2025-05-14T23:09:29.563-0400] {dag.py:4180} INFO - Setting next_dagrun for example_params_trigger_ui to None, run_after=None
[2025-05-14T23:09:29.586-0400] {processor.py:208} INFO - Processing /home/aangava/MSP/airflow_venv/lib/python3.12/site-packages/airflow/example_dags/example_params_trigger_ui.py took 0.115 seconds
[2025-05-14T23:10:34.962-0400] {processor.py:186} INFO - Started process (PID=47969) to work on /home/aangava/MSP/airflow_venv/lib/python3.12/site-packages/airflow/example_dags/example_params_trigger_ui.py
[2025-05-14T23:10:34.974-0400] {processor.py:914} INFO - Processing file /home/aangava/MSP/airflow_venv/lib/python3.12/site-packages/airflow/example_dags/example_params_trigger_ui.py for tasks to queue
[2025-05-14T23:10:34.977-0400] {logging_mixin.py:190} INFO - [2025-05-14T23:10:34.977-0400] {dagbag.py:588} INFO - Filling up the DagBag from /home/aangava/MSP/airflow_venv/lib/python3.12/site-packages/airflow/example_dags/example_params_trigger_ui.py
[2025-05-14T23:10:34.992-0400] {processor.py:925} INFO - DAG(s) 'example_params_trigger_ui' retrieved from /home/aangava/MSP/airflow_venv/lib/python3.12/site-packages/airflow/example_dags/example_params_trigger_ui.py
[2025-05-14T23:10:35.035-0400] {logging_mixin.py:190} INFO - [2025-05-14T23:10:35.034-0400] {dag.py:3239} INFO - Sync 1 DAGs
[2025-05-14T23:10:35.046-0400] {logging_mixin.py:190} INFO - [2025-05-14T23:10:35.046-0400] {dag.py:4180} INFO - Setting next_dagrun for example_params_trigger_ui to None, run_after=None
[2025-05-14T23:10:35.085-0400] {processor.py:208} INFO - Processing /home/aangava/MSP/airflow_venv/lib/python3.12/site-packages/airflow/example_dags/example_params_trigger_ui.py took 0.135 seconds
[2025-05-14T23:11:35.871-0400] {processor.py:186} INFO - Started process (PID=48226) to work on /home/aangava/MSP/airflow_venv/lib/python3.12/site-packages/airflow/example_dags/example_params_trigger_ui.py
[2025-05-14T23:11:35.884-0400] {processor.py:914} INFO - Processing file /home/aangava/MSP/airflow_venv/lib/python3.12/site-packages/airflow/example_dags/example_params_trigger_ui.py for tasks to queue
[2025-05-14T23:11:35.887-0400] {logging_mixin.py:190} INFO - [2025-05-14T23:11:35.886-0400] {dagbag.py:588} INFO - Filling up the DagBag from /home/aangava/MSP/airflow_venv/lib/python3.12/site-packages/airflow/example_dags/example_params_trigger_ui.py
[2025-05-14T23:11:35.902-0400] {processor.py:925} INFO - DAG(s) 'example_params_trigger_ui' retrieved from /home/aangava/MSP/airflow_venv/lib/python3.12/site-packages/airflow/example_dags/example_params_trigger_ui.py
[2025-05-14T23:11:35.941-0400] {logging_mixin.py:190} INFO - [2025-05-14T23:11:35.940-0400] {dag.py:3239} INFO - Sync 1 DAGs
[2025-05-14T23:11:35.952-0400] {logging_mixin.py:190} INFO - [2025-05-14T23:11:35.952-0400] {dag.py:4180} INFO - Setting next_dagrun for example_params_trigger_ui to None, run_after=None
[2025-05-14T23:11:35.974-0400] {processor.py:208} INFO - Processing /home/aangava/MSP/airflow_venv/lib/python3.12/site-packages/airflow/example_dags/example_params_trigger_ui.py took 0.113 seconds
[2025-05-14T23:12:43.623-0400] {processor.py:186} INFO - Started process (PID=48491) to work on /home/aangava/MSP/airflow_venv/lib/python3.12/site-packages/airflow/example_dags/example_params_trigger_ui.py
[2025-05-14T23:12:43.637-0400] {processor.py:914} INFO - Processing file /home/aangava/MSP/airflow_venv/lib/python3.12/site-packages/airflow/example_dags/example_params_trigger_ui.py for tasks to queue
[2025-05-14T23:12:43.640-0400] {logging_mixin.py:190} INFO - [2025-05-14T23:12:43.639-0400] {dagbag.py:588} INFO - Filling up the DagBag from /home/aangava/MSP/airflow_venv/lib/python3.12/site-packages/airflow/example_dags/example_params_trigger_ui.py
[2025-05-14T23:12:43.655-0400] {processor.py:925} INFO - DAG(s) 'example_params_trigger_ui' retrieved from /home/aangava/MSP/airflow_venv/lib/python3.12/site-packages/airflow/example_dags/example_params_trigger_ui.py
[2025-05-14T23:12:43.698-0400] {logging_mixin.py:190} INFO - [2025-05-14T23:12:43.698-0400] {dag.py:3239} INFO - Sync 1 DAGs
[2025-05-14T23:12:43.712-0400] {logging_mixin.py:190} INFO - [2025-05-14T23:12:43.711-0400] {dag.py:4180} INFO - Setting next_dagrun for example_params_trigger_ui to None, run_after=None
[2025-05-14T23:12:43.742-0400] {processor.py:208} INFO - Processing /home/aangava/MSP/airflow_venv/lib/python3.12/site-packages/airflow/example_dags/example_params_trigger_ui.py took 0.129 seconds
[2025-05-14T23:13:41.803-0400] {processor.py:186} INFO - Started process (PID=48724) to work on /home/aangava/MSP/airflow_venv/lib/python3.12/site-packages/airflow/example_dags/example_params_trigger_ui.py
[2025-05-14T23:13:41.815-0400] {processor.py:914} INFO - Processing file /home/aangava/MSP/airflow_venv/lib/python3.12/site-packages/airflow/example_dags/example_params_trigger_ui.py for tasks to queue
[2025-05-14T23:13:41.819-0400] {logging_mixin.py:190} INFO - [2025-05-14T23:13:41.818-0400] {dagbag.py:588} INFO - Filling up the DagBag from /home/aangava/MSP/airflow_venv/lib/python3.12/site-packages/airflow/example_dags/example_params_trigger_ui.py
[2025-05-14T23:13:41.834-0400] {processor.py:925} INFO - DAG(s) 'example_params_trigger_ui' retrieved from /home/aangava/MSP/airflow_venv/lib/python3.12/site-packages/airflow/example_dags/example_params_trigger_ui.py
[2025-05-14T23:13:41.870-0400] {logging_mixin.py:190} INFO - [2025-05-14T23:13:41.870-0400] {dag.py:3239} INFO - Sync 1 DAGs
[2025-05-14T23:13:41.882-0400] {logging_mixin.py:190} INFO - [2025-05-14T23:13:41.881-0400] {dag.py:4180} INFO - Setting next_dagrun for example_params_trigger_ui to None, run_after=None
[2025-05-14T23:13:41.906-0400] {processor.py:208} INFO - Processing /home/aangava/MSP/airflow_venv/lib/python3.12/site-packages/airflow/example_dags/example_params_trigger_ui.py took 0.112 seconds
[2025-05-14T23:14:45.852-0400] {processor.py:186} INFO - Started process (PID=48974) to work on /home/aangava/MSP/airflow_venv/lib/python3.12/site-packages/airflow/example_dags/example_params_trigger_ui.py
[2025-05-14T23:14:45.863-0400] {processor.py:914} INFO - Processing file /home/aangava/MSP/airflow_venv/lib/python3.12/site-packages/airflow/example_dags/example_params_trigger_ui.py for tasks to queue
[2025-05-14T23:14:45.866-0400] {logging_mixin.py:190} INFO - [2025-05-14T23:14:45.865-0400] {dagbag.py:588} INFO - Filling up the DagBag from /home/aangava/MSP/airflow_venv/lib/python3.12/site-packages/airflow/example_dags/example_params_trigger_ui.py
[2025-05-14T23:14:45.876-0400] {processor.py:925} INFO - DAG(s) 'example_params_trigger_ui' retrieved from /home/aangava/MSP/airflow_venv/lib/python3.12/site-packages/airflow/example_dags/example_params_trigger_ui.py
[2025-05-14T23:14:45.921-0400] {logging_mixin.py:190} INFO - [2025-05-14T23:14:45.920-0400] {dag.py:3239} INFO - Sync 1 DAGs
[2025-05-14T23:14:45.935-0400] {logging_mixin.py:190} INFO - [2025-05-14T23:14:45.935-0400] {dag.py:4180} INFO - Setting next_dagrun for example_params_trigger_ui to None, run_after=None
[2025-05-14T23:14:45.960-0400] {processor.py:208} INFO - Processing /home/aangava/MSP/airflow_venv/lib/python3.12/site-packages/airflow/example_dags/example_params_trigger_ui.py took 0.115 seconds
[2025-05-14T23:15:48.378-0400] {processor.py:186} INFO - Started process (PID=49230) to work on /home/aangava/MSP/airflow_venv/lib/python3.12/site-packages/airflow/example_dags/example_params_trigger_ui.py
[2025-05-14T23:15:48.391-0400] {processor.py:914} INFO - Processing file /home/aangava/MSP/airflow_venv/lib/python3.12/site-packages/airflow/example_dags/example_params_trigger_ui.py for tasks to queue
[2025-05-14T23:15:48.394-0400] {logging_mixin.py:190} INFO - [2025-05-14T23:15:48.393-0400] {dagbag.py:588} INFO - Filling up the DagBag from /home/aangava/MSP/airflow_venv/lib/python3.12/site-packages/airflow/example_dags/example_params_trigger_ui.py
[2025-05-14T23:15:48.411-0400] {processor.py:925} INFO - DAG(s) 'example_params_trigger_ui' retrieved from /home/aangava/MSP/airflow_venv/lib/python3.12/site-packages/airflow/example_dags/example_params_trigger_ui.py
[2025-05-14T23:15:48.454-0400] {logging_mixin.py:190} INFO - [2025-05-14T23:15:48.454-0400] {dag.py:3239} INFO - Sync 1 DAGs
[2025-05-14T23:15:48.467-0400] {logging_mixin.py:190} INFO - [2025-05-14T23:15:48.466-0400] {dag.py:4180} INFO - Setting next_dagrun for example_params_trigger_ui to None, run_after=None
[2025-05-14T23:15:48.488-0400] {processor.py:208} INFO - Processing /home/aangava/MSP/airflow_venv/lib/python3.12/site-packages/airflow/example_dags/example_params_trigger_ui.py took 0.122 seconds
[2025-05-14T23:16:50.219-0400] {processor.py:186} INFO - Started process (PID=49483) to work on /home/aangava/MSP/airflow_venv/lib/python3.12/site-packages/airflow/example_dags/example_params_trigger_ui.py
[2025-05-14T23:16:50.221-0400] {processor.py:914} INFO - Processing file /home/aangava/MSP/airflow_venv/lib/python3.12/site-packages/airflow/example_dags/example_params_trigger_ui.py for tasks to queue
[2025-05-14T23:16:50.222-0400] {logging_mixin.py:190} INFO - [2025-05-14T23:16:50.221-0400] {dagbag.py:588} INFO - Filling up the DagBag from /home/aangava/MSP/airflow_venv/lib/python3.12/site-packages/airflow/example_dags/example_params_trigger_ui.py
[2025-05-14T23:16:50.228-0400] {processor.py:925} INFO - DAG(s) 'example_params_trigger_ui' retrieved from /home/aangava/MSP/airflow_venv/lib/python3.12/site-packages/airflow/example_dags/example_params_trigger_ui.py
[2025-05-14T23:16:50.248-0400] {logging_mixin.py:190} INFO - [2025-05-14T23:16:50.248-0400] {dag.py:3239} INFO - Sync 1 DAGs
[2025-05-14T23:16:50.255-0400] {logging_mixin.py:190} INFO - [2025-05-14T23:16:50.254-0400] {dag.py:4180} INFO - Setting next_dagrun for example_params_trigger_ui to None, run_after=None
[2025-05-14T23:16:50.269-0400] {processor.py:208} INFO - Processing /home/aangava/MSP/airflow_venv/lib/python3.12/site-packages/airflow/example_dags/example_params_trigger_ui.py took 0.054 seconds
[2025-05-14T23:17:50.658-0400] {processor.py:186} INFO - Started process (PID=49723) to work on /home/aangava/MSP/airflow_venv/lib/python3.12/site-packages/airflow/example_dags/example_params_trigger_ui.py
[2025-05-14T23:17:50.669-0400] {processor.py:914} INFO - Processing file /home/aangava/MSP/airflow_venv/lib/python3.12/site-packages/airflow/example_dags/example_params_trigger_ui.py for tasks to queue
[2025-05-14T23:17:50.672-0400] {logging_mixin.py:190} INFO - [2025-05-14T23:17:50.672-0400] {dagbag.py:588} INFO - Filling up the DagBag from /home/aangava/MSP/airflow_venv/lib/python3.12/site-packages/airflow/example_dags/example_params_trigger_ui.py
[2025-05-14T23:17:50.688-0400] {processor.py:925} INFO - DAG(s) 'example_params_trigger_ui' retrieved from /home/aangava/MSP/airflow_venv/lib/python3.12/site-packages/airflow/example_dags/example_params_trigger_ui.py
[2025-05-14T23:17:50.730-0400] {logging_mixin.py:190} INFO - [2025-05-14T23:17:50.729-0400] {dag.py:3239} INFO - Sync 1 DAGs
[2025-05-14T23:17:50.742-0400] {logging_mixin.py:190} INFO - [2025-05-14T23:17:50.742-0400] {dag.py:4180} INFO - Setting next_dagrun for example_params_trigger_ui to None, run_after=None
[2025-05-14T23:17:50.767-0400] {processor.py:208} INFO - Processing /home/aangava/MSP/airflow_venv/lib/python3.12/site-packages/airflow/example_dags/example_params_trigger_ui.py took 0.118 seconds
[2025-05-14T23:18:50.214-0400] {processor.py:186} INFO - Started process (PID=49962) to work on /home/aangava/MSP/airflow_venv/lib/python3.12/site-packages/airflow/example_dags/example_params_trigger_ui.py
[2025-05-14T23:18:50.227-0400] {processor.py:914} INFO - Processing file /home/aangava/MSP/airflow_venv/lib/python3.12/site-packages/airflow/example_dags/example_params_trigger_ui.py for tasks to queue
[2025-05-14T23:18:50.231-0400] {logging_mixin.py:190} INFO - [2025-05-14T23:18:50.230-0400] {dagbag.py:588} INFO - Filling up the DagBag from /home/aangava/MSP/airflow_venv/lib/python3.12/site-packages/airflow/example_dags/example_params_trigger_ui.py
[2025-05-14T23:18:50.246-0400] {processor.py:925} INFO - DAG(s) 'example_params_trigger_ui' retrieved from /home/aangava/MSP/airflow_venv/lib/python3.12/site-packages/airflow/example_dags/example_params_trigger_ui.py
[2025-05-14T23:18:50.285-0400] {logging_mixin.py:190} INFO - [2025-05-14T23:18:50.284-0400] {dag.py:3239} INFO - Sync 1 DAGs
[2025-05-14T23:18:50.296-0400] {logging_mixin.py:190} INFO - [2025-05-14T23:18:50.296-0400] {dag.py:4180} INFO - Setting next_dagrun for example_params_trigger_ui to None, run_after=None
[2025-05-14T23:18:50.320-0400] {processor.py:208} INFO - Processing /home/aangava/MSP/airflow_venv/lib/python3.12/site-packages/airflow/example_dags/example_params_trigger_ui.py took 0.117 seconds
[2025-05-14T23:19:53.019-0400] {processor.py:186} INFO - Started process (PID=50210) to work on /home/aangava/MSP/airflow_venv/lib/python3.12/site-packages/airflow/example_dags/example_params_trigger_ui.py
[2025-05-14T23:19:53.030-0400] {processor.py:914} INFO - Processing file /home/aangava/MSP/airflow_venv/lib/python3.12/site-packages/airflow/example_dags/example_params_trigger_ui.py for tasks to queue
[2025-05-14T23:19:53.033-0400] {logging_mixin.py:190} INFO - [2025-05-14T23:19:53.032-0400] {dagbag.py:588} INFO - Filling up the DagBag from /home/aangava/MSP/airflow_venv/lib/python3.12/site-packages/airflow/example_dags/example_params_trigger_ui.py
[2025-05-14T23:19:53.045-0400] {processor.py:925} INFO - DAG(s) 'example_params_trigger_ui' retrieved from /home/aangava/MSP/airflow_venv/lib/python3.12/site-packages/airflow/example_dags/example_params_trigger_ui.py
[2025-05-14T23:19:53.090-0400] {logging_mixin.py:190} INFO - [2025-05-14T23:19:53.090-0400] {dag.py:3239} INFO - Sync 1 DAGs
[2025-05-14T23:19:53.103-0400] {logging_mixin.py:190} INFO - [2025-05-14T23:19:53.103-0400] {dag.py:4180} INFO - Setting next_dagrun for example_params_trigger_ui to None, run_after=None
[2025-05-14T23:19:53.124-0400] {processor.py:208} INFO - Processing /home/aangava/MSP/airflow_venv/lib/python3.12/site-packages/airflow/example_dags/example_params_trigger_ui.py took 0.114 seconds
[2025-05-14T23:20:58.253-0400] {processor.py:186} INFO - Started process (PID=50475) to work on /home/aangava/MSP/airflow_venv/lib/python3.12/site-packages/airflow/example_dags/example_params_trigger_ui.py
[2025-05-14T23:20:58.256-0400] {processor.py:914} INFO - Processing file /home/aangava/MSP/airflow_venv/lib/python3.12/site-packages/airflow/example_dags/example_params_trigger_ui.py for tasks to queue
[2025-05-14T23:20:58.258-0400] {logging_mixin.py:190} INFO - [2025-05-14T23:20:58.257-0400] {dagbag.py:588} INFO - Filling up the DagBag from /home/aangava/MSP/airflow_venv/lib/python3.12/site-packages/airflow/example_dags/example_params_trigger_ui.py
[2025-05-14T23:20:58.274-0400] {processor.py:925} INFO - DAG(s) 'example_params_trigger_ui' retrieved from /home/aangava/MSP/airflow_venv/lib/python3.12/site-packages/airflow/example_dags/example_params_trigger_ui.py
[2025-05-14T23:20:58.320-0400] {logging_mixin.py:190} INFO - [2025-05-14T23:20:58.319-0400] {dag.py:3239} INFO - Sync 1 DAGs
[2025-05-14T23:20:58.335-0400] {logging_mixin.py:190} INFO - [2025-05-14T23:20:58.335-0400] {dag.py:4180} INFO - Setting next_dagrun for example_params_trigger_ui to None, run_after=None
[2025-05-14T23:20:58.361-0400] {processor.py:208} INFO - Processing /home/aangava/MSP/airflow_venv/lib/python3.12/site-packages/airflow/example_dags/example_params_trigger_ui.py took 0.118 seconds
[2025-05-14T23:22:01.894-0400] {processor.py:186} INFO - Started process (PID=50724) to work on /home/aangava/MSP/airflow_venv/lib/python3.12/site-packages/airflow/example_dags/example_params_trigger_ui.py
[2025-05-14T23:22:01.897-0400] {processor.py:914} INFO - Processing file /home/aangava/MSP/airflow_venv/lib/python3.12/site-packages/airflow/example_dags/example_params_trigger_ui.py for tasks to queue
[2025-05-14T23:22:01.900-0400] {logging_mixin.py:190} INFO - [2025-05-14T23:22:01.899-0400] {dagbag.py:588} INFO - Filling up the DagBag from /home/aangava/MSP/airflow_venv/lib/python3.12/site-packages/airflow/example_dags/example_params_trigger_ui.py
[2025-05-14T23:22:01.914-0400] {processor.py:925} INFO - DAG(s) 'example_params_trigger_ui' retrieved from /home/aangava/MSP/airflow_venv/lib/python3.12/site-packages/airflow/example_dags/example_params_trigger_ui.py
[2025-05-14T23:22:01.959-0400] {logging_mixin.py:190} INFO - [2025-05-14T23:22:01.959-0400] {dag.py:3239} INFO - Sync 1 DAGs
[2025-05-14T23:22:01.970-0400] {logging_mixin.py:190} INFO - [2025-05-14T23:22:01.970-0400] {dag.py:4180} INFO - Setting next_dagrun for example_params_trigger_ui to None, run_after=None
[2025-05-14T23:22:01.997-0400] {processor.py:208} INFO - Processing /home/aangava/MSP/airflow_venv/lib/python3.12/site-packages/airflow/example_dags/example_params_trigger_ui.py took 0.114 seconds
[2025-05-14T23:24:42.939-0400] {processor.py:186} INFO - Started process (PID=51047) to work on /home/aangava/MSP/airflow_venv/lib/python3.12/site-packages/airflow/example_dags/example_params_trigger_ui.py
[2025-05-14T23:24:42.950-0400] {processor.py:914} INFO - Processing file /home/aangava/MSP/airflow_venv/lib/python3.12/site-packages/airflow/example_dags/example_params_trigger_ui.py for tasks to queue
[2025-05-14T23:24:42.952-0400] {logging_mixin.py:190} INFO - [2025-05-14T23:24:42.952-0400] {dagbag.py:588} INFO - Filling up the DagBag from /home/aangava/MSP/airflow_venv/lib/python3.12/site-packages/airflow/example_dags/example_params_trigger_ui.py
[2025-05-14T23:24:42.966-0400] {processor.py:925} INFO - DAG(s) 'example_params_trigger_ui' retrieved from /home/aangava/MSP/airflow_venv/lib/python3.12/site-packages/airflow/example_dags/example_params_trigger_ui.py
[2025-05-14T23:24:43.003-0400] {logging_mixin.py:190} INFO - [2025-05-14T23:24:43.002-0400] {dag.py:3239} INFO - Sync 1 DAGs
[2025-05-14T23:24:43.015-0400] {logging_mixin.py:190} INFO - [2025-05-14T23:24:43.015-0400] {dag.py:4180} INFO - Setting next_dagrun for example_params_trigger_ui to None, run_after=None
[2025-05-14T23:24:43.041-0400] {processor.py:208} INFO - Processing /home/aangava/MSP/airflow_venv/lib/python3.12/site-packages/airflow/example_dags/example_params_trigger_ui.py took 0.111 seconds
[2025-05-14T23:25:46.411-0400] {processor.py:186} INFO - Started process (PID=51296) to work on /home/aangava/MSP/airflow_venv/lib/python3.12/site-packages/airflow/example_dags/example_params_trigger_ui.py
[2025-05-14T23:25:46.422-0400] {processor.py:914} INFO - Processing file /home/aangava/MSP/airflow_venv/lib/python3.12/site-packages/airflow/example_dags/example_params_trigger_ui.py for tasks to queue
[2025-05-14T23:25:46.425-0400] {logging_mixin.py:190} INFO - [2025-05-14T23:25:46.424-0400] {dagbag.py:588} INFO - Filling up the DagBag from /home/aangava/MSP/airflow_venv/lib/python3.12/site-packages/airflow/example_dags/example_params_trigger_ui.py
[2025-05-14T23:25:46.441-0400] {processor.py:925} INFO - DAG(s) 'example_params_trigger_ui' retrieved from /home/aangava/MSP/airflow_venv/lib/python3.12/site-packages/airflow/example_dags/example_params_trigger_ui.py
[2025-05-14T23:25:46.490-0400] {logging_mixin.py:190} INFO - [2025-05-14T23:25:46.490-0400] {dag.py:3239} INFO - Sync 1 DAGs
[2025-05-14T23:25:46.506-0400] {logging_mixin.py:190} INFO - [2025-05-14T23:25:46.506-0400] {dag.py:4180} INFO - Setting next_dagrun for example_params_trigger_ui to None, run_after=None
[2025-05-14T23:25:46.536-0400] {processor.py:208} INFO - Processing /home/aangava/MSP/airflow_venv/lib/python3.12/site-packages/airflow/example_dags/example_params_trigger_ui.py took 0.134 seconds
[2025-05-14T23:26:51.267-0400] {processor.py:186} INFO - Started process (PID=51553) to work on /home/aangava/MSP/airflow_venv/lib/python3.12/site-packages/airflow/example_dags/example_params_trigger_ui.py
[2025-05-14T23:26:51.280-0400] {processor.py:914} INFO - Processing file /home/aangava/MSP/airflow_venv/lib/python3.12/site-packages/airflow/example_dags/example_params_trigger_ui.py for tasks to queue
[2025-05-14T23:26:51.283-0400] {logging_mixin.py:190} INFO - [2025-05-14T23:26:51.282-0400] {dagbag.py:588} INFO - Filling up the DagBag from /home/aangava/MSP/airflow_venv/lib/python3.12/site-packages/airflow/example_dags/example_params_trigger_ui.py
[2025-05-14T23:26:51.300-0400] {processor.py:925} INFO - DAG(s) 'example_params_trigger_ui' retrieved from /home/aangava/MSP/airflow_venv/lib/python3.12/site-packages/airflow/example_dags/example_params_trigger_ui.py
[2025-05-14T23:26:51.344-0400] {logging_mixin.py:190} INFO - [2025-05-14T23:26:51.344-0400] {dag.py:3239} INFO - Sync 1 DAGs
[2025-05-14T23:26:51.361-0400] {logging_mixin.py:190} INFO - [2025-05-14T23:26:51.360-0400] {dag.py:4180} INFO - Setting next_dagrun for example_params_trigger_ui to None, run_after=None
[2025-05-14T23:26:51.384-0400] {processor.py:208} INFO - Processing /home/aangava/MSP/airflow_venv/lib/python3.12/site-packages/airflow/example_dags/example_params_trigger_ui.py took 0.125 seconds
[2025-05-14T23:28:53.341-0400] {processor.py:186} INFO - Started process (PID=51940) to work on /home/aangava/MSP/airflow_venv/lib/python3.12/site-packages/airflow/example_dags/example_params_trigger_ui.py
[2025-05-14T23:28:53.352-0400] {processor.py:914} INFO - Processing file /home/aangava/MSP/airflow_venv/lib/python3.12/site-packages/airflow/example_dags/example_params_trigger_ui.py for tasks to queue
[2025-05-14T23:28:53.354-0400] {logging_mixin.py:190} INFO - [2025-05-14T23:28:53.354-0400] {dagbag.py:588} INFO - Filling up the DagBag from /home/aangava/MSP/airflow_venv/lib/python3.12/site-packages/airflow/example_dags/example_params_trigger_ui.py
[2025-05-14T23:28:53.371-0400] {processor.py:925} INFO - DAG(s) 'example_params_trigger_ui' retrieved from /home/aangava/MSP/airflow_venv/lib/python3.12/site-packages/airflow/example_dags/example_params_trigger_ui.py
[2025-05-14T23:28:53.412-0400] {logging_mixin.py:190} INFO - [2025-05-14T23:28:53.411-0400] {dag.py:3239} INFO - Sync 1 DAGs
[2025-05-14T23:28:53.428-0400] {logging_mixin.py:190} INFO - [2025-05-14T23:28:53.428-0400] {dag.py:4180} INFO - Setting next_dagrun for example_params_trigger_ui to None, run_after=None
[2025-05-14T23:28:53.454-0400] {processor.py:208} INFO - Processing /home/aangava/MSP/airflow_venv/lib/python3.12/site-packages/airflow/example_dags/example_params_trigger_ui.py took 0.121 seconds
[2025-05-14T23:30:02.883-0400] {processor.py:186} INFO - Started process (PID=52209) to work on /home/aangava/MSP/airflow_venv/lib/python3.12/site-packages/airflow/example_dags/example_params_trigger_ui.py
[2025-05-14T23:30:02.895-0400] {processor.py:914} INFO - Processing file /home/aangava/MSP/airflow_venv/lib/python3.12/site-packages/airflow/example_dags/example_params_trigger_ui.py for tasks to queue
[2025-05-14T23:30:02.901-0400] {logging_mixin.py:190} INFO - [2025-05-14T23:30:02.899-0400] {dagbag.py:588} INFO - Filling up the DagBag from /home/aangava/MSP/airflow_venv/lib/python3.12/site-packages/airflow/example_dags/example_params_trigger_ui.py
[2025-05-14T23:30:02.919-0400] {processor.py:925} INFO - DAG(s) 'example_params_trigger_ui' retrieved from /home/aangava/MSP/airflow_venv/lib/python3.12/site-packages/airflow/example_dags/example_params_trigger_ui.py
[2025-05-14T23:30:02.961-0400] {logging_mixin.py:190} INFO - [2025-05-14T23:30:02.961-0400] {dag.py:3239} INFO - Sync 1 DAGs
[2025-05-14T23:30:02.973-0400] {logging_mixin.py:190} INFO - [2025-05-14T23:30:02.973-0400] {dag.py:4180} INFO - Setting next_dagrun for example_params_trigger_ui to None, run_after=None
[2025-05-14T23:30:03.000-0400] {processor.py:208} INFO - Processing /home/aangava/MSP/airflow_venv/lib/python3.12/site-packages/airflow/example_dags/example_params_trigger_ui.py took 0.134 seconds
[2025-05-14T23:31:06.166-0400] {processor.py:186} INFO - Started process (PID=52462) to work on /home/aangava/MSP/airflow_venv/lib/python3.12/site-packages/airflow/example_dags/example_params_trigger_ui.py
[2025-05-14T23:31:06.169-0400] {processor.py:914} INFO - Processing file /home/aangava/MSP/airflow_venv/lib/python3.12/site-packages/airflow/example_dags/example_params_trigger_ui.py for tasks to queue
[2025-05-14T23:31:06.171-0400] {logging_mixin.py:190} INFO - [2025-05-14T23:31:06.171-0400] {dagbag.py:588} INFO - Filling up the DagBag from /home/aangava/MSP/airflow_venv/lib/python3.12/site-packages/airflow/example_dags/example_params_trigger_ui.py
[2025-05-14T23:31:06.187-0400] {processor.py:925} INFO - DAG(s) 'example_params_trigger_ui' retrieved from /home/aangava/MSP/airflow_venv/lib/python3.12/site-packages/airflow/example_dags/example_params_trigger_ui.py
[2025-05-14T23:31:06.425-0400] {logging_mixin.py:190} INFO - [2025-05-14T23:31:06.425-0400] {dag.py:3239} INFO - Sync 1 DAGs
[2025-05-14T23:31:06.438-0400] {logging_mixin.py:190} INFO - [2025-05-14T23:31:06.438-0400] {dag.py:4180} INFO - Setting next_dagrun for example_params_trigger_ui to None, run_after=None
[2025-05-14T23:31:06.476-0400] {processor.py:208} INFO - Processing /home/aangava/MSP/airflow_venv/lib/python3.12/site-packages/airflow/example_dags/example_params_trigger_ui.py took 0.321 seconds
[2025-05-14T23:32:20.405-0400] {processor.py:186} INFO - Started process (PID=52760) to work on /home/aangava/MSP/airflow_venv/lib/python3.12/site-packages/airflow/example_dags/example_params_trigger_ui.py
[2025-05-14T23:32:20.416-0400] {processor.py:914} INFO - Processing file /home/aangava/MSP/airflow_venv/lib/python3.12/site-packages/airflow/example_dags/example_params_trigger_ui.py for tasks to queue
[2025-05-14T23:32:20.418-0400] {logging_mixin.py:190} INFO - [2025-05-14T23:32:20.418-0400] {dagbag.py:588} INFO - Filling up the DagBag from /home/aangava/MSP/airflow_venv/lib/python3.12/site-packages/airflow/example_dags/example_params_trigger_ui.py
[2025-05-14T23:32:20.434-0400] {processor.py:925} INFO - DAG(s) 'example_params_trigger_ui' retrieved from /home/aangava/MSP/airflow_venv/lib/python3.12/site-packages/airflow/example_dags/example_params_trigger_ui.py
[2025-05-14T23:32:20.474-0400] {logging_mixin.py:190} INFO - [2025-05-14T23:32:20.474-0400] {dag.py:3239} INFO - Sync 1 DAGs
[2025-05-14T23:32:20.486-0400] {logging_mixin.py:190} INFO - [2025-05-14T23:32:20.486-0400] {dag.py:4180} INFO - Setting next_dagrun for example_params_trigger_ui to None, run_after=None
[2025-05-14T23:32:20.517-0400] {processor.py:208} INFO - Processing /home/aangava/MSP/airflow_venv/lib/python3.12/site-packages/airflow/example_dags/example_params_trigger_ui.py took 0.121 seconds
[2025-05-14T23:33:27.772-0400] {processor.py:186} INFO - Started process (PID=53022) to work on /home/aangava/MSP/airflow_venv/lib/python3.12/site-packages/airflow/example_dags/example_params_trigger_ui.py
[2025-05-14T23:33:27.783-0400] {processor.py:914} INFO - Processing file /home/aangava/MSP/airflow_venv/lib/python3.12/site-packages/airflow/example_dags/example_params_trigger_ui.py for tasks to queue
[2025-05-14T23:33:27.786-0400] {logging_mixin.py:190} INFO - [2025-05-14T23:33:27.786-0400] {dagbag.py:588} INFO - Filling up the DagBag from /home/aangava/MSP/airflow_venv/lib/python3.12/site-packages/airflow/example_dags/example_params_trigger_ui.py
[2025-05-14T23:33:27.801-0400] {processor.py:925} INFO - DAG(s) 'example_params_trigger_ui' retrieved from /home/aangava/MSP/airflow_venv/lib/python3.12/site-packages/airflow/example_dags/example_params_trigger_ui.py
[2025-05-14T23:33:27.845-0400] {logging_mixin.py:190} INFO - [2025-05-14T23:33:27.845-0400] {dag.py:3239} INFO - Sync 1 DAGs
[2025-05-14T23:33:27.859-0400] {logging_mixin.py:190} INFO - [2025-05-14T23:33:27.859-0400] {dag.py:4180} INFO - Setting next_dagrun for example_params_trigger_ui to None, run_after=None
[2025-05-14T23:33:27.882-0400] {processor.py:208} INFO - Processing /home/aangava/MSP/airflow_venv/lib/python3.12/site-packages/airflow/example_dags/example_params_trigger_ui.py took 0.120 seconds
[2025-05-14T23:39:57.048-0400] {processor.py:186} INFO - Started process (PID=53371) to work on /home/aangava/MSP/airflow_venv/lib/python3.12/site-packages/airflow/example_dags/example_params_trigger_ui.py
[2025-05-14T23:39:57.061-0400] {processor.py:914} INFO - Processing file /home/aangava/MSP/airflow_venv/lib/python3.12/site-packages/airflow/example_dags/example_params_trigger_ui.py for tasks to queue
[2025-05-14T23:39:57.064-0400] {logging_mixin.py:190} INFO - [2025-05-14T23:39:57.063-0400] {dagbag.py:588} INFO - Filling up the DagBag from /home/aangava/MSP/airflow_venv/lib/python3.12/site-packages/airflow/example_dags/example_params_trigger_ui.py
[2025-05-14T23:39:57.082-0400] {processor.py:925} INFO - DAG(s) 'example_params_trigger_ui' retrieved from /home/aangava/MSP/airflow_venv/lib/python3.12/site-packages/airflow/example_dags/example_params_trigger_ui.py
[2025-05-14T23:39:57.118-0400] {logging_mixin.py:190} INFO - [2025-05-14T23:39:57.117-0400] {dag.py:3239} INFO - Sync 1 DAGs
[2025-05-14T23:39:57.129-0400] {logging_mixin.py:190} INFO - [2025-05-14T23:39:57.129-0400] {dag.py:4180} INFO - Setting next_dagrun for example_params_trigger_ui to None, run_after=None
[2025-05-14T23:39:57.153-0400] {processor.py:208} INFO - Processing /home/aangava/MSP/airflow_venv/lib/python3.12/site-packages/airflow/example_dags/example_params_trigger_ui.py took 0.121 seconds
[2025-05-14T23:41:03.196-0400] {processor.py:186} INFO - Started process (PID=53628) to work on /home/aangava/MSP/airflow_venv/lib/python3.12/site-packages/airflow/example_dags/example_params_trigger_ui.py
[2025-05-14T23:41:03.208-0400] {processor.py:914} INFO - Processing file /home/aangava/MSP/airflow_venv/lib/python3.12/site-packages/airflow/example_dags/example_params_trigger_ui.py for tasks to queue
[2025-05-14T23:41:03.210-0400] {logging_mixin.py:190} INFO - [2025-05-14T23:41:03.210-0400] {dagbag.py:588} INFO - Filling up the DagBag from /home/aangava/MSP/airflow_venv/lib/python3.12/site-packages/airflow/example_dags/example_params_trigger_ui.py
[2025-05-14T23:41:03.224-0400] {processor.py:925} INFO - DAG(s) 'example_params_trigger_ui' retrieved from /home/aangava/MSP/airflow_venv/lib/python3.12/site-packages/airflow/example_dags/example_params_trigger_ui.py
[2025-05-14T23:41:03.269-0400] {logging_mixin.py:190} INFO - [2025-05-14T23:41:03.269-0400] {dag.py:3239} INFO - Sync 1 DAGs
[2025-05-14T23:41:03.280-0400] {logging_mixin.py:190} INFO - [2025-05-14T23:41:03.280-0400] {dag.py:4180} INFO - Setting next_dagrun for example_params_trigger_ui to None, run_after=None
[2025-05-14T23:41:03.304-0400] {processor.py:208} INFO - Processing /home/aangava/MSP/airflow_venv/lib/python3.12/site-packages/airflow/example_dags/example_params_trigger_ui.py took 0.117 seconds
[2025-05-14T23:42:05.279-0400] {processor.py:186} INFO - Started process (PID=53871) to work on /home/aangava/MSP/airflow_venv/lib/python3.12/site-packages/airflow/example_dags/example_params_trigger_ui.py
[2025-05-14T23:42:05.292-0400] {processor.py:914} INFO - Processing file /home/aangava/MSP/airflow_venv/lib/python3.12/site-packages/airflow/example_dags/example_params_trigger_ui.py for tasks to queue
[2025-05-14T23:42:05.295-0400] {logging_mixin.py:190} INFO - [2025-05-14T23:42:05.294-0400] {dagbag.py:588} INFO - Filling up the DagBag from /home/aangava/MSP/airflow_venv/lib/python3.12/site-packages/airflow/example_dags/example_params_trigger_ui.py
[2025-05-14T23:42:05.309-0400] {processor.py:925} INFO - DAG(s) 'example_params_trigger_ui' retrieved from /home/aangava/MSP/airflow_venv/lib/python3.12/site-packages/airflow/example_dags/example_params_trigger_ui.py
[2025-05-14T23:42:05.345-0400] {logging_mixin.py:190} INFO - [2025-05-14T23:42:05.345-0400] {dag.py:3239} INFO - Sync 1 DAGs
[2025-05-14T23:42:05.356-0400] {logging_mixin.py:190} INFO - [2025-05-14T23:42:05.356-0400] {dag.py:4180} INFO - Setting next_dagrun for example_params_trigger_ui to None, run_after=None
[2025-05-14T23:42:05.380-0400] {processor.py:208} INFO - Processing /home/aangava/MSP/airflow_venv/lib/python3.12/site-packages/airflow/example_dags/example_params_trigger_ui.py took 0.111 seconds
[2025-05-14T23:43:07.595-0400] {processor.py:186} INFO - Started process (PID=54125) to work on /home/aangava/MSP/airflow_venv/lib/python3.12/site-packages/airflow/example_dags/example_params_trigger_ui.py
[2025-05-14T23:43:07.597-0400] {processor.py:914} INFO - Processing file /home/aangava/MSP/airflow_venv/lib/python3.12/site-packages/airflow/example_dags/example_params_trigger_ui.py for tasks to queue
[2025-05-14T23:43:07.600-0400] {logging_mixin.py:190} INFO - [2025-05-14T23:43:07.599-0400] {dagbag.py:588} INFO - Filling up the DagBag from /home/aangava/MSP/airflow_venv/lib/python3.12/site-packages/airflow/example_dags/example_params_trigger_ui.py
[2025-05-14T23:43:07.627-0400] {processor.py:925} INFO - DAG(s) 'example_params_trigger_ui' retrieved from /home/aangava/MSP/airflow_venv/lib/python3.12/site-packages/airflow/example_dags/example_params_trigger_ui.py
[2025-05-14T23:43:07.730-0400] {logging_mixin.py:190} INFO - [2025-05-14T23:43:07.730-0400] {dag.py:3239} INFO - Sync 1 DAGs
[2025-05-14T23:43:07.766-0400] {logging_mixin.py:190} INFO - [2025-05-14T23:43:07.766-0400] {dag.py:4180} INFO - Setting next_dagrun for example_params_trigger_ui to None, run_after=None
[2025-05-14T23:43:07.813-0400] {processor.py:208} INFO - Processing /home/aangava/MSP/airflow_venv/lib/python3.12/site-packages/airflow/example_dags/example_params_trigger_ui.py took 0.235 seconds
[2025-05-15T13:39:11.982-0400] {processor.py:186} INFO - Started process (PID=54437) to work on /home/aangava/MSP/airflow_venv/lib/python3.12/site-packages/airflow/example_dags/example_params_trigger_ui.py
[2025-05-15T13:39:11.994-0400] {processor.py:914} INFO - Processing file /home/aangava/MSP/airflow_venv/lib/python3.12/site-packages/airflow/example_dags/example_params_trigger_ui.py for tasks to queue
[2025-05-15T13:39:11.997-0400] {logging_mixin.py:190} INFO - [2025-05-15T13:39:11.996-0400] {dagbag.py:588} INFO - Filling up the DagBag from /home/aangava/MSP/airflow_venv/lib/python3.12/site-packages/airflow/example_dags/example_params_trigger_ui.py
[2025-05-15T13:39:12.013-0400] {processor.py:925} INFO - DAG(s) 'example_params_trigger_ui' retrieved from /home/aangava/MSP/airflow_venv/lib/python3.12/site-packages/airflow/example_dags/example_params_trigger_ui.py
[2025-05-15T13:39:12.056-0400] {logging_mixin.py:190} INFO - [2025-05-15T13:39:12.055-0400] {dag.py:3239} INFO - Sync 1 DAGs
[2025-05-15T13:39:12.071-0400] {logging_mixin.py:190} INFO - [2025-05-15T13:39:12.071-0400] {dag.py:4180} INFO - Setting next_dagrun for example_params_trigger_ui to None, run_after=None
[2025-05-15T13:39:12.096-0400] {processor.py:208} INFO - Processing /home/aangava/MSP/airflow_venv/lib/python3.12/site-packages/airflow/example_dags/example_params_trigger_ui.py took 0.124 seconds
[2025-05-15T13:40:15.130-0400] {processor.py:186} INFO - Started process (PID=54687) to work on /home/aangava/MSP/airflow_venv/lib/python3.12/site-packages/airflow/example_dags/example_params_trigger_ui.py
[2025-05-15T13:40:15.142-0400] {processor.py:914} INFO - Processing file /home/aangava/MSP/airflow_venv/lib/python3.12/site-packages/airflow/example_dags/example_params_trigger_ui.py for tasks to queue
[2025-05-15T13:40:15.144-0400] {logging_mixin.py:190} INFO - [2025-05-15T13:40:15.143-0400] {dagbag.py:588} INFO - Filling up the DagBag from /home/aangava/MSP/airflow_venv/lib/python3.12/site-packages/airflow/example_dags/example_params_trigger_ui.py
[2025-05-15T13:40:15.157-0400] {processor.py:925} INFO - DAG(s) 'example_params_trigger_ui' retrieved from /home/aangava/MSP/airflow_venv/lib/python3.12/site-packages/airflow/example_dags/example_params_trigger_ui.py
[2025-05-15T13:40:15.194-0400] {logging_mixin.py:190} INFO - [2025-05-15T13:40:15.194-0400] {dag.py:3239} INFO - Sync 1 DAGs
[2025-05-15T13:40:15.205-0400] {logging_mixin.py:190} INFO - [2025-05-15T13:40:15.204-0400] {dag.py:4180} INFO - Setting next_dagrun for example_params_trigger_ui to None, run_after=None
[2025-05-15T13:40:15.237-0400] {processor.py:208} INFO - Processing /home/aangava/MSP/airflow_venv/lib/python3.12/site-packages/airflow/example_dags/example_params_trigger_ui.py took 0.117 seconds
[2025-05-15T13:41:22.588-0400] {processor.py:186} INFO - Started process (PID=54946) to work on /home/aangava/MSP/airflow_venv/lib/python3.12/site-packages/airflow/example_dags/example_params_trigger_ui.py
[2025-05-15T13:41:22.590-0400] {processor.py:914} INFO - Processing file /home/aangava/MSP/airflow_venv/lib/python3.12/site-packages/airflow/example_dags/example_params_trigger_ui.py for tasks to queue
[2025-05-15T13:41:22.592-0400] {logging_mixin.py:190} INFO - [2025-05-15T13:41:22.592-0400] {dagbag.py:588} INFO - Filling up the DagBag from /home/aangava/MSP/airflow_venv/lib/python3.12/site-packages/airflow/example_dags/example_params_trigger_ui.py
[2025-05-15T13:41:22.608-0400] {processor.py:925} INFO - DAG(s) 'example_params_trigger_ui' retrieved from /home/aangava/MSP/airflow_venv/lib/python3.12/site-packages/airflow/example_dags/example_params_trigger_ui.py
[2025-05-15T13:41:22.648-0400] {logging_mixin.py:190} INFO - [2025-05-15T13:41:22.648-0400] {dag.py:3239} INFO - Sync 1 DAGs
[2025-05-15T13:41:22.664-0400] {logging_mixin.py:190} INFO - [2025-05-15T13:41:22.664-0400] {dag.py:4180} INFO - Setting next_dagrun for example_params_trigger_ui to None, run_after=None
[2025-05-15T13:41:22.696-0400] {processor.py:208} INFO - Processing /home/aangava/MSP/airflow_venv/lib/python3.12/site-packages/airflow/example_dags/example_params_trigger_ui.py took 0.118 seconds
[2025-05-15T13:42:25.727-0400] {processor.py:186} INFO - Started process (PID=55188) to work on /home/aangava/MSP/airflow_venv/lib/python3.12/site-packages/airflow/example_dags/example_params_trigger_ui.py
[2025-05-15T13:42:25.738-0400] {processor.py:914} INFO - Processing file /home/aangava/MSP/airflow_venv/lib/python3.12/site-packages/airflow/example_dags/example_params_trigger_ui.py for tasks to queue
[2025-05-15T13:42:25.740-0400] {logging_mixin.py:190} INFO - [2025-05-15T13:42:25.740-0400] {dagbag.py:588} INFO - Filling up the DagBag from /home/aangava/MSP/airflow_venv/lib/python3.12/site-packages/airflow/example_dags/example_params_trigger_ui.py
[2025-05-15T13:42:25.756-0400] {processor.py:925} INFO - DAG(s) 'example_params_trigger_ui' retrieved from /home/aangava/MSP/airflow_venv/lib/python3.12/site-packages/airflow/example_dags/example_params_trigger_ui.py
[2025-05-15T13:42:25.793-0400] {logging_mixin.py:190} INFO - [2025-05-15T13:42:25.793-0400] {dag.py:3239} INFO - Sync 1 DAGs
[2025-05-15T13:42:25.809-0400] {logging_mixin.py:190} INFO - [2025-05-15T13:42:25.809-0400] {dag.py:4180} INFO - Setting next_dagrun for example_params_trigger_ui to None, run_after=None
[2025-05-15T13:42:25.835-0400] {processor.py:208} INFO - Processing /home/aangava/MSP/airflow_venv/lib/python3.12/site-packages/airflow/example_dags/example_params_trigger_ui.py took 0.124 seconds
[2025-05-15T13:43:27.594-0400] {processor.py:186} INFO - Started process (PID=55438) to work on /home/aangava/MSP/airflow_venv/lib/python3.12/site-packages/airflow/example_dags/example_params_trigger_ui.py
[2025-05-15T13:43:27.604-0400] {processor.py:914} INFO - Processing file /home/aangava/MSP/airflow_venv/lib/python3.12/site-packages/airflow/example_dags/example_params_trigger_ui.py for tasks to queue
[2025-05-15T13:43:27.606-0400] {logging_mixin.py:190} INFO - [2025-05-15T13:43:27.605-0400] {dagbag.py:588} INFO - Filling up the DagBag from /home/aangava/MSP/airflow_venv/lib/python3.12/site-packages/airflow/example_dags/example_params_trigger_ui.py
[2025-05-15T13:43:27.621-0400] {processor.py:925} INFO - DAG(s) 'example_params_trigger_ui' retrieved from /home/aangava/MSP/airflow_venv/lib/python3.12/site-packages/airflow/example_dags/example_params_trigger_ui.py
[2025-05-15T13:43:27.667-0400] {logging_mixin.py:190} INFO - [2025-05-15T13:43:27.667-0400] {dag.py:3239} INFO - Sync 1 DAGs
[2025-05-15T13:43:27.681-0400] {logging_mixin.py:190} INFO - [2025-05-15T13:43:27.681-0400] {dag.py:4180} INFO - Setting next_dagrun for example_params_trigger_ui to None, run_after=None
[2025-05-15T13:43:27.706-0400] {processor.py:208} INFO - Processing /home/aangava/MSP/airflow_venv/lib/python3.12/site-packages/airflow/example_dags/example_params_trigger_ui.py took 0.120 seconds
[2025-05-15T13:44:26.993-0400] {processor.py:186} INFO - Started process (PID=55665) to work on /home/aangava/MSP/airflow_venv/lib/python3.12/site-packages/airflow/example_dags/example_params_trigger_ui.py
[2025-05-15T13:44:27.005-0400] {processor.py:914} INFO - Processing file /home/aangava/MSP/airflow_venv/lib/python3.12/site-packages/airflow/example_dags/example_params_trigger_ui.py for tasks to queue
[2025-05-15T13:44:27.008-0400] {logging_mixin.py:190} INFO - [2025-05-15T13:44:27.007-0400] {dagbag.py:588} INFO - Filling up the DagBag from /home/aangava/MSP/airflow_venv/lib/python3.12/site-packages/airflow/example_dags/example_params_trigger_ui.py
[2025-05-15T13:44:27.024-0400] {processor.py:925} INFO - DAG(s) 'example_params_trigger_ui' retrieved from /home/aangava/MSP/airflow_venv/lib/python3.12/site-packages/airflow/example_dags/example_params_trigger_ui.py
[2025-05-15T13:44:27.065-0400] {logging_mixin.py:190} INFO - [2025-05-15T13:44:27.065-0400] {dag.py:3239} INFO - Sync 1 DAGs
[2025-05-15T13:44:27.077-0400] {logging_mixin.py:190} INFO - [2025-05-15T13:44:27.077-0400] {dag.py:4180} INFO - Setting next_dagrun for example_params_trigger_ui to None, run_after=None
[2025-05-15T13:44:27.113-0400] {processor.py:208} INFO - Processing /home/aangava/MSP/airflow_venv/lib/python3.12/site-packages/airflow/example_dags/example_params_trigger_ui.py took 0.128 seconds
[2025-05-15T13:45:31.040-0400] {processor.py:186} INFO - Started process (PID=55907) to work on /home/aangava/MSP/airflow_venv/lib/python3.12/site-packages/airflow/example_dags/example_params_trigger_ui.py
[2025-05-15T13:45:31.052-0400] {processor.py:914} INFO - Processing file /home/aangava/MSP/airflow_venv/lib/python3.12/site-packages/airflow/example_dags/example_params_trigger_ui.py for tasks to queue
[2025-05-15T13:45:31.055-0400] {logging_mixin.py:190} INFO - [2025-05-15T13:45:31.054-0400] {dagbag.py:588} INFO - Filling up the DagBag from /home/aangava/MSP/airflow_venv/lib/python3.12/site-packages/airflow/example_dags/example_params_trigger_ui.py
[2025-05-15T13:45:31.071-0400] {processor.py:925} INFO - DAG(s) 'example_params_trigger_ui' retrieved from /home/aangava/MSP/airflow_venv/lib/python3.12/site-packages/airflow/example_dags/example_params_trigger_ui.py
[2025-05-15T13:45:31.106-0400] {logging_mixin.py:190} INFO - [2025-05-15T13:45:31.106-0400] {dag.py:3239} INFO - Sync 1 DAGs
[2025-05-15T13:45:31.118-0400] {logging_mixin.py:190} INFO - [2025-05-15T13:45:31.117-0400] {dag.py:4180} INFO - Setting next_dagrun for example_params_trigger_ui to None, run_after=None
[2025-05-15T13:45:31.142-0400] {processor.py:208} INFO - Processing /home/aangava/MSP/airflow_venv/lib/python3.12/site-packages/airflow/example_dags/example_params_trigger_ui.py took 0.112 seconds
[2025-05-15T13:46:32.913-0400] {processor.py:186} INFO - Started process (PID=56143) to work on /home/aangava/MSP/airflow_venv/lib/python3.12/site-packages/airflow/example_dags/example_params_trigger_ui.py
[2025-05-15T13:46:32.925-0400] {processor.py:914} INFO - Processing file /home/aangava/MSP/airflow_venv/lib/python3.12/site-packages/airflow/example_dags/example_params_trigger_ui.py for tasks to queue
[2025-05-15T13:46:32.928-0400] {logging_mixin.py:190} INFO - [2025-05-15T13:46:32.927-0400] {dagbag.py:588} INFO - Filling up the DagBag from /home/aangava/MSP/airflow_venv/lib/python3.12/site-packages/airflow/example_dags/example_params_trigger_ui.py
[2025-05-15T13:46:32.943-0400] {processor.py:925} INFO - DAG(s) 'example_params_trigger_ui' retrieved from /home/aangava/MSP/airflow_venv/lib/python3.12/site-packages/airflow/example_dags/example_params_trigger_ui.py
[2025-05-15T13:46:32.982-0400] {logging_mixin.py:190} INFO - [2025-05-15T13:46:32.982-0400] {dag.py:3239} INFO - Sync 1 DAGs
[2025-05-15T13:46:32.996-0400] {logging_mixin.py:190} INFO - [2025-05-15T13:46:32.995-0400] {dag.py:4180} INFO - Setting next_dagrun for example_params_trigger_ui to None, run_after=None
[2025-05-15T13:46:33.020-0400] {processor.py:208} INFO - Processing /home/aangava/MSP/airflow_venv/lib/python3.12/site-packages/airflow/example_dags/example_params_trigger_ui.py took 0.119 seconds
[2025-05-15T13:47:37.359-0400] {processor.py:186} INFO - Started process (PID=56404) to work on /home/aangava/MSP/airflow_venv/lib/python3.12/site-packages/airflow/example_dags/example_params_trigger_ui.py
[2025-05-15T13:47:37.362-0400] {processor.py:914} INFO - Processing file /home/aangava/MSP/airflow_venv/lib/python3.12/site-packages/airflow/example_dags/example_params_trigger_ui.py for tasks to queue
[2025-05-15T13:47:37.364-0400] {logging_mixin.py:190} INFO - [2025-05-15T13:47:37.363-0400] {dagbag.py:588} INFO - Filling up the DagBag from /home/aangava/MSP/airflow_venv/lib/python3.12/site-packages/airflow/example_dags/example_params_trigger_ui.py
[2025-05-15T13:47:37.379-0400] {processor.py:925} INFO - DAG(s) 'example_params_trigger_ui' retrieved from /home/aangava/MSP/airflow_venv/lib/python3.12/site-packages/airflow/example_dags/example_params_trigger_ui.py
[2025-05-15T13:47:37.424-0400] {logging_mixin.py:190} INFO - [2025-05-15T13:47:37.424-0400] {dag.py:3239} INFO - Sync 1 DAGs
[2025-05-15T13:47:37.437-0400] {logging_mixin.py:190} INFO - [2025-05-15T13:47:37.437-0400] {dag.py:4180} INFO - Setting next_dagrun for example_params_trigger_ui to None, run_after=None
[2025-05-15T13:47:37.464-0400] {processor.py:208} INFO - Processing /home/aangava/MSP/airflow_venv/lib/python3.12/site-packages/airflow/example_dags/example_params_trigger_ui.py took 0.111 seconds
[2025-05-15T13:58:41.394-0400] {processor.py:186} INFO - Started process (PID=56730) to work on /home/aangava/MSP/airflow_venv/lib/python3.12/site-packages/airflow/example_dags/example_params_trigger_ui.py
[2025-05-15T13:58:41.405-0400] {processor.py:914} INFO - Processing file /home/aangava/MSP/airflow_venv/lib/python3.12/site-packages/airflow/example_dags/example_params_trigger_ui.py for tasks to queue
[2025-05-15T13:58:41.407-0400] {logging_mixin.py:190} INFO - [2025-05-15T13:58:41.406-0400] {dagbag.py:588} INFO - Filling up the DagBag from /home/aangava/MSP/airflow_venv/lib/python3.12/site-packages/airflow/example_dags/example_params_trigger_ui.py
[2025-05-15T13:58:41.422-0400] {processor.py:925} INFO - DAG(s) 'example_params_trigger_ui' retrieved from /home/aangava/MSP/airflow_venv/lib/python3.12/site-packages/airflow/example_dags/example_params_trigger_ui.py
[2025-05-15T13:58:41.464-0400] {logging_mixin.py:190} INFO - [2025-05-15T13:58:41.464-0400] {dag.py:3239} INFO - Sync 1 DAGs
[2025-05-15T13:58:41.480-0400] {logging_mixin.py:190} INFO - [2025-05-15T13:58:41.479-0400] {dag.py:4180} INFO - Setting next_dagrun for example_params_trigger_ui to None, run_after=None
[2025-05-15T13:58:41.516-0400] {processor.py:208} INFO - Processing /home/aangava/MSP/airflow_venv/lib/python3.12/site-packages/airflow/example_dags/example_params_trigger_ui.py took 0.131 seconds
[2025-05-15T13:59:47.987-0400] {processor.py:186} INFO - Started process (PID=56983) to work on /home/aangava/MSP/airflow_venv/lib/python3.12/site-packages/airflow/example_dags/example_params_trigger_ui.py
[2025-05-15T13:59:47.999-0400] {processor.py:914} INFO - Processing file /home/aangava/MSP/airflow_venv/lib/python3.12/site-packages/airflow/example_dags/example_params_trigger_ui.py for tasks to queue
[2025-05-15T13:59:48.002-0400] {logging_mixin.py:190} INFO - [2025-05-15T13:59:48.001-0400] {dagbag.py:588} INFO - Filling up the DagBag from /home/aangava/MSP/airflow_venv/lib/python3.12/site-packages/airflow/example_dags/example_params_trigger_ui.py
[2025-05-15T13:59:48.017-0400] {processor.py:925} INFO - DAG(s) 'example_params_trigger_ui' retrieved from /home/aangava/MSP/airflow_venv/lib/python3.12/site-packages/airflow/example_dags/example_params_trigger_ui.py
[2025-05-15T13:59:48.057-0400] {logging_mixin.py:190} INFO - [2025-05-15T13:59:48.057-0400] {dag.py:3239} INFO - Sync 1 DAGs
[2025-05-15T13:59:48.068-0400] {logging_mixin.py:190} INFO - [2025-05-15T13:59:48.068-0400] {dag.py:4180} INFO - Setting next_dagrun for example_params_trigger_ui to None, run_after=None
[2025-05-15T13:59:48.090-0400] {processor.py:208} INFO - Processing /home/aangava/MSP/airflow_venv/lib/python3.12/site-packages/airflow/example_dags/example_params_trigger_ui.py took 0.112 seconds
[2025-05-15T14:00:53.747-0400] {processor.py:186} INFO - Started process (PID=57232) to work on /home/aangava/MSP/airflow_venv/lib/python3.12/site-packages/airflow/example_dags/example_params_trigger_ui.py
[2025-05-15T14:00:53.758-0400] {processor.py:914} INFO - Processing file /home/aangava/MSP/airflow_venv/lib/python3.12/site-packages/airflow/example_dags/example_params_trigger_ui.py for tasks to queue
[2025-05-15T14:00:53.759-0400] {logging_mixin.py:190} INFO - [2025-05-15T14:00:53.759-0400] {dagbag.py:588} INFO - Filling up the DagBag from /home/aangava/MSP/airflow_venv/lib/python3.12/site-packages/airflow/example_dags/example_params_trigger_ui.py
[2025-05-15T14:00:53.775-0400] {processor.py:925} INFO - DAG(s) 'example_params_trigger_ui' retrieved from /home/aangava/MSP/airflow_venv/lib/python3.12/site-packages/airflow/example_dags/example_params_trigger_ui.py
[2025-05-15T14:00:53.822-0400] {logging_mixin.py:190} INFO - [2025-05-15T14:00:53.822-0400] {dag.py:3239} INFO - Sync 1 DAGs
[2025-05-15T14:00:53.834-0400] {logging_mixin.py:190} INFO - [2025-05-15T14:00:53.834-0400] {dag.py:4180} INFO - Setting next_dagrun for example_params_trigger_ui to None, run_after=None
[2025-05-15T14:00:53.859-0400] {processor.py:208} INFO - Processing /home/aangava/MSP/airflow_venv/lib/python3.12/site-packages/airflow/example_dags/example_params_trigger_ui.py took 0.126 seconds
[2025-05-15T14:57:31.847-0400] {processor.py:186} INFO - Started process (PID=57580) to work on /home/aangava/MSP/airflow_venv/lib/python3.12/site-packages/airflow/example_dags/example_params_trigger_ui.py
[2025-05-15T14:57:31.859-0400] {processor.py:914} INFO - Processing file /home/aangava/MSP/airflow_venv/lib/python3.12/site-packages/airflow/example_dags/example_params_trigger_ui.py for tasks to queue
[2025-05-15T14:57:31.861-0400] {logging_mixin.py:190} INFO - [2025-05-15T14:57:31.861-0400] {dagbag.py:588} INFO - Filling up the DagBag from /home/aangava/MSP/airflow_venv/lib/python3.12/site-packages/airflow/example_dags/example_params_trigger_ui.py
[2025-05-15T14:57:31.874-0400] {processor.py:925} INFO - DAG(s) 'example_params_trigger_ui' retrieved from /home/aangava/MSP/airflow_venv/lib/python3.12/site-packages/airflow/example_dags/example_params_trigger_ui.py
[2025-05-15T14:57:31.914-0400] {logging_mixin.py:190} INFO - [2025-05-15T14:57:31.914-0400] {dag.py:3239} INFO - Sync 1 DAGs
[2025-05-15T14:57:31.927-0400] {logging_mixin.py:190} INFO - [2025-05-15T14:57:31.926-0400] {dag.py:4180} INFO - Setting next_dagrun for example_params_trigger_ui to None, run_after=None
[2025-05-15T14:57:31.954-0400] {processor.py:208} INFO - Processing /home/aangava/MSP/airflow_venv/lib/python3.12/site-packages/airflow/example_dags/example_params_trigger_ui.py took 0.115 seconds
[2025-05-15T14:58:32.036-0400] {processor.py:186} INFO - Started process (PID=57821) to work on /home/aangava/MSP/airflow_venv/lib/python3.12/site-packages/airflow/example_dags/example_params_trigger_ui.py
[2025-05-15T14:58:32.048-0400] {processor.py:914} INFO - Processing file /home/aangava/MSP/airflow_venv/lib/python3.12/site-packages/airflow/example_dags/example_params_trigger_ui.py for tasks to queue
[2025-05-15T14:58:32.051-0400] {logging_mixin.py:190} INFO - [2025-05-15T14:58:32.050-0400] {dagbag.py:588} INFO - Filling up the DagBag from /home/aangava/MSP/airflow_venv/lib/python3.12/site-packages/airflow/example_dags/example_params_trigger_ui.py
[2025-05-15T14:58:32.067-0400] {processor.py:925} INFO - DAG(s) 'example_params_trigger_ui' retrieved from /home/aangava/MSP/airflow_venv/lib/python3.12/site-packages/airflow/example_dags/example_params_trigger_ui.py
[2025-05-15T14:58:32.108-0400] {logging_mixin.py:190} INFO - [2025-05-15T14:58:32.108-0400] {dag.py:3239} INFO - Sync 1 DAGs
[2025-05-15T14:58:32.120-0400] {logging_mixin.py:190} INFO - [2025-05-15T14:58:32.120-0400] {dag.py:4180} INFO - Setting next_dagrun for example_params_trigger_ui to None, run_after=None
[2025-05-15T14:58:32.145-0400] {processor.py:208} INFO - Processing /home/aangava/MSP/airflow_venv/lib/python3.12/site-packages/airflow/example_dags/example_params_trigger_ui.py took 0.119 seconds
[2025-05-15T14:59:43.107-0400] {processor.py:186} INFO - Started process (PID=58090) to work on /home/aangava/MSP/airflow_venv/lib/python3.12/site-packages/airflow/example_dags/example_params_trigger_ui.py
[2025-05-15T14:59:43.118-0400] {processor.py:914} INFO - Processing file /home/aangava/MSP/airflow_venv/lib/python3.12/site-packages/airflow/example_dags/example_params_trigger_ui.py for tasks to queue
[2025-05-15T14:59:43.121-0400] {logging_mixin.py:190} INFO - [2025-05-15T14:59:43.120-0400] {dagbag.py:588} INFO - Filling up the DagBag from /home/aangava/MSP/airflow_venv/lib/python3.12/site-packages/airflow/example_dags/example_params_trigger_ui.py
[2025-05-15T14:59:43.137-0400] {processor.py:925} INFO - DAG(s) 'example_params_trigger_ui' retrieved from /home/aangava/MSP/airflow_venv/lib/python3.12/site-packages/airflow/example_dags/example_params_trigger_ui.py
[2025-05-15T14:59:43.178-0400] {logging_mixin.py:190} INFO - [2025-05-15T14:59:43.178-0400] {dag.py:3239} INFO - Sync 1 DAGs
[2025-05-15T14:59:43.190-0400] {logging_mixin.py:190} INFO - [2025-05-15T14:59:43.190-0400] {dag.py:4180} INFO - Setting next_dagrun for example_params_trigger_ui to None, run_after=None
[2025-05-15T14:59:43.220-0400] {processor.py:208} INFO - Processing /home/aangava/MSP/airflow_venv/lib/python3.12/site-packages/airflow/example_dags/example_params_trigger_ui.py took 0.122 seconds
