[2025-05-14T23:00:28.397-0400] {processor.py:186} INFO - Started process (PID=45538) to work on /home/aangava/MSP/airflow_venv/lib/python3.12/site-packages/airflow/example_dags/example_branch_labels.py
[2025-05-14T23:00:28.399-0400] {processor.py:914} INFO - Processing file /home/aangava/MSP/airflow_venv/lib/python3.12/site-packages/airflow/example_dags/example_branch_labels.py for tasks to queue
[2025-05-14T23:00:28.401-0400] {logging_mixin.py:190} INFO - [2025-05-14T23:00:28.400-0400] {dagbag.py:588} INFO - Filling up the DagBag from /home/aangava/MSP/airflow_venv/lib/python3.12/site-packages/airflow/example_dags/example_branch_labels.py
[2025-05-14T23:00:28.413-0400] {processor.py:925} INFO - DAG(s) 'example_branch_labels' retrieved from /home/aangava/MSP/airflow_venv/lib/python3.12/site-packages/airflow/example_dags/example_branch_labels.py
[2025-05-14T23:00:28.431-0400] {logging_mixin.py:190} INFO - [2025-05-14T23:00:28.431-0400] {dag.py:3239} INFO - Sync 1 DAGs
[2025-05-14T23:00:28.449-0400] {logging_mixin.py:190} INFO - [2025-05-14T23:00:28.449-0400] {dag.py:4180} INFO - Setting next_dagrun for example_branch_labels to 2025-05-14 00:00:00+00:00, run_after=2025-05-15 00:00:00+00:00
[2025-05-14T23:00:28.489-0400] {processor.py:208} INFO - Processing /home/aangava/MSP/airflow_venv/lib/python3.12/site-packages/airflow/example_dags/example_branch_labels.py took 0.102 seconds
[2025-05-14T23:01:32.164-0400] {processor.py:186} INFO - Started process (PID=45801) to work on /home/aangava/MSP/airflow_venv/lib/python3.12/site-packages/airflow/example_dags/example_branch_labels.py
[2025-05-14T23:01:32.166-0400] {processor.py:914} INFO - Processing file /home/aangava/MSP/airflow_venv/lib/python3.12/site-packages/airflow/example_dags/example_branch_labels.py for tasks to queue
[2025-05-14T23:01:32.168-0400] {logging_mixin.py:190} INFO - [2025-05-14T23:01:32.168-0400] {dagbag.py:588} INFO - Filling up the DagBag from /home/aangava/MSP/airflow_venv/lib/python3.12/site-packages/airflow/example_dags/example_branch_labels.py
[2025-05-14T23:01:32.179-0400] {processor.py:925} INFO - DAG(s) 'example_branch_labels' retrieved from /home/aangava/MSP/airflow_venv/lib/python3.12/site-packages/airflow/example_dags/example_branch_labels.py
[2025-05-14T23:01:32.198-0400] {logging_mixin.py:190} INFO - [2025-05-14T23:01:32.197-0400] {dag.py:3239} INFO - Sync 1 DAGs
[2025-05-14T23:01:32.216-0400] {logging_mixin.py:190} INFO - [2025-05-14T23:01:32.216-0400] {dag.py:4180} INFO - Setting next_dagrun for example_branch_labels to 2025-05-14 00:00:00+00:00, run_after=2025-05-15 00:00:00+00:00
[2025-05-14T23:01:32.238-0400] {processor.py:208} INFO - Processing /home/aangava/MSP/airflow_venv/lib/python3.12/site-packages/airflow/example_dags/example_branch_labels.py took 0.083 seconds
[2025-05-14T23:02:35.015-0400] {processor.py:186} INFO - Started process (PID=46044) to work on /home/aangava/MSP/airflow_venv/lib/python3.12/site-packages/airflow/example_dags/example_branch_labels.py
[2025-05-14T23:02:35.024-0400] {processor.py:914} INFO - Processing file /home/aangava/MSP/airflow_venv/lib/python3.12/site-packages/airflow/example_dags/example_branch_labels.py for tasks to queue
[2025-05-14T23:02:35.025-0400] {logging_mixin.py:190} INFO - [2025-05-14T23:02:35.025-0400] {dagbag.py:588} INFO - Filling up the DagBag from /home/aangava/MSP/airflow_venv/lib/python3.12/site-packages/airflow/example_dags/example_branch_labels.py
[2025-05-14T23:02:35.031-0400] {processor.py:925} INFO - DAG(s) 'example_branch_labels' retrieved from /home/aangava/MSP/airflow_venv/lib/python3.12/site-packages/airflow/example_dags/example_branch_labels.py
[2025-05-14T23:02:35.042-0400] {logging_mixin.py:190} INFO - [2025-05-14T23:02:35.042-0400] {dag.py:3239} INFO - Sync 1 DAGs
[2025-05-14T23:02:35.053-0400] {logging_mixin.py:190} INFO - [2025-05-14T23:02:35.053-0400] {dag.py:4180} INFO - Setting next_dagrun for example_branch_labels to 2025-05-14 00:00:00+00:00, run_after=2025-05-15 00:00:00+00:00
[2025-05-14T23:02:35.069-0400] {processor.py:208} INFO - Processing /home/aangava/MSP/airflow_venv/lib/python3.12/site-packages/airflow/example_dags/example_branch_labels.py took 0.058 seconds
[2025-05-14T23:03:36.342-0400] {processor.py:186} INFO - Started process (PID=46284) to work on /home/aangava/MSP/airflow_venv/lib/python3.12/site-packages/airflow/example_dags/example_branch_labels.py
[2025-05-14T23:03:36.354-0400] {processor.py:914} INFO - Processing file /home/aangava/MSP/airflow_venv/lib/python3.12/site-packages/airflow/example_dags/example_branch_labels.py for tasks to queue
[2025-05-14T23:03:36.357-0400] {logging_mixin.py:190} INFO - [2025-05-14T23:03:36.356-0400] {dagbag.py:588} INFO - Filling up the DagBag from /home/aangava/MSP/airflow_venv/lib/python3.12/site-packages/airflow/example_dags/example_branch_labels.py
[2025-05-14T23:03:36.371-0400] {processor.py:925} INFO - DAG(s) 'example_branch_labels' retrieved from /home/aangava/MSP/airflow_venv/lib/python3.12/site-packages/airflow/example_dags/example_branch_labels.py
[2025-05-14T23:03:36.393-0400] {logging_mixin.py:190} INFO - [2025-05-14T23:03:36.393-0400] {dag.py:3239} INFO - Sync 1 DAGs
[2025-05-14T23:03:36.413-0400] {logging_mixin.py:190} INFO - [2025-05-14T23:03:36.413-0400] {dag.py:4180} INFO - Setting next_dagrun for example_branch_labels to 2025-05-14 00:00:00+00:00, run_after=2025-05-15 00:00:00+00:00
[2025-05-14T23:03:36.438-0400] {processor.py:208} INFO - Processing /home/aangava/MSP/airflow_venv/lib/python3.12/site-packages/airflow/example_dags/example_branch_labels.py took 0.104 seconds
[2025-05-14T23:04:34.318-0400] {processor.py:186} INFO - Started process (PID=46517) to work on /home/aangava/MSP/airflow_venv/lib/python3.12/site-packages/airflow/example_dags/example_branch_labels.py
[2025-05-14T23:04:34.329-0400] {processor.py:914} INFO - Processing file /home/aangava/MSP/airflow_venv/lib/python3.12/site-packages/airflow/example_dags/example_branch_labels.py for tasks to queue
[2025-05-14T23:04:34.332-0400] {logging_mixin.py:190} INFO - [2025-05-14T23:04:34.331-0400] {dagbag.py:588} INFO - Filling up the DagBag from /home/aangava/MSP/airflow_venv/lib/python3.12/site-packages/airflow/example_dags/example_branch_labels.py
[2025-05-14T23:04:34.344-0400] {processor.py:925} INFO - DAG(s) 'example_branch_labels' retrieved from /home/aangava/MSP/airflow_venv/lib/python3.12/site-packages/airflow/example_dags/example_branch_labels.py
[2025-05-14T23:04:34.364-0400] {logging_mixin.py:190} INFO - [2025-05-14T23:04:34.363-0400] {dag.py:3239} INFO - Sync 1 DAGs
[2025-05-14T23:04:34.382-0400] {logging_mixin.py:190} INFO - [2025-05-14T23:04:34.381-0400] {dag.py:4180} INFO - Setting next_dagrun for example_branch_labels to 2025-05-14 00:00:00+00:00, run_after=2025-05-15 00:00:00+00:00
[2025-05-14T23:04:34.406-0400] {processor.py:208} INFO - Processing /home/aangava/MSP/airflow_venv/lib/python3.12/site-packages/airflow/example_dags/example_branch_labels.py took 0.096 seconds
[2025-05-14T23:05:32.868-0400] {processor.py:186} INFO - Started process (PID=46756) to work on /home/aangava/MSP/airflow_venv/lib/python3.12/site-packages/airflow/example_dags/example_branch_labels.py
[2025-05-14T23:05:32.881-0400] {processor.py:914} INFO - Processing file /home/aangava/MSP/airflow_venv/lib/python3.12/site-packages/airflow/example_dags/example_branch_labels.py for tasks to queue
[2025-05-14T23:05:32.883-0400] {logging_mixin.py:190} INFO - [2025-05-14T23:05:32.883-0400] {dagbag.py:588} INFO - Filling up the DagBag from /home/aangava/MSP/airflow_venv/lib/python3.12/site-packages/airflow/example_dags/example_branch_labels.py
[2025-05-14T23:05:32.899-0400] {processor.py:925} INFO - DAG(s) 'example_branch_labels' retrieved from /home/aangava/MSP/airflow_venv/lib/python3.12/site-packages/airflow/example_dags/example_branch_labels.py
[2025-05-14T23:05:32.922-0400] {logging_mixin.py:190} INFO - [2025-05-14T23:05:32.922-0400] {dag.py:3239} INFO - Sync 1 DAGs
[2025-05-14T23:05:32.942-0400] {logging_mixin.py:190} INFO - [2025-05-14T23:05:32.942-0400] {dag.py:4180} INFO - Setting next_dagrun for example_branch_labels to 2025-05-14 00:00:00+00:00, run_after=2025-05-15 00:00:00+00:00
[2025-05-14T23:05:32.971-0400] {processor.py:208} INFO - Processing /home/aangava/MSP/airflow_venv/lib/python3.12/site-packages/airflow/example_dags/example_branch_labels.py took 0.112 seconds
[2025-05-14T23:06:35.093-0400] {processor.py:186} INFO - Started process (PID=47017) to work on /home/aangava/MSP/airflow_venv/lib/python3.12/site-packages/airflow/example_dags/example_branch_labels.py
[2025-05-14T23:06:35.105-0400] {processor.py:914} INFO - Processing file /home/aangava/MSP/airflow_venv/lib/python3.12/site-packages/airflow/example_dags/example_branch_labels.py for tasks to queue
[2025-05-14T23:06:35.107-0400] {logging_mixin.py:190} INFO - [2025-05-14T23:06:35.107-0400] {dagbag.py:588} INFO - Filling up the DagBag from /home/aangava/MSP/airflow_venv/lib/python3.12/site-packages/airflow/example_dags/example_branch_labels.py
[2025-05-14T23:06:35.121-0400] {processor.py:925} INFO - DAG(s) 'example_branch_labels' retrieved from /home/aangava/MSP/airflow_venv/lib/python3.12/site-packages/airflow/example_dags/example_branch_labels.py
[2025-05-14T23:06:35.140-0400] {logging_mixin.py:190} INFO - [2025-05-14T23:06:35.140-0400] {dag.py:3239} INFO - Sync 1 DAGs
[2025-05-14T23:06:35.158-0400] {logging_mixin.py:190} INFO - [2025-05-14T23:06:35.158-0400] {dag.py:4180} INFO - Setting next_dagrun for example_branch_labels to 2025-05-14 00:00:00+00:00, run_after=2025-05-15 00:00:00+00:00
[2025-05-14T23:06:35.180-0400] {processor.py:208} INFO - Processing /home/aangava/MSP/airflow_venv/lib/python3.12/site-packages/airflow/example_dags/example_branch_labels.py took 0.096 seconds
[2025-05-14T23:07:36.512-0400] {processor.py:186} INFO - Started process (PID=47260) to work on /home/aangava/MSP/airflow_venv/lib/python3.12/site-packages/airflow/example_dags/example_branch_labels.py
[2025-05-14T23:07:36.525-0400] {processor.py:914} INFO - Processing file /home/aangava/MSP/airflow_venv/lib/python3.12/site-packages/airflow/example_dags/example_branch_labels.py for tasks to queue
[2025-05-14T23:07:36.528-0400] {logging_mixin.py:190} INFO - [2025-05-14T23:07:36.527-0400] {dagbag.py:588} INFO - Filling up the DagBag from /home/aangava/MSP/airflow_venv/lib/python3.12/site-packages/airflow/example_dags/example_branch_labels.py
[2025-05-14T23:07:36.543-0400] {processor.py:925} INFO - DAG(s) 'example_branch_labels' retrieved from /home/aangava/MSP/airflow_venv/lib/python3.12/site-packages/airflow/example_dags/example_branch_labels.py
[2025-05-14T23:07:36.565-0400] {logging_mixin.py:190} INFO - [2025-05-14T23:07:36.564-0400] {dag.py:3239} INFO - Sync 1 DAGs
[2025-05-14T23:07:36.589-0400] {logging_mixin.py:190} INFO - [2025-05-14T23:07:36.589-0400] {dag.py:4180} INFO - Setting next_dagrun for example_branch_labels to 2025-05-14 00:00:00+00:00, run_after=2025-05-15 00:00:00+00:00
[2025-05-14T23:07:36.617-0400] {processor.py:208} INFO - Processing /home/aangava/MSP/airflow_venv/lib/python3.12/site-packages/airflow/example_dags/example_branch_labels.py took 0.115 seconds
[2025-05-14T23:08:39.325-0400] {processor.py:186} INFO - Started process (PID=47513) to work on /home/aangava/MSP/airflow_venv/lib/python3.12/site-packages/airflow/example_dags/example_branch_labels.py
[2025-05-14T23:08:39.337-0400] {processor.py:914} INFO - Processing file /home/aangava/MSP/airflow_venv/lib/python3.12/site-packages/airflow/example_dags/example_branch_labels.py for tasks to queue
[2025-05-14T23:08:39.339-0400] {logging_mixin.py:190} INFO - [2025-05-14T23:08:39.338-0400] {dagbag.py:588} INFO - Filling up the DagBag from /home/aangava/MSP/airflow_venv/lib/python3.12/site-packages/airflow/example_dags/example_branch_labels.py
[2025-05-14T23:08:39.351-0400] {processor.py:925} INFO - DAG(s) 'example_branch_labels' retrieved from /home/aangava/MSP/airflow_venv/lib/python3.12/site-packages/airflow/example_dags/example_branch_labels.py
[2025-05-14T23:08:39.370-0400] {logging_mixin.py:190} INFO - [2025-05-14T23:08:39.369-0400] {dag.py:3239} INFO - Sync 1 DAGs
[2025-05-14T23:08:39.387-0400] {logging_mixin.py:190} INFO - [2025-05-14T23:08:39.387-0400] {dag.py:4180} INFO - Setting next_dagrun for example_branch_labels to 2025-05-14 00:00:00+00:00, run_after=2025-05-15 00:00:00+00:00
[2025-05-14T23:08:39.409-0400] {processor.py:208} INFO - Processing /home/aangava/MSP/airflow_venv/lib/python3.12/site-packages/airflow/example_dags/example_branch_labels.py took 0.097 seconds
[2025-05-14T23:09:41.165-0400] {processor.py:186} INFO - Started process (PID=47759) to work on /home/aangava/MSP/airflow_venv/lib/python3.12/site-packages/airflow/example_dags/example_branch_labels.py
[2025-05-14T23:09:41.166-0400] {processor.py:914} INFO - Processing file /home/aangava/MSP/airflow_venv/lib/python3.12/site-packages/airflow/example_dags/example_branch_labels.py for tasks to queue
[2025-05-14T23:09:41.167-0400] {logging_mixin.py:190} INFO - [2025-05-14T23:09:41.167-0400] {dagbag.py:588} INFO - Filling up the DagBag from /home/aangava/MSP/airflow_venv/lib/python3.12/site-packages/airflow/example_dags/example_branch_labels.py
[2025-05-14T23:09:41.174-0400] {processor.py:925} INFO - DAG(s) 'example_branch_labels' retrieved from /home/aangava/MSP/airflow_venv/lib/python3.12/site-packages/airflow/example_dags/example_branch_labels.py
[2025-05-14T23:09:41.185-0400] {logging_mixin.py:190} INFO - [2025-05-14T23:09:41.185-0400] {dag.py:3239} INFO - Sync 1 DAGs
[2025-05-14T23:09:41.197-0400] {logging_mixin.py:190} INFO - [2025-05-14T23:09:41.197-0400] {dag.py:4180} INFO - Setting next_dagrun for example_branch_labels to 2025-05-14 00:00:00+00:00, run_after=2025-05-15 00:00:00+00:00
[2025-05-14T23:09:41.210-0400] {processor.py:208} INFO - Processing /home/aangava/MSP/airflow_venv/lib/python3.12/site-packages/airflow/example_dags/example_branch_labels.py took 0.049 seconds
[2025-05-14T23:10:46.184-0400] {processor.py:186} INFO - Started process (PID=48013) to work on /home/aangava/MSP/airflow_venv/lib/python3.12/site-packages/airflow/example_dags/example_branch_labels.py
[2025-05-14T23:10:46.196-0400] {processor.py:914} INFO - Processing file /home/aangava/MSP/airflow_venv/lib/python3.12/site-packages/airflow/example_dags/example_branch_labels.py for tasks to queue
[2025-05-14T23:10:46.198-0400] {logging_mixin.py:190} INFO - [2025-05-14T23:10:46.197-0400] {dagbag.py:588} INFO - Filling up the DagBag from /home/aangava/MSP/airflow_venv/lib/python3.12/site-packages/airflow/example_dags/example_branch_labels.py
[2025-05-14T23:10:46.209-0400] {processor.py:925} INFO - DAG(s) 'example_branch_labels' retrieved from /home/aangava/MSP/airflow_venv/lib/python3.12/site-packages/airflow/example_dags/example_branch_labels.py
[2025-05-14T23:10:46.226-0400] {logging_mixin.py:190} INFO - [2025-05-14T23:10:46.226-0400] {dag.py:3239} INFO - Sync 1 DAGs
[2025-05-14T23:10:46.245-0400] {logging_mixin.py:190} INFO - [2025-05-14T23:10:46.245-0400] {dag.py:4180} INFO - Setting next_dagrun for example_branch_labels to 2025-05-14 00:00:00+00:00, run_after=2025-05-15 00:00:00+00:00
[2025-05-14T23:10:46.271-0400] {processor.py:208} INFO - Processing /home/aangava/MSP/airflow_venv/lib/python3.12/site-packages/airflow/example_dags/example_branch_labels.py took 0.097 seconds
[2025-05-14T23:11:45.872-0400] {processor.py:186} INFO - Started process (PID=48269) to work on /home/aangava/MSP/airflow_venv/lib/python3.12/site-packages/airflow/example_dags/example_branch_labels.py
[2025-05-14T23:11:45.884-0400] {processor.py:914} INFO - Processing file /home/aangava/MSP/airflow_venv/lib/python3.12/site-packages/airflow/example_dags/example_branch_labels.py for tasks to queue
[2025-05-14T23:11:45.887-0400] {logging_mixin.py:190} INFO - [2025-05-14T23:11:45.886-0400] {dagbag.py:588} INFO - Filling up the DagBag from /home/aangava/MSP/airflow_venv/lib/python3.12/site-packages/airflow/example_dags/example_branch_labels.py
[2025-05-14T23:11:45.901-0400] {processor.py:925} INFO - DAG(s) 'example_branch_labels' retrieved from /home/aangava/MSP/airflow_venv/lib/python3.12/site-packages/airflow/example_dags/example_branch_labels.py
[2025-05-14T23:11:45.919-0400] {logging_mixin.py:190} INFO - [2025-05-14T23:11:45.918-0400] {dag.py:3239} INFO - Sync 1 DAGs
[2025-05-14T23:11:45.939-0400] {logging_mixin.py:190} INFO - [2025-05-14T23:11:45.939-0400] {dag.py:4180} INFO - Setting next_dagrun for example_branch_labels to 2025-05-14 00:00:00+00:00, run_after=2025-05-15 00:00:00+00:00
[2025-05-14T23:11:45.962-0400] {processor.py:208} INFO - Processing /home/aangava/MSP/airflow_venv/lib/python3.12/site-packages/airflow/example_dags/example_branch_labels.py took 0.098 seconds
[2025-05-14T23:12:55.410-0400] {processor.py:186} INFO - Started process (PID=48534) to work on /home/aangava/MSP/airflow_venv/lib/python3.12/site-packages/airflow/example_dags/example_branch_labels.py
[2025-05-14T23:12:55.414-0400] {processor.py:914} INFO - Processing file /home/aangava/MSP/airflow_venv/lib/python3.12/site-packages/airflow/example_dags/example_branch_labels.py for tasks to queue
[2025-05-14T23:12:55.417-0400] {logging_mixin.py:190} INFO - [2025-05-14T23:12:55.416-0400] {dagbag.py:588} INFO - Filling up the DagBag from /home/aangava/MSP/airflow_venv/lib/python3.12/site-packages/airflow/example_dags/example_branch_labels.py
[2025-05-14T23:12:55.431-0400] {processor.py:925} INFO - DAG(s) 'example_branch_labels' retrieved from /home/aangava/MSP/airflow_venv/lib/python3.12/site-packages/airflow/example_dags/example_branch_labels.py
[2025-05-14T23:12:55.452-0400] {logging_mixin.py:190} INFO - [2025-05-14T23:12:55.452-0400] {dag.py:3239} INFO - Sync 1 DAGs
[2025-05-14T23:12:55.475-0400] {logging_mixin.py:190} INFO - [2025-05-14T23:12:55.475-0400] {dag.py:4180} INFO - Setting next_dagrun for example_branch_labels to 2025-05-14 00:00:00+00:00, run_after=2025-05-15 00:00:00+00:00
[2025-05-14T23:12:55.500-0400] {processor.py:208} INFO - Processing /home/aangava/MSP/airflow_venv/lib/python3.12/site-packages/airflow/example_dags/example_branch_labels.py took 0.099 seconds
[2025-05-14T23:13:53.875-0400] {processor.py:186} INFO - Started process (PID=48771) to work on /home/aangava/MSP/airflow_venv/lib/python3.12/site-packages/airflow/example_dags/example_branch_labels.py
[2025-05-14T23:13:53.878-0400] {processor.py:914} INFO - Processing file /home/aangava/MSP/airflow_venv/lib/python3.12/site-packages/airflow/example_dags/example_branch_labels.py for tasks to queue
[2025-05-14T23:13:53.881-0400] {logging_mixin.py:190} INFO - [2025-05-14T23:13:53.880-0400] {dagbag.py:588} INFO - Filling up the DagBag from /home/aangava/MSP/airflow_venv/lib/python3.12/site-packages/airflow/example_dags/example_branch_labels.py
[2025-05-14T23:13:53.895-0400] {processor.py:925} INFO - DAG(s) 'example_branch_labels' retrieved from /home/aangava/MSP/airflow_venv/lib/python3.12/site-packages/airflow/example_dags/example_branch_labels.py
[2025-05-14T23:13:53.917-0400] {logging_mixin.py:190} INFO - [2025-05-14T23:13:53.917-0400] {dag.py:3239} INFO - Sync 1 DAGs
[2025-05-14T23:13:53.935-0400] {logging_mixin.py:190} INFO - [2025-05-14T23:13:53.935-0400] {dag.py:4180} INFO - Setting next_dagrun for example_branch_labels to 2025-05-14 00:00:00+00:00, run_after=2025-05-15 00:00:00+00:00
[2025-05-14T23:13:53.957-0400] {processor.py:208} INFO - Processing /home/aangava/MSP/airflow_venv/lib/python3.12/site-packages/airflow/example_dags/example_branch_labels.py took 0.092 seconds
[2025-05-14T23:14:56.483-0400] {processor.py:186} INFO - Started process (PID=49017) to work on /home/aangava/MSP/airflow_venv/lib/python3.12/site-packages/airflow/example_dags/example_branch_labels.py
[2025-05-14T23:14:56.495-0400] {processor.py:914} INFO - Processing file /home/aangava/MSP/airflow_venv/lib/python3.12/site-packages/airflow/example_dags/example_branch_labels.py for tasks to queue
[2025-05-14T23:14:56.497-0400] {logging_mixin.py:190} INFO - [2025-05-14T23:14:56.497-0400] {dagbag.py:588} INFO - Filling up the DagBag from /home/aangava/MSP/airflow_venv/lib/python3.12/site-packages/airflow/example_dags/example_branch_labels.py
[2025-05-14T23:14:56.511-0400] {processor.py:925} INFO - DAG(s) 'example_branch_labels' retrieved from /home/aangava/MSP/airflow_venv/lib/python3.12/site-packages/airflow/example_dags/example_branch_labels.py
[2025-05-14T23:14:56.534-0400] {logging_mixin.py:190} INFO - [2025-05-14T23:14:56.533-0400] {dag.py:3239} INFO - Sync 1 DAGs
[2025-05-14T23:14:56.557-0400] {logging_mixin.py:190} INFO - [2025-05-14T23:14:56.557-0400] {dag.py:4180} INFO - Setting next_dagrun for example_branch_labels to 2025-05-14 00:00:00+00:00, run_after=2025-05-15 00:00:00+00:00
[2025-05-14T23:14:56.585-0400] {processor.py:208} INFO - Processing /home/aangava/MSP/airflow_venv/lib/python3.12/site-packages/airflow/example_dags/example_branch_labels.py took 0.111 seconds
[2025-05-14T23:15:59.860-0400] {processor.py:186} INFO - Started process (PID=49277) to work on /home/aangava/MSP/airflow_venv/lib/python3.12/site-packages/airflow/example_dags/example_branch_labels.py
[2025-05-14T23:15:59.872-0400] {processor.py:914} INFO - Processing file /home/aangava/MSP/airflow_venv/lib/python3.12/site-packages/airflow/example_dags/example_branch_labels.py for tasks to queue
[2025-05-14T23:15:59.875-0400] {logging_mixin.py:190} INFO - [2025-05-14T23:15:59.875-0400] {dagbag.py:588} INFO - Filling up the DagBag from /home/aangava/MSP/airflow_venv/lib/python3.12/site-packages/airflow/example_dags/example_branch_labels.py
[2025-05-14T23:15:59.892-0400] {processor.py:925} INFO - DAG(s) 'example_branch_labels' retrieved from /home/aangava/MSP/airflow_venv/lib/python3.12/site-packages/airflow/example_dags/example_branch_labels.py
[2025-05-14T23:15:59.913-0400] {logging_mixin.py:190} INFO - [2025-05-14T23:15:59.913-0400] {dag.py:3239} INFO - Sync 1 DAGs
[2025-05-14T23:15:59.935-0400] {logging_mixin.py:190} INFO - [2025-05-14T23:15:59.935-0400] {dag.py:4180} INFO - Setting next_dagrun for example_branch_labels to 2025-05-14 00:00:00+00:00, run_after=2025-05-15 00:00:00+00:00
[2025-05-14T23:15:59.961-0400] {processor.py:208} INFO - Processing /home/aangava/MSP/airflow_venv/lib/python3.12/site-packages/airflow/example_dags/example_branch_labels.py took 0.112 seconds
[2025-05-14T23:17:01.624-0400] {processor.py:186} INFO - Started process (PID=49527) to work on /home/aangava/MSP/airflow_venv/lib/python3.12/site-packages/airflow/example_dags/example_branch_labels.py
[2025-05-14T23:17:01.635-0400] {processor.py:914} INFO - Processing file /home/aangava/MSP/airflow_venv/lib/python3.12/site-packages/airflow/example_dags/example_branch_labels.py for tasks to queue
[2025-05-14T23:17:01.637-0400] {logging_mixin.py:190} INFO - [2025-05-14T23:17:01.637-0400] {dagbag.py:588} INFO - Filling up the DagBag from /home/aangava/MSP/airflow_venv/lib/python3.12/site-packages/airflow/example_dags/example_branch_labels.py
[2025-05-14T23:17:01.652-0400] {processor.py:925} INFO - DAG(s) 'example_branch_labels' retrieved from /home/aangava/MSP/airflow_venv/lib/python3.12/site-packages/airflow/example_dags/example_branch_labels.py
[2025-05-14T23:17:01.671-0400] {logging_mixin.py:190} INFO - [2025-05-14T23:17:01.671-0400] {dag.py:3239} INFO - Sync 1 DAGs
[2025-05-14T23:17:01.689-0400] {logging_mixin.py:190} INFO - [2025-05-14T23:17:01.689-0400] {dag.py:4180} INFO - Setting next_dagrun for example_branch_labels to 2025-05-14 00:00:00+00:00, run_after=2025-05-15 00:00:00+00:00
[2025-05-14T23:17:01.712-0400] {processor.py:208} INFO - Processing /home/aangava/MSP/airflow_venv/lib/python3.12/site-packages/airflow/example_dags/example_branch_labels.py took 0.098 seconds
[2025-05-14T23:18:02.353-0400] {processor.py:186} INFO - Started process (PID=49766) to work on /home/aangava/MSP/airflow_venv/lib/python3.12/site-packages/airflow/example_dags/example_branch_labels.py
[2025-05-14T23:18:02.364-0400] {processor.py:914} INFO - Processing file /home/aangava/MSP/airflow_venv/lib/python3.12/site-packages/airflow/example_dags/example_branch_labels.py for tasks to queue
[2025-05-14T23:18:02.365-0400] {logging_mixin.py:190} INFO - [2025-05-14T23:18:02.365-0400] {dagbag.py:588} INFO - Filling up the DagBag from /home/aangava/MSP/airflow_venv/lib/python3.12/site-packages/airflow/example_dags/example_branch_labels.py
[2025-05-14T23:18:02.372-0400] {processor.py:925} INFO - DAG(s) 'example_branch_labels' retrieved from /home/aangava/MSP/airflow_venv/lib/python3.12/site-packages/airflow/example_dags/example_branch_labels.py
[2025-05-14T23:18:02.384-0400] {logging_mixin.py:190} INFO - [2025-05-14T23:18:02.383-0400] {dag.py:3239} INFO - Sync 1 DAGs
[2025-05-14T23:18:02.394-0400] {logging_mixin.py:190} INFO - [2025-05-14T23:18:02.394-0400] {dag.py:4180} INFO - Setting next_dagrun for example_branch_labels to 2025-05-14 00:00:00+00:00, run_after=2025-05-15 00:00:00+00:00
[2025-05-14T23:18:02.407-0400] {processor.py:208} INFO - Processing /home/aangava/MSP/airflow_venv/lib/python3.12/site-packages/airflow/example_dags/example_branch_labels.py took 0.058 seconds
[2025-05-14T23:19:03.014-0400] {processor.py:186} INFO - Started process (PID=50009) to work on /home/aangava/MSP/airflow_venv/lib/python3.12/site-packages/airflow/example_dags/example_branch_labels.py
[2025-05-14T23:19:03.027-0400] {processor.py:914} INFO - Processing file /home/aangava/MSP/airflow_venv/lib/python3.12/site-packages/airflow/example_dags/example_branch_labels.py for tasks to queue
[2025-05-14T23:19:03.031-0400] {logging_mixin.py:190} INFO - [2025-05-14T23:19:03.030-0400] {dagbag.py:588} INFO - Filling up the DagBag from /home/aangava/MSP/airflow_venv/lib/python3.12/site-packages/airflow/example_dags/example_branch_labels.py
[2025-05-14T23:19:03.046-0400] {processor.py:925} INFO - DAG(s) 'example_branch_labels' retrieved from /home/aangava/MSP/airflow_venv/lib/python3.12/site-packages/airflow/example_dags/example_branch_labels.py
[2025-05-14T23:19:03.069-0400] {logging_mixin.py:190} INFO - [2025-05-14T23:19:03.069-0400] {dag.py:3239} INFO - Sync 1 DAGs
[2025-05-14T23:19:03.093-0400] {logging_mixin.py:190} INFO - [2025-05-14T23:19:03.093-0400] {dag.py:4180} INFO - Setting next_dagrun for example_branch_labels to 2025-05-14 00:00:00+00:00, run_after=2025-05-15 00:00:00+00:00
[2025-05-14T23:19:03.118-0400] {processor.py:208} INFO - Processing /home/aangava/MSP/airflow_venv/lib/python3.12/site-packages/airflow/example_dags/example_branch_labels.py took 0.113 seconds
[2025-05-14T23:20:04.756-0400] {processor.py:186} INFO - Started process (PID=50255) to work on /home/aangava/MSP/airflow_venv/lib/python3.12/site-packages/airflow/example_dags/example_branch_labels.py
[2025-05-14T23:20:04.767-0400] {processor.py:914} INFO - Processing file /home/aangava/MSP/airflow_venv/lib/python3.12/site-packages/airflow/example_dags/example_branch_labels.py for tasks to queue
[2025-05-14T23:20:04.770-0400] {logging_mixin.py:190} INFO - [2025-05-14T23:20:04.769-0400] {dagbag.py:588} INFO - Filling up the DagBag from /home/aangava/MSP/airflow_venv/lib/python3.12/site-packages/airflow/example_dags/example_branch_labels.py
[2025-05-14T23:20:04.786-0400] {processor.py:925} INFO - DAG(s) 'example_branch_labels' retrieved from /home/aangava/MSP/airflow_venv/lib/python3.12/site-packages/airflow/example_dags/example_branch_labels.py
[2025-05-14T23:20:04.809-0400] {logging_mixin.py:190} INFO - [2025-05-14T23:20:04.808-0400] {dag.py:3239} INFO - Sync 1 DAGs
[2025-05-14T23:20:04.832-0400] {logging_mixin.py:190} INFO - [2025-05-14T23:20:04.831-0400] {dag.py:4180} INFO - Setting next_dagrun for example_branch_labels to 2025-05-14 00:00:00+00:00, run_after=2025-05-15 00:00:00+00:00
[2025-05-14T23:20:04.859-0400] {processor.py:208} INFO - Processing /home/aangava/MSP/airflow_venv/lib/python3.12/site-packages/airflow/example_dags/example_branch_labels.py took 0.115 seconds
[2025-05-14T23:21:09.977-0400] {processor.py:186} INFO - Started process (PID=50522) to work on /home/aangava/MSP/airflow_venv/lib/python3.12/site-packages/airflow/example_dags/example_branch_labels.py
[2025-05-14T23:21:09.989-0400] {processor.py:914} INFO - Processing file /home/aangava/MSP/airflow_venv/lib/python3.12/site-packages/airflow/example_dags/example_branch_labels.py for tasks to queue
[2025-05-14T23:21:09.992-0400] {logging_mixin.py:190} INFO - [2025-05-14T23:21:09.991-0400] {dagbag.py:588} INFO - Filling up the DagBag from /home/aangava/MSP/airflow_venv/lib/python3.12/site-packages/airflow/example_dags/example_branch_labels.py
[2025-05-14T23:21:10.005-0400] {processor.py:925} INFO - DAG(s) 'example_branch_labels' retrieved from /home/aangava/MSP/airflow_venv/lib/python3.12/site-packages/airflow/example_dags/example_branch_labels.py
[2025-05-14T23:21:10.024-0400] {logging_mixin.py:190} INFO - [2025-05-14T23:21:10.024-0400] {dag.py:3239} INFO - Sync 1 DAGs
[2025-05-14T23:21:10.044-0400] {logging_mixin.py:190} INFO - [2025-05-14T23:21:10.044-0400] {dag.py:4180} INFO - Setting next_dagrun for example_branch_labels to 2025-05-14 00:00:00+00:00, run_after=2025-05-15 00:00:00+00:00
[2025-05-14T23:21:10.071-0400] {processor.py:208} INFO - Processing /home/aangava/MSP/airflow_venv/lib/python3.12/site-packages/airflow/example_dags/example_branch_labels.py took 0.106 seconds
[2025-05-14T23:22:13.614-0400] {processor.py:186} INFO - Started process (PID=50771) to work on /home/aangava/MSP/airflow_venv/lib/python3.12/site-packages/airflow/example_dags/example_branch_labels.py
[2025-05-14T23:22:13.625-0400] {processor.py:914} INFO - Processing file /home/aangava/MSP/airflow_venv/lib/python3.12/site-packages/airflow/example_dags/example_branch_labels.py for tasks to queue
[2025-05-14T23:22:13.627-0400] {logging_mixin.py:190} INFO - [2025-05-14T23:22:13.627-0400] {dagbag.py:588} INFO - Filling up the DagBag from /home/aangava/MSP/airflow_venv/lib/python3.12/site-packages/airflow/example_dags/example_branch_labels.py
[2025-05-14T23:22:13.640-0400] {processor.py:925} INFO - DAG(s) 'example_branch_labels' retrieved from /home/aangava/MSP/airflow_venv/lib/python3.12/site-packages/airflow/example_dags/example_branch_labels.py
[2025-05-14T23:22:13.662-0400] {logging_mixin.py:190} INFO - [2025-05-14T23:22:13.662-0400] {dag.py:3239} INFO - Sync 1 DAGs
[2025-05-14T23:22:13.684-0400] {logging_mixin.py:190} INFO - [2025-05-14T23:22:13.684-0400] {dag.py:4180} INFO - Setting next_dagrun for example_branch_labels to 2025-05-14 00:00:00+00:00, run_after=2025-05-15 00:00:00+00:00
[2025-05-14T23:22:13.708-0400] {processor.py:208} INFO - Processing /home/aangava/MSP/airflow_venv/lib/python3.12/site-packages/airflow/example_dags/example_branch_labels.py took 0.101 seconds
[2025-05-14T23:24:54.145-0400] {processor.py:186} INFO - Started process (PID=51088) to work on /home/aangava/MSP/airflow_venv/lib/python3.12/site-packages/airflow/example_dags/example_branch_labels.py
[2025-05-14T23:24:54.148-0400] {processor.py:914} INFO - Processing file /home/aangava/MSP/airflow_venv/lib/python3.12/site-packages/airflow/example_dags/example_branch_labels.py for tasks to queue
[2025-05-14T23:24:54.150-0400] {logging_mixin.py:190} INFO - [2025-05-14T23:24:54.149-0400] {dagbag.py:588} INFO - Filling up the DagBag from /home/aangava/MSP/airflow_venv/lib/python3.12/site-packages/airflow/example_dags/example_branch_labels.py
[2025-05-14T23:24:54.167-0400] {processor.py:925} INFO - DAG(s) 'example_branch_labels' retrieved from /home/aangava/MSP/airflow_venv/lib/python3.12/site-packages/airflow/example_dags/example_branch_labels.py
[2025-05-14T23:24:54.191-0400] {logging_mixin.py:190} INFO - [2025-05-14T23:24:54.191-0400] {dag.py:3239} INFO - Sync 1 DAGs
[2025-05-14T23:24:54.212-0400] {logging_mixin.py:190} INFO - [2025-05-14T23:24:54.211-0400] {dag.py:4180} INFO - Setting next_dagrun for example_branch_labels to 2025-05-14 00:00:00+00:00, run_after=2025-05-15 00:00:00+00:00
[2025-05-14T23:24:54.236-0400] {processor.py:208} INFO - Processing /home/aangava/MSP/airflow_venv/lib/python3.12/site-packages/airflow/example_dags/example_branch_labels.py took 0.102 seconds
[2025-05-14T23:25:58.046-0400] {processor.py:186} INFO - Started process (PID=51338) to work on /home/aangava/MSP/airflow_venv/lib/python3.12/site-packages/airflow/example_dags/example_branch_labels.py
[2025-05-14T23:25:58.058-0400] {processor.py:914} INFO - Processing file /home/aangava/MSP/airflow_venv/lib/python3.12/site-packages/airflow/example_dags/example_branch_labels.py for tasks to queue
[2025-05-14T23:25:58.061-0400] {logging_mixin.py:190} INFO - [2025-05-14T23:25:58.060-0400] {dagbag.py:588} INFO - Filling up the DagBag from /home/aangava/MSP/airflow_venv/lib/python3.12/site-packages/airflow/example_dags/example_branch_labels.py
[2025-05-14T23:25:58.074-0400] {processor.py:925} INFO - DAG(s) 'example_branch_labels' retrieved from /home/aangava/MSP/airflow_venv/lib/python3.12/site-packages/airflow/example_dags/example_branch_labels.py
[2025-05-14T23:25:58.091-0400] {logging_mixin.py:190} INFO - [2025-05-14T23:25:58.090-0400] {dag.py:3239} INFO - Sync 1 DAGs
[2025-05-14T23:25:58.109-0400] {logging_mixin.py:190} INFO - [2025-05-14T23:25:58.109-0400] {dag.py:4180} INFO - Setting next_dagrun for example_branch_labels to 2025-05-14 00:00:00+00:00, run_after=2025-05-15 00:00:00+00:00
[2025-05-14T23:25:58.133-0400] {processor.py:208} INFO - Processing /home/aangava/MSP/airflow_venv/lib/python3.12/site-packages/airflow/example_dags/example_branch_labels.py took 0.096 seconds
[2025-05-14T23:27:04.640-0400] {processor.py:186} INFO - Started process (PID=51603) to work on /home/aangava/MSP/airflow_venv/lib/python3.12/site-packages/airflow/example_dags/example_branch_labels.py
[2025-05-14T23:27:04.651-0400] {processor.py:914} INFO - Processing file /home/aangava/MSP/airflow_venv/lib/python3.12/site-packages/airflow/example_dags/example_branch_labels.py for tasks to queue
[2025-05-14T23:27:04.653-0400] {logging_mixin.py:190} INFO - [2025-05-14T23:27:04.653-0400] {dagbag.py:588} INFO - Filling up the DagBag from /home/aangava/MSP/airflow_venv/lib/python3.12/site-packages/airflow/example_dags/example_branch_labels.py
[2025-05-14T23:27:04.669-0400] {processor.py:925} INFO - DAG(s) 'example_branch_labels' retrieved from /home/aangava/MSP/airflow_venv/lib/python3.12/site-packages/airflow/example_dags/example_branch_labels.py
[2025-05-14T23:27:04.696-0400] {logging_mixin.py:190} INFO - [2025-05-14T23:27:04.696-0400] {dag.py:3239} INFO - Sync 1 DAGs
[2025-05-14T23:27:04.720-0400] {logging_mixin.py:190} INFO - [2025-05-14T23:27:04.720-0400] {dag.py:4180} INFO - Setting next_dagrun for example_branch_labels to 2025-05-14 00:00:00+00:00, run_after=2025-05-15 00:00:00+00:00
[2025-05-14T23:27:04.748-0400] {processor.py:208} INFO - Processing /home/aangava/MSP/airflow_venv/lib/python3.12/site-packages/airflow/example_dags/example_branch_labels.py took 0.118 seconds
[2025-05-14T23:29:06.606-0400] {processor.py:186} INFO - Started process (PID=51990) to work on /home/aangava/MSP/airflow_venv/lib/python3.12/site-packages/airflow/example_dags/example_branch_labels.py
[2025-05-14T23:29:06.610-0400] {processor.py:914} INFO - Processing file /home/aangava/MSP/airflow_venv/lib/python3.12/site-packages/airflow/example_dags/example_branch_labels.py for tasks to queue
[2025-05-14T23:29:06.612-0400] {logging_mixin.py:190} INFO - [2025-05-14T23:29:06.611-0400] {dagbag.py:588} INFO - Filling up the DagBag from /home/aangava/MSP/airflow_venv/lib/python3.12/site-packages/airflow/example_dags/example_branch_labels.py
[2025-05-14T23:29:06.626-0400] {processor.py:925} INFO - DAG(s) 'example_branch_labels' retrieved from /home/aangava/MSP/airflow_venv/lib/python3.12/site-packages/airflow/example_dags/example_branch_labels.py
[2025-05-14T23:29:06.644-0400] {logging_mixin.py:190} INFO - [2025-05-14T23:29:06.644-0400] {dag.py:3239} INFO - Sync 1 DAGs
[2025-05-14T23:29:06.662-0400] {logging_mixin.py:190} INFO - [2025-05-14T23:29:06.662-0400] {dag.py:4180} INFO - Setting next_dagrun for example_branch_labels to 2025-05-14 00:00:00+00:00, run_after=2025-05-15 00:00:00+00:00
[2025-05-14T23:29:06.686-0400] {processor.py:208} INFO - Processing /home/aangava/MSP/airflow_venv/lib/python3.12/site-packages/airflow/example_dags/example_branch_labels.py took 0.091 seconds
[2025-05-14T23:30:14.095-0400] {processor.py:186} INFO - Started process (PID=52252) to work on /home/aangava/MSP/airflow_venv/lib/python3.12/site-packages/airflow/example_dags/example_branch_labels.py
[2025-05-14T23:30:14.099-0400] {processor.py:914} INFO - Processing file /home/aangava/MSP/airflow_venv/lib/python3.12/site-packages/airflow/example_dags/example_branch_labels.py for tasks to queue
[2025-05-14T23:30:14.101-0400] {logging_mixin.py:190} INFO - [2025-05-14T23:30:14.100-0400] {dagbag.py:588} INFO - Filling up the DagBag from /home/aangava/MSP/airflow_venv/lib/python3.12/site-packages/airflow/example_dags/example_branch_labels.py
[2025-05-14T23:30:14.115-0400] {processor.py:925} INFO - DAG(s) 'example_branch_labels' retrieved from /home/aangava/MSP/airflow_venv/lib/python3.12/site-packages/airflow/example_dags/example_branch_labels.py
[2025-05-14T23:30:14.143-0400] {logging_mixin.py:190} INFO - [2025-05-14T23:30:14.143-0400] {dag.py:3239} INFO - Sync 1 DAGs
[2025-05-14T23:30:14.169-0400] {logging_mixin.py:190} INFO - [2025-05-14T23:30:14.169-0400] {dag.py:4180} INFO - Setting next_dagrun for example_branch_labels to 2025-05-14 00:00:00+00:00, run_after=2025-05-15 00:00:00+00:00
[2025-05-14T23:30:14.194-0400] {processor.py:208} INFO - Processing /home/aangava/MSP/airflow_venv/lib/python3.12/site-packages/airflow/example_dags/example_branch_labels.py took 0.111 seconds
[2025-05-14T23:31:19.278-0400] {processor.py:186} INFO - Started process (PID=52511) to work on /home/aangava/MSP/airflow_venv/lib/python3.12/site-packages/airflow/example_dags/example_branch_labels.py
[2025-05-14T23:31:19.290-0400] {processor.py:914} INFO - Processing file /home/aangava/MSP/airflow_venv/lib/python3.12/site-packages/airflow/example_dags/example_branch_labels.py for tasks to queue
[2025-05-14T23:31:19.294-0400] {logging_mixin.py:190} INFO - [2025-05-14T23:31:19.293-0400] {dagbag.py:588} INFO - Filling up the DagBag from /home/aangava/MSP/airflow_venv/lib/python3.12/site-packages/airflow/example_dags/example_branch_labels.py
[2025-05-14T23:31:19.309-0400] {processor.py:925} INFO - DAG(s) 'example_branch_labels' retrieved from /home/aangava/MSP/airflow_venv/lib/python3.12/site-packages/airflow/example_dags/example_branch_labels.py
[2025-05-14T23:31:19.331-0400] {logging_mixin.py:190} INFO - [2025-05-14T23:31:19.331-0400] {dag.py:3239} INFO - Sync 1 DAGs
[2025-05-14T23:31:19.523-0400] {logging_mixin.py:190} INFO - [2025-05-14T23:31:19.523-0400] {dag.py:4180} INFO - Setting next_dagrun for example_branch_labels to 2025-05-14 00:00:00+00:00, run_after=2025-05-15 00:00:00+00:00
[2025-05-14T23:31:19.561-0400] {processor.py:208} INFO - Processing /home/aangava/MSP/airflow_venv/lib/python3.12/site-packages/airflow/example_dags/example_branch_labels.py took 0.293 seconds
[2025-05-14T23:32:32.096-0400] {processor.py:186} INFO - Started process (PID=52807) to work on /home/aangava/MSP/airflow_venv/lib/python3.12/site-packages/airflow/example_dags/example_branch_labels.py
[2025-05-14T23:32:32.108-0400] {processor.py:914} INFO - Processing file /home/aangava/MSP/airflow_venv/lib/python3.12/site-packages/airflow/example_dags/example_branch_labels.py for tasks to queue
[2025-05-14T23:32:32.113-0400] {logging_mixin.py:190} INFO - [2025-05-14T23:32:32.112-0400] {dagbag.py:588} INFO - Filling up the DagBag from /home/aangava/MSP/airflow_venv/lib/python3.12/site-packages/airflow/example_dags/example_branch_labels.py
[2025-05-14T23:32:32.127-0400] {processor.py:925} INFO - DAG(s) 'example_branch_labels' retrieved from /home/aangava/MSP/airflow_venv/lib/python3.12/site-packages/airflow/example_dags/example_branch_labels.py
[2025-05-14T23:32:32.150-0400] {logging_mixin.py:190} INFO - [2025-05-14T23:32:32.150-0400] {dag.py:3239} INFO - Sync 1 DAGs
[2025-05-14T23:32:32.168-0400] {logging_mixin.py:190} INFO - [2025-05-14T23:32:32.167-0400] {dag.py:4180} INFO - Setting next_dagrun for example_branch_labels to 2025-05-14 00:00:00+00:00, run_after=2025-05-15 00:00:00+00:00
[2025-05-14T23:32:32.192-0400] {processor.py:208} INFO - Processing /home/aangava/MSP/airflow_venv/lib/python3.12/site-packages/airflow/example_dags/example_branch_labels.py took 0.107 seconds
[2025-05-14T23:33:39.690-0400] {processor.py:186} INFO - Started process (PID=53069) to work on /home/aangava/MSP/airflow_venv/lib/python3.12/site-packages/airflow/example_dags/example_branch_labels.py
[2025-05-14T23:33:39.700-0400] {processor.py:914} INFO - Processing file /home/aangava/MSP/airflow_venv/lib/python3.12/site-packages/airflow/example_dags/example_branch_labels.py for tasks to queue
[2025-05-14T23:33:39.702-0400] {logging_mixin.py:190} INFO - [2025-05-14T23:33:39.702-0400] {dagbag.py:588} INFO - Filling up the DagBag from /home/aangava/MSP/airflow_venv/lib/python3.12/site-packages/airflow/example_dags/example_branch_labels.py
[2025-05-14T23:33:39.711-0400] {processor.py:925} INFO - DAG(s) 'example_branch_labels' retrieved from /home/aangava/MSP/airflow_venv/lib/python3.12/site-packages/airflow/example_dags/example_branch_labels.py
[2025-05-14T23:33:39.727-0400] {logging_mixin.py:190} INFO - [2025-05-14T23:33:39.727-0400] {dag.py:3239} INFO - Sync 1 DAGs
[2025-05-14T23:33:39.746-0400] {logging_mixin.py:190} INFO - [2025-05-14T23:33:39.746-0400] {dag.py:4180} INFO - Setting next_dagrun for example_branch_labels to 2025-05-14 00:00:00+00:00, run_after=2025-05-15 00:00:00+00:00
[2025-05-14T23:33:39.766-0400] {processor.py:208} INFO - Processing /home/aangava/MSP/airflow_venv/lib/python3.12/site-packages/airflow/example_dags/example_branch_labels.py took 0.082 seconds
[2025-05-14T23:40:08.519-0400] {processor.py:186} INFO - Started process (PID=53418) to work on /home/aangava/MSP/airflow_venv/lib/python3.12/site-packages/airflow/example_dags/example_branch_labels.py
[2025-05-14T23:40:08.531-0400] {processor.py:914} INFO - Processing file /home/aangava/MSP/airflow_venv/lib/python3.12/site-packages/airflow/example_dags/example_branch_labels.py for tasks to queue
[2025-05-14T23:40:08.534-0400] {logging_mixin.py:190} INFO - [2025-05-14T23:40:08.534-0400] {dagbag.py:588} INFO - Filling up the DagBag from /home/aangava/MSP/airflow_venv/lib/python3.12/site-packages/airflow/example_dags/example_branch_labels.py
[2025-05-14T23:40:08.552-0400] {processor.py:925} INFO - DAG(s) 'example_branch_labels' retrieved from /home/aangava/MSP/airflow_venv/lib/python3.12/site-packages/airflow/example_dags/example_branch_labels.py
[2025-05-14T23:40:08.572-0400] {logging_mixin.py:190} INFO - [2025-05-14T23:40:08.572-0400] {dag.py:3239} INFO - Sync 1 DAGs
[2025-05-14T23:40:08.600-0400] {logging_mixin.py:190} INFO - [2025-05-14T23:40:08.599-0400] {dag.py:4180} INFO - Setting next_dagrun for example_branch_labels to 2025-05-14 00:00:00+00:00, run_after=2025-05-15 00:00:00+00:00
[2025-05-14T23:40:08.624-0400] {processor.py:208} INFO - Processing /home/aangava/MSP/airflow_venv/lib/python3.12/site-packages/airflow/example_dags/example_branch_labels.py took 0.117 seconds
[2025-05-14T23:41:14.667-0400] {processor.py:186} INFO - Started process (PID=53675) to work on /home/aangava/MSP/airflow_venv/lib/python3.12/site-packages/airflow/example_dags/example_branch_labels.py
[2025-05-14T23:41:14.671-0400] {processor.py:914} INFO - Processing file /home/aangava/MSP/airflow_venv/lib/python3.12/site-packages/airflow/example_dags/example_branch_labels.py for tasks to queue
[2025-05-14T23:41:14.673-0400] {logging_mixin.py:190} INFO - [2025-05-14T23:41:14.672-0400] {dagbag.py:588} INFO - Filling up the DagBag from /home/aangava/MSP/airflow_venv/lib/python3.12/site-packages/airflow/example_dags/example_branch_labels.py
[2025-05-14T23:41:14.686-0400] {processor.py:925} INFO - DAG(s) 'example_branch_labels' retrieved from /home/aangava/MSP/airflow_venv/lib/python3.12/site-packages/airflow/example_dags/example_branch_labels.py
[2025-05-14T23:41:14.707-0400] {logging_mixin.py:190} INFO - [2025-05-14T23:41:14.706-0400] {dag.py:3239} INFO - Sync 1 DAGs
[2025-05-14T23:41:14.730-0400] {logging_mixin.py:190} INFO - [2025-05-14T23:41:14.730-0400] {dag.py:4180} INFO - Setting next_dagrun for example_branch_labels to 2025-05-14 00:00:00+00:00, run_after=2025-05-15 00:00:00+00:00
[2025-05-14T23:41:14.755-0400] {processor.py:208} INFO - Processing /home/aangava/MSP/airflow_venv/lib/python3.12/site-packages/airflow/example_dags/example_branch_labels.py took 0.097 seconds
[2025-05-14T23:42:17.817-0400] {processor.py:186} INFO - Started process (PID=53918) to work on /home/aangava/MSP/airflow_venv/lib/python3.12/site-packages/airflow/example_dags/example_branch_labels.py
[2025-05-14T23:42:17.820-0400] {processor.py:914} INFO - Processing file /home/aangava/MSP/airflow_venv/lib/python3.12/site-packages/airflow/example_dags/example_branch_labels.py for tasks to queue
[2025-05-14T23:42:17.822-0400] {logging_mixin.py:190} INFO - [2025-05-14T23:42:17.821-0400] {dagbag.py:588} INFO - Filling up the DagBag from /home/aangava/MSP/airflow_venv/lib/python3.12/site-packages/airflow/example_dags/example_branch_labels.py
[2025-05-14T23:42:17.837-0400] {processor.py:925} INFO - DAG(s) 'example_branch_labels' retrieved from /home/aangava/MSP/airflow_venv/lib/python3.12/site-packages/airflow/example_dags/example_branch_labels.py
[2025-05-14T23:42:17.855-0400] {logging_mixin.py:190} INFO - [2025-05-14T23:42:17.855-0400] {dag.py:3239} INFO - Sync 1 DAGs
[2025-05-14T23:42:17.873-0400] {logging_mixin.py:190} INFO - [2025-05-14T23:42:17.873-0400] {dag.py:4180} INFO - Setting next_dagrun for example_branch_labels to 2025-05-14 00:00:00+00:00, run_after=2025-05-15 00:00:00+00:00
[2025-05-14T23:42:17.894-0400] {processor.py:208} INFO - Processing /home/aangava/MSP/airflow_venv/lib/python3.12/site-packages/airflow/example_dags/example_branch_labels.py took 0.087 seconds
[2025-05-15T13:38:30.016-0400] {processor.py:186} INFO - Started process (PID=54254) to work on /home/aangava/MSP/airflow_venv/lib/python3.12/site-packages/airflow/example_dags/example_branch_labels.py
[2025-05-15T13:38:30.017-0400] {processor.py:914} INFO - Processing file /home/aangava/MSP/airflow_venv/lib/python3.12/site-packages/airflow/example_dags/example_branch_labels.py for tasks to queue
[2025-05-15T13:38:30.019-0400] {logging_mixin.py:190} INFO - [2025-05-15T13:38:30.018-0400] {dagbag.py:588} INFO - Filling up the DagBag from /home/aangava/MSP/airflow_venv/lib/python3.12/site-packages/airflow/example_dags/example_branch_labels.py
[2025-05-15T13:38:30.031-0400] {processor.py:925} INFO - DAG(s) 'example_branch_labels' retrieved from /home/aangava/MSP/airflow_venv/lib/python3.12/site-packages/airflow/example_dags/example_branch_labels.py
[2025-05-15T13:38:30.049-0400] {logging_mixin.py:190} INFO - [2025-05-15T13:38:30.049-0400] {dag.py:3239} INFO - Sync 1 DAGs
[2025-05-15T13:38:30.074-0400] {logging_mixin.py:190} INFO - [2025-05-15T13:38:30.074-0400] {dag.py:4180} INFO - Setting next_dagrun for example_branch_labels to 2025-05-14 00:00:00+00:00, run_after=2025-05-15 00:00:00+00:00
[2025-05-15T13:38:30.102-0400] {processor.py:208} INFO - Processing /home/aangava/MSP/airflow_venv/lib/python3.12/site-packages/airflow/example_dags/example_branch_labels.py took 0.097 seconds
[2025-05-15T13:39:47.052-0400] {processor.py:186} INFO - Started process (PID=54579) to work on /home/aangava/MSP/airflow_venv/lib/python3.12/site-packages/airflow/example_dags/example_branch_labels.py
[2025-05-15T13:39:47.055-0400] {processor.py:914} INFO - Processing file /home/aangava/MSP/airflow_venv/lib/python3.12/site-packages/airflow/example_dags/example_branch_labels.py for tasks to queue
[2025-05-15T13:39:47.058-0400] {logging_mixin.py:190} INFO - [2025-05-15T13:39:47.057-0400] {dagbag.py:588} INFO - Filling up the DagBag from /home/aangava/MSP/airflow_venv/lib/python3.12/site-packages/airflow/example_dags/example_branch_labels.py
[2025-05-15T13:39:47.072-0400] {processor.py:925} INFO - DAG(s) 'example_branch_labels' retrieved from /home/aangava/MSP/airflow_venv/lib/python3.12/site-packages/airflow/example_dags/example_branch_labels.py
[2025-05-15T13:39:47.094-0400] {logging_mixin.py:190} INFO - [2025-05-15T13:39:47.093-0400] {dag.py:3239} INFO - Sync 1 DAGs
[2025-05-15T13:39:47.118-0400] {logging_mixin.py:190} INFO - [2025-05-15T13:39:47.117-0400] {dag.py:4180} INFO - Setting next_dagrun for example_branch_labels to 2025-05-14 00:00:00+00:00, run_after=2025-05-15 00:00:00+00:00
[2025-05-15T13:39:47.143-0400] {processor.py:208} INFO - Processing /home/aangava/MSP/airflow_venv/lib/python3.12/site-packages/airflow/example_dags/example_branch_labels.py took 0.099 seconds
[2025-05-15T13:40:50.622-0400] {processor.py:186} INFO - Started process (PID=54827) to work on /home/aangava/MSP/airflow_venv/lib/python3.12/site-packages/airflow/example_dags/example_branch_labels.py
[2025-05-15T13:40:50.633-0400] {processor.py:914} INFO - Processing file /home/aangava/MSP/airflow_venv/lib/python3.12/site-packages/airflow/example_dags/example_branch_labels.py for tasks to queue
[2025-05-15T13:40:50.636-0400] {logging_mixin.py:190} INFO - [2025-05-15T13:40:50.635-0400] {dagbag.py:588} INFO - Filling up the DagBag from /home/aangava/MSP/airflow_venv/lib/python3.12/site-packages/airflow/example_dags/example_branch_labels.py
[2025-05-15T13:40:50.653-0400] {processor.py:925} INFO - DAG(s) 'example_branch_labels' retrieved from /home/aangava/MSP/airflow_venv/lib/python3.12/site-packages/airflow/example_dags/example_branch_labels.py
[2025-05-15T13:40:50.678-0400] {logging_mixin.py:190} INFO - [2025-05-15T13:40:50.678-0400] {dag.py:3239} INFO - Sync 1 DAGs
[2025-05-15T13:40:50.701-0400] {logging_mixin.py:190} INFO - [2025-05-15T13:40:50.701-0400] {dag.py:4180} INFO - Setting next_dagrun for example_branch_labels to 2025-05-14 00:00:00+00:00, run_after=2025-05-15 00:00:00+00:00
[2025-05-15T13:40:50.729-0400] {processor.py:208} INFO - Processing /home/aangava/MSP/airflow_venv/lib/python3.12/site-packages/airflow/example_dags/example_branch_labels.py took 0.119 seconds
[2025-05-15T13:41:58.774-0400] {processor.py:186} INFO - Started process (PID=55086) to work on /home/aangava/MSP/airflow_venv/lib/python3.12/site-packages/airflow/example_dags/example_branch_labels.py
[2025-05-15T13:41:58.786-0400] {processor.py:914} INFO - Processing file /home/aangava/MSP/airflow_venv/lib/python3.12/site-packages/airflow/example_dags/example_branch_labels.py for tasks to queue
[2025-05-15T13:41:58.789-0400] {logging_mixin.py:190} INFO - [2025-05-15T13:41:58.788-0400] {dagbag.py:588} INFO - Filling up the DagBag from /home/aangava/MSP/airflow_venv/lib/python3.12/site-packages/airflow/example_dags/example_branch_labels.py
[2025-05-15T13:41:58.804-0400] {processor.py:925} INFO - DAG(s) 'example_branch_labels' retrieved from /home/aangava/MSP/airflow_venv/lib/python3.12/site-packages/airflow/example_dags/example_branch_labels.py
[2025-05-15T13:41:58.826-0400] {logging_mixin.py:190} INFO - [2025-05-15T13:41:58.825-0400] {dag.py:3239} INFO - Sync 1 DAGs
[2025-05-15T13:41:58.844-0400] {logging_mixin.py:190} INFO - [2025-05-15T13:41:58.844-0400] {dag.py:4180} INFO - Setting next_dagrun for example_branch_labels to 2025-05-14 00:00:00+00:00, run_after=2025-05-15 00:00:00+00:00
[2025-05-15T13:41:58.871-0400] {processor.py:208} INFO - Processing /home/aangava/MSP/airflow_venv/lib/python3.12/site-packages/airflow/example_dags/example_branch_labels.py took 0.106 seconds
[2025-05-15T13:42:57.536-0400] {processor.py:186} INFO - Started process (PID=55322) to work on /home/aangava/MSP/airflow_venv/lib/python3.12/site-packages/airflow/example_dags/example_branch_labels.py
[2025-05-15T13:42:57.540-0400] {processor.py:914} INFO - Processing file /home/aangava/MSP/airflow_venv/lib/python3.12/site-packages/airflow/example_dags/example_branch_labels.py for tasks to queue
[2025-05-15T13:42:57.542-0400] {logging_mixin.py:190} INFO - [2025-05-15T13:42:57.541-0400] {dagbag.py:588} INFO - Filling up the DagBag from /home/aangava/MSP/airflow_venv/lib/python3.12/site-packages/airflow/example_dags/example_branch_labels.py
[2025-05-15T13:42:57.556-0400] {processor.py:925} INFO - DAG(s) 'example_branch_labels' retrieved from /home/aangava/MSP/airflow_venv/lib/python3.12/site-packages/airflow/example_dags/example_branch_labels.py
[2025-05-15T13:42:57.578-0400] {logging_mixin.py:190} INFO - [2025-05-15T13:42:57.578-0400] {dag.py:3239} INFO - Sync 1 DAGs
[2025-05-15T13:42:57.600-0400] {logging_mixin.py:190} INFO - [2025-05-15T13:42:57.600-0400] {dag.py:4180} INFO - Setting next_dagrun for example_branch_labels to 2025-05-14 00:00:00+00:00, run_after=2025-05-15 00:00:00+00:00
[2025-05-15T13:42:57.624-0400] {processor.py:208} INFO - Processing /home/aangava/MSP/airflow_venv/lib/python3.12/site-packages/airflow/example_dags/example_branch_labels.py took 0.095 seconds
[2025-05-15T13:44:00.355-0400] {processor.py:186} INFO - Started process (PID=55560) to work on /home/aangava/MSP/airflow_venv/lib/python3.12/site-packages/airflow/example_dags/example_branch_labels.py
[2025-05-15T13:44:00.366-0400] {processor.py:914} INFO - Processing file /home/aangava/MSP/airflow_venv/lib/python3.12/site-packages/airflow/example_dags/example_branch_labels.py for tasks to queue
[2025-05-15T13:44:00.369-0400] {logging_mixin.py:190} INFO - [2025-05-15T13:44:00.368-0400] {dagbag.py:588} INFO - Filling up the DagBag from /home/aangava/MSP/airflow_venv/lib/python3.12/site-packages/airflow/example_dags/example_branch_labels.py
[2025-05-15T13:44:00.383-0400] {processor.py:925} INFO - DAG(s) 'example_branch_labels' retrieved from /home/aangava/MSP/airflow_venv/lib/python3.12/site-packages/airflow/example_dags/example_branch_labels.py
[2025-05-15T13:44:00.407-0400] {logging_mixin.py:190} INFO - [2025-05-15T13:44:00.407-0400] {dag.py:3239} INFO - Sync 1 DAGs
[2025-05-15T13:44:00.431-0400] {logging_mixin.py:190} INFO - [2025-05-15T13:44:00.430-0400] {dag.py:4180} INFO - Setting next_dagrun for example_branch_labels to 2025-05-14 00:00:00+00:00, run_after=2025-05-15 00:00:00+00:00
[2025-05-15T13:44:00.457-0400] {processor.py:208} INFO - Processing /home/aangava/MSP/airflow_venv/lib/python3.12/site-packages/airflow/example_dags/example_branch_labels.py took 0.112 seconds
[2025-05-15T13:45:01.877-0400] {processor.py:186} INFO - Started process (PID=55793) to work on /home/aangava/MSP/airflow_venv/lib/python3.12/site-packages/airflow/example_dags/example_branch_labels.py
[2025-05-15T13:45:01.879-0400] {processor.py:914} INFO - Processing file /home/aangava/MSP/airflow_venv/lib/python3.12/site-packages/airflow/example_dags/example_branch_labels.py for tasks to queue
[2025-05-15T13:45:01.881-0400] {logging_mixin.py:190} INFO - [2025-05-15T13:45:01.881-0400] {dagbag.py:588} INFO - Filling up the DagBag from /home/aangava/MSP/airflow_venv/lib/python3.12/site-packages/airflow/example_dags/example_branch_labels.py
[2025-05-15T13:45:01.895-0400] {processor.py:925} INFO - DAG(s) 'example_branch_labels' retrieved from /home/aangava/MSP/airflow_venv/lib/python3.12/site-packages/airflow/example_dags/example_branch_labels.py
[2025-05-15T13:45:01.914-0400] {logging_mixin.py:190} INFO - [2025-05-15T13:45:01.914-0400] {dag.py:3239} INFO - Sync 1 DAGs
[2025-05-15T13:45:01.932-0400] {logging_mixin.py:190} INFO - [2025-05-15T13:45:01.932-0400] {dag.py:4180} INFO - Setting next_dagrun for example_branch_labels to 2025-05-14 00:00:00+00:00, run_after=2025-05-15 00:00:00+00:00
[2025-05-15T13:45:01.955-0400] {processor.py:208} INFO - Processing /home/aangava/MSP/airflow_venv/lib/python3.12/site-packages/airflow/example_dags/example_branch_labels.py took 0.090 seconds
[2025-05-15T13:46:04.584-0400] {processor.py:186} INFO - Started process (PID=56036) to work on /home/aangava/MSP/airflow_venv/lib/python3.12/site-packages/airflow/example_dags/example_branch_labels.py
[2025-05-15T13:46:04.586-0400] {processor.py:914} INFO - Processing file /home/aangava/MSP/airflow_venv/lib/python3.12/site-packages/airflow/example_dags/example_branch_labels.py for tasks to queue
[2025-05-15T13:46:04.588-0400] {logging_mixin.py:190} INFO - [2025-05-15T13:46:04.588-0400] {dagbag.py:588} INFO - Filling up the DagBag from /home/aangava/MSP/airflow_venv/lib/python3.12/site-packages/airflow/example_dags/example_branch_labels.py
[2025-05-15T13:46:04.602-0400] {processor.py:925} INFO - DAG(s) 'example_branch_labels' retrieved from /home/aangava/MSP/airflow_venv/lib/python3.12/site-packages/airflow/example_dags/example_branch_labels.py
[2025-05-15T13:46:04.622-0400] {logging_mixin.py:190} INFO - [2025-05-15T13:46:04.622-0400] {dag.py:3239} INFO - Sync 1 DAGs
[2025-05-15T13:46:04.641-0400] {logging_mixin.py:190} INFO - [2025-05-15T13:46:04.641-0400] {dag.py:4180} INFO - Setting next_dagrun for example_branch_labels to 2025-05-14 00:00:00+00:00, run_after=2025-05-15 00:00:00+00:00
[2025-05-15T13:46:04.664-0400] {processor.py:208} INFO - Processing /home/aangava/MSP/airflow_venv/lib/python3.12/site-packages/airflow/example_dags/example_branch_labels.py took 0.090 seconds
[2025-05-15T13:47:04.267-0400] {processor.py:186} INFO - Started process (PID=56266) to work on /home/aangava/MSP/airflow_venv/lib/python3.12/site-packages/airflow/example_dags/example_branch_labels.py
[2025-05-15T13:47:04.279-0400] {processor.py:914} INFO - Processing file /home/aangava/MSP/airflow_venv/lib/python3.12/site-packages/airflow/example_dags/example_branch_labels.py for tasks to queue
[2025-05-15T13:47:04.282-0400] {logging_mixin.py:190} INFO - [2025-05-15T13:47:04.281-0400] {dagbag.py:588} INFO - Filling up the DagBag from /home/aangava/MSP/airflow_venv/lib/python3.12/site-packages/airflow/example_dags/example_branch_labels.py
[2025-05-15T13:47:04.297-0400] {processor.py:925} INFO - DAG(s) 'example_branch_labels' retrieved from /home/aangava/MSP/airflow_venv/lib/python3.12/site-packages/airflow/example_dags/example_branch_labels.py
[2025-05-15T13:47:04.321-0400] {logging_mixin.py:190} INFO - [2025-05-15T13:47:04.320-0400] {dag.py:3239} INFO - Sync 1 DAGs
[2025-05-15T13:47:04.341-0400] {logging_mixin.py:190} INFO - [2025-05-15T13:47:04.341-0400] {dag.py:4180} INFO - Setting next_dagrun for example_branch_labels to 2025-05-14 00:00:00+00:00, run_after=2025-05-15 00:00:00+00:00
[2025-05-15T13:47:04.375-0400] {processor.py:208} INFO - Processing /home/aangava/MSP/airflow_venv/lib/python3.12/site-packages/airflow/example_dags/example_branch_labels.py took 0.117 seconds
[2025-05-15T13:48:11.822-0400] {processor.py:186} INFO - Started process (PID=56536) to work on /home/aangava/MSP/airflow_venv/lib/python3.12/site-packages/airflow/example_dags/example_branch_labels.py
[2025-05-15T13:48:11.825-0400] {processor.py:914} INFO - Processing file /home/aangava/MSP/airflow_venv/lib/python3.12/site-packages/airflow/example_dags/example_branch_labels.py for tasks to queue
[2025-05-15T13:48:11.831-0400] {logging_mixin.py:190} INFO - [2025-05-15T13:48:11.830-0400] {dagbag.py:588} INFO - Filling up the DagBag from /home/aangava/MSP/airflow_venv/lib/python3.12/site-packages/airflow/example_dags/example_branch_labels.py
[2025-05-15T13:48:11.851-0400] {processor.py:925} INFO - DAG(s) 'example_branch_labels' retrieved from /home/aangava/MSP/airflow_venv/lib/python3.12/site-packages/airflow/example_dags/example_branch_labels.py
[2025-05-15T13:48:11.875-0400] {logging_mixin.py:190} INFO - [2025-05-15T13:48:11.874-0400] {dag.py:3239} INFO - Sync 1 DAGs
[2025-05-15T13:48:11.900-0400] {logging_mixin.py:190} INFO - [2025-05-15T13:48:11.900-0400] {dag.py:4180} INFO - Setting next_dagrun for example_branch_labels to 2025-05-14 00:00:00+00:00, run_after=2025-05-15 00:00:00+00:00
[2025-05-15T13:48:11.927-0400] {processor.py:208} INFO - Processing /home/aangava/MSP/airflow_venv/lib/python3.12/site-packages/airflow/example_dags/example_branch_labels.py took 0.119 seconds
[2025-05-15T13:58:56.450-0400] {processor.py:186} INFO - Started process (PID=56788) to work on /home/aangava/MSP/airflow_venv/lib/python3.12/site-packages/airflow/example_dags/example_branch_labels.py
[2025-05-15T13:58:56.453-0400] {processor.py:914} INFO - Processing file /home/aangava/MSP/airflow_venv/lib/python3.12/site-packages/airflow/example_dags/example_branch_labels.py for tasks to queue
[2025-05-15T13:58:56.454-0400] {logging_mixin.py:190} INFO - [2025-05-15T13:58:56.454-0400] {dagbag.py:588} INFO - Filling up the DagBag from /home/aangava/MSP/airflow_venv/lib/python3.12/site-packages/airflow/example_dags/example_branch_labels.py
[2025-05-15T13:58:56.465-0400] {processor.py:925} INFO - DAG(s) 'example_branch_labels' retrieved from /home/aangava/MSP/airflow_venv/lib/python3.12/site-packages/airflow/example_dags/example_branch_labels.py
[2025-05-15T13:58:56.484-0400] {logging_mixin.py:190} INFO - [2025-05-15T13:58:56.484-0400] {dag.py:3239} INFO - Sync 1 DAGs
[2025-05-15T13:58:56.504-0400] {logging_mixin.py:190} INFO - [2025-05-15T13:58:56.504-0400] {dag.py:4180} INFO - Setting next_dagrun for example_branch_labels to 2025-05-14 00:00:00+00:00, run_after=2025-05-15 00:00:00+00:00
[2025-05-15T13:58:56.527-0400] {processor.py:208} INFO - Processing /home/aangava/MSP/airflow_venv/lib/python3.12/site-packages/airflow/example_dags/example_branch_labels.py took 0.084 seconds
[2025-05-15T14:00:02.571-0400] {processor.py:186} INFO - Started process (PID=57039) to work on /home/aangava/MSP/airflow_venv/lib/python3.12/site-packages/airflow/example_dags/example_branch_labels.py
[2025-05-15T14:00:02.584-0400] {processor.py:914} INFO - Processing file /home/aangava/MSP/airflow_venv/lib/python3.12/site-packages/airflow/example_dags/example_branch_labels.py for tasks to queue
[2025-05-15T14:00:02.587-0400] {logging_mixin.py:190} INFO - [2025-05-15T14:00:02.587-0400] {dagbag.py:588} INFO - Filling up the DagBag from /home/aangava/MSP/airflow_venv/lib/python3.12/site-packages/airflow/example_dags/example_branch_labels.py
[2025-05-15T14:00:02.602-0400] {processor.py:925} INFO - DAG(s) 'example_branch_labels' retrieved from /home/aangava/MSP/airflow_venv/lib/python3.12/site-packages/airflow/example_dags/example_branch_labels.py
[2025-05-15T14:00:02.628-0400] {logging_mixin.py:190} INFO - [2025-05-15T14:00:02.628-0400] {dag.py:3239} INFO - Sync 1 DAGs
[2025-05-15T14:00:02.651-0400] {logging_mixin.py:190} INFO - [2025-05-15T14:00:02.650-0400] {dag.py:4180} INFO - Setting next_dagrun for example_branch_labels to 2025-05-14 00:00:00+00:00, run_after=2025-05-15 00:00:00+00:00
[2025-05-15T14:00:02.682-0400] {processor.py:208} INFO - Processing /home/aangava/MSP/airflow_venv/lib/python3.12/site-packages/airflow/example_dags/example_branch_labels.py took 0.121 seconds
[2025-05-15T14:01:08.924-0400] {processor.py:186} INFO - Started process (PID=57288) to work on /home/aangava/MSP/airflow_venv/lib/python3.12/site-packages/airflow/example_dags/example_branch_labels.py
[2025-05-15T14:01:08.936-0400] {processor.py:914} INFO - Processing file /home/aangava/MSP/airflow_venv/lib/python3.12/site-packages/airflow/example_dags/example_branch_labels.py for tasks to queue
[2025-05-15T14:01:08.938-0400] {logging_mixin.py:190} INFO - [2025-05-15T14:01:08.938-0400] {dagbag.py:588} INFO - Filling up the DagBag from /home/aangava/MSP/airflow_venv/lib/python3.12/site-packages/airflow/example_dags/example_branch_labels.py
[2025-05-15T14:01:08.951-0400] {processor.py:925} INFO - DAG(s) 'example_branch_labels' retrieved from /home/aangava/MSP/airflow_venv/lib/python3.12/site-packages/airflow/example_dags/example_branch_labels.py
[2025-05-15T14:01:08.969-0400] {logging_mixin.py:190} INFO - [2025-05-15T14:01:08.969-0400] {dag.py:3239} INFO - Sync 1 DAGs
[2025-05-15T14:01:08.992-0400] {logging_mixin.py:190} INFO - [2025-05-15T14:01:08.991-0400] {dag.py:4180} INFO - Setting next_dagrun for example_branch_labels to 2025-05-14 00:00:00+00:00, run_after=2025-05-15 00:00:00+00:00
[2025-05-15T14:01:09.016-0400] {processor.py:208} INFO - Processing /home/aangava/MSP/airflow_venv/lib/python3.12/site-packages/airflow/example_dags/example_branch_labels.py took 0.098 seconds
[2025-05-15T14:57:45.103-0400] {processor.py:186} INFO - Started process (PID=57642) to work on /home/aangava/MSP/airflow_venv/lib/python3.12/site-packages/airflow/example_dags/example_branch_labels.py
[2025-05-15T14:57:45.114-0400] {processor.py:914} INFO - Processing file /home/aangava/MSP/airflow_venv/lib/python3.12/site-packages/airflow/example_dags/example_branch_labels.py for tasks to queue
[2025-05-15T14:57:45.116-0400] {logging_mixin.py:190} INFO - [2025-05-15T14:57:45.116-0400] {dagbag.py:588} INFO - Filling up the DagBag from /home/aangava/MSP/airflow_venv/lib/python3.12/site-packages/airflow/example_dags/example_branch_labels.py
[2025-05-15T14:57:45.129-0400] {processor.py:925} INFO - DAG(s) 'example_branch_labels' retrieved from /home/aangava/MSP/airflow_venv/lib/python3.12/site-packages/airflow/example_dags/example_branch_labels.py
[2025-05-15T14:57:45.151-0400] {logging_mixin.py:190} INFO - [2025-05-15T14:57:45.151-0400] {dag.py:3239} INFO - Sync 1 DAGs
[2025-05-15T14:57:45.177-0400] {logging_mixin.py:190} INFO - [2025-05-15T14:57:45.177-0400] {dag.py:4180} INFO - Setting next_dagrun for example_branch_labels to 2025-05-14 00:00:00+00:00, run_after=2025-05-15 00:00:00+00:00
[2025-05-15T14:57:45.206-0400] {processor.py:208} INFO - Processing /home/aangava/MSP/airflow_venv/lib/python3.12/site-packages/airflow/example_dags/example_branch_labels.py took 0.115 seconds
[2025-05-15T14:58:46.593-0400] {processor.py:186} INFO - Started process (PID=57877) to work on /home/aangava/MSP/airflow_venv/lib/python3.12/site-packages/airflow/example_dags/example_branch_labels.py
[2025-05-15T14:58:46.605-0400] {processor.py:914} INFO - Processing file /home/aangava/MSP/airflow_venv/lib/python3.12/site-packages/airflow/example_dags/example_branch_labels.py for tasks to queue
[2025-05-15T14:58:46.608-0400] {logging_mixin.py:190} INFO - [2025-05-15T14:58:46.607-0400] {dagbag.py:588} INFO - Filling up the DagBag from /home/aangava/MSP/airflow_venv/lib/python3.12/site-packages/airflow/example_dags/example_branch_labels.py
[2025-05-15T14:58:46.622-0400] {processor.py:925} INFO - DAG(s) 'example_branch_labels' retrieved from /home/aangava/MSP/airflow_venv/lib/python3.12/site-packages/airflow/example_dags/example_branch_labels.py
[2025-05-15T14:58:46.644-0400] {logging_mixin.py:190} INFO - [2025-05-15T14:58:46.644-0400] {dag.py:3239} INFO - Sync 1 DAGs
[2025-05-15T14:58:46.662-0400] {logging_mixin.py:190} INFO - [2025-05-15T14:58:46.662-0400] {dag.py:4180} INFO - Setting next_dagrun for example_branch_labels to 2025-05-14 00:00:00+00:00, run_after=2025-05-15 00:00:00+00:00
[2025-05-15T14:58:46.685-0400] {processor.py:208} INFO - Processing /home/aangava/MSP/airflow_venv/lib/python3.12/site-packages/airflow/example_dags/example_branch_labels.py took 0.101 seconds
[2025-05-15T14:59:58.608-0400] {processor.py:186} INFO - Started process (PID=58148) to work on /home/aangava/MSP/airflow_venv/lib/python3.12/site-packages/airflow/example_dags/example_branch_labels.py
[2025-05-15T14:59:58.619-0400] {processor.py:914} INFO - Processing file /home/aangava/MSP/airflow_venv/lib/python3.12/site-packages/airflow/example_dags/example_branch_labels.py for tasks to queue
[2025-05-15T14:59:58.622-0400] {logging_mixin.py:190} INFO - [2025-05-15T14:59:58.621-0400] {dagbag.py:588} INFO - Filling up the DagBag from /home/aangava/MSP/airflow_venv/lib/python3.12/site-packages/airflow/example_dags/example_branch_labels.py
[2025-05-15T14:59:58.635-0400] {processor.py:925} INFO - DAG(s) 'example_branch_labels' retrieved from /home/aangava/MSP/airflow_venv/lib/python3.12/site-packages/airflow/example_dags/example_branch_labels.py
[2025-05-15T14:59:58.656-0400] {logging_mixin.py:190} INFO - [2025-05-15T14:59:58.656-0400] {dag.py:3239} INFO - Sync 1 DAGs
[2025-05-15T14:59:58.675-0400] {logging_mixin.py:190} INFO - [2025-05-15T14:59:58.674-0400] {dag.py:4180} INFO - Setting next_dagrun for example_branch_labels to 2025-05-14 00:00:00+00:00, run_after=2025-05-15 00:00:00+00:00
[2025-05-15T14:59:58.699-0400] {processor.py:208} INFO - Processing /home/aangava/MSP/airflow_venv/lib/python3.12/site-packages/airflow/example_dags/example_branch_labels.py took 0.101 seconds
