[2025-05-14T23:00:02.217-0400] {processor.py:186} INFO - Started process (PID=45439) to work on /home/aangava/MSP/airflow_venv/lib/python3.12/site-packages/airflow/example_dags/example_branch_day_of_week_operator.py
[2025-05-14T23:00:02.219-0400] {processor.py:914} INFO - Processing file /home/aangava/MSP/airflow_venv/lib/python3.12/site-packages/airflow/example_dags/example_branch_day_of_week_operator.py for tasks to queue
[2025-05-14T23:00:02.221-0400] {logging_mixin.py:190} INFO - [2025-05-14T23:00:02.221-0400] {dagbag.py:588} INFO - Filling up the DagBag from /home/aangava/MSP/airflow_venv/lib/python3.12/site-packages/airflow/example_dags/example_branch_day_of_week_operator.py
[2025-05-14T23:00:02.234-0400] {processor.py:925} INFO - DAG(s) 'example_weekday_branch_operator' retrieved from /home/aangava/MSP/airflow_venv/lib/python3.12/site-packages/airflow/example_dags/example_branch_day_of_week_operator.py
[2025-05-14T23:00:02.253-0400] {logging_mixin.py:190} INFO - [2025-05-14T23:00:02.252-0400] {dag.py:3239} INFO - Sync 1 DAGs
[2025-05-14T23:00:02.271-0400] {logging_mixin.py:190} INFO - [2025-05-14T23:00:02.271-0400] {dag.py:4180} INFO - Setting next_dagrun for example_weekday_branch_operator to 2025-05-14 00:00:00+00:00, run_after=2025-05-15 00:00:00+00:00
[2025-05-14T23:00:02.312-0400] {processor.py:208} INFO - Processing /home/aangava/MSP/airflow_venv/lib/python3.12/site-packages/airflow/example_dags/example_branch_day_of_week_operator.py took 0.105 seconds
[2025-05-14T23:00:54.930-0400] {processor.py:186} INFO - Started process (PID=45641) to work on /home/aangava/MSP/airflow_venv/lib/python3.12/site-packages/airflow/example_dags/example_branch_day_of_week_operator.py
[2025-05-14T23:00:54.942-0400] {processor.py:914} INFO - Processing file /home/aangava/MSP/airflow_venv/lib/python3.12/site-packages/airflow/example_dags/example_branch_day_of_week_operator.py for tasks to queue
[2025-05-14T23:00:54.945-0400] {logging_mixin.py:190} INFO - [2025-05-14T23:00:54.944-0400] {dagbag.py:588} INFO - Filling up the DagBag from /home/aangava/MSP/airflow_venv/lib/python3.12/site-packages/airflow/example_dags/example_branch_day_of_week_operator.py
[2025-05-14T23:00:54.958-0400] {processor.py:925} INFO - DAG(s) 'example_weekday_branch_operator' retrieved from /home/aangava/MSP/airflow_venv/lib/python3.12/site-packages/airflow/example_dags/example_branch_day_of_week_operator.py
[2025-05-14T23:00:54.978-0400] {logging_mixin.py:190} INFO - [2025-05-14T23:00:54.978-0400] {dag.py:3239} INFO - Sync 1 DAGs
[2025-05-14T23:00:54.997-0400] {logging_mixin.py:190} INFO - [2025-05-14T23:00:54.997-0400] {dag.py:4180} INFO - Setting next_dagrun for example_weekday_branch_operator to 2025-05-14 00:00:00+00:00, run_after=2025-05-15 00:00:00+00:00
[2025-05-14T23:00:55.020-0400] {processor.py:208} INFO - Processing /home/aangava/MSP/airflow_venv/lib/python3.12/site-packages/airflow/example_dags/example_branch_day_of_week_operator.py took 0.102 seconds
[2025-05-14T23:01:58.614-0400] {processor.py:186} INFO - Started process (PID=45901) to work on /home/aangava/MSP/airflow_venv/lib/python3.12/site-packages/airflow/example_dags/example_branch_day_of_week_operator.py
[2025-05-14T23:01:58.626-0400] {processor.py:914} INFO - Processing file /home/aangava/MSP/airflow_venv/lib/python3.12/site-packages/airflow/example_dags/example_branch_day_of_week_operator.py for tasks to queue
[2025-05-14T23:01:58.629-0400] {logging_mixin.py:190} INFO - [2025-05-14T23:01:58.628-0400] {dagbag.py:588} INFO - Filling up the DagBag from /home/aangava/MSP/airflow_venv/lib/python3.12/site-packages/airflow/example_dags/example_branch_day_of_week_operator.py
[2025-05-14T23:01:58.641-0400] {processor.py:925} INFO - DAG(s) 'example_weekday_branch_operator' retrieved from /home/aangava/MSP/airflow_venv/lib/python3.12/site-packages/airflow/example_dags/example_branch_day_of_week_operator.py
[2025-05-14T23:01:58.662-0400] {logging_mixin.py:190} INFO - [2025-05-14T23:01:58.662-0400] {dag.py:3239} INFO - Sync 1 DAGs
[2025-05-14T23:01:58.682-0400] {logging_mixin.py:190} INFO - [2025-05-14T23:01:58.682-0400] {dag.py:4180} INFO - Setting next_dagrun for example_weekday_branch_operator to 2025-05-14 00:00:00+00:00, run_after=2025-05-15 00:00:00+00:00
[2025-05-14T23:01:58.709-0400] {processor.py:208} INFO - Processing /home/aangava/MSP/airflow_venv/lib/python3.12/site-packages/airflow/example_dags/example_branch_day_of_week_operator.py took 0.105 seconds
[2025-05-14T23:02:59.115-0400] {processor.py:186} INFO - Started process (PID=46136) to work on /home/aangava/MSP/airflow_venv/lib/python3.12/site-packages/airflow/example_dags/example_branch_day_of_week_operator.py
[2025-05-14T23:02:59.117-0400] {processor.py:914} INFO - Processing file /home/aangava/MSP/airflow_venv/lib/python3.12/site-packages/airflow/example_dags/example_branch_day_of_week_operator.py for tasks to queue
[2025-05-14T23:02:59.119-0400] {logging_mixin.py:190} INFO - [2025-05-14T23:02:59.119-0400] {dagbag.py:588} INFO - Filling up the DagBag from /home/aangava/MSP/airflow_venv/lib/python3.12/site-packages/airflow/example_dags/example_branch_day_of_week_operator.py
[2025-05-14T23:02:59.129-0400] {processor.py:925} INFO - DAG(s) 'example_weekday_branch_operator' retrieved from /home/aangava/MSP/airflow_venv/lib/python3.12/site-packages/airflow/example_dags/example_branch_day_of_week_operator.py
[2025-05-14T23:02:59.150-0400] {logging_mixin.py:190} INFO - [2025-05-14T23:02:59.149-0400] {dag.py:3239} INFO - Sync 1 DAGs
[2025-05-14T23:02:59.168-0400] {logging_mixin.py:190} INFO - [2025-05-14T23:02:59.168-0400] {dag.py:4180} INFO - Setting next_dagrun for example_weekday_branch_operator to 2025-05-14 00:00:00+00:00, run_after=2025-05-15 00:00:00+00:00
[2025-05-14T23:02:59.220-0400] {processor.py:208} INFO - Processing /home/aangava/MSP/airflow_venv/lib/python3.12/site-packages/airflow/example_dags/example_branch_day_of_week_operator.py took 0.113 seconds
[2025-05-14T23:04:00.053-0400] {processor.py:186} INFO - Started process (PID=46383) to work on /home/aangava/MSP/airflow_venv/lib/python3.12/site-packages/airflow/example_dags/example_branch_day_of_week_operator.py
[2025-05-14T23:04:00.063-0400] {processor.py:914} INFO - Processing file /home/aangava/MSP/airflow_venv/lib/python3.12/site-packages/airflow/example_dags/example_branch_day_of_week_operator.py for tasks to queue
[2025-05-14T23:04:00.065-0400] {logging_mixin.py:190} INFO - [2025-05-14T23:04:00.064-0400] {dagbag.py:588} INFO - Filling up the DagBag from /home/aangava/MSP/airflow_venv/lib/python3.12/site-packages/airflow/example_dags/example_branch_day_of_week_operator.py
[2025-05-14T23:04:00.075-0400] {processor.py:925} INFO - DAG(s) 'example_weekday_branch_operator' retrieved from /home/aangava/MSP/airflow_venv/lib/python3.12/site-packages/airflow/example_dags/example_branch_day_of_week_operator.py
[2025-05-14T23:04:00.093-0400] {logging_mixin.py:190} INFO - [2025-05-14T23:04:00.093-0400] {dag.py:3239} INFO - Sync 1 DAGs
[2025-05-14T23:04:00.111-0400] {logging_mixin.py:190} INFO - [2025-05-14T23:04:00.111-0400] {dag.py:4180} INFO - Setting next_dagrun for example_weekday_branch_operator to 2025-05-14 00:00:00+00:00, run_after=2025-05-15 00:00:00+00:00
[2025-05-14T23:04:00.131-0400] {processor.py:208} INFO - Processing /home/aangava/MSP/airflow_venv/lib/python3.12/site-packages/airflow/example_dags/example_branch_day_of_week_operator.py took 0.086 seconds
[2025-05-14T23:04:57.912-0400] {processor.py:186} INFO - Started process (PID=46615) to work on /home/aangava/MSP/airflow_venv/lib/python3.12/site-packages/airflow/example_dags/example_branch_day_of_week_operator.py
[2025-05-14T23:04:57.924-0400] {processor.py:914} INFO - Processing file /home/aangava/MSP/airflow_venv/lib/python3.12/site-packages/airflow/example_dags/example_branch_day_of_week_operator.py for tasks to queue
[2025-05-14T23:04:57.926-0400] {logging_mixin.py:190} INFO - [2025-05-14T23:04:57.925-0400] {dagbag.py:588} INFO - Filling up the DagBag from /home/aangava/MSP/airflow_venv/lib/python3.12/site-packages/airflow/example_dags/example_branch_day_of_week_operator.py
[2025-05-14T23:04:57.939-0400] {processor.py:925} INFO - DAG(s) 'example_weekday_branch_operator' retrieved from /home/aangava/MSP/airflow_venv/lib/python3.12/site-packages/airflow/example_dags/example_branch_day_of_week_operator.py
[2025-05-14T23:04:57.956-0400] {logging_mixin.py:190} INFO - [2025-05-14T23:04:57.956-0400] {dag.py:3239} INFO - Sync 1 DAGs
[2025-05-14T23:04:57.974-0400] {logging_mixin.py:190} INFO - [2025-05-14T23:04:57.974-0400] {dag.py:4180} INFO - Setting next_dagrun for example_weekday_branch_operator to 2025-05-14 00:00:00+00:00, run_after=2025-05-15 00:00:00+00:00
[2025-05-14T23:04:57.997-0400] {processor.py:208} INFO - Processing /home/aangava/MSP/airflow_venv/lib/python3.12/site-packages/airflow/example_dags/example_branch_day_of_week_operator.py took 0.095 seconds
[2025-05-14T23:05:57.448-0400] {processor.py:186} INFO - Started process (PID=46855) to work on /home/aangava/MSP/airflow_venv/lib/python3.12/site-packages/airflow/example_dags/example_branch_day_of_week_operator.py
[2025-05-14T23:05:57.461-0400] {processor.py:914} INFO - Processing file /home/aangava/MSP/airflow_venv/lib/python3.12/site-packages/airflow/example_dags/example_branch_day_of_week_operator.py for tasks to queue
[2025-05-14T23:05:57.464-0400] {logging_mixin.py:190} INFO - [2025-05-14T23:05:57.463-0400] {dagbag.py:588} INFO - Filling up the DagBag from /home/aangava/MSP/airflow_venv/lib/python3.12/site-packages/airflow/example_dags/example_branch_day_of_week_operator.py
[2025-05-14T23:05:57.478-0400] {processor.py:925} INFO - DAG(s) 'example_weekday_branch_operator' retrieved from /home/aangava/MSP/airflow_venv/lib/python3.12/site-packages/airflow/example_dags/example_branch_day_of_week_operator.py
[2025-05-14T23:05:57.500-0400] {logging_mixin.py:190} INFO - [2025-05-14T23:05:57.499-0400] {dag.py:3239} INFO - Sync 1 DAGs
[2025-05-14T23:05:57.524-0400] {logging_mixin.py:190} INFO - [2025-05-14T23:05:57.524-0400] {dag.py:4180} INFO - Setting next_dagrun for example_weekday_branch_operator to 2025-05-14 00:00:00+00:00, run_after=2025-05-15 00:00:00+00:00
[2025-05-14T23:05:57.553-0400] {processor.py:208} INFO - Processing /home/aangava/MSP/airflow_venv/lib/python3.12/site-packages/airflow/example_dags/example_branch_day_of_week_operator.py took 0.114 seconds
[2025-05-14T23:07:00.236-0400] {processor.py:186} INFO - Started process (PID=47116) to work on /home/aangava/MSP/airflow_venv/lib/python3.12/site-packages/airflow/example_dags/example_branch_day_of_week_operator.py
[2025-05-14T23:07:00.246-0400] {processor.py:914} INFO - Processing file /home/aangava/MSP/airflow_venv/lib/python3.12/site-packages/airflow/example_dags/example_branch_day_of_week_operator.py for tasks to queue
[2025-05-14T23:07:00.248-0400] {logging_mixin.py:190} INFO - [2025-05-14T23:07:00.248-0400] {dagbag.py:588} INFO - Filling up the DagBag from /home/aangava/MSP/airflow_venv/lib/python3.12/site-packages/airflow/example_dags/example_branch_day_of_week_operator.py
[2025-05-14T23:07:00.264-0400] {processor.py:925} INFO - DAG(s) 'example_weekday_branch_operator' retrieved from /home/aangava/MSP/airflow_venv/lib/python3.12/site-packages/airflow/example_dags/example_branch_day_of_week_operator.py
[2025-05-14T23:07:00.283-0400] {logging_mixin.py:190} INFO - [2025-05-14T23:07:00.283-0400] {dag.py:3239} INFO - Sync 1 DAGs
[2025-05-14T23:07:00.307-0400] {logging_mixin.py:190} INFO - [2025-05-14T23:07:00.307-0400] {dag.py:4180} INFO - Setting next_dagrun for example_weekday_branch_operator to 2025-05-14 00:00:00+00:00, run_after=2025-05-15 00:00:00+00:00
[2025-05-14T23:07:00.330-0400] {processor.py:208} INFO - Processing /home/aangava/MSP/airflow_venv/lib/python3.12/site-packages/airflow/example_dags/example_branch_day_of_week_operator.py took 0.102 seconds
[2025-05-14T23:08:01.772-0400] {processor.py:186} INFO - Started process (PID=47359) to work on /home/aangava/MSP/airflow_venv/lib/python3.12/site-packages/airflow/example_dags/example_branch_day_of_week_operator.py
[2025-05-14T23:08:01.784-0400] {processor.py:914} INFO - Processing file /home/aangava/MSP/airflow_venv/lib/python3.12/site-packages/airflow/example_dags/example_branch_day_of_week_operator.py for tasks to queue
[2025-05-14T23:08:01.786-0400] {logging_mixin.py:190} INFO - [2025-05-14T23:08:01.785-0400] {dagbag.py:588} INFO - Filling up the DagBag from /home/aangava/MSP/airflow_venv/lib/python3.12/site-packages/airflow/example_dags/example_branch_day_of_week_operator.py
[2025-05-14T23:08:01.799-0400] {processor.py:925} INFO - DAG(s) 'example_weekday_branch_operator' retrieved from /home/aangava/MSP/airflow_venv/lib/python3.12/site-packages/airflow/example_dags/example_branch_day_of_week_operator.py
[2025-05-14T23:08:01.821-0400] {logging_mixin.py:190} INFO - [2025-05-14T23:08:01.820-0400] {dag.py:3239} INFO - Sync 1 DAGs
[2025-05-14T23:08:01.847-0400] {logging_mixin.py:190} INFO - [2025-05-14T23:08:01.847-0400] {dag.py:4180} INFO - Setting next_dagrun for example_weekday_branch_operator to 2025-05-14 00:00:00+00:00, run_after=2025-05-15 00:00:00+00:00
[2025-05-14T23:08:01.880-0400] {processor.py:208} INFO - Processing /home/aangava/MSP/airflow_venv/lib/python3.12/site-packages/airflow/example_dags/example_branch_day_of_week_operator.py took 0.120 seconds
[2025-05-14T23:09:01.840-0400] {processor.py:186} INFO - Started process (PID=47604) to work on /home/aangava/MSP/airflow_venv/lib/python3.12/site-packages/airflow/example_dags/example_branch_day_of_week_operator.py
[2025-05-14T23:09:01.851-0400] {processor.py:914} INFO - Processing file /home/aangava/MSP/airflow_venv/lib/python3.12/site-packages/airflow/example_dags/example_branch_day_of_week_operator.py for tasks to queue
[2025-05-14T23:09:01.854-0400] {logging_mixin.py:190} INFO - [2025-05-14T23:09:01.854-0400] {dagbag.py:588} INFO - Filling up the DagBag from /home/aangava/MSP/airflow_venv/lib/python3.12/site-packages/airflow/example_dags/example_branch_day_of_week_operator.py
[2025-05-14T23:09:01.869-0400] {processor.py:925} INFO - DAG(s) 'example_weekday_branch_operator' retrieved from /home/aangava/MSP/airflow_venv/lib/python3.12/site-packages/airflow/example_dags/example_branch_day_of_week_operator.py
[2025-05-14T23:09:01.890-0400] {logging_mixin.py:190} INFO - [2025-05-14T23:09:01.890-0400] {dag.py:3239} INFO - Sync 1 DAGs
[2025-05-14T23:09:01.908-0400] {logging_mixin.py:190} INFO - [2025-05-14T23:09:01.908-0400] {dag.py:4180} INFO - Setting next_dagrun for example_weekday_branch_operator to 2025-05-14 00:00:00+00:00, run_after=2025-05-15 00:00:00+00:00
[2025-05-14T23:09:01.931-0400] {processor.py:208} INFO - Processing /home/aangava/MSP/airflow_venv/lib/python3.12/site-packages/airflow/example_dags/example_branch_day_of_week_operator.py took 0.102 seconds
[2025-05-14T23:10:02.810-0400] {processor.py:186} INFO - Started process (PID=47846) to work on /home/aangava/MSP/airflow_venv/lib/python3.12/site-packages/airflow/example_dags/example_branch_day_of_week_operator.py
[2025-05-14T23:10:02.811-0400] {processor.py:914} INFO - Processing file /home/aangava/MSP/airflow_venv/lib/python3.12/site-packages/airflow/example_dags/example_branch_day_of_week_operator.py for tasks to queue
[2025-05-14T23:10:02.813-0400] {logging_mixin.py:190} INFO - [2025-05-14T23:10:02.812-0400] {dagbag.py:588} INFO - Filling up the DagBag from /home/aangava/MSP/airflow_venv/lib/python3.12/site-packages/airflow/example_dags/example_branch_day_of_week_operator.py
[2025-05-14T23:10:02.823-0400] {processor.py:925} INFO - DAG(s) 'example_weekday_branch_operator' retrieved from /home/aangava/MSP/airflow_venv/lib/python3.12/site-packages/airflow/example_dags/example_branch_day_of_week_operator.py
[2025-05-14T23:10:02.841-0400] {logging_mixin.py:190} INFO - [2025-05-14T23:10:02.841-0400] {dag.py:3239} INFO - Sync 1 DAGs
[2025-05-14T23:10:02.864-0400] {logging_mixin.py:190} INFO - [2025-05-14T23:10:02.863-0400] {dag.py:4180} INFO - Setting next_dagrun for example_weekday_branch_operator to 2025-05-14 00:00:00+00:00, run_after=2025-05-15 00:00:00+00:00
[2025-05-14T23:10:02.886-0400] {processor.py:208} INFO - Processing /home/aangava/MSP/airflow_venv/lib/python3.12/site-packages/airflow/example_dags/example_branch_day_of_week_operator.py took 0.086 seconds
[2025-05-14T23:11:08.639-0400] {processor.py:186} INFO - Started process (PID=48119) to work on /home/aangava/MSP/airflow_venv/lib/python3.12/site-packages/airflow/example_dags/example_branch_day_of_week_operator.py
[2025-05-14T23:11:08.642-0400] {processor.py:914} INFO - Processing file /home/aangava/MSP/airflow_venv/lib/python3.12/site-packages/airflow/example_dags/example_branch_day_of_week_operator.py for tasks to queue
[2025-05-14T23:11:08.644-0400] {logging_mixin.py:190} INFO - [2025-05-14T23:11:08.643-0400] {dagbag.py:588} INFO - Filling up the DagBag from /home/aangava/MSP/airflow_venv/lib/python3.12/site-packages/airflow/example_dags/example_branch_day_of_week_operator.py
[2025-05-14T23:11:08.657-0400] {processor.py:925} INFO - DAG(s) 'example_weekday_branch_operator' retrieved from /home/aangava/MSP/airflow_venv/lib/python3.12/site-packages/airflow/example_dags/example_branch_day_of_week_operator.py
[2025-05-14T23:11:08.679-0400] {logging_mixin.py:190} INFO - [2025-05-14T23:11:08.678-0400] {dag.py:3239} INFO - Sync 1 DAGs
[2025-05-14T23:11:08.700-0400] {logging_mixin.py:190} INFO - [2025-05-14T23:11:08.700-0400] {dag.py:4180} INFO - Setting next_dagrun for example_weekday_branch_operator to 2025-05-14 00:00:00+00:00, run_after=2025-05-15 00:00:00+00:00
[2025-05-14T23:11:08.730-0400] {processor.py:208} INFO - Processing /home/aangava/MSP/airflow_venv/lib/python3.12/site-packages/airflow/example_dags/example_branch_day_of_week_operator.py took 0.102 seconds
[2025-05-14T23:12:10.797-0400] {processor.py:186} INFO - Started process (PID=48366) to work on /home/aangava/MSP/airflow_venv/lib/python3.12/site-packages/airflow/example_dags/example_branch_day_of_week_operator.py
[2025-05-14T23:12:10.805-0400] {processor.py:914} INFO - Processing file /home/aangava/MSP/airflow_venv/lib/python3.12/site-packages/airflow/example_dags/example_branch_day_of_week_operator.py for tasks to queue
[2025-05-14T23:12:10.807-0400] {logging_mixin.py:190} INFO - [2025-05-14T23:12:10.807-0400] {dagbag.py:588} INFO - Filling up the DagBag from /home/aangava/MSP/airflow_venv/lib/python3.12/site-packages/airflow/example_dags/example_branch_day_of_week_operator.py
[2025-05-14T23:12:10.821-0400] {processor.py:925} INFO - DAG(s) 'example_weekday_branch_operator' retrieved from /home/aangava/MSP/airflow_venv/lib/python3.12/site-packages/airflow/example_dags/example_branch_day_of_week_operator.py
[2025-05-14T23:12:10.837-0400] {logging_mixin.py:190} INFO - [2025-05-14T23:12:10.837-0400] {dag.py:3239} INFO - Sync 1 DAGs
[2025-05-14T23:12:10.857-0400] {logging_mixin.py:190} INFO - [2025-05-14T23:12:10.856-0400] {dag.py:4180} INFO - Setting next_dagrun for example_weekday_branch_operator to 2025-05-14 00:00:00+00:00, run_after=2025-05-15 00:00:00+00:00
[2025-05-14T23:12:10.880-0400] {processor.py:208} INFO - Processing /home/aangava/MSP/airflow_venv/lib/python3.12/site-packages/airflow/example_dags/example_branch_day_of_week_operator.py took 0.094 seconds
[2025-05-14T23:13:15.326-0400] {processor.py:186} INFO - Started process (PID=48616) to work on /home/aangava/MSP/airflow_venv/lib/python3.12/site-packages/airflow/example_dags/example_branch_day_of_week_operator.py
[2025-05-14T23:13:15.328-0400] {processor.py:914} INFO - Processing file /home/aangava/MSP/airflow_venv/lib/python3.12/site-packages/airflow/example_dags/example_branch_day_of_week_operator.py for tasks to queue
[2025-05-14T23:13:15.330-0400] {logging_mixin.py:190} INFO - [2025-05-14T23:13:15.330-0400] {dagbag.py:588} INFO - Filling up the DagBag from /home/aangava/MSP/airflow_venv/lib/python3.12/site-packages/airflow/example_dags/example_branch_day_of_week_operator.py
[2025-05-14T23:13:15.339-0400] {processor.py:925} INFO - DAG(s) 'example_weekday_branch_operator' retrieved from /home/aangava/MSP/airflow_venv/lib/python3.12/site-packages/airflow/example_dags/example_branch_day_of_week_operator.py
[2025-05-14T23:13:15.352-0400] {logging_mixin.py:190} INFO - [2025-05-14T23:13:15.352-0400] {dag.py:3239} INFO - Sync 1 DAGs
[2025-05-14T23:13:15.370-0400] {logging_mixin.py:190} INFO - [2025-05-14T23:13:15.370-0400] {dag.py:4180} INFO - Setting next_dagrun for example_weekday_branch_operator to 2025-05-14 00:00:00+00:00, run_after=2025-05-15 00:00:00+00:00
[2025-05-14T23:13:15.386-0400] {processor.py:208} INFO - Processing /home/aangava/MSP/airflow_venv/lib/python3.12/site-packages/airflow/example_dags/example_branch_day_of_week_operator.py took 0.066 seconds
[2025-05-14T23:14:15.755-0400] {processor.py:186} INFO - Started process (PID=48861) to work on /home/aangava/MSP/airflow_venv/lib/python3.12/site-packages/airflow/example_dags/example_branch_day_of_week_operator.py
[2025-05-14T23:14:15.766-0400] {processor.py:914} INFO - Processing file /home/aangava/MSP/airflow_venv/lib/python3.12/site-packages/airflow/example_dags/example_branch_day_of_week_operator.py for tasks to queue
[2025-05-14T23:14:15.768-0400] {logging_mixin.py:190} INFO - [2025-05-14T23:14:15.768-0400] {dagbag.py:588} INFO - Filling up the DagBag from /home/aangava/MSP/airflow_venv/lib/python3.12/site-packages/airflow/example_dags/example_branch_day_of_week_operator.py
[2025-05-14T23:14:15.777-0400] {processor.py:925} INFO - DAG(s) 'example_weekday_branch_operator' retrieved from /home/aangava/MSP/airflow_venv/lib/python3.12/site-packages/airflow/example_dags/example_branch_day_of_week_operator.py
[2025-05-14T23:14:15.796-0400] {logging_mixin.py:190} INFO - [2025-05-14T23:14:15.796-0400] {dag.py:3239} INFO - Sync 1 DAGs
[2025-05-14T23:14:15.819-0400] {logging_mixin.py:190} INFO - [2025-05-14T23:14:15.818-0400] {dag.py:4180} INFO - Setting next_dagrun for example_weekday_branch_operator to 2025-05-14 00:00:00+00:00, run_after=2025-05-15 00:00:00+00:00
[2025-05-14T23:14:15.845-0400] {processor.py:208} INFO - Processing /home/aangava/MSP/airflow_venv/lib/python3.12/site-packages/airflow/example_dags/example_branch_day_of_week_operator.py took 0.096 seconds
[2025-05-14T23:15:19.698-0400] {processor.py:186} INFO - Started process (PID=49110) to work on /home/aangava/MSP/airflow_venv/lib/python3.12/site-packages/airflow/example_dags/example_branch_day_of_week_operator.py
[2025-05-14T23:15:19.709-0400] {processor.py:914} INFO - Processing file /home/aangava/MSP/airflow_venv/lib/python3.12/site-packages/airflow/example_dags/example_branch_day_of_week_operator.py for tasks to queue
[2025-05-14T23:15:19.711-0400] {logging_mixin.py:190} INFO - [2025-05-14T23:15:19.710-0400] {dagbag.py:588} INFO - Filling up the DagBag from /home/aangava/MSP/airflow_venv/lib/python3.12/site-packages/airflow/example_dags/example_branch_day_of_week_operator.py
[2025-05-14T23:15:19.723-0400] {processor.py:925} INFO - DAG(s) 'example_weekday_branch_operator' retrieved from /home/aangava/MSP/airflow_venv/lib/python3.12/site-packages/airflow/example_dags/example_branch_day_of_week_operator.py
[2025-05-14T23:15:19.745-0400] {logging_mixin.py:190} INFO - [2025-05-14T23:15:19.745-0400] {dag.py:3239} INFO - Sync 1 DAGs
[2025-05-14T23:15:19.763-0400] {logging_mixin.py:190} INFO - [2025-05-14T23:15:19.763-0400] {dag.py:4180} INFO - Setting next_dagrun for example_weekday_branch_operator to 2025-05-14 00:00:00+00:00, run_after=2025-05-15 00:00:00+00:00
[2025-05-14T23:15:19.788-0400] {processor.py:208} INFO - Processing /home/aangava/MSP/airflow_venv/lib/python3.12/site-packages/airflow/example_dags/example_branch_day_of_week_operator.py took 0.098 seconds
[2025-05-14T23:16:24.868-0400] {processor.py:186} INFO - Started process (PID=49375) to work on /home/aangava/MSP/airflow_venv/lib/python3.12/site-packages/airflow/example_dags/example_branch_day_of_week_operator.py
[2025-05-14T23:16:24.881-0400] {processor.py:914} INFO - Processing file /home/aangava/MSP/airflow_venv/lib/python3.12/site-packages/airflow/example_dags/example_branch_day_of_week_operator.py for tasks to queue
[2025-05-14T23:16:24.883-0400] {logging_mixin.py:190} INFO - [2025-05-14T23:16:24.882-0400] {dagbag.py:588} INFO - Filling up the DagBag from /home/aangava/MSP/airflow_venv/lib/python3.12/site-packages/airflow/example_dags/example_branch_day_of_week_operator.py
[2025-05-14T23:16:24.895-0400] {processor.py:925} INFO - DAG(s) 'example_weekday_branch_operator' retrieved from /home/aangava/MSP/airflow_venv/lib/python3.12/site-packages/airflow/example_dags/example_branch_day_of_week_operator.py
[2025-05-14T23:16:24.914-0400] {logging_mixin.py:190} INFO - [2025-05-14T23:16:24.914-0400] {dag.py:3239} INFO - Sync 1 DAGs
[2025-05-14T23:16:24.933-0400] {logging_mixin.py:190} INFO - [2025-05-14T23:16:24.933-0400] {dag.py:4180} INFO - Setting next_dagrun for example_weekday_branch_operator to 2025-05-14 00:00:00+00:00, run_after=2025-05-15 00:00:00+00:00
[2025-05-14T23:16:24.959-0400] {processor.py:208} INFO - Processing /home/aangava/MSP/airflow_venv/lib/python3.12/site-packages/airflow/example_dags/example_branch_day_of_week_operator.py took 0.101 seconds
[2025-05-14T23:17:23.976-0400] {processor.py:186} INFO - Started process (PID=49619) to work on /home/aangava/MSP/airflow_venv/lib/python3.12/site-packages/airflow/example_dags/example_branch_day_of_week_operator.py
[2025-05-14T23:17:23.988-0400] {processor.py:914} INFO - Processing file /home/aangava/MSP/airflow_venv/lib/python3.12/site-packages/airflow/example_dags/example_branch_day_of_week_operator.py for tasks to queue
[2025-05-14T23:17:23.990-0400] {logging_mixin.py:190} INFO - [2025-05-14T23:17:23.990-0400] {dagbag.py:588} INFO - Filling up the DagBag from /home/aangava/MSP/airflow_venv/lib/python3.12/site-packages/airflow/example_dags/example_branch_day_of_week_operator.py
[2025-05-14T23:17:24.006-0400] {processor.py:925} INFO - DAG(s) 'example_weekday_branch_operator' retrieved from /home/aangava/MSP/airflow_venv/lib/python3.12/site-packages/airflow/example_dags/example_branch_day_of_week_operator.py
[2025-05-14T23:17:24.031-0400] {logging_mixin.py:190} INFO - [2025-05-14T23:17:24.030-0400] {dag.py:3239} INFO - Sync 1 DAGs
[2025-05-14T23:17:24.052-0400] {logging_mixin.py:190} INFO - [2025-05-14T23:17:24.052-0400] {dag.py:4180} INFO - Setting next_dagrun for example_weekday_branch_operator to 2025-05-14 00:00:00+00:00, run_after=2025-05-15 00:00:00+00:00
[2025-05-14T23:17:24.079-0400] {processor.py:208} INFO - Processing /home/aangava/MSP/airflow_venv/lib/python3.12/site-packages/airflow/example_dags/example_branch_day_of_week_operator.py took 0.114 seconds
[2025-05-14T23:18:27.291-0400] {processor.py:186} INFO - Started process (PID=49868) to work on /home/aangava/MSP/airflow_venv/lib/python3.12/site-packages/airflow/example_dags/example_branch_day_of_week_operator.py
[2025-05-14T23:18:27.303-0400] {processor.py:914} INFO - Processing file /home/aangava/MSP/airflow_venv/lib/python3.12/site-packages/airflow/example_dags/example_branch_day_of_week_operator.py for tasks to queue
[2025-05-14T23:18:27.306-0400] {logging_mixin.py:190} INFO - [2025-05-14T23:18:27.305-0400] {dagbag.py:588} INFO - Filling up the DagBag from /home/aangava/MSP/airflow_venv/lib/python3.12/site-packages/airflow/example_dags/example_branch_day_of_week_operator.py
[2025-05-14T23:18:27.321-0400] {processor.py:925} INFO - DAG(s) 'example_weekday_branch_operator' retrieved from /home/aangava/MSP/airflow_venv/lib/python3.12/site-packages/airflow/example_dags/example_branch_day_of_week_operator.py
[2025-05-14T23:18:27.339-0400] {logging_mixin.py:190} INFO - [2025-05-14T23:18:27.339-0400] {dag.py:3239} INFO - Sync 1 DAGs
[2025-05-14T23:18:27.358-0400] {logging_mixin.py:190} INFO - [2025-05-14T23:18:27.358-0400] {dag.py:4180} INFO - Setting next_dagrun for example_weekday_branch_operator to 2025-05-14 00:00:00+00:00, run_after=2025-05-15 00:00:00+00:00
[2025-05-14T23:18:27.381-0400] {processor.py:208} INFO - Processing /home/aangava/MSP/airflow_venv/lib/python3.12/site-packages/airflow/example_dags/example_branch_day_of_week_operator.py took 0.100 seconds
[2025-05-14T23:19:29.222-0400] {processor.py:186} INFO - Started process (PID=50115) to work on /home/aangava/MSP/airflow_venv/lib/python3.12/site-packages/airflow/example_dags/example_branch_day_of_week_operator.py
[2025-05-14T23:19:29.232-0400] {processor.py:914} INFO - Processing file /home/aangava/MSP/airflow_venv/lib/python3.12/site-packages/airflow/example_dags/example_branch_day_of_week_operator.py for tasks to queue
[2025-05-14T23:19:29.233-0400] {logging_mixin.py:190} INFO - [2025-05-14T23:19:29.233-0400] {dagbag.py:588} INFO - Filling up the DagBag from /home/aangava/MSP/airflow_venv/lib/python3.12/site-packages/airflow/example_dags/example_branch_day_of_week_operator.py
[2025-05-14T23:19:29.238-0400] {processor.py:925} INFO - DAG(s) 'example_weekday_branch_operator' retrieved from /home/aangava/MSP/airflow_venv/lib/python3.12/site-packages/airflow/example_dags/example_branch_day_of_week_operator.py
[2025-05-14T23:19:29.248-0400] {logging_mixin.py:190} INFO - [2025-05-14T23:19:29.248-0400] {dag.py:3239} INFO - Sync 1 DAGs
[2025-05-14T23:19:29.259-0400] {logging_mixin.py:190} INFO - [2025-05-14T23:19:29.258-0400] {dag.py:4180} INFO - Setting next_dagrun for example_weekday_branch_operator to 2025-05-14 00:00:00+00:00, run_after=2025-05-15 00:00:00+00:00
[2025-05-14T23:19:29.272-0400] {processor.py:208} INFO - Processing /home/aangava/MSP/airflow_venv/lib/python3.12/site-packages/airflow/example_dags/example_branch_day_of_week_operator.py took 0.054 seconds
[2025-05-14T23:20:32.169-0400] {processor.py:186} INFO - Started process (PID=50368) to work on /home/aangava/MSP/airflow_venv/lib/python3.12/site-packages/airflow/example_dags/example_branch_day_of_week_operator.py
[2025-05-14T23:20:32.171-0400] {processor.py:914} INFO - Processing file /home/aangava/MSP/airflow_venv/lib/python3.12/site-packages/airflow/example_dags/example_branch_day_of_week_operator.py for tasks to queue
[2025-05-14T23:20:32.173-0400] {logging_mixin.py:190} INFO - [2025-05-14T23:20:32.173-0400] {dagbag.py:588} INFO - Filling up the DagBag from /home/aangava/MSP/airflow_venv/lib/python3.12/site-packages/airflow/example_dags/example_branch_day_of_week_operator.py
[2025-05-14T23:20:32.186-0400] {processor.py:925} INFO - DAG(s) 'example_weekday_branch_operator' retrieved from /home/aangava/MSP/airflow_venv/lib/python3.12/site-packages/airflow/example_dags/example_branch_day_of_week_operator.py
[2025-05-14T23:20:32.206-0400] {logging_mixin.py:190} INFO - [2025-05-14T23:20:32.206-0400] {dag.py:3239} INFO - Sync 1 DAGs
[2025-05-14T23:20:32.225-0400] {logging_mixin.py:190} INFO - [2025-05-14T23:20:32.225-0400] {dag.py:4180} INFO - Setting next_dagrun for example_weekday_branch_operator to 2025-05-14 00:00:00+00:00, run_after=2025-05-15 00:00:00+00:00
[2025-05-14T23:20:32.251-0400] {processor.py:208} INFO - Processing /home/aangava/MSP/airflow_venv/lib/python3.12/site-packages/airflow/example_dags/example_branch_day_of_week_operator.py took 0.092 seconds
[2025-05-14T23:21:35.103-0400] {processor.py:186} INFO - Started process (PID=50620) to work on /home/aangava/MSP/airflow_venv/lib/python3.12/site-packages/airflow/example_dags/example_branch_day_of_week_operator.py
[2025-05-14T23:21:35.115-0400] {processor.py:914} INFO - Processing file /home/aangava/MSP/airflow_venv/lib/python3.12/site-packages/airflow/example_dags/example_branch_day_of_week_operator.py for tasks to queue
[2025-05-14T23:21:35.118-0400] {logging_mixin.py:190} INFO - [2025-05-14T23:21:35.117-0400] {dagbag.py:588} INFO - Filling up the DagBag from /home/aangava/MSP/airflow_venv/lib/python3.12/site-packages/airflow/example_dags/example_branch_day_of_week_operator.py
[2025-05-14T23:21:35.131-0400] {processor.py:925} INFO - DAG(s) 'example_weekday_branch_operator' retrieved from /home/aangava/MSP/airflow_venv/lib/python3.12/site-packages/airflow/example_dags/example_branch_day_of_week_operator.py
[2025-05-14T23:21:35.152-0400] {logging_mixin.py:190} INFO - [2025-05-14T23:21:35.152-0400] {dag.py:3239} INFO - Sync 1 DAGs
[2025-05-14T23:21:35.173-0400] {logging_mixin.py:190} INFO - [2025-05-14T23:21:35.173-0400] {dag.py:4180} INFO - Setting next_dagrun for example_weekday_branch_operator to 2025-05-14 00:00:00+00:00, run_after=2025-05-15 00:00:00+00:00
[2025-05-14T23:21:35.200-0400] {processor.py:208} INFO - Processing /home/aangava/MSP/airflow_venv/lib/python3.12/site-packages/airflow/example_dags/example_branch_day_of_week_operator.py took 0.109 seconds
[2025-05-14T23:24:05.430-0400] {processor.py:186} INFO - Started process (PID=50861) to work on /home/aangava/MSP/airflow_venv/lib/python3.12/site-packages/airflow/example_dags/example_branch_day_of_week_operator.py
[2025-05-14T23:24:05.433-0400] {processor.py:914} INFO - Processing file /home/aangava/MSP/airflow_venv/lib/python3.12/site-packages/airflow/example_dags/example_branch_day_of_week_operator.py for tasks to queue
[2025-05-14T23:24:05.434-0400] {logging_mixin.py:190} INFO - [2025-05-14T23:24:05.434-0400] {dagbag.py:588} INFO - Filling up the DagBag from /home/aangava/MSP/airflow_venv/lib/python3.12/site-packages/airflow/example_dags/example_branch_day_of_week_operator.py
[2025-05-14T23:24:05.444-0400] {processor.py:925} INFO - DAG(s) 'example_weekday_branch_operator' retrieved from /home/aangava/MSP/airflow_venv/lib/python3.12/site-packages/airflow/example_dags/example_branch_day_of_week_operator.py
[2025-05-14T23:24:05.465-0400] {logging_mixin.py:190} INFO - [2025-05-14T23:24:05.465-0400] {dag.py:3239} INFO - Sync 1 DAGs
[2025-05-14T23:24:05.486-0400] {logging_mixin.py:190} INFO - [2025-05-14T23:24:05.485-0400] {dag.py:4180} INFO - Setting next_dagrun for example_weekday_branch_operator to 2025-05-14 00:00:00+00:00, run_after=2025-05-15 00:00:00+00:00
[2025-05-14T23:24:05.502-0400] {processor.py:208} INFO - Processing /home/aangava/MSP/airflow_venv/lib/python3.12/site-packages/airflow/example_dags/example_branch_day_of_week_operator.py took 0.085 seconds
[2025-05-14T23:25:20.330-0400] {processor.py:186} INFO - Started process (PID=51191) to work on /home/aangava/MSP/airflow_venv/lib/python3.12/site-packages/airflow/example_dags/example_branch_day_of_week_operator.py
[2025-05-14T23:25:20.343-0400] {processor.py:914} INFO - Processing file /home/aangava/MSP/airflow_venv/lib/python3.12/site-packages/airflow/example_dags/example_branch_day_of_week_operator.py for tasks to queue
[2025-05-14T23:25:20.346-0400] {logging_mixin.py:190} INFO - [2025-05-14T23:25:20.345-0400] {dagbag.py:588} INFO - Filling up the DagBag from /home/aangava/MSP/airflow_venv/lib/python3.12/site-packages/airflow/example_dags/example_branch_day_of_week_operator.py
[2025-05-14T23:25:20.360-0400] {processor.py:925} INFO - DAG(s) 'example_weekday_branch_operator' retrieved from /home/aangava/MSP/airflow_venv/lib/python3.12/site-packages/airflow/example_dags/example_branch_day_of_week_operator.py
[2025-05-14T23:25:20.382-0400] {logging_mixin.py:190} INFO - [2025-05-14T23:25:20.381-0400] {dag.py:3239} INFO - Sync 1 DAGs
[2025-05-14T23:25:20.401-0400] {logging_mixin.py:190} INFO - [2025-05-14T23:25:20.400-0400] {dag.py:4180} INFO - Setting next_dagrun for example_weekday_branch_operator to 2025-05-14 00:00:00+00:00, run_after=2025-05-15 00:00:00+00:00
[2025-05-14T23:25:20.591-0400] {processor.py:208} INFO - Processing /home/aangava/MSP/airflow_venv/lib/python3.12/site-packages/airflow/example_dags/example_branch_day_of_week_operator.py took 0.270 seconds
[2025-05-14T23:26:20.562-0400] {processor.py:186} INFO - Started process (PID=51427) to work on /home/aangava/MSP/airflow_venv/lib/python3.12/site-packages/airflow/example_dags/example_branch_day_of_week_operator.py
[2025-05-14T23:26:20.574-0400] {processor.py:914} INFO - Processing file /home/aangava/MSP/airflow_venv/lib/python3.12/site-packages/airflow/example_dags/example_branch_day_of_week_operator.py for tasks to queue
[2025-05-14T23:26:20.579-0400] {logging_mixin.py:190} INFO - [2025-05-14T23:26:20.578-0400] {dagbag.py:588} INFO - Filling up the DagBag from /home/aangava/MSP/airflow_venv/lib/python3.12/site-packages/airflow/example_dags/example_branch_day_of_week_operator.py
[2025-05-14T23:26:20.591-0400] {processor.py:925} INFO - DAG(s) 'example_weekday_branch_operator' retrieved from /home/aangava/MSP/airflow_venv/lib/python3.12/site-packages/airflow/example_dags/example_branch_day_of_week_operator.py
[2025-05-14T23:26:20.607-0400] {logging_mixin.py:190} INFO - [2025-05-14T23:26:20.607-0400] {dag.py:3239} INFO - Sync 1 DAGs
[2025-05-14T23:26:20.626-0400] {logging_mixin.py:190} INFO - [2025-05-14T23:26:20.625-0400] {dag.py:4180} INFO - Setting next_dagrun for example_weekday_branch_operator to 2025-05-14 00:00:00+00:00, run_after=2025-05-15 00:00:00+00:00
[2025-05-14T23:26:20.654-0400] {processor.py:208} INFO - Processing /home/aangava/MSP/airflow_venv/lib/python3.12/site-packages/airflow/example_dags/example_branch_day_of_week_operator.py took 0.100 seconds
[2025-05-14T23:27:30.870-0400] {processor.py:186} INFO - Started process (PID=51707) to work on /home/aangava/MSP/airflow_venv/lib/python3.12/site-packages/airflow/example_dags/example_branch_day_of_week_operator.py
[2025-05-14T23:27:30.883-0400] {processor.py:914} INFO - Processing file /home/aangava/MSP/airflow_venv/lib/python3.12/site-packages/airflow/example_dags/example_branch_day_of_week_operator.py for tasks to queue
[2025-05-14T23:27:30.887-0400] {logging_mixin.py:190} INFO - [2025-05-14T23:27:30.886-0400] {dagbag.py:588} INFO - Filling up the DagBag from /home/aangava/MSP/airflow_venv/lib/python3.12/site-packages/airflow/example_dags/example_branch_day_of_week_operator.py
[2025-05-14T23:27:30.900-0400] {processor.py:925} INFO - DAG(s) 'example_weekday_branch_operator' retrieved from /home/aangava/MSP/airflow_venv/lib/python3.12/site-packages/airflow/example_dags/example_branch_day_of_week_operator.py
[2025-05-14T23:27:30.921-0400] {logging_mixin.py:190} INFO - [2025-05-14T23:27:30.921-0400] {dag.py:3239} INFO - Sync 1 DAGs
[2025-05-14T23:27:30.945-0400] {logging_mixin.py:190} INFO - [2025-05-14T23:27:30.945-0400] {dag.py:4180} INFO - Setting next_dagrun for example_weekday_branch_operator to 2025-05-14 00:00:00+00:00, run_after=2025-05-15 00:00:00+00:00
[2025-05-14T23:27:30.968-0400] {processor.py:208} INFO - Processing /home/aangava/MSP/airflow_venv/lib/python3.12/site-packages/airflow/example_dags/example_branch_day_of_week_operator.py took 0.108 seconds
[2025-05-14T23:28:39.822-0400] {processor.py:186} INFO - Started process (PID=51886) to work on /home/aangava/MSP/airflow_venv/lib/python3.12/site-packages/airflow/example_dags/example_branch_day_of_week_operator.py
[2025-05-14T23:28:39.835-0400] {processor.py:914} INFO - Processing file /home/aangava/MSP/airflow_venv/lib/python3.12/site-packages/airflow/example_dags/example_branch_day_of_week_operator.py for tasks to queue
[2025-05-14T23:28:39.838-0400] {logging_mixin.py:190} INFO - [2025-05-14T23:28:39.837-0400] {dagbag.py:588} INFO - Filling up the DagBag from /home/aangava/MSP/airflow_venv/lib/python3.12/site-packages/airflow/example_dags/example_branch_day_of_week_operator.py
[2025-05-14T23:28:39.852-0400] {processor.py:925} INFO - DAG(s) 'example_weekday_branch_operator' retrieved from /home/aangava/MSP/airflow_venv/lib/python3.12/site-packages/airflow/example_dags/example_branch_day_of_week_operator.py
[2025-05-14T23:28:39.873-0400] {logging_mixin.py:190} INFO - [2025-05-14T23:28:39.873-0400] {dag.py:3239} INFO - Sync 1 DAGs
[2025-05-14T23:28:39.891-0400] {logging_mixin.py:190} INFO - [2025-05-14T23:28:39.890-0400] {dag.py:4180} INFO - Setting next_dagrun for example_weekday_branch_operator to 2025-05-14 00:00:00+00:00, run_after=2025-05-15 00:00:00+00:00
[2025-05-14T23:28:39.914-0400] {processor.py:208} INFO - Processing /home/aangava/MSP/airflow_venv/lib/python3.12/site-packages/airflow/example_dags/example_branch_day_of_week_operator.py took 0.101 seconds
[2025-05-14T23:29:32.770-0400] {processor.py:186} INFO - Started process (PID=52090) to work on /home/aangava/MSP/airflow_venv/lib/python3.12/site-packages/airflow/example_dags/example_branch_day_of_week_operator.py
[2025-05-14T23:29:32.784-0400] {processor.py:914} INFO - Processing file /home/aangava/MSP/airflow_venv/lib/python3.12/site-packages/airflow/example_dags/example_branch_day_of_week_operator.py for tasks to queue
[2025-05-14T23:29:32.787-0400] {logging_mixin.py:190} INFO - [2025-05-14T23:29:32.787-0400] {dagbag.py:588} INFO - Filling up the DagBag from /home/aangava/MSP/airflow_venv/lib/python3.12/site-packages/airflow/example_dags/example_branch_day_of_week_operator.py
[2025-05-14T23:29:32.803-0400] {processor.py:925} INFO - DAG(s) 'example_weekday_branch_operator' retrieved from /home/aangava/MSP/airflow_venv/lib/python3.12/site-packages/airflow/example_dags/example_branch_day_of_week_operator.py
[2025-05-14T23:29:32.830-0400] {logging_mixin.py:190} INFO - [2025-05-14T23:29:32.829-0400] {dag.py:3239} INFO - Sync 1 DAGs
[2025-05-14T23:29:33.020-0400] {logging_mixin.py:190} INFO - [2025-05-14T23:29:33.019-0400] {dag.py:4180} INFO - Setting next_dagrun for example_weekday_branch_operator to 2025-05-14 00:00:00+00:00, run_after=2025-05-15 00:00:00+00:00
[2025-05-14T23:29:33.059-0400] {processor.py:208} INFO - Processing /home/aangava/MSP/airflow_venv/lib/python3.12/site-packages/airflow/example_dags/example_branch_day_of_week_operator.py took 0.300 seconds
[2025-05-14T23:30:39.051-0400] {processor.py:186} INFO - Started process (PID=52359) to work on /home/aangava/MSP/airflow_venv/lib/python3.12/site-packages/airflow/example_dags/example_branch_day_of_week_operator.py
[2025-05-14T23:30:39.058-0400] {processor.py:914} INFO - Processing file /home/aangava/MSP/airflow_venv/lib/python3.12/site-packages/airflow/example_dags/example_branch_day_of_week_operator.py for tasks to queue
[2025-05-14T23:30:39.059-0400] {logging_mixin.py:190} INFO - [2025-05-14T23:30:39.058-0400] {dagbag.py:588} INFO - Filling up the DagBag from /home/aangava/MSP/airflow_venv/lib/python3.12/site-packages/airflow/example_dags/example_branch_day_of_week_operator.py
[2025-05-14T23:30:39.064-0400] {processor.py:925} INFO - DAG(s) 'example_weekday_branch_operator' retrieved from /home/aangava/MSP/airflow_venv/lib/python3.12/site-packages/airflow/example_dags/example_branch_day_of_week_operator.py
[2025-05-14T23:30:39.075-0400] {logging_mixin.py:190} INFO - [2025-05-14T23:30:39.075-0400] {dag.py:3239} INFO - Sync 1 DAGs
[2025-05-14T23:30:39.086-0400] {logging_mixin.py:190} INFO - [2025-05-14T23:30:39.086-0400] {dag.py:4180} INFO - Setting next_dagrun for example_weekday_branch_operator to 2025-05-14 00:00:00+00:00, run_after=2025-05-15 00:00:00+00:00
[2025-05-14T23:30:39.100-0400] {processor.py:208} INFO - Processing /home/aangava/MSP/airflow_venv/lib/python3.12/site-packages/airflow/example_dags/example_branch_day_of_week_operator.py took 0.052 seconds
[2025-05-14T23:31:48.117-0400] {processor.py:186} INFO - Started process (PID=52623) to work on /home/aangava/MSP/airflow_venv/lib/python3.12/site-packages/airflow/example_dags/example_branch_day_of_week_operator.py
[2025-05-14T23:31:48.129-0400] {processor.py:914} INFO - Processing file /home/aangava/MSP/airflow_venv/lib/python3.12/site-packages/airflow/example_dags/example_branch_day_of_week_operator.py for tasks to queue
[2025-05-14T23:31:48.133-0400] {logging_mixin.py:190} INFO - [2025-05-14T23:31:48.132-0400] {dagbag.py:588} INFO - Filling up the DagBag from /home/aangava/MSP/airflow_venv/lib/python3.12/site-packages/airflow/example_dags/example_branch_day_of_week_operator.py
[2025-05-14T23:31:48.146-0400] {processor.py:925} INFO - DAG(s) 'example_weekday_branch_operator' retrieved from /home/aangava/MSP/airflow_venv/lib/python3.12/site-packages/airflow/example_dags/example_branch_day_of_week_operator.py
[2025-05-14T23:31:48.166-0400] {logging_mixin.py:190} INFO - [2025-05-14T23:31:48.165-0400] {dag.py:3239} INFO - Sync 1 DAGs
[2025-05-14T23:31:48.190-0400] {logging_mixin.py:190} INFO - [2025-05-14T23:31:48.190-0400] {dag.py:4180} INFO - Setting next_dagrun for example_weekday_branch_operator to 2025-05-14 00:00:00+00:00, run_after=2025-05-15 00:00:00+00:00
[2025-05-14T23:31:48.219-0400] {processor.py:208} INFO - Processing /home/aangava/MSP/airflow_venv/lib/python3.12/site-packages/airflow/example_dags/example_branch_day_of_week_operator.py took 0.110 seconds
[2025-05-14T23:32:57.270-0400] {processor.py:186} INFO - Started process (PID=52904) to work on /home/aangava/MSP/airflow_venv/lib/python3.12/site-packages/airflow/example_dags/example_branch_day_of_week_operator.py
[2025-05-14T23:32:57.282-0400] {processor.py:914} INFO - Processing file /home/aangava/MSP/airflow_venv/lib/python3.12/site-packages/airflow/example_dags/example_branch_day_of_week_operator.py for tasks to queue
[2025-05-14T23:32:57.285-0400] {logging_mixin.py:190} INFO - [2025-05-14T23:32:57.284-0400] {dagbag.py:588} INFO - Filling up the DagBag from /home/aangava/MSP/airflow_venv/lib/python3.12/site-packages/airflow/example_dags/example_branch_day_of_week_operator.py
[2025-05-14T23:32:57.298-0400] {processor.py:925} INFO - DAG(s) 'example_weekday_branch_operator' retrieved from /home/aangava/MSP/airflow_venv/lib/python3.12/site-packages/airflow/example_dags/example_branch_day_of_week_operator.py
[2025-05-14T23:32:57.318-0400] {logging_mixin.py:190} INFO - [2025-05-14T23:32:57.317-0400] {dag.py:3239} INFO - Sync 1 DAGs
[2025-05-14T23:32:57.335-0400] {logging_mixin.py:190} INFO - [2025-05-14T23:32:57.335-0400] {dag.py:4180} INFO - Setting next_dagrun for example_weekday_branch_operator to 2025-05-14 00:00:00+00:00, run_after=2025-05-15 00:00:00+00:00
[2025-05-14T23:32:57.359-0400] {processor.py:208} INFO - Processing /home/aangava/MSP/airflow_venv/lib/python3.12/site-packages/airflow/example_dags/example_branch_day_of_week_operator.py took 0.098 seconds
[2025-05-14T23:34:04.607-0400] {processor.py:186} INFO - Started process (PID=53165) to work on /home/aangava/MSP/airflow_venv/lib/python3.12/site-packages/airflow/example_dags/example_branch_day_of_week_operator.py
[2025-05-14T23:34:04.819-0400] {processor.py:914} INFO - Processing file /home/aangava/MSP/airflow_venv/lib/python3.12/site-packages/airflow/example_dags/example_branch_day_of_week_operator.py for tasks to queue
[2025-05-14T23:34:04.821-0400] {logging_mixin.py:190} INFO - [2025-05-14T23:34:04.820-0400] {dagbag.py:588} INFO - Filling up the DagBag from /home/aangava/MSP/airflow_venv/lib/python3.12/site-packages/airflow/example_dags/example_branch_day_of_week_operator.py
[2025-05-14T23:34:04.837-0400] {processor.py:925} INFO - DAG(s) 'example_weekday_branch_operator' retrieved from /home/aangava/MSP/airflow_venv/lib/python3.12/site-packages/airflow/example_dags/example_branch_day_of_week_operator.py
[2025-05-14T23:34:04.874-0400] {logging_mixin.py:190} INFO - [2025-05-14T23:34:04.874-0400] {dag.py:3239} INFO - Sync 1 DAGs
[2025-05-14T23:34:04.895-0400] {logging_mixin.py:190} INFO - [2025-05-14T23:34:04.895-0400] {dag.py:4180} INFO - Setting next_dagrun for example_weekday_branch_operator to 2025-05-14 00:00:00+00:00, run_after=2025-05-15 00:00:00+00:00
[2025-05-14T23:34:04.917-0400] {processor.py:208} INFO - Processing /home/aangava/MSP/airflow_venv/lib/python3.12/site-packages/airflow/example_dags/example_branch_day_of_week_operator.py took 0.314 seconds
[2025-05-14T23:39:48.368-0400] {processor.py:186} INFO - Started process (PID=53338) to work on /home/aangava/MSP/airflow_venv/lib/python3.12/site-packages/airflow/example_dags/example_branch_day_of_week_operator.py
[2025-05-14T23:39:48.381-0400] {processor.py:914} INFO - Processing file /home/aangava/MSP/airflow_venv/lib/python3.12/site-packages/airflow/example_dags/example_branch_day_of_week_operator.py for tasks to queue
[2025-05-14T23:39:48.384-0400] {logging_mixin.py:190} INFO - [2025-05-14T23:39:48.384-0400] {dagbag.py:588} INFO - Filling up the DagBag from /home/aangava/MSP/airflow_venv/lib/python3.12/site-packages/airflow/example_dags/example_branch_day_of_week_operator.py
[2025-05-14T23:39:48.399-0400] {processor.py:925} INFO - DAG(s) 'example_weekday_branch_operator' retrieved from /home/aangava/MSP/airflow_venv/lib/python3.12/site-packages/airflow/example_dags/example_branch_day_of_week_operator.py
[2025-05-14T23:39:48.423-0400] {logging_mixin.py:190} INFO - [2025-05-14T23:39:48.423-0400] {dag.py:3239} INFO - Sync 1 DAGs
[2025-05-14T23:39:48.442-0400] {logging_mixin.py:190} INFO - [2025-05-14T23:39:48.441-0400] {dag.py:4180} INFO - Setting next_dagrun for example_weekday_branch_operator to 2025-05-14 00:00:00+00:00, run_after=2025-05-15 00:00:00+00:00
[2025-05-14T23:39:48.464-0400] {processor.py:208} INFO - Processing /home/aangava/MSP/airflow_venv/lib/python3.12/site-packages/airflow/example_dags/example_branch_day_of_week_operator.py took 0.108 seconds
[2025-05-14T23:40:36.924-0400] {processor.py:186} INFO - Started process (PID=53524) to work on /home/aangava/MSP/airflow_venv/lib/python3.12/site-packages/airflow/example_dags/example_branch_day_of_week_operator.py
[2025-05-14T23:40:36.927-0400] {processor.py:914} INFO - Processing file /home/aangava/MSP/airflow_venv/lib/python3.12/site-packages/airflow/example_dags/example_branch_day_of_week_operator.py for tasks to queue
[2025-05-14T23:40:36.931-0400] {logging_mixin.py:190} INFO - [2025-05-14T23:40:36.930-0400] {dagbag.py:588} INFO - Filling up the DagBag from /home/aangava/MSP/airflow_venv/lib/python3.12/site-packages/airflow/example_dags/example_branch_day_of_week_operator.py
[2025-05-14T23:40:36.944-0400] {processor.py:925} INFO - DAG(s) 'example_weekday_branch_operator' retrieved from /home/aangava/MSP/airflow_venv/lib/python3.12/site-packages/airflow/example_dags/example_branch_day_of_week_operator.py
[2025-05-14T23:40:36.969-0400] {logging_mixin.py:190} INFO - [2025-05-14T23:40:36.969-0400] {dag.py:3239} INFO - Sync 1 DAGs
[2025-05-14T23:40:36.989-0400] {logging_mixin.py:190} INFO - [2025-05-14T23:40:36.989-0400] {dag.py:4180} INFO - Setting next_dagrun for example_weekday_branch_operator to 2025-05-14 00:00:00+00:00, run_after=2025-05-15 00:00:00+00:00
[2025-05-14T23:40:37.019-0400] {processor.py:208} INFO - Processing /home/aangava/MSP/airflow_venv/lib/python3.12/site-packages/airflow/example_dags/example_branch_day_of_week_operator.py took 0.106 seconds
[2025-05-14T23:41:37.778-0400] {processor.py:186} INFO - Started process (PID=53767) to work on /home/aangava/MSP/airflow_venv/lib/python3.12/site-packages/airflow/example_dags/example_branch_day_of_week_operator.py
[2025-05-14T23:41:37.789-0400] {processor.py:914} INFO - Processing file /home/aangava/MSP/airflow_venv/lib/python3.12/site-packages/airflow/example_dags/example_branch_day_of_week_operator.py for tasks to queue
[2025-05-14T23:41:37.792-0400] {logging_mixin.py:190} INFO - [2025-05-14T23:41:37.791-0400] {dagbag.py:588} INFO - Filling up the DagBag from /home/aangava/MSP/airflow_venv/lib/python3.12/site-packages/airflow/example_dags/example_branch_day_of_week_operator.py
[2025-05-14T23:41:37.807-0400] {processor.py:925} INFO - DAG(s) 'example_weekday_branch_operator' retrieved from /home/aangava/MSP/airflow_venv/lib/python3.12/site-packages/airflow/example_dags/example_branch_day_of_week_operator.py
[2025-05-14T23:41:37.827-0400] {logging_mixin.py:190} INFO - [2025-05-14T23:41:37.826-0400] {dag.py:3239} INFO - Sync 1 DAGs
[2025-05-14T23:41:37.844-0400] {logging_mixin.py:190} INFO - [2025-05-14T23:41:37.844-0400] {dag.py:4180} INFO - Setting next_dagrun for example_weekday_branch_operator to 2025-05-14 00:00:00+00:00, run_after=2025-05-15 00:00:00+00:00
[2025-05-14T23:41:37.865-0400] {processor.py:208} INFO - Processing /home/aangava/MSP/airflow_venv/lib/python3.12/site-packages/airflow/example_dags/example_branch_day_of_week_operator.py took 0.095 seconds
[2025-05-14T23:42:43.411-0400] {processor.py:186} INFO - Started process (PID=54034) to work on /home/aangava/MSP/airflow_venv/lib/python3.12/site-packages/airflow/example_dags/example_branch_day_of_week_operator.py
[2025-05-14T23:42:43.423-0400] {processor.py:914} INFO - Processing file /home/aangava/MSP/airflow_venv/lib/python3.12/site-packages/airflow/example_dags/example_branch_day_of_week_operator.py for tasks to queue
[2025-05-14T23:42:43.425-0400] {logging_mixin.py:190} INFO - [2025-05-14T23:42:43.425-0400] {dagbag.py:588} INFO - Filling up the DagBag from /home/aangava/MSP/airflow_venv/lib/python3.12/site-packages/airflow/example_dags/example_branch_day_of_week_operator.py
[2025-05-14T23:42:43.437-0400] {processor.py:925} INFO - DAG(s) 'example_weekday_branch_operator' retrieved from /home/aangava/MSP/airflow_venv/lib/python3.12/site-packages/airflow/example_dags/example_branch_day_of_week_operator.py
[2025-05-14T23:42:43.458-0400] {logging_mixin.py:190} INFO - [2025-05-14T23:42:43.458-0400] {dag.py:3239} INFO - Sync 1 DAGs
[2025-05-14T23:42:43.479-0400] {logging_mixin.py:190} INFO - [2025-05-14T23:42:43.479-0400] {dag.py:4180} INFO - Setting next_dagrun for example_weekday_branch_operator to 2025-05-14 00:00:00+00:00, run_after=2025-05-15 00:00:00+00:00
[2025-05-14T23:42:43.509-0400] {processor.py:208} INFO - Processing /home/aangava/MSP/airflow_venv/lib/python3.12/site-packages/airflow/example_dags/example_branch_day_of_week_operator.py took 0.108 seconds
[2025-05-15T13:38:56.608-0400] {processor.py:186} INFO - Started process (PID=54382) to work on /home/aangava/MSP/airflow_venv/lib/python3.12/site-packages/airflow/example_dags/example_branch_day_of_week_operator.py
[2025-05-15T13:38:56.611-0400] {processor.py:914} INFO - Processing file /home/aangava/MSP/airflow_venv/lib/python3.12/site-packages/airflow/example_dags/example_branch_day_of_week_operator.py for tasks to queue
[2025-05-15T13:38:56.613-0400] {logging_mixin.py:190} INFO - [2025-05-15T13:38:56.612-0400] {dagbag.py:588} INFO - Filling up the DagBag from /home/aangava/MSP/airflow_venv/lib/python3.12/site-packages/airflow/example_dags/example_branch_day_of_week_operator.py
[2025-05-15T13:38:56.627-0400] {processor.py:925} INFO - DAG(s) 'example_weekday_branch_operator' retrieved from /home/aangava/MSP/airflow_venv/lib/python3.12/site-packages/airflow/example_dags/example_branch_day_of_week_operator.py
[2025-05-15T13:38:56.648-0400] {logging_mixin.py:190} INFO - [2025-05-15T13:38:56.647-0400] {dag.py:3239} INFO - Sync 1 DAGs
[2025-05-15T13:38:56.667-0400] {logging_mixin.py:190} INFO - [2025-05-15T13:38:56.667-0400] {dag.py:4180} INFO - Setting next_dagrun for example_weekday_branch_operator to 2025-05-14 00:00:00+00:00, run_after=2025-05-15 00:00:00+00:00
[2025-05-15T13:38:56.693-0400] {processor.py:208} INFO - Processing /home/aangava/MSP/airflow_venv/lib/python3.12/site-packages/airflow/example_dags/example_branch_day_of_week_operator.py took 0.097 seconds
[2025-05-15T13:40:00.808-0400] {processor.py:186} INFO - Started process (PID=54632) to work on /home/aangava/MSP/airflow_venv/lib/python3.12/site-packages/airflow/example_dags/example_branch_day_of_week_operator.py
[2025-05-15T13:40:00.819-0400] {processor.py:914} INFO - Processing file /home/aangava/MSP/airflow_venv/lib/python3.12/site-packages/airflow/example_dags/example_branch_day_of_week_operator.py for tasks to queue
[2025-05-15T13:40:00.822-0400] {logging_mixin.py:190} INFO - [2025-05-15T13:40:00.821-0400] {dagbag.py:588} INFO - Filling up the DagBag from /home/aangava/MSP/airflow_venv/lib/python3.12/site-packages/airflow/example_dags/example_branch_day_of_week_operator.py
[2025-05-15T13:40:00.834-0400] {processor.py:925} INFO - DAG(s) 'example_weekday_branch_operator' retrieved from /home/aangava/MSP/airflow_venv/lib/python3.12/site-packages/airflow/example_dags/example_branch_day_of_week_operator.py
[2025-05-15T13:40:00.860-0400] {logging_mixin.py:190} INFO - [2025-05-15T13:40:00.859-0400] {dag.py:3239} INFO - Sync 1 DAGs
[2025-05-15T13:40:00.880-0400] {logging_mixin.py:190} INFO - [2025-05-15T13:40:00.880-0400] {dag.py:4180} INFO - Setting next_dagrun for example_weekday_branch_operator to 2025-05-14 00:00:00+00:00, run_after=2025-05-15 00:00:00+00:00
[2025-05-15T13:40:00.904-0400] {processor.py:208} INFO - Processing /home/aangava/MSP/airflow_venv/lib/python3.12/site-packages/airflow/example_dags/example_branch_day_of_week_operator.py took 0.105 seconds
[2025-05-15T13:41:07.282-0400] {processor.py:186} INFO - Started process (PID=54891) to work on /home/aangava/MSP/airflow_venv/lib/python3.12/site-packages/airflow/example_dags/example_branch_day_of_week_operator.py
[2025-05-15T13:41:07.294-0400] {processor.py:914} INFO - Processing file /home/aangava/MSP/airflow_venv/lib/python3.12/site-packages/airflow/example_dags/example_branch_day_of_week_operator.py for tasks to queue
[2025-05-15T13:41:07.297-0400] {logging_mixin.py:190} INFO - [2025-05-15T13:41:07.297-0400] {dagbag.py:588} INFO - Filling up the DagBag from /home/aangava/MSP/airflow_venv/lib/python3.12/site-packages/airflow/example_dags/example_branch_day_of_week_operator.py
[2025-05-15T13:41:07.311-0400] {processor.py:925} INFO - DAG(s) 'example_weekday_branch_operator' retrieved from /home/aangava/MSP/airflow_venv/lib/python3.12/site-packages/airflow/example_dags/example_branch_day_of_week_operator.py
[2025-05-15T13:41:07.333-0400] {logging_mixin.py:190} INFO - [2025-05-15T13:41:07.333-0400] {dag.py:3239} INFO - Sync 1 DAGs
[2025-05-15T13:41:07.352-0400] {logging_mixin.py:190} INFO - [2025-05-15T13:41:07.351-0400] {dag.py:4180} INFO - Setting next_dagrun for example_weekday_branch_operator to 2025-05-14 00:00:00+00:00, run_after=2025-05-15 00:00:00+00:00
[2025-05-15T13:41:07.376-0400] {processor.py:208} INFO - Processing /home/aangava/MSP/airflow_venv/lib/python3.12/site-packages/airflow/example_dags/example_branch_day_of_week_operator.py took 0.104 seconds
[2025-05-15T13:41:51.445-0400] {processor.py:186} INFO - Started process (PID=55055) to work on /home/aangava/MSP/airflow_venv/lib/python3.12/site-packages/airflow/example_dags/example_branch_day_of_week_operator.py
[2025-05-15T13:41:51.457-0400] {processor.py:914} INFO - Processing file /home/aangava/MSP/airflow_venv/lib/python3.12/site-packages/airflow/example_dags/example_branch_day_of_week_operator.py for tasks to queue
[2025-05-15T13:41:51.460-0400] {logging_mixin.py:190} INFO - [2025-05-15T13:41:51.459-0400] {dagbag.py:588} INFO - Filling up the DagBag from /home/aangava/MSP/airflow_venv/lib/python3.12/site-packages/airflow/example_dags/example_branch_day_of_week_operator.py
[2025-05-15T13:41:51.480-0400] {processor.py:925} INFO - DAG(s) 'example_weekday_branch_operator' retrieved from /home/aangava/MSP/airflow_venv/lib/python3.12/site-packages/airflow/example_dags/example_branch_day_of_week_operator.py
[2025-05-15T13:41:51.503-0400] {logging_mixin.py:190} INFO - [2025-05-15T13:41:51.503-0400] {dag.py:3239} INFO - Sync 1 DAGs
[2025-05-15T13:41:51.524-0400] {logging_mixin.py:190} INFO - [2025-05-15T13:41:51.524-0400] {dag.py:4180} INFO - Setting next_dagrun for example_weekday_branch_operator to 2025-05-14 00:00:00+00:00, run_after=2025-05-15 00:00:00+00:00
[2025-05-15T13:41:51.556-0400] {processor.py:208} INFO - Processing /home/aangava/MSP/airflow_venv/lib/python3.12/site-packages/airflow/example_dags/example_branch_day_of_week_operator.py took 0.122 seconds
[2025-05-15T13:42:49.995-0400] {processor.py:186} INFO - Started process (PID=55294) to work on /home/aangava/MSP/airflow_venv/lib/python3.12/site-packages/airflow/example_dags/example_branch_day_of_week_operator.py
[2025-05-15T13:42:50.007-0400] {processor.py:914} INFO - Processing file /home/aangava/MSP/airflow_venv/lib/python3.12/site-packages/airflow/example_dags/example_branch_day_of_week_operator.py for tasks to queue
[2025-05-15T13:42:50.009-0400] {logging_mixin.py:190} INFO - [2025-05-15T13:42:50.009-0400] {dagbag.py:588} INFO - Filling up the DagBag from /home/aangava/MSP/airflow_venv/lib/python3.12/site-packages/airflow/example_dags/example_branch_day_of_week_operator.py
[2025-05-15T13:42:50.025-0400] {processor.py:925} INFO - DAG(s) 'example_weekday_branch_operator' retrieved from /home/aangava/MSP/airflow_venv/lib/python3.12/site-packages/airflow/example_dags/example_branch_day_of_week_operator.py
[2025-05-15T13:42:50.046-0400] {logging_mixin.py:190} INFO - [2025-05-15T13:42:50.046-0400] {dag.py:3239} INFO - Sync 1 DAGs
[2025-05-15T13:42:50.069-0400] {logging_mixin.py:190} INFO - [2025-05-15T13:42:50.069-0400] {dag.py:4180} INFO - Setting next_dagrun for example_weekday_branch_operator to 2025-05-14 00:00:00+00:00, run_after=2025-05-15 00:00:00+00:00
[2025-05-15T13:42:50.103-0400] {processor.py:208} INFO - Processing /home/aangava/MSP/airflow_venv/lib/python3.12/site-packages/airflow/example_dags/example_branch_day_of_week_operator.py took 0.115 seconds
[2025-05-15T13:43:51.726-0400] {processor.py:186} INFO - Started process (PID=55529) to work on /home/aangava/MSP/airflow_venv/lib/python3.12/site-packages/airflow/example_dags/example_branch_day_of_week_operator.py
[2025-05-15T13:43:51.737-0400] {processor.py:914} INFO - Processing file /home/aangava/MSP/airflow_venv/lib/python3.12/site-packages/airflow/example_dags/example_branch_day_of_week_operator.py for tasks to queue
[2025-05-15T13:43:51.739-0400] {logging_mixin.py:190} INFO - [2025-05-15T13:43:51.738-0400] {dagbag.py:588} INFO - Filling up the DagBag from /home/aangava/MSP/airflow_venv/lib/python3.12/site-packages/airflow/example_dags/example_branch_day_of_week_operator.py
[2025-05-15T13:43:51.753-0400] {processor.py:925} INFO - DAG(s) 'example_weekday_branch_operator' retrieved from /home/aangava/MSP/airflow_venv/lib/python3.12/site-packages/airflow/example_dags/example_branch_day_of_week_operator.py
[2025-05-15T13:43:51.775-0400] {logging_mixin.py:190} INFO - [2025-05-15T13:43:51.775-0400] {dag.py:3239} INFO - Sync 1 DAGs
[2025-05-15T13:43:51.798-0400] {logging_mixin.py:190} INFO - [2025-05-15T13:43:51.798-0400] {dag.py:4180} INFO - Setting next_dagrun for example_weekday_branch_operator to 2025-05-14 00:00:00+00:00, run_after=2025-05-15 00:00:00+00:00
[2025-05-15T13:43:51.824-0400] {processor.py:208} INFO - Processing /home/aangava/MSP/airflow_venv/lib/python3.12/site-packages/airflow/example_dags/example_branch_day_of_week_operator.py took 0.111 seconds
[2025-05-15T13:44:54.296-0400] {processor.py:186} INFO - Started process (PID=55768) to work on /home/aangava/MSP/airflow_venv/lib/python3.12/site-packages/airflow/example_dags/example_branch_day_of_week_operator.py
[2025-05-15T13:44:54.299-0400] {processor.py:914} INFO - Processing file /home/aangava/MSP/airflow_venv/lib/python3.12/site-packages/airflow/example_dags/example_branch_day_of_week_operator.py for tasks to queue
[2025-05-15T13:44:54.301-0400] {logging_mixin.py:190} INFO - [2025-05-15T13:44:54.301-0400] {dagbag.py:588} INFO - Filling up the DagBag from /home/aangava/MSP/airflow_venv/lib/python3.12/site-packages/airflow/example_dags/example_branch_day_of_week_operator.py
[2025-05-15T13:44:54.317-0400] {processor.py:925} INFO - DAG(s) 'example_weekday_branch_operator' retrieved from /home/aangava/MSP/airflow_venv/lib/python3.12/site-packages/airflow/example_dags/example_branch_day_of_week_operator.py
[2025-05-15T13:44:54.340-0400] {logging_mixin.py:190} INFO - [2025-05-15T13:44:54.340-0400] {dag.py:3239} INFO - Sync 1 DAGs
[2025-05-15T13:44:54.361-0400] {logging_mixin.py:190} INFO - [2025-05-15T13:44:54.360-0400] {dag.py:4180} INFO - Setting next_dagrun for example_weekday_branch_operator to 2025-05-14 00:00:00+00:00, run_after=2025-05-15 00:00:00+00:00
[2025-05-15T13:44:54.384-0400] {processor.py:208} INFO - Processing /home/aangava/MSP/airflow_venv/lib/python3.12/site-packages/airflow/example_dags/example_branch_day_of_week_operator.py took 0.096 seconds
[2025-05-15T13:45:57.367-0400] {processor.py:186} INFO - Started process (PID=56005) to work on /home/aangava/MSP/airflow_venv/lib/python3.12/site-packages/airflow/example_dags/example_branch_day_of_week_operator.py
[2025-05-15T13:45:57.380-0400] {processor.py:914} INFO - Processing file /home/aangava/MSP/airflow_venv/lib/python3.12/site-packages/airflow/example_dags/example_branch_day_of_week_operator.py for tasks to queue
[2025-05-15T13:45:57.383-0400] {logging_mixin.py:190} INFO - [2025-05-15T13:45:57.382-0400] {dagbag.py:588} INFO - Filling up the DagBag from /home/aangava/MSP/airflow_venv/lib/python3.12/site-packages/airflow/example_dags/example_branch_day_of_week_operator.py
[2025-05-15T13:45:57.397-0400] {processor.py:925} INFO - DAG(s) 'example_weekday_branch_operator' retrieved from /home/aangava/MSP/airflow_venv/lib/python3.12/site-packages/airflow/example_dags/example_branch_day_of_week_operator.py
[2025-05-15T13:45:57.420-0400] {logging_mixin.py:190} INFO - [2025-05-15T13:45:57.420-0400] {dag.py:3239} INFO - Sync 1 DAGs
[2025-05-15T13:45:57.439-0400] {logging_mixin.py:190} INFO - [2025-05-15T13:45:57.439-0400] {dag.py:4180} INFO - Setting next_dagrun for example_weekday_branch_operator to 2025-05-14 00:00:00+00:00, run_after=2025-05-15 00:00:00+00:00
[2025-05-15T13:45:57.462-0400] {processor.py:208} INFO - Processing /home/aangava/MSP/airflow_venv/lib/python3.12/site-packages/airflow/example_dags/example_branch_day_of_week_operator.py took 0.104 seconds
[2025-05-15T13:46:56.745-0400] {processor.py:186} INFO - Started process (PID=56233) to work on /home/aangava/MSP/airflow_venv/lib/python3.12/site-packages/airflow/example_dags/example_branch_day_of_week_operator.py
[2025-05-15T13:46:56.758-0400] {processor.py:914} INFO - Processing file /home/aangava/MSP/airflow_venv/lib/python3.12/site-packages/airflow/example_dags/example_branch_day_of_week_operator.py for tasks to queue
[2025-05-15T13:46:56.761-0400] {logging_mixin.py:190} INFO - [2025-05-15T13:46:56.760-0400] {dagbag.py:588} INFO - Filling up the DagBag from /home/aangava/MSP/airflow_venv/lib/python3.12/site-packages/airflow/example_dags/example_branch_day_of_week_operator.py
[2025-05-15T13:46:56.776-0400] {processor.py:925} INFO - DAG(s) 'example_weekday_branch_operator' retrieved from /home/aangava/MSP/airflow_venv/lib/python3.12/site-packages/airflow/example_dags/example_branch_day_of_week_operator.py
[2025-05-15T13:46:56.801-0400] {logging_mixin.py:190} INFO - [2025-05-15T13:46:56.801-0400] {dag.py:3239} INFO - Sync 1 DAGs
[2025-05-15T13:46:56.820-0400] {logging_mixin.py:190} INFO - [2025-05-15T13:46:56.819-0400] {dag.py:4180} INFO - Setting next_dagrun for example_weekday_branch_operator to 2025-05-14 00:00:00+00:00, run_after=2025-05-15 00:00:00+00:00
[2025-05-15T13:46:56.846-0400] {processor.py:208} INFO - Processing /home/aangava/MSP/airflow_venv/lib/python3.12/site-packages/airflow/example_dags/example_branch_day_of_week_operator.py took 0.109 seconds
[2025-05-15T13:48:04.118-0400] {processor.py:186} INFO - Started process (PID=56502) to work on /home/aangava/MSP/airflow_venv/lib/python3.12/site-packages/airflow/example_dags/example_branch_day_of_week_operator.py
[2025-05-15T13:48:04.130-0400] {processor.py:914} INFO - Processing file /home/aangava/MSP/airflow_venv/lib/python3.12/site-packages/airflow/example_dags/example_branch_day_of_week_operator.py for tasks to queue
[2025-05-15T13:48:04.132-0400] {logging_mixin.py:190} INFO - [2025-05-15T13:48:04.131-0400] {dagbag.py:588} INFO - Filling up the DagBag from /home/aangava/MSP/airflow_venv/lib/python3.12/site-packages/airflow/example_dags/example_branch_day_of_week_operator.py
[2025-05-15T13:48:04.144-0400] {processor.py:925} INFO - DAG(s) 'example_weekday_branch_operator' retrieved from /home/aangava/MSP/airflow_venv/lib/python3.12/site-packages/airflow/example_dags/example_branch_day_of_week_operator.py
[2025-05-15T13:48:04.165-0400] {logging_mixin.py:190} INFO - [2025-05-15T13:48:04.164-0400] {dag.py:3239} INFO - Sync 1 DAGs
[2025-05-15T13:48:04.185-0400] {logging_mixin.py:190} INFO - [2025-05-15T13:48:04.185-0400] {dag.py:4180} INFO - Setting next_dagrun for example_weekday_branch_operator to 2025-05-14 00:00:00+00:00, run_after=2025-05-15 00:00:00+00:00
[2025-05-15T13:48:04.207-0400] {processor.py:208} INFO - Processing /home/aangava/MSP/airflow_venv/lib/python3.12/site-packages/airflow/example_dags/example_branch_day_of_week_operator.py took 0.098 seconds
[2025-05-15T13:58:26.739-0400] {processor.py:186} INFO - Started process (PID=56673) to work on /home/aangava/MSP/airflow_venv/lib/python3.12/site-packages/airflow/example_dags/example_branch_day_of_week_operator.py
[2025-05-15T13:58:26.741-0400] {processor.py:914} INFO - Processing file /home/aangava/MSP/airflow_venv/lib/python3.12/site-packages/airflow/example_dags/example_branch_day_of_week_operator.py for tasks to queue
[2025-05-15T13:58:26.744-0400] {logging_mixin.py:190} INFO - [2025-05-15T13:58:26.743-0400] {dagbag.py:588} INFO - Filling up the DagBag from /home/aangava/MSP/airflow_venv/lib/python3.12/site-packages/airflow/example_dags/example_branch_day_of_week_operator.py
[2025-05-15T13:58:26.756-0400] {processor.py:925} INFO - DAG(s) 'example_weekday_branch_operator' retrieved from /home/aangava/MSP/airflow_venv/lib/python3.12/site-packages/airflow/example_dags/example_branch_day_of_week_operator.py
[2025-05-15T13:58:26.776-0400] {logging_mixin.py:190} INFO - [2025-05-15T13:58:26.776-0400] {dag.py:3239} INFO - Sync 1 DAGs
[2025-05-15T13:58:26.796-0400] {logging_mixin.py:190} INFO - [2025-05-15T13:58:26.796-0400] {dag.py:4180} INFO - Setting next_dagrun for example_weekday_branch_operator to 2025-05-14 00:00:00+00:00, run_after=2025-05-15 00:00:00+00:00
[2025-05-15T13:58:26.822-0400] {processor.py:208} INFO - Processing /home/aangava/MSP/airflow_venv/lib/python3.12/site-packages/airflow/example_dags/example_branch_day_of_week_operator.py took 0.089 seconds
[2025-05-15T13:59:23.387-0400] {processor.py:186} INFO - Started process (PID=56887) to work on /home/aangava/MSP/airflow_venv/lib/python3.12/site-packages/airflow/example_dags/example_branch_day_of_week_operator.py
[2025-05-15T13:59:23.398-0400] {processor.py:914} INFO - Processing file /home/aangava/MSP/airflow_venv/lib/python3.12/site-packages/airflow/example_dags/example_branch_day_of_week_operator.py for tasks to queue
[2025-05-15T13:59:23.402-0400] {logging_mixin.py:190} INFO - [2025-05-15T13:59:23.401-0400] {dagbag.py:588} INFO - Filling up the DagBag from /home/aangava/MSP/airflow_venv/lib/python3.12/site-packages/airflow/example_dags/example_branch_day_of_week_operator.py
[2025-05-15T13:59:23.416-0400] {processor.py:925} INFO - DAG(s) 'example_weekday_branch_operator' retrieved from /home/aangava/MSP/airflow_venv/lib/python3.12/site-packages/airflow/example_dags/example_branch_day_of_week_operator.py
[2025-05-15T13:59:23.441-0400] {logging_mixin.py:190} INFO - [2025-05-15T13:59:23.441-0400] {dag.py:3239} INFO - Sync 1 DAGs
[2025-05-15T13:59:23.459-0400] {logging_mixin.py:190} INFO - [2025-05-15T13:59:23.459-0400] {dag.py:4180} INFO - Setting next_dagrun for example_weekday_branch_operator to 2025-05-14 00:00:00+00:00, run_after=2025-05-15 00:00:00+00:00
[2025-05-15T13:59:23.491-0400] {processor.py:208} INFO - Processing /home/aangava/MSP/airflow_venv/lib/python3.12/site-packages/airflow/example_dags/example_branch_day_of_week_operator.py took 0.115 seconds
[2025-05-15T14:00:28.957-0400] {processor.py:186} INFO - Started process (PID=57136) to work on /home/aangava/MSP/airflow_venv/lib/python3.12/site-packages/airflow/example_dags/example_branch_day_of_week_operator.py
[2025-05-15T14:00:28.968-0400] {processor.py:914} INFO - Processing file /home/aangava/MSP/airflow_venv/lib/python3.12/site-packages/airflow/example_dags/example_branch_day_of_week_operator.py for tasks to queue
[2025-05-15T14:00:28.971-0400] {logging_mixin.py:190} INFO - [2025-05-15T14:00:28.970-0400] {dagbag.py:588} INFO - Filling up the DagBag from /home/aangava/MSP/airflow_venv/lib/python3.12/site-packages/airflow/example_dags/example_branch_day_of_week_operator.py
[2025-05-15T14:00:28.985-0400] {processor.py:925} INFO - DAG(s) 'example_weekday_branch_operator' retrieved from /home/aangava/MSP/airflow_venv/lib/python3.12/site-packages/airflow/example_dags/example_branch_day_of_week_operator.py
[2025-05-15T14:00:29.008-0400] {logging_mixin.py:190} INFO - [2025-05-15T14:00:29.007-0400] {dag.py:3239} INFO - Sync 1 DAGs
[2025-05-15T14:00:29.030-0400] {logging_mixin.py:190} INFO - [2025-05-15T14:00:29.029-0400] {dag.py:4180} INFO - Setting next_dagrun for example_weekday_branch_operator to 2025-05-14 00:00:00+00:00, run_after=2025-05-15 00:00:00+00:00
[2025-05-15T14:00:29.060-0400] {processor.py:208} INFO - Processing /home/aangava/MSP/airflow_venv/lib/python3.12/site-packages/airflow/example_dags/example_branch_day_of_week_operator.py took 0.112 seconds
[2025-05-15T14:56:59.888-0400] {processor.py:186} INFO - Started process (PID=57448) to work on /home/aangava/MSP/airflow_venv/lib/python3.12/site-packages/airflow/example_dags/example_branch_day_of_week_operator.py
[2025-05-15T14:56:59.889-0400] {processor.py:914} INFO - Processing file /home/aangava/MSP/airflow_venv/lib/python3.12/site-packages/airflow/example_dags/example_branch_day_of_week_operator.py for tasks to queue
[2025-05-15T14:56:59.890-0400] {logging_mixin.py:190} INFO - [2025-05-15T14:56:59.889-0400] {dagbag.py:588} INFO - Filling up the DagBag from /home/aangava/MSP/airflow_venv/lib/python3.12/site-packages/airflow/example_dags/example_branch_day_of_week_operator.py
[2025-05-15T14:56:59.895-0400] {processor.py:925} INFO - DAG(s) 'example_weekday_branch_operator' retrieved from /home/aangava/MSP/airflow_venv/lib/python3.12/site-packages/airflow/example_dags/example_branch_day_of_week_operator.py
[2025-05-15T14:56:59.906-0400] {logging_mixin.py:190} INFO - [2025-05-15T14:56:59.905-0400] {dag.py:3239} INFO - Sync 1 DAGs
[2025-05-15T14:56:59.917-0400] {logging_mixin.py:190} INFO - [2025-05-15T14:56:59.917-0400] {dag.py:4180} INFO - Setting next_dagrun for example_weekday_branch_operator to 2025-05-14 00:00:00+00:00, run_after=2025-05-15 00:00:00+00:00
[2025-05-15T14:56:59.929-0400] {processor.py:208} INFO - Processing /home/aangava/MSP/airflow_venv/lib/python3.12/site-packages/airflow/example_dags/example_branch_day_of_week_operator.py took 0.045 seconds
[2025-05-15T14:58:08.321-0400] {processor.py:186} INFO - Started process (PID=57732) to work on /home/aangava/MSP/airflow_venv/lib/python3.12/site-packages/airflow/example_dags/example_branch_day_of_week_operator.py
[2025-05-15T14:58:08.334-0400] {processor.py:914} INFO - Processing file /home/aangava/MSP/airflow_venv/lib/python3.12/site-packages/airflow/example_dags/example_branch_day_of_week_operator.py for tasks to queue
[2025-05-15T14:58:08.337-0400] {logging_mixin.py:190} INFO - [2025-05-15T14:58:08.336-0400] {dagbag.py:588} INFO - Filling up the DagBag from /home/aangava/MSP/airflow_venv/lib/python3.12/site-packages/airflow/example_dags/example_branch_day_of_week_operator.py
[2025-05-15T14:58:08.351-0400] {processor.py:925} INFO - DAG(s) 'example_weekday_branch_operator' retrieved from /home/aangava/MSP/airflow_venv/lib/python3.12/site-packages/airflow/example_dags/example_branch_day_of_week_operator.py
[2025-05-15T14:58:08.373-0400] {logging_mixin.py:190} INFO - [2025-05-15T14:58:08.373-0400] {dag.py:3239} INFO - Sync 1 DAGs
[2025-05-15T14:58:08.395-0400] {logging_mixin.py:190} INFO - [2025-05-15T14:58:08.395-0400] {dag.py:4180} INFO - Setting next_dagrun for example_weekday_branch_operator to 2025-05-14 00:00:00+00:00, run_after=2025-05-15 00:00:00+00:00
[2025-05-15T14:58:08.423-0400] {processor.py:208} INFO - Processing /home/aangava/MSP/airflow_venv/lib/python3.12/site-packages/airflow/example_dags/example_branch_day_of_week_operator.py took 0.113 seconds
[2025-05-15T14:59:13.964-0400] {processor.py:186} INFO - Started process (PID=57980) to work on /home/aangava/MSP/airflow_venv/lib/python3.12/site-packages/airflow/example_dags/example_branch_day_of_week_operator.py
[2025-05-15T14:59:13.979-0400] {processor.py:914} INFO - Processing file /home/aangava/MSP/airflow_venv/lib/python3.12/site-packages/airflow/example_dags/example_branch_day_of_week_operator.py for tasks to queue
[2025-05-15T14:59:13.985-0400] {logging_mixin.py:190} INFO - [2025-05-15T14:59:13.983-0400] {dagbag.py:588} INFO - Filling up the DagBag from /home/aangava/MSP/airflow_venv/lib/python3.12/site-packages/airflow/example_dags/example_branch_day_of_week_operator.py
[2025-05-15T14:59:14.012-0400] {processor.py:925} INFO - DAG(s) 'example_weekday_branch_operator' retrieved from /home/aangava/MSP/airflow_venv/lib/python3.12/site-packages/airflow/example_dags/example_branch_day_of_week_operator.py
[2025-05-15T14:59:14.037-0400] {logging_mixin.py:190} INFO - [2025-05-15T14:59:14.036-0400] {dag.py:3239} INFO - Sync 1 DAGs
[2025-05-15T14:59:14.062-0400] {logging_mixin.py:190} INFO - [2025-05-15T14:59:14.061-0400] {dag.py:4180} INFO - Setting next_dagrun for example_weekday_branch_operator to 2025-05-14 00:00:00+00:00, run_after=2025-05-15 00:00:00+00:00
[2025-05-15T14:59:14.093-0400] {processor.py:208} INFO - Processing /home/aangava/MSP/airflow_venv/lib/python3.12/site-packages/airflow/example_dags/example_branch_day_of_week_operator.py took 0.154 seconds
[2025-05-15T15:00:24.129-0400] {processor.py:186} INFO - Started process (PID=58268) to work on /home/aangava/MSP/airflow_venv/lib/python3.12/site-packages/airflow/example_dags/example_branch_day_of_week_operator.py
[2025-05-15T15:00:24.141-0400] {processor.py:914} INFO - Processing file /home/aangava/MSP/airflow_venv/lib/python3.12/site-packages/airflow/example_dags/example_branch_day_of_week_operator.py for tasks to queue
[2025-05-15T15:00:24.144-0400] {logging_mixin.py:190} INFO - [2025-05-15T15:00:24.143-0400] {dagbag.py:588} INFO - Filling up the DagBag from /home/aangava/MSP/airflow_venv/lib/python3.12/site-packages/airflow/example_dags/example_branch_day_of_week_operator.py
[2025-05-15T15:00:24.160-0400] {processor.py:925} INFO - DAG(s) 'example_weekday_branch_operator' retrieved from /home/aangava/MSP/airflow_venv/lib/python3.12/site-packages/airflow/example_dags/example_branch_day_of_week_operator.py
[2025-05-15T15:00:24.184-0400] {logging_mixin.py:190} INFO - [2025-05-15T15:00:24.184-0400] {dag.py:3239} INFO - Sync 1 DAGs
[2025-05-15T15:00:24.212-0400] {logging_mixin.py:190} INFO - [2025-05-15T15:00:24.212-0400] {dag.py:4180} INFO - Setting next_dagrun for example_weekday_branch_operator to 2025-05-14 00:00:00+00:00, run_after=2025-05-15 00:00:00+00:00
[2025-05-15T15:00:24.238-0400] {processor.py:208} INFO - Processing /home/aangava/MSP/airflow_venv/lib/python3.12/site-packages/airflow/example_dags/example_branch_day_of_week_operator.py took 0.125 seconds
