[2025-05-14T23:00:32.182-0400] {processor.py:186} INFO - Started process (PID=45560) to work on /home/aangava/MSP/airflow_venv/lib/python3.12/site-packages/airflow/example_dags/example_xcomargs.py
[2025-05-14T23:00:32.183-0400] {processor.py:914} INFO - Processing file /home/aangava/MSP/airflow_venv/lib/python3.12/site-packages/airflow/example_dags/example_xcomargs.py for tasks to queue
[2025-05-14T23:00:32.185-0400] {logging_mixin.py:190} INFO - [2025-05-14T23:00:32.184-0400] {dagbag.py:588} INFO - Filling up the DagBag from /home/aangava/MSP/airflow_venv/lib/python3.12/site-packages/airflow/example_dags/example_xcomargs.py
[2025-05-14T23:00:32.199-0400] {processor.py:925} INFO - DAG(s) 'example_xcom_args', 'example_xcom_args_with_operators' retrieved from /home/aangava/MSP/airflow_venv/lib/python3.12/site-packages/airflow/example_dags/example_xcomargs.py
[2025-05-14T23:00:32.218-0400] {logging_mixin.py:190} INFO - [2025-05-14T23:00:32.218-0400] {dag.py:3239} INFO - Sync 2 DAGs
[2025-05-14T23:00:32.229-0400] {logging_mixin.py:190} INFO - [2025-05-14T23:00:32.229-0400] {dag.py:4180} INFO - Setting next_dagrun for example_xcom_args to None, run_after=None
[2025-05-14T23:00:32.232-0400] {logging_mixin.py:190} INFO - [2025-05-14T23:00:32.232-0400] {dag.py:4180} INFO - Setting next_dagrun for example_xcom_args_with_operators to None, run_after=None
[2025-05-14T23:00:32.261-0400] {processor.py:208} INFO - Processing /home/aangava/MSP/airflow_venv/lib/python3.12/site-packages/airflow/example_dags/example_xcomargs.py took 0.090 seconds
[2025-05-14T23:01:36.254-0400] {processor.py:186} INFO - Started process (PID=45814) to work on /home/aangava/MSP/airflow_venv/lib/python3.12/site-packages/airflow/example_dags/example_xcomargs.py
[2025-05-14T23:01:36.266-0400] {processor.py:914} INFO - Processing file /home/aangava/MSP/airflow_venv/lib/python3.12/site-packages/airflow/example_dags/example_xcomargs.py for tasks to queue
[2025-05-14T23:01:36.269-0400] {logging_mixin.py:190} INFO - [2025-05-14T23:01:36.268-0400] {dagbag.py:588} INFO - Filling up the DagBag from /home/aangava/MSP/airflow_venv/lib/python3.12/site-packages/airflow/example_dags/example_xcomargs.py
[2025-05-14T23:01:36.281-0400] {processor.py:925} INFO - DAG(s) 'example_xcom_args', 'example_xcom_args_with_operators' retrieved from /home/aangava/MSP/airflow_venv/lib/python3.12/site-packages/airflow/example_dags/example_xcomargs.py
[2025-05-14T23:01:36.302-0400] {logging_mixin.py:190} INFO - [2025-05-14T23:01:36.301-0400] {dag.py:3239} INFO - Sync 2 DAGs
[2025-05-14T23:01:36.313-0400] {logging_mixin.py:190} INFO - [2025-05-14T23:01:36.313-0400] {dag.py:4180} INFO - Setting next_dagrun for example_xcom_args to None, run_after=None
[2025-05-14T23:01:36.316-0400] {logging_mixin.py:190} INFO - [2025-05-14T23:01:36.316-0400] {dag.py:4180} INFO - Setting next_dagrun for example_xcom_args_with_operators to None, run_after=None
[2025-05-14T23:01:36.343-0400] {processor.py:208} INFO - Processing /home/aangava/MSP/airflow_venv/lib/python3.12/site-packages/airflow/example_dags/example_xcomargs.py took 0.100 seconds
[2025-05-14T23:02:37.564-0400] {processor.py:186} INFO - Started process (PID=46057) to work on /home/aangava/MSP/airflow_venv/lib/python3.12/site-packages/airflow/example_dags/example_xcomargs.py
[2025-05-14T23:02:37.566-0400] {processor.py:914} INFO - Processing file /home/aangava/MSP/airflow_venv/lib/python3.12/site-packages/airflow/example_dags/example_xcomargs.py for tasks to queue
[2025-05-14T23:02:37.569-0400] {logging_mixin.py:190} INFO - [2025-05-14T23:02:37.568-0400] {dagbag.py:588} INFO - Filling up the DagBag from /home/aangava/MSP/airflow_venv/lib/python3.12/site-packages/airflow/example_dags/example_xcomargs.py
[2025-05-14T23:02:37.582-0400] {processor.py:925} INFO - DAG(s) 'example_xcom_args', 'example_xcom_args_with_operators' retrieved from /home/aangava/MSP/airflow_venv/lib/python3.12/site-packages/airflow/example_dags/example_xcomargs.py
[2025-05-14T23:02:37.601-0400] {logging_mixin.py:190} INFO - [2025-05-14T23:02:37.601-0400] {dag.py:3239} INFO - Sync 2 DAGs
[2025-05-14T23:02:37.615-0400] {logging_mixin.py:190} INFO - [2025-05-14T23:02:37.615-0400] {dag.py:4180} INFO - Setting next_dagrun for example_xcom_args to None, run_after=None
[2025-05-14T23:02:37.618-0400] {logging_mixin.py:190} INFO - [2025-05-14T23:02:37.618-0400] {dag.py:4180} INFO - Setting next_dagrun for example_xcom_args_with_operators to None, run_after=None
[2025-05-14T23:02:37.642-0400] {processor.py:208} INFO - Processing /home/aangava/MSP/airflow_venv/lib/python3.12/site-packages/airflow/example_dags/example_xcomargs.py took 0.085 seconds
[2025-05-14T23:03:39.623-0400] {processor.py:186} INFO - Started process (PID=46300) to work on /home/aangava/MSP/airflow_venv/lib/python3.12/site-packages/airflow/example_dags/example_xcomargs.py
[2025-05-14T23:03:39.635-0400] {processor.py:914} INFO - Processing file /home/aangava/MSP/airflow_venv/lib/python3.12/site-packages/airflow/example_dags/example_xcomargs.py for tasks to queue
[2025-05-14T23:03:39.638-0400] {logging_mixin.py:190} INFO - [2025-05-14T23:03:39.637-0400] {dagbag.py:588} INFO - Filling up the DagBag from /home/aangava/MSP/airflow_venv/lib/python3.12/site-packages/airflow/example_dags/example_xcomargs.py
[2025-05-14T23:03:39.653-0400] {processor.py:925} INFO - DAG(s) 'example_xcom_args_with_operators', 'example_xcom_args' retrieved from /home/aangava/MSP/airflow_venv/lib/python3.12/site-packages/airflow/example_dags/example_xcomargs.py
[2025-05-14T23:03:39.678-0400] {logging_mixin.py:190} INFO - [2025-05-14T23:03:39.677-0400] {dag.py:3239} INFO - Sync 2 DAGs
[2025-05-14T23:03:39.689-0400] {logging_mixin.py:190} INFO - [2025-05-14T23:03:39.689-0400] {dag.py:4180} INFO - Setting next_dagrun for example_xcom_args to None, run_after=None
[2025-05-14T23:03:39.692-0400] {logging_mixin.py:190} INFO - [2025-05-14T23:03:39.692-0400] {dag.py:4180} INFO - Setting next_dagrun for example_xcom_args_with_operators to None, run_after=None
[2025-05-14T23:03:39.715-0400] {processor.py:208} INFO - Processing /home/aangava/MSP/airflow_venv/lib/python3.12/site-packages/airflow/example_dags/example_xcomargs.py took 0.102 seconds
[2025-05-14T23:04:38.316-0400] {processor.py:186} INFO - Started process (PID=46533) to work on /home/aangava/MSP/airflow_venv/lib/python3.12/site-packages/airflow/example_dags/example_xcomargs.py
[2025-05-14T23:04:38.328-0400] {processor.py:914} INFO - Processing file /home/aangava/MSP/airflow_venv/lib/python3.12/site-packages/airflow/example_dags/example_xcomargs.py for tasks to queue
[2025-05-14T23:04:38.332-0400] {logging_mixin.py:190} INFO - [2025-05-14T23:04:38.331-0400] {dagbag.py:588} INFO - Filling up the DagBag from /home/aangava/MSP/airflow_venv/lib/python3.12/site-packages/airflow/example_dags/example_xcomargs.py
[2025-05-14T23:04:38.343-0400] {processor.py:925} INFO - DAG(s) 'example_xcom_args', 'example_xcom_args_with_operators' retrieved from /home/aangava/MSP/airflow_venv/lib/python3.12/site-packages/airflow/example_dags/example_xcomargs.py
[2025-05-14T23:04:38.366-0400] {logging_mixin.py:190} INFO - [2025-05-14T23:04:38.366-0400] {dag.py:3239} INFO - Sync 2 DAGs
[2025-05-14T23:04:38.382-0400] {logging_mixin.py:190} INFO - [2025-05-14T23:04:38.381-0400] {dag.py:4180} INFO - Setting next_dagrun for example_xcom_args to None, run_after=None
[2025-05-14T23:04:38.386-0400] {logging_mixin.py:190} INFO - [2025-05-14T23:04:38.386-0400] {dag.py:4180} INFO - Setting next_dagrun for example_xcom_args_with_operators to None, run_after=None
[2025-05-14T23:04:38.410-0400] {processor.py:208} INFO - Processing /home/aangava/MSP/airflow_venv/lib/python3.12/site-packages/airflow/example_dags/example_xcomargs.py took 0.103 seconds
[2025-05-14T23:05:36.502-0400] {processor.py:186} INFO - Started process (PID=46769) to work on /home/aangava/MSP/airflow_venv/lib/python3.12/site-packages/airflow/example_dags/example_xcomargs.py
[2025-05-14T23:05:36.514-0400] {processor.py:914} INFO - Processing file /home/aangava/MSP/airflow_venv/lib/python3.12/site-packages/airflow/example_dags/example_xcomargs.py for tasks to queue
[2025-05-14T23:05:36.516-0400] {logging_mixin.py:190} INFO - [2025-05-14T23:05:36.515-0400] {dagbag.py:588} INFO - Filling up the DagBag from /home/aangava/MSP/airflow_venv/lib/python3.12/site-packages/airflow/example_dags/example_xcomargs.py
[2025-05-14T23:05:36.530-0400] {processor.py:925} INFO - DAG(s) 'example_xcom_args', 'example_xcom_args_with_operators' retrieved from /home/aangava/MSP/airflow_venv/lib/python3.12/site-packages/airflow/example_dags/example_xcomargs.py
[2025-05-14T23:05:36.551-0400] {logging_mixin.py:190} INFO - [2025-05-14T23:05:36.551-0400] {dag.py:3239} INFO - Sync 2 DAGs
[2025-05-14T23:05:36.566-0400] {logging_mixin.py:190} INFO - [2025-05-14T23:05:36.566-0400] {dag.py:4180} INFO - Setting next_dagrun for example_xcom_args to None, run_after=None
[2025-05-14T23:05:36.570-0400] {logging_mixin.py:190} INFO - [2025-05-14T23:05:36.570-0400] {dag.py:4180} INFO - Setting next_dagrun for example_xcom_args_with_operators to None, run_after=None
[2025-05-14T23:05:36.590-0400] {processor.py:208} INFO - Processing /home/aangava/MSP/airflow_venv/lib/python3.12/site-packages/airflow/example_dags/example_xcomargs.py took 0.097 seconds
[2025-05-14T23:06:39.137-0400] {processor.py:186} INFO - Started process (PID=47033) to work on /home/aangava/MSP/airflow_venv/lib/python3.12/site-packages/airflow/example_dags/example_xcomargs.py
[2025-05-14T23:06:39.149-0400] {processor.py:914} INFO - Processing file /home/aangava/MSP/airflow_venv/lib/python3.12/site-packages/airflow/example_dags/example_xcomargs.py for tasks to queue
[2025-05-14T23:06:39.151-0400] {logging_mixin.py:190} INFO - [2025-05-14T23:06:39.150-0400] {dagbag.py:588} INFO - Filling up the DagBag from /home/aangava/MSP/airflow_venv/lib/python3.12/site-packages/airflow/example_dags/example_xcomargs.py
[2025-05-14T23:06:39.164-0400] {processor.py:925} INFO - DAG(s) 'example_xcom_args', 'example_xcom_args_with_operators' retrieved from /home/aangava/MSP/airflow_venv/lib/python3.12/site-packages/airflow/example_dags/example_xcomargs.py
[2025-05-14T23:06:39.187-0400] {logging_mixin.py:190} INFO - [2025-05-14T23:06:39.187-0400] {dag.py:3239} INFO - Sync 2 DAGs
[2025-05-14T23:06:39.201-0400] {logging_mixin.py:190} INFO - [2025-05-14T23:06:39.200-0400] {dag.py:4180} INFO - Setting next_dagrun for example_xcom_args to None, run_after=None
[2025-05-14T23:06:39.203-0400] {logging_mixin.py:190} INFO - [2025-05-14T23:06:39.203-0400] {dag.py:4180} INFO - Setting next_dagrun for example_xcom_args_with_operators to None, run_after=None
[2025-05-14T23:06:39.224-0400] {processor.py:208} INFO - Processing /home/aangava/MSP/airflow_venv/lib/python3.12/site-packages/airflow/example_dags/example_xcomargs.py took 0.099 seconds
[2025-05-14T23:07:41.616-0400] {processor.py:186} INFO - Started process (PID=47279) to work on /home/aangava/MSP/airflow_venv/lib/python3.12/site-packages/airflow/example_dags/example_xcomargs.py
[2025-05-14T23:07:41.627-0400] {processor.py:914} INFO - Processing file /home/aangava/MSP/airflow_venv/lib/python3.12/site-packages/airflow/example_dags/example_xcomargs.py for tasks to queue
[2025-05-14T23:07:41.629-0400] {logging_mixin.py:190} INFO - [2025-05-14T23:07:41.628-0400] {dagbag.py:588} INFO - Filling up the DagBag from /home/aangava/MSP/airflow_venv/lib/python3.12/site-packages/airflow/example_dags/example_xcomargs.py
[2025-05-14T23:07:41.642-0400] {processor.py:925} INFO - DAG(s) 'example_xcom_args_with_operators', 'example_xcom_args' retrieved from /home/aangava/MSP/airflow_venv/lib/python3.12/site-packages/airflow/example_dags/example_xcomargs.py
[2025-05-14T23:07:41.662-0400] {logging_mixin.py:190} INFO - [2025-05-14T23:07:41.662-0400] {dag.py:3239} INFO - Sync 2 DAGs
[2025-05-14T23:07:41.676-0400] {logging_mixin.py:190} INFO - [2025-05-14T23:07:41.676-0400] {dag.py:4180} INFO - Setting next_dagrun for example_xcom_args to None, run_after=None
[2025-05-14T23:07:41.679-0400] {logging_mixin.py:190} INFO - [2025-05-14T23:07:41.679-0400] {dag.py:4180} INFO - Setting next_dagrun for example_xcom_args_with_operators to None, run_after=None
[2025-05-14T23:07:41.697-0400] {processor.py:208} INFO - Processing /home/aangava/MSP/airflow_venv/lib/python3.12/site-packages/airflow/example_dags/example_xcomargs.py took 0.093 seconds
[2025-05-14T23:08:43.786-0400] {processor.py:186} INFO - Started process (PID=47529) to work on /home/aangava/MSP/airflow_venv/lib/python3.12/site-packages/airflow/example_dags/example_xcomargs.py
[2025-05-14T23:08:43.799-0400] {processor.py:914} INFO - Processing file /home/aangava/MSP/airflow_venv/lib/python3.12/site-packages/airflow/example_dags/example_xcomargs.py for tasks to queue
[2025-05-14T23:08:43.802-0400] {logging_mixin.py:190} INFO - [2025-05-14T23:08:43.801-0400] {dagbag.py:588} INFO - Filling up the DagBag from /home/aangava/MSP/airflow_venv/lib/python3.12/site-packages/airflow/example_dags/example_xcomargs.py
[2025-05-14T23:08:43.816-0400] {processor.py:925} INFO - DAG(s) 'example_xcom_args_with_operators', 'example_xcom_args' retrieved from /home/aangava/MSP/airflow_venv/lib/python3.12/site-packages/airflow/example_dags/example_xcomargs.py
[2025-05-14T23:08:43.839-0400] {logging_mixin.py:190} INFO - [2025-05-14T23:08:43.838-0400] {dag.py:3239} INFO - Sync 2 DAGs
[2025-05-14T23:08:43.850-0400] {logging_mixin.py:190} INFO - [2025-05-14T23:08:43.850-0400] {dag.py:4180} INFO - Setting next_dagrun for example_xcom_args to None, run_after=None
[2025-05-14T23:08:43.853-0400] {logging_mixin.py:190} INFO - [2025-05-14T23:08:43.853-0400] {dag.py:4180} INFO - Setting next_dagrun for example_xcom_args_with_operators to None, run_after=None
[2025-05-14T23:08:43.877-0400] {processor.py:208} INFO - Processing /home/aangava/MSP/airflow_venv/lib/python3.12/site-packages/airflow/example_dags/example_xcomargs.py took 0.103 seconds
[2025-05-14T23:09:45.148-0400] {processor.py:186} INFO - Started process (PID=47775) to work on /home/aangava/MSP/airflow_venv/lib/python3.12/site-packages/airflow/example_dags/example_xcomargs.py
[2025-05-14T23:09:45.160-0400] {processor.py:914} INFO - Processing file /home/aangava/MSP/airflow_venv/lib/python3.12/site-packages/airflow/example_dags/example_xcomargs.py for tasks to queue
[2025-05-14T23:09:45.163-0400] {logging_mixin.py:190} INFO - [2025-05-14T23:09:45.162-0400] {dagbag.py:588} INFO - Filling up the DagBag from /home/aangava/MSP/airflow_venv/lib/python3.12/site-packages/airflow/example_dags/example_xcomargs.py
[2025-05-14T23:09:45.174-0400] {processor.py:925} INFO - DAG(s) 'example_xcom_args_with_operators', 'example_xcom_args' retrieved from /home/aangava/MSP/airflow_venv/lib/python3.12/site-packages/airflow/example_dags/example_xcomargs.py
[2025-05-14T23:09:45.197-0400] {logging_mixin.py:190} INFO - [2025-05-14T23:09:45.197-0400] {dag.py:3239} INFO - Sync 2 DAGs
[2025-05-14T23:09:45.211-0400] {logging_mixin.py:190} INFO - [2025-05-14T23:09:45.211-0400] {dag.py:4180} INFO - Setting next_dagrun for example_xcom_args to None, run_after=None
[2025-05-14T23:09:45.214-0400] {logging_mixin.py:190} INFO - [2025-05-14T23:09:45.214-0400] {dag.py:4180} INFO - Setting next_dagrun for example_xcom_args_with_operators to None, run_after=None
[2025-05-14T23:09:45.236-0400] {processor.py:208} INFO - Processing /home/aangava/MSP/airflow_venv/lib/python3.12/site-packages/airflow/example_dags/example_xcomargs.py took 0.097 seconds
[2025-05-14T23:10:51.047-0400] {processor.py:186} INFO - Started process (PID=48036) to work on /home/aangava/MSP/airflow_venv/lib/python3.12/site-packages/airflow/example_dags/example_xcomargs.py
[2025-05-14T23:10:51.058-0400] {processor.py:914} INFO - Processing file /home/aangava/MSP/airflow_venv/lib/python3.12/site-packages/airflow/example_dags/example_xcomargs.py for tasks to queue
[2025-05-14T23:10:51.060-0400] {logging_mixin.py:190} INFO - [2025-05-14T23:10:51.059-0400] {dagbag.py:588} INFO - Filling up the DagBag from /home/aangava/MSP/airflow_venv/lib/python3.12/site-packages/airflow/example_dags/example_xcomargs.py
[2025-05-14T23:10:51.073-0400] {processor.py:925} INFO - DAG(s) 'example_xcom_args_with_operators', 'example_xcom_args' retrieved from /home/aangava/MSP/airflow_venv/lib/python3.12/site-packages/airflow/example_dags/example_xcomargs.py
[2025-05-14T23:10:51.096-0400] {logging_mixin.py:190} INFO - [2025-05-14T23:10:51.096-0400] {dag.py:3239} INFO - Sync 2 DAGs
[2025-05-14T23:10:51.110-0400] {logging_mixin.py:190} INFO - [2025-05-14T23:10:51.109-0400] {dag.py:4180} INFO - Setting next_dagrun for example_xcom_args to None, run_after=None
[2025-05-14T23:10:51.112-0400] {logging_mixin.py:190} INFO - [2025-05-14T23:10:51.112-0400] {dag.py:4180} INFO - Setting next_dagrun for example_xcom_args_with_operators to None, run_after=None
[2025-05-14T23:10:51.135-0400] {processor.py:208} INFO - Processing /home/aangava/MSP/airflow_venv/lib/python3.12/site-packages/airflow/example_dags/example_xcomargs.py took 0.099 seconds
[2025-05-14T23:11:50.844-0400] {processor.py:186} INFO - Started process (PID=48285) to work on /home/aangava/MSP/airflow_venv/lib/python3.12/site-packages/airflow/example_dags/example_xcomargs.py
[2025-05-14T23:11:50.857-0400] {processor.py:914} INFO - Processing file /home/aangava/MSP/airflow_venv/lib/python3.12/site-packages/airflow/example_dags/example_xcomargs.py for tasks to queue
[2025-05-14T23:11:50.860-0400] {logging_mixin.py:190} INFO - [2025-05-14T23:11:50.859-0400] {dagbag.py:588} INFO - Filling up the DagBag from /home/aangava/MSP/airflow_venv/lib/python3.12/site-packages/airflow/example_dags/example_xcomargs.py
[2025-05-14T23:11:50.875-0400] {processor.py:925} INFO - DAG(s) 'example_xcom_args', 'example_xcom_args_with_operators' retrieved from /home/aangava/MSP/airflow_venv/lib/python3.12/site-packages/airflow/example_dags/example_xcomargs.py
[2025-05-14T23:11:50.897-0400] {logging_mixin.py:190} INFO - [2025-05-14T23:11:50.897-0400] {dag.py:3239} INFO - Sync 2 DAGs
[2025-05-14T23:11:50.912-0400] {logging_mixin.py:190} INFO - [2025-05-14T23:11:50.911-0400] {dag.py:4180} INFO - Setting next_dagrun for example_xcom_args to None, run_after=None
[2025-05-14T23:11:50.916-0400] {logging_mixin.py:190} INFO - [2025-05-14T23:11:50.916-0400] {dag.py:4180} INFO - Setting next_dagrun for example_xcom_args_with_operators to None, run_after=None
[2025-05-14T23:11:50.942-0400] {processor.py:208} INFO - Processing /home/aangava/MSP/airflow_venv/lib/python3.12/site-packages/airflow/example_dags/example_xcomargs.py took 0.109 seconds
[2025-05-14T23:12:59.092-0400] {processor.py:186} INFO - Started process (PID=48550) to work on /home/aangava/MSP/airflow_venv/lib/python3.12/site-packages/airflow/example_dags/example_xcomargs.py
[2025-05-14T23:12:59.095-0400] {processor.py:914} INFO - Processing file /home/aangava/MSP/airflow_venv/lib/python3.12/site-packages/airflow/example_dags/example_xcomargs.py for tasks to queue
[2025-05-14T23:12:59.098-0400] {logging_mixin.py:190} INFO - [2025-05-14T23:12:59.098-0400] {dagbag.py:588} INFO - Filling up the DagBag from /home/aangava/MSP/airflow_venv/lib/python3.12/site-packages/airflow/example_dags/example_xcomargs.py
[2025-05-14T23:12:59.112-0400] {processor.py:925} INFO - DAG(s) 'example_xcom_args_with_operators', 'example_xcom_args' retrieved from /home/aangava/MSP/airflow_venv/lib/python3.12/site-packages/airflow/example_dags/example_xcomargs.py
[2025-05-14T23:12:59.137-0400] {logging_mixin.py:190} INFO - [2025-05-14T23:12:59.137-0400] {dag.py:3239} INFO - Sync 2 DAGs
[2025-05-14T23:12:59.151-0400] {logging_mixin.py:190} INFO - [2025-05-14T23:12:59.151-0400] {dag.py:4180} INFO - Setting next_dagrun for example_xcom_args to None, run_after=None
[2025-05-14T23:12:59.154-0400] {logging_mixin.py:190} INFO - [2025-05-14T23:12:59.154-0400] {dag.py:4180} INFO - Setting next_dagrun for example_xcom_args_with_operators to None, run_after=None
[2025-05-14T23:12:59.177-0400] {processor.py:208} INFO - Processing /home/aangava/MSP/airflow_venv/lib/python3.12/site-packages/airflow/example_dags/example_xcomargs.py took 0.094 seconds
[2025-05-14T23:13:57.983-0400] {processor.py:186} INFO - Started process (PID=48787) to work on /home/aangava/MSP/airflow_venv/lib/python3.12/site-packages/airflow/example_dags/example_xcomargs.py
[2025-05-14T23:13:57.996-0400] {processor.py:914} INFO - Processing file /home/aangava/MSP/airflow_venv/lib/python3.12/site-packages/airflow/example_dags/example_xcomargs.py for tasks to queue
[2025-05-14T23:13:57.999-0400] {logging_mixin.py:190} INFO - [2025-05-14T23:13:57.998-0400] {dagbag.py:588} INFO - Filling up the DagBag from /home/aangava/MSP/airflow_venv/lib/python3.12/site-packages/airflow/example_dags/example_xcomargs.py
[2025-05-14T23:13:58.013-0400] {processor.py:925} INFO - DAG(s) 'example_xcom_args', 'example_xcom_args_with_operators' retrieved from /home/aangava/MSP/airflow_venv/lib/python3.12/site-packages/airflow/example_dags/example_xcomargs.py
[2025-05-14T23:13:58.035-0400] {logging_mixin.py:190} INFO - [2025-05-14T23:13:58.035-0400] {dag.py:3239} INFO - Sync 2 DAGs
[2025-05-14T23:13:58.048-0400] {logging_mixin.py:190} INFO - [2025-05-14T23:13:58.047-0400] {dag.py:4180} INFO - Setting next_dagrun for example_xcom_args to None, run_after=None
[2025-05-14T23:13:58.051-0400] {logging_mixin.py:190} INFO - [2025-05-14T23:13:58.051-0400] {dag.py:4180} INFO - Setting next_dagrun for example_xcom_args_with_operators to None, run_after=None
[2025-05-14T23:13:58.072-0400] {processor.py:208} INFO - Processing /home/aangava/MSP/airflow_venv/lib/python3.12/site-packages/airflow/example_dags/example_xcomargs.py took 0.102 seconds
[2025-05-14T23:15:00.161-0400] {processor.py:186} INFO - Started process (PID=49033) to work on /home/aangava/MSP/airflow_venv/lib/python3.12/site-packages/airflow/example_dags/example_xcomargs.py
[2025-05-14T23:15:00.173-0400] {processor.py:914} INFO - Processing file /home/aangava/MSP/airflow_venv/lib/python3.12/site-packages/airflow/example_dags/example_xcomargs.py for tasks to queue
[2025-05-14T23:15:00.176-0400] {logging_mixin.py:190} INFO - [2025-05-14T23:15:00.175-0400] {dagbag.py:588} INFO - Filling up the DagBag from /home/aangava/MSP/airflow_venv/lib/python3.12/site-packages/airflow/example_dags/example_xcomargs.py
[2025-05-14T23:15:00.188-0400] {processor.py:925} INFO - DAG(s) 'example_xcom_args_with_operators', 'example_xcom_args' retrieved from /home/aangava/MSP/airflow_venv/lib/python3.12/site-packages/airflow/example_dags/example_xcomargs.py
[2025-05-14T23:15:00.212-0400] {logging_mixin.py:190} INFO - [2025-05-14T23:15:00.211-0400] {dag.py:3239} INFO - Sync 2 DAGs
[2025-05-14T23:15:00.226-0400] {logging_mixin.py:190} INFO - [2025-05-14T23:15:00.226-0400] {dag.py:4180} INFO - Setting next_dagrun for example_xcom_args to None, run_after=None
[2025-05-14T23:15:00.229-0400] {logging_mixin.py:190} INFO - [2025-05-14T23:15:00.229-0400] {dag.py:4180} INFO - Setting next_dagrun for example_xcom_args_with_operators to None, run_after=None
[2025-05-14T23:15:00.260-0400] {processor.py:208} INFO - Processing /home/aangava/MSP/airflow_venv/lib/python3.12/site-packages/airflow/example_dags/example_xcomargs.py took 0.110 seconds
[2025-05-14T23:16:04.765-0400] {processor.py:186} INFO - Started process (PID=49295) to work on /home/aangava/MSP/airflow_venv/lib/python3.12/site-packages/airflow/example_dags/example_xcomargs.py
[2025-05-14T23:16:04.775-0400] {processor.py:914} INFO - Processing file /home/aangava/MSP/airflow_venv/lib/python3.12/site-packages/airflow/example_dags/example_xcomargs.py for tasks to queue
[2025-05-14T23:16:04.776-0400] {logging_mixin.py:190} INFO - [2025-05-14T23:16:04.775-0400] {dagbag.py:588} INFO - Filling up the DagBag from /home/aangava/MSP/airflow_venv/lib/python3.12/site-packages/airflow/example_dags/example_xcomargs.py
[2025-05-14T23:16:04.781-0400] {processor.py:925} INFO - DAG(s) 'example_xcom_args', 'example_xcom_args_with_operators' retrieved from /home/aangava/MSP/airflow_venv/lib/python3.12/site-packages/airflow/example_dags/example_xcomargs.py
[2025-05-14T23:16:04.792-0400] {logging_mixin.py:190} INFO - [2025-05-14T23:16:04.792-0400] {dag.py:3239} INFO - Sync 2 DAGs
[2025-05-14T23:16:04.799-0400] {logging_mixin.py:190} INFO - [2025-05-14T23:16:04.799-0400] {dag.py:4180} INFO - Setting next_dagrun for example_xcom_args to None, run_after=None
[2025-05-14T23:16:04.801-0400] {logging_mixin.py:190} INFO - [2025-05-14T23:16:04.800-0400] {dag.py:4180} INFO - Setting next_dagrun for example_xcom_args_with_operators to None, run_after=None
[2025-05-14T23:16:04.812-0400] {processor.py:208} INFO - Processing /home/aangava/MSP/airflow_venv/lib/python3.12/site-packages/airflow/example_dags/example_xcomargs.py took 0.051 seconds
[2025-05-14T23:17:05.617-0400] {processor.py:186} INFO - Started process (PID=49543) to work on /home/aangava/MSP/airflow_venv/lib/python3.12/site-packages/airflow/example_dags/example_xcomargs.py
[2025-05-14T23:17:05.626-0400] {processor.py:914} INFO - Processing file /home/aangava/MSP/airflow_venv/lib/python3.12/site-packages/airflow/example_dags/example_xcomargs.py for tasks to queue
[2025-05-14T23:17:05.629-0400] {logging_mixin.py:190} INFO - [2025-05-14T23:17:05.628-0400] {dagbag.py:588} INFO - Filling up the DagBag from /home/aangava/MSP/airflow_venv/lib/python3.12/site-packages/airflow/example_dags/example_xcomargs.py
[2025-05-14T23:17:05.642-0400] {processor.py:925} INFO - DAG(s) 'example_xcom_args_with_operators', 'example_xcom_args' retrieved from /home/aangava/MSP/airflow_venv/lib/python3.12/site-packages/airflow/example_dags/example_xcomargs.py
[2025-05-14T23:17:05.670-0400] {logging_mixin.py:190} INFO - [2025-05-14T23:17:05.670-0400] {dag.py:3239} INFO - Sync 2 DAGs
[2025-05-14T23:17:05.685-0400] {logging_mixin.py:190} INFO - [2025-05-14T23:17:05.685-0400] {dag.py:4180} INFO - Setting next_dagrun for example_xcom_args to None, run_after=None
[2025-05-14T23:17:05.688-0400] {logging_mixin.py:190} INFO - [2025-05-14T23:17:05.688-0400] {dag.py:4180} INFO - Setting next_dagrun for example_xcom_args_with_operators to None, run_after=None
[2025-05-14T23:17:05.710-0400] {processor.py:208} INFO - Processing /home/aangava/MSP/airflow_venv/lib/python3.12/site-packages/airflow/example_dags/example_xcomargs.py took 0.104 seconds
[2025-05-14T23:18:06.356-0400] {processor.py:186} INFO - Started process (PID=49782) to work on /home/aangava/MSP/airflow_venv/lib/python3.12/site-packages/airflow/example_dags/example_xcomargs.py
[2025-05-14T23:18:06.368-0400] {processor.py:914} INFO - Processing file /home/aangava/MSP/airflow_venv/lib/python3.12/site-packages/airflow/example_dags/example_xcomargs.py for tasks to queue
[2025-05-14T23:18:06.371-0400] {logging_mixin.py:190} INFO - [2025-05-14T23:18:06.370-0400] {dagbag.py:588} INFO - Filling up the DagBag from /home/aangava/MSP/airflow_venv/lib/python3.12/site-packages/airflow/example_dags/example_xcomargs.py
[2025-05-14T23:18:06.383-0400] {processor.py:925} INFO - DAG(s) 'example_xcom_args', 'example_xcom_args_with_operators' retrieved from /home/aangava/MSP/airflow_venv/lib/python3.12/site-packages/airflow/example_dags/example_xcomargs.py
[2025-05-14T23:18:06.407-0400] {logging_mixin.py:190} INFO - [2025-05-14T23:18:06.407-0400] {dag.py:3239} INFO - Sync 2 DAGs
[2025-05-14T23:18:06.420-0400] {logging_mixin.py:190} INFO - [2025-05-14T23:18:06.420-0400] {dag.py:4180} INFO - Setting next_dagrun for example_xcom_args to None, run_after=None
[2025-05-14T23:18:06.423-0400] {logging_mixin.py:190} INFO - [2025-05-14T23:18:06.423-0400] {dag.py:4180} INFO - Setting next_dagrun for example_xcom_args_with_operators to None, run_after=None
[2025-05-14T23:18:06.445-0400] {processor.py:208} INFO - Processing /home/aangava/MSP/airflow_venv/lib/python3.12/site-packages/airflow/example_dags/example_xcomargs.py took 0.097 seconds
[2025-05-14T23:19:07.644-0400] {processor.py:186} INFO - Started process (PID=50025) to work on /home/aangava/MSP/airflow_venv/lib/python3.12/site-packages/airflow/example_dags/example_xcomargs.py
[2025-05-14T23:19:07.649-0400] {processor.py:914} INFO - Processing file /home/aangava/MSP/airflow_venv/lib/python3.12/site-packages/airflow/example_dags/example_xcomargs.py for tasks to queue
[2025-05-14T23:19:07.652-0400] {logging_mixin.py:190} INFO - [2025-05-14T23:19:07.651-0400] {dagbag.py:588} INFO - Filling up the DagBag from /home/aangava/MSP/airflow_venv/lib/python3.12/site-packages/airflow/example_dags/example_xcomargs.py
[2025-05-14T23:19:07.663-0400] {processor.py:925} INFO - DAG(s) 'example_xcom_args', 'example_xcom_args_with_operators' retrieved from /home/aangava/MSP/airflow_venv/lib/python3.12/site-packages/airflow/example_dags/example_xcomargs.py
[2025-05-14T23:19:07.690-0400] {logging_mixin.py:190} INFO - [2025-05-14T23:19:07.690-0400] {dag.py:3239} INFO - Sync 2 DAGs
[2025-05-14T23:19:07.702-0400] {logging_mixin.py:190} INFO - [2025-05-14T23:19:07.702-0400] {dag.py:4180} INFO - Setting next_dagrun for example_xcom_args to None, run_after=None
[2025-05-14T23:19:07.705-0400] {logging_mixin.py:190} INFO - [2025-05-14T23:19:07.705-0400] {dag.py:4180} INFO - Setting next_dagrun for example_xcom_args_with_operators to None, run_after=None
[2025-05-14T23:19:07.731-0400] {processor.py:208} INFO - Processing /home/aangava/MSP/airflow_venv/lib/python3.12/site-packages/airflow/example_dags/example_xcomargs.py took 0.099 seconds
[2025-05-14T23:20:08.774-0400] {processor.py:186} INFO - Started process (PID=50271) to work on /home/aangava/MSP/airflow_venv/lib/python3.12/site-packages/airflow/example_dags/example_xcomargs.py
[2025-05-14T23:20:08.786-0400] {processor.py:914} INFO - Processing file /home/aangava/MSP/airflow_venv/lib/python3.12/site-packages/airflow/example_dags/example_xcomargs.py for tasks to queue
[2025-05-14T23:20:08.789-0400] {logging_mixin.py:190} INFO - [2025-05-14T23:20:08.789-0400] {dagbag.py:588} INFO - Filling up the DagBag from /home/aangava/MSP/airflow_venv/lib/python3.12/site-packages/airflow/example_dags/example_xcomargs.py
[2025-05-14T23:20:08.804-0400] {processor.py:925} INFO - DAG(s) 'example_xcom_args', 'example_xcom_args_with_operators' retrieved from /home/aangava/MSP/airflow_venv/lib/python3.12/site-packages/airflow/example_dags/example_xcomargs.py
[2025-05-14T23:20:08.834-0400] {logging_mixin.py:190} INFO - [2025-05-14T23:20:08.834-0400] {dag.py:3239} INFO - Sync 2 DAGs
[2025-05-14T23:20:08.848-0400] {logging_mixin.py:190} INFO - [2025-05-14T23:20:08.848-0400] {dag.py:4180} INFO - Setting next_dagrun for example_xcom_args to None, run_after=None
[2025-05-14T23:20:08.851-0400] {logging_mixin.py:190} INFO - [2025-05-14T23:20:08.851-0400] {dag.py:4180} INFO - Setting next_dagrun for example_xcom_args_with_operators to None, run_after=None
[2025-05-14T23:20:08.874-0400] {processor.py:208} INFO - Processing /home/aangava/MSP/airflow_venv/lib/python3.12/site-packages/airflow/example_dags/example_xcomargs.py took 0.111 seconds
[2025-05-14T23:21:14.913-0400] {processor.py:186} INFO - Started process (PID=50538) to work on /home/aangava/MSP/airflow_venv/lib/python3.12/site-packages/airflow/example_dags/example_xcomargs.py
[2025-05-14T23:21:14.923-0400] {processor.py:914} INFO - Processing file /home/aangava/MSP/airflow_venv/lib/python3.12/site-packages/airflow/example_dags/example_xcomargs.py for tasks to queue
[2025-05-14T23:21:14.926-0400] {logging_mixin.py:190} INFO - [2025-05-14T23:21:14.925-0400] {dagbag.py:588} INFO - Filling up the DagBag from /home/aangava/MSP/airflow_venv/lib/python3.12/site-packages/airflow/example_dags/example_xcomargs.py
[2025-05-14T23:21:14.939-0400] {processor.py:925} INFO - DAG(s) 'example_xcom_args_with_operators', 'example_xcom_args' retrieved from /home/aangava/MSP/airflow_venv/lib/python3.12/site-packages/airflow/example_dags/example_xcomargs.py
[2025-05-14T23:21:14.958-0400] {logging_mixin.py:190} INFO - [2025-05-14T23:21:14.958-0400] {dag.py:3239} INFO - Sync 2 DAGs
[2025-05-14T23:21:14.972-0400] {logging_mixin.py:190} INFO - [2025-05-14T23:21:14.971-0400] {dag.py:4180} INFO - Setting next_dagrun for example_xcom_args to None, run_after=None
[2025-05-14T23:21:14.975-0400] {logging_mixin.py:190} INFO - [2025-05-14T23:21:14.974-0400] {dag.py:4180} INFO - Setting next_dagrun for example_xcom_args_with_operators to None, run_after=None
[2025-05-14T23:21:14.995-0400] {processor.py:208} INFO - Processing /home/aangava/MSP/airflow_venv/lib/python3.12/site-packages/airflow/example_dags/example_xcomargs.py took 0.090 seconds
[2025-05-14T23:22:17.177-0400] {processor.py:186} INFO - Started process (PID=50781) to work on /home/aangava/MSP/airflow_venv/lib/python3.12/site-packages/airflow/example_dags/example_xcomargs.py
[2025-05-14T23:22:17.189-0400] {processor.py:914} INFO - Processing file /home/aangava/MSP/airflow_venv/lib/python3.12/site-packages/airflow/example_dags/example_xcomargs.py for tasks to queue
[2025-05-14T23:22:17.193-0400] {logging_mixin.py:190} INFO - [2025-05-14T23:22:17.192-0400] {dagbag.py:588} INFO - Filling up the DagBag from /home/aangava/MSP/airflow_venv/lib/python3.12/site-packages/airflow/example_dags/example_xcomargs.py
[2025-05-14T23:22:17.208-0400] {processor.py:925} INFO - DAG(s) 'example_xcom_args', 'example_xcom_args_with_operators' retrieved from /home/aangava/MSP/airflow_venv/lib/python3.12/site-packages/airflow/example_dags/example_xcomargs.py
[2025-05-14T23:22:17.229-0400] {logging_mixin.py:190} INFO - [2025-05-14T23:22:17.228-0400] {dag.py:3239} INFO - Sync 2 DAGs
[2025-05-14T23:22:17.240-0400] {logging_mixin.py:190} INFO - [2025-05-14T23:22:17.240-0400] {dag.py:4180} INFO - Setting next_dagrun for example_xcom_args to None, run_after=None
[2025-05-14T23:22:17.243-0400] {logging_mixin.py:190} INFO - [2025-05-14T23:22:17.242-0400] {dag.py:4180} INFO - Setting next_dagrun for example_xcom_args_with_operators to None, run_after=None
[2025-05-14T23:22:17.264-0400] {processor.py:208} INFO - Processing /home/aangava/MSP/airflow_venv/lib/python3.12/site-packages/airflow/example_dags/example_xcomargs.py took 0.096 seconds
[2025-05-14T23:24:58.212-0400] {processor.py:186} INFO - Started process (PID=51104) to work on /home/aangava/MSP/airflow_venv/lib/python3.12/site-packages/airflow/example_dags/example_xcomargs.py
[2025-05-14T23:24:58.223-0400] {processor.py:914} INFO - Processing file /home/aangava/MSP/airflow_venv/lib/python3.12/site-packages/airflow/example_dags/example_xcomargs.py for tasks to queue
[2025-05-14T23:24:58.226-0400] {logging_mixin.py:190} INFO - [2025-05-14T23:24:58.225-0400] {dagbag.py:588} INFO - Filling up the DagBag from /home/aangava/MSP/airflow_venv/lib/python3.12/site-packages/airflow/example_dags/example_xcomargs.py
[2025-05-14T23:24:58.238-0400] {processor.py:925} INFO - DAG(s) 'example_xcom_args_with_operators', 'example_xcom_args' retrieved from /home/aangava/MSP/airflow_venv/lib/python3.12/site-packages/airflow/example_dags/example_xcomargs.py
[2025-05-14T23:24:58.257-0400] {logging_mixin.py:190} INFO - [2025-05-14T23:24:58.256-0400] {dag.py:3239} INFO - Sync 2 DAGs
[2025-05-14T23:24:58.268-0400] {logging_mixin.py:190} INFO - [2025-05-14T23:24:58.267-0400] {dag.py:4180} INFO - Setting next_dagrun for example_xcom_args to None, run_after=None
[2025-05-14T23:24:58.270-0400] {logging_mixin.py:190} INFO - [2025-05-14T23:24:58.270-0400] {dag.py:4180} INFO - Setting next_dagrun for example_xcom_args_with_operators to None, run_after=None
[2025-05-14T23:24:58.291-0400] {processor.py:208} INFO - Processing /home/aangava/MSP/airflow_venv/lib/python3.12/site-packages/airflow/example_dags/example_xcomargs.py took 0.087 seconds
[2025-05-14T23:26:02.525-0400] {processor.py:186} INFO - Started process (PID=51354) to work on /home/aangava/MSP/airflow_venv/lib/python3.12/site-packages/airflow/example_dags/example_xcomargs.py
[2025-05-14T23:26:02.536-0400] {processor.py:914} INFO - Processing file /home/aangava/MSP/airflow_venv/lib/python3.12/site-packages/airflow/example_dags/example_xcomargs.py for tasks to queue
[2025-05-14T23:26:02.540-0400] {logging_mixin.py:190} INFO - [2025-05-14T23:26:02.539-0400] {dagbag.py:588} INFO - Filling up the DagBag from /home/aangava/MSP/airflow_venv/lib/python3.12/site-packages/airflow/example_dags/example_xcomargs.py
[2025-05-14T23:26:02.553-0400] {processor.py:925} INFO - DAG(s) 'example_xcom_args', 'example_xcom_args_with_operators' retrieved from /home/aangava/MSP/airflow_venv/lib/python3.12/site-packages/airflow/example_dags/example_xcomargs.py
[2025-05-14T23:26:02.573-0400] {logging_mixin.py:190} INFO - [2025-05-14T23:26:02.573-0400] {dag.py:3239} INFO - Sync 2 DAGs
[2025-05-14T23:26:02.585-0400] {logging_mixin.py:190} INFO - [2025-05-14T23:26:02.585-0400] {dag.py:4180} INFO - Setting next_dagrun for example_xcom_args to None, run_after=None
[2025-05-14T23:26:02.588-0400] {logging_mixin.py:190} INFO - [2025-05-14T23:26:02.587-0400] {dag.py:4180} INFO - Setting next_dagrun for example_xcom_args_with_operators to None, run_after=None
[2025-05-14T23:26:02.608-0400] {processor.py:208} INFO - Processing /home/aangava/MSP/airflow_venv/lib/python3.12/site-packages/airflow/example_dags/example_xcomargs.py took 0.093 seconds
[2025-05-14T23:27:09.194-0400] {processor.py:186} INFO - Started process (PID=51619) to work on /home/aangava/MSP/airflow_venv/lib/python3.12/site-packages/airflow/example_dags/example_xcomargs.py
[2025-05-14T23:27:09.207-0400] {processor.py:914} INFO - Processing file /home/aangava/MSP/airflow_venv/lib/python3.12/site-packages/airflow/example_dags/example_xcomargs.py for tasks to queue
[2025-05-14T23:27:09.209-0400] {logging_mixin.py:190} INFO - [2025-05-14T23:27:09.209-0400] {dagbag.py:588} INFO - Filling up the DagBag from /home/aangava/MSP/airflow_venv/lib/python3.12/site-packages/airflow/example_dags/example_xcomargs.py
[2025-05-14T23:27:09.221-0400] {processor.py:925} INFO - DAG(s) 'example_xcom_args', 'example_xcom_args_with_operators' retrieved from /home/aangava/MSP/airflow_venv/lib/python3.12/site-packages/airflow/example_dags/example_xcomargs.py
[2025-05-14T23:27:09.246-0400] {logging_mixin.py:190} INFO - [2025-05-14T23:27:09.245-0400] {dag.py:3239} INFO - Sync 2 DAGs
[2025-05-14T23:27:09.267-0400] {logging_mixin.py:190} INFO - [2025-05-14T23:27:09.267-0400] {dag.py:4180} INFO - Setting next_dagrun for example_xcom_args to None, run_after=None
[2025-05-14T23:27:09.270-0400] {logging_mixin.py:190} INFO - [2025-05-14T23:27:09.270-0400] {dag.py:4180} INFO - Setting next_dagrun for example_xcom_args_with_operators to None, run_after=None
[2025-05-14T23:27:09.295-0400] {processor.py:208} INFO - Processing /home/aangava/MSP/airflow_venv/lib/python3.12/site-packages/airflow/example_dags/example_xcomargs.py took 0.112 seconds
[2025-05-14T23:29:10.403-0400] {processor.py:186} INFO - Started process (PID=52003) to work on /home/aangava/MSP/airflow_venv/lib/python3.12/site-packages/airflow/example_dags/example_xcomargs.py
[2025-05-14T23:29:10.414-0400] {processor.py:914} INFO - Processing file /home/aangava/MSP/airflow_venv/lib/python3.12/site-packages/airflow/example_dags/example_xcomargs.py for tasks to queue
[2025-05-14T23:29:10.416-0400] {logging_mixin.py:190} INFO - [2025-05-14T23:29:10.415-0400] {dagbag.py:588} INFO - Filling up the DagBag from /home/aangava/MSP/airflow_venv/lib/python3.12/site-packages/airflow/example_dags/example_xcomargs.py
[2025-05-14T23:29:10.425-0400] {processor.py:925} INFO - DAG(s) 'example_xcom_args_with_operators', 'example_xcom_args' retrieved from /home/aangava/MSP/airflow_venv/lib/python3.12/site-packages/airflow/example_dags/example_xcomargs.py
[2025-05-14T23:29:10.445-0400] {logging_mixin.py:190} INFO - [2025-05-14T23:29:10.445-0400] {dag.py:3239} INFO - Sync 2 DAGs
[2025-05-14T23:29:10.460-0400] {logging_mixin.py:190} INFO - [2025-05-14T23:29:10.460-0400] {dag.py:4180} INFO - Setting next_dagrun for example_xcom_args to None, run_after=None
[2025-05-14T23:29:10.464-0400] {logging_mixin.py:190} INFO - [2025-05-14T23:29:10.464-0400] {dag.py:4180} INFO - Setting next_dagrun for example_xcom_args_with_operators to None, run_after=None
[2025-05-14T23:29:10.489-0400] {processor.py:208} INFO - Processing /home/aangava/MSP/airflow_venv/lib/python3.12/site-packages/airflow/example_dags/example_xcomargs.py took 0.094 seconds
[2025-05-14T23:30:18.586-0400] {processor.py:186} INFO - Started process (PID=52274) to work on /home/aangava/MSP/airflow_venv/lib/python3.12/site-packages/airflow/example_dags/example_xcomargs.py
[2025-05-14T23:30:18.589-0400] {processor.py:914} INFO - Processing file /home/aangava/MSP/airflow_venv/lib/python3.12/site-packages/airflow/example_dags/example_xcomargs.py for tasks to queue
[2025-05-14T23:30:18.590-0400] {logging_mixin.py:190} INFO - [2025-05-14T23:30:18.590-0400] {dagbag.py:588} INFO - Filling up the DagBag from /home/aangava/MSP/airflow_venv/lib/python3.12/site-packages/airflow/example_dags/example_xcomargs.py
[2025-05-14T23:30:18.602-0400] {processor.py:925} INFO - DAG(s) 'example_xcom_args_with_operators', 'example_xcom_args' retrieved from /home/aangava/MSP/airflow_venv/lib/python3.12/site-packages/airflow/example_dags/example_xcomargs.py
[2025-05-14T23:30:18.622-0400] {logging_mixin.py:190} INFO - [2025-05-14T23:30:18.622-0400] {dag.py:3239} INFO - Sync 2 DAGs
[2025-05-14T23:30:18.634-0400] {logging_mixin.py:190} INFO - [2025-05-14T23:30:18.634-0400] {dag.py:4180} INFO - Setting next_dagrun for example_xcom_args to None, run_after=None
[2025-05-14T23:30:18.637-0400] {logging_mixin.py:190} INFO - [2025-05-14T23:30:18.637-0400] {dag.py:4180} INFO - Setting next_dagrun for example_xcom_args_with_operators to None, run_after=None
[2025-05-14T23:30:18.658-0400] {processor.py:208} INFO - Processing /home/aangava/MSP/airflow_venv/lib/python3.12/site-packages/airflow/example_dags/example_xcomargs.py took 0.081 seconds
[2025-05-14T23:31:22.883-0400] {processor.py:186} INFO - Started process (PID=52529) to work on /home/aangava/MSP/airflow_venv/lib/python3.12/site-packages/airflow/example_dags/example_xcomargs.py
[2025-05-14T23:31:22.894-0400] {processor.py:914} INFO - Processing file /home/aangava/MSP/airflow_venv/lib/python3.12/site-packages/airflow/example_dags/example_xcomargs.py for tasks to queue
[2025-05-14T23:31:22.896-0400] {logging_mixin.py:190} INFO - [2025-05-14T23:31:22.895-0400] {dagbag.py:588} INFO - Filling up the DagBag from /home/aangava/MSP/airflow_venv/lib/python3.12/site-packages/airflow/example_dags/example_xcomargs.py
[2025-05-14T23:31:22.904-0400] {processor.py:925} INFO - DAG(s) 'example_xcom_args_with_operators', 'example_xcom_args' retrieved from /home/aangava/MSP/airflow_venv/lib/python3.12/site-packages/airflow/example_dags/example_xcomargs.py
[2025-05-14T23:31:23.052-0400] {logging_mixin.py:190} INFO - [2025-05-14T23:31:23.051-0400] {dag.py:3239} INFO - Sync 2 DAGs
[2025-05-14T23:31:23.060-0400] {logging_mixin.py:190} INFO - [2025-05-14T23:31:23.060-0400] {dag.py:4180} INFO - Setting next_dagrun for example_xcom_args to None, run_after=None
[2025-05-14T23:31:23.062-0400] {logging_mixin.py:190} INFO - [2025-05-14T23:31:23.062-0400] {dag.py:4180} INFO - Setting next_dagrun for example_xcom_args_with_operators to None, run_after=None
[2025-05-14T23:31:23.090-0400] {processor.py:208} INFO - Processing /home/aangava/MSP/airflow_venv/lib/python3.12/site-packages/airflow/example_dags/example_xcomargs.py took 0.213 seconds
[2025-05-14T23:32:36.088-0400] {processor.py:186} INFO - Started process (PID=52823) to work on /home/aangava/MSP/airflow_venv/lib/python3.12/site-packages/airflow/example_dags/example_xcomargs.py
[2025-05-14T23:32:36.101-0400] {processor.py:914} INFO - Processing file /home/aangava/MSP/airflow_venv/lib/python3.12/site-packages/airflow/example_dags/example_xcomargs.py for tasks to queue
[2025-05-14T23:32:36.104-0400] {logging_mixin.py:190} INFO - [2025-05-14T23:32:36.103-0400] {dagbag.py:588} INFO - Filling up the DagBag from /home/aangava/MSP/airflow_venv/lib/python3.12/site-packages/airflow/example_dags/example_xcomargs.py
[2025-05-14T23:32:36.118-0400] {processor.py:925} INFO - DAG(s) 'example_xcom_args', 'example_xcom_args_with_operators' retrieved from /home/aangava/MSP/airflow_venv/lib/python3.12/site-packages/airflow/example_dags/example_xcomargs.py
[2025-05-14T23:32:36.141-0400] {logging_mixin.py:190} INFO - [2025-05-14T23:32:36.141-0400] {dag.py:3239} INFO - Sync 2 DAGs
[2025-05-14T23:32:36.154-0400] {logging_mixin.py:190} INFO - [2025-05-14T23:32:36.154-0400] {dag.py:4180} INFO - Setting next_dagrun for example_xcom_args to None, run_after=None
[2025-05-14T23:32:36.157-0400] {logging_mixin.py:190} INFO - [2025-05-14T23:32:36.157-0400] {dag.py:4180} INFO - Setting next_dagrun for example_xcom_args_with_operators to None, run_after=None
[2025-05-14T23:32:36.181-0400] {processor.py:208} INFO - Processing /home/aangava/MSP/airflow_venv/lib/python3.12/site-packages/airflow/example_dags/example_xcomargs.py took 0.105 seconds
[2025-05-14T23:33:44.337-0400] {processor.py:186} INFO - Started process (PID=53085) to work on /home/aangava/MSP/airflow_venv/lib/python3.12/site-packages/airflow/example_dags/example_xcomargs.py
[2025-05-14T23:33:44.350-0400] {processor.py:914} INFO - Processing file /home/aangava/MSP/airflow_venv/lib/python3.12/site-packages/airflow/example_dags/example_xcomargs.py for tasks to queue
[2025-05-14T23:33:44.353-0400] {logging_mixin.py:190} INFO - [2025-05-14T23:33:44.352-0400] {dagbag.py:588} INFO - Filling up the DagBag from /home/aangava/MSP/airflow_venv/lib/python3.12/site-packages/airflow/example_dags/example_xcomargs.py
[2025-05-14T23:33:44.369-0400] {processor.py:925} INFO - DAG(s) 'example_xcom_args', 'example_xcom_args_with_operators' retrieved from /home/aangava/MSP/airflow_venv/lib/python3.12/site-packages/airflow/example_dags/example_xcomargs.py
[2025-05-14T23:33:44.392-0400] {logging_mixin.py:190} INFO - [2025-05-14T23:33:44.392-0400] {dag.py:3239} INFO - Sync 2 DAGs
[2025-05-14T23:33:44.404-0400] {logging_mixin.py:190} INFO - [2025-05-14T23:33:44.403-0400] {dag.py:4180} INFO - Setting next_dagrun for example_xcom_args to None, run_after=None
[2025-05-14T23:33:44.406-0400] {logging_mixin.py:190} INFO - [2025-05-14T23:33:44.406-0400] {dag.py:4180} INFO - Setting next_dagrun for example_xcom_args_with_operators to None, run_after=None
[2025-05-14T23:33:44.428-0400] {processor.py:208} INFO - Processing /home/aangava/MSP/airflow_venv/lib/python3.12/site-packages/airflow/example_dags/example_xcomargs.py took 0.101 seconds
[2025-05-14T23:40:13.512-0400] {processor.py:186} INFO - Started process (PID=53436) to work on /home/aangava/MSP/airflow_venv/lib/python3.12/site-packages/airflow/example_dags/example_xcomargs.py
[2025-05-14T23:40:13.523-0400] {processor.py:914} INFO - Processing file /home/aangava/MSP/airflow_venv/lib/python3.12/site-packages/airflow/example_dags/example_xcomargs.py for tasks to queue
[2025-05-14T23:40:13.526-0400] {logging_mixin.py:190} INFO - [2025-05-14T23:40:13.525-0400] {dagbag.py:588} INFO - Filling up the DagBag from /home/aangava/MSP/airflow_venv/lib/python3.12/site-packages/airflow/example_dags/example_xcomargs.py
[2025-05-14T23:40:13.539-0400] {processor.py:925} INFO - DAG(s) 'example_xcom_args', 'example_xcom_args_with_operators' retrieved from /home/aangava/MSP/airflow_venv/lib/python3.12/site-packages/airflow/example_dags/example_xcomargs.py
[2025-05-14T23:40:13.557-0400] {logging_mixin.py:190} INFO - [2025-05-14T23:40:13.557-0400] {dag.py:3239} INFO - Sync 2 DAGs
[2025-05-14T23:40:13.568-0400] {logging_mixin.py:190} INFO - [2025-05-14T23:40:13.568-0400] {dag.py:4180} INFO - Setting next_dagrun for example_xcom_args to None, run_after=None
[2025-05-14T23:40:13.571-0400] {logging_mixin.py:190} INFO - [2025-05-14T23:40:13.571-0400] {dag.py:4180} INFO - Setting next_dagrun for example_xcom_args_with_operators to None, run_after=None
[2025-05-14T23:40:13.591-0400] {processor.py:208} INFO - Processing /home/aangava/MSP/airflow_venv/lib/python3.12/site-packages/airflow/example_dags/example_xcomargs.py took 0.088 seconds
[2025-05-14T23:41:18.469-0400] {processor.py:186} INFO - Started process (PID=53685) to work on /home/aangava/MSP/airflow_venv/lib/python3.12/site-packages/airflow/example_dags/example_xcomargs.py
[2025-05-14T23:41:18.482-0400] {processor.py:914} INFO - Processing file /home/aangava/MSP/airflow_venv/lib/python3.12/site-packages/airflow/example_dags/example_xcomargs.py for tasks to queue
[2025-05-14T23:41:18.485-0400] {logging_mixin.py:190} INFO - [2025-05-14T23:41:18.484-0400] {dagbag.py:588} INFO - Filling up the DagBag from /home/aangava/MSP/airflow_venv/lib/python3.12/site-packages/airflow/example_dags/example_xcomargs.py
[2025-05-14T23:41:18.500-0400] {processor.py:925} INFO - DAG(s) 'example_xcom_args_with_operators', 'example_xcom_args' retrieved from /home/aangava/MSP/airflow_venv/lib/python3.12/site-packages/airflow/example_dags/example_xcomargs.py
[2025-05-14T23:41:18.522-0400] {logging_mixin.py:190} INFO - [2025-05-14T23:41:18.521-0400] {dag.py:3239} INFO - Sync 2 DAGs
[2025-05-14T23:41:18.533-0400] {logging_mixin.py:190} INFO - [2025-05-14T23:41:18.533-0400] {dag.py:4180} INFO - Setting next_dagrun for example_xcom_args to None, run_after=None
[2025-05-14T23:41:18.536-0400] {logging_mixin.py:190} INFO - [2025-05-14T23:41:18.536-0400] {dag.py:4180} INFO - Setting next_dagrun for example_xcom_args_with_operators to None, run_after=None
[2025-05-14T23:41:18.561-0400] {processor.py:208} INFO - Processing /home/aangava/MSP/airflow_venv/lib/python3.12/site-packages/airflow/example_dags/example_xcomargs.py took 0.104 seconds
[2025-05-14T23:42:22.044-0400] {processor.py:186} INFO - Started process (PID=53946) to work on /home/aangava/MSP/airflow_venv/lib/python3.12/site-packages/airflow/example_dags/example_xcomargs.py
[2025-05-14T23:42:22.056-0400] {processor.py:914} INFO - Processing file /home/aangava/MSP/airflow_venv/lib/python3.12/site-packages/airflow/example_dags/example_xcomargs.py for tasks to queue
[2025-05-14T23:42:22.058-0400] {logging_mixin.py:190} INFO - [2025-05-14T23:42:22.058-0400] {dagbag.py:588} INFO - Filling up the DagBag from /home/aangava/MSP/airflow_venv/lib/python3.12/site-packages/airflow/example_dags/example_xcomargs.py
[2025-05-14T23:42:22.072-0400] {processor.py:925} INFO - DAG(s) 'example_xcom_args', 'example_xcom_args_with_operators' retrieved from /home/aangava/MSP/airflow_venv/lib/python3.12/site-packages/airflow/example_dags/example_xcomargs.py
[2025-05-14T23:42:22.094-0400] {logging_mixin.py:190} INFO - [2025-05-14T23:42:22.094-0400] {dag.py:3239} INFO - Sync 2 DAGs
[2025-05-14T23:42:22.110-0400] {logging_mixin.py:190} INFO - [2025-05-14T23:42:22.110-0400] {dag.py:4180} INFO - Setting next_dagrun for example_xcom_args to None, run_after=None
[2025-05-14T23:42:22.113-0400] {logging_mixin.py:190} INFO - [2025-05-14T23:42:22.113-0400] {dag.py:4180} INFO - Setting next_dagrun for example_xcom_args_with_operators to None, run_after=None
[2025-05-14T23:42:22.140-0400] {processor.py:208} INFO - Processing /home/aangava/MSP/airflow_venv/lib/python3.12/site-packages/airflow/example_dags/example_xcomargs.py took 0.106 seconds
[2025-05-15T13:38:34.968-0400] {processor.py:186} INFO - Started process (PID=54282) to work on /home/aangava/MSP/airflow_venv/lib/python3.12/site-packages/airflow/example_dags/example_xcomargs.py
[2025-05-15T13:38:34.969-0400] {processor.py:914} INFO - Processing file /home/aangava/MSP/airflow_venv/lib/python3.12/site-packages/airflow/example_dags/example_xcomargs.py for tasks to queue
[2025-05-15T13:38:34.971-0400] {logging_mixin.py:190} INFO - [2025-05-15T13:38:34.971-0400] {dagbag.py:588} INFO - Filling up the DagBag from /home/aangava/MSP/airflow_venv/lib/python3.12/site-packages/airflow/example_dags/example_xcomargs.py
[2025-05-15T13:38:34.982-0400] {processor.py:925} INFO - DAG(s) 'example_xcom_args', 'example_xcom_args_with_operators' retrieved from /home/aangava/MSP/airflow_venv/lib/python3.12/site-packages/airflow/example_dags/example_xcomargs.py
[2025-05-15T13:38:35.007-0400] {logging_mixin.py:190} INFO - [2025-05-15T13:38:35.006-0400] {dag.py:3239} INFO - Sync 2 DAGs
[2025-05-15T13:38:35.027-0400] {logging_mixin.py:190} INFO - [2025-05-15T13:38:35.027-0400] {dag.py:4180} INFO - Setting next_dagrun for example_xcom_args to None, run_after=None
[2025-05-15T13:38:35.031-0400] {logging_mixin.py:190} INFO - [2025-05-15T13:38:35.031-0400] {dag.py:4180} INFO - Setting next_dagrun for example_xcom_args_with_operators to None, run_after=None
[2025-05-15T13:38:35.053-0400] {processor.py:208} INFO - Processing /home/aangava/MSP/airflow_venv/lib/python3.12/site-packages/airflow/example_dags/example_xcomargs.py took 0.093 seconds
[2025-05-15T13:39:51.584-0400] {processor.py:186} INFO - Started process (PID=54595) to work on /home/aangava/MSP/airflow_venv/lib/python3.12/site-packages/airflow/example_dags/example_xcomargs.py
[2025-05-15T13:39:51.595-0400] {processor.py:914} INFO - Processing file /home/aangava/MSP/airflow_venv/lib/python3.12/site-packages/airflow/example_dags/example_xcomargs.py for tasks to queue
[2025-05-15T13:39:51.597-0400] {logging_mixin.py:190} INFO - [2025-05-15T13:39:51.596-0400] {dagbag.py:588} INFO - Filling up the DagBag from /home/aangava/MSP/airflow_venv/lib/python3.12/site-packages/airflow/example_dags/example_xcomargs.py
[2025-05-15T13:39:51.610-0400] {processor.py:925} INFO - DAG(s) 'example_xcom_args_with_operators', 'example_xcom_args' retrieved from /home/aangava/MSP/airflow_venv/lib/python3.12/site-packages/airflow/example_dags/example_xcomargs.py
[2025-05-15T13:39:51.634-0400] {logging_mixin.py:190} INFO - [2025-05-15T13:39:51.634-0400] {dag.py:3239} INFO - Sync 2 DAGs
[2025-05-15T13:39:51.646-0400] {logging_mixin.py:190} INFO - [2025-05-15T13:39:51.646-0400] {dag.py:4180} INFO - Setting next_dagrun for example_xcom_args to None, run_after=None
[2025-05-15T13:39:51.649-0400] {logging_mixin.py:190} INFO - [2025-05-15T13:39:51.649-0400] {dag.py:4180} INFO - Setting next_dagrun for example_xcom_args_with_operators to None, run_after=None
[2025-05-15T13:39:51.673-0400] {processor.py:208} INFO - Processing /home/aangava/MSP/airflow_venv/lib/python3.12/site-packages/airflow/example_dags/example_xcomargs.py took 0.098 seconds
[2025-05-15T13:40:55.407-0400] {processor.py:186} INFO - Started process (PID=54843) to work on /home/aangava/MSP/airflow_venv/lib/python3.12/site-packages/airflow/example_dags/example_xcomargs.py
[2025-05-15T13:40:55.418-0400] {processor.py:914} INFO - Processing file /home/aangava/MSP/airflow_venv/lib/python3.12/site-packages/airflow/example_dags/example_xcomargs.py for tasks to queue
[2025-05-15T13:40:55.421-0400] {logging_mixin.py:190} INFO - [2025-05-15T13:40:55.420-0400] {dagbag.py:588} INFO - Filling up the DagBag from /home/aangava/MSP/airflow_venv/lib/python3.12/site-packages/airflow/example_dags/example_xcomargs.py
[2025-05-15T13:40:55.437-0400] {processor.py:925} INFO - DAG(s) 'example_xcom_args_with_operators', 'example_xcom_args' retrieved from /home/aangava/MSP/airflow_venv/lib/python3.12/site-packages/airflow/example_dags/example_xcomargs.py
[2025-05-15T13:40:55.463-0400] {logging_mixin.py:190} INFO - [2025-05-15T13:40:55.462-0400] {dag.py:3239} INFO - Sync 2 DAGs
[2025-05-15T13:40:55.475-0400] {logging_mixin.py:190} INFO - [2025-05-15T13:40:55.475-0400] {dag.py:4180} INFO - Setting next_dagrun for example_xcom_args to None, run_after=None
[2025-05-15T13:40:55.477-0400] {logging_mixin.py:190} INFO - [2025-05-15T13:40:55.477-0400] {dag.py:4180} INFO - Setting next_dagrun for example_xcom_args_with_operators to None, run_after=None
[2025-05-15T13:40:55.501-0400] {processor.py:208} INFO - Processing /home/aangava/MSP/airflow_venv/lib/python3.12/site-packages/airflow/example_dags/example_xcomargs.py took 0.103 seconds
[2025-05-15T13:42:02.011-0400] {processor.py:186} INFO - Started process (PID=55096) to work on /home/aangava/MSP/airflow_venv/lib/python3.12/site-packages/airflow/example_dags/example_xcomargs.py
[2025-05-15T13:42:02.015-0400] {processor.py:914} INFO - Processing file /home/aangava/MSP/airflow_venv/lib/python3.12/site-packages/airflow/example_dags/example_xcomargs.py for tasks to queue
[2025-05-15T13:42:02.018-0400] {logging_mixin.py:190} INFO - [2025-05-15T13:42:02.017-0400] {dagbag.py:588} INFO - Filling up the DagBag from /home/aangava/MSP/airflow_venv/lib/python3.12/site-packages/airflow/example_dags/example_xcomargs.py
[2025-05-15T13:42:02.032-0400] {processor.py:925} INFO - DAG(s) 'example_xcom_args_with_operators', 'example_xcom_args' retrieved from /home/aangava/MSP/airflow_venv/lib/python3.12/site-packages/airflow/example_dags/example_xcomargs.py
[2025-05-15T13:42:02.058-0400] {logging_mixin.py:190} INFO - [2025-05-15T13:42:02.058-0400] {dag.py:3239} INFO - Sync 2 DAGs
[2025-05-15T13:42:02.076-0400] {logging_mixin.py:190} INFO - [2025-05-15T13:42:02.076-0400] {dag.py:4180} INFO - Setting next_dagrun for example_xcom_args to None, run_after=None
[2025-05-15T13:42:02.080-0400] {logging_mixin.py:190} INFO - [2025-05-15T13:42:02.079-0400] {dag.py:4180} INFO - Setting next_dagrun for example_xcom_args_with_operators to None, run_after=None
[2025-05-15T13:42:02.108-0400] {processor.py:208} INFO - Processing /home/aangava/MSP/airflow_venv/lib/python3.12/site-packages/airflow/example_dags/example_xcomargs.py took 0.107 seconds
[2025-05-15T13:43:02.429-0400] {processor.py:186} INFO - Started process (PID=55341) to work on /home/aangava/MSP/airflow_venv/lib/python3.12/site-packages/airflow/example_dags/example_xcomargs.py
[2025-05-15T13:43:02.441-0400] {processor.py:914} INFO - Processing file /home/aangava/MSP/airflow_venv/lib/python3.12/site-packages/airflow/example_dags/example_xcomargs.py for tasks to queue
[2025-05-15T13:43:02.443-0400] {logging_mixin.py:190} INFO - [2025-05-15T13:43:02.443-0400] {dagbag.py:588} INFO - Filling up the DagBag from /home/aangava/MSP/airflow_venv/lib/python3.12/site-packages/airflow/example_dags/example_xcomargs.py
[2025-05-15T13:43:02.457-0400] {processor.py:925} INFO - DAG(s) 'example_xcom_args', 'example_xcom_args_with_operators' retrieved from /home/aangava/MSP/airflow_venv/lib/python3.12/site-packages/airflow/example_dags/example_xcomargs.py
[2025-05-15T13:43:02.478-0400] {logging_mixin.py:190} INFO - [2025-05-15T13:43:02.477-0400] {dag.py:3239} INFO - Sync 2 DAGs
[2025-05-15T13:43:02.495-0400] {logging_mixin.py:190} INFO - [2025-05-15T13:43:02.494-0400] {dag.py:4180} INFO - Setting next_dagrun for example_xcom_args to None, run_after=None
[2025-05-15T13:43:02.498-0400] {logging_mixin.py:190} INFO - [2025-05-15T13:43:02.497-0400] {dag.py:4180} INFO - Setting next_dagrun for example_xcom_args_with_operators to None, run_after=None
[2025-05-15T13:43:02.521-0400] {processor.py:208} INFO - Processing /home/aangava/MSP/airflow_venv/lib/python3.12/site-packages/airflow/example_dags/example_xcomargs.py took 0.103 seconds
[2025-05-15T13:44:03.146-0400] {processor.py:186} INFO - Started process (PID=55570) to work on /home/aangava/MSP/airflow_venv/lib/python3.12/site-packages/airflow/example_dags/example_xcomargs.py
[2025-05-15T13:44:03.158-0400] {processor.py:914} INFO - Processing file /home/aangava/MSP/airflow_venv/lib/python3.12/site-packages/airflow/example_dags/example_xcomargs.py for tasks to queue
[2025-05-15T13:44:03.160-0400] {logging_mixin.py:190} INFO - [2025-05-15T13:44:03.159-0400] {dagbag.py:588} INFO - Filling up the DagBag from /home/aangava/MSP/airflow_venv/lib/python3.12/site-packages/airflow/example_dags/example_xcomargs.py
[2025-05-15T13:44:03.174-0400] {processor.py:925} INFO - DAG(s) 'example_xcom_args', 'example_xcom_args_with_operators' retrieved from /home/aangava/MSP/airflow_venv/lib/python3.12/site-packages/airflow/example_dags/example_xcomargs.py
[2025-05-15T13:44:03.195-0400] {logging_mixin.py:190} INFO - [2025-05-15T13:44:03.194-0400] {dag.py:3239} INFO - Sync 2 DAGs
[2025-05-15T13:44:03.207-0400] {logging_mixin.py:190} INFO - [2025-05-15T13:44:03.206-0400] {dag.py:4180} INFO - Setting next_dagrun for example_xcom_args to None, run_after=None
[2025-05-15T13:44:03.209-0400] {logging_mixin.py:190} INFO - [2025-05-15T13:44:03.209-0400] {dag.py:4180} INFO - Setting next_dagrun for example_xcom_args_with_operators to None, run_after=None
[2025-05-15T13:44:03.230-0400] {processor.py:208} INFO - Processing /home/aangava/MSP/airflow_venv/lib/python3.12/site-packages/airflow/example_dags/example_xcomargs.py took 0.092 seconds
[2025-05-15T13:45:04.691-0400] {processor.py:186} INFO - Started process (PID=55806) to work on /home/aangava/MSP/airflow_venv/lib/python3.12/site-packages/airflow/example_dags/example_xcomargs.py
[2025-05-15T13:45:04.696-0400] {processor.py:914} INFO - Processing file /home/aangava/MSP/airflow_venv/lib/python3.12/site-packages/airflow/example_dags/example_xcomargs.py for tasks to queue
[2025-05-15T13:45:04.703-0400] {logging_mixin.py:190} INFO - [2025-05-15T13:45:04.700-0400] {dagbag.py:588} INFO - Filling up the DagBag from /home/aangava/MSP/airflow_venv/lib/python3.12/site-packages/airflow/example_dags/example_xcomargs.py
[2025-05-15T13:45:04.726-0400] {processor.py:925} INFO - DAG(s) 'example_xcom_args', 'example_xcom_args_with_operators' retrieved from /home/aangava/MSP/airflow_venv/lib/python3.12/site-packages/airflow/example_dags/example_xcomargs.py
[2025-05-15T13:45:04.751-0400] {logging_mixin.py:190} INFO - [2025-05-15T13:45:04.751-0400] {dag.py:3239} INFO - Sync 2 DAGs
[2025-05-15T13:45:04.764-0400] {logging_mixin.py:190} INFO - [2025-05-15T13:45:04.764-0400] {dag.py:4180} INFO - Setting next_dagrun for example_xcom_args to None, run_after=None
[2025-05-15T13:45:04.767-0400] {logging_mixin.py:190} INFO - [2025-05-15T13:45:04.767-0400] {dag.py:4180} INFO - Setting next_dagrun for example_xcom_args_with_operators to None, run_after=None
[2025-05-15T13:45:04.790-0400] {processor.py:208} INFO - Processing /home/aangava/MSP/airflow_venv/lib/python3.12/site-packages/airflow/example_dags/example_xcomargs.py took 0.124 seconds
[2025-05-15T13:46:08.958-0400] {processor.py:186} INFO - Started process (PID=56052) to work on /home/aangava/MSP/airflow_venv/lib/python3.12/site-packages/airflow/example_dags/example_xcomargs.py
[2025-05-15T13:46:08.970-0400] {processor.py:914} INFO - Processing file /home/aangava/MSP/airflow_venv/lib/python3.12/site-packages/airflow/example_dags/example_xcomargs.py for tasks to queue
[2025-05-15T13:46:08.973-0400] {logging_mixin.py:190} INFO - [2025-05-15T13:46:08.972-0400] {dagbag.py:588} INFO - Filling up the DagBag from /home/aangava/MSP/airflow_venv/lib/python3.12/site-packages/airflow/example_dags/example_xcomargs.py
[2025-05-15T13:46:08.987-0400] {processor.py:925} INFO - DAG(s) 'example_xcom_args', 'example_xcom_args_with_operators' retrieved from /home/aangava/MSP/airflow_venv/lib/python3.12/site-packages/airflow/example_dags/example_xcomargs.py
[2025-05-15T13:46:09.014-0400] {logging_mixin.py:190} INFO - [2025-05-15T13:46:09.013-0400] {dag.py:3239} INFO - Sync 2 DAGs
[2025-05-15T13:46:09.026-0400] {logging_mixin.py:190} INFO - [2025-05-15T13:46:09.026-0400] {dag.py:4180} INFO - Setting next_dagrun for example_xcom_args to None, run_after=None
[2025-05-15T13:46:09.029-0400] {logging_mixin.py:190} INFO - [2025-05-15T13:46:09.029-0400] {dag.py:4180} INFO - Setting next_dagrun for example_xcom_args_with_operators to None, run_after=None
[2025-05-15T13:46:09.057-0400] {processor.py:208} INFO - Processing /home/aangava/MSP/airflow_venv/lib/python3.12/site-packages/airflow/example_dags/example_xcomargs.py took 0.107 seconds
[2025-05-15T13:47:09.326-0400] {processor.py:186} INFO - Started process (PID=56282) to work on /home/aangava/MSP/airflow_venv/lib/python3.12/site-packages/airflow/example_dags/example_xcomargs.py
[2025-05-15T13:47:09.339-0400] {processor.py:914} INFO - Processing file /home/aangava/MSP/airflow_venv/lib/python3.12/site-packages/airflow/example_dags/example_xcomargs.py for tasks to queue
[2025-05-15T13:47:09.342-0400] {logging_mixin.py:190} INFO - [2025-05-15T13:47:09.341-0400] {dagbag.py:588} INFO - Filling up the DagBag from /home/aangava/MSP/airflow_venv/lib/python3.12/site-packages/airflow/example_dags/example_xcomargs.py
[2025-05-15T13:47:09.357-0400] {processor.py:925} INFO - DAG(s) 'example_xcom_args_with_operators', 'example_xcom_args' retrieved from /home/aangava/MSP/airflow_venv/lib/python3.12/site-packages/airflow/example_dags/example_xcomargs.py
[2025-05-15T13:47:09.381-0400] {logging_mixin.py:190} INFO - [2025-05-15T13:47:09.381-0400] {dag.py:3239} INFO - Sync 2 DAGs
[2025-05-15T13:47:09.393-0400] {logging_mixin.py:190} INFO - [2025-05-15T13:47:09.392-0400] {dag.py:4180} INFO - Setting next_dagrun for example_xcom_args to None, run_after=None
[2025-05-15T13:47:09.395-0400] {logging_mixin.py:190} INFO - [2025-05-15T13:47:09.395-0400] {dag.py:4180} INFO - Setting next_dagrun for example_xcom_args_with_operators to None, run_after=None
[2025-05-15T13:47:09.418-0400] {processor.py:208} INFO - Processing /home/aangava/MSP/airflow_venv/lib/python3.12/site-packages/airflow/example_dags/example_xcomargs.py took 0.100 seconds
[2025-05-15T13:48:15.538-0400] {processor.py:186} INFO - Started process (PID=56567) to work on /home/aangava/MSP/airflow_venv/lib/python3.12/site-packages/airflow/example_dags/example_xcomargs.py
[2025-05-15T13:48:15.549-0400] {processor.py:914} INFO - Processing file /home/aangava/MSP/airflow_venv/lib/python3.12/site-packages/airflow/example_dags/example_xcomargs.py for tasks to queue
[2025-05-15T13:48:15.550-0400] {logging_mixin.py:190} INFO - [2025-05-15T13:48:15.550-0400] {dagbag.py:588} INFO - Filling up the DagBag from /home/aangava/MSP/airflow_venv/lib/python3.12/site-packages/airflow/example_dags/example_xcomargs.py
[2025-05-15T13:48:15.556-0400] {processor.py:925} INFO - DAG(s) 'example_xcom_args_with_operators', 'example_xcom_args' retrieved from /home/aangava/MSP/airflow_venv/lib/python3.12/site-packages/airflow/example_dags/example_xcomargs.py
[2025-05-15T13:48:15.566-0400] {logging_mixin.py:190} INFO - [2025-05-15T13:48:15.566-0400] {dag.py:3239} INFO - Sync 2 DAGs
[2025-05-15T13:48:15.572-0400] {logging_mixin.py:190} INFO - [2025-05-15T13:48:15.572-0400] {dag.py:4180} INFO - Setting next_dagrun for example_xcom_args to None, run_after=None
[2025-05-15T13:48:15.574-0400] {logging_mixin.py:190} INFO - [2025-05-15T13:48:15.574-0400] {dag.py:4180} INFO - Setting next_dagrun for example_xcom_args_with_operators to None, run_after=None
[2025-05-15T13:48:15.588-0400] {processor.py:208} INFO - Processing /home/aangava/MSP/airflow_venv/lib/python3.12/site-packages/airflow/example_dags/example_xcomargs.py took 0.054 seconds
[2025-05-15T13:59:04.609-0400] {processor.py:186} INFO - Started process (PID=56818) to work on /home/aangava/MSP/airflow_venv/lib/python3.12/site-packages/airflow/example_dags/example_xcomargs.py
[2025-05-15T13:59:04.620-0400] {processor.py:914} INFO - Processing file /home/aangava/MSP/airflow_venv/lib/python3.12/site-packages/airflow/example_dags/example_xcomargs.py for tasks to queue
[2025-05-15T13:59:04.622-0400] {logging_mixin.py:190} INFO - [2025-05-15T13:59:04.621-0400] {dagbag.py:588} INFO - Filling up the DagBag from /home/aangava/MSP/airflow_venv/lib/python3.12/site-packages/airflow/example_dags/example_xcomargs.py
[2025-05-15T13:59:04.632-0400] {processor.py:925} INFO - DAG(s) 'example_xcom_args', 'example_xcom_args_with_operators' retrieved from /home/aangava/MSP/airflow_venv/lib/python3.12/site-packages/airflow/example_dags/example_xcomargs.py
[2025-05-15T13:59:04.653-0400] {logging_mixin.py:190} INFO - [2025-05-15T13:59:04.652-0400] {dag.py:3239} INFO - Sync 2 DAGs
[2025-05-15T13:59:04.665-0400] {logging_mixin.py:190} INFO - [2025-05-15T13:59:04.664-0400] {dag.py:4180} INFO - Setting next_dagrun for example_xcom_args to None, run_after=None
[2025-05-15T13:59:04.667-0400] {logging_mixin.py:190} INFO - [2025-05-15T13:59:04.667-0400] {dag.py:4180} INFO - Setting next_dagrun for example_xcom_args_with_operators to None, run_after=None
[2025-05-15T13:59:04.692-0400] {processor.py:208} INFO - Processing /home/aangava/MSP/airflow_venv/lib/python3.12/site-packages/airflow/example_dags/example_xcomargs.py took 0.094 seconds
[2025-05-15T14:00:10.274-0400] {processor.py:186} INFO - Started process (PID=57067) to work on /home/aangava/MSP/airflow_venv/lib/python3.12/site-packages/airflow/example_dags/example_xcomargs.py
[2025-05-15T14:00:10.276-0400] {processor.py:914} INFO - Processing file /home/aangava/MSP/airflow_venv/lib/python3.12/site-packages/airflow/example_dags/example_xcomargs.py for tasks to queue
[2025-05-15T14:00:10.278-0400] {logging_mixin.py:190} INFO - [2025-05-15T14:00:10.277-0400] {dagbag.py:588} INFO - Filling up the DagBag from /home/aangava/MSP/airflow_venv/lib/python3.12/site-packages/airflow/example_dags/example_xcomargs.py
[2025-05-15T14:00:10.291-0400] {processor.py:925} INFO - DAG(s) 'example_xcom_args', 'example_xcom_args_with_operators' retrieved from /home/aangava/MSP/airflow_venv/lib/python3.12/site-packages/airflow/example_dags/example_xcomargs.py
[2025-05-15T14:00:10.316-0400] {logging_mixin.py:190} INFO - [2025-05-15T14:00:10.316-0400] {dag.py:3239} INFO - Sync 2 DAGs
[2025-05-15T14:00:10.328-0400] {logging_mixin.py:190} INFO - [2025-05-15T14:00:10.328-0400] {dag.py:4180} INFO - Setting next_dagrun for example_xcom_args to None, run_after=None
[2025-05-15T14:00:10.331-0400] {logging_mixin.py:190} INFO - [2025-05-15T14:00:10.331-0400] {dag.py:4180} INFO - Setting next_dagrun for example_xcom_args_with_operators to None, run_after=None
[2025-05-15T14:00:10.357-0400] {processor.py:208} INFO - Processing /home/aangava/MSP/airflow_venv/lib/python3.12/site-packages/airflow/example_dags/example_xcomargs.py took 0.092 seconds
[2025-05-15T14:01:15.867-0400] {processor.py:186} INFO - Started process (PID=57313) to work on /home/aangava/MSP/airflow_venv/lib/python3.12/site-packages/airflow/example_dags/example_xcomargs.py
[2025-05-15T14:01:15.878-0400] {processor.py:914} INFO - Processing file /home/aangava/MSP/airflow_venv/lib/python3.12/site-packages/airflow/example_dags/example_xcomargs.py for tasks to queue
[2025-05-15T14:01:15.882-0400] {logging_mixin.py:190} INFO - [2025-05-15T14:01:15.880-0400] {dagbag.py:588} INFO - Filling up the DagBag from /home/aangava/MSP/airflow_venv/lib/python3.12/site-packages/airflow/example_dags/example_xcomargs.py
[2025-05-15T14:01:15.898-0400] {processor.py:925} INFO - DAG(s) 'example_xcom_args', 'example_xcom_args_with_operators' retrieved from /home/aangava/MSP/airflow_venv/lib/python3.12/site-packages/airflow/example_dags/example_xcomargs.py
[2025-05-15T14:01:15.924-0400] {logging_mixin.py:190} INFO - [2025-05-15T14:01:15.924-0400] {dag.py:3239} INFO - Sync 2 DAGs
[2025-05-15T14:01:15.938-0400] {logging_mixin.py:190} INFO - [2025-05-15T14:01:15.938-0400] {dag.py:4180} INFO - Setting next_dagrun for example_xcom_args to None, run_after=None
[2025-05-15T14:01:15.941-0400] {logging_mixin.py:190} INFO - [2025-05-15T14:01:15.941-0400] {dag.py:4180} INFO - Setting next_dagrun for example_xcom_args_with_operators to None, run_after=None
[2025-05-15T14:01:15.962-0400] {processor.py:208} INFO - Processing /home/aangava/MSP/airflow_venv/lib/python3.12/site-packages/airflow/example_dags/example_xcomargs.py took 0.105 seconds
[2025-05-15T14:57:52.745-0400] {processor.py:186} INFO - Started process (PID=57673) to work on /home/aangava/MSP/airflow_venv/lib/python3.12/site-packages/airflow/example_dags/example_xcomargs.py
[2025-05-15T14:57:52.758-0400] {processor.py:914} INFO - Processing file /home/aangava/MSP/airflow_venv/lib/python3.12/site-packages/airflow/example_dags/example_xcomargs.py for tasks to queue
[2025-05-15T14:57:52.761-0400] {logging_mixin.py:190} INFO - [2025-05-15T14:57:52.760-0400] {dagbag.py:588} INFO - Filling up the DagBag from /home/aangava/MSP/airflow_venv/lib/python3.12/site-packages/airflow/example_dags/example_xcomargs.py
[2025-05-15T14:57:52.777-0400] {processor.py:925} INFO - DAG(s) 'example_xcom_args_with_operators', 'example_xcom_args' retrieved from /home/aangava/MSP/airflow_venv/lib/python3.12/site-packages/airflow/example_dags/example_xcomargs.py
[2025-05-15T14:57:52.801-0400] {logging_mixin.py:190} INFO - [2025-05-15T14:57:52.801-0400] {dag.py:3239} INFO - Sync 2 DAGs
[2025-05-15T14:57:52.813-0400] {logging_mixin.py:190} INFO - [2025-05-15T14:57:52.813-0400] {dag.py:4180} INFO - Setting next_dagrun for example_xcom_args to None, run_after=None
[2025-05-15T14:57:52.815-0400] {logging_mixin.py:190} INFO - [2025-05-15T14:57:52.815-0400] {dag.py:4180} INFO - Setting next_dagrun for example_xcom_args_with_operators to None, run_after=None
[2025-05-15T14:57:52.839-0400] {processor.py:208} INFO - Processing /home/aangava/MSP/airflow_venv/lib/python3.12/site-packages/airflow/example_dags/example_xcomargs.py took 0.105 seconds
[2025-05-15T14:58:55.369-0400] {processor.py:186} INFO - Started process (PID=57908) to work on /home/aangava/MSP/airflow_venv/lib/python3.12/site-packages/airflow/example_dags/example_xcomargs.py
[2025-05-15T14:58:55.380-0400] {processor.py:914} INFO - Processing file /home/aangava/MSP/airflow_venv/lib/python3.12/site-packages/airflow/example_dags/example_xcomargs.py for tasks to queue
[2025-05-15T14:58:55.382-0400] {logging_mixin.py:190} INFO - [2025-05-15T14:58:55.382-0400] {dagbag.py:588} INFO - Filling up the DagBag from /home/aangava/MSP/airflow_venv/lib/python3.12/site-packages/airflow/example_dags/example_xcomargs.py
[2025-05-15T14:58:55.397-0400] {processor.py:925} INFO - DAG(s) 'example_xcom_args', 'example_xcom_args_with_operators' retrieved from /home/aangava/MSP/airflow_venv/lib/python3.12/site-packages/airflow/example_dags/example_xcomargs.py
[2025-05-15T14:58:55.424-0400] {logging_mixin.py:190} INFO - [2025-05-15T14:58:55.424-0400] {dag.py:3239} INFO - Sync 2 DAGs
[2025-05-15T14:58:55.436-0400] {logging_mixin.py:190} INFO - [2025-05-15T14:58:55.436-0400] {dag.py:4180} INFO - Setting next_dagrun for example_xcom_args to None, run_after=None
[2025-05-15T14:58:55.439-0400] {logging_mixin.py:190} INFO - [2025-05-15T14:58:55.439-0400] {dag.py:4180} INFO - Setting next_dagrun for example_xcom_args_with_operators to None, run_after=None
[2025-05-15T14:58:55.468-0400] {processor.py:208} INFO - Processing /home/aangava/MSP/airflow_venv/lib/python3.12/site-packages/airflow/example_dags/example_xcomargs.py took 0.108 seconds
[2025-05-15T15:00:05.850-0400] {processor.py:186} INFO - Started process (PID=58176) to work on /home/aangava/MSP/airflow_venv/lib/python3.12/site-packages/airflow/example_dags/example_xcomargs.py
[2025-05-15T15:00:05.852-0400] {processor.py:914} INFO - Processing file /home/aangava/MSP/airflow_venv/lib/python3.12/site-packages/airflow/example_dags/example_xcomargs.py for tasks to queue
[2025-05-15T15:00:05.853-0400] {logging_mixin.py:190} INFO - [2025-05-15T15:00:05.853-0400] {dagbag.py:588} INFO - Filling up the DagBag from /home/aangava/MSP/airflow_venv/lib/python3.12/site-packages/airflow/example_dags/example_xcomargs.py
[2025-05-15T15:00:05.863-0400] {processor.py:925} INFO - DAG(s) 'example_xcom_args_with_operators', 'example_xcom_args' retrieved from /home/aangava/MSP/airflow_venv/lib/python3.12/site-packages/airflow/example_dags/example_xcomargs.py
[2025-05-15T15:00:05.884-0400] {logging_mixin.py:190} INFO - [2025-05-15T15:00:05.884-0400] {dag.py:3239} INFO - Sync 2 DAGs
[2025-05-15T15:00:05.897-0400] {logging_mixin.py:190} INFO - [2025-05-15T15:00:05.897-0400] {dag.py:4180} INFO - Setting next_dagrun for example_xcom_args to None, run_after=None
[2025-05-15T15:00:05.900-0400] {logging_mixin.py:190} INFO - [2025-05-15T15:00:05.899-0400] {dag.py:4180} INFO - Setting next_dagrun for example_xcom_args_with_operators to None, run_after=None
[2025-05-15T15:00:05.922-0400] {processor.py:208} INFO - Processing /home/aangava/MSP/airflow_venv/lib/python3.12/site-packages/airflow/example_dags/example_xcomargs.py took 0.084 seconds
