[2025-05-14T23:00:03.476-0400] {processor.py:186} INFO - Started process (PID=45446) to work on /home/aangava/MSP/airflow_venv/lib/python3.12/site-packages/airflow/example_dags/example_branch_python_dop_operator_3.py
[2025-05-14T23:00:03.477-0400] {processor.py:914} INFO - Processing file /home/aangava/MSP/airflow_venv/lib/python3.12/site-packages/airflow/example_dags/example_branch_python_dop_operator_3.py for tasks to queue
[2025-05-14T23:00:03.479-0400] {logging_mixin.py:190} INFO - [2025-05-14T23:00:03.479-0400] {dagbag.py:588} INFO - Filling up the DagBag from /home/aangava/MSP/airflow_venv/lib/python3.12/site-packages/airflow/example_dags/example_branch_python_dop_operator_3.py
[2025-05-14T23:00:03.497-0400] {processor.py:925} INFO - DAG(s) 'example_branch_dop_operator_v3' retrieved from /home/aangava/MSP/airflow_venv/lib/python3.12/site-packages/airflow/example_dags/example_branch_python_dop_operator_3.py
[2025-05-14T23:00:03.515-0400] {logging_mixin.py:190} INFO - [2025-05-14T23:00:03.515-0400] {dag.py:3239} INFO - Sync 1 DAGs
[2025-05-14T23:00:03.538-0400] {logging_mixin.py:190} INFO - [2025-05-14T23:00:03.537-0400] {dag.py:4180} INFO - Setting next_dagrun for example_branch_dop_operator_v3 to 2025-05-15 02:59:00+00:00, run_after=2025-05-15 03:00:00+00:00
[2025-05-14T23:00:03.575-0400] {processor.py:208} INFO - Processing /home/aangava/MSP/airflow_venv/lib/python3.12/site-packages/airflow/example_dags/example_branch_python_dop_operator_3.py took 0.109 seconds
[2025-05-14T23:00:56.232-0400] {processor.py:186} INFO - Started process (PID=45648) to work on /home/aangava/MSP/airflow_venv/lib/python3.12/site-packages/airflow/example_dags/example_branch_python_dop_operator_3.py
[2025-05-14T23:00:56.245-0400] {processor.py:914} INFO - Processing file /home/aangava/MSP/airflow_venv/lib/python3.12/site-packages/airflow/example_dags/example_branch_python_dop_operator_3.py for tasks to queue
[2025-05-14T23:00:56.247-0400] {logging_mixin.py:190} INFO - [2025-05-14T23:00:56.247-0400] {dagbag.py:588} INFO - Filling up the DagBag from /home/aangava/MSP/airflow_venv/lib/python3.12/site-packages/airflow/example_dags/example_branch_python_dop_operator_3.py
[2025-05-14T23:00:56.260-0400] {processor.py:925} INFO - DAG(s) 'example_branch_dop_operator_v3' retrieved from /home/aangava/MSP/airflow_venv/lib/python3.12/site-packages/airflow/example_dags/example_branch_python_dop_operator_3.py
[2025-05-14T23:00:56.281-0400] {logging_mixin.py:190} INFO - [2025-05-14T23:00:56.281-0400] {dag.py:3239} INFO - Sync 1 DAGs
[2025-05-14T23:00:56.302-0400] {logging_mixin.py:190} INFO - [2025-05-14T23:00:56.301-0400] {dag.py:4180} INFO - Setting next_dagrun for example_branch_dop_operator_v3 to 2025-05-15 02:59:00+00:00, run_after=2025-05-15 03:00:00+00:00
[2025-05-14T23:00:56.326-0400] {processor.py:208} INFO - Processing /home/aangava/MSP/airflow_venv/lib/python3.12/site-packages/airflow/example_dags/example_branch_python_dop_operator_3.py took 0.106 seconds
[2025-05-14T23:01:59.874-0400] {processor.py:186} INFO - Started process (PID=45908) to work on /home/aangava/MSP/airflow_venv/lib/python3.12/site-packages/airflow/example_dags/example_branch_python_dop_operator_3.py
[2025-05-14T23:01:59.886-0400] {processor.py:914} INFO - Processing file /home/aangava/MSP/airflow_venv/lib/python3.12/site-packages/airflow/example_dags/example_branch_python_dop_operator_3.py for tasks to queue
[2025-05-14T23:01:59.889-0400] {logging_mixin.py:190} INFO - [2025-05-14T23:01:59.888-0400] {dagbag.py:588} INFO - Filling up the DagBag from /home/aangava/MSP/airflow_venv/lib/python3.12/site-packages/airflow/example_dags/example_branch_python_dop_operator_3.py
[2025-05-14T23:01:59.901-0400] {processor.py:925} INFO - DAG(s) 'example_branch_dop_operator_v3' retrieved from /home/aangava/MSP/airflow_venv/lib/python3.12/site-packages/airflow/example_dags/example_branch_python_dop_operator_3.py
[2025-05-14T23:01:59.925-0400] {logging_mixin.py:190} INFO - [2025-05-14T23:01:59.924-0400] {dag.py:3239} INFO - Sync 1 DAGs
[2025-05-14T23:01:59.958-0400] {logging_mixin.py:190} INFO - [2025-05-14T23:01:59.957-0400] {dag.py:4180} INFO - Setting next_dagrun for example_branch_dop_operator_v3 to 2025-05-15 03:00:00+00:00, run_after=2025-05-15 03:01:00+00:00
[2025-05-14T23:01:59.980-0400] {processor.py:208} INFO - Processing /home/aangava/MSP/airflow_venv/lib/python3.12/site-packages/airflow/example_dags/example_branch_python_dop_operator_3.py took 0.118 seconds
[2025-05-14T23:03:00.377-0400] {processor.py:186} INFO - Started process (PID=46143) to work on /home/aangava/MSP/airflow_venv/lib/python3.12/site-packages/airflow/example_dags/example_branch_python_dop_operator_3.py
[2025-05-14T23:03:00.389-0400] {processor.py:914} INFO - Processing file /home/aangava/MSP/airflow_venv/lib/python3.12/site-packages/airflow/example_dags/example_branch_python_dop_operator_3.py for tasks to queue
[2025-05-14T23:03:00.392-0400] {logging_mixin.py:190} INFO - [2025-05-14T23:03:00.391-0400] {dagbag.py:588} INFO - Filling up the DagBag from /home/aangava/MSP/airflow_venv/lib/python3.12/site-packages/airflow/example_dags/example_branch_python_dop_operator_3.py
[2025-05-14T23:03:00.406-0400] {processor.py:925} INFO - DAG(s) 'example_branch_dop_operator_v3' retrieved from /home/aangava/MSP/airflow_venv/lib/python3.12/site-packages/airflow/example_dags/example_branch_python_dop_operator_3.py
[2025-05-14T23:03:00.427-0400] {logging_mixin.py:190} INFO - [2025-05-14T23:03:00.426-0400] {dag.py:3239} INFO - Sync 1 DAGs
[2025-05-14T23:03:00.449-0400] {logging_mixin.py:190} INFO - [2025-05-14T23:03:00.448-0400] {dag.py:4180} INFO - Setting next_dagrun for example_branch_dop_operator_v3 to 2025-05-15 03:02:00+00:00, run_after=2025-05-15 03:03:00+00:00
[2025-05-14T23:03:00.474-0400] {processor.py:208} INFO - Processing /home/aangava/MSP/airflow_venv/lib/python3.12/site-packages/airflow/example_dags/example_branch_python_dop_operator_3.py took 0.108 seconds
[2025-05-14T23:04:01.201-0400] {processor.py:186} INFO - Started process (PID=46384) to work on /home/aangava/MSP/airflow_venv/lib/python3.12/site-packages/airflow/example_dags/example_branch_python_dop_operator_3.py
[2025-05-14T23:04:01.211-0400] {processor.py:914} INFO - Processing file /home/aangava/MSP/airflow_venv/lib/python3.12/site-packages/airflow/example_dags/example_branch_python_dop_operator_3.py for tasks to queue
[2025-05-14T23:04:01.212-0400] {logging_mixin.py:190} INFO - [2025-05-14T23:04:01.212-0400] {dagbag.py:588} INFO - Filling up the DagBag from /home/aangava/MSP/airflow_venv/lib/python3.12/site-packages/airflow/example_dags/example_branch_python_dop_operator_3.py
[2025-05-14T23:04:01.223-0400] {processor.py:925} INFO - DAG(s) 'example_branch_dop_operator_v3' retrieved from /home/aangava/MSP/airflow_venv/lib/python3.12/site-packages/airflow/example_dags/example_branch_python_dop_operator_3.py
[2025-05-14T23:04:01.238-0400] {logging_mixin.py:190} INFO - [2025-05-14T23:04:01.237-0400] {dag.py:3239} INFO - Sync 1 DAGs
[2025-05-14T23:04:01.258-0400] {logging_mixin.py:190} INFO - [2025-05-14T23:04:01.258-0400] {dag.py:4180} INFO - Setting next_dagrun for example_branch_dop_operator_v3 to 2025-05-15 03:03:00+00:00, run_after=2025-05-15 03:04:00+00:00
[2025-05-14T23:04:01.280-0400] {processor.py:208} INFO - Processing /home/aangava/MSP/airflow_venv/lib/python3.12/site-packages/airflow/example_dags/example_branch_python_dop_operator_3.py took 0.087 seconds
[2025-05-14T23:04:59.171-0400] {processor.py:186} INFO - Started process (PID=46619) to work on /home/aangava/MSP/airflow_venv/lib/python3.12/site-packages/airflow/example_dags/example_branch_python_dop_operator_3.py
[2025-05-14T23:04:59.182-0400] {processor.py:914} INFO - Processing file /home/aangava/MSP/airflow_venv/lib/python3.12/site-packages/airflow/example_dags/example_branch_python_dop_operator_3.py for tasks to queue
[2025-05-14T23:04:59.184-0400] {logging_mixin.py:190} INFO - [2025-05-14T23:04:59.183-0400] {dagbag.py:588} INFO - Filling up the DagBag from /home/aangava/MSP/airflow_venv/lib/python3.12/site-packages/airflow/example_dags/example_branch_python_dop_operator_3.py
[2025-05-14T23:04:59.194-0400] {processor.py:925} INFO - DAG(s) 'example_branch_dop_operator_v3' retrieved from /home/aangava/MSP/airflow_venv/lib/python3.12/site-packages/airflow/example_dags/example_branch_python_dop_operator_3.py
[2025-05-14T23:04:59.210-0400] {logging_mixin.py:190} INFO - [2025-05-14T23:04:59.210-0400] {dag.py:3239} INFO - Sync 1 DAGs
[2025-05-14T23:04:59.230-0400] {logging_mixin.py:190} INFO - [2025-05-14T23:04:59.230-0400] {dag.py:4180} INFO - Setting next_dagrun for example_branch_dop_operator_v3 to 2025-05-15 03:03:00+00:00, run_after=2025-05-15 03:04:00+00:00
[2025-05-14T23:04:59.254-0400] {processor.py:208} INFO - Processing /home/aangava/MSP/airflow_venv/lib/python3.12/site-packages/airflow/example_dags/example_branch_python_dop_operator_3.py took 0.094 seconds
[2025-05-14T23:05:58.563-0400] {processor.py:186} INFO - Started process (PID=46856) to work on /home/aangava/MSP/airflow_venv/lib/python3.12/site-packages/airflow/example_dags/example_branch_python_dop_operator_3.py
[2025-05-14T23:05:58.566-0400] {processor.py:914} INFO - Processing file /home/aangava/MSP/airflow_venv/lib/python3.12/site-packages/airflow/example_dags/example_branch_python_dop_operator_3.py for tasks to queue
[2025-05-14T23:05:58.568-0400] {logging_mixin.py:190} INFO - [2025-05-14T23:05:58.567-0400] {dagbag.py:588} INFO - Filling up the DagBag from /home/aangava/MSP/airflow_venv/lib/python3.12/site-packages/airflow/example_dags/example_branch_python_dop_operator_3.py
[2025-05-14T23:05:58.583-0400] {processor.py:925} INFO - DAG(s) 'example_branch_dop_operator_v3' retrieved from /home/aangava/MSP/airflow_venv/lib/python3.12/site-packages/airflow/example_dags/example_branch_python_dop_operator_3.py
[2025-05-14T23:05:58.605-0400] {logging_mixin.py:190} INFO - [2025-05-14T23:05:58.605-0400] {dag.py:3239} INFO - Sync 1 DAGs
[2025-05-14T23:05:58.624-0400] {logging_mixin.py:190} INFO - [2025-05-14T23:05:58.624-0400] {dag.py:4180} INFO - Setting next_dagrun for example_branch_dop_operator_v3 to 2025-05-15 03:04:00+00:00, run_after=2025-05-15 03:05:00+00:00
[2025-05-14T23:05:58.652-0400] {processor.py:208} INFO - Processing /home/aangava/MSP/airflow_venv/lib/python3.12/site-packages/airflow/example_dags/example_branch_python_dop_operator_3.py took 0.099 seconds
[2025-05-14T23:07:01.563-0400] {processor.py:186} INFO - Started process (PID=47123) to work on /home/aangava/MSP/airflow_venv/lib/python3.12/site-packages/airflow/example_dags/example_branch_python_dop_operator_3.py
[2025-05-14T23:07:01.574-0400] {processor.py:914} INFO - Processing file /home/aangava/MSP/airflow_venv/lib/python3.12/site-packages/airflow/example_dags/example_branch_python_dop_operator_3.py for tasks to queue
[2025-05-14T23:07:01.576-0400] {logging_mixin.py:190} INFO - [2025-05-14T23:07:01.576-0400] {dagbag.py:588} INFO - Filling up the DagBag from /home/aangava/MSP/airflow_venv/lib/python3.12/site-packages/airflow/example_dags/example_branch_python_dop_operator_3.py
[2025-05-14T23:07:01.589-0400] {processor.py:925} INFO - DAG(s) 'example_branch_dop_operator_v3' retrieved from /home/aangava/MSP/airflow_venv/lib/python3.12/site-packages/airflow/example_dags/example_branch_python_dop_operator_3.py
[2025-05-14T23:07:01.612-0400] {logging_mixin.py:190} INFO - [2025-05-14T23:07:01.611-0400] {dag.py:3239} INFO - Sync 1 DAGs
[2025-05-14T23:07:01.631-0400] {logging_mixin.py:190} INFO - [2025-05-14T23:07:01.631-0400] {dag.py:4180} INFO - Setting next_dagrun for example_branch_dop_operator_v3 to 2025-05-15 03:06:00+00:00, run_after=2025-05-15 03:07:00+00:00
[2025-05-14T23:07:01.657-0400] {processor.py:208} INFO - Processing /home/aangava/MSP/airflow_venv/lib/python3.12/site-packages/airflow/example_dags/example_branch_python_dop_operator_3.py took 0.104 seconds
[2025-05-14T23:08:03.107-0400] {processor.py:186} INFO - Started process (PID=47366) to work on /home/aangava/MSP/airflow_venv/lib/python3.12/site-packages/airflow/example_dags/example_branch_python_dop_operator_3.py
[2025-05-14T23:08:03.119-0400] {processor.py:914} INFO - Processing file /home/aangava/MSP/airflow_venv/lib/python3.12/site-packages/airflow/example_dags/example_branch_python_dop_operator_3.py for tasks to queue
[2025-05-14T23:08:03.122-0400] {logging_mixin.py:190} INFO - [2025-05-14T23:08:03.121-0400] {dagbag.py:588} INFO - Filling up the DagBag from /home/aangava/MSP/airflow_venv/lib/python3.12/site-packages/airflow/example_dags/example_branch_python_dop_operator_3.py
[2025-05-14T23:08:03.138-0400] {processor.py:925} INFO - DAG(s) 'example_branch_dop_operator_v3' retrieved from /home/aangava/MSP/airflow_venv/lib/python3.12/site-packages/airflow/example_dags/example_branch_python_dop_operator_3.py
[2025-05-14T23:08:03.162-0400] {logging_mixin.py:190} INFO - [2025-05-14T23:08:03.162-0400] {dag.py:3239} INFO - Sync 1 DAGs
[2025-05-14T23:08:03.183-0400] {logging_mixin.py:190} INFO - [2025-05-14T23:08:03.182-0400] {dag.py:4180} INFO - Setting next_dagrun for example_branch_dop_operator_v3 to 2025-05-15 03:07:00+00:00, run_after=2025-05-15 03:08:00+00:00
[2025-05-14T23:08:03.211-0400] {processor.py:208} INFO - Processing /home/aangava/MSP/airflow_venv/lib/python3.12/site-packages/airflow/example_dags/example_branch_python_dop_operator_3.py took 0.114 seconds
[2025-05-14T23:09:02.600-0400] {processor.py:186} INFO - Started process (PID=47605) to work on /home/aangava/MSP/airflow_venv/lib/python3.12/site-packages/airflow/example_dags/example_branch_python_dop_operator_3.py
[2025-05-14T23:09:02.611-0400] {processor.py:914} INFO - Processing file /home/aangava/MSP/airflow_venv/lib/python3.12/site-packages/airflow/example_dags/example_branch_python_dop_operator_3.py for tasks to queue
[2025-05-14T23:09:02.615-0400] {logging_mixin.py:190} INFO - [2025-05-14T23:09:02.614-0400] {dagbag.py:588} INFO - Filling up the DagBag from /home/aangava/MSP/airflow_venv/lib/python3.12/site-packages/airflow/example_dags/example_branch_python_dop_operator_3.py
[2025-05-14T23:09:02.627-0400] {processor.py:925} INFO - DAG(s) 'example_branch_dop_operator_v3' retrieved from /home/aangava/MSP/airflow_venv/lib/python3.12/site-packages/airflow/example_dags/example_branch_python_dop_operator_3.py
[2025-05-14T23:09:02.645-0400] {logging_mixin.py:190} INFO - [2025-05-14T23:09:02.644-0400] {dag.py:3239} INFO - Sync 1 DAGs
[2025-05-14T23:09:02.665-0400] {logging_mixin.py:190} INFO - [2025-05-14T23:09:02.664-0400] {dag.py:4180} INFO - Setting next_dagrun for example_branch_dop_operator_v3 to 2025-05-15 03:08:00+00:00, run_after=2025-05-15 03:09:00+00:00
[2025-05-14T23:09:02.688-0400] {processor.py:208} INFO - Processing /home/aangava/MSP/airflow_venv/lib/python3.12/site-packages/airflow/example_dags/example_branch_python_dop_operator_3.py took 0.099 seconds
[2025-05-14T23:10:04.043-0400] {processor.py:186} INFO - Started process (PID=47862) to work on /home/aangava/MSP/airflow_venv/lib/python3.12/site-packages/airflow/example_dags/example_branch_python_dop_operator_3.py
[2025-05-14T23:10:04.045-0400] {processor.py:914} INFO - Processing file /home/aangava/MSP/airflow_venv/lib/python3.12/site-packages/airflow/example_dags/example_branch_python_dop_operator_3.py for tasks to queue
[2025-05-14T23:10:04.047-0400] {logging_mixin.py:190} INFO - [2025-05-14T23:10:04.046-0400] {dagbag.py:588} INFO - Filling up the DagBag from /home/aangava/MSP/airflow_venv/lib/python3.12/site-packages/airflow/example_dags/example_branch_python_dop_operator_3.py
[2025-05-14T23:10:04.061-0400] {processor.py:925} INFO - DAG(s) 'example_branch_dop_operator_v3' retrieved from /home/aangava/MSP/airflow_venv/lib/python3.12/site-packages/airflow/example_dags/example_branch_python_dop_operator_3.py
[2025-05-14T23:10:04.083-0400] {logging_mixin.py:190} INFO - [2025-05-14T23:10:04.082-0400] {dag.py:3239} INFO - Sync 1 DAGs
[2025-05-14T23:10:04.106-0400] {logging_mixin.py:190} INFO - [2025-05-14T23:10:04.106-0400] {dag.py:4180} INFO - Setting next_dagrun for example_branch_dop_operator_v3 to 2025-05-15 03:09:00+00:00, run_after=2025-05-15 03:10:00+00:00
[2025-05-14T23:10:04.131-0400] {processor.py:208} INFO - Processing /home/aangava/MSP/airflow_venv/lib/python3.12/site-packages/airflow/example_dags/example_branch_python_dop_operator_3.py took 0.096 seconds
[2025-05-14T23:11:09.984-0400] {processor.py:186} INFO - Started process (PID=48120) to work on /home/aangava/MSP/airflow_venv/lib/python3.12/site-packages/airflow/example_dags/example_branch_python_dop_operator_3.py
[2025-05-14T23:11:09.996-0400] {processor.py:914} INFO - Processing file /home/aangava/MSP/airflow_venv/lib/python3.12/site-packages/airflow/example_dags/example_branch_python_dop_operator_3.py for tasks to queue
[2025-05-14T23:11:09.999-0400] {logging_mixin.py:190} INFO - [2025-05-14T23:11:09.998-0400] {dagbag.py:588} INFO - Filling up the DagBag from /home/aangava/MSP/airflow_venv/lib/python3.12/site-packages/airflow/example_dags/example_branch_python_dop_operator_3.py
[2025-05-14T23:11:10.013-0400] {processor.py:925} INFO - DAG(s) 'example_branch_dop_operator_v3' retrieved from /home/aangava/MSP/airflow_venv/lib/python3.12/site-packages/airflow/example_dags/example_branch_python_dop_operator_3.py
[2025-05-14T23:11:10.034-0400] {logging_mixin.py:190} INFO - [2025-05-14T23:11:10.034-0400] {dag.py:3239} INFO - Sync 1 DAGs
[2025-05-14T23:11:10.058-0400] {logging_mixin.py:190} INFO - [2025-05-14T23:11:10.057-0400] {dag.py:4180} INFO - Setting next_dagrun for example_branch_dop_operator_v3 to 2025-05-15 03:10:00+00:00, run_after=2025-05-15 03:11:00+00:00
[2025-05-14T23:11:10.083-0400] {processor.py:208} INFO - Processing /home/aangava/MSP/airflow_venv/lib/python3.12/site-packages/airflow/example_dags/example_branch_python_dop_operator_3.py took 0.110 seconds
[2025-05-14T23:12:11.717-0400] {processor.py:186} INFO - Started process (PID=48367) to work on /home/aangava/MSP/airflow_venv/lib/python3.12/site-packages/airflow/example_dags/example_branch_python_dop_operator_3.py
[2025-05-14T23:12:11.727-0400] {processor.py:914} INFO - Processing file /home/aangava/MSP/airflow_venv/lib/python3.12/site-packages/airflow/example_dags/example_branch_python_dop_operator_3.py for tasks to queue
[2025-05-14T23:12:11.729-0400] {logging_mixin.py:190} INFO - [2025-05-14T23:12:11.729-0400] {dagbag.py:588} INFO - Filling up the DagBag from /home/aangava/MSP/airflow_venv/lib/python3.12/site-packages/airflow/example_dags/example_branch_python_dop_operator_3.py
[2025-05-14T23:12:11.740-0400] {processor.py:925} INFO - DAG(s) 'example_branch_dop_operator_v3' retrieved from /home/aangava/MSP/airflow_venv/lib/python3.12/site-packages/airflow/example_dags/example_branch_python_dop_operator_3.py
[2025-05-14T23:12:11.762-0400] {logging_mixin.py:190} INFO - [2025-05-14T23:12:11.762-0400] {dag.py:3239} INFO - Sync 1 DAGs
[2025-05-14T23:12:11.789-0400] {logging_mixin.py:190} INFO - [2025-05-14T23:12:11.789-0400] {dag.py:4180} INFO - Setting next_dagrun for example_branch_dop_operator_v3 to 2025-05-15 03:11:00+00:00, run_after=2025-05-15 03:12:00+00:00
[2025-05-14T23:12:11.839-0400] {processor.py:208} INFO - Processing /home/aangava/MSP/airflow_venv/lib/python3.12/site-packages/airflow/example_dags/example_branch_python_dop_operator_3.py took 0.131 seconds
[2025-05-14T23:13:16.490-0400] {processor.py:186} INFO - Started process (PID=48623) to work on /home/aangava/MSP/airflow_venv/lib/python3.12/site-packages/airflow/example_dags/example_branch_python_dop_operator_3.py
[2025-05-14T23:13:16.502-0400] {processor.py:914} INFO - Processing file /home/aangava/MSP/airflow_venv/lib/python3.12/site-packages/airflow/example_dags/example_branch_python_dop_operator_3.py for tasks to queue
[2025-05-14T23:13:16.505-0400] {logging_mixin.py:190} INFO - [2025-05-14T23:13:16.504-0400] {dagbag.py:588} INFO - Filling up the DagBag from /home/aangava/MSP/airflow_venv/lib/python3.12/site-packages/airflow/example_dags/example_branch_python_dop_operator_3.py
[2025-05-14T23:13:16.517-0400] {processor.py:925} INFO - DAG(s) 'example_branch_dop_operator_v3' retrieved from /home/aangava/MSP/airflow_venv/lib/python3.12/site-packages/airflow/example_dags/example_branch_python_dop_operator_3.py
[2025-05-14T23:13:16.538-0400] {logging_mixin.py:190} INFO - [2025-05-14T23:13:16.538-0400] {dag.py:3239} INFO - Sync 1 DAGs
[2025-05-14T23:13:16.566-0400] {logging_mixin.py:190} INFO - [2025-05-14T23:13:16.566-0400] {dag.py:4180} INFO - Setting next_dagrun for example_branch_dop_operator_v3 to 2025-05-15 03:12:00+00:00, run_after=2025-05-15 03:13:00+00:00
[2025-05-14T23:13:16.595-0400] {processor.py:208} INFO - Processing /home/aangava/MSP/airflow_venv/lib/python3.12/site-packages/airflow/example_dags/example_branch_python_dop_operator_3.py took 0.116 seconds
[2025-05-14T23:14:16.922-0400] {processor.py:186} INFO - Started process (PID=48862) to work on /home/aangava/MSP/airflow_venv/lib/python3.12/site-packages/airflow/example_dags/example_branch_python_dop_operator_3.py
[2025-05-14T23:14:16.932-0400] {processor.py:914} INFO - Processing file /home/aangava/MSP/airflow_venv/lib/python3.12/site-packages/airflow/example_dags/example_branch_python_dop_operator_3.py for tasks to queue
[2025-05-14T23:14:16.933-0400] {logging_mixin.py:190} INFO - [2025-05-14T23:14:16.933-0400] {dagbag.py:588} INFO - Filling up the DagBag from /home/aangava/MSP/airflow_venv/lib/python3.12/site-packages/airflow/example_dags/example_branch_python_dop_operator_3.py
[2025-05-14T23:14:16.942-0400] {processor.py:925} INFO - DAG(s) 'example_branch_dop_operator_v3' retrieved from /home/aangava/MSP/airflow_venv/lib/python3.12/site-packages/airflow/example_dags/example_branch_python_dop_operator_3.py
[2025-05-14T23:14:16.958-0400] {logging_mixin.py:190} INFO - [2025-05-14T23:14:16.958-0400] {dag.py:3239} INFO - Sync 1 DAGs
[2025-05-14T23:14:16.977-0400] {logging_mixin.py:190} INFO - [2025-05-14T23:14:16.977-0400] {dag.py:4180} INFO - Setting next_dagrun for example_branch_dop_operator_v3 to 2025-05-15 03:13:00+00:00, run_after=2025-05-15 03:14:00+00:00
[2025-05-14T23:14:16.999-0400] {processor.py:208} INFO - Processing /home/aangava/MSP/airflow_venv/lib/python3.12/site-packages/airflow/example_dags/example_branch_python_dop_operator_3.py took 0.083 seconds
[2025-05-14T23:15:21.003-0400] {processor.py:186} INFO - Started process (PID=49114) to work on /home/aangava/MSP/airflow_venv/lib/python3.12/site-packages/airflow/example_dags/example_branch_python_dop_operator_3.py
[2025-05-14T23:15:21.016-0400] {processor.py:914} INFO - Processing file /home/aangava/MSP/airflow_venv/lib/python3.12/site-packages/airflow/example_dags/example_branch_python_dop_operator_3.py for tasks to queue
[2025-05-14T23:15:21.019-0400] {logging_mixin.py:190} INFO - [2025-05-14T23:15:21.018-0400] {dagbag.py:588} INFO - Filling up the DagBag from /home/aangava/MSP/airflow_venv/lib/python3.12/site-packages/airflow/example_dags/example_branch_python_dop_operator_3.py
[2025-05-14T23:15:21.032-0400] {processor.py:925} INFO - DAG(s) 'example_branch_dop_operator_v3' retrieved from /home/aangava/MSP/airflow_venv/lib/python3.12/site-packages/airflow/example_dags/example_branch_python_dop_operator_3.py
[2025-05-14T23:15:21.050-0400] {logging_mixin.py:190} INFO - [2025-05-14T23:15:21.050-0400] {dag.py:3239} INFO - Sync 1 DAGs
[2025-05-14T23:15:21.070-0400] {logging_mixin.py:190} INFO - [2025-05-14T23:15:21.070-0400] {dag.py:4180} INFO - Setting next_dagrun for example_branch_dop_operator_v3 to 2025-05-15 03:14:00+00:00, run_after=2025-05-15 03:15:00+00:00
[2025-05-14T23:15:21.091-0400] {processor.py:208} INFO - Processing /home/aangava/MSP/airflow_venv/lib/python3.12/site-packages/airflow/example_dags/example_branch_python_dop_operator_3.py took 0.098 seconds
[2025-05-14T23:16:26.157-0400] {processor.py:186} INFO - Started process (PID=49382) to work on /home/aangava/MSP/airflow_venv/lib/python3.12/site-packages/airflow/example_dags/example_branch_python_dop_operator_3.py
[2025-05-14T23:16:26.168-0400] {processor.py:914} INFO - Processing file /home/aangava/MSP/airflow_venv/lib/python3.12/site-packages/airflow/example_dags/example_branch_python_dop_operator_3.py for tasks to queue
[2025-05-14T23:16:26.171-0400] {logging_mixin.py:190} INFO - [2025-05-14T23:16:26.171-0400] {dagbag.py:588} INFO - Filling up the DagBag from /home/aangava/MSP/airflow_venv/lib/python3.12/site-packages/airflow/example_dags/example_branch_python_dop_operator_3.py
[2025-05-14T23:16:26.185-0400] {processor.py:925} INFO - DAG(s) 'example_branch_dop_operator_v3' retrieved from /home/aangava/MSP/airflow_venv/lib/python3.12/site-packages/airflow/example_dags/example_branch_python_dop_operator_3.py
[2025-05-14T23:16:26.206-0400] {logging_mixin.py:190} INFO - [2025-05-14T23:16:26.206-0400] {dag.py:3239} INFO - Sync 1 DAGs
[2025-05-14T23:16:26.235-0400] {logging_mixin.py:190} INFO - [2025-05-14T23:16:26.235-0400] {dag.py:4180} INFO - Setting next_dagrun for example_branch_dop_operator_v3 to 2025-05-15 03:15:00+00:00, run_after=2025-05-15 03:16:00+00:00
[2025-05-14T23:16:26.270-0400] {processor.py:208} INFO - Processing /home/aangava/MSP/airflow_venv/lib/python3.12/site-packages/airflow/example_dags/example_branch_python_dop_operator_3.py took 0.122 seconds
[2025-05-14T23:17:25.270-0400] {processor.py:186} INFO - Started process (PID=49626) to work on /home/aangava/MSP/airflow_venv/lib/python3.12/site-packages/airflow/example_dags/example_branch_python_dop_operator_3.py
[2025-05-14T23:17:25.283-0400] {processor.py:914} INFO - Processing file /home/aangava/MSP/airflow_venv/lib/python3.12/site-packages/airflow/example_dags/example_branch_python_dop_operator_3.py for tasks to queue
[2025-05-14T23:17:25.285-0400] {logging_mixin.py:190} INFO - [2025-05-14T23:17:25.284-0400] {dagbag.py:588} INFO - Filling up the DagBag from /home/aangava/MSP/airflow_venv/lib/python3.12/site-packages/airflow/example_dags/example_branch_python_dop_operator_3.py
[2025-05-14T23:17:25.297-0400] {processor.py:925} INFO - DAG(s) 'example_branch_dop_operator_v3' retrieved from /home/aangava/MSP/airflow_venv/lib/python3.12/site-packages/airflow/example_dags/example_branch_python_dop_operator_3.py
[2025-05-14T23:17:25.317-0400] {logging_mixin.py:190} INFO - [2025-05-14T23:17:25.317-0400] {dag.py:3239} INFO - Sync 1 DAGs
[2025-05-14T23:17:25.340-0400] {logging_mixin.py:190} INFO - [2025-05-14T23:17:25.340-0400] {dag.py:4180} INFO - Setting next_dagrun for example_branch_dop_operator_v3 to 2025-05-15 03:16:00+00:00, run_after=2025-05-15 03:17:00+00:00
[2025-05-14T23:17:25.369-0400] {processor.py:208} INFO - Processing /home/aangava/MSP/airflow_venv/lib/python3.12/site-packages/airflow/example_dags/example_branch_python_dop_operator_3.py took 0.110 seconds
[2025-05-14T23:18:27.832-0400] {processor.py:186} INFO - Started process (PID=49869) to work on /home/aangava/MSP/airflow_venv/lib/python3.12/site-packages/airflow/example_dags/example_branch_python_dop_operator_3.py
[2025-05-14T23:18:27.844-0400] {processor.py:914} INFO - Processing file /home/aangava/MSP/airflow_venv/lib/python3.12/site-packages/airflow/example_dags/example_branch_python_dop_operator_3.py for tasks to queue
[2025-05-14T23:18:27.847-0400] {logging_mixin.py:190} INFO - [2025-05-14T23:18:27.846-0400] {dagbag.py:588} INFO - Filling up the DagBag from /home/aangava/MSP/airflow_venv/lib/python3.12/site-packages/airflow/example_dags/example_branch_python_dop_operator_3.py
[2025-05-14T23:18:27.861-0400] {processor.py:925} INFO - DAG(s) 'example_branch_dop_operator_v3' retrieved from /home/aangava/MSP/airflow_venv/lib/python3.12/site-packages/airflow/example_dags/example_branch_python_dop_operator_3.py
[2025-05-14T23:18:27.882-0400] {logging_mixin.py:190} INFO - [2025-05-14T23:18:27.882-0400] {dag.py:3239} INFO - Sync 1 DAGs
[2025-05-14T23:18:27.908-0400] {logging_mixin.py:190} INFO - [2025-05-14T23:18:27.907-0400] {dag.py:4180} INFO - Setting next_dagrun for example_branch_dop_operator_v3 to 2025-05-15 03:17:00+00:00, run_after=2025-05-15 03:18:00+00:00
[2025-05-14T23:18:27.943-0400] {processor.py:208} INFO - Processing /home/aangava/MSP/airflow_venv/lib/python3.12/site-packages/airflow/example_dags/example_branch_python_dop_operator_3.py took 0.121 seconds
[2025-05-14T23:19:30.402-0400] {processor.py:186} INFO - Started process (PID=50116) to work on /home/aangava/MSP/airflow_venv/lib/python3.12/site-packages/airflow/example_dags/example_branch_python_dop_operator_3.py
[2025-05-14T23:19:30.414-0400] {processor.py:914} INFO - Processing file /home/aangava/MSP/airflow_venv/lib/python3.12/site-packages/airflow/example_dags/example_branch_python_dop_operator_3.py for tasks to queue
[2025-05-14T23:19:30.416-0400] {logging_mixin.py:190} INFO - [2025-05-14T23:19:30.416-0400] {dagbag.py:588} INFO - Filling up the DagBag from /home/aangava/MSP/airflow_venv/lib/python3.12/site-packages/airflow/example_dags/example_branch_python_dop_operator_3.py
[2025-05-14T23:19:30.429-0400] {processor.py:925} INFO - DAG(s) 'example_branch_dop_operator_v3' retrieved from /home/aangava/MSP/airflow_venv/lib/python3.12/site-packages/airflow/example_dags/example_branch_python_dop_operator_3.py
[2025-05-14T23:19:30.450-0400] {logging_mixin.py:190} INFO - [2025-05-14T23:19:30.450-0400] {dag.py:3239} INFO - Sync 1 DAGs
[2025-05-14T23:19:30.473-0400] {logging_mixin.py:190} INFO - [2025-05-14T23:19:30.473-0400] {dag.py:4180} INFO - Setting next_dagrun for example_branch_dop_operator_v3 to 2025-05-15 03:18:00+00:00, run_after=2025-05-15 03:19:00+00:00
[2025-05-14T23:19:30.501-0400] {processor.py:208} INFO - Processing /home/aangava/MSP/airflow_venv/lib/python3.12/site-packages/airflow/example_dags/example_branch_python_dop_operator_3.py took 0.110 seconds
[2025-05-14T23:20:33.335-0400] {processor.py:186} INFO - Started process (PID=50378) to work on /home/aangava/MSP/airflow_venv/lib/python3.12/site-packages/airflow/example_dags/example_branch_python_dop_operator_3.py
[2025-05-14T23:20:33.347-0400] {processor.py:914} INFO - Processing file /home/aangava/MSP/airflow_venv/lib/python3.12/site-packages/airflow/example_dags/example_branch_python_dop_operator_3.py for tasks to queue
[2025-05-14T23:20:33.349-0400] {logging_mixin.py:190} INFO - [2025-05-14T23:20:33.348-0400] {dagbag.py:588} INFO - Filling up the DagBag from /home/aangava/MSP/airflow_venv/lib/python3.12/site-packages/airflow/example_dags/example_branch_python_dop_operator_3.py
[2025-05-14T23:20:33.362-0400] {processor.py:925} INFO - DAG(s) 'example_branch_dop_operator_v3' retrieved from /home/aangava/MSP/airflow_venv/lib/python3.12/site-packages/airflow/example_dags/example_branch_python_dop_operator_3.py
[2025-05-14T23:20:33.380-0400] {logging_mixin.py:190} INFO - [2025-05-14T23:20:33.379-0400] {dag.py:3239} INFO - Sync 1 DAGs
[2025-05-14T23:20:33.401-0400] {logging_mixin.py:190} INFO - [2025-05-14T23:20:33.401-0400] {dag.py:4180} INFO - Setting next_dagrun for example_branch_dop_operator_v3 to 2025-05-15 03:19:00+00:00, run_after=2025-05-15 03:20:00+00:00
[2025-05-14T23:20:33.425-0400] {processor.py:208} INFO - Processing /home/aangava/MSP/airflow_venv/lib/python3.12/site-packages/airflow/example_dags/example_branch_python_dop_operator_3.py took 0.099 seconds
[2025-05-14T23:21:36.404-0400] {processor.py:186} INFO - Started process (PID=50627) to work on /home/aangava/MSP/airflow_venv/lib/python3.12/site-packages/airflow/example_dags/example_branch_python_dop_operator_3.py
[2025-05-14T23:21:36.416-0400] {processor.py:914} INFO - Processing file /home/aangava/MSP/airflow_venv/lib/python3.12/site-packages/airflow/example_dags/example_branch_python_dop_operator_3.py for tasks to queue
[2025-05-14T23:21:36.419-0400] {logging_mixin.py:190} INFO - [2025-05-14T23:21:36.418-0400] {dagbag.py:588} INFO - Filling up the DagBag from /home/aangava/MSP/airflow_venv/lib/python3.12/site-packages/airflow/example_dags/example_branch_python_dop_operator_3.py
[2025-05-14T23:21:36.433-0400] {processor.py:925} INFO - DAG(s) 'example_branch_dop_operator_v3' retrieved from /home/aangava/MSP/airflow_venv/lib/python3.12/site-packages/airflow/example_dags/example_branch_python_dop_operator_3.py
[2025-05-14T23:21:36.452-0400] {logging_mixin.py:190} INFO - [2025-05-14T23:21:36.452-0400] {dag.py:3239} INFO - Sync 1 DAGs
[2025-05-14T23:21:36.472-0400] {logging_mixin.py:190} INFO - [2025-05-14T23:21:36.472-0400] {dag.py:4180} INFO - Setting next_dagrun for example_branch_dop_operator_v3 to 2025-05-15 03:20:00+00:00, run_after=2025-05-15 03:21:00+00:00
[2025-05-14T23:21:36.496-0400] {processor.py:208} INFO - Processing /home/aangava/MSP/airflow_venv/lib/python3.12/site-packages/airflow/example_dags/example_branch_python_dop_operator_3.py took 0.103 seconds
[2025-05-14T23:24:05.606-0400] {processor.py:186} INFO - Started process (PID=50867) to work on /home/aangava/MSP/airflow_venv/lib/python3.12/site-packages/airflow/example_dags/example_branch_python_dop_operator_3.py
[2025-05-14T23:24:05.607-0400] {processor.py:914} INFO - Processing file /home/aangava/MSP/airflow_venv/lib/python3.12/site-packages/airflow/example_dags/example_branch_python_dop_operator_3.py for tasks to queue
[2025-05-14T23:24:05.609-0400] {logging_mixin.py:190} INFO - [2025-05-14T23:24:05.608-0400] {dagbag.py:588} INFO - Filling up the DagBag from /home/aangava/MSP/airflow_venv/lib/python3.12/site-packages/airflow/example_dags/example_branch_python_dop_operator_3.py
[2025-05-14T23:24:05.617-0400] {processor.py:925} INFO - DAG(s) 'example_branch_dop_operator_v3' retrieved from /home/aangava/MSP/airflow_venv/lib/python3.12/site-packages/airflow/example_dags/example_branch_python_dop_operator_3.py
[2025-05-14T23:24:05.631-0400] {logging_mixin.py:190} INFO - [2025-05-14T23:24:05.631-0400] {dag.py:3239} INFO - Sync 1 DAGs
[2025-05-14T23:24:05.649-0400] {logging_mixin.py:190} INFO - [2025-05-14T23:24:05.649-0400] {dag.py:4180} INFO - Setting next_dagrun for example_branch_dop_operator_v3 to 2025-05-15 03:23:00+00:00, run_after=2025-05-15 03:24:00+00:00
[2025-05-14T23:24:05.666-0400] {processor.py:208} INFO - Processing /home/aangava/MSP/airflow_venv/lib/python3.12/site-packages/airflow/example_dags/example_branch_python_dop_operator_3.py took 0.064 seconds
[2025-05-14T23:25:21.823-0400] {processor.py:186} INFO - Started process (PID=51192) to work on /home/aangava/MSP/airflow_venv/lib/python3.12/site-packages/airflow/example_dags/example_branch_python_dop_operator_3.py
[2025-05-14T23:25:21.834-0400] {processor.py:914} INFO - Processing file /home/aangava/MSP/airflow_venv/lib/python3.12/site-packages/airflow/example_dags/example_branch_python_dop_operator_3.py for tasks to queue
[2025-05-14T23:25:21.836-0400] {logging_mixin.py:190} INFO - [2025-05-14T23:25:21.836-0400] {dagbag.py:588} INFO - Filling up the DagBag from /home/aangava/MSP/airflow_venv/lib/python3.12/site-packages/airflow/example_dags/example_branch_python_dop_operator_3.py
[2025-05-14T23:25:21.850-0400] {processor.py:925} INFO - DAG(s) 'example_branch_dop_operator_v3' retrieved from /home/aangava/MSP/airflow_venv/lib/python3.12/site-packages/airflow/example_dags/example_branch_python_dop_operator_3.py
[2025-05-14T23:25:21.870-0400] {logging_mixin.py:190} INFO - [2025-05-14T23:25:21.870-0400] {dag.py:3239} INFO - Sync 1 DAGs
[2025-05-14T23:25:21.893-0400] {logging_mixin.py:190} INFO - [2025-05-14T23:25:21.893-0400] {dag.py:4180} INFO - Setting next_dagrun for example_branch_dop_operator_v3 to 2025-05-15 03:24:00+00:00, run_after=2025-05-15 03:25:00+00:00
[2025-05-14T23:25:22.090-0400] {processor.py:208} INFO - Processing /home/aangava/MSP/airflow_venv/lib/python3.12/site-packages/airflow/example_dags/example_branch_python_dop_operator_3.py took 0.283 seconds
[2025-05-14T23:26:21.850-0400] {processor.py:186} INFO - Started process (PID=51434) to work on /home/aangava/MSP/airflow_venv/lib/python3.12/site-packages/airflow/example_dags/example_branch_python_dop_operator_3.py
[2025-05-14T23:26:21.852-0400] {processor.py:914} INFO - Processing file /home/aangava/MSP/airflow_venv/lib/python3.12/site-packages/airflow/example_dags/example_branch_python_dop_operator_3.py for tasks to queue
[2025-05-14T23:26:21.854-0400] {logging_mixin.py:190} INFO - [2025-05-14T23:26:21.853-0400] {dagbag.py:588} INFO - Filling up the DagBag from /home/aangava/MSP/airflow_venv/lib/python3.12/site-packages/airflow/example_dags/example_branch_python_dop_operator_3.py
[2025-05-14T23:26:21.866-0400] {processor.py:925} INFO - DAG(s) 'example_branch_dop_operator_v3' retrieved from /home/aangava/MSP/airflow_venv/lib/python3.12/site-packages/airflow/example_dags/example_branch_python_dop_operator_3.py
[2025-05-14T23:26:21.882-0400] {logging_mixin.py:190} INFO - [2025-05-14T23:26:21.881-0400] {dag.py:3239} INFO - Sync 1 DAGs
[2025-05-14T23:26:21.903-0400] {logging_mixin.py:190} INFO - [2025-05-14T23:26:21.903-0400] {dag.py:4180} INFO - Setting next_dagrun for example_branch_dop_operator_v3 to 2025-05-15 03:25:00+00:00, run_after=2025-05-15 03:26:00+00:00
[2025-05-14T23:26:21.930-0400] {processor.py:208} INFO - Processing /home/aangava/MSP/airflow_venv/lib/python3.12/site-packages/airflow/example_dags/example_branch_python_dop_operator_3.py took 0.089 seconds
[2025-05-14T23:27:31.984-0400] {processor.py:186} INFO - Started process (PID=51714) to work on /home/aangava/MSP/airflow_venv/lib/python3.12/site-packages/airflow/example_dags/example_branch_python_dop_operator_3.py
[2025-05-14T23:27:31.997-0400] {processor.py:914} INFO - Processing file /home/aangava/MSP/airflow_venv/lib/python3.12/site-packages/airflow/example_dags/example_branch_python_dop_operator_3.py for tasks to queue
[2025-05-14T23:27:31.999-0400] {logging_mixin.py:190} INFO - [2025-05-14T23:27:31.999-0400] {dagbag.py:588} INFO - Filling up the DagBag from /home/aangava/MSP/airflow_venv/lib/python3.12/site-packages/airflow/example_dags/example_branch_python_dop_operator_3.py
[2025-05-14T23:27:32.012-0400] {processor.py:925} INFO - DAG(s) 'example_branch_dop_operator_v3' retrieved from /home/aangava/MSP/airflow_venv/lib/python3.12/site-packages/airflow/example_dags/example_branch_python_dop_operator_3.py
[2025-05-14T23:27:32.032-0400] {logging_mixin.py:190} INFO - [2025-05-14T23:27:32.032-0400] {dag.py:3239} INFO - Sync 1 DAGs
[2025-05-14T23:27:32.053-0400] {logging_mixin.py:190} INFO - [2025-05-14T23:27:32.053-0400] {dag.py:4180} INFO - Setting next_dagrun for example_branch_dop_operator_v3 to 2025-05-15 03:26:00+00:00, run_after=2025-05-15 03:27:00+00:00
[2025-05-14T23:27:32.084-0400] {processor.py:208} INFO - Processing /home/aangava/MSP/airflow_venv/lib/python3.12/site-packages/airflow/example_dags/example_branch_python_dop_operator_3.py took 0.110 seconds
[2025-05-14T23:28:41.088-0400] {processor.py:186} INFO - Started process (PID=51889) to work on /home/aangava/MSP/airflow_venv/lib/python3.12/site-packages/airflow/example_dags/example_branch_python_dop_operator_3.py
[2025-05-14T23:28:41.100-0400] {processor.py:914} INFO - Processing file /home/aangava/MSP/airflow_venv/lib/python3.12/site-packages/airflow/example_dags/example_branch_python_dop_operator_3.py for tasks to queue
[2025-05-14T23:28:41.104-0400] {logging_mixin.py:190} INFO - [2025-05-14T23:28:41.103-0400] {dagbag.py:588} INFO - Filling up the DagBag from /home/aangava/MSP/airflow_venv/lib/python3.12/site-packages/airflow/example_dags/example_branch_python_dop_operator_3.py
[2025-05-14T23:28:41.118-0400] {processor.py:925} INFO - DAG(s) 'example_branch_dop_operator_v3' retrieved from /home/aangava/MSP/airflow_venv/lib/python3.12/site-packages/airflow/example_dags/example_branch_python_dop_operator_3.py
[2025-05-14T23:28:41.134-0400] {logging_mixin.py:190} INFO - [2025-05-14T23:28:41.134-0400] {dag.py:3239} INFO - Sync 1 DAGs
[2025-05-14T23:28:41.153-0400] {logging_mixin.py:190} INFO - [2025-05-14T23:28:41.153-0400] {dag.py:4180} INFO - Setting next_dagrun for example_branch_dop_operator_v3 to 2025-05-15 03:27:00+00:00, run_after=2025-05-15 03:28:00+00:00
[2025-05-14T23:28:41.177-0400] {processor.py:208} INFO - Processing /home/aangava/MSP/airflow_venv/lib/python3.12/site-packages/airflow/example_dags/example_branch_python_dop_operator_3.py took 0.097 seconds
[2025-05-14T23:29:34.151-0400] {processor.py:186} INFO - Started process (PID=52097) to work on /home/aangava/MSP/airflow_venv/lib/python3.12/site-packages/airflow/example_dags/example_branch_python_dop_operator_3.py
[2025-05-14T23:29:34.165-0400] {processor.py:914} INFO - Processing file /home/aangava/MSP/airflow_venv/lib/python3.12/site-packages/airflow/example_dags/example_branch_python_dop_operator_3.py for tasks to queue
[2025-05-14T23:29:34.168-0400] {logging_mixin.py:190} INFO - [2025-05-14T23:29:34.167-0400] {dagbag.py:588} INFO - Filling up the DagBag from /home/aangava/MSP/airflow_venv/lib/python3.12/site-packages/airflow/example_dags/example_branch_python_dop_operator_3.py
[2025-05-14T23:29:34.182-0400] {processor.py:925} INFO - DAG(s) 'example_branch_dop_operator_v3' retrieved from /home/aangava/MSP/airflow_venv/lib/python3.12/site-packages/airflow/example_dags/example_branch_python_dop_operator_3.py
[2025-05-14T23:29:34.201-0400] {logging_mixin.py:190} INFO - [2025-05-14T23:29:34.201-0400] {dag.py:3239} INFO - Sync 1 DAGs
[2025-05-14T23:29:34.404-0400] {logging_mixin.py:190} INFO - [2025-05-14T23:29:34.404-0400] {dag.py:4180} INFO - Setting next_dagrun for example_branch_dop_operator_v3 to 2025-05-15 03:28:00+00:00, run_after=2025-05-15 03:29:00+00:00
[2025-05-14T23:29:34.445-0400] {processor.py:208} INFO - Processing /home/aangava/MSP/airflow_venv/lib/python3.12/site-packages/airflow/example_dags/example_branch_python_dop_operator_3.py took 0.303 seconds
[2025-05-14T23:30:39.549-0400] {processor.py:186} INFO - Started process (PID=52360) to work on /home/aangava/MSP/airflow_venv/lib/python3.12/site-packages/airflow/example_dags/example_branch_python_dop_operator_3.py
[2025-05-14T23:30:39.558-0400] {processor.py:914} INFO - Processing file /home/aangava/MSP/airflow_venv/lib/python3.12/site-packages/airflow/example_dags/example_branch_python_dop_operator_3.py for tasks to queue
[2025-05-14T23:30:39.559-0400] {logging_mixin.py:190} INFO - [2025-05-14T23:30:39.559-0400] {dagbag.py:588} INFO - Filling up the DagBag from /home/aangava/MSP/airflow_venv/lib/python3.12/site-packages/airflow/example_dags/example_branch_python_dop_operator_3.py
[2025-05-14T23:30:39.565-0400] {processor.py:925} INFO - DAG(s) 'example_branch_dop_operator_v3' retrieved from /home/aangava/MSP/airflow_venv/lib/python3.12/site-packages/airflow/example_dags/example_branch_python_dop_operator_3.py
[2025-05-14T23:30:39.574-0400] {logging_mixin.py:190} INFO - [2025-05-14T23:30:39.574-0400] {dag.py:3239} INFO - Sync 1 DAGs
[2025-05-14T23:30:39.586-0400] {logging_mixin.py:190} INFO - [2025-05-14T23:30:39.586-0400] {dag.py:4180} INFO - Setting next_dagrun for example_branch_dop_operator_v3 to 2025-05-15 03:29:00+00:00, run_after=2025-05-15 03:30:00+00:00
[2025-05-14T23:30:39.599-0400] {processor.py:208} INFO - Processing /home/aangava/MSP/airflow_venv/lib/python3.12/site-packages/airflow/example_dags/example_branch_python_dop_operator_3.py took 0.055 seconds
[2025-05-14T23:31:49.431-0400] {processor.py:186} INFO - Started process (PID=52630) to work on /home/aangava/MSP/airflow_venv/lib/python3.12/site-packages/airflow/example_dags/example_branch_python_dop_operator_3.py
[2025-05-14T23:31:49.444-0400] {processor.py:914} INFO - Processing file /home/aangava/MSP/airflow_venv/lib/python3.12/site-packages/airflow/example_dags/example_branch_python_dop_operator_3.py for tasks to queue
[2025-05-14T23:31:49.447-0400] {logging_mixin.py:190} INFO - [2025-05-14T23:31:49.446-0400] {dagbag.py:588} INFO - Filling up the DagBag from /home/aangava/MSP/airflow_venv/lib/python3.12/site-packages/airflow/example_dags/example_branch_python_dop_operator_3.py
[2025-05-14T23:31:49.460-0400] {processor.py:925} INFO - DAG(s) 'example_branch_dop_operator_v3' retrieved from /home/aangava/MSP/airflow_venv/lib/python3.12/site-packages/airflow/example_dags/example_branch_python_dop_operator_3.py
[2025-05-14T23:31:49.483-0400] {logging_mixin.py:190} INFO - [2025-05-14T23:31:49.483-0400] {dag.py:3239} INFO - Sync 1 DAGs
[2025-05-14T23:31:49.503-0400] {logging_mixin.py:190} INFO - [2025-05-14T23:31:49.503-0400] {dag.py:4180} INFO - Setting next_dagrun for example_branch_dop_operator_v3 to 2025-05-15 03:30:00+00:00, run_after=2025-05-15 03:31:00+00:00
[2025-05-14T23:31:49.529-0400] {processor.py:208} INFO - Processing /home/aangava/MSP/airflow_venv/lib/python3.12/site-packages/airflow/example_dags/example_branch_python_dop_operator_3.py took 0.108 seconds
[2025-05-14T23:32:58.548-0400] {processor.py:186} INFO - Started process (PID=52911) to work on /home/aangava/MSP/airflow_venv/lib/python3.12/site-packages/airflow/example_dags/example_branch_python_dop_operator_3.py
[2025-05-14T23:32:58.559-0400] {processor.py:914} INFO - Processing file /home/aangava/MSP/airflow_venv/lib/python3.12/site-packages/airflow/example_dags/example_branch_python_dop_operator_3.py for tasks to queue
[2025-05-14T23:32:58.563-0400] {logging_mixin.py:190} INFO - [2025-05-14T23:32:58.562-0400] {dagbag.py:588} INFO - Filling up the DagBag from /home/aangava/MSP/airflow_venv/lib/python3.12/site-packages/airflow/example_dags/example_branch_python_dop_operator_3.py
[2025-05-14T23:32:58.578-0400] {processor.py:925} INFO - DAG(s) 'example_branch_dop_operator_v3' retrieved from /home/aangava/MSP/airflow_venv/lib/python3.12/site-packages/airflow/example_dags/example_branch_python_dop_operator_3.py
[2025-05-14T23:32:58.601-0400] {logging_mixin.py:190} INFO - [2025-05-14T23:32:58.601-0400] {dag.py:3239} INFO - Sync 1 DAGs
[2025-05-14T23:32:58.627-0400] {logging_mixin.py:190} INFO - [2025-05-14T23:32:58.627-0400] {dag.py:4180} INFO - Setting next_dagrun for example_branch_dop_operator_v3 to 2025-05-15 03:31:00+00:00, run_after=2025-05-15 03:32:00+00:00
[2025-05-14T23:32:58.658-0400] {processor.py:208} INFO - Processing /home/aangava/MSP/airflow_venv/lib/python3.12/site-packages/airflow/example_dags/example_branch_python_dop_operator_3.py took 0.118 seconds
[2025-05-14T23:34:06.086-0400] {processor.py:186} INFO - Started process (PID=53190) to work on /home/aangava/MSP/airflow_venv/lib/python3.12/site-packages/airflow/example_dags/example_branch_python_dop_operator_3.py
[2025-05-14T23:34:06.097-0400] {processor.py:914} INFO - Processing file /home/aangava/MSP/airflow_venv/lib/python3.12/site-packages/airflow/example_dags/example_branch_python_dop_operator_3.py for tasks to queue
[2025-05-14T23:34:06.099-0400] {logging_mixin.py:190} INFO - [2025-05-14T23:34:06.098-0400] {dagbag.py:588} INFO - Filling up the DagBag from /home/aangava/MSP/airflow_venv/lib/python3.12/site-packages/airflow/example_dags/example_branch_python_dop_operator_3.py
[2025-05-14T23:34:06.105-0400] {processor.py:925} INFO - DAG(s) 'example_branch_dop_operator_v3' retrieved from /home/aangava/MSP/airflow_venv/lib/python3.12/site-packages/airflow/example_dags/example_branch_python_dop_operator_3.py
[2025-05-14T23:34:06.118-0400] {logging_mixin.py:190} INFO - [2025-05-14T23:34:06.117-0400] {dag.py:3239} INFO - Sync 1 DAGs
[2025-05-14T23:34:06.131-0400] {logging_mixin.py:190} INFO - [2025-05-14T23:34:06.131-0400] {dag.py:4180} INFO - Setting next_dagrun for example_branch_dop_operator_v3 to 2025-05-15 03:33:00+00:00, run_after=2025-05-15 03:34:00+00:00
[2025-05-14T23:34:06.146-0400] {processor.py:208} INFO - Processing /home/aangava/MSP/airflow_venv/lib/python3.12/site-packages/airflow/example_dags/example_branch_python_dop_operator_3.py took 0.064 seconds
[2025-05-14T23:39:49.322-0400] {processor.py:186} INFO - Started process (PID=53339) to work on /home/aangava/MSP/airflow_venv/lib/python3.12/site-packages/airflow/example_dags/example_branch_python_dop_operator_3.py
[2025-05-14T23:39:49.334-0400] {processor.py:914} INFO - Processing file /home/aangava/MSP/airflow_venv/lib/python3.12/site-packages/airflow/example_dags/example_branch_python_dop_operator_3.py for tasks to queue
[2025-05-14T23:39:49.337-0400] {logging_mixin.py:190} INFO - [2025-05-14T23:39:49.336-0400] {dagbag.py:588} INFO - Filling up the DagBag from /home/aangava/MSP/airflow_venv/lib/python3.12/site-packages/airflow/example_dags/example_branch_python_dop_operator_3.py
[2025-05-14T23:39:49.350-0400] {processor.py:925} INFO - DAG(s) 'example_branch_dop_operator_v3' retrieved from /home/aangava/MSP/airflow_venv/lib/python3.12/site-packages/airflow/example_dags/example_branch_python_dop_operator_3.py
[2025-05-14T23:39:49.369-0400] {logging_mixin.py:190} INFO - [2025-05-14T23:39:49.368-0400] {dag.py:3239} INFO - Sync 1 DAGs
[2025-05-14T23:39:49.396-0400] {logging_mixin.py:190} INFO - [2025-05-14T23:39:49.396-0400] {dag.py:4180} INFO - Setting next_dagrun for example_branch_dop_operator_v3 to 2025-05-15 03:38:00+00:00, run_after=2025-05-15 03:39:00+00:00
[2025-05-14T23:39:49.423-0400] {processor.py:208} INFO - Processing /home/aangava/MSP/airflow_venv/lib/python3.12/site-packages/airflow/example_dags/example_branch_python_dop_operator_3.py took 0.112 seconds
[2025-05-14T23:40:38.256-0400] {processor.py:186} INFO - Started process (PID=53531) to work on /home/aangava/MSP/airflow_venv/lib/python3.12/site-packages/airflow/example_dags/example_branch_python_dop_operator_3.py
[2025-05-14T23:40:38.269-0400] {processor.py:914} INFO - Processing file /home/aangava/MSP/airflow_venv/lib/python3.12/site-packages/airflow/example_dags/example_branch_python_dop_operator_3.py for tasks to queue
[2025-05-14T23:40:38.272-0400] {logging_mixin.py:190} INFO - [2025-05-14T23:40:38.271-0400] {dagbag.py:588} INFO - Filling up the DagBag from /home/aangava/MSP/airflow_venv/lib/python3.12/site-packages/airflow/example_dags/example_branch_python_dop_operator_3.py
[2025-05-14T23:40:38.286-0400] {processor.py:925} INFO - DAG(s) 'example_branch_dop_operator_v3' retrieved from /home/aangava/MSP/airflow_venv/lib/python3.12/site-packages/airflow/example_dags/example_branch_python_dop_operator_3.py
[2025-05-14T23:40:38.313-0400] {logging_mixin.py:190} INFO - [2025-05-14T23:40:38.312-0400] {dag.py:3239} INFO - Sync 1 DAGs
[2025-05-14T23:40:38.337-0400] {logging_mixin.py:190} INFO - [2025-05-14T23:40:38.337-0400] {dag.py:4180} INFO - Setting next_dagrun for example_branch_dop_operator_v3 to 2025-05-15 03:39:00+00:00, run_after=2025-05-15 03:40:00+00:00
[2025-05-14T23:40:38.365-0400] {processor.py:208} INFO - Processing /home/aangava/MSP/airflow_venv/lib/python3.12/site-packages/airflow/example_dags/example_branch_python_dop_operator_3.py took 0.120 seconds
[2025-05-14T23:41:38.937-0400] {processor.py:186} INFO - Started process (PID=53768) to work on /home/aangava/MSP/airflow_venv/lib/python3.12/site-packages/airflow/example_dags/example_branch_python_dop_operator_3.py
[2025-05-14T23:41:38.950-0400] {processor.py:914} INFO - Processing file /home/aangava/MSP/airflow_venv/lib/python3.12/site-packages/airflow/example_dags/example_branch_python_dop_operator_3.py for tasks to queue
[2025-05-14T23:41:38.953-0400] {logging_mixin.py:190} INFO - [2025-05-14T23:41:38.953-0400] {dagbag.py:588} INFO - Filling up the DagBag from /home/aangava/MSP/airflow_venv/lib/python3.12/site-packages/airflow/example_dags/example_branch_python_dop_operator_3.py
[2025-05-14T23:41:38.968-0400] {processor.py:925} INFO - DAG(s) 'example_branch_dop_operator_v3' retrieved from /home/aangava/MSP/airflow_venv/lib/python3.12/site-packages/airflow/example_dags/example_branch_python_dop_operator_3.py
[2025-05-14T23:41:38.992-0400] {logging_mixin.py:190} INFO - [2025-05-14T23:41:38.992-0400] {dag.py:3239} INFO - Sync 1 DAGs
[2025-05-14T23:41:39.026-0400] {logging_mixin.py:190} INFO - [2025-05-14T23:41:39.026-0400] {dag.py:4180} INFO - Setting next_dagrun for example_branch_dop_operator_v3 to 2025-05-15 03:40:00+00:00, run_after=2025-05-15 03:41:00+00:00
[2025-05-14T23:41:39.050-0400] {processor.py:208} INFO - Processing /home/aangava/MSP/airflow_venv/lib/python3.12/site-packages/airflow/example_dags/example_branch_python_dop_operator_3.py took 0.122 seconds
[2025-05-14T23:42:44.699-0400] {processor.py:186} INFO - Started process (PID=54035) to work on /home/aangava/MSP/airflow_venv/lib/python3.12/site-packages/airflow/example_dags/example_branch_python_dop_operator_3.py
[2025-05-14T23:42:44.712-0400] {processor.py:914} INFO - Processing file /home/aangava/MSP/airflow_venv/lib/python3.12/site-packages/airflow/example_dags/example_branch_python_dop_operator_3.py for tasks to queue
[2025-05-14T23:42:44.714-0400] {logging_mixin.py:190} INFO - [2025-05-14T23:42:44.714-0400] {dagbag.py:588} INFO - Filling up the DagBag from /home/aangava/MSP/airflow_venv/lib/python3.12/site-packages/airflow/example_dags/example_branch_python_dop_operator_3.py
[2025-05-14T23:42:44.726-0400] {processor.py:925} INFO - DAG(s) 'example_branch_dop_operator_v3' retrieved from /home/aangava/MSP/airflow_venv/lib/python3.12/site-packages/airflow/example_dags/example_branch_python_dop_operator_3.py
[2025-05-14T23:42:44.742-0400] {logging_mixin.py:190} INFO - [2025-05-14T23:42:44.741-0400] {dag.py:3239} INFO - Sync 1 DAGs
[2025-05-14T23:42:44.768-0400] {logging_mixin.py:190} INFO - [2025-05-14T23:42:44.768-0400] {dag.py:4180} INFO - Setting next_dagrun for example_branch_dop_operator_v3 to 2025-05-15 03:41:00+00:00, run_after=2025-05-15 03:42:00+00:00
[2025-05-14T23:42:44.795-0400] {processor.py:208} INFO - Processing /home/aangava/MSP/airflow_venv/lib/python3.12/site-packages/airflow/example_dags/example_branch_python_dop_operator_3.py took 0.104 seconds
[2025-05-15T13:38:57.255-0400] {processor.py:186} INFO - Started process (PID=54383) to work on /home/aangava/MSP/airflow_venv/lib/python3.12/site-packages/airflow/example_dags/example_branch_python_dop_operator_3.py
[2025-05-15T13:38:57.265-0400] {processor.py:914} INFO - Processing file /home/aangava/MSP/airflow_venv/lib/python3.12/site-packages/airflow/example_dags/example_branch_python_dop_operator_3.py for tasks to queue
[2025-05-15T13:38:57.267-0400] {logging_mixin.py:190} INFO - [2025-05-15T13:38:57.267-0400] {dagbag.py:588} INFO - Filling up the DagBag from /home/aangava/MSP/airflow_venv/lib/python3.12/site-packages/airflow/example_dags/example_branch_python_dop_operator_3.py
[2025-05-15T13:38:57.280-0400] {processor.py:925} INFO - DAG(s) 'example_branch_dop_operator_v3' retrieved from /home/aangava/MSP/airflow_venv/lib/python3.12/site-packages/airflow/example_dags/example_branch_python_dop_operator_3.py
[2025-05-15T13:38:57.297-0400] {logging_mixin.py:190} INFO - [2025-05-15T13:38:57.297-0400] {dag.py:3239} INFO - Sync 1 DAGs
[2025-05-15T13:38:57.319-0400] {logging_mixin.py:190} INFO - [2025-05-15T13:38:57.318-0400] {dag.py:4180} INFO - Setting next_dagrun for example_branch_dop_operator_v3 to 2025-05-15 17:37:00+00:00, run_after=2025-05-15 17:38:00+00:00
[2025-05-15T13:38:57.343-0400] {processor.py:208} INFO - Processing /home/aangava/MSP/airflow_venv/lib/python3.12/site-packages/airflow/example_dags/example_branch_python_dop_operator_3.py took 0.100 seconds
[2025-05-15T13:40:02.061-0400] {processor.py:186} INFO - Started process (PID=54639) to work on /home/aangava/MSP/airflow_venv/lib/python3.12/site-packages/airflow/example_dags/example_branch_python_dop_operator_3.py
[2025-05-15T13:40:02.063-0400] {processor.py:914} INFO - Processing file /home/aangava/MSP/airflow_venv/lib/python3.12/site-packages/airflow/example_dags/example_branch_python_dop_operator_3.py for tasks to queue
[2025-05-15T13:40:02.064-0400] {logging_mixin.py:190} INFO - [2025-05-15T13:40:02.064-0400] {dagbag.py:588} INFO - Filling up the DagBag from /home/aangava/MSP/airflow_venv/lib/python3.12/site-packages/airflow/example_dags/example_branch_python_dop_operator_3.py
[2025-05-15T13:40:02.077-0400] {processor.py:925} INFO - DAG(s) 'example_branch_dop_operator_v3' retrieved from /home/aangava/MSP/airflow_venv/lib/python3.12/site-packages/airflow/example_dags/example_branch_python_dop_operator_3.py
[2025-05-15T13:40:02.093-0400] {logging_mixin.py:190} INFO - [2025-05-15T13:40:02.092-0400] {dag.py:3239} INFO - Sync 1 DAGs
[2025-05-15T13:40:02.117-0400] {logging_mixin.py:190} INFO - [2025-05-15T13:40:02.117-0400] {dag.py:4180} INFO - Setting next_dagrun for example_branch_dop_operator_v3 to 2025-05-15 17:39:00+00:00, run_after=2025-05-15 17:40:00+00:00
[2025-05-15T13:40:02.139-0400] {processor.py:208} INFO - Processing /home/aangava/MSP/airflow_venv/lib/python3.12/site-packages/airflow/example_dags/example_branch_python_dop_operator_3.py took 0.084 seconds
[2025-05-15T13:41:08.601-0400] {processor.py:186} INFO - Started process (PID=54892) to work on /home/aangava/MSP/airflow_venv/lib/python3.12/site-packages/airflow/example_dags/example_branch_python_dop_operator_3.py
[2025-05-15T13:41:08.616-0400] {processor.py:914} INFO - Processing file /home/aangava/MSP/airflow_venv/lib/python3.12/site-packages/airflow/example_dags/example_branch_python_dop_operator_3.py for tasks to queue
[2025-05-15T13:41:08.621-0400] {logging_mixin.py:190} INFO - [2025-05-15T13:41:08.620-0400] {dagbag.py:588} INFO - Filling up the DagBag from /home/aangava/MSP/airflow_venv/lib/python3.12/site-packages/airflow/example_dags/example_branch_python_dop_operator_3.py
[2025-05-15T13:41:08.636-0400] {processor.py:925} INFO - DAG(s) 'example_branch_dop_operator_v3' retrieved from /home/aangava/MSP/airflow_venv/lib/python3.12/site-packages/airflow/example_dags/example_branch_python_dop_operator_3.py
[2025-05-15T13:41:08.661-0400] {logging_mixin.py:190} INFO - [2025-05-15T13:41:08.661-0400] {dag.py:3239} INFO - Sync 1 DAGs
[2025-05-15T13:41:08.683-0400] {logging_mixin.py:190} INFO - [2025-05-15T13:41:08.683-0400] {dag.py:4180} INFO - Setting next_dagrun for example_branch_dop_operator_v3 to 2025-05-15 17:40:00+00:00, run_after=2025-05-15 17:41:00+00:00
[2025-05-15T13:41:08.715-0400] {processor.py:208} INFO - Processing /home/aangava/MSP/airflow_venv/lib/python3.12/site-packages/airflow/example_dags/example_branch_python_dop_operator_3.py took 0.138 seconds
[2025-05-15T13:42:12.650-0400] {processor.py:186} INFO - Started process (PID=55137) to work on /home/aangava/MSP/airflow_venv/lib/python3.12/site-packages/airflow/example_dags/example_branch_python_dop_operator_3.py
[2025-05-15T13:42:12.662-0400] {processor.py:914} INFO - Processing file /home/aangava/MSP/airflow_venv/lib/python3.12/site-packages/airflow/example_dags/example_branch_python_dop_operator_3.py for tasks to queue
[2025-05-15T13:42:12.665-0400] {logging_mixin.py:190} INFO - [2025-05-15T13:42:12.664-0400] {dagbag.py:588} INFO - Filling up the DagBag from /home/aangava/MSP/airflow_venv/lib/python3.12/site-packages/airflow/example_dags/example_branch_python_dop_operator_3.py
[2025-05-15T13:42:12.680-0400] {processor.py:925} INFO - DAG(s) 'example_branch_dop_operator_v3' retrieved from /home/aangava/MSP/airflow_venv/lib/python3.12/site-packages/airflow/example_dags/example_branch_python_dop_operator_3.py
[2025-05-15T13:42:12.704-0400] {logging_mixin.py:190} INFO - [2025-05-15T13:42:12.704-0400] {dag.py:3239} INFO - Sync 1 DAGs
[2025-05-15T13:42:12.731-0400] {logging_mixin.py:190} INFO - [2025-05-15T13:42:12.731-0400] {dag.py:4180} INFO - Setting next_dagrun for example_branch_dop_operator_v3 to 2025-05-15 17:41:00+00:00, run_after=2025-05-15 17:42:00+00:00
[2025-05-15T13:42:12.758-0400] {processor.py:208} INFO - Processing /home/aangava/MSP/airflow_venv/lib/python3.12/site-packages/airflow/example_dags/example_branch_python_dop_operator_3.py took 0.116 seconds
[2025-05-15T13:43:14.555-0400] {processor.py:186} INFO - Started process (PID=55387) to work on /home/aangava/MSP/airflow_venv/lib/python3.12/site-packages/airflow/example_dags/example_branch_python_dop_operator_3.py
[2025-05-15T13:43:14.566-0400] {processor.py:914} INFO - Processing file /home/aangava/MSP/airflow_venv/lib/python3.12/site-packages/airflow/example_dags/example_branch_python_dop_operator_3.py for tasks to queue
[2025-05-15T13:43:14.568-0400] {logging_mixin.py:190} INFO - [2025-05-15T13:43:14.567-0400] {dagbag.py:588} INFO - Filling up the DagBag from /home/aangava/MSP/airflow_venv/lib/python3.12/site-packages/airflow/example_dags/example_branch_python_dop_operator_3.py
[2025-05-15T13:43:14.581-0400] {processor.py:925} INFO - DAG(s) 'example_branch_dop_operator_v3' retrieved from /home/aangava/MSP/airflow_venv/lib/python3.12/site-packages/airflow/example_dags/example_branch_python_dop_operator_3.py
[2025-05-15T13:43:14.601-0400] {logging_mixin.py:190} INFO - [2025-05-15T13:43:14.601-0400] {dag.py:3239} INFO - Sync 1 DAGs
[2025-05-15T13:43:14.625-0400] {logging_mixin.py:190} INFO - [2025-05-15T13:43:14.625-0400] {dag.py:4180} INFO - Setting next_dagrun for example_branch_dop_operator_v3 to 2025-05-15 17:42:00+00:00, run_after=2025-05-15 17:43:00+00:00
[2025-05-15T13:43:14.646-0400] {processor.py:208} INFO - Processing /home/aangava/MSP/airflow_venv/lib/python3.12/site-packages/airflow/example_dags/example_branch_python_dop_operator_3.py took 0.102 seconds
[2025-05-15T13:44:14.658-0400] {processor.py:186} INFO - Started process (PID=55617) to work on /home/aangava/MSP/airflow_venv/lib/python3.12/site-packages/airflow/example_dags/example_branch_python_dop_operator_3.py
[2025-05-15T13:44:14.670-0400] {processor.py:914} INFO - Processing file /home/aangava/MSP/airflow_venv/lib/python3.12/site-packages/airflow/example_dags/example_branch_python_dop_operator_3.py for tasks to queue
[2025-05-15T13:44:14.673-0400] {logging_mixin.py:190} INFO - [2025-05-15T13:44:14.672-0400] {dagbag.py:588} INFO - Filling up the DagBag from /home/aangava/MSP/airflow_venv/lib/python3.12/site-packages/airflow/example_dags/example_branch_python_dop_operator_3.py
[2025-05-15T13:44:14.687-0400] {processor.py:925} INFO - DAG(s) 'example_branch_dop_operator_v3' retrieved from /home/aangava/MSP/airflow_venv/lib/python3.12/site-packages/airflow/example_dags/example_branch_python_dop_operator_3.py
[2025-05-15T13:44:14.709-0400] {logging_mixin.py:190} INFO - [2025-05-15T13:44:14.708-0400] {dag.py:3239} INFO - Sync 1 DAGs
[2025-05-15T13:44:14.732-0400] {logging_mixin.py:190} INFO - [2025-05-15T13:44:14.732-0400] {dag.py:4180} INFO - Setting next_dagrun for example_branch_dop_operator_v3 to 2025-05-15 17:43:00+00:00, run_after=2025-05-15 17:44:00+00:00
[2025-05-15T13:44:14.763-0400] {processor.py:208} INFO - Processing /home/aangava/MSP/airflow_venv/lib/python3.12/site-packages/airflow/example_dags/example_branch_python_dop_operator_3.py took 0.116 seconds
[2025-05-15T13:45:18.436-0400] {processor.py:186} INFO - Started process (PID=55859) to work on /home/aangava/MSP/airflow_venv/lib/python3.12/site-packages/airflow/example_dags/example_branch_python_dop_operator_3.py
[2025-05-15T13:45:18.447-0400] {processor.py:914} INFO - Processing file /home/aangava/MSP/airflow_venv/lib/python3.12/site-packages/airflow/example_dags/example_branch_python_dop_operator_3.py for tasks to queue
[2025-05-15T13:45:18.450-0400] {logging_mixin.py:190} INFO - [2025-05-15T13:45:18.450-0400] {dagbag.py:588} INFO - Filling up the DagBag from /home/aangava/MSP/airflow_venv/lib/python3.12/site-packages/airflow/example_dags/example_branch_python_dop_operator_3.py
[2025-05-15T13:45:18.471-0400] {processor.py:925} INFO - DAG(s) 'example_branch_dop_operator_v3' retrieved from /home/aangava/MSP/airflow_venv/lib/python3.12/site-packages/airflow/example_dags/example_branch_python_dop_operator_3.py
[2025-05-15T13:45:18.511-0400] {logging_mixin.py:190} INFO - [2025-05-15T13:45:18.510-0400] {dag.py:3239} INFO - Sync 1 DAGs
[2025-05-15T13:45:18.551-0400] {logging_mixin.py:190} INFO - [2025-05-15T13:45:18.551-0400] {dag.py:4180} INFO - Setting next_dagrun for example_branch_dop_operator_v3 to 2025-05-15 17:44:00+00:00, run_after=2025-05-15 17:45:00+00:00
[2025-05-15T13:45:18.579-0400] {processor.py:208} INFO - Processing /home/aangava/MSP/airflow_venv/lib/python3.12/site-packages/airflow/example_dags/example_branch_python_dop_operator_3.py took 0.158 seconds
[2025-05-15T13:46:20.593-0400] {processor.py:186} INFO - Started process (PID=56094) to work on /home/aangava/MSP/airflow_venv/lib/python3.12/site-packages/airflow/example_dags/example_branch_python_dop_operator_3.py
[2025-05-15T13:46:20.596-0400] {processor.py:914} INFO - Processing file /home/aangava/MSP/airflow_venv/lib/python3.12/site-packages/airflow/example_dags/example_branch_python_dop_operator_3.py for tasks to queue
[2025-05-15T13:46:20.598-0400] {logging_mixin.py:190} INFO - [2025-05-15T13:46:20.597-0400] {dagbag.py:588} INFO - Filling up the DagBag from /home/aangava/MSP/airflow_venv/lib/python3.12/site-packages/airflow/example_dags/example_branch_python_dop_operator_3.py
[2025-05-15T13:46:20.612-0400] {processor.py:925} INFO - DAG(s) 'example_branch_dop_operator_v3' retrieved from /home/aangava/MSP/airflow_venv/lib/python3.12/site-packages/airflow/example_dags/example_branch_python_dop_operator_3.py
[2025-05-15T13:46:20.635-0400] {logging_mixin.py:190} INFO - [2025-05-15T13:46:20.634-0400] {dag.py:3239} INFO - Sync 1 DAGs
[2025-05-15T13:46:20.657-0400] {logging_mixin.py:190} INFO - [2025-05-15T13:46:20.657-0400] {dag.py:4180} INFO - Setting next_dagrun for example_branch_dop_operator_v3 to 2025-05-15 17:45:00+00:00, run_after=2025-05-15 17:46:00+00:00
[2025-05-15T13:46:20.682-0400] {processor.py:208} INFO - Processing /home/aangava/MSP/airflow_venv/lib/python3.12/site-packages/airflow/example_dags/example_branch_python_dop_operator_3.py took 0.098 seconds
[2025-05-15T13:47:23.592-0400] {processor.py:186} INFO - Started process (PID=56338) to work on /home/aangava/MSP/airflow_venv/lib/python3.12/site-packages/airflow/example_dags/example_branch_python_dop_operator_3.py
[2025-05-15T13:47:23.604-0400] {processor.py:914} INFO - Processing file /home/aangava/MSP/airflow_venv/lib/python3.12/site-packages/airflow/example_dags/example_branch_python_dop_operator_3.py for tasks to queue
[2025-05-15T13:47:23.608-0400] {logging_mixin.py:190} INFO - [2025-05-15T13:47:23.607-0400] {dagbag.py:588} INFO - Filling up the DagBag from /home/aangava/MSP/airflow_venv/lib/python3.12/site-packages/airflow/example_dags/example_branch_python_dop_operator_3.py
[2025-05-15T13:47:23.622-0400] {processor.py:925} INFO - DAG(s) 'example_branch_dop_operator_v3' retrieved from /home/aangava/MSP/airflow_venv/lib/python3.12/site-packages/airflow/example_dags/example_branch_python_dop_operator_3.py
[2025-05-15T13:47:23.644-0400] {logging_mixin.py:190} INFO - [2025-05-15T13:47:23.644-0400] {dag.py:3239} INFO - Sync 1 DAGs
[2025-05-15T13:47:23.667-0400] {logging_mixin.py:190} INFO - [2025-05-15T13:47:23.667-0400] {dag.py:4180} INFO - Setting next_dagrun for example_branch_dop_operator_v3 to 2025-05-15 17:46:00+00:00, run_after=2025-05-15 17:47:00+00:00
[2025-05-15T13:47:23.692-0400] {processor.py:208} INFO - Processing /home/aangava/MSP/airflow_venv/lib/python3.12/site-packages/airflow/example_dags/example_branch_python_dop_operator_3.py took 0.110 seconds
[2025-05-15T13:58:27.278-0400] {processor.py:186} INFO - Started process (PID=56674) to work on /home/aangava/MSP/airflow_venv/lib/python3.12/site-packages/airflow/example_dags/example_branch_python_dop_operator_3.py
[2025-05-15T13:58:27.281-0400] {processor.py:914} INFO - Processing file /home/aangava/MSP/airflow_venv/lib/python3.12/site-packages/airflow/example_dags/example_branch_python_dop_operator_3.py for tasks to queue
[2025-05-15T13:58:27.283-0400] {logging_mixin.py:190} INFO - [2025-05-15T13:58:27.283-0400] {dagbag.py:588} INFO - Filling up the DagBag from /home/aangava/MSP/airflow_venv/lib/python3.12/site-packages/airflow/example_dags/example_branch_python_dop_operator_3.py
[2025-05-15T13:58:27.296-0400] {processor.py:925} INFO - DAG(s) 'example_branch_dop_operator_v3' retrieved from /home/aangava/MSP/airflow_venv/lib/python3.12/site-packages/airflow/example_dags/example_branch_python_dop_operator_3.py
[2025-05-15T13:58:27.316-0400] {logging_mixin.py:190} INFO - [2025-05-15T13:58:27.316-0400] {dag.py:3239} INFO - Sync 1 DAGs
[2025-05-15T13:58:27.337-0400] {logging_mixin.py:190} INFO - [2025-05-15T13:58:27.337-0400] {dag.py:4180} INFO - Setting next_dagrun for example_branch_dop_operator_v3 to 2025-05-15 17:57:00+00:00, run_after=2025-05-15 17:58:00+00:00
[2025-05-15T13:58:27.359-0400] {processor.py:208} INFO - Processing /home/aangava/MSP/airflow_venv/lib/python3.12/site-packages/airflow/example_dags/example_branch_python_dop_operator_3.py took 0.091 seconds
[2025-05-15T13:59:24.560-0400] {processor.py:186} INFO - Started process (PID=56894) to work on /home/aangava/MSP/airflow_venv/lib/python3.12/site-packages/airflow/example_dags/example_branch_python_dop_operator_3.py
[2025-05-15T13:59:24.571-0400] {processor.py:914} INFO - Processing file /home/aangava/MSP/airflow_venv/lib/python3.12/site-packages/airflow/example_dags/example_branch_python_dop_operator_3.py for tasks to queue
[2025-05-15T13:59:24.574-0400] {logging_mixin.py:190} INFO - [2025-05-15T13:59:24.574-0400] {dagbag.py:588} INFO - Filling up the DagBag from /home/aangava/MSP/airflow_venv/lib/python3.12/site-packages/airflow/example_dags/example_branch_python_dop_operator_3.py
[2025-05-15T13:59:24.589-0400] {processor.py:925} INFO - DAG(s) 'example_branch_dop_operator_v3' retrieved from /home/aangava/MSP/airflow_venv/lib/python3.12/site-packages/airflow/example_dags/example_branch_python_dop_operator_3.py
[2025-05-15T13:59:24.613-0400] {logging_mixin.py:190} INFO - [2025-05-15T13:59:24.612-0400] {dag.py:3239} INFO - Sync 1 DAGs
[2025-05-15T13:59:24.638-0400] {logging_mixin.py:190} INFO - [2025-05-15T13:59:24.638-0400] {dag.py:4180} INFO - Setting next_dagrun for example_branch_dop_operator_v3 to 2025-05-15 17:58:00+00:00, run_after=2025-05-15 17:59:00+00:00
[2025-05-15T13:59:24.671-0400] {processor.py:208} INFO - Processing /home/aangava/MSP/airflow_venv/lib/python3.12/site-packages/airflow/example_dags/example_branch_python_dop_operator_3.py took 0.121 seconds
[2025-05-15T14:00:30.225-0400] {processor.py:186} INFO - Started process (PID=57143) to work on /home/aangava/MSP/airflow_venv/lib/python3.12/site-packages/airflow/example_dags/example_branch_python_dop_operator_3.py
[2025-05-15T14:00:30.228-0400] {processor.py:914} INFO - Processing file /home/aangava/MSP/airflow_venv/lib/python3.12/site-packages/airflow/example_dags/example_branch_python_dop_operator_3.py for tasks to queue
[2025-05-15T14:00:30.230-0400] {logging_mixin.py:190} INFO - [2025-05-15T14:00:30.230-0400] {dagbag.py:588} INFO - Filling up the DagBag from /home/aangava/MSP/airflow_venv/lib/python3.12/site-packages/airflow/example_dags/example_branch_python_dop_operator_3.py
[2025-05-15T14:00:30.245-0400] {processor.py:925} INFO - DAG(s) 'example_branch_dop_operator_v3' retrieved from /home/aangava/MSP/airflow_venv/lib/python3.12/site-packages/airflow/example_dags/example_branch_python_dop_operator_3.py
[2025-05-15T14:00:30.266-0400] {logging_mixin.py:190} INFO - [2025-05-15T14:00:30.266-0400] {dag.py:3239} INFO - Sync 1 DAGs
[2025-05-15T14:00:30.286-0400] {logging_mixin.py:190} INFO - [2025-05-15T14:00:30.286-0400] {dag.py:4180} INFO - Setting next_dagrun for example_branch_dop_operator_v3 to 2025-05-15 17:59:00+00:00, run_after=2025-05-15 18:00:00+00:00
[2025-05-15T14:00:30.313-0400] {processor.py:208} INFO - Processing /home/aangava/MSP/airflow_venv/lib/python3.12/site-packages/airflow/example_dags/example_branch_python_dop_operator_3.py took 0.100 seconds
[2025-05-15T14:57:01.034-0400] {processor.py:186} INFO - Started process (PID=57449) to work on /home/aangava/MSP/airflow_venv/lib/python3.12/site-packages/airflow/example_dags/example_branch_python_dop_operator_3.py
[2025-05-15T14:57:01.035-0400] {processor.py:914} INFO - Processing file /home/aangava/MSP/airflow_venv/lib/python3.12/site-packages/airflow/example_dags/example_branch_python_dop_operator_3.py for tasks to queue
[2025-05-15T14:57:01.037-0400] {logging_mixin.py:190} INFO - [2025-05-15T14:57:01.037-0400] {dagbag.py:588} INFO - Filling up the DagBag from /home/aangava/MSP/airflow_venv/lib/python3.12/site-packages/airflow/example_dags/example_branch_python_dop_operator_3.py
[2025-05-15T14:57:01.049-0400] {processor.py:925} INFO - DAG(s) 'example_branch_dop_operator_v3' retrieved from /home/aangava/MSP/airflow_venv/lib/python3.12/site-packages/airflow/example_dags/example_branch_python_dop_operator_3.py
[2025-05-15T14:57:01.069-0400] {logging_mixin.py:190} INFO - [2025-05-15T14:57:01.069-0400] {dag.py:3239} INFO - Sync 1 DAGs
[2025-05-15T14:57:01.099-0400] {logging_mixin.py:190} INFO - [2025-05-15T14:57:01.098-0400] {dag.py:4180} INFO - Setting next_dagrun for example_branch_dop_operator_v3 to 2025-05-15 18:56:00+00:00, run_after=2025-05-15 18:57:00+00:00
[2025-05-15T14:57:01.121-0400] {processor.py:208} INFO - Processing /home/aangava/MSP/airflow_venv/lib/python3.12/site-packages/airflow/example_dags/example_branch_python_dop_operator_3.py took 0.096 seconds
[2025-05-15T14:58:08.595-0400] {processor.py:186} INFO - Started process (PID=57733) to work on /home/aangava/MSP/airflow_venv/lib/python3.12/site-packages/airflow/example_dags/example_branch_python_dop_operator_3.py
[2025-05-15T14:58:08.607-0400] {processor.py:914} INFO - Processing file /home/aangava/MSP/airflow_venv/lib/python3.12/site-packages/airflow/example_dags/example_branch_python_dop_operator_3.py for tasks to queue
[2025-05-15T14:58:08.609-0400] {logging_mixin.py:190} INFO - [2025-05-15T14:58:08.609-0400] {dagbag.py:588} INFO - Filling up the DagBag from /home/aangava/MSP/airflow_venv/lib/python3.12/site-packages/airflow/example_dags/example_branch_python_dop_operator_3.py
[2025-05-15T14:58:08.621-0400] {processor.py:925} INFO - DAG(s) 'example_branch_dop_operator_v3' retrieved from /home/aangava/MSP/airflow_venv/lib/python3.12/site-packages/airflow/example_dags/example_branch_python_dop_operator_3.py
[2025-05-15T14:58:08.638-0400] {logging_mixin.py:190} INFO - [2025-05-15T14:58:08.637-0400] {dag.py:3239} INFO - Sync 1 DAGs
[2025-05-15T14:58:08.665-0400] {logging_mixin.py:190} INFO - [2025-05-15T14:58:08.665-0400] {dag.py:4180} INFO - Setting next_dagrun for example_branch_dop_operator_v3 to 2025-05-15 18:57:00+00:00, run_after=2025-05-15 18:58:00+00:00
[2025-05-15T14:58:08.686-0400] {processor.py:208} INFO - Processing /home/aangava/MSP/airflow_venv/lib/python3.12/site-packages/airflow/example_dags/example_branch_python_dop_operator_3.py took 0.099 seconds
[2025-05-15T14:59:15.205-0400] {processor.py:186} INFO - Started process (PID=57987) to work on /home/aangava/MSP/airflow_venv/lib/python3.12/site-packages/airflow/example_dags/example_branch_python_dop_operator_3.py
[2025-05-15T14:59:15.217-0400] {processor.py:914} INFO - Processing file /home/aangava/MSP/airflow_venv/lib/python3.12/site-packages/airflow/example_dags/example_branch_python_dop_operator_3.py for tasks to queue
[2025-05-15T14:59:15.219-0400] {logging_mixin.py:190} INFO - [2025-05-15T14:59:15.219-0400] {dagbag.py:588} INFO - Filling up the DagBag from /home/aangava/MSP/airflow_venv/lib/python3.12/site-packages/airflow/example_dags/example_branch_python_dop_operator_3.py
[2025-05-15T14:59:15.237-0400] {processor.py:925} INFO - DAG(s) 'example_branch_dop_operator_v3' retrieved from /home/aangava/MSP/airflow_venv/lib/python3.12/site-packages/airflow/example_dags/example_branch_python_dop_operator_3.py
[2025-05-15T14:59:15.255-0400] {logging_mixin.py:190} INFO - [2025-05-15T14:59:15.255-0400] {dag.py:3239} INFO - Sync 1 DAGs
[2025-05-15T14:59:15.275-0400] {logging_mixin.py:190} INFO - [2025-05-15T14:59:15.275-0400] {dag.py:4180} INFO - Setting next_dagrun for example_branch_dop_operator_v3 to 2025-05-15 18:58:00+00:00, run_after=2025-05-15 18:59:00+00:00
[2025-05-15T14:59:15.297-0400] {processor.py:208} INFO - Processing /home/aangava/MSP/airflow_venv/lib/python3.12/site-packages/airflow/example_dags/example_branch_python_dop_operator_3.py took 0.101 seconds
[2025-05-15T15:32:07.246-0400] {processor.py:186} INFO - Started process (PID=58275) to work on /home/aangava/MSP/airflow_venv/lib/python3.12/site-packages/airflow/example_dags/example_branch_python_dop_operator_3.py
[2025-05-15T15:32:07.257-0400] {processor.py:914} INFO - Processing file /home/aangava/MSP/airflow_venv/lib/python3.12/site-packages/airflow/example_dags/example_branch_python_dop_operator_3.py for tasks to queue
[2025-05-15T15:32:07.258-0400] {logging_mixin.py:190} INFO - [2025-05-15T15:32:07.258-0400] {dagbag.py:588} INFO - Filling up the DagBag from /home/aangava/MSP/airflow_venv/lib/python3.12/site-packages/airflow/example_dags/example_branch_python_dop_operator_3.py
[2025-05-15T15:32:07.272-0400] {processor.py:925} INFO - DAG(s) 'example_branch_dop_operator_v3' retrieved from /home/aangava/MSP/airflow_venv/lib/python3.12/site-packages/airflow/example_dags/example_branch_python_dop_operator_3.py
[2025-05-15T15:32:07.298-0400] {logging_mixin.py:190} INFO - [2025-05-15T15:32:07.297-0400] {dag.py:3239} INFO - Sync 1 DAGs
[2025-05-15T15:32:07.323-0400] {logging_mixin.py:190} INFO - [2025-05-15T15:32:07.322-0400] {dag.py:4180} INFO - Setting next_dagrun for example_branch_dop_operator_v3 to 2025-05-15 19:31:00+00:00, run_after=2025-05-15 19:32:00+00:00
[2025-05-15T15:32:07.346-0400] {processor.py:208} INFO - Processing /home/aangava/MSP/airflow_venv/lib/python3.12/site-packages/airflow/example_dags/example_branch_python_dop_operator_3.py took 0.108 seconds
