[2025-05-14T23:00:15.141-0400] {processor.py:186} INFO - Started process (PID=45487) to work on /home/aangava/MSP/airflow_venv/lib/python3.12/site-packages/airflow/example_dags/example_bash_operator.py
[2025-05-14T23:00:15.142-0400] {processor.py:914} INFO - Processing file /home/aangava/MSP/airflow_venv/lib/python3.12/site-packages/airflow/example_dags/example_bash_operator.py for tasks to queue
[2025-05-14T23:00:15.143-0400] {logging_mixin.py:190} INFO - [2025-05-14T23:00:15.142-0400] {dagbag.py:588} INFO - Filling up the DagBag from /home/aangava/MSP/airflow_venv/lib/python3.12/site-packages/airflow/example_dags/example_bash_operator.py
[2025-05-14T23:00:15.159-0400] {processor.py:925} INFO - DAG(s) 'example_bash_operator' retrieved from /home/aangava/MSP/airflow_venv/lib/python3.12/site-packages/airflow/example_dags/example_bash_operator.py
[2025-05-14T23:00:15.187-0400] {logging_mixin.py:190} INFO - [2025-05-14T23:00:15.186-0400] {dag.py:3239} INFO - Sync 1 DAGs
[2025-05-14T23:00:15.202-0400] {logging_mixin.py:190} INFO - [2025-05-14T23:00:15.202-0400] {dag.py:4180} INFO - Setting next_dagrun for example_bash_operator to 2025-05-14 00:00:00+00:00, run_after=2025-05-15 00:00:00+00:00
[2025-05-14T23:00:15.219-0400] {processor.py:208} INFO - Processing /home/aangava/MSP/airflow_venv/lib/python3.12/site-packages/airflow/example_dags/example_bash_operator.py took 0.083 seconds
[2025-05-14T23:01:18.945-0400] {processor.py:186} INFO - Started process (PID=45749) to work on /home/aangava/MSP/airflow_venv/lib/python3.12/site-packages/airflow/example_dags/example_bash_operator.py
[2025-05-14T23:01:18.956-0400] {processor.py:914} INFO - Processing file /home/aangava/MSP/airflow_venv/lib/python3.12/site-packages/airflow/example_dags/example_bash_operator.py for tasks to queue
[2025-05-14T23:01:18.959-0400] {logging_mixin.py:190} INFO - [2025-05-14T23:01:18.958-0400] {dagbag.py:588} INFO - Filling up the DagBag from /home/aangava/MSP/airflow_venv/lib/python3.12/site-packages/airflow/example_dags/example_bash_operator.py
[2025-05-14T23:01:18.980-0400] {processor.py:925} INFO - DAG(s) 'example_bash_operator' retrieved from /home/aangava/MSP/airflow_venv/lib/python3.12/site-packages/airflow/example_dags/example_bash_operator.py
[2025-05-14T23:01:19.008-0400] {logging_mixin.py:190} INFO - [2025-05-14T23:01:19.008-0400] {dag.py:3239} INFO - Sync 1 DAGs
[2025-05-14T23:01:19.032-0400] {logging_mixin.py:190} INFO - [2025-05-14T23:01:19.031-0400] {dag.py:4180} INFO - Setting next_dagrun for example_bash_operator to 2025-05-14 00:00:00+00:00, run_after=2025-05-15 00:00:00+00:00
[2025-05-14T23:01:19.057-0400] {processor.py:208} INFO - Processing /home/aangava/MSP/airflow_venv/lib/python3.12/site-packages/airflow/example_dags/example_bash_operator.py took 0.123 seconds
[2025-05-14T23:02:21.048-0400] {processor.py:186} INFO - Started process (PID=45990) to work on /home/aangava/MSP/airflow_venv/lib/python3.12/site-packages/airflow/example_dags/example_bash_operator.py
[2025-05-14T23:02:21.050-0400] {processor.py:914} INFO - Processing file /home/aangava/MSP/airflow_venv/lib/python3.12/site-packages/airflow/example_dags/example_bash_operator.py for tasks to queue
[2025-05-14T23:02:21.053-0400] {logging_mixin.py:190} INFO - [2025-05-14T23:02:21.052-0400] {dagbag.py:588} INFO - Filling up the DagBag from /home/aangava/MSP/airflow_venv/lib/python3.12/site-packages/airflow/example_dags/example_bash_operator.py
[2025-05-14T23:02:21.071-0400] {processor.py:925} INFO - DAG(s) 'example_bash_operator' retrieved from /home/aangava/MSP/airflow_venv/lib/python3.12/site-packages/airflow/example_dags/example_bash_operator.py
[2025-05-14T23:02:21.098-0400] {logging_mixin.py:190} INFO - [2025-05-14T23:02:21.097-0400] {dag.py:3239} INFO - Sync 1 DAGs
[2025-05-14T23:02:21.121-0400] {logging_mixin.py:190} INFO - [2025-05-14T23:02:21.121-0400] {dag.py:4180} INFO - Setting next_dagrun for example_bash_operator to 2025-05-14 00:00:00+00:00, run_after=2025-05-15 00:00:00+00:00
[2025-05-14T23:02:21.145-0400] {processor.py:208} INFO - Processing /home/aangava/MSP/airflow_venv/lib/python3.12/site-packages/airflow/example_dags/example_bash_operator.py took 0.108 seconds
[2025-05-14T23:03:22.628-0400] {processor.py:186} INFO - Started process (PID=46235) to work on /home/aangava/MSP/airflow_venv/lib/python3.12/site-packages/airflow/example_dags/example_bash_operator.py
[2025-05-14T23:03:22.641-0400] {processor.py:914} INFO - Processing file /home/aangava/MSP/airflow_venv/lib/python3.12/site-packages/airflow/example_dags/example_bash_operator.py for tasks to queue
[2025-05-14T23:03:22.644-0400] {logging_mixin.py:190} INFO - [2025-05-14T23:03:22.643-0400] {dagbag.py:588} INFO - Filling up the DagBag from /home/aangava/MSP/airflow_venv/lib/python3.12/site-packages/airflow/example_dags/example_bash_operator.py
[2025-05-14T23:03:22.663-0400] {processor.py:925} INFO - DAG(s) 'example_bash_operator' retrieved from /home/aangava/MSP/airflow_venv/lib/python3.12/site-packages/airflow/example_dags/example_bash_operator.py
[2025-05-14T23:03:22.688-0400] {logging_mixin.py:190} INFO - [2025-05-14T23:03:22.687-0400] {dag.py:3239} INFO - Sync 1 DAGs
[2025-05-14T23:03:22.712-0400] {logging_mixin.py:190} INFO - [2025-05-14T23:03:22.711-0400] {dag.py:4180} INFO - Setting next_dagrun for example_bash_operator to 2025-05-14 00:00:00+00:00, run_after=2025-05-15 00:00:00+00:00
[2025-05-14T23:03:22.737-0400] {processor.py:208} INFO - Processing /home/aangava/MSP/airflow_venv/lib/python3.12/site-packages/airflow/example_dags/example_bash_operator.py took 0.121 seconds
[2025-05-14T23:04:20.495-0400] {processor.py:186} INFO - Started process (PID=46464) to work on /home/aangava/MSP/airflow_venv/lib/python3.12/site-packages/airflow/example_dags/example_bash_operator.py
[2025-05-14T23:04:20.508-0400] {processor.py:914} INFO - Processing file /home/aangava/MSP/airflow_venv/lib/python3.12/site-packages/airflow/example_dags/example_bash_operator.py for tasks to queue
[2025-05-14T23:04:20.515-0400] {logging_mixin.py:190} INFO - [2025-05-14T23:04:20.514-0400] {dagbag.py:588} INFO - Filling up the DagBag from /home/aangava/MSP/airflow_venv/lib/python3.12/site-packages/airflow/example_dags/example_bash_operator.py
[2025-05-14T23:04:20.539-0400] {processor.py:925} INFO - DAG(s) 'example_bash_operator' retrieved from /home/aangava/MSP/airflow_venv/lib/python3.12/site-packages/airflow/example_dags/example_bash_operator.py
[2025-05-14T23:04:20.570-0400] {logging_mixin.py:190} INFO - [2025-05-14T23:04:20.570-0400] {dag.py:3239} INFO - Sync 1 DAGs
[2025-05-14T23:04:20.591-0400] {logging_mixin.py:190} INFO - [2025-05-14T23:04:20.591-0400] {dag.py:4180} INFO - Setting next_dagrun for example_bash_operator to 2025-05-14 00:00:00+00:00, run_after=2025-05-15 00:00:00+00:00
[2025-05-14T23:04:20.620-0400] {processor.py:208} INFO - Processing /home/aangava/MSP/airflow_venv/lib/python3.12/site-packages/airflow/example_dags/example_bash_operator.py took 0.138 seconds
[2025-05-14T23:05:18.122-0400] {processor.py:186} INFO - Started process (PID=46697) to work on /home/aangava/MSP/airflow_venv/lib/python3.12/site-packages/airflow/example_dags/example_bash_operator.py
[2025-05-14T23:05:18.135-0400] {processor.py:914} INFO - Processing file /home/aangava/MSP/airflow_venv/lib/python3.12/site-packages/airflow/example_dags/example_bash_operator.py for tasks to queue
[2025-05-14T23:05:18.139-0400] {logging_mixin.py:190} INFO - [2025-05-14T23:05:18.138-0400] {dagbag.py:588} INFO - Filling up the DagBag from /home/aangava/MSP/airflow_venv/lib/python3.12/site-packages/airflow/example_dags/example_bash_operator.py
[2025-05-14T23:05:18.158-0400] {processor.py:925} INFO - DAG(s) 'example_bash_operator' retrieved from /home/aangava/MSP/airflow_venv/lib/python3.12/site-packages/airflow/example_dags/example_bash_operator.py
[2025-05-14T23:05:18.185-0400] {logging_mixin.py:190} INFO - [2025-05-14T23:05:18.184-0400] {dag.py:3239} INFO - Sync 1 DAGs
[2025-05-14T23:05:18.215-0400] {logging_mixin.py:190} INFO - [2025-05-14T23:05:18.215-0400] {dag.py:4180} INFO - Setting next_dagrun for example_bash_operator to 2025-05-14 00:00:00+00:00, run_after=2025-05-15 00:00:00+00:00
[2025-05-14T23:05:18.242-0400] {processor.py:208} INFO - Processing /home/aangava/MSP/airflow_venv/lib/python3.12/site-packages/airflow/example_dags/example_bash_operator.py took 0.134 seconds
[2025-05-14T23:06:22.081-0400] {processor.py:186} INFO - Started process (PID=46966) to work on /home/aangava/MSP/airflow_venv/lib/python3.12/site-packages/airflow/example_dags/example_bash_operator.py
[2025-05-14T23:06:22.092-0400] {processor.py:914} INFO - Processing file /home/aangava/MSP/airflow_venv/lib/python3.12/site-packages/airflow/example_dags/example_bash_operator.py for tasks to queue
[2025-05-14T23:06:22.095-0400] {logging_mixin.py:190} INFO - [2025-05-14T23:06:22.094-0400] {dagbag.py:588} INFO - Filling up the DagBag from /home/aangava/MSP/airflow_venv/lib/python3.12/site-packages/airflow/example_dags/example_bash_operator.py
[2025-05-14T23:06:22.113-0400] {processor.py:925} INFO - DAG(s) 'example_bash_operator' retrieved from /home/aangava/MSP/airflow_venv/lib/python3.12/site-packages/airflow/example_dags/example_bash_operator.py
[2025-05-14T23:06:22.135-0400] {logging_mixin.py:190} INFO - [2025-05-14T23:06:22.134-0400] {dag.py:3239} INFO - Sync 1 DAGs
[2025-05-14T23:06:22.159-0400] {logging_mixin.py:190} INFO - [2025-05-14T23:06:22.159-0400] {dag.py:4180} INFO - Setting next_dagrun for example_bash_operator to 2025-05-14 00:00:00+00:00, run_after=2025-05-15 00:00:00+00:00
[2025-05-14T23:06:22.184-0400] {processor.py:208} INFO - Processing /home/aangava/MSP/airflow_venv/lib/python3.12/site-packages/airflow/example_dags/example_bash_operator.py took 0.110 seconds
[2025-05-14T23:07:21.255-0400] {processor.py:186} INFO - Started process (PID=47205) to work on /home/aangava/MSP/airflow_venv/lib/python3.12/site-packages/airflow/example_dags/example_bash_operator.py
[2025-05-14T23:07:21.268-0400] {processor.py:914} INFO - Processing file /home/aangava/MSP/airflow_venv/lib/python3.12/site-packages/airflow/example_dags/example_bash_operator.py for tasks to queue
[2025-05-14T23:07:21.271-0400] {logging_mixin.py:190} INFO - [2025-05-14T23:07:21.270-0400] {dagbag.py:588} INFO - Filling up the DagBag from /home/aangava/MSP/airflow_venv/lib/python3.12/site-packages/airflow/example_dags/example_bash_operator.py
[2025-05-14T23:07:21.291-0400] {processor.py:925} INFO - DAG(s) 'example_bash_operator' retrieved from /home/aangava/MSP/airflow_venv/lib/python3.12/site-packages/airflow/example_dags/example_bash_operator.py
[2025-05-14T23:07:21.323-0400] {logging_mixin.py:190} INFO - [2025-05-14T23:07:21.322-0400] {dag.py:3239} INFO - Sync 1 DAGs
[2025-05-14T23:07:21.349-0400] {logging_mixin.py:190} INFO - [2025-05-14T23:07:21.348-0400] {dag.py:4180} INFO - Setting next_dagrun for example_bash_operator to 2025-05-14 00:00:00+00:00, run_after=2025-05-15 00:00:00+00:00
[2025-05-14T23:07:21.375-0400] {processor.py:208} INFO - Processing /home/aangava/MSP/airflow_venv/lib/python3.12/site-packages/airflow/example_dags/example_bash_operator.py took 0.137 seconds
[2025-05-14T23:08:26.126-0400] {processor.py:186} INFO - Started process (PID=47458) to work on /home/aangava/MSP/airflow_venv/lib/python3.12/site-packages/airflow/example_dags/example_bash_operator.py
[2025-05-14T23:08:26.137-0400] {processor.py:914} INFO - Processing file /home/aangava/MSP/airflow_venv/lib/python3.12/site-packages/airflow/example_dags/example_bash_operator.py for tasks to queue
[2025-05-14T23:08:26.140-0400] {logging_mixin.py:190} INFO - [2025-05-14T23:08:26.140-0400] {dagbag.py:588} INFO - Filling up the DagBag from /home/aangava/MSP/airflow_venv/lib/python3.12/site-packages/airflow/example_dags/example_bash_operator.py
[2025-05-14T23:08:26.163-0400] {processor.py:925} INFO - DAG(s) 'example_bash_operator' retrieved from /home/aangava/MSP/airflow_venv/lib/python3.12/site-packages/airflow/example_dags/example_bash_operator.py
[2025-05-14T23:08:26.198-0400] {logging_mixin.py:190} INFO - [2025-05-14T23:08:26.198-0400] {dag.py:3239} INFO - Sync 1 DAGs
[2025-05-14T23:08:26.223-0400] {logging_mixin.py:190} INFO - [2025-05-14T23:08:26.223-0400] {dag.py:4180} INFO - Setting next_dagrun for example_bash_operator to 2025-05-14 00:00:00+00:00, run_after=2025-05-15 00:00:00+00:00
[2025-05-14T23:08:26.251-0400] {processor.py:208} INFO - Processing /home/aangava/MSP/airflow_venv/lib/python3.12/site-packages/airflow/example_dags/example_bash_operator.py took 0.138 seconds
[2025-05-14T23:09:28.044-0400] {processor.py:186} INFO - Started process (PID=47702) to work on /home/aangava/MSP/airflow_venv/lib/python3.12/site-packages/airflow/example_dags/example_bash_operator.py
[2025-05-14T23:09:28.056-0400] {processor.py:914} INFO - Processing file /home/aangava/MSP/airflow_venv/lib/python3.12/site-packages/airflow/example_dags/example_bash_operator.py for tasks to queue
[2025-05-14T23:09:28.057-0400] {logging_mixin.py:190} INFO - [2025-05-14T23:09:28.057-0400] {dagbag.py:588} INFO - Filling up the DagBag from /home/aangava/MSP/airflow_venv/lib/python3.12/site-packages/airflow/example_dags/example_bash_operator.py
[2025-05-14T23:09:28.075-0400] {processor.py:925} INFO - DAG(s) 'example_bash_operator' retrieved from /home/aangava/MSP/airflow_venv/lib/python3.12/site-packages/airflow/example_dags/example_bash_operator.py
[2025-05-14T23:09:28.097-0400] {logging_mixin.py:190} INFO - [2025-05-14T23:09:28.096-0400] {dag.py:3239} INFO - Sync 1 DAGs
[2025-05-14T23:09:28.115-0400] {logging_mixin.py:190} INFO - [2025-05-14T23:09:28.115-0400] {dag.py:4180} INFO - Setting next_dagrun for example_bash_operator to 2025-05-14 00:00:00+00:00, run_after=2025-05-15 00:00:00+00:00
[2025-05-14T23:09:28.138-0400] {processor.py:208} INFO - Processing /home/aangava/MSP/airflow_venv/lib/python3.12/site-packages/airflow/example_dags/example_bash_operator.py took 0.102 seconds
[2025-05-14T23:10:32.538-0400] {processor.py:186} INFO - Started process (PID=47961) to work on /home/aangava/MSP/airflow_venv/lib/python3.12/site-packages/airflow/example_dags/example_bash_operator.py
[2025-05-14T23:10:32.550-0400] {processor.py:914} INFO - Processing file /home/aangava/MSP/airflow_venv/lib/python3.12/site-packages/airflow/example_dags/example_bash_operator.py for tasks to queue
[2025-05-14T23:10:32.553-0400] {logging_mixin.py:190} INFO - [2025-05-14T23:10:32.552-0400] {dagbag.py:588} INFO - Filling up the DagBag from /home/aangava/MSP/airflow_venv/lib/python3.12/site-packages/airflow/example_dags/example_bash_operator.py
[2025-05-14T23:10:32.574-0400] {processor.py:925} INFO - DAG(s) 'example_bash_operator' retrieved from /home/aangava/MSP/airflow_venv/lib/python3.12/site-packages/airflow/example_dags/example_bash_operator.py
[2025-05-14T23:10:32.605-0400] {logging_mixin.py:190} INFO - [2025-05-14T23:10:32.604-0400] {dag.py:3239} INFO - Sync 1 DAGs
[2025-05-14T23:10:32.626-0400] {logging_mixin.py:190} INFO - [2025-05-14T23:10:32.626-0400] {dag.py:4180} INFO - Setting next_dagrun for example_bash_operator to 2025-05-14 00:00:00+00:00, run_after=2025-05-15 00:00:00+00:00
[2025-05-14T23:10:32.652-0400] {processor.py:208} INFO - Processing /home/aangava/MSP/airflow_venv/lib/python3.12/site-packages/airflow/example_dags/example_bash_operator.py took 0.124 seconds
[2025-05-14T23:11:33.255-0400] {processor.py:186} INFO - Started process (PID=48218) to work on /home/aangava/MSP/airflow_venv/lib/python3.12/site-packages/airflow/example_dags/example_bash_operator.py
[2025-05-14T23:11:33.267-0400] {processor.py:914} INFO - Processing file /home/aangava/MSP/airflow_venv/lib/python3.12/site-packages/airflow/example_dags/example_bash_operator.py for tasks to queue
[2025-05-14T23:11:33.271-0400] {logging_mixin.py:190} INFO - [2025-05-14T23:11:33.270-0400] {dagbag.py:588} INFO - Filling up the DagBag from /home/aangava/MSP/airflow_venv/lib/python3.12/site-packages/airflow/example_dags/example_bash_operator.py
[2025-05-14T23:11:33.292-0400] {processor.py:925} INFO - DAG(s) 'example_bash_operator' retrieved from /home/aangava/MSP/airflow_venv/lib/python3.12/site-packages/airflow/example_dags/example_bash_operator.py
[2025-05-14T23:11:33.322-0400] {logging_mixin.py:190} INFO - [2025-05-14T23:11:33.322-0400] {dag.py:3239} INFO - Sync 1 DAGs
[2025-05-14T23:11:33.343-0400] {logging_mixin.py:190} INFO - [2025-05-14T23:11:33.343-0400] {dag.py:4180} INFO - Setting next_dagrun for example_bash_operator to 2025-05-14 00:00:00+00:00, run_after=2025-05-15 00:00:00+00:00
[2025-05-14T23:11:33.370-0400] {processor.py:208} INFO - Processing /home/aangava/MSP/airflow_venv/lib/python3.12/site-packages/airflow/example_dags/example_bash_operator.py took 0.127 seconds
[2025-05-14T23:12:41.243-0400] {processor.py:186} INFO - Started process (PID=48480) to work on /home/aangava/MSP/airflow_venv/lib/python3.12/site-packages/airflow/example_dags/example_bash_operator.py
[2025-05-14T23:12:41.255-0400] {processor.py:914} INFO - Processing file /home/aangava/MSP/airflow_venv/lib/python3.12/site-packages/airflow/example_dags/example_bash_operator.py for tasks to queue
[2025-05-14T23:12:41.256-0400] {logging_mixin.py:190} INFO - [2025-05-14T23:12:41.256-0400] {dagbag.py:588} INFO - Filling up the DagBag from /home/aangava/MSP/airflow_venv/lib/python3.12/site-packages/airflow/example_dags/example_bash_operator.py
[2025-05-14T23:12:41.270-0400] {processor.py:925} INFO - DAG(s) 'example_bash_operator' retrieved from /home/aangava/MSP/airflow_venv/lib/python3.12/site-packages/airflow/example_dags/example_bash_operator.py
[2025-05-14T23:12:41.292-0400] {logging_mixin.py:190} INFO - [2025-05-14T23:12:41.292-0400] {dag.py:3239} INFO - Sync 1 DAGs
[2025-05-14T23:12:41.316-0400] {logging_mixin.py:190} INFO - [2025-05-14T23:12:41.316-0400] {dag.py:4180} INFO - Setting next_dagrun for example_bash_operator to 2025-05-14 00:00:00+00:00, run_after=2025-05-15 00:00:00+00:00
[2025-05-14T23:12:41.343-0400] {processor.py:208} INFO - Processing /home/aangava/MSP/airflow_venv/lib/python3.12/site-packages/airflow/example_dags/example_bash_operator.py took 0.108 seconds
[2025-05-14T23:13:39.901-0400] {processor.py:186} INFO - Started process (PID=48716) to work on /home/aangava/MSP/airflow_venv/lib/python3.12/site-packages/airflow/example_dags/example_bash_operator.py
[2025-05-14T23:13:39.912-0400] {processor.py:914} INFO - Processing file /home/aangava/MSP/airflow_venv/lib/python3.12/site-packages/airflow/example_dags/example_bash_operator.py for tasks to queue
[2025-05-14T23:13:39.915-0400] {logging_mixin.py:190} INFO - [2025-05-14T23:13:39.914-0400] {dagbag.py:588} INFO - Filling up the DagBag from /home/aangava/MSP/airflow_venv/lib/python3.12/site-packages/airflow/example_dags/example_bash_operator.py
[2025-05-14T23:13:39.932-0400] {processor.py:925} INFO - DAG(s) 'example_bash_operator' retrieved from /home/aangava/MSP/airflow_venv/lib/python3.12/site-packages/airflow/example_dags/example_bash_operator.py
[2025-05-14T23:13:39.954-0400] {logging_mixin.py:190} INFO - [2025-05-14T23:13:39.953-0400] {dag.py:3239} INFO - Sync 1 DAGs
[2025-05-14T23:13:39.971-0400] {logging_mixin.py:190} INFO - [2025-05-14T23:13:39.971-0400] {dag.py:4180} INFO - Setting next_dagrun for example_bash_operator to 2025-05-14 00:00:00+00:00, run_after=2025-05-15 00:00:00+00:00
[2025-05-14T23:13:39.994-0400] {processor.py:208} INFO - Processing /home/aangava/MSP/airflow_venv/lib/python3.12/site-packages/airflow/example_dags/example_bash_operator.py took 0.104 seconds
[2025-05-14T23:14:43.428-0400] {processor.py:186} INFO - Started process (PID=48964) to work on /home/aangava/MSP/airflow_venv/lib/python3.12/site-packages/airflow/example_dags/example_bash_operator.py
[2025-05-14T23:14:43.440-0400] {processor.py:914} INFO - Processing file /home/aangava/MSP/airflow_venv/lib/python3.12/site-packages/airflow/example_dags/example_bash_operator.py for tasks to queue
[2025-05-14T23:14:43.442-0400] {logging_mixin.py:190} INFO - [2025-05-14T23:14:43.441-0400] {dagbag.py:588} INFO - Filling up the DagBag from /home/aangava/MSP/airflow_venv/lib/python3.12/site-packages/airflow/example_dags/example_bash_operator.py
[2025-05-14T23:14:43.457-0400] {processor.py:925} INFO - DAG(s) 'example_bash_operator' retrieved from /home/aangava/MSP/airflow_venv/lib/python3.12/site-packages/airflow/example_dags/example_bash_operator.py
[2025-05-14T23:14:43.484-0400] {logging_mixin.py:190} INFO - [2025-05-14T23:14:43.483-0400] {dag.py:3239} INFO - Sync 1 DAGs
[2025-05-14T23:14:43.505-0400] {logging_mixin.py:190} INFO - [2025-05-14T23:14:43.505-0400] {dag.py:4180} INFO - Setting next_dagrun for example_bash_operator to 2025-05-14 00:00:00+00:00, run_after=2025-05-15 00:00:00+00:00
[2025-05-14T23:14:43.533-0400] {processor.py:208} INFO - Processing /home/aangava/MSP/airflow_venv/lib/python3.12/site-packages/airflow/example_dags/example_bash_operator.py took 0.115 seconds
[2025-05-14T23:15:45.878-0400] {processor.py:186} INFO - Started process (PID=49222) to work on /home/aangava/MSP/airflow_venv/lib/python3.12/site-packages/airflow/example_dags/example_bash_operator.py
[2025-05-14T23:15:45.881-0400] {processor.py:914} INFO - Processing file /home/aangava/MSP/airflow_venv/lib/python3.12/site-packages/airflow/example_dags/example_bash_operator.py for tasks to queue
[2025-05-14T23:15:45.883-0400] {logging_mixin.py:190} INFO - [2025-05-14T23:15:45.882-0400] {dagbag.py:588} INFO - Filling up the DagBag from /home/aangava/MSP/airflow_venv/lib/python3.12/site-packages/airflow/example_dags/example_bash_operator.py
[2025-05-14T23:15:45.900-0400] {processor.py:925} INFO - DAG(s) 'example_bash_operator' retrieved from /home/aangava/MSP/airflow_venv/lib/python3.12/site-packages/airflow/example_dags/example_bash_operator.py
[2025-05-14T23:15:45.924-0400] {logging_mixin.py:190} INFO - [2025-05-14T23:15:45.924-0400] {dag.py:3239} INFO - Sync 1 DAGs
[2025-05-14T23:15:45.943-0400] {logging_mixin.py:190} INFO - [2025-05-14T23:15:45.943-0400] {dag.py:4180} INFO - Setting next_dagrun for example_bash_operator to 2025-05-14 00:00:00+00:00, run_after=2025-05-15 00:00:00+00:00
[2025-05-14T23:15:45.967-0400] {processor.py:208} INFO - Processing /home/aangava/MSP/airflow_venv/lib/python3.12/site-packages/airflow/example_dags/example_bash_operator.py took 0.099 seconds
[2025-05-14T23:16:49.865-0400] {processor.py:186} INFO - Started process (PID=49475) to work on /home/aangava/MSP/airflow_venv/lib/python3.12/site-packages/airflow/example_dags/example_bash_operator.py
[2025-05-14T23:16:49.866-0400] {processor.py:914} INFO - Processing file /home/aangava/MSP/airflow_venv/lib/python3.12/site-packages/airflow/example_dags/example_bash_operator.py for tasks to queue
[2025-05-14T23:16:49.867-0400] {logging_mixin.py:190} INFO - [2025-05-14T23:16:49.867-0400] {dagbag.py:588} INFO - Filling up the DagBag from /home/aangava/MSP/airflow_venv/lib/python3.12/site-packages/airflow/example_dags/example_bash_operator.py
[2025-05-14T23:16:49.875-0400] {processor.py:925} INFO - DAG(s) 'example_bash_operator' retrieved from /home/aangava/MSP/airflow_venv/lib/python3.12/site-packages/airflow/example_dags/example_bash_operator.py
[2025-05-14T23:16:49.887-0400] {logging_mixin.py:190} INFO - [2025-05-14T23:16:49.887-0400] {dag.py:3239} INFO - Sync 1 DAGs
[2025-05-14T23:16:49.898-0400] {logging_mixin.py:190} INFO - [2025-05-14T23:16:49.898-0400] {dag.py:4180} INFO - Setting next_dagrun for example_bash_operator to 2025-05-14 00:00:00+00:00, run_after=2025-05-15 00:00:00+00:00
[2025-05-14T23:16:49.913-0400] {processor.py:208} INFO - Processing /home/aangava/MSP/airflow_venv/lib/python3.12/site-packages/airflow/example_dags/example_bash_operator.py took 0.051 seconds
[2025-05-14T23:17:48.910-0400] {processor.py:186} INFO - Started process (PID=49715) to work on /home/aangava/MSP/airflow_venv/lib/python3.12/site-packages/airflow/example_dags/example_bash_operator.py
[2025-05-14T23:17:48.923-0400] {processor.py:914} INFO - Processing file /home/aangava/MSP/airflow_venv/lib/python3.12/site-packages/airflow/example_dags/example_bash_operator.py for tasks to queue
[2025-05-14T23:17:48.926-0400] {logging_mixin.py:190} INFO - [2025-05-14T23:17:48.925-0400] {dagbag.py:588} INFO - Filling up the DagBag from /home/aangava/MSP/airflow_venv/lib/python3.12/site-packages/airflow/example_dags/example_bash_operator.py
[2025-05-14T23:17:48.946-0400] {processor.py:925} INFO - DAG(s) 'example_bash_operator' retrieved from /home/aangava/MSP/airflow_venv/lib/python3.12/site-packages/airflow/example_dags/example_bash_operator.py
[2025-05-14T23:17:48.971-0400] {logging_mixin.py:190} INFO - [2025-05-14T23:17:48.971-0400] {dag.py:3239} INFO - Sync 1 DAGs
[2025-05-14T23:17:48.990-0400] {logging_mixin.py:190} INFO - [2025-05-14T23:17:48.989-0400] {dag.py:4180} INFO - Setting next_dagrun for example_bash_operator to 2025-05-14 00:00:00+00:00, run_after=2025-05-15 00:00:00+00:00
[2025-05-14T23:17:49.013-0400] {processor.py:208} INFO - Processing /home/aangava/MSP/airflow_venv/lib/python3.12/site-packages/airflow/example_dags/example_bash_operator.py took 0.112 seconds
[2025-05-14T23:18:47.737-0400] {processor.py:186} INFO - Started process (PID=49954) to work on /home/aangava/MSP/airflow_venv/lib/python3.12/site-packages/airflow/example_dags/example_bash_operator.py
[2025-05-14T23:18:47.750-0400] {processor.py:914} INFO - Processing file /home/aangava/MSP/airflow_venv/lib/python3.12/site-packages/airflow/example_dags/example_bash_operator.py for tasks to queue
[2025-05-14T23:18:47.754-0400] {logging_mixin.py:190} INFO - [2025-05-14T23:18:47.753-0400] {dagbag.py:588} INFO - Filling up the DagBag from /home/aangava/MSP/airflow_venv/lib/python3.12/site-packages/airflow/example_dags/example_bash_operator.py
[2025-05-14T23:18:47.777-0400] {processor.py:925} INFO - DAG(s) 'example_bash_operator' retrieved from /home/aangava/MSP/airflow_venv/lib/python3.12/site-packages/airflow/example_dags/example_bash_operator.py
[2025-05-14T23:18:47.804-0400] {logging_mixin.py:190} INFO - [2025-05-14T23:18:47.804-0400] {dag.py:3239} INFO - Sync 1 DAGs
[2025-05-14T23:18:47.829-0400] {logging_mixin.py:190} INFO - [2025-05-14T23:18:47.829-0400] {dag.py:4180} INFO - Setting next_dagrun for example_bash_operator to 2025-05-14 00:00:00+00:00, run_after=2025-05-15 00:00:00+00:00
[2025-05-14T23:18:47.854-0400] {processor.py:208} INFO - Processing /home/aangava/MSP/airflow_venv/lib/python3.12/site-packages/airflow/example_dags/example_bash_operator.py took 0.129 seconds
[2025-05-14T23:19:50.554-0400] {processor.py:186} INFO - Started process (PID=50198) to work on /home/aangava/MSP/airflow_venv/lib/python3.12/site-packages/airflow/example_dags/example_bash_operator.py
[2025-05-14T23:19:50.556-0400] {processor.py:914} INFO - Processing file /home/aangava/MSP/airflow_venv/lib/python3.12/site-packages/airflow/example_dags/example_bash_operator.py for tasks to queue
[2025-05-14T23:19:50.559-0400] {logging_mixin.py:190} INFO - [2025-05-14T23:19:50.557-0400] {dagbag.py:588} INFO - Filling up the DagBag from /home/aangava/MSP/airflow_venv/lib/python3.12/site-packages/airflow/example_dags/example_bash_operator.py
[2025-05-14T23:19:50.576-0400] {processor.py:925} INFO - DAG(s) 'example_bash_operator' retrieved from /home/aangava/MSP/airflow_venv/lib/python3.12/site-packages/airflow/example_dags/example_bash_operator.py
[2025-05-14T23:19:50.606-0400] {logging_mixin.py:190} INFO - [2025-05-14T23:19:50.605-0400] {dag.py:3239} INFO - Sync 1 DAGs
[2025-05-14T23:19:50.627-0400] {logging_mixin.py:190} INFO - [2025-05-14T23:19:50.626-0400] {dag.py:4180} INFO - Setting next_dagrun for example_bash_operator to 2025-05-14 00:00:00+00:00, run_after=2025-05-15 00:00:00+00:00
[2025-05-14T23:19:50.656-0400] {processor.py:208} INFO - Processing /home/aangava/MSP/airflow_venv/lib/python3.12/site-packages/airflow/example_dags/example_bash_operator.py took 0.111 seconds
[2025-05-14T23:20:56.479-0400] {processor.py:186} INFO - Started process (PID=50467) to work on /home/aangava/MSP/airflow_venv/lib/python3.12/site-packages/airflow/example_dags/example_bash_operator.py
[2025-05-14T23:20:56.492-0400] {processor.py:914} INFO - Processing file /home/aangava/MSP/airflow_venv/lib/python3.12/site-packages/airflow/example_dags/example_bash_operator.py for tasks to queue
[2025-05-14T23:20:56.495-0400] {logging_mixin.py:190} INFO - [2025-05-14T23:20:56.494-0400] {dagbag.py:588} INFO - Filling up the DagBag from /home/aangava/MSP/airflow_venv/lib/python3.12/site-packages/airflow/example_dags/example_bash_operator.py
[2025-05-14T23:20:56.513-0400] {processor.py:925} INFO - DAG(s) 'example_bash_operator' retrieved from /home/aangava/MSP/airflow_venv/lib/python3.12/site-packages/airflow/example_dags/example_bash_operator.py
[2025-05-14T23:20:56.538-0400] {logging_mixin.py:190} INFO - [2025-05-14T23:20:56.537-0400] {dag.py:3239} INFO - Sync 1 DAGs
[2025-05-14T23:20:56.555-0400] {logging_mixin.py:190} INFO - [2025-05-14T23:20:56.555-0400] {dag.py:4180} INFO - Setting next_dagrun for example_bash_operator to 2025-05-14 00:00:00+00:00, run_after=2025-05-15 00:00:00+00:00
[2025-05-14T23:20:56.583-0400] {processor.py:208} INFO - Processing /home/aangava/MSP/airflow_venv/lib/python3.12/site-packages/airflow/example_dags/example_bash_operator.py took 0.112 seconds
[2025-05-14T23:21:59.416-0400] {processor.py:186} INFO - Started process (PID=50716) to work on /home/aangava/MSP/airflow_venv/lib/python3.12/site-packages/airflow/example_dags/example_bash_operator.py
[2025-05-14T23:21:59.428-0400] {processor.py:914} INFO - Processing file /home/aangava/MSP/airflow_venv/lib/python3.12/site-packages/airflow/example_dags/example_bash_operator.py for tasks to queue
[2025-05-14T23:21:59.432-0400] {logging_mixin.py:190} INFO - [2025-05-14T23:21:59.431-0400] {dagbag.py:588} INFO - Filling up the DagBag from /home/aangava/MSP/airflow_venv/lib/python3.12/site-packages/airflow/example_dags/example_bash_operator.py
[2025-05-14T23:21:59.449-0400] {processor.py:925} INFO - DAG(s) 'example_bash_operator' retrieved from /home/aangava/MSP/airflow_venv/lib/python3.12/site-packages/airflow/example_dags/example_bash_operator.py
[2025-05-14T23:21:59.474-0400] {logging_mixin.py:190} INFO - [2025-05-14T23:21:59.474-0400] {dag.py:3239} INFO - Sync 1 DAGs
[2025-05-14T23:21:59.494-0400] {logging_mixin.py:190} INFO - [2025-05-14T23:21:59.494-0400] {dag.py:4180} INFO - Setting next_dagrun for example_bash_operator to 2025-05-14 00:00:00+00:00, run_after=2025-05-15 00:00:00+00:00
[2025-05-14T23:21:59.517-0400] {processor.py:208} INFO - Processing /home/aangava/MSP/airflow_venv/lib/python3.12/site-packages/airflow/example_dags/example_bash_operator.py took 0.112 seconds
[2025-05-14T23:24:40.470-0400] {processor.py:186} INFO - Started process (PID=51036) to work on /home/aangava/MSP/airflow_venv/lib/python3.12/site-packages/airflow/example_dags/example_bash_operator.py
[2025-05-14T23:24:40.480-0400] {processor.py:914} INFO - Processing file /home/aangava/MSP/airflow_venv/lib/python3.12/site-packages/airflow/example_dags/example_bash_operator.py for tasks to queue
[2025-05-14T23:24:40.482-0400] {logging_mixin.py:190} INFO - [2025-05-14T23:24:40.481-0400] {dagbag.py:588} INFO - Filling up the DagBag from /home/aangava/MSP/airflow_venv/lib/python3.12/site-packages/airflow/example_dags/example_bash_operator.py
[2025-05-14T23:24:40.494-0400] {processor.py:925} INFO - DAG(s) 'example_bash_operator' retrieved from /home/aangava/MSP/airflow_venv/lib/python3.12/site-packages/airflow/example_dags/example_bash_operator.py
[2025-05-14T23:24:40.521-0400] {logging_mixin.py:190} INFO - [2025-05-14T23:24:40.521-0400] {dag.py:3239} INFO - Sync 1 DAGs
[2025-05-14T23:24:40.539-0400] {logging_mixin.py:190} INFO - [2025-05-14T23:24:40.538-0400] {dag.py:4180} INFO - Setting next_dagrun for example_bash_operator to 2025-05-14 00:00:00+00:00, run_after=2025-05-15 00:00:00+00:00
[2025-05-14T23:24:40.569-0400] {processor.py:208} INFO - Processing /home/aangava/MSP/airflow_venv/lib/python3.12/site-packages/airflow/example_dags/example_bash_operator.py took 0.110 seconds
[2025-05-14T23:25:44.511-0400] {processor.py:186} INFO - Started process (PID=51288) to work on /home/aangava/MSP/airflow_venv/lib/python3.12/site-packages/airflow/example_dags/example_bash_operator.py
[2025-05-14T23:25:44.524-0400] {processor.py:914} INFO - Processing file /home/aangava/MSP/airflow_venv/lib/python3.12/site-packages/airflow/example_dags/example_bash_operator.py for tasks to queue
[2025-05-14T23:25:44.527-0400] {logging_mixin.py:190} INFO - [2025-05-14T23:25:44.526-0400] {dagbag.py:588} INFO - Filling up the DagBag from /home/aangava/MSP/airflow_venv/lib/python3.12/site-packages/airflow/example_dags/example_bash_operator.py
[2025-05-14T23:25:44.545-0400] {processor.py:925} INFO - DAG(s) 'example_bash_operator' retrieved from /home/aangava/MSP/airflow_venv/lib/python3.12/site-packages/airflow/example_dags/example_bash_operator.py
[2025-05-14T23:25:44.568-0400] {logging_mixin.py:190} INFO - [2025-05-14T23:25:44.568-0400] {dag.py:3239} INFO - Sync 1 DAGs
[2025-05-14T23:25:44.588-0400] {logging_mixin.py:190} INFO - [2025-05-14T23:25:44.588-0400] {dag.py:4180} INFO - Setting next_dagrun for example_bash_operator to 2025-05-14 00:00:00+00:00, run_after=2025-05-15 00:00:00+00:00
[2025-05-14T23:25:44.611-0400] {processor.py:208} INFO - Processing /home/aangava/MSP/airflow_venv/lib/python3.12/site-packages/airflow/example_dags/example_bash_operator.py took 0.111 seconds
[2025-05-14T23:26:48.690-0400] {processor.py:186} INFO - Started process (PID=51536) to work on /home/aangava/MSP/airflow_venv/lib/python3.12/site-packages/airflow/example_dags/example_bash_operator.py
[2025-05-14T23:26:48.702-0400] {processor.py:914} INFO - Processing file /home/aangava/MSP/airflow_venv/lib/python3.12/site-packages/airflow/example_dags/example_bash_operator.py for tasks to queue
[2025-05-14T23:26:48.705-0400] {logging_mixin.py:190} INFO - [2025-05-14T23:26:48.704-0400] {dagbag.py:588} INFO - Filling up the DagBag from /home/aangava/MSP/airflow_venv/lib/python3.12/site-packages/airflow/example_dags/example_bash_operator.py
[2025-05-14T23:26:48.723-0400] {processor.py:925} INFO - DAG(s) 'example_bash_operator' retrieved from /home/aangava/MSP/airflow_venv/lib/python3.12/site-packages/airflow/example_dags/example_bash_operator.py
[2025-05-14T23:26:48.745-0400] {logging_mixin.py:190} INFO - [2025-05-14T23:26:48.745-0400] {dag.py:3239} INFO - Sync 1 DAGs
[2025-05-14T23:26:48.764-0400] {logging_mixin.py:190} INFO - [2025-05-14T23:26:48.764-0400] {dag.py:4180} INFO - Setting next_dagrun for example_bash_operator to 2025-05-14 00:00:00+00:00, run_after=2025-05-15 00:00:00+00:00
[2025-05-14T23:26:48.787-0400] {processor.py:208} INFO - Processing /home/aangava/MSP/airflow_venv/lib/python3.12/site-packages/airflow/example_dags/example_bash_operator.py took 0.107 seconds
[2025-05-14T23:28:51.833-0400] {processor.py:186} INFO - Started process (PID=51935) to work on /home/aangava/MSP/airflow_venv/lib/python3.12/site-packages/airflow/example_dags/example_bash_operator.py
[2025-05-14T23:28:51.844-0400] {processor.py:914} INFO - Processing file /home/aangava/MSP/airflow_venv/lib/python3.12/site-packages/airflow/example_dags/example_bash_operator.py for tasks to queue
[2025-05-14T23:28:51.847-0400] {logging_mixin.py:190} INFO - [2025-05-14T23:28:51.846-0400] {dagbag.py:588} INFO - Filling up the DagBag from /home/aangava/MSP/airflow_venv/lib/python3.12/site-packages/airflow/example_dags/example_bash_operator.py
[2025-05-14T23:28:51.865-0400] {processor.py:925} INFO - DAG(s) 'example_bash_operator' retrieved from /home/aangava/MSP/airflow_venv/lib/python3.12/site-packages/airflow/example_dags/example_bash_operator.py
[2025-05-14T23:28:51.886-0400] {logging_mixin.py:190} INFO - [2025-05-14T23:28:51.886-0400] {dag.py:3239} INFO - Sync 1 DAGs
[2025-05-14T23:28:51.907-0400] {logging_mixin.py:190} INFO - [2025-05-14T23:28:51.906-0400] {dag.py:4180} INFO - Setting next_dagrun for example_bash_operator to 2025-05-14 00:00:00+00:00, run_after=2025-05-15 00:00:00+00:00
[2025-05-14T23:28:51.932-0400] {processor.py:208} INFO - Processing /home/aangava/MSP/airflow_venv/lib/python3.12/site-packages/airflow/example_dags/example_bash_operator.py took 0.109 seconds
[2025-05-14T23:29:59.626-0400] {processor.py:186} INFO - Started process (PID=52201) to work on /home/aangava/MSP/airflow_venv/lib/python3.12/site-packages/airflow/example_dags/example_bash_operator.py
[2025-05-14T23:29:59.638-0400] {processor.py:914} INFO - Processing file /home/aangava/MSP/airflow_venv/lib/python3.12/site-packages/airflow/example_dags/example_bash_operator.py for tasks to queue
[2025-05-14T23:29:59.640-0400] {logging_mixin.py:190} INFO - [2025-05-14T23:29:59.639-0400] {dagbag.py:588} INFO - Filling up the DagBag from /home/aangava/MSP/airflow_venv/lib/python3.12/site-packages/airflow/example_dags/example_bash_operator.py
[2025-05-14T23:29:59.653-0400] {processor.py:925} INFO - DAG(s) 'example_bash_operator' retrieved from /home/aangava/MSP/airflow_venv/lib/python3.12/site-packages/airflow/example_dags/example_bash_operator.py
[2025-05-14T23:29:59.676-0400] {logging_mixin.py:190} INFO - [2025-05-14T23:29:59.675-0400] {dag.py:3239} INFO - Sync 1 DAGs
[2025-05-14T23:29:59.695-0400] {logging_mixin.py:190} INFO - [2025-05-14T23:29:59.694-0400] {dag.py:4180} INFO - Setting next_dagrun for example_bash_operator to 2025-05-14 00:00:00+00:00, run_after=2025-05-15 00:00:00+00:00
[2025-05-14T23:29:59.717-0400] {processor.py:208} INFO - Processing /home/aangava/MSP/airflow_venv/lib/python3.12/site-packages/airflow/example_dags/example_bash_operator.py took 0.097 seconds
[2025-05-14T23:31:04.101-0400] {processor.py:186} INFO - Started process (PID=52454) to work on /home/aangava/MSP/airflow_venv/lib/python3.12/site-packages/airflow/example_dags/example_bash_operator.py
[2025-05-14T23:31:04.103-0400] {processor.py:914} INFO - Processing file /home/aangava/MSP/airflow_venv/lib/python3.12/site-packages/airflow/example_dags/example_bash_operator.py for tasks to queue
[2025-05-14T23:31:04.104-0400] {logging_mixin.py:190} INFO - [2025-05-14T23:31:04.104-0400] {dagbag.py:588} INFO - Filling up the DagBag from /home/aangava/MSP/airflow_venv/lib/python3.12/site-packages/airflow/example_dags/example_bash_operator.py
[2025-05-14T23:31:04.127-0400] {processor.py:925} INFO - DAG(s) 'example_bash_operator' retrieved from /home/aangava/MSP/airflow_venv/lib/python3.12/site-packages/airflow/example_dags/example_bash_operator.py
[2025-05-14T23:31:04.163-0400] {logging_mixin.py:190} INFO - [2025-05-14T23:31:04.163-0400] {dag.py:3239} INFO - Sync 1 DAGs
[2025-05-14T23:31:04.357-0400] {logging_mixin.py:190} INFO - [2025-05-14T23:31:04.357-0400] {dag.py:4180} INFO - Setting next_dagrun for example_bash_operator to 2025-05-14 00:00:00+00:00, run_after=2025-05-15 00:00:00+00:00
[2025-05-14T23:31:04.386-0400] {processor.py:208} INFO - Processing /home/aangava/MSP/airflow_venv/lib/python3.12/site-packages/airflow/example_dags/example_bash_operator.py took 0.295 seconds
[2025-05-14T23:32:17.818-0400] {processor.py:186} INFO - Started process (PID=52749) to work on /home/aangava/MSP/airflow_venv/lib/python3.12/site-packages/airflow/example_dags/example_bash_operator.py
[2025-05-14T23:32:17.829-0400] {processor.py:914} INFO - Processing file /home/aangava/MSP/airflow_venv/lib/python3.12/site-packages/airflow/example_dags/example_bash_operator.py for tasks to queue
[2025-05-14T23:32:17.831-0400] {logging_mixin.py:190} INFO - [2025-05-14T23:32:17.831-0400] {dagbag.py:588} INFO - Filling up the DagBag from /home/aangava/MSP/airflow_venv/lib/python3.12/site-packages/airflow/example_dags/example_bash_operator.py
[2025-05-14T23:32:17.849-0400] {processor.py:925} INFO - DAG(s) 'example_bash_operator' retrieved from /home/aangava/MSP/airflow_venv/lib/python3.12/site-packages/airflow/example_dags/example_bash_operator.py
[2025-05-14T23:32:17.879-0400] {logging_mixin.py:190} INFO - [2025-05-14T23:32:17.878-0400] {dag.py:3239} INFO - Sync 1 DAGs
[2025-05-14T23:32:17.902-0400] {logging_mixin.py:190} INFO - [2025-05-14T23:32:17.902-0400] {dag.py:4180} INFO - Setting next_dagrun for example_bash_operator to 2025-05-14 00:00:00+00:00, run_after=2025-05-15 00:00:00+00:00
[2025-05-14T23:32:17.926-0400] {processor.py:208} INFO - Processing /home/aangava/MSP/airflow_venv/lib/python3.12/site-packages/airflow/example_dags/example_bash_operator.py took 0.118 seconds
[2025-05-14T23:33:27.107-0400] {processor.py:186} INFO - Started process (PID=53014) to work on /home/aangava/MSP/airflow_venv/lib/python3.12/site-packages/airflow/example_dags/example_bash_operator.py
[2025-05-14T23:33:27.120-0400] {processor.py:914} INFO - Processing file /home/aangava/MSP/airflow_venv/lib/python3.12/site-packages/airflow/example_dags/example_bash_operator.py for tasks to queue
[2025-05-14T23:33:27.123-0400] {logging_mixin.py:190} INFO - [2025-05-14T23:33:27.123-0400] {dagbag.py:588} INFO - Filling up the DagBag from /home/aangava/MSP/airflow_venv/lib/python3.12/site-packages/airflow/example_dags/example_bash_operator.py
[2025-05-14T23:33:27.142-0400] {processor.py:925} INFO - DAG(s) 'example_bash_operator' retrieved from /home/aangava/MSP/airflow_venv/lib/python3.12/site-packages/airflow/example_dags/example_bash_operator.py
[2025-05-14T23:33:27.166-0400] {logging_mixin.py:190} INFO - [2025-05-14T23:33:27.166-0400] {dag.py:3239} INFO - Sync 1 DAGs
[2025-05-14T23:33:27.185-0400] {logging_mixin.py:190} INFO - [2025-05-14T23:33:27.185-0400] {dag.py:4180} INFO - Setting next_dagrun for example_bash_operator to 2025-05-14 00:00:00+00:00, run_after=2025-05-15 00:00:00+00:00
[2025-05-14T23:33:27.209-0400] {processor.py:208} INFO - Processing /home/aangava/MSP/airflow_venv/lib/python3.12/site-packages/airflow/example_dags/example_bash_operator.py took 0.111 seconds
[2025-05-14T23:39:54.602-0400] {processor.py:186} INFO - Started process (PID=53363) to work on /home/aangava/MSP/airflow_venv/lib/python3.12/site-packages/airflow/example_dags/example_bash_operator.py
[2025-05-14T23:39:54.616-0400] {processor.py:914} INFO - Processing file /home/aangava/MSP/airflow_venv/lib/python3.12/site-packages/airflow/example_dags/example_bash_operator.py for tasks to queue
[2025-05-14T23:39:54.619-0400] {logging_mixin.py:190} INFO - [2025-05-14T23:39:54.618-0400] {dagbag.py:588} INFO - Filling up the DagBag from /home/aangava/MSP/airflow_venv/lib/python3.12/site-packages/airflow/example_dags/example_bash_operator.py
[2025-05-14T23:39:54.636-0400] {processor.py:925} INFO - DAG(s) 'example_bash_operator' retrieved from /home/aangava/MSP/airflow_venv/lib/python3.12/site-packages/airflow/example_dags/example_bash_operator.py
[2025-05-14T23:39:54.664-0400] {logging_mixin.py:190} INFO - [2025-05-14T23:39:54.664-0400] {dag.py:3239} INFO - Sync 1 DAGs
[2025-05-14T23:39:54.681-0400] {logging_mixin.py:190} INFO - [2025-05-14T23:39:54.681-0400] {dag.py:4180} INFO - Setting next_dagrun for example_bash_operator to 2025-05-14 00:00:00+00:00, run_after=2025-05-15 00:00:00+00:00
[2025-05-14T23:39:54.712-0400] {processor.py:208} INFO - Processing /home/aangava/MSP/airflow_venv/lib/python3.12/site-packages/airflow/example_dags/example_bash_operator.py took 0.121 seconds
[2025-05-14T23:41:01.535-0400] {processor.py:186} INFO - Started process (PID=53620) to work on /home/aangava/MSP/airflow_venv/lib/python3.12/site-packages/airflow/example_dags/example_bash_operator.py
[2025-05-14T23:41:01.547-0400] {processor.py:914} INFO - Processing file /home/aangava/MSP/airflow_venv/lib/python3.12/site-packages/airflow/example_dags/example_bash_operator.py for tasks to queue
[2025-05-14T23:41:01.550-0400] {logging_mixin.py:190} INFO - [2025-05-14T23:41:01.549-0400] {dagbag.py:588} INFO - Filling up the DagBag from /home/aangava/MSP/airflow_venv/lib/python3.12/site-packages/airflow/example_dags/example_bash_operator.py
[2025-05-14T23:41:01.568-0400] {processor.py:925} INFO - DAG(s) 'example_bash_operator' retrieved from /home/aangava/MSP/airflow_venv/lib/python3.12/site-packages/airflow/example_dags/example_bash_operator.py
[2025-05-14T23:41:01.591-0400] {logging_mixin.py:190} INFO - [2025-05-14T23:41:01.590-0400] {dag.py:3239} INFO - Sync 1 DAGs
[2025-05-14T23:41:01.615-0400] {logging_mixin.py:190} INFO - [2025-05-14T23:41:01.615-0400] {dag.py:4180} INFO - Setting next_dagrun for example_bash_operator to 2025-05-14 00:00:00+00:00, run_after=2025-05-15 00:00:00+00:00
[2025-05-14T23:41:01.646-0400] {processor.py:208} INFO - Processing /home/aangava/MSP/airflow_venv/lib/python3.12/site-packages/airflow/example_dags/example_bash_operator.py took 0.121 seconds
[2025-05-14T23:42:03.787-0400] {processor.py:186} INFO - Started process (PID=53869) to work on /home/aangava/MSP/airflow_venv/lib/python3.12/site-packages/airflow/example_dags/example_bash_operator.py
[2025-05-14T23:42:03.799-0400] {processor.py:914} INFO - Processing file /home/aangava/MSP/airflow_venv/lib/python3.12/site-packages/airflow/example_dags/example_bash_operator.py for tasks to queue
[2025-05-14T23:42:03.801-0400] {logging_mixin.py:190} INFO - [2025-05-14T23:42:03.801-0400] {dagbag.py:588} INFO - Filling up the DagBag from /home/aangava/MSP/airflow_venv/lib/python3.12/site-packages/airflow/example_dags/example_bash_operator.py
[2025-05-14T23:42:03.814-0400] {processor.py:925} INFO - DAG(s) 'example_bash_operator' retrieved from /home/aangava/MSP/airflow_venv/lib/python3.12/site-packages/airflow/example_dags/example_bash_operator.py
[2025-05-14T23:42:03.836-0400] {logging_mixin.py:190} INFO - [2025-05-14T23:42:03.836-0400] {dag.py:3239} INFO - Sync 1 DAGs
[2025-05-14T23:42:03.859-0400] {logging_mixin.py:190} INFO - [2025-05-14T23:42:03.859-0400] {dag.py:4180} INFO - Setting next_dagrun for example_bash_operator to 2025-05-14 00:00:00+00:00, run_after=2025-05-15 00:00:00+00:00
[2025-05-14T23:42:03.879-0400] {processor.py:208} INFO - Processing /home/aangava/MSP/airflow_venv/lib/python3.12/site-packages/airflow/example_dags/example_bash_operator.py took 0.097 seconds
[2025-05-14T23:43:05.888-0400] {processor.py:186} INFO - Started process (PID=54123) to work on /home/aangava/MSP/airflow_venv/lib/python3.12/site-packages/airflow/example_dags/example_bash_operator.py
[2025-05-14T23:43:05.899-0400] {processor.py:914} INFO - Processing file /home/aangava/MSP/airflow_venv/lib/python3.12/site-packages/airflow/example_dags/example_bash_operator.py for tasks to queue
[2025-05-14T23:43:05.901-0400] {logging_mixin.py:190} INFO - [2025-05-14T23:43:05.901-0400] {dagbag.py:588} INFO - Filling up the DagBag from /home/aangava/MSP/airflow_venv/lib/python3.12/site-packages/airflow/example_dags/example_bash_operator.py
[2025-05-14T23:43:05.919-0400] {processor.py:925} INFO - DAG(s) 'example_bash_operator' retrieved from /home/aangava/MSP/airflow_venv/lib/python3.12/site-packages/airflow/example_dags/example_bash_operator.py
[2025-05-14T23:43:05.947-0400] {logging_mixin.py:190} INFO - [2025-05-14T23:43:05.947-0400] {dag.py:3239} INFO - Sync 1 DAGs
[2025-05-14T23:43:05.966-0400] {logging_mixin.py:190} INFO - [2025-05-14T23:43:05.966-0400] {dag.py:4180} INFO - Setting next_dagrun for example_bash_operator to 2025-05-14 00:00:00+00:00, run_after=2025-05-15 00:00:00+00:00
[2025-05-14T23:43:05.990-0400] {processor.py:208} INFO - Processing /home/aangava/MSP/airflow_venv/lib/python3.12/site-packages/airflow/example_dags/example_bash_operator.py took 0.110 seconds
[2025-05-15T13:39:09.553-0400] {processor.py:186} INFO - Started process (PID=54429) to work on /home/aangava/MSP/airflow_venv/lib/python3.12/site-packages/airflow/example_dags/example_bash_operator.py
[2025-05-15T13:39:09.566-0400] {processor.py:914} INFO - Processing file /home/aangava/MSP/airflow_venv/lib/python3.12/site-packages/airflow/example_dags/example_bash_operator.py for tasks to queue
[2025-05-15T13:39:09.570-0400] {logging_mixin.py:190} INFO - [2025-05-15T13:39:09.569-0400] {dagbag.py:588} INFO - Filling up the DagBag from /home/aangava/MSP/airflow_venv/lib/python3.12/site-packages/airflow/example_dags/example_bash_operator.py
[2025-05-15T13:39:09.590-0400] {processor.py:925} INFO - DAG(s) 'example_bash_operator' retrieved from /home/aangava/MSP/airflow_venv/lib/python3.12/site-packages/airflow/example_dags/example_bash_operator.py
[2025-05-15T13:39:09.614-0400] {logging_mixin.py:190} INFO - [2025-05-15T13:39:09.614-0400] {dag.py:3239} INFO - Sync 1 DAGs
[2025-05-15T13:39:09.634-0400] {logging_mixin.py:190} INFO - [2025-05-15T13:39:09.634-0400] {dag.py:4180} INFO - Setting next_dagrun for example_bash_operator to 2025-05-14 00:00:00+00:00, run_after=2025-05-15 00:00:00+00:00
[2025-05-15T13:39:09.663-0400] {processor.py:208} INFO - Processing /home/aangava/MSP/airflow_venv/lib/python3.12/site-packages/airflow/example_dags/example_bash_operator.py took 0.121 seconds
[2025-05-15T13:40:13.544-0400] {processor.py:186} INFO - Started process (PID=54679) to work on /home/aangava/MSP/airflow_venv/lib/python3.12/site-packages/airflow/example_dags/example_bash_operator.py
[2025-05-15T13:40:13.555-0400] {processor.py:914} INFO - Processing file /home/aangava/MSP/airflow_venv/lib/python3.12/site-packages/airflow/example_dags/example_bash_operator.py for tasks to queue
[2025-05-15T13:40:13.557-0400] {logging_mixin.py:190} INFO - [2025-05-15T13:40:13.557-0400] {dagbag.py:588} INFO - Filling up the DagBag from /home/aangava/MSP/airflow_venv/lib/python3.12/site-packages/airflow/example_dags/example_bash_operator.py
[2025-05-15T13:40:13.574-0400] {processor.py:925} INFO - DAG(s) 'example_bash_operator' retrieved from /home/aangava/MSP/airflow_venv/lib/python3.12/site-packages/airflow/example_dags/example_bash_operator.py
[2025-05-15T13:40:13.595-0400] {logging_mixin.py:190} INFO - [2025-05-15T13:40:13.594-0400] {dag.py:3239} INFO - Sync 1 DAGs
[2025-05-15T13:40:13.612-0400] {logging_mixin.py:190} INFO - [2025-05-15T13:40:13.612-0400] {dag.py:4180} INFO - Setting next_dagrun for example_bash_operator to 2025-05-14 00:00:00+00:00, run_after=2025-05-15 00:00:00+00:00
[2025-05-15T13:40:13.634-0400] {processor.py:208} INFO - Processing /home/aangava/MSP/airflow_venv/lib/python3.12/site-packages/airflow/example_dags/example_bash_operator.py took 0.099 seconds
[2025-05-15T13:41:20.070-0400] {processor.py:186} INFO - Started process (PID=54938) to work on /home/aangava/MSP/airflow_venv/lib/python3.12/site-packages/airflow/example_dags/example_bash_operator.py
[2025-05-15T13:41:20.082-0400] {processor.py:914} INFO - Processing file /home/aangava/MSP/airflow_venv/lib/python3.12/site-packages/airflow/example_dags/example_bash_operator.py for tasks to queue
[2025-05-15T13:41:20.085-0400] {logging_mixin.py:190} INFO - [2025-05-15T13:41:20.084-0400] {dagbag.py:588} INFO - Filling up the DagBag from /home/aangava/MSP/airflow_venv/lib/python3.12/site-packages/airflow/example_dags/example_bash_operator.py
[2025-05-15T13:41:20.103-0400] {processor.py:925} INFO - DAG(s) 'example_bash_operator' retrieved from /home/aangava/MSP/airflow_venv/lib/python3.12/site-packages/airflow/example_dags/example_bash_operator.py
[2025-05-15T13:41:20.131-0400] {logging_mixin.py:190} INFO - [2025-05-15T13:41:20.131-0400] {dag.py:3239} INFO - Sync 1 DAGs
[2025-05-15T13:41:20.149-0400] {logging_mixin.py:190} INFO - [2025-05-15T13:41:20.149-0400] {dag.py:4180} INFO - Setting next_dagrun for example_bash_operator to 2025-05-14 00:00:00+00:00, run_after=2025-05-15 00:00:00+00:00
[2025-05-15T13:41:20.184-0400] {processor.py:208} INFO - Processing /home/aangava/MSP/airflow_venv/lib/python3.12/site-packages/airflow/example_dags/example_bash_operator.py took 0.123 seconds
[2025-05-15T13:42:23.312-0400] {processor.py:186} INFO - Started process (PID=55177) to work on /home/aangava/MSP/airflow_venv/lib/python3.12/site-packages/airflow/example_dags/example_bash_operator.py
[2025-05-15T13:42:23.324-0400] {processor.py:914} INFO - Processing file /home/aangava/MSP/airflow_venv/lib/python3.12/site-packages/airflow/example_dags/example_bash_operator.py for tasks to queue
[2025-05-15T13:42:23.326-0400] {logging_mixin.py:190} INFO - [2025-05-15T13:42:23.325-0400] {dagbag.py:588} INFO - Filling up the DagBag from /home/aangava/MSP/airflow_venv/lib/python3.12/site-packages/airflow/example_dags/example_bash_operator.py
[2025-05-15T13:42:23.347-0400] {processor.py:925} INFO - DAG(s) 'example_bash_operator' retrieved from /home/aangava/MSP/airflow_venv/lib/python3.12/site-packages/airflow/example_dags/example_bash_operator.py
[2025-05-15T13:42:23.373-0400] {logging_mixin.py:190} INFO - [2025-05-15T13:42:23.373-0400] {dag.py:3239} INFO - Sync 1 DAGs
[2025-05-15T13:42:23.395-0400] {logging_mixin.py:190} INFO - [2025-05-15T13:42:23.394-0400] {dag.py:4180} INFO - Setting next_dagrun for example_bash_operator to 2025-05-14 00:00:00+00:00, run_after=2025-05-15 00:00:00+00:00
[2025-05-15T13:42:23.420-0400] {processor.py:208} INFO - Processing /home/aangava/MSP/airflow_venv/lib/python3.12/site-packages/airflow/example_dags/example_bash_operator.py took 0.117 seconds
[2025-05-15T13:43:25.170-0400] {processor.py:186} INFO - Started process (PID=55424) to work on /home/aangava/MSP/airflow_venv/lib/python3.12/site-packages/airflow/example_dags/example_bash_operator.py
[2025-05-15T13:43:25.172-0400] {processor.py:914} INFO - Processing file /home/aangava/MSP/airflow_venv/lib/python3.12/site-packages/airflow/example_dags/example_bash_operator.py for tasks to queue
[2025-05-15T13:43:25.174-0400] {logging_mixin.py:190} INFO - [2025-05-15T13:43:25.173-0400] {dagbag.py:588} INFO - Filling up the DagBag from /home/aangava/MSP/airflow_venv/lib/python3.12/site-packages/airflow/example_dags/example_bash_operator.py
[2025-05-15T13:43:25.197-0400] {processor.py:925} INFO - DAG(s) 'example_bash_operator' retrieved from /home/aangava/MSP/airflow_venv/lib/python3.12/site-packages/airflow/example_dags/example_bash_operator.py
[2025-05-15T13:43:25.229-0400] {logging_mixin.py:190} INFO - [2025-05-15T13:43:25.228-0400] {dag.py:3239} INFO - Sync 1 DAGs
[2025-05-15T13:43:25.251-0400] {logging_mixin.py:190} INFO - [2025-05-15T13:43:25.250-0400] {dag.py:4180} INFO - Setting next_dagrun for example_bash_operator to 2025-05-14 00:00:00+00:00, run_after=2025-05-15 00:00:00+00:00
[2025-05-15T13:43:25.278-0400] {processor.py:208} INFO - Processing /home/aangava/MSP/airflow_venv/lib/python3.12/site-packages/airflow/example_dags/example_bash_operator.py took 0.116 seconds
[2025-05-15T13:44:24.913-0400] {processor.py:186} INFO - Started process (PID=55657) to work on /home/aangava/MSP/airflow_venv/lib/python3.12/site-packages/airflow/example_dags/example_bash_operator.py
[2025-05-15T13:44:24.926-0400] {processor.py:914} INFO - Processing file /home/aangava/MSP/airflow_venv/lib/python3.12/site-packages/airflow/example_dags/example_bash_operator.py for tasks to queue
[2025-05-15T13:44:24.929-0400] {logging_mixin.py:190} INFO - [2025-05-15T13:44:24.928-0400] {dagbag.py:588} INFO - Filling up the DagBag from /home/aangava/MSP/airflow_venv/lib/python3.12/site-packages/airflow/example_dags/example_bash_operator.py
[2025-05-15T13:44:24.949-0400] {processor.py:925} INFO - DAG(s) 'example_bash_operator' retrieved from /home/aangava/MSP/airflow_venv/lib/python3.12/site-packages/airflow/example_dags/example_bash_operator.py
[2025-05-15T13:44:24.979-0400] {logging_mixin.py:190} INFO - [2025-05-15T13:44:24.979-0400] {dag.py:3239} INFO - Sync 1 DAGs
[2025-05-15T13:44:25.000-0400] {logging_mixin.py:190} INFO - [2025-05-15T13:44:25.000-0400] {dag.py:4180} INFO - Setting next_dagrun for example_bash_operator to 2025-05-14 00:00:00+00:00, run_after=2025-05-15 00:00:00+00:00
[2025-05-15T13:44:25.029-0400] {processor.py:208} INFO - Processing /home/aangava/MSP/airflow_venv/lib/python3.12/site-packages/airflow/example_dags/example_bash_operator.py took 0.124 seconds
[2025-05-15T13:45:29.407-0400] {processor.py:186} INFO - Started process (PID=55899) to work on /home/aangava/MSP/airflow_venv/lib/python3.12/site-packages/airflow/example_dags/example_bash_operator.py
[2025-05-15T13:45:29.409-0400] {processor.py:914} INFO - Processing file /home/aangava/MSP/airflow_venv/lib/python3.12/site-packages/airflow/example_dags/example_bash_operator.py for tasks to queue
[2025-05-15T13:45:29.412-0400] {logging_mixin.py:190} INFO - [2025-05-15T13:45:29.411-0400] {dagbag.py:588} INFO - Filling up the DagBag from /home/aangava/MSP/airflow_venv/lib/python3.12/site-packages/airflow/example_dags/example_bash_operator.py
[2025-05-15T13:45:29.432-0400] {processor.py:925} INFO - DAG(s) 'example_bash_operator' retrieved from /home/aangava/MSP/airflow_venv/lib/python3.12/site-packages/airflow/example_dags/example_bash_operator.py
[2025-05-15T13:45:29.454-0400] {logging_mixin.py:190} INFO - [2025-05-15T13:45:29.453-0400] {dag.py:3239} INFO - Sync 1 DAGs
[2025-05-15T13:45:29.473-0400] {logging_mixin.py:190} INFO - [2025-05-15T13:45:29.473-0400] {dag.py:4180} INFO - Setting next_dagrun for example_bash_operator to 2025-05-14 00:00:00+00:00, run_after=2025-05-15 00:00:00+00:00
[2025-05-15T13:45:29.499-0400] {processor.py:208} INFO - Processing /home/aangava/MSP/airflow_venv/lib/python3.12/site-packages/airflow/example_dags/example_bash_operator.py took 0.103 seconds
[2025-05-15T13:46:31.439-0400] {processor.py:186} INFO - Started process (PID=56135) to work on /home/aangava/MSP/airflow_venv/lib/python3.12/site-packages/airflow/example_dags/example_bash_operator.py
[2025-05-15T13:46:31.450-0400] {processor.py:914} INFO - Processing file /home/aangava/MSP/airflow_venv/lib/python3.12/site-packages/airflow/example_dags/example_bash_operator.py for tasks to queue
[2025-05-15T13:46:31.453-0400] {logging_mixin.py:190} INFO - [2025-05-15T13:46:31.453-0400] {dagbag.py:588} INFO - Filling up the DagBag from /home/aangava/MSP/airflow_venv/lib/python3.12/site-packages/airflow/example_dags/example_bash_operator.py
[2025-05-15T13:46:31.475-0400] {processor.py:925} INFO - DAG(s) 'example_bash_operator' retrieved from /home/aangava/MSP/airflow_venv/lib/python3.12/site-packages/airflow/example_dags/example_bash_operator.py
[2025-05-15T13:46:31.500-0400] {logging_mixin.py:190} INFO - [2025-05-15T13:46:31.500-0400] {dag.py:3239} INFO - Sync 1 DAGs
[2025-05-15T13:46:31.521-0400] {logging_mixin.py:190} INFO - [2025-05-15T13:46:31.521-0400] {dag.py:4180} INFO - Setting next_dagrun for example_bash_operator to 2025-05-14 00:00:00+00:00, run_after=2025-05-15 00:00:00+00:00
[2025-05-15T13:46:31.554-0400] {processor.py:208} INFO - Processing /home/aangava/MSP/airflow_venv/lib/python3.12/site-packages/airflow/example_dags/example_bash_operator.py took 0.126 seconds
[2025-05-15T13:47:35.213-0400] {processor.py:186} INFO - Started process (PID=56393) to work on /home/aangava/MSP/airflow_venv/lib/python3.12/site-packages/airflow/example_dags/example_bash_operator.py
[2025-05-15T13:47:35.224-0400] {processor.py:914} INFO - Processing file /home/aangava/MSP/airflow_venv/lib/python3.12/site-packages/airflow/example_dags/example_bash_operator.py for tasks to queue
[2025-05-15T13:47:35.226-0400] {logging_mixin.py:190} INFO - [2025-05-15T13:47:35.225-0400] {dagbag.py:588} INFO - Filling up the DagBag from /home/aangava/MSP/airflow_venv/lib/python3.12/site-packages/airflow/example_dags/example_bash_operator.py
[2025-05-15T13:47:35.240-0400] {processor.py:925} INFO - DAG(s) 'example_bash_operator' retrieved from /home/aangava/MSP/airflow_venv/lib/python3.12/site-packages/airflow/example_dags/example_bash_operator.py
[2025-05-15T13:47:35.264-0400] {logging_mixin.py:190} INFO - [2025-05-15T13:47:35.264-0400] {dag.py:3239} INFO - Sync 1 DAGs
[2025-05-15T13:47:35.282-0400] {logging_mixin.py:190} INFO - [2025-05-15T13:47:35.282-0400] {dag.py:4180} INFO - Setting next_dagrun for example_bash_operator to 2025-05-14 00:00:00+00:00, run_after=2025-05-15 00:00:00+00:00
[2025-05-15T13:47:35.311-0400] {processor.py:208} INFO - Processing /home/aangava/MSP/airflow_venv/lib/python3.12/site-packages/airflow/example_dags/example_bash_operator.py took 0.108 seconds
[2025-05-15T13:58:38.861-0400] {processor.py:186} INFO - Started process (PID=56716) to work on /home/aangava/MSP/airflow_venv/lib/python3.12/site-packages/airflow/example_dags/example_bash_operator.py
[2025-05-15T13:58:38.863-0400] {processor.py:914} INFO - Processing file /home/aangava/MSP/airflow_venv/lib/python3.12/site-packages/airflow/example_dags/example_bash_operator.py for tasks to queue
[2025-05-15T13:58:38.864-0400] {logging_mixin.py:190} INFO - [2025-05-15T13:58:38.864-0400] {dagbag.py:588} INFO - Filling up the DagBag from /home/aangava/MSP/airflow_venv/lib/python3.12/site-packages/airflow/example_dags/example_bash_operator.py
[2025-05-15T13:58:38.878-0400] {processor.py:925} INFO - DAG(s) 'example_bash_operator' retrieved from /home/aangava/MSP/airflow_venv/lib/python3.12/site-packages/airflow/example_dags/example_bash_operator.py
[2025-05-15T13:58:38.902-0400] {logging_mixin.py:190} INFO - [2025-05-15T13:58:38.902-0400] {dag.py:3239} INFO - Sync 1 DAGs
[2025-05-15T13:58:38.921-0400] {logging_mixin.py:190} INFO - [2025-05-15T13:58:38.921-0400] {dag.py:4180} INFO - Setting next_dagrun for example_bash_operator to 2025-05-14 00:00:00+00:00, run_after=2025-05-15 00:00:00+00:00
[2025-05-15T13:58:38.947-0400] {processor.py:208} INFO - Processing /home/aangava/MSP/airflow_venv/lib/python3.12/site-packages/airflow/example_dags/example_bash_operator.py took 0.094 seconds
[2025-05-15T13:59:45.555-0400] {processor.py:186} INFO - Started process (PID=56975) to work on /home/aangava/MSP/airflow_venv/lib/python3.12/site-packages/airflow/example_dags/example_bash_operator.py
[2025-05-15T13:59:45.567-0400] {processor.py:914} INFO - Processing file /home/aangava/MSP/airflow_venv/lib/python3.12/site-packages/airflow/example_dags/example_bash_operator.py for tasks to queue
[2025-05-15T13:59:45.571-0400] {logging_mixin.py:190} INFO - [2025-05-15T13:59:45.570-0400] {dagbag.py:588} INFO - Filling up the DagBag from /home/aangava/MSP/airflow_venv/lib/python3.12/site-packages/airflow/example_dags/example_bash_operator.py
[2025-05-15T13:59:45.591-0400] {processor.py:925} INFO - DAG(s) 'example_bash_operator' retrieved from /home/aangava/MSP/airflow_venv/lib/python3.12/site-packages/airflow/example_dags/example_bash_operator.py
[2025-05-15T13:59:45.620-0400] {logging_mixin.py:190} INFO - [2025-05-15T13:59:45.619-0400] {dag.py:3239} INFO - Sync 1 DAGs
[2025-05-15T13:59:45.643-0400] {logging_mixin.py:190} INFO - [2025-05-15T13:59:45.642-0400] {dag.py:4180} INFO - Setting next_dagrun for example_bash_operator to 2025-05-14 00:00:00+00:00, run_after=2025-05-15 00:00:00+00:00
[2025-05-15T13:59:45.666-0400] {processor.py:208} INFO - Processing /home/aangava/MSP/airflow_venv/lib/python3.12/site-packages/airflow/example_dags/example_bash_operator.py took 0.121 seconds
[2025-05-15T14:00:52.012-0400] {processor.py:186} INFO - Started process (PID=57224) to work on /home/aangava/MSP/airflow_venv/lib/python3.12/site-packages/airflow/example_dags/example_bash_operator.py
[2025-05-15T14:00:52.025-0400] {processor.py:914} INFO - Processing file /home/aangava/MSP/airflow_venv/lib/python3.12/site-packages/airflow/example_dags/example_bash_operator.py for tasks to queue
[2025-05-15T14:00:52.028-0400] {logging_mixin.py:190} INFO - [2025-05-15T14:00:52.027-0400] {dagbag.py:588} INFO - Filling up the DagBag from /home/aangava/MSP/airflow_venv/lib/python3.12/site-packages/airflow/example_dags/example_bash_operator.py
[2025-05-15T14:00:52.049-0400] {processor.py:925} INFO - DAG(s) 'example_bash_operator' retrieved from /home/aangava/MSP/airflow_venv/lib/python3.12/site-packages/airflow/example_dags/example_bash_operator.py
[2025-05-15T14:00:52.079-0400] {logging_mixin.py:190} INFO - [2025-05-15T14:00:52.079-0400] {dag.py:3239} INFO - Sync 1 DAGs
[2025-05-15T14:00:52.100-0400] {logging_mixin.py:190} INFO - [2025-05-15T14:00:52.100-0400] {dag.py:4180} INFO - Setting next_dagrun for example_bash_operator to 2025-05-14 00:00:00+00:00, run_after=2025-05-15 00:00:00+00:00
[2025-05-15T14:00:52.134-0400] {processor.py:208} INFO - Processing /home/aangava/MSP/airflow_venv/lib/python3.12/site-packages/airflow/example_dags/example_bash_operator.py took 0.132 seconds
[2025-05-15T14:57:29.352-0400] {processor.py:186} INFO - Started process (PID=57570) to work on /home/aangava/MSP/airflow_venv/lib/python3.12/site-packages/airflow/example_dags/example_bash_operator.py
[2025-05-15T14:57:29.362-0400] {processor.py:914} INFO - Processing file /home/aangava/MSP/airflow_venv/lib/python3.12/site-packages/airflow/example_dags/example_bash_operator.py for tasks to queue
[2025-05-15T14:57:29.364-0400] {logging_mixin.py:190} INFO - [2025-05-15T14:57:29.364-0400] {dagbag.py:588} INFO - Filling up the DagBag from /home/aangava/MSP/airflow_venv/lib/python3.12/site-packages/airflow/example_dags/example_bash_operator.py
[2025-05-15T14:57:29.381-0400] {processor.py:925} INFO - DAG(s) 'example_bash_operator' retrieved from /home/aangava/MSP/airflow_venv/lib/python3.12/site-packages/airflow/example_dags/example_bash_operator.py
[2025-05-15T14:57:29.407-0400] {logging_mixin.py:190} INFO - [2025-05-15T14:57:29.406-0400] {dag.py:3239} INFO - Sync 1 DAGs
[2025-05-15T14:57:29.432-0400] {logging_mixin.py:190} INFO - [2025-05-15T14:57:29.431-0400] {dag.py:4180} INFO - Setting next_dagrun for example_bash_operator to 2025-05-14 00:00:00+00:00, run_after=2025-05-15 00:00:00+00:00
[2025-05-15T14:57:29.457-0400] {processor.py:208} INFO - Processing /home/aangava/MSP/airflow_venv/lib/python3.12/site-packages/airflow/example_dags/example_bash_operator.py took 0.114 seconds
[2025-05-15T14:58:30.181-0400] {processor.py:186} INFO - Started process (PID=57816) to work on /home/aangava/MSP/airflow_venv/lib/python3.12/site-packages/airflow/example_dags/example_bash_operator.py
[2025-05-15T14:58:30.184-0400] {processor.py:914} INFO - Processing file /home/aangava/MSP/airflow_venv/lib/python3.12/site-packages/airflow/example_dags/example_bash_operator.py for tasks to queue
[2025-05-15T14:58:30.187-0400] {logging_mixin.py:190} INFO - [2025-05-15T14:58:30.186-0400] {dagbag.py:588} INFO - Filling up the DagBag from /home/aangava/MSP/airflow_venv/lib/python3.12/site-packages/airflow/example_dags/example_bash_operator.py
[2025-05-15T14:58:30.209-0400] {processor.py:925} INFO - DAG(s) 'example_bash_operator' retrieved from /home/aangava/MSP/airflow_venv/lib/python3.12/site-packages/airflow/example_dags/example_bash_operator.py
[2025-05-15T14:58:30.234-0400] {logging_mixin.py:190} INFO - [2025-05-15T14:58:30.234-0400] {dag.py:3239} INFO - Sync 1 DAGs
[2025-05-15T14:58:30.254-0400] {logging_mixin.py:190} INFO - [2025-05-15T14:58:30.253-0400] {dag.py:4180} INFO - Setting next_dagrun for example_bash_operator to 2025-05-14 00:00:00+00:00, run_after=2025-05-15 00:00:00+00:00
[2025-05-15T14:58:30.284-0400] {processor.py:208} INFO - Processing /home/aangava/MSP/airflow_venv/lib/python3.12/site-packages/airflow/example_dags/example_bash_operator.py took 0.131 seconds
[2025-05-15T14:59:40.702-0400] {processor.py:186} INFO - Started process (PID=58082) to work on /home/aangava/MSP/airflow_venv/lib/python3.12/site-packages/airflow/example_dags/example_bash_operator.py
[2025-05-15T14:59:40.713-0400] {processor.py:914} INFO - Processing file /home/aangava/MSP/airflow_venv/lib/python3.12/site-packages/airflow/example_dags/example_bash_operator.py for tasks to queue
[2025-05-15T14:59:40.717-0400] {logging_mixin.py:190} INFO - [2025-05-15T14:59:40.716-0400] {dagbag.py:588} INFO - Filling up the DagBag from /home/aangava/MSP/airflow_venv/lib/python3.12/site-packages/airflow/example_dags/example_bash_operator.py
[2025-05-15T14:59:40.735-0400] {processor.py:925} INFO - DAG(s) 'example_bash_operator' retrieved from /home/aangava/MSP/airflow_venv/lib/python3.12/site-packages/airflow/example_dags/example_bash_operator.py
[2025-05-15T14:59:40.759-0400] {logging_mixin.py:190} INFO - [2025-05-15T14:59:40.758-0400] {dag.py:3239} INFO - Sync 1 DAGs
[2025-05-15T14:59:40.777-0400] {logging_mixin.py:190} INFO - [2025-05-15T14:59:40.776-0400] {dag.py:4180} INFO - Setting next_dagrun for example_bash_operator to 2025-05-14 00:00:00+00:00, run_after=2025-05-15 00:00:00+00:00
[2025-05-15T14:59:40.801-0400] {processor.py:208} INFO - Processing /home/aangava/MSP/airflow_venv/lib/python3.12/site-packages/airflow/example_dags/example_bash_operator.py took 0.110 seconds
