[2025-05-14T23:00:29.562-0400] {processor.py:186} INFO - Started process (PID=45545) to work on /home/aangava/MSP/airflow_venv/lib/python3.12/site-packages/airflow/example_dags/example_task_group_decorator.py
[2025-05-14T23:00:29.564-0400] {processor.py:914} INFO - Processing file /home/aangava/MSP/airflow_venv/lib/python3.12/site-packages/airflow/example_dags/example_task_group_decorator.py for tasks to queue
[2025-05-14T23:00:29.566-0400] {logging_mixin.py:190} INFO - [2025-05-14T23:00:29.566-0400] {dagbag.py:588} INFO - Filling up the DagBag from /home/aangava/MSP/airflow_venv/lib/python3.12/site-packages/airflow/example_dags/example_task_group_decorator.py
[2025-05-14T23:00:29.588-0400] {processor.py:925} INFO - DAG(s) 'example_task_group_decorator' retrieved from /home/aangava/MSP/airflow_venv/lib/python3.12/site-packages/airflow/example_dags/example_task_group_decorator.py
[2025-05-14T23:00:29.611-0400] {logging_mixin.py:190} INFO - [2025-05-14T23:00:29.611-0400] {dag.py:3239} INFO - Sync 1 DAGs
[2025-05-14T23:00:29.623-0400] {logging_mixin.py:190} INFO - [2025-05-14T23:00:29.623-0400] {dag.py:4180} INFO - Setting next_dagrun for example_task_group_decorator to None, run_after=None
[2025-05-14T23:00:29.656-0400] {processor.py:208} INFO - Processing /home/aangava/MSP/airflow_venv/lib/python3.12/site-packages/airflow/example_dags/example_task_group_decorator.py took 0.104 seconds
[2025-05-14T23:01:33.341-0400] {processor.py:186} INFO - Started process (PID=45805) to work on /home/aangava/MSP/airflow_venv/lib/python3.12/site-packages/airflow/example_dags/example_task_group_decorator.py
[2025-05-14T23:01:33.353-0400] {processor.py:914} INFO - Processing file /home/aangava/MSP/airflow_venv/lib/python3.12/site-packages/airflow/example_dags/example_task_group_decorator.py for tasks to queue
[2025-05-14T23:01:33.356-0400] {logging_mixin.py:190} INFO - [2025-05-14T23:01:33.355-0400] {dagbag.py:588} INFO - Filling up the DagBag from /home/aangava/MSP/airflow_venv/lib/python3.12/site-packages/airflow/example_dags/example_task_group_decorator.py
[2025-05-14T23:01:33.376-0400] {processor.py:925} INFO - DAG(s) 'example_task_group_decorator' retrieved from /home/aangava/MSP/airflow_venv/lib/python3.12/site-packages/airflow/example_dags/example_task_group_decorator.py
[2025-05-14T23:01:33.401-0400] {logging_mixin.py:190} INFO - [2025-05-14T23:01:33.401-0400] {dag.py:3239} INFO - Sync 1 DAGs
[2025-05-14T23:01:33.415-0400] {logging_mixin.py:190} INFO - [2025-05-14T23:01:33.415-0400] {dag.py:4180} INFO - Setting next_dagrun for example_task_group_decorator to None, run_after=None
[2025-05-14T23:01:33.442-0400] {processor.py:208} INFO - Processing /home/aangava/MSP/airflow_venv/lib/python3.12/site-packages/airflow/example_dags/example_task_group_decorator.py took 0.112 seconds
[2025-05-14T23:02:35.225-0400] {processor.py:186} INFO - Started process (PID=46048) to work on /home/aangava/MSP/airflow_venv/lib/python3.12/site-packages/airflow/example_dags/example_task_group_decorator.py
[2025-05-14T23:02:35.235-0400] {processor.py:914} INFO - Processing file /home/aangava/MSP/airflow_venv/lib/python3.12/site-packages/airflow/example_dags/example_task_group_decorator.py for tasks to queue
[2025-05-14T23:02:35.236-0400] {logging_mixin.py:190} INFO - [2025-05-14T23:02:35.235-0400] {dagbag.py:588} INFO - Filling up the DagBag from /home/aangava/MSP/airflow_venv/lib/python3.12/site-packages/airflow/example_dags/example_task_group_decorator.py
[2025-05-14T23:02:35.244-0400] {processor.py:925} INFO - DAG(s) 'example_task_group_decorator' retrieved from /home/aangava/MSP/airflow_venv/lib/python3.12/site-packages/airflow/example_dags/example_task_group_decorator.py
[2025-05-14T23:02:35.255-0400] {logging_mixin.py:190} INFO - [2025-05-14T23:02:35.255-0400] {dag.py:3239} INFO - Sync 1 DAGs
[2025-05-14T23:02:35.262-0400] {logging_mixin.py:190} INFO - [2025-05-14T23:02:35.262-0400] {dag.py:4180} INFO - Setting next_dagrun for example_task_group_decorator to None, run_after=None
[2025-05-14T23:02:35.277-0400] {processor.py:208} INFO - Processing /home/aangava/MSP/airflow_venv/lib/python3.12/site-packages/airflow/example_dags/example_task_group_decorator.py took 0.056 seconds
[2025-05-14T23:03:37.033-0400] {processor.py:186} INFO - Started process (PID=46288) to work on /home/aangava/MSP/airflow_venv/lib/python3.12/site-packages/airflow/example_dags/example_task_group_decorator.py
[2025-05-14T23:03:37.044-0400] {processor.py:914} INFO - Processing file /home/aangava/MSP/airflow_venv/lib/python3.12/site-packages/airflow/example_dags/example_task_group_decorator.py for tasks to queue
[2025-05-14T23:03:37.046-0400] {logging_mixin.py:190} INFO - [2025-05-14T23:03:37.045-0400] {dagbag.py:588} INFO - Filling up the DagBag from /home/aangava/MSP/airflow_venv/lib/python3.12/site-packages/airflow/example_dags/example_task_group_decorator.py
[2025-05-14T23:03:37.064-0400] {processor.py:925} INFO - DAG(s) 'example_task_group_decorator' retrieved from /home/aangava/MSP/airflow_venv/lib/python3.12/site-packages/airflow/example_dags/example_task_group_decorator.py
[2025-05-14T23:03:37.086-0400] {logging_mixin.py:190} INFO - [2025-05-14T23:03:37.086-0400] {dag.py:3239} INFO - Sync 1 DAGs
[2025-05-14T23:03:37.097-0400] {logging_mixin.py:190} INFO - [2025-05-14T23:03:37.097-0400] {dag.py:4180} INFO - Setting next_dagrun for example_task_group_decorator to None, run_after=None
[2025-05-14T23:03:37.122-0400] {processor.py:208} INFO - Processing /home/aangava/MSP/airflow_venv/lib/python3.12/site-packages/airflow/example_dags/example_task_group_decorator.py took 0.096 seconds
[2025-05-14T23:04:35.500-0400] {processor.py:186} INFO - Started process (PID=46524) to work on /home/aangava/MSP/airflow_venv/lib/python3.12/site-packages/airflow/example_dags/example_task_group_decorator.py
[2025-05-14T23:04:35.512-0400] {processor.py:914} INFO - Processing file /home/aangava/MSP/airflow_venv/lib/python3.12/site-packages/airflow/example_dags/example_task_group_decorator.py for tasks to queue
[2025-05-14T23:04:35.515-0400] {logging_mixin.py:190} INFO - [2025-05-14T23:04:35.514-0400] {dagbag.py:588} INFO - Filling up the DagBag from /home/aangava/MSP/airflow_venv/lib/python3.12/site-packages/airflow/example_dags/example_task_group_decorator.py
[2025-05-14T23:04:35.537-0400] {processor.py:925} INFO - DAG(s) 'example_task_group_decorator' retrieved from /home/aangava/MSP/airflow_venv/lib/python3.12/site-packages/airflow/example_dags/example_task_group_decorator.py
[2025-05-14T23:04:35.567-0400] {logging_mixin.py:190} INFO - [2025-05-14T23:04:35.567-0400] {dag.py:3239} INFO - Sync 1 DAGs
[2025-05-14T23:04:35.580-0400] {logging_mixin.py:190} INFO - [2025-05-14T23:04:35.579-0400] {dag.py:4180} INFO - Setting next_dagrun for example_task_group_decorator to None, run_after=None
[2025-05-14T23:04:35.612-0400] {processor.py:208} INFO - Processing /home/aangava/MSP/airflow_venv/lib/python3.12/site-packages/airflow/example_dags/example_task_group_decorator.py took 0.121 seconds
[2025-05-14T23:05:33.288-0400] {processor.py:186} INFO - Started process (PID=46757) to work on /home/aangava/MSP/airflow_venv/lib/python3.12/site-packages/airflow/example_dags/example_task_group_decorator.py
[2025-05-14T23:05:33.302-0400] {processor.py:914} INFO - Processing file /home/aangava/MSP/airflow_venv/lib/python3.12/site-packages/airflow/example_dags/example_task_group_decorator.py for tasks to queue
[2025-05-14T23:05:33.305-0400] {logging_mixin.py:190} INFO - [2025-05-14T23:05:33.304-0400] {dagbag.py:588} INFO - Filling up the DagBag from /home/aangava/MSP/airflow_venv/lib/python3.12/site-packages/airflow/example_dags/example_task_group_decorator.py
[2025-05-14T23:05:33.325-0400] {processor.py:925} INFO - DAG(s) 'example_task_group_decorator' retrieved from /home/aangava/MSP/airflow_venv/lib/python3.12/site-packages/airflow/example_dags/example_task_group_decorator.py
[2025-05-14T23:05:33.353-0400] {logging_mixin.py:190} INFO - [2025-05-14T23:05:33.352-0400] {dag.py:3239} INFO - Sync 1 DAGs
[2025-05-14T23:05:33.369-0400] {logging_mixin.py:190} INFO - [2025-05-14T23:05:33.369-0400] {dag.py:4180} INFO - Setting next_dagrun for example_task_group_decorator to None, run_after=None
[2025-05-14T23:05:33.399-0400] {processor.py:208} INFO - Processing /home/aangava/MSP/airflow_venv/lib/python3.12/site-packages/airflow/example_dags/example_task_group_decorator.py took 0.121 seconds
[2025-05-14T23:06:36.258-0400] {processor.py:186} INFO - Started process (PID=47024) to work on /home/aangava/MSP/airflow_venv/lib/python3.12/site-packages/airflow/example_dags/example_task_group_decorator.py
[2025-05-14T23:06:36.269-0400] {processor.py:914} INFO - Processing file /home/aangava/MSP/airflow_venv/lib/python3.12/site-packages/airflow/example_dags/example_task_group_decorator.py for tasks to queue
[2025-05-14T23:06:36.271-0400] {logging_mixin.py:190} INFO - [2025-05-14T23:06:36.270-0400] {dagbag.py:588} INFO - Filling up the DagBag from /home/aangava/MSP/airflow_venv/lib/python3.12/site-packages/airflow/example_dags/example_task_group_decorator.py
[2025-05-14T23:06:36.292-0400] {processor.py:925} INFO - DAG(s) 'example_task_group_decorator' retrieved from /home/aangava/MSP/airflow_venv/lib/python3.12/site-packages/airflow/example_dags/example_task_group_decorator.py
[2025-05-14T23:06:36.316-0400] {logging_mixin.py:190} INFO - [2025-05-14T23:06:36.315-0400] {dag.py:3239} INFO - Sync 1 DAGs
[2025-05-14T23:06:36.326-0400] {logging_mixin.py:190} INFO - [2025-05-14T23:06:36.326-0400] {dag.py:4180} INFO - Setting next_dagrun for example_task_group_decorator to None, run_after=None
[2025-05-14T23:06:36.349-0400] {processor.py:208} INFO - Processing /home/aangava/MSP/airflow_venv/lib/python3.12/site-packages/airflow/example_dags/example_task_group_decorator.py took 0.100 seconds
[2025-05-14T23:07:37.860-0400] {processor.py:186} INFO - Started process (PID=47267) to work on /home/aangava/MSP/airflow_venv/lib/python3.12/site-packages/airflow/example_dags/example_task_group_decorator.py
[2025-05-14T23:07:37.873-0400] {processor.py:914} INFO - Processing file /home/aangava/MSP/airflow_venv/lib/python3.12/site-packages/airflow/example_dags/example_task_group_decorator.py for tasks to queue
[2025-05-14T23:07:37.876-0400] {logging_mixin.py:190} INFO - [2025-05-14T23:07:37.875-0400] {dagbag.py:588} INFO - Filling up the DagBag from /home/aangava/MSP/airflow_venv/lib/python3.12/site-packages/airflow/example_dags/example_task_group_decorator.py
[2025-05-14T23:07:37.897-0400] {processor.py:925} INFO - DAG(s) 'example_task_group_decorator' retrieved from /home/aangava/MSP/airflow_venv/lib/python3.12/site-packages/airflow/example_dags/example_task_group_decorator.py
[2025-05-14T23:07:37.922-0400] {logging_mixin.py:190} INFO - [2025-05-14T23:07:37.922-0400] {dag.py:3239} INFO - Sync 1 DAGs
[2025-05-14T23:07:37.939-0400] {logging_mixin.py:190} INFO - [2025-05-14T23:07:37.938-0400] {dag.py:4180} INFO - Setting next_dagrun for example_task_group_decorator to None, run_after=None
[2025-05-14T23:07:37.962-0400] {processor.py:208} INFO - Processing /home/aangava/MSP/airflow_venv/lib/python3.12/site-packages/airflow/example_dags/example_task_group_decorator.py took 0.113 seconds
[2025-05-14T23:08:40.585-0400] {processor.py:186} INFO - Started process (PID=47514) to work on /home/aangava/MSP/airflow_venv/lib/python3.12/site-packages/airflow/example_dags/example_task_group_decorator.py
[2025-05-14T23:08:40.596-0400] {processor.py:914} INFO - Processing file /home/aangava/MSP/airflow_venv/lib/python3.12/site-packages/airflow/example_dags/example_task_group_decorator.py for tasks to queue
[2025-05-14T23:08:40.599-0400] {logging_mixin.py:190} INFO - [2025-05-14T23:08:40.598-0400] {dagbag.py:588} INFO - Filling up the DagBag from /home/aangava/MSP/airflow_venv/lib/python3.12/site-packages/airflow/example_dags/example_task_group_decorator.py
[2025-05-14T23:08:40.620-0400] {processor.py:925} INFO - DAG(s) 'example_task_group_decorator' retrieved from /home/aangava/MSP/airflow_venv/lib/python3.12/site-packages/airflow/example_dags/example_task_group_decorator.py
[2025-05-14T23:08:40.644-0400] {logging_mixin.py:190} INFO - [2025-05-14T23:08:40.644-0400] {dag.py:3239} INFO - Sync 1 DAGs
[2025-05-14T23:08:40.657-0400] {logging_mixin.py:190} INFO - [2025-05-14T23:08:40.657-0400] {dag.py:4180} INFO - Setting next_dagrun for example_task_group_decorator to None, run_after=None
[2025-05-14T23:08:40.686-0400] {processor.py:208} INFO - Processing /home/aangava/MSP/airflow_venv/lib/python3.12/site-packages/airflow/example_dags/example_task_group_decorator.py took 0.110 seconds
[2025-05-14T23:09:42.307-0400] {processor.py:186} INFO - Started process (PID=47760) to work on /home/aangava/MSP/airflow_venv/lib/python3.12/site-packages/airflow/example_dags/example_task_group_decorator.py
[2025-05-14T23:09:42.317-0400] {processor.py:914} INFO - Processing file /home/aangava/MSP/airflow_venv/lib/python3.12/site-packages/airflow/example_dags/example_task_group_decorator.py for tasks to queue
[2025-05-14T23:09:42.318-0400] {logging_mixin.py:190} INFO - [2025-05-14T23:09:42.318-0400] {dagbag.py:588} INFO - Filling up the DagBag from /home/aangava/MSP/airflow_venv/lib/python3.12/site-packages/airflow/example_dags/example_task_group_decorator.py
[2025-05-14T23:09:42.328-0400] {processor.py:925} INFO - DAG(s) 'example_task_group_decorator' retrieved from /home/aangava/MSP/airflow_venv/lib/python3.12/site-packages/airflow/example_dags/example_task_group_decorator.py
[2025-05-14T23:09:42.339-0400] {logging_mixin.py:190} INFO - [2025-05-14T23:09:42.339-0400] {dag.py:3239} INFO - Sync 1 DAGs
[2025-05-14T23:09:42.345-0400] {logging_mixin.py:190} INFO - [2025-05-14T23:09:42.345-0400] {dag.py:4180} INFO - Setting next_dagrun for example_task_group_decorator to None, run_after=None
[2025-05-14T23:09:42.361-0400] {processor.py:208} INFO - Processing /home/aangava/MSP/airflow_venv/lib/python3.12/site-packages/airflow/example_dags/example_task_group_decorator.py took 0.057 seconds
[2025-05-14T23:10:47.361-0400] {processor.py:186} INFO - Started process (PID=48017) to work on /home/aangava/MSP/airflow_venv/lib/python3.12/site-packages/airflow/example_dags/example_task_group_decorator.py
[2025-05-14T23:10:47.372-0400] {processor.py:914} INFO - Processing file /home/aangava/MSP/airflow_venv/lib/python3.12/site-packages/airflow/example_dags/example_task_group_decorator.py for tasks to queue
[2025-05-14T23:10:47.375-0400] {logging_mixin.py:190} INFO - [2025-05-14T23:10:47.374-0400] {dagbag.py:588} INFO - Filling up the DagBag from /home/aangava/MSP/airflow_venv/lib/python3.12/site-packages/airflow/example_dags/example_task_group_decorator.py
[2025-05-14T23:10:47.394-0400] {processor.py:925} INFO - DAG(s) 'example_task_group_decorator' retrieved from /home/aangava/MSP/airflow_venv/lib/python3.12/site-packages/airflow/example_dags/example_task_group_decorator.py
[2025-05-14T23:10:47.418-0400] {logging_mixin.py:190} INFO - [2025-05-14T23:10:47.418-0400] {dag.py:3239} INFO - Sync 1 DAGs
[2025-05-14T23:10:47.432-0400] {logging_mixin.py:190} INFO - [2025-05-14T23:10:47.432-0400] {dag.py:4180} INFO - Setting next_dagrun for example_task_group_decorator to None, run_after=None
[2025-05-14T23:10:47.462-0400] {processor.py:208} INFO - Processing /home/aangava/MSP/airflow_venv/lib/python3.12/site-packages/airflow/example_dags/example_task_group_decorator.py took 0.110 seconds
[2025-05-14T23:11:47.002-0400] {processor.py:186} INFO - Started process (PID=48270) to work on /home/aangava/MSP/airflow_venv/lib/python3.12/site-packages/airflow/example_dags/example_task_group_decorator.py
[2025-05-14T23:11:47.014-0400] {processor.py:914} INFO - Processing file /home/aangava/MSP/airflow_venv/lib/python3.12/site-packages/airflow/example_dags/example_task_group_decorator.py for tasks to queue
[2025-05-14T23:11:47.016-0400] {logging_mixin.py:190} INFO - [2025-05-14T23:11:47.016-0400] {dagbag.py:588} INFO - Filling up the DagBag from /home/aangava/MSP/airflow_venv/lib/python3.12/site-packages/airflow/example_dags/example_task_group_decorator.py
[2025-05-14T23:11:47.037-0400] {processor.py:925} INFO - DAG(s) 'example_task_group_decorator' retrieved from /home/aangava/MSP/airflow_venv/lib/python3.12/site-packages/airflow/example_dags/example_task_group_decorator.py
[2025-05-14T23:11:47.060-0400] {logging_mixin.py:190} INFO - [2025-05-14T23:11:47.060-0400] {dag.py:3239} INFO - Sync 1 DAGs
[2025-05-14T23:11:47.076-0400] {logging_mixin.py:190} INFO - [2025-05-14T23:11:47.075-0400] {dag.py:4180} INFO - Setting next_dagrun for example_task_group_decorator to None, run_after=None
[2025-05-14T23:11:47.103-0400] {processor.py:208} INFO - Processing /home/aangava/MSP/airflow_venv/lib/python3.12/site-packages/airflow/example_dags/example_task_group_decorator.py took 0.112 seconds
[2025-05-14T23:12:56.697-0400] {processor.py:186} INFO - Started process (PID=48541) to work on /home/aangava/MSP/airflow_venv/lib/python3.12/site-packages/airflow/example_dags/example_task_group_decorator.py
[2025-05-14T23:12:56.710-0400] {processor.py:914} INFO - Processing file /home/aangava/MSP/airflow_venv/lib/python3.12/site-packages/airflow/example_dags/example_task_group_decorator.py for tasks to queue
[2025-05-14T23:12:56.713-0400] {logging_mixin.py:190} INFO - [2025-05-14T23:12:56.712-0400] {dagbag.py:588} INFO - Filling up the DagBag from /home/aangava/MSP/airflow_venv/lib/python3.12/site-packages/airflow/example_dags/example_task_group_decorator.py
[2025-05-14T23:12:56.734-0400] {processor.py:925} INFO - DAG(s) 'example_task_group_decorator' retrieved from /home/aangava/MSP/airflow_venv/lib/python3.12/site-packages/airflow/example_dags/example_task_group_decorator.py
[2025-05-14T23:12:56.761-0400] {logging_mixin.py:190} INFO - [2025-05-14T23:12:56.760-0400] {dag.py:3239} INFO - Sync 1 DAGs
[2025-05-14T23:12:56.772-0400] {logging_mixin.py:190} INFO - [2025-05-14T23:12:56.772-0400] {dag.py:4180} INFO - Setting next_dagrun for example_task_group_decorator to None, run_after=None
[2025-05-14T23:12:56.798-0400] {processor.py:208} INFO - Processing /home/aangava/MSP/airflow_venv/lib/python3.12/site-packages/airflow/example_dags/example_task_group_decorator.py took 0.110 seconds
[2025-05-14T23:13:55.064-0400] {processor.py:186} INFO - Started process (PID=48772) to work on /home/aangava/MSP/airflow_venv/lib/python3.12/site-packages/airflow/example_dags/example_task_group_decorator.py
[2025-05-14T23:13:55.077-0400] {processor.py:914} INFO - Processing file /home/aangava/MSP/airflow_venv/lib/python3.12/site-packages/airflow/example_dags/example_task_group_decorator.py for tasks to queue
[2025-05-14T23:13:55.079-0400] {logging_mixin.py:190} INFO - [2025-05-14T23:13:55.079-0400] {dagbag.py:588} INFO - Filling up the DagBag from /home/aangava/MSP/airflow_venv/lib/python3.12/site-packages/airflow/example_dags/example_task_group_decorator.py
[2025-05-14T23:13:55.099-0400] {processor.py:925} INFO - DAG(s) 'example_task_group_decorator' retrieved from /home/aangava/MSP/airflow_venv/lib/python3.12/site-packages/airflow/example_dags/example_task_group_decorator.py
[2025-05-14T23:13:55.120-0400] {logging_mixin.py:190} INFO - [2025-05-14T23:13:55.120-0400] {dag.py:3239} INFO - Sync 1 DAGs
[2025-05-14T23:13:55.131-0400] {logging_mixin.py:190} INFO - [2025-05-14T23:13:55.131-0400] {dag.py:4180} INFO - Setting next_dagrun for example_task_group_decorator to None, run_after=None
[2025-05-14T23:13:55.154-0400] {processor.py:208} INFO - Processing /home/aangava/MSP/airflow_venv/lib/python3.12/site-packages/airflow/example_dags/example_task_group_decorator.py took 0.100 seconds
[2025-05-14T23:14:57.753-0400] {processor.py:186} INFO - Started process (PID=49024) to work on /home/aangava/MSP/airflow_venv/lib/python3.12/site-packages/airflow/example_dags/example_task_group_decorator.py
[2025-05-14T23:14:57.764-0400] {processor.py:914} INFO - Processing file /home/aangava/MSP/airflow_venv/lib/python3.12/site-packages/airflow/example_dags/example_task_group_decorator.py for tasks to queue
[2025-05-14T23:14:57.767-0400] {logging_mixin.py:190} INFO - [2025-05-14T23:14:57.766-0400] {dagbag.py:588} INFO - Filling up the DagBag from /home/aangava/MSP/airflow_venv/lib/python3.12/site-packages/airflow/example_dags/example_task_group_decorator.py
[2025-05-14T23:14:57.788-0400] {processor.py:925} INFO - DAG(s) 'example_task_group_decorator' retrieved from /home/aangava/MSP/airflow_venv/lib/python3.12/site-packages/airflow/example_dags/example_task_group_decorator.py
[2025-05-14T23:14:57.812-0400] {logging_mixin.py:190} INFO - [2025-05-14T23:14:57.812-0400] {dag.py:3239} INFO - Sync 1 DAGs
[2025-05-14T23:14:57.824-0400] {logging_mixin.py:190} INFO - [2025-05-14T23:14:57.824-0400] {dag.py:4180} INFO - Setting next_dagrun for example_task_group_decorator to None, run_after=None
[2025-05-14T23:14:57.854-0400] {processor.py:208} INFO - Processing /home/aangava/MSP/airflow_venv/lib/python3.12/site-packages/airflow/example_dags/example_task_group_decorator.py took 0.109 seconds
[2025-05-14T23:16:01.163-0400] {processor.py:186} INFO - Started process (PID=49281) to work on /home/aangava/MSP/airflow_venv/lib/python3.12/site-packages/airflow/example_dags/example_task_group_decorator.py
[2025-05-14T23:16:01.174-0400] {processor.py:914} INFO - Processing file /home/aangava/MSP/airflow_venv/lib/python3.12/site-packages/airflow/example_dags/example_task_group_decorator.py for tasks to queue
[2025-05-14T23:16:01.176-0400] {logging_mixin.py:190} INFO - [2025-05-14T23:16:01.175-0400] {dagbag.py:588} INFO - Filling up the DagBag from /home/aangava/MSP/airflow_venv/lib/python3.12/site-packages/airflow/example_dags/example_task_group_decorator.py
[2025-05-14T23:16:01.192-0400] {processor.py:925} INFO - DAG(s) 'example_task_group_decorator' retrieved from /home/aangava/MSP/airflow_venv/lib/python3.12/site-packages/airflow/example_dags/example_task_group_decorator.py
[2025-05-14T23:16:01.211-0400] {logging_mixin.py:190} INFO - [2025-05-14T23:16:01.211-0400] {dag.py:3239} INFO - Sync 1 DAGs
[2025-05-14T23:16:01.224-0400] {logging_mixin.py:190} INFO - [2025-05-14T23:16:01.223-0400] {dag.py:4180} INFO - Setting next_dagrun for example_task_group_decorator to None, run_after=None
[2025-05-14T23:16:01.245-0400] {processor.py:208} INFO - Processing /home/aangava/MSP/airflow_venv/lib/python3.12/site-packages/airflow/example_dags/example_task_group_decorator.py took 0.092 seconds
[2025-05-14T23:17:02.911-0400] {processor.py:186} INFO - Started process (PID=49534) to work on /home/aangava/MSP/airflow_venv/lib/python3.12/site-packages/airflow/example_dags/example_task_group_decorator.py
[2025-05-14T23:17:02.924-0400] {processor.py:914} INFO - Processing file /home/aangava/MSP/airflow_venv/lib/python3.12/site-packages/airflow/example_dags/example_task_group_decorator.py for tasks to queue
[2025-05-14T23:17:02.927-0400] {logging_mixin.py:190} INFO - [2025-05-14T23:17:02.927-0400] {dagbag.py:588} INFO - Filling up the DagBag from /home/aangava/MSP/airflow_venv/lib/python3.12/site-packages/airflow/example_dags/example_task_group_decorator.py
[2025-05-14T23:17:02.949-0400] {processor.py:925} INFO - DAG(s) 'example_task_group_decorator' retrieved from /home/aangava/MSP/airflow_venv/lib/python3.12/site-packages/airflow/example_dags/example_task_group_decorator.py
[2025-05-14T23:17:02.971-0400] {logging_mixin.py:190} INFO - [2025-05-14T23:17:02.971-0400] {dag.py:3239} INFO - Sync 1 DAGs
[2025-05-14T23:17:02.982-0400] {logging_mixin.py:190} INFO - [2025-05-14T23:17:02.982-0400] {dag.py:4180} INFO - Setting next_dagrun for example_task_group_decorator to None, run_after=None
[2025-05-14T23:17:03.009-0400] {processor.py:208} INFO - Processing /home/aangava/MSP/airflow_venv/lib/python3.12/site-packages/airflow/example_dags/example_task_group_decorator.py took 0.108 seconds
[2025-05-14T23:18:03.515-0400] {processor.py:186} INFO - Started process (PID=49773) to work on /home/aangava/MSP/airflow_venv/lib/python3.12/site-packages/airflow/example_dags/example_task_group_decorator.py
[2025-05-14T23:18:03.526-0400] {processor.py:914} INFO - Processing file /home/aangava/MSP/airflow_venv/lib/python3.12/site-packages/airflow/example_dags/example_task_group_decorator.py for tasks to queue
[2025-05-14T23:18:03.527-0400] {logging_mixin.py:190} INFO - [2025-05-14T23:18:03.527-0400] {dagbag.py:588} INFO - Filling up the DagBag from /home/aangava/MSP/airflow_venv/lib/python3.12/site-packages/airflow/example_dags/example_task_group_decorator.py
[2025-05-14T23:18:03.536-0400] {processor.py:925} INFO - DAG(s) 'example_task_group_decorator' retrieved from /home/aangava/MSP/airflow_venv/lib/python3.12/site-packages/airflow/example_dags/example_task_group_decorator.py
[2025-05-14T23:18:03.547-0400] {logging_mixin.py:190} INFO - [2025-05-14T23:18:03.547-0400] {dag.py:3239} INFO - Sync 1 DAGs
[2025-05-14T23:18:03.554-0400] {logging_mixin.py:190} INFO - [2025-05-14T23:18:03.554-0400] {dag.py:4180} INFO - Setting next_dagrun for example_task_group_decorator to None, run_after=None
[2025-05-14T23:18:03.568-0400] {processor.py:208} INFO - Processing /home/aangava/MSP/airflow_venv/lib/python3.12/site-packages/airflow/example_dags/example_task_group_decorator.py took 0.057 seconds
[2025-05-14T23:19:04.280-0400] {processor.py:186} INFO - Started process (PID=50013) to work on /home/aangava/MSP/airflow_venv/lib/python3.12/site-packages/airflow/example_dags/example_task_group_decorator.py
[2025-05-14T23:19:04.292-0400] {processor.py:914} INFO - Processing file /home/aangava/MSP/airflow_venv/lib/python3.12/site-packages/airflow/example_dags/example_task_group_decorator.py for tasks to queue
[2025-05-14T23:19:04.293-0400] {logging_mixin.py:190} INFO - [2025-05-14T23:19:04.293-0400] {dagbag.py:588} INFO - Filling up the DagBag from /home/aangava/MSP/airflow_venv/lib/python3.12/site-packages/airflow/example_dags/example_task_group_decorator.py
[2025-05-14T23:19:04.310-0400] {processor.py:925} INFO - DAG(s) 'example_task_group_decorator' retrieved from /home/aangava/MSP/airflow_venv/lib/python3.12/site-packages/airflow/example_dags/example_task_group_decorator.py
[2025-05-14T23:19:04.332-0400] {logging_mixin.py:190} INFO - [2025-05-14T23:19:04.331-0400] {dag.py:3239} INFO - Sync 1 DAGs
[2025-05-14T23:19:04.343-0400] {logging_mixin.py:190} INFO - [2025-05-14T23:19:04.343-0400] {dag.py:4180} INFO - Setting next_dagrun for example_task_group_decorator to None, run_after=None
[2025-05-14T23:19:04.362-0400] {processor.py:208} INFO - Processing /home/aangava/MSP/airflow_venv/lib/python3.12/site-packages/airflow/example_dags/example_task_group_decorator.py took 0.094 seconds
[2025-05-14T23:20:06.057-0400] {processor.py:186} INFO - Started process (PID=50262) to work on /home/aangava/MSP/airflow_venv/lib/python3.12/site-packages/airflow/example_dags/example_task_group_decorator.py
[2025-05-14T23:20:06.068-0400] {processor.py:914} INFO - Processing file /home/aangava/MSP/airflow_venv/lib/python3.12/site-packages/airflow/example_dags/example_task_group_decorator.py for tasks to queue
[2025-05-14T23:20:06.070-0400] {logging_mixin.py:190} INFO - [2025-05-14T23:20:06.069-0400] {dagbag.py:588} INFO - Filling up the DagBag from /home/aangava/MSP/airflow_venv/lib/python3.12/site-packages/airflow/example_dags/example_task_group_decorator.py
[2025-05-14T23:20:06.088-0400] {processor.py:925} INFO - DAG(s) 'example_task_group_decorator' retrieved from /home/aangava/MSP/airflow_venv/lib/python3.12/site-packages/airflow/example_dags/example_task_group_decorator.py
[2025-05-14T23:20:06.111-0400] {logging_mixin.py:190} INFO - [2025-05-14T23:20:06.110-0400] {dag.py:3239} INFO - Sync 1 DAGs
[2025-05-14T23:20:06.122-0400] {logging_mixin.py:190} INFO - [2025-05-14T23:20:06.121-0400] {dag.py:4180} INFO - Setting next_dagrun for example_task_group_decorator to None, run_after=None
[2025-05-14T23:20:06.149-0400] {processor.py:208} INFO - Processing /home/aangava/MSP/airflow_venv/lib/python3.12/site-packages/airflow/example_dags/example_task_group_decorator.py took 0.100 seconds
[2025-05-14T23:21:11.300-0400] {processor.py:186} INFO - Started process (PID=50523) to work on /home/aangava/MSP/airflow_venv/lib/python3.12/site-packages/airflow/example_dags/example_task_group_decorator.py
[2025-05-14T23:21:11.314-0400] {processor.py:914} INFO - Processing file /home/aangava/MSP/airflow_venv/lib/python3.12/site-packages/airflow/example_dags/example_task_group_decorator.py for tasks to queue
[2025-05-14T23:21:11.317-0400] {logging_mixin.py:190} INFO - [2025-05-14T23:21:11.316-0400] {dagbag.py:588} INFO - Filling up the DagBag from /home/aangava/MSP/airflow_venv/lib/python3.12/site-packages/airflow/example_dags/example_task_group_decorator.py
[2025-05-14T23:21:11.336-0400] {processor.py:925} INFO - DAG(s) 'example_task_group_decorator' retrieved from /home/aangava/MSP/airflow_venv/lib/python3.12/site-packages/airflow/example_dags/example_task_group_decorator.py
[2025-05-14T23:21:11.368-0400] {logging_mixin.py:190} INFO - [2025-05-14T23:21:11.368-0400] {dag.py:3239} INFO - Sync 1 DAGs
[2025-05-14T23:21:11.384-0400] {logging_mixin.py:190} INFO - [2025-05-14T23:21:11.384-0400] {dag.py:4180} INFO - Setting next_dagrun for example_task_group_decorator to None, run_after=None
[2025-05-14T23:21:11.424-0400] {processor.py:208} INFO - Processing /home/aangava/MSP/airflow_venv/lib/python3.12/site-packages/airflow/example_dags/example_task_group_decorator.py took 0.135 seconds
[2025-05-14T23:22:13.931-0400] {processor.py:186} INFO - Started process (PID=50772) to work on /home/aangava/MSP/airflow_venv/lib/python3.12/site-packages/airflow/example_dags/example_task_group_decorator.py
[2025-05-14T23:22:13.943-0400] {processor.py:914} INFO - Processing file /home/aangava/MSP/airflow_venv/lib/python3.12/site-packages/airflow/example_dags/example_task_group_decorator.py for tasks to queue
[2025-05-14T23:22:13.946-0400] {logging_mixin.py:190} INFO - [2025-05-14T23:22:13.945-0400] {dagbag.py:588} INFO - Filling up the DagBag from /home/aangava/MSP/airflow_venv/lib/python3.12/site-packages/airflow/example_dags/example_task_group_decorator.py
[2025-05-14T23:22:13.964-0400] {processor.py:925} INFO - DAG(s) 'example_task_group_decorator' retrieved from /home/aangava/MSP/airflow_venv/lib/python3.12/site-packages/airflow/example_dags/example_task_group_decorator.py
[2025-05-14T23:22:13.983-0400] {logging_mixin.py:190} INFO - [2025-05-14T23:22:13.983-0400] {dag.py:3239} INFO - Sync 1 DAGs
[2025-05-14T23:22:13.994-0400] {logging_mixin.py:190} INFO - [2025-05-14T23:22:13.994-0400] {dag.py:4180} INFO - Setting next_dagrun for example_task_group_decorator to None, run_after=None
[2025-05-14T23:22:14.014-0400] {processor.py:208} INFO - Processing /home/aangava/MSP/airflow_venv/lib/python3.12/site-packages/airflow/example_dags/example_task_group_decorator.py took 0.092 seconds
[2025-05-14T23:24:54.967-0400] {processor.py:186} INFO - Started process (PID=51089) to work on /home/aangava/MSP/airflow_venv/lib/python3.12/site-packages/airflow/example_dags/example_task_group_decorator.py
[2025-05-14T23:24:54.979-0400] {processor.py:914} INFO - Processing file /home/aangava/MSP/airflow_venv/lib/python3.12/site-packages/airflow/example_dags/example_task_group_decorator.py for tasks to queue
[2025-05-14T23:24:54.982-0400] {logging_mixin.py:190} INFO - [2025-05-14T23:24:54.981-0400] {dagbag.py:588} INFO - Filling up the DagBag from /home/aangava/MSP/airflow_venv/lib/python3.12/site-packages/airflow/example_dags/example_task_group_decorator.py
[2025-05-14T23:24:55.002-0400] {processor.py:925} INFO - DAG(s) 'example_task_group_decorator' retrieved from /home/aangava/MSP/airflow_venv/lib/python3.12/site-packages/airflow/example_dags/example_task_group_decorator.py
[2025-05-14T23:24:55.029-0400] {logging_mixin.py:190} INFO - [2025-05-14T23:24:55.028-0400] {dag.py:3239} INFO - Sync 1 DAGs
[2025-05-14T23:24:55.041-0400] {logging_mixin.py:190} INFO - [2025-05-14T23:24:55.041-0400] {dag.py:4180} INFO - Setting next_dagrun for example_task_group_decorator to None, run_after=None
[2025-05-14T23:24:55.069-0400] {processor.py:208} INFO - Processing /home/aangava/MSP/airflow_venv/lib/python3.12/site-packages/airflow/example_dags/example_task_group_decorator.py took 0.114 seconds
[2025-05-14T23:25:59.315-0400] {processor.py:186} INFO - Started process (PID=51345) to work on /home/aangava/MSP/airflow_venv/lib/python3.12/site-packages/airflow/example_dags/example_task_group_decorator.py
[2025-05-14T23:25:59.327-0400] {processor.py:914} INFO - Processing file /home/aangava/MSP/airflow_venv/lib/python3.12/site-packages/airflow/example_dags/example_task_group_decorator.py for tasks to queue
[2025-05-14T23:25:59.330-0400] {logging_mixin.py:190} INFO - [2025-05-14T23:25:59.329-0400] {dagbag.py:588} INFO - Filling up the DagBag from /home/aangava/MSP/airflow_venv/lib/python3.12/site-packages/airflow/example_dags/example_task_group_decorator.py
[2025-05-14T23:25:59.351-0400] {processor.py:925} INFO - DAG(s) 'example_task_group_decorator' retrieved from /home/aangava/MSP/airflow_venv/lib/python3.12/site-packages/airflow/example_dags/example_task_group_decorator.py
[2025-05-14T23:25:59.376-0400] {logging_mixin.py:190} INFO - [2025-05-14T23:25:59.376-0400] {dag.py:3239} INFO - Sync 1 DAGs
[2025-05-14T23:25:59.388-0400] {logging_mixin.py:190} INFO - [2025-05-14T23:25:59.388-0400] {dag.py:4180} INFO - Setting next_dagrun for example_task_group_decorator to None, run_after=None
[2025-05-14T23:25:59.420-0400] {processor.py:208} INFO - Processing /home/aangava/MSP/airflow_venv/lib/python3.12/site-packages/airflow/example_dags/example_task_group_decorator.py took 0.114 seconds
[2025-05-14T23:27:05.941-0400] {processor.py:186} INFO - Started process (PID=51610) to work on /home/aangava/MSP/airflow_venv/lib/python3.12/site-packages/airflow/example_dags/example_task_group_decorator.py
[2025-05-14T23:27:05.954-0400] {processor.py:914} INFO - Processing file /home/aangava/MSP/airflow_venv/lib/python3.12/site-packages/airflow/example_dags/example_task_group_decorator.py for tasks to queue
[2025-05-14T23:27:05.957-0400] {logging_mixin.py:190} INFO - [2025-05-14T23:27:05.956-0400] {dagbag.py:588} INFO - Filling up the DagBag from /home/aangava/MSP/airflow_venv/lib/python3.12/site-packages/airflow/example_dags/example_task_group_decorator.py
[2025-05-14T23:27:05.977-0400] {processor.py:925} INFO - DAG(s) 'example_task_group_decorator' retrieved from /home/aangava/MSP/airflow_venv/lib/python3.12/site-packages/airflow/example_dags/example_task_group_decorator.py
[2025-05-14T23:27:06.000-0400] {logging_mixin.py:190} INFO - [2025-05-14T23:27:05.999-0400] {dag.py:3239} INFO - Sync 1 DAGs
[2025-05-14T23:27:06.011-0400] {logging_mixin.py:190} INFO - [2025-05-14T23:27:06.011-0400] {dag.py:4180} INFO - Setting next_dagrun for example_task_group_decorator to None, run_after=None
[2025-05-14T23:27:06.038-0400] {processor.py:208} INFO - Processing /home/aangava/MSP/airflow_venv/lib/python3.12/site-packages/airflow/example_dags/example_task_group_decorator.py took 0.107 seconds
[2025-05-14T23:29:07.762-0400] {processor.py:186} INFO - Started process (PID=51991) to work on /home/aangava/MSP/airflow_venv/lib/python3.12/site-packages/airflow/example_dags/example_task_group_decorator.py
[2025-05-14T23:29:07.765-0400] {processor.py:914} INFO - Processing file /home/aangava/MSP/airflow_venv/lib/python3.12/site-packages/airflow/example_dags/example_task_group_decorator.py for tasks to queue
[2025-05-14T23:29:07.767-0400] {logging_mixin.py:190} INFO - [2025-05-14T23:29:07.766-0400] {dagbag.py:588} INFO - Filling up the DagBag from /home/aangava/MSP/airflow_venv/lib/python3.12/site-packages/airflow/example_dags/example_task_group_decorator.py
[2025-05-14T23:29:07.786-0400] {processor.py:925} INFO - DAG(s) 'example_task_group_decorator' retrieved from /home/aangava/MSP/airflow_venv/lib/python3.12/site-packages/airflow/example_dags/example_task_group_decorator.py
[2025-05-14T23:29:07.807-0400] {logging_mixin.py:190} INFO - [2025-05-14T23:29:07.807-0400] {dag.py:3239} INFO - Sync 1 DAGs
[2025-05-14T23:29:07.818-0400] {logging_mixin.py:190} INFO - [2025-05-14T23:29:07.818-0400] {dag.py:4180} INFO - Setting next_dagrun for example_task_group_decorator to None, run_after=None
[2025-05-14T23:29:07.841-0400] {processor.py:208} INFO - Processing /home/aangava/MSP/airflow_venv/lib/python3.12/site-packages/airflow/example_dags/example_task_group_decorator.py took 0.088 seconds
[2025-05-14T23:30:15.384-0400] {processor.py:186} INFO - Started process (PID=52259) to work on /home/aangava/MSP/airflow_venv/lib/python3.12/site-packages/airflow/example_dags/example_task_group_decorator.py
[2025-05-14T23:30:15.395-0400] {processor.py:914} INFO - Processing file /home/aangava/MSP/airflow_venv/lib/python3.12/site-packages/airflow/example_dags/example_task_group_decorator.py for tasks to queue
[2025-05-14T23:30:15.397-0400] {logging_mixin.py:190} INFO - [2025-05-14T23:30:15.396-0400] {dagbag.py:588} INFO - Filling up the DagBag from /home/aangava/MSP/airflow_venv/lib/python3.12/site-packages/airflow/example_dags/example_task_group_decorator.py
[2025-05-14T23:30:15.415-0400] {processor.py:925} INFO - DAG(s) 'example_task_group_decorator' retrieved from /home/aangava/MSP/airflow_venv/lib/python3.12/site-packages/airflow/example_dags/example_task_group_decorator.py
[2025-05-14T23:30:15.438-0400] {logging_mixin.py:190} INFO - [2025-05-14T23:30:15.438-0400] {dag.py:3239} INFO - Sync 1 DAGs
[2025-05-14T23:30:15.452-0400] {logging_mixin.py:190} INFO - [2025-05-14T23:30:15.451-0400] {dag.py:4180} INFO - Setting next_dagrun for example_task_group_decorator to None, run_after=None
[2025-05-14T23:30:15.476-0400] {processor.py:208} INFO - Processing /home/aangava/MSP/airflow_venv/lib/python3.12/site-packages/airflow/example_dags/example_task_group_decorator.py took 0.102 seconds
[2025-05-14T23:31:20.622-0400] {processor.py:186} INFO - Started process (PID=52518) to work on /home/aangava/MSP/airflow_venv/lib/python3.12/site-packages/airflow/example_dags/example_task_group_decorator.py
[2025-05-14T23:31:20.624-0400] {processor.py:914} INFO - Processing file /home/aangava/MSP/airflow_venv/lib/python3.12/site-packages/airflow/example_dags/example_task_group_decorator.py for tasks to queue
[2025-05-14T23:31:20.625-0400] {logging_mixin.py:190} INFO - [2025-05-14T23:31:20.625-0400] {dagbag.py:588} INFO - Filling up the DagBag from /home/aangava/MSP/airflow_venv/lib/python3.12/site-packages/airflow/example_dags/example_task_group_decorator.py
[2025-05-14T23:31:20.638-0400] {processor.py:925} INFO - DAG(s) 'example_task_group_decorator' retrieved from /home/aangava/MSP/airflow_venv/lib/python3.12/site-packages/airflow/example_dags/example_task_group_decorator.py
[2025-05-14T23:31:20.796-0400] {logging_mixin.py:190} INFO - [2025-05-14T23:31:20.796-0400] {dag.py:3239} INFO - Sync 1 DAGs
[2025-05-14T23:31:20.803-0400] {logging_mixin.py:190} INFO - [2025-05-14T23:31:20.803-0400] {dag.py:4180} INFO - Setting next_dagrun for example_task_group_decorator to None, run_after=None
[2025-05-14T23:31:20.826-0400] {processor.py:208} INFO - Processing /home/aangava/MSP/airflow_venv/lib/python3.12/site-packages/airflow/example_dags/example_task_group_decorator.py took 0.209 seconds
[2025-05-14T23:32:33.354-0400] {processor.py:186} INFO - Started process (PID=52808) to work on /home/aangava/MSP/airflow_venv/lib/python3.12/site-packages/airflow/example_dags/example_task_group_decorator.py
[2025-05-14T23:32:33.366-0400] {processor.py:914} INFO - Processing file /home/aangava/MSP/airflow_venv/lib/python3.12/site-packages/airflow/example_dags/example_task_group_decorator.py for tasks to queue
[2025-05-14T23:32:33.368-0400] {logging_mixin.py:190} INFO - [2025-05-14T23:32:33.368-0400] {dagbag.py:588} INFO - Filling up the DagBag from /home/aangava/MSP/airflow_venv/lib/python3.12/site-packages/airflow/example_dags/example_task_group_decorator.py
[2025-05-14T23:32:33.386-0400] {processor.py:925} INFO - DAG(s) 'example_task_group_decorator' retrieved from /home/aangava/MSP/airflow_venv/lib/python3.12/site-packages/airflow/example_dags/example_task_group_decorator.py
[2025-05-14T23:32:33.405-0400] {logging_mixin.py:190} INFO - [2025-05-14T23:32:33.405-0400] {dag.py:3239} INFO - Sync 1 DAGs
[2025-05-14T23:32:33.417-0400] {logging_mixin.py:190} INFO - [2025-05-14T23:32:33.417-0400] {dag.py:4180} INFO - Setting next_dagrun for example_task_group_decorator to None, run_after=None
[2025-05-14T23:32:33.441-0400] {processor.py:208} INFO - Processing /home/aangava/MSP/airflow_venv/lib/python3.12/site-packages/airflow/example_dags/example_task_group_decorator.py took 0.096 seconds
[2025-05-14T23:33:40.851-0400] {processor.py:186} INFO - Started process (PID=53070) to work on /home/aangava/MSP/airflow_venv/lib/python3.12/site-packages/airflow/example_dags/example_task_group_decorator.py
[2025-05-14T23:33:40.854-0400] {processor.py:914} INFO - Processing file /home/aangava/MSP/airflow_venv/lib/python3.12/site-packages/airflow/example_dags/example_task_group_decorator.py for tasks to queue
[2025-05-14T23:33:40.858-0400] {logging_mixin.py:190} INFO - [2025-05-14T23:33:40.857-0400] {dagbag.py:588} INFO - Filling up the DagBag from /home/aangava/MSP/airflow_venv/lib/python3.12/site-packages/airflow/example_dags/example_task_group_decorator.py
[2025-05-14T23:33:40.880-0400] {processor.py:925} INFO - DAG(s) 'example_task_group_decorator' retrieved from /home/aangava/MSP/airflow_venv/lib/python3.12/site-packages/airflow/example_dags/example_task_group_decorator.py
[2025-05-14T23:33:40.907-0400] {logging_mixin.py:190} INFO - [2025-05-14T23:33:40.906-0400] {dag.py:3239} INFO - Sync 1 DAGs
[2025-05-14T23:33:40.922-0400] {logging_mixin.py:190} INFO - [2025-05-14T23:33:40.922-0400] {dag.py:4180} INFO - Setting next_dagrun for example_task_group_decorator to None, run_after=None
[2025-05-14T23:33:40.951-0400] {processor.py:208} INFO - Processing /home/aangava/MSP/airflow_venv/lib/python3.12/site-packages/airflow/example_dags/example_task_group_decorator.py took 0.109 seconds
[2025-05-14T23:40:09.872-0400] {processor.py:186} INFO - Started process (PID=53419) to work on /home/aangava/MSP/airflow_venv/lib/python3.12/site-packages/airflow/example_dags/example_task_group_decorator.py
[2025-05-14T23:40:09.877-0400] {processor.py:914} INFO - Processing file /home/aangava/MSP/airflow_venv/lib/python3.12/site-packages/airflow/example_dags/example_task_group_decorator.py for tasks to queue
[2025-05-14T23:40:09.881-0400] {logging_mixin.py:190} INFO - [2025-05-14T23:40:09.880-0400] {dagbag.py:588} INFO - Filling up the DagBag from /home/aangava/MSP/airflow_venv/lib/python3.12/site-packages/airflow/example_dags/example_task_group_decorator.py
[2025-05-14T23:40:09.900-0400] {processor.py:925} INFO - DAG(s) 'example_task_group_decorator' retrieved from /home/aangava/MSP/airflow_venv/lib/python3.12/site-packages/airflow/example_dags/example_task_group_decorator.py
[2025-05-14T23:40:09.920-0400] {logging_mixin.py:190} INFO - [2025-05-14T23:40:09.920-0400] {dag.py:3239} INFO - Sync 1 DAGs
[2025-05-14T23:40:09.931-0400] {logging_mixin.py:190} INFO - [2025-05-14T23:40:09.930-0400] {dag.py:4180} INFO - Setting next_dagrun for example_task_group_decorator to None, run_after=None
[2025-05-14T23:40:09.963-0400] {processor.py:208} INFO - Processing /home/aangava/MSP/airflow_venv/lib/python3.12/site-packages/airflow/example_dags/example_task_group_decorator.py took 0.112 seconds
[2025-05-14T23:41:15.320-0400] {processor.py:186} INFO - Started process (PID=53676) to work on /home/aangava/MSP/airflow_venv/lib/python3.12/site-packages/airflow/example_dags/example_task_group_decorator.py
[2025-05-14T23:41:15.331-0400] {processor.py:914} INFO - Processing file /home/aangava/MSP/airflow_venv/lib/python3.12/site-packages/airflow/example_dags/example_task_group_decorator.py for tasks to queue
[2025-05-14T23:41:15.334-0400] {logging_mixin.py:190} INFO - [2025-05-14T23:41:15.334-0400] {dagbag.py:588} INFO - Filling up the DagBag from /home/aangava/MSP/airflow_venv/lib/python3.12/site-packages/airflow/example_dags/example_task_group_decorator.py
[2025-05-14T23:41:15.353-0400] {processor.py:925} INFO - DAG(s) 'example_task_group_decorator' retrieved from /home/aangava/MSP/airflow_venv/lib/python3.12/site-packages/airflow/example_dags/example_task_group_decorator.py
[2025-05-14T23:41:15.376-0400] {logging_mixin.py:190} INFO - [2025-05-14T23:41:15.375-0400] {dag.py:3239} INFO - Sync 1 DAGs
[2025-05-14T23:41:15.390-0400] {logging_mixin.py:190} INFO - [2025-05-14T23:41:15.390-0400] {dag.py:4180} INFO - Setting next_dagrun for example_task_group_decorator to None, run_after=None
[2025-05-14T23:41:15.411-0400] {processor.py:208} INFO - Processing /home/aangava/MSP/airflow_venv/lib/python3.12/site-packages/airflow/example_dags/example_task_group_decorator.py took 0.100 seconds
[2025-05-14T23:42:18.297-0400] {processor.py:186} INFO - Started process (PID=53919) to work on /home/aangava/MSP/airflow_venv/lib/python3.12/site-packages/airflow/example_dags/example_task_group_decorator.py
[2025-05-14T23:42:18.309-0400] {processor.py:914} INFO - Processing file /home/aangava/MSP/airflow_venv/lib/python3.12/site-packages/airflow/example_dags/example_task_group_decorator.py for tasks to queue
[2025-05-14T23:42:18.311-0400] {logging_mixin.py:190} INFO - [2025-05-14T23:42:18.310-0400] {dagbag.py:588} INFO - Filling up the DagBag from /home/aangava/MSP/airflow_venv/lib/python3.12/site-packages/airflow/example_dags/example_task_group_decorator.py
[2025-05-14T23:42:18.328-0400] {processor.py:925} INFO - DAG(s) 'example_task_group_decorator' retrieved from /home/aangava/MSP/airflow_venv/lib/python3.12/site-packages/airflow/example_dags/example_task_group_decorator.py
[2025-05-14T23:42:18.348-0400] {logging_mixin.py:190} INFO - [2025-05-14T23:42:18.348-0400] {dag.py:3239} INFO - Sync 1 DAGs
[2025-05-14T23:42:18.359-0400] {logging_mixin.py:190} INFO - [2025-05-14T23:42:18.359-0400] {dag.py:4180} INFO - Setting next_dagrun for example_task_group_decorator to None, run_after=None
[2025-05-14T23:42:18.385-0400] {processor.py:208} INFO - Processing /home/aangava/MSP/airflow_venv/lib/python3.12/site-packages/airflow/example_dags/example_task_group_decorator.py took 0.097 seconds
[2025-05-15T13:38:31.291-0400] {processor.py:186} INFO - Started process (PID=54261) to work on /home/aangava/MSP/airflow_venv/lib/python3.12/site-packages/airflow/example_dags/example_task_group_decorator.py
[2025-05-15T13:38:31.294-0400] {processor.py:914} INFO - Processing file /home/aangava/MSP/airflow_venv/lib/python3.12/site-packages/airflow/example_dags/example_task_group_decorator.py for tasks to queue
[2025-05-15T13:38:31.297-0400] {logging_mixin.py:190} INFO - [2025-05-15T13:38:31.296-0400] {dagbag.py:588} INFO - Filling up the DagBag from /home/aangava/MSP/airflow_venv/lib/python3.12/site-packages/airflow/example_dags/example_task_group_decorator.py
[2025-05-15T13:38:31.314-0400] {processor.py:925} INFO - DAG(s) 'example_task_group_decorator' retrieved from /home/aangava/MSP/airflow_venv/lib/python3.12/site-packages/airflow/example_dags/example_task_group_decorator.py
[2025-05-15T13:38:31.340-0400] {logging_mixin.py:190} INFO - [2025-05-15T13:38:31.340-0400] {dag.py:3239} INFO - Sync 1 DAGs
[2025-05-15T13:38:31.356-0400] {logging_mixin.py:190} INFO - [2025-05-15T13:38:31.355-0400] {dag.py:4180} INFO - Setting next_dagrun for example_task_group_decorator to None, run_after=None
[2025-05-15T13:38:31.386-0400] {processor.py:208} INFO - Processing /home/aangava/MSP/airflow_venv/lib/python3.12/site-packages/airflow/example_dags/example_task_group_decorator.py took 0.104 seconds
[2025-05-15T13:39:48.310-0400] {processor.py:186} INFO - Started process (PID=54580) to work on /home/aangava/MSP/airflow_venv/lib/python3.12/site-packages/airflow/example_dags/example_task_group_decorator.py
[2025-05-15T13:39:48.322-0400] {processor.py:914} INFO - Processing file /home/aangava/MSP/airflow_venv/lib/python3.12/site-packages/airflow/example_dags/example_task_group_decorator.py for tasks to queue
[2025-05-15T13:39:48.325-0400] {logging_mixin.py:190} INFO - [2025-05-15T13:39:48.324-0400] {dagbag.py:588} INFO - Filling up the DagBag from /home/aangava/MSP/airflow_venv/lib/python3.12/site-packages/airflow/example_dags/example_task_group_decorator.py
[2025-05-15T13:39:48.348-0400] {processor.py:925} INFO - DAG(s) 'example_task_group_decorator' retrieved from /home/aangava/MSP/airflow_venv/lib/python3.12/site-packages/airflow/example_dags/example_task_group_decorator.py
[2025-05-15T13:39:48.376-0400] {logging_mixin.py:190} INFO - [2025-05-15T13:39:48.375-0400] {dag.py:3239} INFO - Sync 1 DAGs
[2025-05-15T13:39:48.387-0400] {logging_mixin.py:190} INFO - [2025-05-15T13:39:48.387-0400] {dag.py:4180} INFO - Setting next_dagrun for example_task_group_decorator to None, run_after=None
[2025-05-15T13:39:48.418-0400] {processor.py:208} INFO - Processing /home/aangava/MSP/airflow_venv/lib/python3.12/site-packages/airflow/example_dags/example_task_group_decorator.py took 0.118 seconds
[2025-05-15T13:40:51.746-0400] {processor.py:186} INFO - Started process (PID=54828) to work on /home/aangava/MSP/airflow_venv/lib/python3.12/site-packages/airflow/example_dags/example_task_group_decorator.py
[2025-05-15T13:40:51.758-0400] {processor.py:914} INFO - Processing file /home/aangava/MSP/airflow_venv/lib/python3.12/site-packages/airflow/example_dags/example_task_group_decorator.py for tasks to queue
[2025-05-15T13:40:51.761-0400] {logging_mixin.py:190} INFO - [2025-05-15T13:40:51.760-0400] {dagbag.py:588} INFO - Filling up the DagBag from /home/aangava/MSP/airflow_venv/lib/python3.12/site-packages/airflow/example_dags/example_task_group_decorator.py
[2025-05-15T13:40:51.782-0400] {processor.py:925} INFO - DAG(s) 'example_task_group_decorator' retrieved from /home/aangava/MSP/airflow_venv/lib/python3.12/site-packages/airflow/example_dags/example_task_group_decorator.py
[2025-05-15T13:40:51.810-0400] {logging_mixin.py:190} INFO - [2025-05-15T13:40:51.810-0400] {dag.py:3239} INFO - Sync 1 DAGs
[2025-05-15T13:40:51.822-0400] {logging_mixin.py:190} INFO - [2025-05-15T13:40:51.821-0400] {dag.py:4180} INFO - Setting next_dagrun for example_task_group_decorator to None, run_after=None
[2025-05-15T13:40:51.847-0400] {processor.py:208} INFO - Processing /home/aangava/MSP/airflow_venv/lib/python3.12/site-packages/airflow/example_dags/example_task_group_decorator.py took 0.111 seconds
[2025-05-15T13:41:59.187-0400] {processor.py:186} INFO - Started process (PID=55087) to work on /home/aangava/MSP/airflow_venv/lib/python3.12/site-packages/airflow/example_dags/example_task_group_decorator.py
[2025-05-15T13:41:59.190-0400] {processor.py:914} INFO - Processing file /home/aangava/MSP/airflow_venv/lib/python3.12/site-packages/airflow/example_dags/example_task_group_decorator.py for tasks to queue
[2025-05-15T13:41:59.194-0400] {logging_mixin.py:190} INFO - [2025-05-15T13:41:59.193-0400] {dagbag.py:588} INFO - Filling up the DagBag from /home/aangava/MSP/airflow_venv/lib/python3.12/site-packages/airflow/example_dags/example_task_group_decorator.py
[2025-05-15T13:41:59.216-0400] {processor.py:925} INFO - DAG(s) 'example_task_group_decorator' retrieved from /home/aangava/MSP/airflow_venv/lib/python3.12/site-packages/airflow/example_dags/example_task_group_decorator.py
[2025-05-15T13:41:59.239-0400] {logging_mixin.py:190} INFO - [2025-05-15T13:41:59.239-0400] {dag.py:3239} INFO - Sync 1 DAGs
[2025-05-15T13:41:59.255-0400] {logging_mixin.py:190} INFO - [2025-05-15T13:41:59.254-0400] {dag.py:4180} INFO - Setting next_dagrun for example_task_group_decorator to None, run_after=None
[2025-05-15T13:41:59.288-0400] {processor.py:208} INFO - Processing /home/aangava/MSP/airflow_venv/lib/python3.12/site-packages/airflow/example_dags/example_task_group_decorator.py took 0.112 seconds
[2025-05-15T13:42:58.824-0400] {processor.py:186} INFO - Started process (PID=55326) to work on /home/aangava/MSP/airflow_venv/lib/python3.12/site-packages/airflow/example_dags/example_task_group_decorator.py
[2025-05-15T13:42:58.835-0400] {processor.py:914} INFO - Processing file /home/aangava/MSP/airflow_venv/lib/python3.12/site-packages/airflow/example_dags/example_task_group_decorator.py for tasks to queue
[2025-05-15T13:42:58.837-0400] {logging_mixin.py:190} INFO - [2025-05-15T13:42:58.836-0400] {dagbag.py:588} INFO - Filling up the DagBag from /home/aangava/MSP/airflow_venv/lib/python3.12/site-packages/airflow/example_dags/example_task_group_decorator.py
[2025-05-15T13:42:58.858-0400] {processor.py:925} INFO - DAG(s) 'example_task_group_decorator' retrieved from /home/aangava/MSP/airflow_venv/lib/python3.12/site-packages/airflow/example_dags/example_task_group_decorator.py
[2025-05-15T13:42:58.877-0400] {logging_mixin.py:190} INFO - [2025-05-15T13:42:58.877-0400] {dag.py:3239} INFO - Sync 1 DAGs
[2025-05-15T13:42:58.892-0400] {logging_mixin.py:190} INFO - [2025-05-15T13:42:58.891-0400] {dag.py:4180} INFO - Setting next_dagrun for example_task_group_decorator to None, run_after=None
[2025-05-15T13:42:58.917-0400] {processor.py:208} INFO - Processing /home/aangava/MSP/airflow_venv/lib/python3.12/site-packages/airflow/example_dags/example_task_group_decorator.py took 0.104 seconds
[2025-05-15T13:44:00.691-0400] {processor.py:186} INFO - Started process (PID=55561) to work on /home/aangava/MSP/airflow_venv/lib/python3.12/site-packages/airflow/example_dags/example_task_group_decorator.py
[2025-05-15T13:44:00.703-0400] {processor.py:914} INFO - Processing file /home/aangava/MSP/airflow_venv/lib/python3.12/site-packages/airflow/example_dags/example_task_group_decorator.py for tasks to queue
[2025-05-15T13:44:00.706-0400] {logging_mixin.py:190} INFO - [2025-05-15T13:44:00.705-0400] {dagbag.py:588} INFO - Filling up the DagBag from /home/aangava/MSP/airflow_venv/lib/python3.12/site-packages/airflow/example_dags/example_task_group_decorator.py
[2025-05-15T13:44:00.727-0400] {processor.py:925} INFO - DAG(s) 'example_task_group_decorator' retrieved from /home/aangava/MSP/airflow_venv/lib/python3.12/site-packages/airflow/example_dags/example_task_group_decorator.py
[2025-05-15T13:44:00.750-0400] {logging_mixin.py:190} INFO - [2025-05-15T13:44:00.750-0400] {dag.py:3239} INFO - Sync 1 DAGs
[2025-05-15T13:44:00.762-0400] {logging_mixin.py:190} INFO - [2025-05-15T13:44:00.762-0400] {dag.py:4180} INFO - Setting next_dagrun for example_task_group_decorator to None, run_after=None
[2025-05-15T13:44:00.790-0400] {processor.py:208} INFO - Processing /home/aangava/MSP/airflow_venv/lib/python3.12/site-packages/airflow/example_dags/example_task_group_decorator.py took 0.113 seconds
[2025-05-15T13:45:03.035-0400] {processor.py:186} INFO - Started process (PID=55800) to work on /home/aangava/MSP/airflow_venv/lib/python3.12/site-packages/airflow/example_dags/example_task_group_decorator.py
[2025-05-15T13:45:03.047-0400] {processor.py:914} INFO - Processing file /home/aangava/MSP/airflow_venv/lib/python3.12/site-packages/airflow/example_dags/example_task_group_decorator.py for tasks to queue
[2025-05-15T13:45:03.050-0400] {logging_mixin.py:190} INFO - [2025-05-15T13:45:03.050-0400] {dagbag.py:588} INFO - Filling up the DagBag from /home/aangava/MSP/airflow_venv/lib/python3.12/site-packages/airflow/example_dags/example_task_group_decorator.py
[2025-05-15T13:45:03.072-0400] {processor.py:925} INFO - DAG(s) 'example_task_group_decorator' retrieved from /home/aangava/MSP/airflow_venv/lib/python3.12/site-packages/airflow/example_dags/example_task_group_decorator.py
[2025-05-15T13:45:03.094-0400] {logging_mixin.py:190} INFO - [2025-05-15T13:45:03.094-0400] {dag.py:3239} INFO - Sync 1 DAGs
[2025-05-15T13:45:03.106-0400] {logging_mixin.py:190} INFO - [2025-05-15T13:45:03.106-0400] {dag.py:4180} INFO - Setting next_dagrun for example_task_group_decorator to None, run_after=None
[2025-05-15T13:45:03.133-0400] {processor.py:208} INFO - Processing /home/aangava/MSP/airflow_venv/lib/python3.12/site-packages/airflow/example_dags/example_task_group_decorator.py took 0.111 seconds
[2025-05-15T13:46:05.741-0400] {processor.py:186} INFO - Started process (PID=56037) to work on /home/aangava/MSP/airflow_venv/lib/python3.12/site-packages/airflow/example_dags/example_task_group_decorator.py
[2025-05-15T13:46:05.753-0400] {processor.py:914} INFO - Processing file /home/aangava/MSP/airflow_venv/lib/python3.12/site-packages/airflow/example_dags/example_task_group_decorator.py for tasks to queue
[2025-05-15T13:46:05.755-0400] {logging_mixin.py:190} INFO - [2025-05-15T13:46:05.754-0400] {dagbag.py:588} INFO - Filling up the DagBag from /home/aangava/MSP/airflow_venv/lib/python3.12/site-packages/airflow/example_dags/example_task_group_decorator.py
[2025-05-15T13:46:05.776-0400] {processor.py:925} INFO - DAG(s) 'example_task_group_decorator' retrieved from /home/aangava/MSP/airflow_venv/lib/python3.12/site-packages/airflow/example_dags/example_task_group_decorator.py
[2025-05-15T13:46:05.797-0400] {logging_mixin.py:190} INFO - [2025-05-15T13:46:05.796-0400] {dag.py:3239} INFO - Sync 1 DAGs
[2025-05-15T13:46:05.809-0400] {logging_mixin.py:190} INFO - [2025-05-15T13:46:05.809-0400] {dag.py:4180} INFO - Setting next_dagrun for example_task_group_decorator to None, run_after=None
[2025-05-15T13:46:05.834-0400] {processor.py:208} INFO - Processing /home/aangava/MSP/airflow_venv/lib/python3.12/site-packages/airflow/example_dags/example_task_group_decorator.py took 0.103 seconds
[2025-05-15T13:47:05.556-0400] {processor.py:186} INFO - Started process (PID=56273) to work on /home/aangava/MSP/airflow_venv/lib/python3.12/site-packages/airflow/example_dags/example_task_group_decorator.py
[2025-05-15T13:47:05.568-0400] {processor.py:914} INFO - Processing file /home/aangava/MSP/airflow_venv/lib/python3.12/site-packages/airflow/example_dags/example_task_group_decorator.py for tasks to queue
[2025-05-15T13:47:05.571-0400] {logging_mixin.py:190} INFO - [2025-05-15T13:47:05.570-0400] {dagbag.py:588} INFO - Filling up the DagBag from /home/aangava/MSP/airflow_venv/lib/python3.12/site-packages/airflow/example_dags/example_task_group_decorator.py
[2025-05-15T13:47:05.591-0400] {processor.py:925} INFO - DAG(s) 'example_task_group_decorator' retrieved from /home/aangava/MSP/airflow_venv/lib/python3.12/site-packages/airflow/example_dags/example_task_group_decorator.py
[2025-05-15T13:47:05.612-0400] {logging_mixin.py:190} INFO - [2025-05-15T13:47:05.612-0400] {dag.py:3239} INFO - Sync 1 DAGs
[2025-05-15T13:47:05.624-0400] {logging_mixin.py:190} INFO - [2025-05-15T13:47:05.623-0400] {dag.py:4180} INFO - Setting next_dagrun for example_task_group_decorator to None, run_after=None
[2025-05-15T13:47:05.653-0400] {processor.py:208} INFO - Processing /home/aangava/MSP/airflow_venv/lib/python3.12/site-packages/airflow/example_dags/example_task_group_decorator.py took 0.108 seconds
[2025-05-15T13:48:12.136-0400] {processor.py:186} INFO - Started process (PID=56540) to work on /home/aangava/MSP/airflow_venv/lib/python3.12/site-packages/airflow/example_dags/example_task_group_decorator.py
[2025-05-15T13:48:12.137-0400] {processor.py:914} INFO - Processing file /home/aangava/MSP/airflow_venv/lib/python3.12/site-packages/airflow/example_dags/example_task_group_decorator.py for tasks to queue
[2025-05-15T13:48:12.138-0400] {logging_mixin.py:190} INFO - [2025-05-15T13:48:12.138-0400] {dagbag.py:588} INFO - Filling up the DagBag from /home/aangava/MSP/airflow_venv/lib/python3.12/site-packages/airflow/example_dags/example_task_group_decorator.py
[2025-05-15T13:48:12.160-0400] {processor.py:925} INFO - DAG(s) 'example_task_group_decorator' retrieved from /home/aangava/MSP/airflow_venv/lib/python3.12/site-packages/airflow/example_dags/example_task_group_decorator.py
[2025-05-15T13:48:12.179-0400] {logging_mixin.py:190} INFO - [2025-05-15T13:48:12.179-0400] {dag.py:3239} INFO - Sync 1 DAGs
[2025-05-15T13:48:12.191-0400] {logging_mixin.py:190} INFO - [2025-05-15T13:48:12.191-0400] {dag.py:4180} INFO - Setting next_dagrun for example_task_group_decorator to None, run_after=None
[2025-05-15T13:48:12.215-0400] {processor.py:208} INFO - Processing /home/aangava/MSP/airflow_venv/lib/python3.12/site-packages/airflow/example_dags/example_task_group_decorator.py took 0.084 seconds
[2025-05-15T13:59:00.801-0400] {processor.py:186} INFO - Started process (PID=56806) to work on /home/aangava/MSP/airflow_venv/lib/python3.12/site-packages/airflow/example_dags/example_task_group_decorator.py
[2025-05-15T13:59:00.804-0400] {processor.py:914} INFO - Processing file /home/aangava/MSP/airflow_venv/lib/python3.12/site-packages/airflow/example_dags/example_task_group_decorator.py for tasks to queue
[2025-05-15T13:59:00.806-0400] {logging_mixin.py:190} INFO - [2025-05-15T13:59:00.805-0400] {dagbag.py:588} INFO - Filling up the DagBag from /home/aangava/MSP/airflow_venv/lib/python3.12/site-packages/airflow/example_dags/example_task_group_decorator.py
[2025-05-15T13:59:00.827-0400] {processor.py:925} INFO - DAG(s) 'example_task_group_decorator' retrieved from /home/aangava/MSP/airflow_venv/lib/python3.12/site-packages/airflow/example_dags/example_task_group_decorator.py
[2025-05-15T13:59:00.853-0400] {logging_mixin.py:190} INFO - [2025-05-15T13:59:00.852-0400] {dag.py:3239} INFO - Sync 1 DAGs
[2025-05-15T13:59:00.868-0400] {logging_mixin.py:190} INFO - [2025-05-15T13:59:00.868-0400] {dag.py:4180} INFO - Setting next_dagrun for example_task_group_decorator to None, run_after=None
[2025-05-15T13:59:00.891-0400] {processor.py:208} INFO - Processing /home/aangava/MSP/airflow_venv/lib/python3.12/site-packages/airflow/example_dags/example_task_group_decorator.py took 0.101 seconds
[2025-05-15T14:00:07.629-0400] {processor.py:186} INFO - Started process (PID=57055) to work on /home/aangava/MSP/airflow_venv/lib/python3.12/site-packages/airflow/example_dags/example_task_group_decorator.py
[2025-05-15T14:00:07.641-0400] {processor.py:914} INFO - Processing file /home/aangava/MSP/airflow_venv/lib/python3.12/site-packages/airflow/example_dags/example_task_group_decorator.py for tasks to queue
[2025-05-15T14:00:07.644-0400] {logging_mixin.py:190} INFO - [2025-05-15T14:00:07.643-0400] {dagbag.py:588} INFO - Filling up the DagBag from /home/aangava/MSP/airflow_venv/lib/python3.12/site-packages/airflow/example_dags/example_task_group_decorator.py
[2025-05-15T14:00:07.665-0400] {processor.py:925} INFO - DAG(s) 'example_task_group_decorator' retrieved from /home/aangava/MSP/airflow_venv/lib/python3.12/site-packages/airflow/example_dags/example_task_group_decorator.py
[2025-05-15T14:00:07.686-0400] {logging_mixin.py:190} INFO - [2025-05-15T14:00:07.686-0400] {dag.py:3239} INFO - Sync 1 DAGs
[2025-05-15T14:00:07.698-0400] {logging_mixin.py:190} INFO - [2025-05-15T14:00:07.697-0400] {dag.py:4180} INFO - Setting next_dagrun for example_task_group_decorator to None, run_after=None
[2025-05-15T14:00:07.721-0400] {processor.py:208} INFO - Processing /home/aangava/MSP/airflow_venv/lib/python3.12/site-packages/airflow/example_dags/example_task_group_decorator.py took 0.103 seconds
[2025-05-15T14:01:12.169-0400] {processor.py:186} INFO - Started process (PID=57304) to work on /home/aangava/MSP/airflow_venv/lib/python3.12/site-packages/airflow/example_dags/example_task_group_decorator.py
[2025-05-15T14:01:12.180-0400] {processor.py:914} INFO - Processing file /home/aangava/MSP/airflow_venv/lib/python3.12/site-packages/airflow/example_dags/example_task_group_decorator.py for tasks to queue
[2025-05-15T14:01:12.182-0400] {logging_mixin.py:190} INFO - [2025-05-15T14:01:12.182-0400] {dagbag.py:588} INFO - Filling up the DagBag from /home/aangava/MSP/airflow_venv/lib/python3.12/site-packages/airflow/example_dags/example_task_group_decorator.py
[2025-05-15T14:01:12.204-0400] {processor.py:925} INFO - DAG(s) 'example_task_group_decorator' retrieved from /home/aangava/MSP/airflow_venv/lib/python3.12/site-packages/airflow/example_dags/example_task_group_decorator.py
[2025-05-15T14:01:12.226-0400] {logging_mixin.py:190} INFO - [2025-05-15T14:01:12.226-0400] {dag.py:3239} INFO - Sync 1 DAGs
[2025-05-15T14:01:12.240-0400] {logging_mixin.py:190} INFO - [2025-05-15T14:01:12.240-0400] {dag.py:4180} INFO - Setting next_dagrun for example_task_group_decorator to None, run_after=None
[2025-05-15T14:01:12.265-0400] {processor.py:208} INFO - Processing /home/aangava/MSP/airflow_venv/lib/python3.12/site-packages/airflow/example_dags/example_task_group_decorator.py took 0.107 seconds
[2025-05-15T14:57:49.052-0400] {processor.py:186} INFO - Started process (PID=57658) to work on /home/aangava/MSP/airflow_venv/lib/python3.12/site-packages/airflow/example_dags/example_task_group_decorator.py
[2025-05-15T14:57:49.064-0400] {processor.py:914} INFO - Processing file /home/aangava/MSP/airflow_venv/lib/python3.12/site-packages/airflow/example_dags/example_task_group_decorator.py for tasks to queue
[2025-05-15T14:57:49.067-0400] {logging_mixin.py:190} INFO - [2025-05-15T14:57:49.066-0400] {dagbag.py:588} INFO - Filling up the DagBag from /home/aangava/MSP/airflow_venv/lib/python3.12/site-packages/airflow/example_dags/example_task_group_decorator.py
[2025-05-15T14:57:49.089-0400] {processor.py:925} INFO - DAG(s) 'example_task_group_decorator' retrieved from /home/aangava/MSP/airflow_venv/lib/python3.12/site-packages/airflow/example_dags/example_task_group_decorator.py
[2025-05-15T14:57:49.108-0400] {logging_mixin.py:190} INFO - [2025-05-15T14:57:49.108-0400] {dag.py:3239} INFO - Sync 1 DAGs
[2025-05-15T14:57:49.121-0400] {logging_mixin.py:190} INFO - [2025-05-15T14:57:49.121-0400] {dag.py:4180} INFO - Setting next_dagrun for example_task_group_decorator to None, run_after=None
[2025-05-15T14:57:49.145-0400] {processor.py:208} INFO - Processing /home/aangava/MSP/airflow_venv/lib/python3.12/site-packages/airflow/example_dags/example_task_group_decorator.py took 0.105 seconds
[2025-05-15T14:58:51.667-0400] {processor.py:186} INFO - Started process (PID=57899) to work on /home/aangava/MSP/airflow_venv/lib/python3.12/site-packages/airflow/example_dags/example_task_group_decorator.py
[2025-05-15T14:58:51.679-0400] {processor.py:914} INFO - Processing file /home/aangava/MSP/airflow_venv/lib/python3.12/site-packages/airflow/example_dags/example_task_group_decorator.py for tasks to queue
[2025-05-15T14:58:51.682-0400] {logging_mixin.py:190} INFO - [2025-05-15T14:58:51.681-0400] {dagbag.py:588} INFO - Filling up the DagBag from /home/aangava/MSP/airflow_venv/lib/python3.12/site-packages/airflow/example_dags/example_task_group_decorator.py
[2025-05-15T14:58:51.703-0400] {processor.py:925} INFO - DAG(s) 'example_task_group_decorator' retrieved from /home/aangava/MSP/airflow_venv/lib/python3.12/site-packages/airflow/example_dags/example_task_group_decorator.py
[2025-05-15T14:58:51.725-0400] {logging_mixin.py:190} INFO - [2025-05-15T14:58:51.725-0400] {dag.py:3239} INFO - Sync 1 DAGs
[2025-05-15T14:58:51.737-0400] {logging_mixin.py:190} INFO - [2025-05-15T14:58:51.737-0400] {dag.py:4180} INFO - Setting next_dagrun for example_task_group_decorator to None, run_after=None
[2025-05-15T14:58:51.760-0400] {processor.py:208} INFO - Processing /home/aangava/MSP/airflow_venv/lib/python3.12/site-packages/airflow/example_dags/example_task_group_decorator.py took 0.104 seconds
[2025-05-15T15:00:02.491-0400] {processor.py:186} INFO - Started process (PID=58164) to work on /home/aangava/MSP/airflow_venv/lib/python3.12/site-packages/airflow/example_dags/example_task_group_decorator.py
[2025-05-15T15:00:02.504-0400] {processor.py:914} INFO - Processing file /home/aangava/MSP/airflow_venv/lib/python3.12/site-packages/airflow/example_dags/example_task_group_decorator.py for tasks to queue
[2025-05-15T15:00:02.507-0400] {logging_mixin.py:190} INFO - [2025-05-15T15:00:02.506-0400] {dagbag.py:588} INFO - Filling up the DagBag from /home/aangava/MSP/airflow_venv/lib/python3.12/site-packages/airflow/example_dags/example_task_group_decorator.py
[2025-05-15T15:00:02.528-0400] {processor.py:925} INFO - DAG(s) 'example_task_group_decorator' retrieved from /home/aangava/MSP/airflow_venv/lib/python3.12/site-packages/airflow/example_dags/example_task_group_decorator.py
[2025-05-15T15:00:02.548-0400] {logging_mixin.py:190} INFO - [2025-05-15T15:00:02.548-0400] {dag.py:3239} INFO - Sync 1 DAGs
[2025-05-15T15:00:02.560-0400] {logging_mixin.py:190} INFO - [2025-05-15T15:00:02.560-0400] {dag.py:4180} INFO - Setting next_dagrun for example_task_group_decorator to None, run_after=None
[2025-05-15T15:00:02.584-0400] {processor.py:208} INFO - Processing /home/aangava/MSP/airflow_venv/lib/python3.12/site-packages/airflow/example_dags/example_task_group_decorator.py took 0.102 seconds
