[2025-05-14T23:00:13.967-0400] {processor.py:186} INFO - Started process (PID=45483) to work on /home/aangava/MSP/airflow_venv/lib/python3.12/site-packages/airflow/example_dags/example_xcom.py
[2025-05-14T23:00:13.969-0400] {processor.py:914} INFO - Processing file /home/aangava/MSP/airflow_venv/lib/python3.12/site-packages/airflow/example_dags/example_xcom.py for tasks to queue
[2025-05-14T23:00:13.971-0400] {logging_mixin.py:190} INFO - [2025-05-14T23:00:13.970-0400] {dagbag.py:588} INFO - Filling up the DagBag from /home/aangava/MSP/airflow_venv/lib/python3.12/site-packages/airflow/example_dags/example_xcom.py
[2025-05-14T23:00:13.984-0400] {processor.py:925} INFO - DAG(s) 'example_xcom' retrieved from /home/aangava/MSP/airflow_venv/lib/python3.12/site-packages/airflow/example_dags/example_xcom.py
[2025-05-14T23:00:14.005-0400] {logging_mixin.py:190} INFO - [2025-05-14T23:00:14.005-0400] {dag.py:3239} INFO - Sync 1 DAGs
[2025-05-14T23:00:14.025-0400] {logging_mixin.py:190} INFO - [2025-05-14T23:00:14.025-0400] {dag.py:4180} INFO - Setting next_dagrun for example_xcom to 2021-01-01 00:00:00+00:00, run_after=2021-01-01 00:00:00+00:00
[2025-05-14T23:00:14.048-0400] {processor.py:208} INFO - Processing /home/aangava/MSP/airflow_venv/lib/python3.12/site-packages/airflow/example_dags/example_xcom.py took 0.090 seconds
[2025-05-14T23:01:17.685-0400] {processor.py:186} INFO - Started process (PID=45742) to work on /home/aangava/MSP/airflow_venv/lib/python3.12/site-packages/airflow/example_dags/example_xcom.py
[2025-05-14T23:01:17.699-0400] {processor.py:914} INFO - Processing file /home/aangava/MSP/airflow_venv/lib/python3.12/site-packages/airflow/example_dags/example_xcom.py for tasks to queue
[2025-05-14T23:01:17.702-0400] {logging_mixin.py:190} INFO - [2025-05-14T23:01:17.701-0400] {dagbag.py:588} INFO - Filling up the DagBag from /home/aangava/MSP/airflow_venv/lib/python3.12/site-packages/airflow/example_dags/example_xcom.py
[2025-05-14T23:01:17.719-0400] {processor.py:925} INFO - DAG(s) 'example_xcom' retrieved from /home/aangava/MSP/airflow_venv/lib/python3.12/site-packages/airflow/example_dags/example_xcom.py
[2025-05-14T23:01:17.741-0400] {logging_mixin.py:190} INFO - [2025-05-14T23:01:17.740-0400] {dag.py:3239} INFO - Sync 1 DAGs
[2025-05-14T23:01:17.765-0400] {logging_mixin.py:190} INFO - [2025-05-14T23:01:17.765-0400] {dag.py:4180} INFO - Setting next_dagrun for example_xcom to 2021-01-01 00:00:00+00:00, run_after=2021-01-01 00:00:00+00:00
[2025-05-14T23:01:17.792-0400] {processor.py:208} INFO - Processing /home/aangava/MSP/airflow_venv/lib/python3.12/site-packages/airflow/example_dags/example_xcom.py took 0.119 seconds
[2025-05-14T23:02:20.649-0400] {processor.py:186} INFO - Started process (PID=45989) to work on /home/aangava/MSP/airflow_venv/lib/python3.12/site-packages/airflow/example_dags/example_xcom.py
[2025-05-14T23:02:20.660-0400] {processor.py:914} INFO - Processing file /home/aangava/MSP/airflow_venv/lib/python3.12/site-packages/airflow/example_dags/example_xcom.py for tasks to queue
[2025-05-14T23:02:20.663-0400] {logging_mixin.py:190} INFO - [2025-05-14T23:02:20.662-0400] {dagbag.py:588} INFO - Filling up the DagBag from /home/aangava/MSP/airflow_venv/lib/python3.12/site-packages/airflow/example_dags/example_xcom.py
[2025-05-14T23:02:20.681-0400] {processor.py:925} INFO - DAG(s) 'example_xcom' retrieved from /home/aangava/MSP/airflow_venv/lib/python3.12/site-packages/airflow/example_dags/example_xcom.py
[2025-05-14T23:02:20.702-0400] {logging_mixin.py:190} INFO - [2025-05-14T23:02:20.702-0400] {dag.py:3239} INFO - Sync 1 DAGs
[2025-05-14T23:02:20.723-0400] {logging_mixin.py:190} INFO - [2025-05-14T23:02:20.723-0400] {dag.py:4180} INFO - Setting next_dagrun for example_xcom to 2021-01-01 00:00:00+00:00, run_after=2021-01-01 00:00:00+00:00
[2025-05-14T23:02:20.749-0400] {processor.py:208} INFO - Processing /home/aangava/MSP/airflow_venv/lib/python3.12/site-packages/airflow/example_dags/example_xcom.py took 0.110 seconds
[2025-05-14T23:03:21.464-0400] {processor.py:186} INFO - Started process (PID=46228) to work on /home/aangava/MSP/airflow_venv/lib/python3.12/site-packages/airflow/example_dags/example_xcom.py
[2025-05-14T23:03:21.467-0400] {processor.py:914} INFO - Processing file /home/aangava/MSP/airflow_venv/lib/python3.12/site-packages/airflow/example_dags/example_xcom.py for tasks to queue
[2025-05-14T23:03:21.470-0400] {logging_mixin.py:190} INFO - [2025-05-14T23:03:21.469-0400] {dagbag.py:588} INFO - Filling up the DagBag from /home/aangava/MSP/airflow_venv/lib/python3.12/site-packages/airflow/example_dags/example_xcom.py
[2025-05-14T23:03:21.481-0400] {processor.py:925} INFO - DAG(s) 'example_xcom' retrieved from /home/aangava/MSP/airflow_venv/lib/python3.12/site-packages/airflow/example_dags/example_xcom.py
[2025-05-14T23:03:21.504-0400] {logging_mixin.py:190} INFO - [2025-05-14T23:03:21.504-0400] {dag.py:3239} INFO - Sync 1 DAGs
[2025-05-14T23:03:21.520-0400] {logging_mixin.py:190} INFO - [2025-05-14T23:03:21.520-0400] {dag.py:4180} INFO - Setting next_dagrun for example_xcom to 2021-01-01 00:00:00+00:00, run_after=2021-01-01 00:00:00+00:00
[2025-05-14T23:03:21.541-0400] {processor.py:208} INFO - Processing /home/aangava/MSP/airflow_venv/lib/python3.12/site-packages/airflow/example_dags/example_xcom.py took 0.085 seconds
[2025-05-14T23:04:19.141-0400] {processor.py:186} INFO - Started process (PID=46457) to work on /home/aangava/MSP/airflow_venv/lib/python3.12/site-packages/airflow/example_dags/example_xcom.py
[2025-05-14T23:04:19.152-0400] {processor.py:914} INFO - Processing file /home/aangava/MSP/airflow_venv/lib/python3.12/site-packages/airflow/example_dags/example_xcom.py for tasks to queue
[2025-05-14T23:04:19.155-0400] {logging_mixin.py:190} INFO - [2025-05-14T23:04:19.154-0400] {dagbag.py:588} INFO - Filling up the DagBag from /home/aangava/MSP/airflow_venv/lib/python3.12/site-packages/airflow/example_dags/example_xcom.py
[2025-05-14T23:04:19.170-0400] {processor.py:925} INFO - DAG(s) 'example_xcom' retrieved from /home/aangava/MSP/airflow_venv/lib/python3.12/site-packages/airflow/example_dags/example_xcom.py
[2025-05-14T23:04:19.188-0400] {logging_mixin.py:190} INFO - [2025-05-14T23:04:19.188-0400] {dag.py:3239} INFO - Sync 1 DAGs
[2025-05-14T23:04:19.205-0400] {logging_mixin.py:190} INFO - [2025-05-14T23:04:19.205-0400] {dag.py:4180} INFO - Setting next_dagrun for example_xcom to 2021-01-01 00:00:00+00:00, run_after=2021-01-01 00:00:00+00:00
[2025-05-14T23:04:19.228-0400] {processor.py:208} INFO - Processing /home/aangava/MSP/airflow_venv/lib/python3.12/site-packages/airflow/example_dags/example_xcom.py took 0.096 seconds
[2025-05-14T23:05:17.691-0400] {processor.py:186} INFO - Started process (PID=46696) to work on /home/aangava/MSP/airflow_venv/lib/python3.12/site-packages/airflow/example_dags/example_xcom.py
[2025-05-14T23:05:17.696-0400] {processor.py:914} INFO - Processing file /home/aangava/MSP/airflow_venv/lib/python3.12/site-packages/airflow/example_dags/example_xcom.py for tasks to queue
[2025-05-14T23:05:17.699-0400] {logging_mixin.py:190} INFO - [2025-05-14T23:05:17.698-0400] {dagbag.py:588} INFO - Filling up the DagBag from /home/aangava/MSP/airflow_venv/lib/python3.12/site-packages/airflow/example_dags/example_xcom.py
[2025-05-14T23:05:17.713-0400] {processor.py:925} INFO - DAG(s) 'example_xcom' retrieved from /home/aangava/MSP/airflow_venv/lib/python3.12/site-packages/airflow/example_dags/example_xcom.py
[2025-05-14T23:05:17.735-0400] {logging_mixin.py:190} INFO - [2025-05-14T23:05:17.735-0400] {dag.py:3239} INFO - Sync 1 DAGs
[2025-05-14T23:05:17.760-0400] {logging_mixin.py:190} INFO - [2025-05-14T23:05:17.760-0400] {dag.py:4180} INFO - Setting next_dagrun for example_xcom to 2021-01-01 00:00:00+00:00, run_after=2021-01-01 00:00:00+00:00
[2025-05-14T23:05:17.787-0400] {processor.py:208} INFO - Processing /home/aangava/MSP/airflow_venv/lib/python3.12/site-packages/airflow/example_dags/example_xcom.py took 0.108 seconds
[2025-05-14T23:06:20.838-0400] {processor.py:186} INFO - Started process (PID=46959) to work on /home/aangava/MSP/airflow_venv/lib/python3.12/site-packages/airflow/example_dags/example_xcom.py
[2025-05-14T23:06:20.850-0400] {processor.py:914} INFO - Processing file /home/aangava/MSP/airflow_venv/lib/python3.12/site-packages/airflow/example_dags/example_xcom.py for tasks to queue
[2025-05-14T23:06:20.852-0400] {logging_mixin.py:190} INFO - [2025-05-14T23:06:20.852-0400] {dagbag.py:588} INFO - Filling up the DagBag from /home/aangava/MSP/airflow_venv/lib/python3.12/site-packages/airflow/example_dags/example_xcom.py
[2025-05-14T23:06:20.865-0400] {processor.py:925} INFO - DAG(s) 'example_xcom' retrieved from /home/aangava/MSP/airflow_venv/lib/python3.12/site-packages/airflow/example_dags/example_xcom.py
[2025-05-14T23:06:20.884-0400] {logging_mixin.py:190} INFO - [2025-05-14T23:06:20.884-0400] {dag.py:3239} INFO - Sync 1 DAGs
[2025-05-14T23:06:20.901-0400] {logging_mixin.py:190} INFO - [2025-05-14T23:06:20.901-0400] {dag.py:4180} INFO - Setting next_dagrun for example_xcom to 2021-01-01 00:00:00+00:00, run_after=2021-01-01 00:00:00+00:00
[2025-05-14T23:06:20.923-0400] {processor.py:208} INFO - Processing /home/aangava/MSP/airflow_venv/lib/python3.12/site-packages/airflow/example_dags/example_xcom.py took 0.096 seconds
[2025-05-14T23:07:19.893-0400] {processor.py:186} INFO - Started process (PID=47198) to work on /home/aangava/MSP/airflow_venv/lib/python3.12/site-packages/airflow/example_dags/example_xcom.py
[2025-05-14T23:07:19.906-0400] {processor.py:914} INFO - Processing file /home/aangava/MSP/airflow_venv/lib/python3.12/site-packages/airflow/example_dags/example_xcom.py for tasks to queue
[2025-05-14T23:07:19.908-0400] {logging_mixin.py:190} INFO - [2025-05-14T23:07:19.907-0400] {dagbag.py:588} INFO - Filling up the DagBag from /home/aangava/MSP/airflow_venv/lib/python3.12/site-packages/airflow/example_dags/example_xcom.py
[2025-05-14T23:07:19.921-0400] {processor.py:925} INFO - DAG(s) 'example_xcom' retrieved from /home/aangava/MSP/airflow_venv/lib/python3.12/site-packages/airflow/example_dags/example_xcom.py
[2025-05-14T23:07:19.940-0400] {logging_mixin.py:190} INFO - [2025-05-14T23:07:19.940-0400] {dag.py:3239} INFO - Sync 1 DAGs
[2025-05-14T23:07:19.961-0400] {logging_mixin.py:190} INFO - [2025-05-14T23:07:19.960-0400] {dag.py:4180} INFO - Setting next_dagrun for example_xcom to 2021-01-01 00:00:00+00:00, run_after=2021-01-01 00:00:00+00:00
[2025-05-14T23:07:19.988-0400] {processor.py:208} INFO - Processing /home/aangava/MSP/airflow_venv/lib/python3.12/site-packages/airflow/example_dags/example_xcom.py took 0.103 seconds
[2025-05-14T23:08:24.890-0400] {processor.py:186} INFO - Started process (PID=47457) to work on /home/aangava/MSP/airflow_venv/lib/python3.12/site-packages/airflow/example_dags/example_xcom.py
[2025-05-14T23:08:24.902-0400] {processor.py:914} INFO - Processing file /home/aangava/MSP/airflow_venv/lib/python3.12/site-packages/airflow/example_dags/example_xcom.py for tasks to queue
[2025-05-14T23:08:24.905-0400] {logging_mixin.py:190} INFO - [2025-05-14T23:08:24.904-0400] {dagbag.py:588} INFO - Filling up the DagBag from /home/aangava/MSP/airflow_venv/lib/python3.12/site-packages/airflow/example_dags/example_xcom.py
[2025-05-14T23:08:24.919-0400] {processor.py:925} INFO - DAG(s) 'example_xcom' retrieved from /home/aangava/MSP/airflow_venv/lib/python3.12/site-packages/airflow/example_dags/example_xcom.py
[2025-05-14T23:08:24.935-0400] {logging_mixin.py:190} INFO - [2025-05-14T23:08:24.935-0400] {dag.py:3239} INFO - Sync 1 DAGs
[2025-05-14T23:08:24.952-0400] {logging_mixin.py:190} INFO - [2025-05-14T23:08:24.952-0400] {dag.py:4180} INFO - Setting next_dagrun for example_xcom to 2021-01-01 00:00:00+00:00, run_after=2021-01-01 00:00:00+00:00
[2025-05-14T23:08:24.975-0400] {processor.py:208} INFO - Processing /home/aangava/MSP/airflow_venv/lib/python3.12/site-packages/airflow/example_dags/example_xcom.py took 0.095 seconds
[2025-05-14T23:09:26.778-0400] {processor.py:186} INFO - Started process (PID=47701) to work on /home/aangava/MSP/airflow_venv/lib/python3.12/site-packages/airflow/example_dags/example_xcom.py
[2025-05-14T23:09:26.789-0400] {processor.py:914} INFO - Processing file /home/aangava/MSP/airflow_venv/lib/python3.12/site-packages/airflow/example_dags/example_xcom.py for tasks to queue
[2025-05-14T23:09:26.791-0400] {logging_mixin.py:190} INFO - [2025-05-14T23:09:26.791-0400] {dagbag.py:588} INFO - Filling up the DagBag from /home/aangava/MSP/airflow_venv/lib/python3.12/site-packages/airflow/example_dags/example_xcom.py
[2025-05-14T23:09:26.804-0400] {processor.py:925} INFO - DAG(s) 'example_xcom' retrieved from /home/aangava/MSP/airflow_venv/lib/python3.12/site-packages/airflow/example_dags/example_xcom.py
[2025-05-14T23:09:26.827-0400] {logging_mixin.py:190} INFO - [2025-05-14T23:09:26.827-0400] {dag.py:3239} INFO - Sync 1 DAGs
[2025-05-14T23:09:26.845-0400] {logging_mixin.py:190} INFO - [2025-05-14T23:09:26.845-0400] {dag.py:4180} INFO - Setting next_dagrun for example_xcom to 2021-01-01 00:00:00+00:00, run_after=2021-01-01 00:00:00+00:00
[2025-05-14T23:09:26.869-0400] {processor.py:208} INFO - Processing /home/aangava/MSP/airflow_venv/lib/python3.12/site-packages/airflow/example_dags/example_xcom.py took 0.098 seconds
[2025-05-14T23:10:31.691-0400] {processor.py:186} INFO - Started process (PID=47960) to work on /home/aangava/MSP/airflow_venv/lib/python3.12/site-packages/airflow/example_dags/example_xcom.py
[2025-05-14T23:10:31.703-0400] {processor.py:914} INFO - Processing file /home/aangava/MSP/airflow_venv/lib/python3.12/site-packages/airflow/example_dags/example_xcom.py for tasks to queue
[2025-05-14T23:10:31.706-0400] {logging_mixin.py:190} INFO - [2025-05-14T23:10:31.705-0400] {dagbag.py:588} INFO - Filling up the DagBag from /home/aangava/MSP/airflow_venv/lib/python3.12/site-packages/airflow/example_dags/example_xcom.py
[2025-05-14T23:10:31.719-0400] {processor.py:925} INFO - DAG(s) 'example_xcom' retrieved from /home/aangava/MSP/airflow_venv/lib/python3.12/site-packages/airflow/example_dags/example_xcom.py
[2025-05-14T23:10:31.737-0400] {logging_mixin.py:190} INFO - [2025-05-14T23:10:31.737-0400] {dag.py:3239} INFO - Sync 1 DAGs
[2025-05-14T23:10:31.754-0400] {logging_mixin.py:190} INFO - [2025-05-14T23:10:31.754-0400] {dag.py:4180} INFO - Setting next_dagrun for example_xcom to 2021-01-01 00:00:00+00:00, run_after=2021-01-01 00:00:00+00:00
[2025-05-14T23:10:31.794-0400] {processor.py:208} INFO - Processing /home/aangava/MSP/airflow_venv/lib/python3.12/site-packages/airflow/example_dags/example_xcom.py took 0.116 seconds
[2025-05-14T23:11:31.956-0400] {processor.py:186} INFO - Started process (PID=48211) to work on /home/aangava/MSP/airflow_venv/lib/python3.12/site-packages/airflow/example_dags/example_xcom.py
[2025-05-14T23:11:31.968-0400] {processor.py:914} INFO - Processing file /home/aangava/MSP/airflow_venv/lib/python3.12/site-packages/airflow/example_dags/example_xcom.py for tasks to queue
[2025-05-14T23:11:31.970-0400] {logging_mixin.py:190} INFO - [2025-05-14T23:11:31.970-0400] {dagbag.py:588} INFO - Filling up the DagBag from /home/aangava/MSP/airflow_venv/lib/python3.12/site-packages/airflow/example_dags/example_xcom.py
[2025-05-14T23:11:31.984-0400] {processor.py:925} INFO - DAG(s) 'example_xcom' retrieved from /home/aangava/MSP/airflow_venv/lib/python3.12/site-packages/airflow/example_dags/example_xcom.py
[2025-05-14T23:11:32.005-0400] {logging_mixin.py:190} INFO - [2025-05-14T23:11:32.005-0400] {dag.py:3239} INFO - Sync 1 DAGs
[2025-05-14T23:11:32.024-0400] {logging_mixin.py:190} INFO - [2025-05-14T23:11:32.024-0400] {dag.py:4180} INFO - Setting next_dagrun for example_xcom to 2021-01-01 00:00:00+00:00, run_after=2021-01-01 00:00:00+00:00
[2025-05-14T23:11:32.046-0400] {processor.py:208} INFO - Processing /home/aangava/MSP/airflow_venv/lib/python3.12/site-packages/airflow/example_dags/example_xcom.py took 0.097 seconds
[2025-05-14T23:12:39.883-0400] {processor.py:186} INFO - Started process (PID=48476) to work on /home/aangava/MSP/airflow_venv/lib/python3.12/site-packages/airflow/example_dags/example_xcom.py
[2025-05-14T23:12:39.897-0400] {processor.py:914} INFO - Processing file /home/aangava/MSP/airflow_venv/lib/python3.12/site-packages/airflow/example_dags/example_xcom.py for tasks to queue
[2025-05-14T23:12:39.900-0400] {logging_mixin.py:190} INFO - [2025-05-14T23:12:39.899-0400] {dagbag.py:588} INFO - Filling up the DagBag from /home/aangava/MSP/airflow_venv/lib/python3.12/site-packages/airflow/example_dags/example_xcom.py
[2025-05-14T23:12:39.913-0400] {processor.py:925} INFO - DAG(s) 'example_xcom' retrieved from /home/aangava/MSP/airflow_venv/lib/python3.12/site-packages/airflow/example_dags/example_xcom.py
[2025-05-14T23:12:39.934-0400] {logging_mixin.py:190} INFO - [2025-05-14T23:12:39.934-0400] {dag.py:3239} INFO - Sync 1 DAGs
[2025-05-14T23:12:39.955-0400] {logging_mixin.py:190} INFO - [2025-05-14T23:12:39.955-0400] {dag.py:4180} INFO - Setting next_dagrun for example_xcom to 2021-01-01 00:00:00+00:00, run_after=2021-01-01 00:00:00+00:00
[2025-05-14T23:12:39.980-0400] {processor.py:208} INFO - Processing /home/aangava/MSP/airflow_venv/lib/python3.12/site-packages/airflow/example_dags/example_xcom.py took 0.107 seconds
[2025-05-14T23:13:38.713-0400] {processor.py:186} INFO - Started process (PID=48715) to work on /home/aangava/MSP/airflow_venv/lib/python3.12/site-packages/airflow/example_dags/example_xcom.py
[2025-05-14T23:13:38.714-0400] {processor.py:914} INFO - Processing file /home/aangava/MSP/airflow_venv/lib/python3.12/site-packages/airflow/example_dags/example_xcom.py for tasks to queue
[2025-05-14T23:13:38.715-0400] {logging_mixin.py:190} INFO - [2025-05-14T23:13:38.715-0400] {dagbag.py:588} INFO - Filling up the DagBag from /home/aangava/MSP/airflow_venv/lib/python3.12/site-packages/airflow/example_dags/example_xcom.py
[2025-05-14T23:13:38.720-0400] {processor.py:925} INFO - DAG(s) 'example_xcom' retrieved from /home/aangava/MSP/airflow_venv/lib/python3.12/site-packages/airflow/example_dags/example_xcom.py
[2025-05-14T23:13:38.730-0400] {logging_mixin.py:190} INFO - [2025-05-14T23:13:38.730-0400] {dag.py:3239} INFO - Sync 1 DAGs
[2025-05-14T23:13:38.740-0400] {logging_mixin.py:190} INFO - [2025-05-14T23:13:38.740-0400] {dag.py:4180} INFO - Setting next_dagrun for example_xcom to 2021-01-01 00:00:00+00:00, run_after=2021-01-01 00:00:00+00:00
[2025-05-14T23:13:38.756-0400] {processor.py:208} INFO - Processing /home/aangava/MSP/airflow_venv/lib/python3.12/site-packages/airflow/example_dags/example_xcom.py took 0.047 seconds
[2025-05-14T23:14:42.136-0400] {processor.py:186} INFO - Started process (PID=48957) to work on /home/aangava/MSP/airflow_venv/lib/python3.12/site-packages/airflow/example_dags/example_xcom.py
[2025-05-14T23:14:42.149-0400] {processor.py:914} INFO - Processing file /home/aangava/MSP/airflow_venv/lib/python3.12/site-packages/airflow/example_dags/example_xcom.py for tasks to queue
[2025-05-14T23:14:42.152-0400] {logging_mixin.py:190} INFO - [2025-05-14T23:14:42.151-0400] {dagbag.py:588} INFO - Filling up the DagBag from /home/aangava/MSP/airflow_venv/lib/python3.12/site-packages/airflow/example_dags/example_xcom.py
[2025-05-14T23:14:42.167-0400] {processor.py:925} INFO - DAG(s) 'example_xcom' retrieved from /home/aangava/MSP/airflow_venv/lib/python3.12/site-packages/airflow/example_dags/example_xcom.py
[2025-05-14T23:14:42.190-0400] {logging_mixin.py:190} INFO - [2025-05-14T23:14:42.190-0400] {dag.py:3239} INFO - Sync 1 DAGs
[2025-05-14T23:14:42.207-0400] {logging_mixin.py:190} INFO - [2025-05-14T23:14:42.206-0400] {dag.py:4180} INFO - Setting next_dagrun for example_xcom to 2021-01-01 00:00:00+00:00, run_after=2021-01-01 00:00:00+00:00
[2025-05-14T23:14:42.231-0400] {processor.py:208} INFO - Processing /home/aangava/MSP/airflow_venv/lib/python3.12/site-packages/airflow/example_dags/example_xcom.py took 0.104 seconds
[2025-05-14T23:15:44.577-0400] {processor.py:186} INFO - Started process (PID=49221) to work on /home/aangava/MSP/airflow_venv/lib/python3.12/site-packages/airflow/example_dags/example_xcom.py
[2025-05-14T23:15:44.589-0400] {processor.py:914} INFO - Processing file /home/aangava/MSP/airflow_venv/lib/python3.12/site-packages/airflow/example_dags/example_xcom.py for tasks to queue
[2025-05-14T23:15:44.592-0400] {logging_mixin.py:190} INFO - [2025-05-14T23:15:44.591-0400] {dagbag.py:588} INFO - Filling up the DagBag from /home/aangava/MSP/airflow_venv/lib/python3.12/site-packages/airflow/example_dags/example_xcom.py
[2025-05-14T23:15:44.609-0400] {processor.py:925} INFO - DAG(s) 'example_xcom' retrieved from /home/aangava/MSP/airflow_venv/lib/python3.12/site-packages/airflow/example_dags/example_xcom.py
[2025-05-14T23:15:44.636-0400] {logging_mixin.py:190} INFO - [2025-05-14T23:15:44.636-0400] {dag.py:3239} INFO - Sync 1 DAGs
[2025-05-14T23:15:44.657-0400] {logging_mixin.py:190} INFO - [2025-05-14T23:15:44.656-0400] {dag.py:4180} INFO - Setting next_dagrun for example_xcom to 2021-01-01 00:00:00+00:00, run_after=2021-01-01 00:00:00+00:00
[2025-05-14T23:15:44.679-0400] {processor.py:208} INFO - Processing /home/aangava/MSP/airflow_venv/lib/python3.12/site-packages/airflow/example_dags/example_xcom.py took 0.112 seconds
[2025-05-14T23:16:48.725-0400] {processor.py:186} INFO - Started process (PID=49474) to work on /home/aangava/MSP/airflow_venv/lib/python3.12/site-packages/airflow/example_dags/example_xcom.py
[2025-05-14T23:16:48.726-0400] {processor.py:914} INFO - Processing file /home/aangava/MSP/airflow_venv/lib/python3.12/site-packages/airflow/example_dags/example_xcom.py for tasks to queue
[2025-05-14T23:16:48.727-0400] {logging_mixin.py:190} INFO - [2025-05-14T23:16:48.727-0400] {dagbag.py:588} INFO - Filling up the DagBag from /home/aangava/MSP/airflow_venv/lib/python3.12/site-packages/airflow/example_dags/example_xcom.py
[2025-05-14T23:16:48.735-0400] {processor.py:925} INFO - DAG(s) 'example_xcom' retrieved from /home/aangava/MSP/airflow_venv/lib/python3.12/site-packages/airflow/example_dags/example_xcom.py
[2025-05-14T23:16:48.748-0400] {logging_mixin.py:190} INFO - [2025-05-14T23:16:48.747-0400] {dag.py:3239} INFO - Sync 1 DAGs
[2025-05-14T23:16:48.759-0400] {logging_mixin.py:190} INFO - [2025-05-14T23:16:48.759-0400] {dag.py:4180} INFO - Setting next_dagrun for example_xcom to 2021-01-01 00:00:00+00:00, run_after=2021-01-01 00:00:00+00:00
[2025-05-14T23:16:48.771-0400] {processor.py:208} INFO - Processing /home/aangava/MSP/airflow_venv/lib/python3.12/site-packages/airflow/example_dags/example_xcom.py took 0.051 seconds
[2025-05-14T23:17:47.868-0400] {processor.py:186} INFO - Started process (PID=49714) to work on /home/aangava/MSP/airflow_venv/lib/python3.12/site-packages/airflow/example_dags/example_xcom.py
[2025-05-14T23:17:47.879-0400] {processor.py:914} INFO - Processing file /home/aangava/MSP/airflow_venv/lib/python3.12/site-packages/airflow/example_dags/example_xcom.py for tasks to queue
[2025-05-14T23:17:47.883-0400] {logging_mixin.py:190} INFO - [2025-05-14T23:17:47.882-0400] {dagbag.py:588} INFO - Filling up the DagBag from /home/aangava/MSP/airflow_venv/lib/python3.12/site-packages/airflow/example_dags/example_xcom.py
[2025-05-14T23:17:47.897-0400] {processor.py:925} INFO - DAG(s) 'example_xcom' retrieved from /home/aangava/MSP/airflow_venv/lib/python3.12/site-packages/airflow/example_dags/example_xcom.py
[2025-05-14T23:17:47.918-0400] {logging_mixin.py:190} INFO - [2025-05-14T23:17:47.918-0400] {dag.py:3239} INFO - Sync 1 DAGs
[2025-05-14T23:17:47.936-0400] {logging_mixin.py:190} INFO - [2025-05-14T23:17:47.936-0400] {dag.py:4180} INFO - Setting next_dagrun for example_xcom to 2021-01-01 00:00:00+00:00, run_after=2021-01-01 00:00:00+00:00
[2025-05-14T23:17:47.963-0400] {processor.py:208} INFO - Processing /home/aangava/MSP/airflow_venv/lib/python3.12/site-packages/airflow/example_dags/example_xcom.py took 0.104 seconds
[2025-05-14T23:18:47.186-0400] {processor.py:186} INFO - Started process (PID=49950) to work on /home/aangava/MSP/airflow_venv/lib/python3.12/site-packages/airflow/example_dags/example_xcom.py
[2025-05-14T23:18:47.197-0400] {processor.py:914} INFO - Processing file /home/aangava/MSP/airflow_venv/lib/python3.12/site-packages/airflow/example_dags/example_xcom.py for tasks to queue
[2025-05-14T23:18:47.199-0400] {logging_mixin.py:190} INFO - [2025-05-14T23:18:47.199-0400] {dagbag.py:588} INFO - Filling up the DagBag from /home/aangava/MSP/airflow_venv/lib/python3.12/site-packages/airflow/example_dags/example_xcom.py
[2025-05-14T23:18:47.209-0400] {processor.py:925} INFO - DAG(s) 'example_xcom' retrieved from /home/aangava/MSP/airflow_venv/lib/python3.12/site-packages/airflow/example_dags/example_xcom.py
[2025-05-14T23:18:47.228-0400] {logging_mixin.py:190} INFO - [2025-05-14T23:18:47.228-0400] {dag.py:3239} INFO - Sync 1 DAGs
[2025-05-14T23:18:47.246-0400] {logging_mixin.py:190} INFO - [2025-05-14T23:18:47.245-0400] {dag.py:4180} INFO - Setting next_dagrun for example_xcom to 2021-01-01 00:00:00+00:00, run_after=2021-01-01 00:00:00+00:00
[2025-05-14T23:18:47.268-0400] {processor.py:208} INFO - Processing /home/aangava/MSP/airflow_venv/lib/python3.12/site-packages/airflow/example_dags/example_xcom.py took 0.094 seconds
[2025-05-14T23:19:49.285-0400] {processor.py:186} INFO - Started process (PID=50197) to work on /home/aangava/MSP/airflow_venv/lib/python3.12/site-packages/airflow/example_dags/example_xcom.py
[2025-05-14T23:19:49.298-0400] {processor.py:914} INFO - Processing file /home/aangava/MSP/airflow_venv/lib/python3.12/site-packages/airflow/example_dags/example_xcom.py for tasks to queue
[2025-05-14T23:19:49.300-0400] {logging_mixin.py:190} INFO - [2025-05-14T23:19:49.300-0400] {dagbag.py:588} INFO - Filling up the DagBag from /home/aangava/MSP/airflow_venv/lib/python3.12/site-packages/airflow/example_dags/example_xcom.py
[2025-05-14T23:19:49.315-0400] {processor.py:925} INFO - DAG(s) 'example_xcom' retrieved from /home/aangava/MSP/airflow_venv/lib/python3.12/site-packages/airflow/example_dags/example_xcom.py
[2025-05-14T23:19:49.333-0400] {logging_mixin.py:190} INFO - [2025-05-14T23:19:49.333-0400] {dag.py:3239} INFO - Sync 1 DAGs
[2025-05-14T23:19:49.350-0400] {logging_mixin.py:190} INFO - [2025-05-14T23:19:49.350-0400] {dag.py:4180} INFO - Setting next_dagrun for example_xcom to 2021-01-01 00:00:00+00:00, run_after=2021-01-01 00:00:00+00:00
[2025-05-14T23:19:49.371-0400] {processor.py:208} INFO - Processing /home/aangava/MSP/airflow_venv/lib/python3.12/site-packages/airflow/example_dags/example_xcom.py took 0.097 seconds
[2025-05-14T23:20:55.298-0400] {processor.py:186} INFO - Started process (PID=50466) to work on /home/aangava/MSP/airflow_venv/lib/python3.12/site-packages/airflow/example_dags/example_xcom.py
[2025-05-14T23:20:55.309-0400] {processor.py:914} INFO - Processing file /home/aangava/MSP/airflow_venv/lib/python3.12/site-packages/airflow/example_dags/example_xcom.py for tasks to queue
[2025-05-14T23:20:55.313-0400] {logging_mixin.py:190} INFO - [2025-05-14T23:20:55.312-0400] {dagbag.py:588} INFO - Filling up the DagBag from /home/aangava/MSP/airflow_venv/lib/python3.12/site-packages/airflow/example_dags/example_xcom.py
[2025-05-14T23:20:55.326-0400] {processor.py:925} INFO - DAG(s) 'example_xcom' retrieved from /home/aangava/MSP/airflow_venv/lib/python3.12/site-packages/airflow/example_dags/example_xcom.py
[2025-05-14T23:20:55.343-0400] {logging_mixin.py:190} INFO - [2025-05-14T23:20:55.343-0400] {dag.py:3239} INFO - Sync 1 DAGs
[2025-05-14T23:20:55.360-0400] {logging_mixin.py:190} INFO - [2025-05-14T23:20:55.360-0400] {dag.py:4180} INFO - Setting next_dagrun for example_xcom to 2021-01-01 00:00:00+00:00, run_after=2021-01-01 00:00:00+00:00
[2025-05-14T23:20:55.382-0400] {processor.py:208} INFO - Processing /home/aangava/MSP/airflow_venv/lib/python3.12/site-packages/airflow/example_dags/example_xcom.py took 0.094 seconds
[2025-05-14T23:21:58.134-0400] {processor.py:186} INFO - Started process (PID=50709) to work on /home/aangava/MSP/airflow_venv/lib/python3.12/site-packages/airflow/example_dags/example_xcom.py
[2025-05-14T23:21:58.147-0400] {processor.py:914} INFO - Processing file /home/aangava/MSP/airflow_venv/lib/python3.12/site-packages/airflow/example_dags/example_xcom.py for tasks to queue
[2025-05-14T23:21:58.150-0400] {logging_mixin.py:190} INFO - [2025-05-14T23:21:58.149-0400] {dagbag.py:588} INFO - Filling up the DagBag from /home/aangava/MSP/airflow_venv/lib/python3.12/site-packages/airflow/example_dags/example_xcom.py
[2025-05-14T23:21:58.166-0400] {processor.py:925} INFO - DAG(s) 'example_xcom' retrieved from /home/aangava/MSP/airflow_venv/lib/python3.12/site-packages/airflow/example_dags/example_xcom.py
[2025-05-14T23:21:58.193-0400] {logging_mixin.py:190} INFO - [2025-05-14T23:21:58.192-0400] {dag.py:3239} INFO - Sync 1 DAGs
[2025-05-14T23:21:58.215-0400] {logging_mixin.py:190} INFO - [2025-05-14T23:21:58.215-0400] {dag.py:4180} INFO - Setting next_dagrun for example_xcom to 2021-01-01 00:00:00+00:00, run_after=2021-01-01 00:00:00+00:00
[2025-05-14T23:21:58.244-0400] {processor.py:208} INFO - Processing /home/aangava/MSP/airflow_venv/lib/python3.12/site-packages/airflow/example_dags/example_xcom.py took 0.120 seconds
[2025-05-14T23:24:39.189-0400] {processor.py:186} INFO - Started process (PID=51032) to work on /home/aangava/MSP/airflow_venv/lib/python3.12/site-packages/airflow/example_dags/example_xcom.py
[2025-05-14T23:24:39.201-0400] {processor.py:914} INFO - Processing file /home/aangava/MSP/airflow_venv/lib/python3.12/site-packages/airflow/example_dags/example_xcom.py for tasks to queue
[2025-05-14T23:24:39.202-0400] {logging_mixin.py:190} INFO - [2025-05-14T23:24:39.202-0400] {dagbag.py:588} INFO - Filling up the DagBag from /home/aangava/MSP/airflow_venv/lib/python3.12/site-packages/airflow/example_dags/example_xcom.py
[2025-05-14T23:24:39.215-0400] {processor.py:925} INFO - DAG(s) 'example_xcom' retrieved from /home/aangava/MSP/airflow_venv/lib/python3.12/site-packages/airflow/example_dags/example_xcom.py
[2025-05-14T23:24:39.235-0400] {logging_mixin.py:190} INFO - [2025-05-14T23:24:39.235-0400] {dag.py:3239} INFO - Sync 1 DAGs
[2025-05-14T23:24:39.256-0400] {logging_mixin.py:190} INFO - [2025-05-14T23:24:39.256-0400] {dag.py:4180} INFO - Setting next_dagrun for example_xcom to 2021-01-01 00:00:00+00:00, run_after=2021-01-01 00:00:00+00:00
[2025-05-14T23:24:39.281-0400] {processor.py:208} INFO - Processing /home/aangava/MSP/airflow_venv/lib/python3.12/site-packages/airflow/example_dags/example_xcom.py took 0.101 seconds
[2025-05-14T23:25:43.332-0400] {processor.py:186} INFO - Started process (PID=51281) to work on /home/aangava/MSP/airflow_venv/lib/python3.12/site-packages/airflow/example_dags/example_xcom.py
[2025-05-14T23:25:43.335-0400] {processor.py:914} INFO - Processing file /home/aangava/MSP/airflow_venv/lib/python3.12/site-packages/airflow/example_dags/example_xcom.py for tasks to queue
[2025-05-14T23:25:43.336-0400] {logging_mixin.py:190} INFO - [2025-05-14T23:25:43.335-0400] {dagbag.py:588} INFO - Filling up the DagBag from /home/aangava/MSP/airflow_venv/lib/python3.12/site-packages/airflow/example_dags/example_xcom.py
[2025-05-14T23:25:43.345-0400] {processor.py:925} INFO - DAG(s) 'example_xcom' retrieved from /home/aangava/MSP/airflow_venv/lib/python3.12/site-packages/airflow/example_dags/example_xcom.py
[2025-05-14T23:25:43.361-0400] {logging_mixin.py:190} INFO - [2025-05-14T23:25:43.361-0400] {dag.py:3239} INFO - Sync 1 DAGs
[2025-05-14T23:25:43.378-0400] {logging_mixin.py:190} INFO - [2025-05-14T23:25:43.378-0400] {dag.py:4180} INFO - Setting next_dagrun for example_xcom to 2021-01-01 00:00:00+00:00, run_after=2021-01-01 00:00:00+00:00
[2025-05-14T23:25:43.399-0400] {processor.py:208} INFO - Processing /home/aangava/MSP/airflow_venv/lib/python3.12/site-packages/airflow/example_dags/example_xcom.py took 0.074 seconds
[2025-05-14T23:26:47.413-0400] {processor.py:186} INFO - Started process (PID=51529) to work on /home/aangava/MSP/airflow_venv/lib/python3.12/site-packages/airflow/example_dags/example_xcom.py
[2025-05-14T23:26:47.425-0400] {processor.py:914} INFO - Processing file /home/aangava/MSP/airflow_venv/lib/python3.12/site-packages/airflow/example_dags/example_xcom.py for tasks to queue
[2025-05-14T23:26:47.428-0400] {logging_mixin.py:190} INFO - [2025-05-14T23:26:47.427-0400] {dagbag.py:588} INFO - Filling up the DagBag from /home/aangava/MSP/airflow_venv/lib/python3.12/site-packages/airflow/example_dags/example_xcom.py
[2025-05-14T23:26:47.441-0400] {processor.py:925} INFO - DAG(s) 'example_xcom' retrieved from /home/aangava/MSP/airflow_venv/lib/python3.12/site-packages/airflow/example_dags/example_xcom.py
[2025-05-14T23:26:47.462-0400] {logging_mixin.py:190} INFO - [2025-05-14T23:26:47.462-0400] {dag.py:3239} INFO - Sync 1 DAGs
[2025-05-14T23:26:47.483-0400] {logging_mixin.py:190} INFO - [2025-05-14T23:26:47.483-0400] {dag.py:4180} INFO - Setting next_dagrun for example_xcom to 2021-01-01 00:00:00+00:00, run_after=2021-01-01 00:00:00+00:00
[2025-05-14T23:26:47.512-0400] {processor.py:208} INFO - Processing /home/aangava/MSP/airflow_venv/lib/python3.12/site-packages/airflow/example_dags/example_xcom.py took 0.107 seconds
[2025-05-14T23:28:50.577-0400] {processor.py:186} INFO - Started process (PID=51928) to work on /home/aangava/MSP/airflow_venv/lib/python3.12/site-packages/airflow/example_dags/example_xcom.py
[2025-05-14T23:28:50.588-0400] {processor.py:914} INFO - Processing file /home/aangava/MSP/airflow_venv/lib/python3.12/site-packages/airflow/example_dags/example_xcom.py for tasks to queue
[2025-05-14T23:28:50.590-0400] {logging_mixin.py:190} INFO - [2025-05-14T23:28:50.589-0400] {dagbag.py:588} INFO - Filling up the DagBag from /home/aangava/MSP/airflow_venv/lib/python3.12/site-packages/airflow/example_dags/example_xcom.py
[2025-05-14T23:28:50.602-0400] {processor.py:925} INFO - DAG(s) 'example_xcom' retrieved from /home/aangava/MSP/airflow_venv/lib/python3.12/site-packages/airflow/example_dags/example_xcom.py
[2025-05-14T23:28:50.620-0400] {logging_mixin.py:190} INFO - [2025-05-14T23:28:50.619-0400] {dag.py:3239} INFO - Sync 1 DAGs
[2025-05-14T23:28:50.636-0400] {logging_mixin.py:190} INFO - [2025-05-14T23:28:50.636-0400] {dag.py:4180} INFO - Setting next_dagrun for example_xcom to 2021-01-01 00:00:00+00:00, run_after=2021-01-01 00:00:00+00:00
[2025-05-14T23:28:50.664-0400] {processor.py:208} INFO - Processing /home/aangava/MSP/airflow_venv/lib/python3.12/site-packages/airflow/example_dags/example_xcom.py took 0.099 seconds
[2025-05-14T23:29:58.313-0400] {processor.py:186} INFO - Started process (PID=52194) to work on /home/aangava/MSP/airflow_venv/lib/python3.12/site-packages/airflow/example_dags/example_xcom.py
[2025-05-14T23:29:58.324-0400] {processor.py:914} INFO - Processing file /home/aangava/MSP/airflow_venv/lib/python3.12/site-packages/airflow/example_dags/example_xcom.py for tasks to queue
[2025-05-14T23:29:58.327-0400] {logging_mixin.py:190} INFO - [2025-05-14T23:29:58.327-0400] {dagbag.py:588} INFO - Filling up the DagBag from /home/aangava/MSP/airflow_venv/lib/python3.12/site-packages/airflow/example_dags/example_xcom.py
[2025-05-14T23:29:58.341-0400] {processor.py:925} INFO - DAG(s) 'example_xcom' retrieved from /home/aangava/MSP/airflow_venv/lib/python3.12/site-packages/airflow/example_dags/example_xcom.py
[2025-05-14T23:29:58.362-0400] {logging_mixin.py:190} INFO - [2025-05-14T23:29:58.362-0400] {dag.py:3239} INFO - Sync 1 DAGs
[2025-05-14T23:29:58.384-0400] {logging_mixin.py:190} INFO - [2025-05-14T23:29:58.384-0400] {dag.py:4180} INFO - Setting next_dagrun for example_xcom to 2021-01-01 00:00:00+00:00, run_after=2021-01-01 00:00:00+00:00
[2025-05-14T23:29:58.411-0400] {processor.py:208} INFO - Processing /home/aangava/MSP/airflow_venv/lib/python3.12/site-packages/airflow/example_dags/example_xcom.py took 0.108 seconds
[2025-05-14T23:31:02.601-0400] {processor.py:186} INFO - Started process (PID=52447) to work on /home/aangava/MSP/airflow_venv/lib/python3.12/site-packages/airflow/example_dags/example_xcom.py
[2025-05-14T23:31:02.613-0400] {processor.py:914} INFO - Processing file /home/aangava/MSP/airflow_venv/lib/python3.12/site-packages/airflow/example_dags/example_xcom.py for tasks to queue
[2025-05-14T23:31:02.616-0400] {logging_mixin.py:190} INFO - [2025-05-14T23:31:02.615-0400] {dagbag.py:588} INFO - Filling up the DagBag from /home/aangava/MSP/airflow_venv/lib/python3.12/site-packages/airflow/example_dags/example_xcom.py
[2025-05-14T23:31:02.630-0400] {processor.py:925} INFO - DAG(s) 'example_xcom' retrieved from /home/aangava/MSP/airflow_venv/lib/python3.12/site-packages/airflow/example_dags/example_xcom.py
[2025-05-14T23:31:02.649-0400] {logging_mixin.py:190} INFO - [2025-05-14T23:31:02.648-0400] {dag.py:3239} INFO - Sync 1 DAGs
[2025-05-14T23:31:02.871-0400] {logging_mixin.py:190} INFO - [2025-05-14T23:31:02.870-0400] {dag.py:4180} INFO - Setting next_dagrun for example_xcom to 2021-01-01 00:00:00+00:00, run_after=2021-01-01 00:00:00+00:00
[2025-05-14T23:31:02.908-0400] {processor.py:208} INFO - Processing /home/aangava/MSP/airflow_venv/lib/python3.12/site-packages/airflow/example_dags/example_xcom.py took 0.315 seconds
[2025-05-14T23:32:16.654-0400] {processor.py:186} INFO - Started process (PID=52733) to work on /home/aangava/MSP/airflow_venv/lib/python3.12/site-packages/airflow/example_dags/example_xcom.py
[2025-05-14T23:32:16.666-0400] {processor.py:914} INFO - Processing file /home/aangava/MSP/airflow_venv/lib/python3.12/site-packages/airflow/example_dags/example_xcom.py for tasks to queue
[2025-05-14T23:32:16.669-0400] {logging_mixin.py:190} INFO - [2025-05-14T23:32:16.668-0400] {dagbag.py:588} INFO - Filling up the DagBag from /home/aangava/MSP/airflow_venv/lib/python3.12/site-packages/airflow/example_dags/example_xcom.py
[2025-05-14T23:32:16.683-0400] {processor.py:925} INFO - DAG(s) 'example_xcom' retrieved from /home/aangava/MSP/airflow_venv/lib/python3.12/site-packages/airflow/example_dags/example_xcom.py
[2025-05-14T23:32:16.700-0400] {logging_mixin.py:190} INFO - [2025-05-14T23:32:16.699-0400] {dag.py:3239} INFO - Sync 1 DAGs
[2025-05-14T23:32:16.716-0400] {logging_mixin.py:190} INFO - [2025-05-14T23:32:16.716-0400] {dag.py:4180} INFO - Setting next_dagrun for example_xcom to 2021-01-01 00:00:00+00:00, run_after=2021-01-01 00:00:00+00:00
[2025-05-14T23:32:16.739-0400] {processor.py:208} INFO - Processing /home/aangava/MSP/airflow_venv/lib/python3.12/site-packages/airflow/example_dags/example_xcom.py took 0.093 seconds
[2025-05-14T23:33:26.739-0400] {processor.py:186} INFO - Started process (PID=53013) to work on /home/aangava/MSP/airflow_venv/lib/python3.12/site-packages/airflow/example_dags/example_xcom.py
[2025-05-14T23:33:26.751-0400] {processor.py:914} INFO - Processing file /home/aangava/MSP/airflow_venv/lib/python3.12/site-packages/airflow/example_dags/example_xcom.py for tasks to queue
[2025-05-14T23:33:26.754-0400] {logging_mixin.py:190} INFO - [2025-05-14T23:33:26.753-0400] {dagbag.py:588} INFO - Filling up the DagBag from /home/aangava/MSP/airflow_venv/lib/python3.12/site-packages/airflow/example_dags/example_xcom.py
[2025-05-14T23:33:26.767-0400] {processor.py:925} INFO - DAG(s) 'example_xcom' retrieved from /home/aangava/MSP/airflow_venv/lib/python3.12/site-packages/airflow/example_dags/example_xcom.py
[2025-05-14T23:33:26.792-0400] {logging_mixin.py:190} INFO - [2025-05-14T23:33:26.792-0400] {dag.py:3239} INFO - Sync 1 DAGs
[2025-05-14T23:33:26.812-0400] {logging_mixin.py:190} INFO - [2025-05-14T23:33:26.812-0400] {dag.py:4180} INFO - Setting next_dagrun for example_xcom to 2021-01-01 00:00:00+00:00, run_after=2021-01-01 00:00:00+00:00
[2025-05-14T23:33:26.844-0400] {processor.py:208} INFO - Processing /home/aangava/MSP/airflow_venv/lib/python3.12/site-packages/airflow/example_dags/example_xcom.py took 0.117 seconds
[2025-05-14T23:39:54.134-0400] {processor.py:186} INFO - Started process (PID=53362) to work on /home/aangava/MSP/airflow_venv/lib/python3.12/site-packages/airflow/example_dags/example_xcom.py
[2025-05-14T23:39:54.147-0400] {processor.py:914} INFO - Processing file /home/aangava/MSP/airflow_venv/lib/python3.12/site-packages/airflow/example_dags/example_xcom.py for tasks to queue
[2025-05-14T23:39:54.149-0400] {logging_mixin.py:190} INFO - [2025-05-14T23:39:54.149-0400] {dagbag.py:588} INFO - Filling up the DagBag from /home/aangava/MSP/airflow_venv/lib/python3.12/site-packages/airflow/example_dags/example_xcom.py
[2025-05-14T23:39:54.162-0400] {processor.py:925} INFO - DAG(s) 'example_xcom' retrieved from /home/aangava/MSP/airflow_venv/lib/python3.12/site-packages/airflow/example_dags/example_xcom.py
[2025-05-14T23:39:54.178-0400] {logging_mixin.py:190} INFO - [2025-05-14T23:39:54.178-0400] {dag.py:3239} INFO - Sync 1 DAGs
[2025-05-14T23:39:54.195-0400] {logging_mixin.py:190} INFO - [2025-05-14T23:39:54.194-0400] {dag.py:4180} INFO - Setting next_dagrun for example_xcom to 2021-01-01 00:00:00+00:00, run_after=2021-01-01 00:00:00+00:00
[2025-05-14T23:39:54.217-0400] {processor.py:208} INFO - Processing /home/aangava/MSP/airflow_venv/lib/python3.12/site-packages/airflow/example_dags/example_xcom.py took 0.091 seconds
[2025-05-14T23:41:00.351-0400] {processor.py:186} INFO - Started process (PID=53619) to work on /home/aangava/MSP/airflow_venv/lib/python3.12/site-packages/airflow/example_dags/example_xcom.py
[2025-05-14T23:41:00.353-0400] {processor.py:914} INFO - Processing file /home/aangava/MSP/airflow_venv/lib/python3.12/site-packages/airflow/example_dags/example_xcom.py for tasks to queue
[2025-05-14T23:41:00.355-0400] {logging_mixin.py:190} INFO - [2025-05-14T23:41:00.354-0400] {dagbag.py:588} INFO - Filling up the DagBag from /home/aangava/MSP/airflow_venv/lib/python3.12/site-packages/airflow/example_dags/example_xcom.py
[2025-05-14T23:41:00.363-0400] {processor.py:925} INFO - DAG(s) 'example_xcom' retrieved from /home/aangava/MSP/airflow_venv/lib/python3.12/site-packages/airflow/example_dags/example_xcom.py
[2025-05-14T23:41:00.379-0400] {logging_mixin.py:190} INFO - [2025-05-14T23:41:00.378-0400] {dag.py:3239} INFO - Sync 1 DAGs
[2025-05-14T23:41:00.395-0400] {logging_mixin.py:190} INFO - [2025-05-14T23:41:00.395-0400] {dag.py:4180} INFO - Setting next_dagrun for example_xcom to 2021-01-01 00:00:00+00:00, run_after=2021-01-01 00:00:00+00:00
[2025-05-14T23:41:00.417-0400] {processor.py:208} INFO - Processing /home/aangava/MSP/airflow_venv/lib/python3.12/site-packages/airflow/example_dags/example_xcom.py took 0.075 seconds
[2025-05-14T23:42:02.534-0400] {processor.py:186} INFO - Started process (PID=53862) to work on /home/aangava/MSP/airflow_venv/lib/python3.12/site-packages/airflow/example_dags/example_xcom.py
[2025-05-14T23:42:02.547-0400] {processor.py:914} INFO - Processing file /home/aangava/MSP/airflow_venv/lib/python3.12/site-packages/airflow/example_dags/example_xcom.py for tasks to queue
[2025-05-14T23:42:02.549-0400] {logging_mixin.py:190} INFO - [2025-05-14T23:42:02.549-0400] {dagbag.py:588} INFO - Filling up the DagBag from /home/aangava/MSP/airflow_venv/lib/python3.12/site-packages/airflow/example_dags/example_xcom.py
[2025-05-14T23:42:02.564-0400] {processor.py:925} INFO - DAG(s) 'example_xcom' retrieved from /home/aangava/MSP/airflow_venv/lib/python3.12/site-packages/airflow/example_dags/example_xcom.py
[2025-05-14T23:42:02.585-0400] {logging_mixin.py:190} INFO - [2025-05-14T23:42:02.585-0400] {dag.py:3239} INFO - Sync 1 DAGs
[2025-05-14T23:42:02.606-0400] {logging_mixin.py:190} INFO - [2025-05-14T23:42:02.606-0400] {dag.py:4180} INFO - Setting next_dagrun for example_xcom to 2021-01-01 00:00:00+00:00, run_after=2021-01-01 00:00:00+00:00
[2025-05-14T23:42:02.630-0400] {processor.py:208} INFO - Processing /home/aangava/MSP/airflow_venv/lib/python3.12/site-packages/airflow/example_dags/example_xcom.py took 0.106 seconds
[2025-05-14T23:43:04.711-0400] {processor.py:186} INFO - Started process (PID=54116) to work on /home/aangava/MSP/airflow_venv/lib/python3.12/site-packages/airflow/example_dags/example_xcom.py
[2025-05-14T23:43:04.715-0400] {processor.py:914} INFO - Processing file /home/aangava/MSP/airflow_venv/lib/python3.12/site-packages/airflow/example_dags/example_xcom.py for tasks to queue
[2025-05-14T23:43:04.718-0400] {logging_mixin.py:190} INFO - [2025-05-14T23:43:04.717-0400] {dagbag.py:588} INFO - Filling up the DagBag from /home/aangava/MSP/airflow_venv/lib/python3.12/site-packages/airflow/example_dags/example_xcom.py
[2025-05-14T23:43:04.731-0400] {processor.py:925} INFO - DAG(s) 'example_xcom' retrieved from /home/aangava/MSP/airflow_venv/lib/python3.12/site-packages/airflow/example_dags/example_xcom.py
[2025-05-14T23:43:04.751-0400] {logging_mixin.py:190} INFO - [2025-05-14T23:43:04.751-0400] {dag.py:3239} INFO - Sync 1 DAGs
[2025-05-14T23:43:04.769-0400] {logging_mixin.py:190} INFO - [2025-05-14T23:43:04.768-0400] {dag.py:4180} INFO - Setting next_dagrun for example_xcom to 2021-01-01 00:00:00+00:00, run_after=2021-01-01 00:00:00+00:00
[2025-05-14T23:43:04.791-0400] {processor.py:208} INFO - Processing /home/aangava/MSP/airflow_venv/lib/python3.12/site-packages/airflow/example_dags/example_xcom.py took 0.091 seconds
[2025-05-15T13:39:08.207-0400] {processor.py:186} INFO - Started process (PID=54422) to work on /home/aangava/MSP/airflow_venv/lib/python3.12/site-packages/airflow/example_dags/example_xcom.py
[2025-05-15T13:39:08.221-0400] {processor.py:914} INFO - Processing file /home/aangava/MSP/airflow_venv/lib/python3.12/site-packages/airflow/example_dags/example_xcom.py for tasks to queue
[2025-05-15T13:39:08.224-0400] {logging_mixin.py:190} INFO - [2025-05-15T13:39:08.223-0400] {dagbag.py:588} INFO - Filling up the DagBag from /home/aangava/MSP/airflow_venv/lib/python3.12/site-packages/airflow/example_dags/example_xcom.py
[2025-05-15T13:39:08.239-0400] {processor.py:925} INFO - DAG(s) 'example_xcom' retrieved from /home/aangava/MSP/airflow_venv/lib/python3.12/site-packages/airflow/example_dags/example_xcom.py
[2025-05-15T13:39:08.267-0400] {logging_mixin.py:190} INFO - [2025-05-15T13:39:08.266-0400] {dag.py:3239} INFO - Sync 1 DAGs
[2025-05-15T13:39:08.289-0400] {logging_mixin.py:190} INFO - [2025-05-15T13:39:08.289-0400] {dag.py:4180} INFO - Setting next_dagrun for example_xcom to 2021-01-01 00:00:00+00:00, run_after=2021-01-01 00:00:00+00:00
[2025-05-15T13:39:08.316-0400] {processor.py:208} INFO - Processing /home/aangava/MSP/airflow_venv/lib/python3.12/site-packages/airflow/example_dags/example_xcom.py took 0.120 seconds
[2025-05-15T13:40:12.392-0400] {processor.py:186} INFO - Started process (PID=54678) to work on /home/aangava/MSP/airflow_venv/lib/python3.12/site-packages/airflow/example_dags/example_xcom.py
[2025-05-15T13:40:12.403-0400] {processor.py:914} INFO - Processing file /home/aangava/MSP/airflow_venv/lib/python3.12/site-packages/airflow/example_dags/example_xcom.py for tasks to queue
[2025-05-15T13:40:12.405-0400] {logging_mixin.py:190} INFO - [2025-05-15T13:40:12.404-0400] {dagbag.py:588} INFO - Filling up the DagBag from /home/aangava/MSP/airflow_venv/lib/python3.12/site-packages/airflow/example_dags/example_xcom.py
[2025-05-15T13:40:12.416-0400] {processor.py:925} INFO - DAG(s) 'example_xcom' retrieved from /home/aangava/MSP/airflow_venv/lib/python3.12/site-packages/airflow/example_dags/example_xcom.py
[2025-05-15T13:40:12.432-0400] {logging_mixin.py:190} INFO - [2025-05-15T13:40:12.432-0400] {dag.py:3239} INFO - Sync 1 DAGs
[2025-05-15T13:40:12.454-0400] {logging_mixin.py:190} INFO - [2025-05-15T13:40:12.454-0400] {dag.py:4180} INFO - Setting next_dagrun for example_xcom to 2021-01-01 00:00:00+00:00, run_after=2021-01-01 00:00:00+00:00
[2025-05-15T13:40:12.477-0400] {processor.py:208} INFO - Processing /home/aangava/MSP/airflow_venv/lib/python3.12/site-packages/airflow/example_dags/example_xcom.py took 0.093 seconds
[2025-05-15T13:41:18.813-0400] {processor.py:186} INFO - Started process (PID=54931) to work on /home/aangava/MSP/airflow_venv/lib/python3.12/site-packages/airflow/example_dags/example_xcom.py
[2025-05-15T13:41:18.824-0400] {processor.py:914} INFO - Processing file /home/aangava/MSP/airflow_venv/lib/python3.12/site-packages/airflow/example_dags/example_xcom.py for tasks to queue
[2025-05-15T13:41:18.828-0400] {logging_mixin.py:190} INFO - [2025-05-15T13:41:18.827-0400] {dagbag.py:588} INFO - Filling up the DagBag from /home/aangava/MSP/airflow_venv/lib/python3.12/site-packages/airflow/example_dags/example_xcom.py
[2025-05-15T13:41:18.843-0400] {processor.py:925} INFO - DAG(s) 'example_xcom' retrieved from /home/aangava/MSP/airflow_venv/lib/python3.12/site-packages/airflow/example_dags/example_xcom.py
[2025-05-15T13:41:18.868-0400] {logging_mixin.py:190} INFO - [2025-05-15T13:41:18.867-0400] {dag.py:3239} INFO - Sync 1 DAGs
[2025-05-15T13:41:18.885-0400] {logging_mixin.py:190} INFO - [2025-05-15T13:41:18.885-0400] {dag.py:4180} INFO - Setting next_dagrun for example_xcom to 2021-01-01 00:00:00+00:00, run_after=2021-01-01 00:00:00+00:00
[2025-05-15T13:41:18.914-0400] {processor.py:208} INFO - Processing /home/aangava/MSP/airflow_venv/lib/python3.12/site-packages/airflow/example_dags/example_xcom.py took 0.110 seconds
[2025-05-15T13:42:22.064-0400] {processor.py:186} INFO - Started process (PID=55176) to work on /home/aangava/MSP/airflow_venv/lib/python3.12/site-packages/airflow/example_dags/example_xcom.py
[2025-05-15T13:42:22.077-0400] {processor.py:914} INFO - Processing file /home/aangava/MSP/airflow_venv/lib/python3.12/site-packages/airflow/example_dags/example_xcom.py for tasks to queue
[2025-05-15T13:42:22.080-0400] {logging_mixin.py:190} INFO - [2025-05-15T13:42:22.079-0400] {dagbag.py:588} INFO - Filling up the DagBag from /home/aangava/MSP/airflow_venv/lib/python3.12/site-packages/airflow/example_dags/example_xcom.py
[2025-05-15T13:42:22.094-0400] {processor.py:925} INFO - DAG(s) 'example_xcom' retrieved from /home/aangava/MSP/airflow_venv/lib/python3.12/site-packages/airflow/example_dags/example_xcom.py
[2025-05-15T13:42:22.116-0400] {logging_mixin.py:190} INFO - [2025-05-15T13:42:22.116-0400] {dag.py:3239} INFO - Sync 1 DAGs
[2025-05-15T13:42:22.133-0400] {logging_mixin.py:190} INFO - [2025-05-15T13:42:22.133-0400] {dag.py:4180} INFO - Setting next_dagrun for example_xcom to 2021-01-01 00:00:00+00:00, run_after=2021-01-01 00:00:00+00:00
[2025-05-15T13:42:22.157-0400] {processor.py:208} INFO - Processing /home/aangava/MSP/airflow_venv/lib/python3.12/site-packages/airflow/example_dags/example_xcom.py took 0.103 seconds
[2025-05-15T13:43:23.841-0400] {processor.py:186} INFO - Started process (PID=55423) to work on /home/aangava/MSP/airflow_venv/lib/python3.12/site-packages/airflow/example_dags/example_xcom.py
[2025-05-15T13:43:23.853-0400] {processor.py:914} INFO - Processing file /home/aangava/MSP/airflow_venv/lib/python3.12/site-packages/airflow/example_dags/example_xcom.py for tasks to queue
[2025-05-15T13:43:23.856-0400] {logging_mixin.py:190} INFO - [2025-05-15T13:43:23.855-0400] {dagbag.py:588} INFO - Filling up the DagBag from /home/aangava/MSP/airflow_venv/lib/python3.12/site-packages/airflow/example_dags/example_xcom.py
[2025-05-15T13:43:23.871-0400] {processor.py:925} INFO - DAG(s) 'example_xcom' retrieved from /home/aangava/MSP/airflow_venv/lib/python3.12/site-packages/airflow/example_dags/example_xcom.py
[2025-05-15T13:43:23.894-0400] {logging_mixin.py:190} INFO - [2025-05-15T13:43:23.894-0400] {dag.py:3239} INFO - Sync 1 DAGs
[2025-05-15T13:43:23.917-0400] {logging_mixin.py:190} INFO - [2025-05-15T13:43:23.917-0400] {dag.py:4180} INFO - Setting next_dagrun for example_xcom to 2021-01-01 00:00:00+00:00, run_after=2021-01-01 00:00:00+00:00
[2025-05-15T13:43:23.944-0400] {processor.py:208} INFO - Processing /home/aangava/MSP/airflow_venv/lib/python3.12/site-packages/airflow/example_dags/example_xcom.py took 0.111 seconds
[2025-05-15T13:44:23.657-0400] {processor.py:186} INFO - Started process (PID=55650) to work on /home/aangava/MSP/airflow_venv/lib/python3.12/site-packages/airflow/example_dags/example_xcom.py
[2025-05-15T13:44:23.670-0400] {processor.py:914} INFO - Processing file /home/aangava/MSP/airflow_venv/lib/python3.12/site-packages/airflow/example_dags/example_xcom.py for tasks to queue
[2025-05-15T13:44:23.673-0400] {logging_mixin.py:190} INFO - [2025-05-15T13:44:23.672-0400] {dagbag.py:588} INFO - Filling up the DagBag from /home/aangava/MSP/airflow_venv/lib/python3.12/site-packages/airflow/example_dags/example_xcom.py
[2025-05-15T13:44:23.686-0400] {processor.py:925} INFO - DAG(s) 'example_xcom' retrieved from /home/aangava/MSP/airflow_venv/lib/python3.12/site-packages/airflow/example_dags/example_xcom.py
[2025-05-15T13:44:23.711-0400] {logging_mixin.py:190} INFO - [2025-05-15T13:44:23.710-0400] {dag.py:3239} INFO - Sync 1 DAGs
[2025-05-15T13:44:23.727-0400] {logging_mixin.py:190} INFO - [2025-05-15T13:44:23.727-0400] {dag.py:4180} INFO - Setting next_dagrun for example_xcom to 2021-01-01 00:00:00+00:00, run_after=2021-01-01 00:00:00+00:00
[2025-05-15T13:44:23.755-0400] {processor.py:208} INFO - Processing /home/aangava/MSP/airflow_venv/lib/python3.12/site-packages/airflow/example_dags/example_xcom.py took 0.107 seconds
[2025-05-15T13:45:28.249-0400] {processor.py:186} INFO - Started process (PID=55898) to work on /home/aangava/MSP/airflow_venv/lib/python3.12/site-packages/airflow/example_dags/example_xcom.py
[2025-05-15T13:45:28.260-0400] {processor.py:914} INFO - Processing file /home/aangava/MSP/airflow_venv/lib/python3.12/site-packages/airflow/example_dags/example_xcom.py for tasks to queue
[2025-05-15T13:45:28.263-0400] {logging_mixin.py:190} INFO - [2025-05-15T13:45:28.262-0400] {dagbag.py:588} INFO - Filling up the DagBag from /home/aangava/MSP/airflow_venv/lib/python3.12/site-packages/airflow/example_dags/example_xcom.py
[2025-05-15T13:45:28.273-0400] {processor.py:925} INFO - DAG(s) 'example_xcom' retrieved from /home/aangava/MSP/airflow_venv/lib/python3.12/site-packages/airflow/example_dags/example_xcom.py
[2025-05-15T13:45:28.293-0400] {logging_mixin.py:190} INFO - [2025-05-15T13:45:28.292-0400] {dag.py:3239} INFO - Sync 1 DAGs
[2025-05-15T13:45:28.310-0400] {logging_mixin.py:190} INFO - [2025-05-15T13:45:28.309-0400] {dag.py:4180} INFO - Setting next_dagrun for example_xcom to 2021-01-01 00:00:00+00:00, run_after=2021-01-01 00:00:00+00:00
[2025-05-15T13:45:28.335-0400] {processor.py:208} INFO - Processing /home/aangava/MSP/airflow_venv/lib/python3.12/site-packages/airflow/example_dags/example_xcom.py took 0.093 seconds
[2025-05-15T13:46:30.175-0400] {processor.py:186} INFO - Started process (PID=56134) to work on /home/aangava/MSP/airflow_venv/lib/python3.12/site-packages/airflow/example_dags/example_xcom.py
[2025-05-15T13:46:30.179-0400] {processor.py:914} INFO - Processing file /home/aangava/MSP/airflow_venv/lib/python3.12/site-packages/airflow/example_dags/example_xcom.py for tasks to queue
[2025-05-15T13:46:30.182-0400] {logging_mixin.py:190} INFO - [2025-05-15T13:46:30.182-0400] {dagbag.py:588} INFO - Filling up the DagBag from /home/aangava/MSP/airflow_venv/lib/python3.12/site-packages/airflow/example_dags/example_xcom.py
[2025-05-15T13:46:30.196-0400] {processor.py:925} INFO - DAG(s) 'example_xcom' retrieved from /home/aangava/MSP/airflow_venv/lib/python3.12/site-packages/airflow/example_dags/example_xcom.py
[2025-05-15T13:46:30.217-0400] {logging_mixin.py:190} INFO - [2025-05-15T13:46:30.217-0400] {dag.py:3239} INFO - Sync 1 DAGs
[2025-05-15T13:46:30.234-0400] {logging_mixin.py:190} INFO - [2025-05-15T13:46:30.234-0400] {dag.py:4180} INFO - Setting next_dagrun for example_xcom to 2021-01-01 00:00:00+00:00, run_after=2021-01-01 00:00:00+00:00
[2025-05-15T13:46:30.266-0400] {processor.py:208} INFO - Processing /home/aangava/MSP/airflow_venv/lib/python3.12/site-packages/airflow/example_dags/example_xcom.py took 0.100 seconds
[2025-05-15T13:47:33.949-0400] {processor.py:186} INFO - Started process (PID=56389) to work on /home/aangava/MSP/airflow_venv/lib/python3.12/site-packages/airflow/example_dags/example_xcom.py
[2025-05-15T13:47:33.962-0400] {processor.py:914} INFO - Processing file /home/aangava/MSP/airflow_venv/lib/python3.12/site-packages/airflow/example_dags/example_xcom.py for tasks to queue
[2025-05-15T13:47:33.965-0400] {logging_mixin.py:190} INFO - [2025-05-15T13:47:33.964-0400] {dagbag.py:588} INFO - Filling up the DagBag from /home/aangava/MSP/airflow_venv/lib/python3.12/site-packages/airflow/example_dags/example_xcom.py
[2025-05-15T13:47:33.980-0400] {processor.py:925} INFO - DAG(s) 'example_xcom' retrieved from /home/aangava/MSP/airflow_venv/lib/python3.12/site-packages/airflow/example_dags/example_xcom.py
[2025-05-15T13:47:34.005-0400] {logging_mixin.py:190} INFO - [2025-05-15T13:47:34.004-0400] {dag.py:3239} INFO - Sync 1 DAGs
[2025-05-15T13:47:34.026-0400] {logging_mixin.py:190} INFO - [2025-05-15T13:47:34.025-0400] {dag.py:4180} INFO - Setting next_dagrun for example_xcom to 2021-01-01 00:00:00+00:00, run_after=2021-01-01 00:00:00+00:00
[2025-05-15T13:47:34.051-0400] {processor.py:208} INFO - Processing /home/aangava/MSP/airflow_venv/lib/python3.12/site-packages/airflow/example_dags/example_xcom.py took 0.113 seconds
[2025-05-15T13:58:37.577-0400] {processor.py:186} INFO - Started process (PID=56715) to work on /home/aangava/MSP/airflow_venv/lib/python3.12/site-packages/airflow/example_dags/example_xcom.py
[2025-05-15T13:58:37.579-0400] {processor.py:914} INFO - Processing file /home/aangava/MSP/airflow_venv/lib/python3.12/site-packages/airflow/example_dags/example_xcom.py for tasks to queue
[2025-05-15T13:58:37.582-0400] {logging_mixin.py:190} INFO - [2025-05-15T13:58:37.581-0400] {dagbag.py:588} INFO - Filling up the DagBag from /home/aangava/MSP/airflow_venv/lib/python3.12/site-packages/airflow/example_dags/example_xcom.py
[2025-05-15T13:58:37.594-0400] {processor.py:925} INFO - DAG(s) 'example_xcom' retrieved from /home/aangava/MSP/airflow_venv/lib/python3.12/site-packages/airflow/example_dags/example_xcom.py
[2025-05-15T13:58:37.616-0400] {logging_mixin.py:190} INFO - [2025-05-15T13:58:37.616-0400] {dag.py:3239} INFO - Sync 1 DAGs
[2025-05-15T13:58:37.642-0400] {logging_mixin.py:190} INFO - [2025-05-15T13:58:37.641-0400] {dag.py:4180} INFO - Setting next_dagrun for example_xcom to 2021-01-01 00:00:00+00:00, run_after=2021-01-01 00:00:00+00:00
[2025-05-15T13:58:37.666-0400] {processor.py:208} INFO - Processing /home/aangava/MSP/airflow_venv/lib/python3.12/site-packages/airflow/example_dags/example_xcom.py took 0.099 seconds
[2025-05-15T13:59:34.282-0400] {processor.py:186} INFO - Started process (PID=56930) to work on /home/aangava/MSP/airflow_venv/lib/python3.12/site-packages/airflow/example_dags/example_xcom.py
[2025-05-15T13:59:34.284-0400] {processor.py:914} INFO - Processing file /home/aangava/MSP/airflow_venv/lib/python3.12/site-packages/airflow/example_dags/example_xcom.py for tasks to queue
[2025-05-15T13:59:34.285-0400] {logging_mixin.py:190} INFO - [2025-05-15T13:59:34.285-0400] {dagbag.py:588} INFO - Filling up the DagBag from /home/aangava/MSP/airflow_venv/lib/python3.12/site-packages/airflow/example_dags/example_xcom.py
[2025-05-15T13:59:34.298-0400] {processor.py:925} INFO - DAG(s) 'example_xcom' retrieved from /home/aangava/MSP/airflow_venv/lib/python3.12/site-packages/airflow/example_dags/example_xcom.py
[2025-05-15T13:59:34.324-0400] {logging_mixin.py:190} INFO - [2025-05-15T13:59:34.324-0400] {dag.py:3239} INFO - Sync 1 DAGs
[2025-05-15T13:59:34.349-0400] {logging_mixin.py:190} INFO - [2025-05-15T13:59:34.348-0400] {dag.py:4180} INFO - Setting next_dagrun for example_xcom to 2021-01-01 00:00:00+00:00, run_after=2021-01-01 00:00:00+00:00
[2025-05-15T13:59:34.378-0400] {processor.py:208} INFO - Processing /home/aangava/MSP/airflow_venv/lib/python3.12/site-packages/airflow/example_dags/example_xcom.py took 0.104 seconds
[2025-05-15T14:00:39.222-0400] {processor.py:186} INFO - Started process (PID=57176) to work on /home/aangava/MSP/airflow_venv/lib/python3.12/site-packages/airflow/example_dags/example_xcom.py
[2025-05-15T14:00:39.235-0400] {processor.py:914} INFO - Processing file /home/aangava/MSP/airflow_venv/lib/python3.12/site-packages/airflow/example_dags/example_xcom.py for tasks to queue
[2025-05-15T14:00:39.238-0400] {logging_mixin.py:190} INFO - [2025-05-15T14:00:39.237-0400] {dagbag.py:588} INFO - Filling up the DagBag from /home/aangava/MSP/airflow_venv/lib/python3.12/site-packages/airflow/example_dags/example_xcom.py
[2025-05-15T14:00:39.254-0400] {processor.py:925} INFO - DAG(s) 'example_xcom' retrieved from /home/aangava/MSP/airflow_venv/lib/python3.12/site-packages/airflow/example_dags/example_xcom.py
[2025-05-15T14:00:39.279-0400] {logging_mixin.py:190} INFO - [2025-05-15T14:00:39.279-0400] {dag.py:3239} INFO - Sync 1 DAGs
[2025-05-15T14:00:39.297-0400] {logging_mixin.py:190} INFO - [2025-05-15T14:00:39.297-0400] {dag.py:4180} INFO - Setting next_dagrun for example_xcom to 2021-01-01 00:00:00+00:00, run_after=2021-01-01 00:00:00+00:00
[2025-05-15T14:00:39.329-0400] {processor.py:208} INFO - Processing /home/aangava/MSP/airflow_venv/lib/python3.12/site-packages/airflow/example_dags/example_xcom.py took 0.117 seconds
[2025-05-15T14:57:10.225-0400] {processor.py:186} INFO - Started process (PID=57496) to work on /home/aangava/MSP/airflow_venv/lib/python3.12/site-packages/airflow/example_dags/example_xcom.py
[2025-05-15T14:57:10.235-0400] {processor.py:914} INFO - Processing file /home/aangava/MSP/airflow_venv/lib/python3.12/site-packages/airflow/example_dags/example_xcom.py for tasks to queue
[2025-05-15T14:57:10.237-0400] {logging_mixin.py:190} INFO - [2025-05-15T14:57:10.237-0400] {dagbag.py:588} INFO - Filling up the DagBag from /home/aangava/MSP/airflow_venv/lib/python3.12/site-packages/airflow/example_dags/example_xcom.py
[2025-05-15T14:57:10.249-0400] {processor.py:925} INFO - DAG(s) 'example_xcom' retrieved from /home/aangava/MSP/airflow_venv/lib/python3.12/site-packages/airflow/example_dags/example_xcom.py
[2025-05-15T14:57:10.268-0400] {logging_mixin.py:190} INFO - [2025-05-15T14:57:10.268-0400] {dag.py:3239} INFO - Sync 1 DAGs
[2025-05-15T14:57:10.284-0400] {logging_mixin.py:190} INFO - [2025-05-15T14:57:10.284-0400] {dag.py:4180} INFO - Setting next_dagrun for example_xcom to 2021-01-01 00:00:00+00:00, run_after=2021-01-01 00:00:00+00:00
[2025-05-15T14:57:10.306-0400] {processor.py:208} INFO - Processing /home/aangava/MSP/airflow_venv/lib/python3.12/site-packages/airflow/example_dags/example_xcom.py took 0.096 seconds
[2025-05-15T14:58:18.589-0400] {processor.py:186} INFO - Started process (PID=57772) to work on /home/aangava/MSP/airflow_venv/lib/python3.12/site-packages/airflow/example_dags/example_xcom.py
[2025-05-15T14:58:18.600-0400] {processor.py:914} INFO - Processing file /home/aangava/MSP/airflow_venv/lib/python3.12/site-packages/airflow/example_dags/example_xcom.py for tasks to queue
[2025-05-15T14:58:18.603-0400] {logging_mixin.py:190} INFO - [2025-05-15T14:58:18.602-0400] {dagbag.py:588} INFO - Filling up the DagBag from /home/aangava/MSP/airflow_venv/lib/python3.12/site-packages/airflow/example_dags/example_xcom.py
[2025-05-15T14:58:18.617-0400] {processor.py:925} INFO - DAG(s) 'example_xcom' retrieved from /home/aangava/MSP/airflow_venv/lib/python3.12/site-packages/airflow/example_dags/example_xcom.py
[2025-05-15T14:58:18.638-0400] {logging_mixin.py:190} INFO - [2025-05-15T14:58:18.638-0400] {dag.py:3239} INFO - Sync 1 DAGs
[2025-05-15T14:58:18.661-0400] {logging_mixin.py:190} INFO - [2025-05-15T14:58:18.661-0400] {dag.py:4180} INFO - Setting next_dagrun for example_xcom to 2021-01-01 00:00:00+00:00, run_after=2021-01-01 00:00:00+00:00
[2025-05-15T14:58:18.686-0400] {processor.py:208} INFO - Processing /home/aangava/MSP/airflow_venv/lib/python3.12/site-packages/airflow/example_dags/example_xcom.py took 0.107 seconds
[2025-05-15T14:59:25.655-0400] {processor.py:186} INFO - Started process (PID=58026) to work on /home/aangava/MSP/airflow_venv/lib/python3.12/site-packages/airflow/example_dags/example_xcom.py
[2025-05-15T14:59:25.667-0400] {processor.py:914} INFO - Processing file /home/aangava/MSP/airflow_venv/lib/python3.12/site-packages/airflow/example_dags/example_xcom.py for tasks to queue
[2025-05-15T14:59:25.670-0400] {logging_mixin.py:190} INFO - [2025-05-15T14:59:25.669-0400] {dagbag.py:588} INFO - Filling up the DagBag from /home/aangava/MSP/airflow_venv/lib/python3.12/site-packages/airflow/example_dags/example_xcom.py
[2025-05-15T14:59:25.684-0400] {processor.py:925} INFO - DAG(s) 'example_xcom' retrieved from /home/aangava/MSP/airflow_venv/lib/python3.12/site-packages/airflow/example_dags/example_xcom.py
[2025-05-15T14:59:25.708-0400] {logging_mixin.py:190} INFO - [2025-05-15T14:59:25.707-0400] {dag.py:3239} INFO - Sync 1 DAGs
[2025-05-15T14:59:25.726-0400] {logging_mixin.py:190} INFO - [2025-05-15T14:59:25.726-0400] {dag.py:4180} INFO - Setting next_dagrun for example_xcom to 2021-01-01 00:00:00+00:00, run_after=2021-01-01 00:00:00+00:00
[2025-05-15T14:59:25.749-0400] {processor.py:208} INFO - Processing /home/aangava/MSP/airflow_venv/lib/python3.12/site-packages/airflow/example_dags/example_xcom.py took 0.106 seconds
