[2025-05-14T22:59:38.518-0400] {processor.py:186} INFO - Started process (PID=45319) to work on /home/aangava/MSP/airflow_venv/lib/python3.12/site-packages/airflow/example_dags/example_kubernetes_executor.py
[2025-05-14T22:59:38.519-0400] {processor.py:914} INFO - Processing file /home/aangava/MSP/airflow_venv/lib/python3.12/site-packages/airflow/example_dags/example_kubernetes_executor.py for tasks to queue
[2025-05-14T22:59:38.520-0400] {logging_mixin.py:190} INFO - [2025-05-14T22:59:38.520-0400] {dagbag.py:588} INFO - Filling up the DagBag from /home/aangava/MSP/airflow_venv/lib/python3.12/site-packages/airflow/example_dags/example_kubernetes_executor.py
[2025-05-14T22:59:38.524-0400] {logging_mixin.py:190} INFO - [2025-05-14T22:59:38.523-0400] {example_kubernetes_executor.py:39} WARNING - The example_kubernetes_executor example DAG requires the kubernetes provider. Please install it with: pip install apache-airflow[cncf.kubernetes]
[2025-05-14T22:59:38.524-0400] {processor.py:927} WARNING - No viable dags retrieved from /home/aangava/MSP/airflow_venv/lib/python3.12/site-packages/airflow/example_dags/example_kubernetes_executor.py
[2025-05-14T22:59:38.534-0400] {processor.py:208} INFO - Processing /home/aangava/MSP/airflow_venv/lib/python3.12/site-packages/airflow/example_dags/example_kubernetes_executor.py took 0.022 seconds
[2025-05-14T23:01:03.072-0400] {processor.py:186} INFO - Started process (PID=45673) to work on /home/aangava/MSP/airflow_venv/lib/python3.12/site-packages/airflow/example_dags/example_kubernetes_executor.py
[2025-05-14T23:01:03.086-0400] {processor.py:914} INFO - Processing file /home/aangava/MSP/airflow_venv/lib/python3.12/site-packages/airflow/example_dags/example_kubernetes_executor.py for tasks to queue
[2025-05-14T23:01:03.088-0400] {logging_mixin.py:190} INFO - [2025-05-14T23:01:03.088-0400] {dagbag.py:588} INFO - Filling up the DagBag from /home/aangava/MSP/airflow_venv/lib/python3.12/site-packages/airflow/example_dags/example_kubernetes_executor.py
[2025-05-14T23:01:03.092-0400] {logging_mixin.py:190} INFO - [2025-05-14T23:01:03.092-0400] {example_kubernetes_executor.py:39} WARNING - The example_kubernetes_executor example DAG requires the kubernetes provider. Please install it with: pip install apache-airflow[cncf.kubernetes]
[2025-05-14T23:01:03.093-0400] {processor.py:927} WARNING - No viable dags retrieved from /home/aangava/MSP/airflow_venv/lib/python3.12/site-packages/airflow/example_dags/example_kubernetes_executor.py
[2025-05-14T23:01:03.112-0400] {processor.py:208} INFO - Processing /home/aangava/MSP/airflow_venv/lib/python3.12/site-packages/airflow/example_dags/example_kubernetes_executor.py took 0.054 seconds
[2025-05-14T23:02:06.720-0400] {processor.py:186} INFO - Started process (PID=45933) to work on /home/aangava/MSP/airflow_venv/lib/python3.12/site-packages/airflow/example_dags/example_kubernetes_executor.py
[2025-05-14T23:02:06.731-0400] {processor.py:914} INFO - Processing file /home/aangava/MSP/airflow_venv/lib/python3.12/site-packages/airflow/example_dags/example_kubernetes_executor.py for tasks to queue
[2025-05-14T23:02:06.734-0400] {logging_mixin.py:190} INFO - [2025-05-14T23:02:06.733-0400] {dagbag.py:588} INFO - Filling up the DagBag from /home/aangava/MSP/airflow_venv/lib/python3.12/site-packages/airflow/example_dags/example_kubernetes_executor.py
[2025-05-14T23:02:06.739-0400] {logging_mixin.py:190} INFO - [2025-05-14T23:02:06.739-0400] {example_kubernetes_executor.py:39} WARNING - The example_kubernetes_executor example DAG requires the kubernetes provider. Please install it with: pip install apache-airflow[cncf.kubernetes]
[2025-05-14T23:02:06.739-0400] {processor.py:927} WARNING - No viable dags retrieved from /home/aangava/MSP/airflow_venv/lib/python3.12/site-packages/airflow/example_dags/example_kubernetes_executor.py
[2025-05-14T23:02:06.755-0400] {processor.py:208} INFO - Processing /home/aangava/MSP/airflow_venv/lib/python3.12/site-packages/airflow/example_dags/example_kubernetes_executor.py took 0.046 seconds
[2025-05-14T23:03:07.105-0400] {processor.py:186} INFO - Started process (PID=46172) to work on /home/aangava/MSP/airflow_venv/lib/python3.12/site-packages/airflow/example_dags/example_kubernetes_executor.py
[2025-05-14T23:03:07.118-0400] {processor.py:914} INFO - Processing file /home/aangava/MSP/airflow_venv/lib/python3.12/site-packages/airflow/example_dags/example_kubernetes_executor.py for tasks to queue
[2025-05-14T23:03:07.121-0400] {logging_mixin.py:190} INFO - [2025-05-14T23:03:07.120-0400] {dagbag.py:588} INFO - Filling up the DagBag from /home/aangava/MSP/airflow_venv/lib/python3.12/site-packages/airflow/example_dags/example_kubernetes_executor.py
[2025-05-14T23:03:07.127-0400] {logging_mixin.py:190} INFO - [2025-05-14T23:03:07.127-0400] {example_kubernetes_executor.py:39} WARNING - The example_kubernetes_executor example DAG requires the kubernetes provider. Please install it with: pip install apache-airflow[cncf.kubernetes]
[2025-05-14T23:03:07.128-0400] {processor.py:927} WARNING - No viable dags retrieved from /home/aangava/MSP/airflow_venv/lib/python3.12/site-packages/airflow/example_dags/example_kubernetes_executor.py
[2025-05-14T23:03:07.143-0400] {processor.py:208} INFO - Processing /home/aangava/MSP/airflow_venv/lib/python3.12/site-packages/airflow/example_dags/example_kubernetes_executor.py took 0.049 seconds
[2025-05-14T23:04:08.050-0400] {processor.py:186} INFO - Started process (PID=46415) to work on /home/aangava/MSP/airflow_venv/lib/python3.12/site-packages/airflow/example_dags/example_kubernetes_executor.py
[2025-05-14T23:04:08.052-0400] {processor.py:914} INFO - Processing file /home/aangava/MSP/airflow_venv/lib/python3.12/site-packages/airflow/example_dags/example_kubernetes_executor.py for tasks to queue
[2025-05-14T23:04:08.054-0400] {logging_mixin.py:190} INFO - [2025-05-14T23:04:08.053-0400] {dagbag.py:588} INFO - Filling up the DagBag from /home/aangava/MSP/airflow_venv/lib/python3.12/site-packages/airflow/example_dags/example_kubernetes_executor.py
[2025-05-14T23:04:08.057-0400] {logging_mixin.py:190} INFO - [2025-05-14T23:04:08.057-0400] {example_kubernetes_executor.py:39} WARNING - The example_kubernetes_executor example DAG requires the kubernetes provider. Please install it with: pip install apache-airflow[cncf.kubernetes]
[2025-05-14T23:04:08.057-0400] {processor.py:927} WARNING - No viable dags retrieved from /home/aangava/MSP/airflow_venv/lib/python3.12/site-packages/airflow/example_dags/example_kubernetes_executor.py
[2025-05-14T23:04:08.067-0400] {processor.py:208} INFO - Processing /home/aangava/MSP/airflow_venv/lib/python3.12/site-packages/airflow/example_dags/example_kubernetes_executor.py took 0.023 seconds
[2025-05-14T23:05:06.812-0400] {processor.py:186} INFO - Started process (PID=46648) to work on /home/aangava/MSP/airflow_venv/lib/python3.12/site-packages/airflow/example_dags/example_kubernetes_executor.py
[2025-05-14T23:05:06.823-0400] {processor.py:914} INFO - Processing file /home/aangava/MSP/airflow_venv/lib/python3.12/site-packages/airflow/example_dags/example_kubernetes_executor.py for tasks to queue
[2025-05-14T23:05:06.825-0400] {logging_mixin.py:190} INFO - [2025-05-14T23:05:06.825-0400] {dagbag.py:588} INFO - Filling up the DagBag from /home/aangava/MSP/airflow_venv/lib/python3.12/site-packages/airflow/example_dags/example_kubernetes_executor.py
[2025-05-14T23:05:06.829-0400] {logging_mixin.py:190} INFO - [2025-05-14T23:05:06.829-0400] {example_kubernetes_executor.py:39} WARNING - The example_kubernetes_executor example DAG requires the kubernetes provider. Please install it with: pip install apache-airflow[cncf.kubernetes]
[2025-05-14T23:05:06.830-0400] {processor.py:927} WARNING - No viable dags retrieved from /home/aangava/MSP/airflow_venv/lib/python3.12/site-packages/airflow/example_dags/example_kubernetes_executor.py
[2025-05-14T23:05:06.842-0400] {processor.py:208} INFO - Processing /home/aangava/MSP/airflow_venv/lib/python3.12/site-packages/airflow/example_dags/example_kubernetes_executor.py took 0.041 seconds
[2025-05-14T23:06:07.447-0400] {processor.py:186} INFO - Started process (PID=46905) to work on /home/aangava/MSP/airflow_venv/lib/python3.12/site-packages/airflow/example_dags/example_kubernetes_executor.py
[2025-05-14T23:06:07.457-0400] {processor.py:914} INFO - Processing file /home/aangava/MSP/airflow_venv/lib/python3.12/site-packages/airflow/example_dags/example_kubernetes_executor.py for tasks to queue
[2025-05-14T23:06:07.460-0400] {logging_mixin.py:190} INFO - [2025-05-14T23:06:07.459-0400] {dagbag.py:588} INFO - Filling up the DagBag from /home/aangava/MSP/airflow_venv/lib/python3.12/site-packages/airflow/example_dags/example_kubernetes_executor.py
[2025-05-14T23:06:07.465-0400] {logging_mixin.py:190} INFO - [2025-05-14T23:06:07.465-0400] {example_kubernetes_executor.py:39} WARNING - The example_kubernetes_executor example DAG requires the kubernetes provider. Please install it with: pip install apache-airflow[cncf.kubernetes]
[2025-05-14T23:06:07.465-0400] {processor.py:927} WARNING - No viable dags retrieved from /home/aangava/MSP/airflow_venv/lib/python3.12/site-packages/airflow/example_dags/example_kubernetes_executor.py
[2025-05-14T23:06:07.480-0400] {processor.py:208} INFO - Processing /home/aangava/MSP/airflow_venv/lib/python3.12/site-packages/airflow/example_dags/example_kubernetes_executor.py took 0.041 seconds
[2025-05-14T23:07:08.704-0400] {processor.py:186} INFO - Started process (PID=47148) to work on /home/aangava/MSP/airflow_venv/lib/python3.12/site-packages/airflow/example_dags/example_kubernetes_executor.py
[2025-05-14T23:07:08.715-0400] {processor.py:914} INFO - Processing file /home/aangava/MSP/airflow_venv/lib/python3.12/site-packages/airflow/example_dags/example_kubernetes_executor.py for tasks to queue
[2025-05-14T23:07:08.718-0400] {logging_mixin.py:190} INFO - [2025-05-14T23:07:08.717-0400] {dagbag.py:588} INFO - Filling up the DagBag from /home/aangava/MSP/airflow_venv/lib/python3.12/site-packages/airflow/example_dags/example_kubernetes_executor.py
[2025-05-14T23:07:08.723-0400] {logging_mixin.py:190} INFO - [2025-05-14T23:07:08.723-0400] {example_kubernetes_executor.py:39} WARNING - The example_kubernetes_executor example DAG requires the kubernetes provider. Please install it with: pip install apache-airflow[cncf.kubernetes]
[2025-05-14T23:07:08.724-0400] {processor.py:927} WARNING - No viable dags retrieved from /home/aangava/MSP/airflow_venv/lib/python3.12/site-packages/airflow/example_dags/example_kubernetes_executor.py
[2025-05-14T23:07:08.737-0400] {processor.py:208} INFO - Processing /home/aangava/MSP/airflow_venv/lib/python3.12/site-packages/airflow/example_dags/example_kubernetes_executor.py took 0.042 seconds
[2025-05-14T23:08:14.093-0400] {processor.py:186} INFO - Started process (PID=47406) to work on /home/aangava/MSP/airflow_venv/lib/python3.12/site-packages/airflow/example_dags/example_kubernetes_executor.py
[2025-05-14T23:08:14.095-0400] {processor.py:914} INFO - Processing file /home/aangava/MSP/airflow_venv/lib/python3.12/site-packages/airflow/example_dags/example_kubernetes_executor.py for tasks to queue
[2025-05-14T23:08:14.097-0400] {logging_mixin.py:190} INFO - [2025-05-14T23:08:14.097-0400] {dagbag.py:588} INFO - Filling up the DagBag from /home/aangava/MSP/airflow_venv/lib/python3.12/site-packages/airflow/example_dags/example_kubernetes_executor.py
[2025-05-14T23:08:14.100-0400] {logging_mixin.py:190} INFO - [2025-05-14T23:08:14.100-0400] {example_kubernetes_executor.py:39} WARNING - The example_kubernetes_executor example DAG requires the kubernetes provider. Please install it with: pip install apache-airflow[cncf.kubernetes]
[2025-05-14T23:08:14.100-0400] {processor.py:927} WARNING - No viable dags retrieved from /home/aangava/MSP/airflow_venv/lib/python3.12/site-packages/airflow/example_dags/example_kubernetes_executor.py
[2025-05-14T23:08:14.109-0400] {processor.py:208} INFO - Processing /home/aangava/MSP/airflow_venv/lib/python3.12/site-packages/airflow/example_dags/example_kubernetes_executor.py took 0.022 seconds
[2025-05-14T23:09:13.709-0400] {processor.py:186} INFO - Started process (PID=47645) to work on /home/aangava/MSP/airflow_venv/lib/python3.12/site-packages/airflow/example_dags/example_kubernetes_executor.py
[2025-05-14T23:09:13.712-0400] {processor.py:914} INFO - Processing file /home/aangava/MSP/airflow_venv/lib/python3.12/site-packages/airflow/example_dags/example_kubernetes_executor.py for tasks to queue
[2025-05-14T23:09:13.714-0400] {logging_mixin.py:190} INFO - [2025-05-14T23:09:13.714-0400] {dagbag.py:588} INFO - Filling up the DagBag from /home/aangava/MSP/airflow_venv/lib/python3.12/site-packages/airflow/example_dags/example_kubernetes_executor.py
[2025-05-14T23:09:13.719-0400] {logging_mixin.py:190} INFO - [2025-05-14T23:09:13.719-0400] {example_kubernetes_executor.py:39} WARNING - The example_kubernetes_executor example DAG requires the kubernetes provider. Please install it with: pip install apache-airflow[cncf.kubernetes]
[2025-05-14T23:09:13.719-0400] {processor.py:927} WARNING - No viable dags retrieved from /home/aangava/MSP/airflow_venv/lib/python3.12/site-packages/airflow/example_dags/example_kubernetes_executor.py
[2025-05-14T23:09:13.731-0400] {processor.py:208} INFO - Processing /home/aangava/MSP/airflow_venv/lib/python3.12/site-packages/airflow/example_dags/example_kubernetes_executor.py took 0.028 seconds
[2025-05-14T23:10:15.985-0400] {processor.py:186} INFO - Started process (PID=47895) to work on /home/aangava/MSP/airflow_venv/lib/python3.12/site-packages/airflow/example_dags/example_kubernetes_executor.py
[2025-05-14T23:10:15.996-0400] {processor.py:914} INFO - Processing file /home/aangava/MSP/airflow_venv/lib/python3.12/site-packages/airflow/example_dags/example_kubernetes_executor.py for tasks to queue
[2025-05-14T23:10:16.001-0400] {logging_mixin.py:190} INFO - [2025-05-14T23:10:16.000-0400] {dagbag.py:588} INFO - Filling up the DagBag from /home/aangava/MSP/airflow_venv/lib/python3.12/site-packages/airflow/example_dags/example_kubernetes_executor.py
[2025-05-14T23:10:16.007-0400] {logging_mixin.py:190} INFO - [2025-05-14T23:10:16.006-0400] {example_kubernetes_executor.py:39} WARNING - The example_kubernetes_executor example DAG requires the kubernetes provider. Please install it with: pip install apache-airflow[cncf.kubernetes]
[2025-05-14T23:10:16.008-0400] {processor.py:927} WARNING - No viable dags retrieved from /home/aangava/MSP/airflow_venv/lib/python3.12/site-packages/airflow/example_dags/example_kubernetes_executor.py
[2025-05-14T23:10:16.021-0400] {processor.py:208} INFO - Processing /home/aangava/MSP/airflow_venv/lib/python3.12/site-packages/airflow/example_dags/example_kubernetes_executor.py took 0.055 seconds
[2025-05-14T23:11:20.459-0400] {processor.py:186} INFO - Started process (PID=48160) to work on /home/aangava/MSP/airflow_venv/lib/python3.12/site-packages/airflow/example_dags/example_kubernetes_executor.py
[2025-05-14T23:11:20.471-0400] {processor.py:914} INFO - Processing file /home/aangava/MSP/airflow_venv/lib/python3.12/site-packages/airflow/example_dags/example_kubernetes_executor.py for tasks to queue
[2025-05-14T23:11:20.473-0400] {logging_mixin.py:190} INFO - [2025-05-14T23:11:20.472-0400] {dagbag.py:588} INFO - Filling up the DagBag from /home/aangava/MSP/airflow_venv/lib/python3.12/site-packages/airflow/example_dags/example_kubernetes_executor.py
[2025-05-14T23:11:20.478-0400] {logging_mixin.py:190} INFO - [2025-05-14T23:11:20.478-0400] {example_kubernetes_executor.py:39} WARNING - The example_kubernetes_executor example DAG requires the kubernetes provider. Please install it with: pip install apache-airflow[cncf.kubernetes]
[2025-05-14T23:11:20.479-0400] {processor.py:927} WARNING - No viable dags retrieved from /home/aangava/MSP/airflow_venv/lib/python3.12/site-packages/airflow/example_dags/example_kubernetes_executor.py
[2025-05-14T23:11:20.494-0400] {processor.py:208} INFO - Processing /home/aangava/MSP/airflow_venv/lib/python3.12/site-packages/airflow/example_dags/example_kubernetes_executor.py took 0.046 seconds
[2025-05-14T23:12:24.605-0400] {processor.py:186} INFO - Started process (PID=48413) to work on /home/aangava/MSP/airflow_venv/lib/python3.12/site-packages/airflow/example_dags/example_kubernetes_executor.py
[2025-05-14T23:12:24.619-0400] {processor.py:914} INFO - Processing file /home/aangava/MSP/airflow_venv/lib/python3.12/site-packages/airflow/example_dags/example_kubernetes_executor.py for tasks to queue
[2025-05-14T23:12:24.624-0400] {logging_mixin.py:190} INFO - [2025-05-14T23:12:24.623-0400] {dagbag.py:588} INFO - Filling up the DagBag from /home/aangava/MSP/airflow_venv/lib/python3.12/site-packages/airflow/example_dags/example_kubernetes_executor.py
[2025-05-14T23:12:24.630-0400] {logging_mixin.py:190} INFO - [2025-05-14T23:12:24.629-0400] {example_kubernetes_executor.py:39} WARNING - The example_kubernetes_executor example DAG requires the kubernetes provider. Please install it with: pip install apache-airflow[cncf.kubernetes]
[2025-05-14T23:12:24.630-0400] {processor.py:927} WARNING - No viable dags retrieved from /home/aangava/MSP/airflow_venv/lib/python3.12/site-packages/airflow/example_dags/example_kubernetes_executor.py
[2025-05-14T23:12:24.646-0400] {processor.py:208} INFO - Processing /home/aangava/MSP/airflow_venv/lib/python3.12/site-packages/airflow/example_dags/example_kubernetes_executor.py took 0.055 seconds
[2025-05-14T23:13:28.273-0400] {processor.py:186} INFO - Started process (PID=48665) to work on /home/aangava/MSP/airflow_venv/lib/python3.12/site-packages/airflow/example_dags/example_kubernetes_executor.py
[2025-05-14T23:13:28.278-0400] {processor.py:914} INFO - Processing file /home/aangava/MSP/airflow_venv/lib/python3.12/site-packages/airflow/example_dags/example_kubernetes_executor.py for tasks to queue
[2025-05-14T23:13:28.281-0400] {logging_mixin.py:190} INFO - [2025-05-14T23:13:28.280-0400] {dagbag.py:588} INFO - Filling up the DagBag from /home/aangava/MSP/airflow_venv/lib/python3.12/site-packages/airflow/example_dags/example_kubernetes_executor.py
[2025-05-14T23:13:28.284-0400] {logging_mixin.py:190} INFO - [2025-05-14T23:13:28.284-0400] {example_kubernetes_executor.py:39} WARNING - The example_kubernetes_executor example DAG requires the kubernetes provider. Please install it with: pip install apache-airflow[cncf.kubernetes]
[2025-05-14T23:13:28.284-0400] {processor.py:927} WARNING - No viable dags retrieved from /home/aangava/MSP/airflow_venv/lib/python3.12/site-packages/airflow/example_dags/example_kubernetes_executor.py
[2025-05-14T23:13:28.297-0400] {processor.py:208} INFO - Processing /home/aangava/MSP/airflow_venv/lib/python3.12/site-packages/airflow/example_dags/example_kubernetes_executor.py took 0.035 seconds
[2025-05-14T23:14:28.722-0400] {processor.py:186} INFO - Started process (PID=48908) to work on /home/aangava/MSP/airflow_venv/lib/python3.12/site-packages/airflow/example_dags/example_kubernetes_executor.py
[2025-05-14T23:14:28.733-0400] {processor.py:914} INFO - Processing file /home/aangava/MSP/airflow_venv/lib/python3.12/site-packages/airflow/example_dags/example_kubernetes_executor.py for tasks to queue
[2025-05-14T23:14:28.737-0400] {logging_mixin.py:190} INFO - [2025-05-14T23:14:28.736-0400] {dagbag.py:588} INFO - Filling up the DagBag from /home/aangava/MSP/airflow_venv/lib/python3.12/site-packages/airflow/example_dags/example_kubernetes_executor.py
[2025-05-14T23:14:28.743-0400] {logging_mixin.py:190} INFO - [2025-05-14T23:14:28.742-0400] {example_kubernetes_executor.py:39} WARNING - The example_kubernetes_executor example DAG requires the kubernetes provider. Please install it with: pip install apache-airflow[cncf.kubernetes]
[2025-05-14T23:14:28.743-0400] {processor.py:927} WARNING - No viable dags retrieved from /home/aangava/MSP/airflow_venv/lib/python3.12/site-packages/airflow/example_dags/example_kubernetes_executor.py
[2025-05-14T23:14:28.760-0400] {processor.py:208} INFO - Processing /home/aangava/MSP/airflow_venv/lib/python3.12/site-packages/airflow/example_dags/example_kubernetes_executor.py took 0.046 seconds
[2025-05-14T23:15:32.452-0400] {processor.py:186} INFO - Started process (PID=49157) to work on /home/aangava/MSP/airflow_venv/lib/python3.12/site-packages/airflow/example_dags/example_kubernetes_executor.py
[2025-05-14T23:15:32.463-0400] {processor.py:914} INFO - Processing file /home/aangava/MSP/airflow_venv/lib/python3.12/site-packages/airflow/example_dags/example_kubernetes_executor.py for tasks to queue
[2025-05-14T23:15:32.465-0400] {logging_mixin.py:190} INFO - [2025-05-14T23:15:32.464-0400] {dagbag.py:588} INFO - Filling up the DagBag from /home/aangava/MSP/airflow_venv/lib/python3.12/site-packages/airflow/example_dags/example_kubernetes_executor.py
[2025-05-14T23:15:32.468-0400] {logging_mixin.py:190} INFO - [2025-05-14T23:15:32.468-0400] {example_kubernetes_executor.py:39} WARNING - The example_kubernetes_executor example DAG requires the kubernetes provider. Please install it with: pip install apache-airflow[cncf.kubernetes]
[2025-05-14T23:15:32.469-0400] {processor.py:927} WARNING - No viable dags retrieved from /home/aangava/MSP/airflow_venv/lib/python3.12/site-packages/airflow/example_dags/example_kubernetes_executor.py
[2025-05-14T23:15:32.479-0400] {processor.py:208} INFO - Processing /home/aangava/MSP/airflow_venv/lib/python3.12/site-packages/airflow/example_dags/example_kubernetes_executor.py took 0.034 seconds
[2025-05-14T23:16:36.190-0400] {processor.py:186} INFO - Started process (PID=49421) to work on /home/aangava/MSP/airflow_venv/lib/python3.12/site-packages/airflow/example_dags/example_kubernetes_executor.py
[2025-05-14T23:16:36.201-0400] {processor.py:914} INFO - Processing file /home/aangava/MSP/airflow_venv/lib/python3.12/site-packages/airflow/example_dags/example_kubernetes_executor.py for tasks to queue
[2025-05-14T23:16:36.203-0400] {logging_mixin.py:190} INFO - [2025-05-14T23:16:36.202-0400] {dagbag.py:588} INFO - Filling up the DagBag from /home/aangava/MSP/airflow_venv/lib/python3.12/site-packages/airflow/example_dags/example_kubernetes_executor.py
[2025-05-14T23:16:36.208-0400] {logging_mixin.py:190} INFO - [2025-05-14T23:16:36.207-0400] {example_kubernetes_executor.py:39} WARNING - The example_kubernetes_executor example DAG requires the kubernetes provider. Please install it with: pip install apache-airflow[cncf.kubernetes]
[2025-05-14T23:16:36.208-0400] {processor.py:927} WARNING - No viable dags retrieved from /home/aangava/MSP/airflow_venv/lib/python3.12/site-packages/airflow/example_dags/example_kubernetes_executor.py
[2025-05-14T23:16:36.219-0400] {processor.py:208} INFO - Processing /home/aangava/MSP/airflow_venv/lib/python3.12/site-packages/airflow/example_dags/example_kubernetes_executor.py took 0.039 seconds
[2025-05-14T23:17:35.831-0400] {processor.py:186} INFO - Started process (PID=49663) to work on /home/aangava/MSP/airflow_venv/lib/python3.12/site-packages/airflow/example_dags/example_kubernetes_executor.py
[2025-05-14T23:17:35.842-0400] {processor.py:914} INFO - Processing file /home/aangava/MSP/airflow_venv/lib/python3.12/site-packages/airflow/example_dags/example_kubernetes_executor.py for tasks to queue
[2025-05-14T23:17:35.844-0400] {logging_mixin.py:190} INFO - [2025-05-14T23:17:35.843-0400] {dagbag.py:588} INFO - Filling up the DagBag from /home/aangava/MSP/airflow_venv/lib/python3.12/site-packages/airflow/example_dags/example_kubernetes_executor.py
[2025-05-14T23:17:35.847-0400] {logging_mixin.py:190} INFO - [2025-05-14T23:17:35.847-0400] {example_kubernetes_executor.py:39} WARNING - The example_kubernetes_executor example DAG requires the kubernetes provider. Please install it with: pip install apache-airflow[cncf.kubernetes]
[2025-05-14T23:17:35.847-0400] {processor.py:927} WARNING - No viable dags retrieved from /home/aangava/MSP/airflow_venv/lib/python3.12/site-packages/airflow/example_dags/example_kubernetes_executor.py
[2025-05-14T23:17:35.859-0400] {processor.py:208} INFO - Processing /home/aangava/MSP/airflow_venv/lib/python3.12/site-packages/airflow/example_dags/example_kubernetes_executor.py took 0.036 seconds
[2025-05-14T23:18:38.105-0400] {processor.py:186} INFO - Started process (PID=49911) to work on /home/aangava/MSP/airflow_venv/lib/python3.12/site-packages/airflow/example_dags/example_kubernetes_executor.py
[2025-05-14T23:18:38.107-0400] {processor.py:914} INFO - Processing file /home/aangava/MSP/airflow_venv/lib/python3.12/site-packages/airflow/example_dags/example_kubernetes_executor.py for tasks to queue
[2025-05-14T23:18:38.110-0400] {logging_mixin.py:190} INFO - [2025-05-14T23:18:38.109-0400] {dagbag.py:588} INFO - Filling up the DagBag from /home/aangava/MSP/airflow_venv/lib/python3.12/site-packages/airflow/example_dags/example_kubernetes_executor.py
[2025-05-14T23:18:38.114-0400] {logging_mixin.py:190} INFO - [2025-05-14T23:18:38.114-0400] {example_kubernetes_executor.py:39} WARNING - The example_kubernetes_executor example DAG requires the kubernetes provider. Please install it with: pip install apache-airflow[cncf.kubernetes]
[2025-05-14T23:18:38.114-0400] {processor.py:927} WARNING - No viable dags retrieved from /home/aangava/MSP/airflow_venv/lib/python3.12/site-packages/airflow/example_dags/example_kubernetes_executor.py
[2025-05-14T23:18:38.134-0400] {processor.py:208} INFO - Processing /home/aangava/MSP/airflow_venv/lib/python3.12/site-packages/airflow/example_dags/example_kubernetes_executor.py took 0.040 seconds
[2025-05-14T23:19:41.787-0400] {processor.py:186} INFO - Started process (PID=50163) to work on /home/aangava/MSP/airflow_venv/lib/python3.12/site-packages/airflow/example_dags/example_kubernetes_executor.py
[2025-05-14T23:19:41.801-0400] {processor.py:914} INFO - Processing file /home/aangava/MSP/airflow_venv/lib/python3.12/site-packages/airflow/example_dags/example_kubernetes_executor.py for tasks to queue
[2025-05-14T23:19:41.804-0400] {logging_mixin.py:190} INFO - [2025-05-14T23:19:41.803-0400] {dagbag.py:588} INFO - Filling up the DagBag from /home/aangava/MSP/airflow_venv/lib/python3.12/site-packages/airflow/example_dags/example_kubernetes_executor.py
[2025-05-14T23:19:41.810-0400] {logging_mixin.py:190} INFO - [2025-05-14T23:19:41.810-0400] {example_kubernetes_executor.py:39} WARNING - The example_kubernetes_executor example DAG requires the kubernetes provider. Please install it with: pip install apache-airflow[cncf.kubernetes]
[2025-05-14T23:19:41.811-0400] {processor.py:927} WARNING - No viable dags retrieved from /home/aangava/MSP/airflow_venv/lib/python3.12/site-packages/airflow/example_dags/example_kubernetes_executor.py
[2025-05-14T23:19:41.827-0400] {processor.py:208} INFO - Processing /home/aangava/MSP/airflow_venv/lib/python3.12/site-packages/airflow/example_dags/example_kubernetes_executor.py took 0.051 seconds
[2025-05-14T23:20:44.390-0400] {processor.py:186} INFO - Started process (PID=50418) to work on /home/aangava/MSP/airflow_venv/lib/python3.12/site-packages/airflow/example_dags/example_kubernetes_executor.py
[2025-05-14T23:20:44.403-0400] {processor.py:914} INFO - Processing file /home/aangava/MSP/airflow_venv/lib/python3.12/site-packages/airflow/example_dags/example_kubernetes_executor.py for tasks to queue
[2025-05-14T23:20:44.405-0400] {logging_mixin.py:190} INFO - [2025-05-14T23:20:44.405-0400] {dagbag.py:588} INFO - Filling up the DagBag from /home/aangava/MSP/airflow_venv/lib/python3.12/site-packages/airflow/example_dags/example_kubernetes_executor.py
[2025-05-14T23:20:44.410-0400] {logging_mixin.py:190} INFO - [2025-05-14T23:20:44.410-0400] {example_kubernetes_executor.py:39} WARNING - The example_kubernetes_executor example DAG requires the kubernetes provider. Please install it with: pip install apache-airflow[cncf.kubernetes]
[2025-05-14T23:20:44.411-0400] {processor.py:927} WARNING - No viable dags retrieved from /home/aangava/MSP/airflow_venv/lib/python3.12/site-packages/airflow/example_dags/example_kubernetes_executor.py
[2025-05-14T23:20:44.424-0400] {processor.py:208} INFO - Processing /home/aangava/MSP/airflow_venv/lib/python3.12/site-packages/airflow/example_dags/example_kubernetes_executor.py took 0.049 seconds
[2025-05-14T23:21:46.820-0400] {processor.py:186} INFO - Started process (PID=50661) to work on /home/aangava/MSP/airflow_venv/lib/python3.12/site-packages/airflow/example_dags/example_kubernetes_executor.py
[2025-05-14T23:21:46.831-0400] {processor.py:914} INFO - Processing file /home/aangava/MSP/airflow_venv/lib/python3.12/site-packages/airflow/example_dags/example_kubernetes_executor.py for tasks to queue
[2025-05-14T23:21:46.833-0400] {logging_mixin.py:190} INFO - [2025-05-14T23:21:46.832-0400] {dagbag.py:588} INFO - Filling up the DagBag from /home/aangava/MSP/airflow_venv/lib/python3.12/site-packages/airflow/example_dags/example_kubernetes_executor.py
[2025-05-14T23:21:46.838-0400] {logging_mixin.py:190} INFO - [2025-05-14T23:21:46.837-0400] {example_kubernetes_executor.py:39} WARNING - The example_kubernetes_executor example DAG requires the kubernetes provider. Please install it with: pip install apache-airflow[cncf.kubernetes]
[2025-05-14T23:21:46.838-0400] {processor.py:927} WARNING - No viable dags retrieved from /home/aangava/MSP/airflow_venv/lib/python3.12/site-packages/airflow/example_dags/example_kubernetes_executor.py
[2025-05-14T23:21:46.854-0400] {processor.py:208} INFO - Processing /home/aangava/MSP/airflow_venv/lib/python3.12/site-packages/airflow/example_dags/example_kubernetes_executor.py took 0.048 seconds
[2025-05-14T23:24:17.023-0400] {processor.py:186} INFO - Started process (PID=50942) to work on /home/aangava/MSP/airflow_venv/lib/python3.12/site-packages/airflow/example_dags/example_kubernetes_executor.py
[2025-05-14T23:24:17.026-0400] {processor.py:914} INFO - Processing file /home/aangava/MSP/airflow_venv/lib/python3.12/site-packages/airflow/example_dags/example_kubernetes_executor.py for tasks to queue
[2025-05-14T23:24:17.027-0400] {logging_mixin.py:190} INFO - [2025-05-14T23:24:17.027-0400] {dagbag.py:588} INFO - Filling up the DagBag from /home/aangava/MSP/airflow_venv/lib/python3.12/site-packages/airflow/example_dags/example_kubernetes_executor.py
[2025-05-14T23:24:17.030-0400] {logging_mixin.py:190} INFO - [2025-05-14T23:24:17.030-0400] {example_kubernetes_executor.py:39} WARNING - The example_kubernetes_executor example DAG requires the kubernetes provider. Please install it with: pip install apache-airflow[cncf.kubernetes]
[2025-05-14T23:24:17.031-0400] {processor.py:927} WARNING - No viable dags retrieved from /home/aangava/MSP/airflow_venv/lib/python3.12/site-packages/airflow/example_dags/example_kubernetes_executor.py
[2025-05-14T23:24:17.041-0400] {processor.py:208} INFO - Processing /home/aangava/MSP/airflow_venv/lib/python3.12/site-packages/airflow/example_dags/example_kubernetes_executor.py took 0.024 seconds
[2025-05-14T23:25:32.154-0400] {processor.py:186} INFO - Started process (PID=51232) to work on /home/aangava/MSP/airflow_venv/lib/python3.12/site-packages/airflow/example_dags/example_kubernetes_executor.py
[2025-05-14T23:25:32.167-0400] {processor.py:914} INFO - Processing file /home/aangava/MSP/airflow_venv/lib/python3.12/site-packages/airflow/example_dags/example_kubernetes_executor.py for tasks to queue
[2025-05-14T23:25:32.170-0400] {logging_mixin.py:190} INFO - [2025-05-14T23:25:32.169-0400] {dagbag.py:588} INFO - Filling up the DagBag from /home/aangava/MSP/airflow_venv/lib/python3.12/site-packages/airflow/example_dags/example_kubernetes_executor.py
[2025-05-14T23:25:32.175-0400] {logging_mixin.py:190} INFO - [2025-05-14T23:25:32.175-0400] {example_kubernetes_executor.py:39} WARNING - The example_kubernetes_executor example DAG requires the kubernetes provider. Please install it with: pip install apache-airflow[cncf.kubernetes]
[2025-05-14T23:25:32.176-0400] {processor.py:927} WARNING - No viable dags retrieved from /home/aangava/MSP/airflow_venv/lib/python3.12/site-packages/airflow/example_dags/example_kubernetes_executor.py
[2025-05-14T23:25:32.190-0400] {processor.py:208} INFO - Processing /home/aangava/MSP/airflow_venv/lib/python3.12/site-packages/airflow/example_dags/example_kubernetes_executor.py took 0.045 seconds
[2025-05-14T23:26:34.598-0400] {processor.py:186} INFO - Started process (PID=51480) to work on /home/aangava/MSP/airflow_venv/lib/python3.12/site-packages/airflow/example_dags/example_kubernetes_executor.py
[2025-05-14T23:26:34.612-0400] {processor.py:914} INFO - Processing file /home/aangava/MSP/airflow_venv/lib/python3.12/site-packages/airflow/example_dags/example_kubernetes_executor.py for tasks to queue
[2025-05-14T23:26:34.615-0400] {logging_mixin.py:190} INFO - [2025-05-14T23:26:34.614-0400] {dagbag.py:588} INFO - Filling up the DagBag from /home/aangava/MSP/airflow_venv/lib/python3.12/site-packages/airflow/example_dags/example_kubernetes_executor.py
[2025-05-14T23:26:34.620-0400] {logging_mixin.py:190} INFO - [2025-05-14T23:26:34.620-0400] {example_kubernetes_executor.py:39} WARNING - The example_kubernetes_executor example DAG requires the kubernetes provider. Please install it with: pip install apache-airflow[cncf.kubernetes]
[2025-05-14T23:26:34.621-0400] {processor.py:927} WARNING - No viable dags retrieved from /home/aangava/MSP/airflow_venv/lib/python3.12/site-packages/airflow/example_dags/example_kubernetes_executor.py
[2025-05-14T23:26:34.637-0400] {processor.py:208} INFO - Processing /home/aangava/MSP/airflow_venv/lib/python3.12/site-packages/airflow/example_dags/example_kubernetes_executor.py took 0.048 seconds
[2025-05-14T23:28:16.296-0400] {processor.py:186} INFO - Started process (PID=51789) to work on /home/aangava/MSP/airflow_venv/lib/python3.12/site-packages/airflow/example_dags/example_kubernetes_executor.py
[2025-05-14T23:28:16.308-0400] {processor.py:914} INFO - Processing file /home/aangava/MSP/airflow_venv/lib/python3.12/site-packages/airflow/example_dags/example_kubernetes_executor.py for tasks to queue
[2025-05-14T23:28:16.310-0400] {logging_mixin.py:190} INFO - [2025-05-14T23:28:16.309-0400] {dagbag.py:588} INFO - Filling up the DagBag from /home/aangava/MSP/airflow_venv/lib/python3.12/site-packages/airflow/example_dags/example_kubernetes_executor.py
[2025-05-14T23:28:16.315-0400] {logging_mixin.py:190} INFO - [2025-05-14T23:28:16.315-0400] {example_kubernetes_executor.py:39} WARNING - The example_kubernetes_executor example DAG requires the kubernetes provider. Please install it with: pip install apache-airflow[cncf.kubernetes]
[2025-05-14T23:28:16.316-0400] {processor.py:927} WARNING - No viable dags retrieved from /home/aangava/MSP/airflow_venv/lib/python3.12/site-packages/airflow/example_dags/example_kubernetes_executor.py
[2025-05-14T23:28:16.328-0400] {processor.py:208} INFO - Processing /home/aangava/MSP/airflow_venv/lib/python3.12/site-packages/airflow/example_dags/example_kubernetes_executor.py took 0.040 seconds
[2025-05-14T23:29:44.681-0400] {processor.py:186} INFO - Started process (PID=52138) to work on /home/aangava/MSP/airflow_venv/lib/python3.12/site-packages/airflow/example_dags/example_kubernetes_executor.py
[2025-05-14T23:29:44.683-0400] {processor.py:914} INFO - Processing file /home/aangava/MSP/airflow_venv/lib/python3.12/site-packages/airflow/example_dags/example_kubernetes_executor.py for tasks to queue
[2025-05-14T23:29:44.685-0400] {logging_mixin.py:190} INFO - [2025-05-14T23:29:44.685-0400] {dagbag.py:588} INFO - Filling up the DagBag from /home/aangava/MSP/airflow_venv/lib/python3.12/site-packages/airflow/example_dags/example_kubernetes_executor.py
[2025-05-14T23:29:44.689-0400] {logging_mixin.py:190} INFO - [2025-05-14T23:29:44.689-0400] {example_kubernetes_executor.py:39} WARNING - The example_kubernetes_executor example DAG requires the kubernetes provider. Please install it with: pip install apache-airflow[cncf.kubernetes]
[2025-05-14T23:29:44.689-0400] {processor.py:927} WARNING - No viable dags retrieved from /home/aangava/MSP/airflow_venv/lib/python3.12/site-packages/airflow/example_dags/example_kubernetes_executor.py
[2025-05-14T23:29:44.701-0400] {processor.py:208} INFO - Processing /home/aangava/MSP/airflow_venv/lib/python3.12/site-packages/airflow/example_dags/example_kubernetes_executor.py took 0.029 seconds
[2025-05-14T23:30:49.085-0400] {processor.py:186} INFO - Started process (PID=52399) to work on /home/aangava/MSP/airflow_venv/lib/python3.12/site-packages/airflow/example_dags/example_kubernetes_executor.py
[2025-05-14T23:30:49.095-0400] {processor.py:914} INFO - Processing file /home/aangava/MSP/airflow_venv/lib/python3.12/site-packages/airflow/example_dags/example_kubernetes_executor.py for tasks to queue
[2025-05-14T23:30:49.097-0400] {logging_mixin.py:190} INFO - [2025-05-14T23:30:49.096-0400] {dagbag.py:588} INFO - Filling up the DagBag from /home/aangava/MSP/airflow_venv/lib/python3.12/site-packages/airflow/example_dags/example_kubernetes_executor.py
[2025-05-14T23:30:49.101-0400] {logging_mixin.py:190} INFO - [2025-05-14T23:30:49.101-0400] {example_kubernetes_executor.py:39} WARNING - The example_kubernetes_executor example DAG requires the kubernetes provider. Please install it with: pip install apache-airflow[cncf.kubernetes]
[2025-05-14T23:30:49.101-0400] {processor.py:927} WARNING - No viable dags retrieved from /home/aangava/MSP/airflow_venv/lib/python3.12/site-packages/airflow/example_dags/example_kubernetes_executor.py
[2025-05-14T23:30:49.115-0400] {processor.py:208} INFO - Processing /home/aangava/MSP/airflow_venv/lib/python3.12/site-packages/airflow/example_dags/example_kubernetes_executor.py took 0.036 seconds
[2025-05-14T23:32:01.071-0400] {processor.py:186} INFO - Started process (PID=52676) to work on /home/aangava/MSP/airflow_venv/lib/python3.12/site-packages/airflow/example_dags/example_kubernetes_executor.py
[2025-05-14T23:32:01.082-0400] {processor.py:914} INFO - Processing file /home/aangava/MSP/airflow_venv/lib/python3.12/site-packages/airflow/example_dags/example_kubernetes_executor.py for tasks to queue
[2025-05-14T23:32:01.085-0400] {logging_mixin.py:190} INFO - [2025-05-14T23:32:01.084-0400] {dagbag.py:588} INFO - Filling up the DagBag from /home/aangava/MSP/airflow_venv/lib/python3.12/site-packages/airflow/example_dags/example_kubernetes_executor.py
[2025-05-14T23:32:01.089-0400] {logging_mixin.py:190} INFO - [2025-05-14T23:32:01.088-0400] {example_kubernetes_executor.py:39} WARNING - The example_kubernetes_executor example DAG requires the kubernetes provider. Please install it with: pip install apache-airflow[cncf.kubernetes]
[2025-05-14T23:32:01.089-0400] {processor.py:927} WARNING - No viable dags retrieved from /home/aangava/MSP/airflow_venv/lib/python3.12/site-packages/airflow/example_dags/example_kubernetes_executor.py
[2025-05-14T23:32:01.103-0400] {processor.py:208} INFO - Processing /home/aangava/MSP/airflow_venv/lib/python3.12/site-packages/airflow/example_dags/example_kubernetes_executor.py took 0.045 seconds
[2025-05-14T23:33:11.459-0400] {processor.py:186} INFO - Started process (PID=52957) to work on /home/aangava/MSP/airflow_venv/lib/python3.12/site-packages/airflow/example_dags/example_kubernetes_executor.py
[2025-05-14T23:33:11.461-0400] {processor.py:914} INFO - Processing file /home/aangava/MSP/airflow_venv/lib/python3.12/site-packages/airflow/example_dags/example_kubernetes_executor.py for tasks to queue
[2025-05-14T23:33:11.463-0400] {logging_mixin.py:190} INFO - [2025-05-14T23:33:11.463-0400] {dagbag.py:588} INFO - Filling up the DagBag from /home/aangava/MSP/airflow_venv/lib/python3.12/site-packages/airflow/example_dags/example_kubernetes_executor.py
[2025-05-14T23:33:11.467-0400] {logging_mixin.py:190} INFO - [2025-05-14T23:33:11.467-0400] {example_kubernetes_executor.py:39} WARNING - The example_kubernetes_executor example DAG requires the kubernetes provider. Please install it with: pip install apache-airflow[cncf.kubernetes]
[2025-05-14T23:33:11.468-0400] {processor.py:927} WARNING - No viable dags retrieved from /home/aangava/MSP/airflow_venv/lib/python3.12/site-packages/airflow/example_dags/example_kubernetes_executor.py
[2025-05-14T23:33:11.480-0400] {processor.py:208} INFO - Processing /home/aangava/MSP/airflow_venv/lib/python3.12/site-packages/airflow/example_dags/example_kubernetes_executor.py took 0.030 seconds
[2025-05-14T23:39:27.152-0400] {processor.py:186} INFO - Started process (PID=53255) to work on /home/aangava/MSP/airflow_venv/lib/python3.12/site-packages/airflow/example_dags/example_kubernetes_executor.py
[2025-05-14T23:39:27.156-0400] {processor.py:914} INFO - Processing file /home/aangava/MSP/airflow_venv/lib/python3.12/site-packages/airflow/example_dags/example_kubernetes_executor.py for tasks to queue
[2025-05-14T23:39:27.158-0400] {logging_mixin.py:190} INFO - [2025-05-14T23:39:27.157-0400] {dagbag.py:588} INFO - Filling up the DagBag from /home/aangava/MSP/airflow_venv/lib/python3.12/site-packages/airflow/example_dags/example_kubernetes_executor.py
[2025-05-14T23:39:27.163-0400] {logging_mixin.py:190} INFO - [2025-05-14T23:39:27.162-0400] {example_kubernetes_executor.py:39} WARNING - The example_kubernetes_executor example DAG requires the kubernetes provider. Please install it with: pip install apache-airflow[cncf.kubernetes]
[2025-05-14T23:39:27.163-0400] {processor.py:927} WARNING - No viable dags retrieved from /home/aangava/MSP/airflow_venv/lib/python3.12/site-packages/airflow/example_dags/example_kubernetes_executor.py
[2025-05-14T23:39:27.178-0400] {processor.py:208} INFO - Processing /home/aangava/MSP/airflow_venv/lib/python3.12/site-packages/airflow/example_dags/example_kubernetes_executor.py took 0.037 seconds
[2025-05-14T23:40:48.902-0400] {processor.py:186} INFO - Started process (PID=53570) to work on /home/aangava/MSP/airflow_venv/lib/python3.12/site-packages/airflow/example_dags/example_kubernetes_executor.py
[2025-05-14T23:40:48.914-0400] {processor.py:914} INFO - Processing file /home/aangava/MSP/airflow_venv/lib/python3.12/site-packages/airflow/example_dags/example_kubernetes_executor.py for tasks to queue
[2025-05-14T23:40:48.918-0400] {logging_mixin.py:190} INFO - [2025-05-14T23:40:48.917-0400] {dagbag.py:588} INFO - Filling up the DagBag from /home/aangava/MSP/airflow_venv/lib/python3.12/site-packages/airflow/example_dags/example_kubernetes_executor.py
[2025-05-14T23:40:48.923-0400] {logging_mixin.py:190} INFO - [2025-05-14T23:40:48.923-0400] {example_kubernetes_executor.py:39} WARNING - The example_kubernetes_executor example DAG requires the kubernetes provider. Please install it with: pip install apache-airflow[cncf.kubernetes]
[2025-05-14T23:40:48.924-0400] {processor.py:927} WARNING - No viable dags retrieved from /home/aangava/MSP/airflow_venv/lib/python3.12/site-packages/airflow/example_dags/example_kubernetes_executor.py
[2025-05-14T23:40:48.936-0400] {processor.py:208} INFO - Processing /home/aangava/MSP/airflow_venv/lib/python3.12/site-packages/airflow/example_dags/example_kubernetes_executor.py took 0.042 seconds
[2025-05-14T23:41:49.394-0400] {processor.py:186} INFO - Started process (PID=53807) to work on /home/aangava/MSP/airflow_venv/lib/python3.12/site-packages/airflow/example_dags/example_kubernetes_executor.py
[2025-05-14T23:41:49.407-0400] {processor.py:914} INFO - Processing file /home/aangava/MSP/airflow_venv/lib/python3.12/site-packages/airflow/example_dags/example_kubernetes_executor.py for tasks to queue
[2025-05-14T23:41:49.410-0400] {logging_mixin.py:190} INFO - [2025-05-14T23:41:49.409-0400] {dagbag.py:588} INFO - Filling up the DagBag from /home/aangava/MSP/airflow_venv/lib/python3.12/site-packages/airflow/example_dags/example_kubernetes_executor.py
[2025-05-14T23:41:49.415-0400] {logging_mixin.py:190} INFO - [2025-05-14T23:41:49.415-0400] {example_kubernetes_executor.py:39} WARNING - The example_kubernetes_executor example DAG requires the kubernetes provider. Please install it with: pip install apache-airflow[cncf.kubernetes]
[2025-05-14T23:41:49.416-0400] {processor.py:927} WARNING - No viable dags retrieved from /home/aangava/MSP/airflow_venv/lib/python3.12/site-packages/airflow/example_dags/example_kubernetes_executor.py
[2025-05-14T23:41:49.433-0400] {processor.py:208} INFO - Processing /home/aangava/MSP/airflow_venv/lib/python3.12/site-packages/airflow/example_dags/example_kubernetes_executor.py took 0.054 seconds
[2025-05-14T23:42:54.844-0400] {processor.py:186} INFO - Started process (PID=54074) to work on /home/aangava/MSP/airflow_venv/lib/python3.12/site-packages/airflow/example_dags/example_kubernetes_executor.py
[2025-05-14T23:42:54.856-0400] {processor.py:914} INFO - Processing file /home/aangava/MSP/airflow_venv/lib/python3.12/site-packages/airflow/example_dags/example_kubernetes_executor.py for tasks to queue
[2025-05-14T23:42:54.859-0400] {logging_mixin.py:190} INFO - [2025-05-14T23:42:54.858-0400] {dagbag.py:588} INFO - Filling up the DagBag from /home/aangava/MSP/airflow_venv/lib/python3.12/site-packages/airflow/example_dags/example_kubernetes_executor.py
[2025-05-14T23:42:54.864-0400] {logging_mixin.py:190} INFO - [2025-05-14T23:42:54.864-0400] {example_kubernetes_executor.py:39} WARNING - The example_kubernetes_executor example DAG requires the kubernetes provider. Please install it with: pip install apache-airflow[cncf.kubernetes]
[2025-05-14T23:42:54.865-0400] {processor.py:927} WARNING - No viable dags retrieved from /home/aangava/MSP/airflow_venv/lib/python3.12/site-packages/airflow/example_dags/example_kubernetes_executor.py
[2025-05-14T23:42:54.879-0400] {processor.py:208} INFO - Processing /home/aangava/MSP/airflow_venv/lib/python3.12/site-packages/airflow/example_dags/example_kubernetes_executor.py took 0.045 seconds
[2025-05-15T13:39:18.027-0400] {processor.py:186} INFO - Started process (PID=54464) to work on /home/aangava/MSP/airflow_venv/lib/python3.12/site-packages/airflow/example_dags/example_kubernetes_executor.py
[2025-05-15T13:39:18.039-0400] {processor.py:914} INFO - Processing file /home/aangava/MSP/airflow_venv/lib/python3.12/site-packages/airflow/example_dags/example_kubernetes_executor.py for tasks to queue
[2025-05-15T13:39:18.042-0400] {logging_mixin.py:190} INFO - [2025-05-15T13:39:18.041-0400] {dagbag.py:588} INFO - Filling up the DagBag from /home/aangava/MSP/airflow_venv/lib/python3.12/site-packages/airflow/example_dags/example_kubernetes_executor.py
[2025-05-15T13:39:18.047-0400] {logging_mixin.py:190} INFO - [2025-05-15T13:39:18.047-0400] {example_kubernetes_executor.py:39} WARNING - The example_kubernetes_executor example DAG requires the kubernetes provider. Please install it with: pip install apache-airflow[cncf.kubernetes]
[2025-05-15T13:39:18.048-0400] {processor.py:927} WARNING - No viable dags retrieved from /home/aangava/MSP/airflow_venv/lib/python3.12/site-packages/airflow/example_dags/example_kubernetes_executor.py
[2025-05-15T13:39:18.062-0400] {processor.py:208} INFO - Processing /home/aangava/MSP/airflow_venv/lib/python3.12/site-packages/airflow/example_dags/example_kubernetes_executor.py took 0.044 seconds
[2025-05-15T13:40:22.935-0400] {processor.py:186} INFO - Started process (PID=54718) to work on /home/aangava/MSP/airflow_venv/lib/python3.12/site-packages/airflow/example_dags/example_kubernetes_executor.py
[2025-05-15T13:40:22.947-0400] {processor.py:914} INFO - Processing file /home/aangava/MSP/airflow_venv/lib/python3.12/site-packages/airflow/example_dags/example_kubernetes_executor.py for tasks to queue
[2025-05-15T13:40:22.950-0400] {logging_mixin.py:190} INFO - [2025-05-15T13:40:22.949-0400] {dagbag.py:588} INFO - Filling up the DagBag from /home/aangava/MSP/airflow_venv/lib/python3.12/site-packages/airflow/example_dags/example_kubernetes_executor.py
[2025-05-15T13:40:22.956-0400] {logging_mixin.py:190} INFO - [2025-05-15T13:40:22.955-0400] {example_kubernetes_executor.py:39} WARNING - The example_kubernetes_executor example DAG requires the kubernetes provider. Please install it with: pip install apache-airflow[cncf.kubernetes]
[2025-05-15T13:40:22.956-0400] {processor.py:927} WARNING - No viable dags retrieved from /home/aangava/MSP/airflow_venv/lib/python3.12/site-packages/airflow/example_dags/example_kubernetes_executor.py
[2025-05-15T13:40:22.971-0400] {processor.py:208} INFO - Processing /home/aangava/MSP/airflow_venv/lib/python3.12/site-packages/airflow/example_dags/example_kubernetes_executor.py took 0.045 seconds
[2025-05-15T13:41:30.066-0400] {processor.py:186} INFO - Started process (PID=54974) to work on /home/aangava/MSP/airflow_venv/lib/python3.12/site-packages/airflow/example_dags/example_kubernetes_executor.py
[2025-05-15T13:41:30.079-0400] {processor.py:914} INFO - Processing file /home/aangava/MSP/airflow_venv/lib/python3.12/site-packages/airflow/example_dags/example_kubernetes_executor.py for tasks to queue
[2025-05-15T13:41:30.087-0400] {logging_mixin.py:190} INFO - [2025-05-15T13:41:30.085-0400] {dagbag.py:588} INFO - Filling up the DagBag from /home/aangava/MSP/airflow_venv/lib/python3.12/site-packages/airflow/example_dags/example_kubernetes_executor.py
[2025-05-15T13:41:30.104-0400] {logging_mixin.py:190} INFO - [2025-05-15T13:41:30.103-0400] {example_kubernetes_executor.py:39} WARNING - The example_kubernetes_executor example DAG requires the kubernetes provider. Please install it with: pip install apache-airflow[cncf.kubernetes]
[2025-05-15T13:41:30.107-0400] {processor.py:927} WARNING - No viable dags retrieved from /home/aangava/MSP/airflow_venv/lib/python3.12/site-packages/airflow/example_dags/example_kubernetes_executor.py
[2025-05-15T13:41:30.151-0400] {processor.py:208} INFO - Processing /home/aangava/MSP/airflow_venv/lib/python3.12/site-packages/airflow/example_dags/example_kubernetes_executor.py took 0.112 seconds
[2025-05-15T13:42:32.522-0400] {processor.py:186} INFO - Started process (PID=55228) to work on /home/aangava/MSP/airflow_venv/lib/python3.12/site-packages/airflow/example_dags/example_kubernetes_executor.py
[2025-05-15T13:42:32.534-0400] {processor.py:914} INFO - Processing file /home/aangava/MSP/airflow_venv/lib/python3.12/site-packages/airflow/example_dags/example_kubernetes_executor.py for tasks to queue
[2025-05-15T13:42:32.537-0400] {logging_mixin.py:190} INFO - [2025-05-15T13:42:32.536-0400] {dagbag.py:588} INFO - Filling up the DagBag from /home/aangava/MSP/airflow_venv/lib/python3.12/site-packages/airflow/example_dags/example_kubernetes_executor.py
[2025-05-15T13:42:32.542-0400] {logging_mixin.py:190} INFO - [2025-05-15T13:42:32.542-0400] {example_kubernetes_executor.py:39} WARNING - The example_kubernetes_executor example DAG requires the kubernetes provider. Please install it with: pip install apache-airflow[cncf.kubernetes]
[2025-05-15T13:42:32.543-0400] {processor.py:927} WARNING - No viable dags retrieved from /home/aangava/MSP/airflow_venv/lib/python3.12/site-packages/airflow/example_dags/example_kubernetes_executor.py
[2025-05-15T13:42:32.560-0400] {processor.py:208} INFO - Processing /home/aangava/MSP/airflow_venv/lib/python3.12/site-packages/airflow/example_dags/example_kubernetes_executor.py took 0.048 seconds
[2025-05-15T13:43:34.410-0400] {processor.py:186} INFO - Started process (PID=55463) to work on /home/aangava/MSP/airflow_venv/lib/python3.12/site-packages/airflow/example_dags/example_kubernetes_executor.py
[2025-05-15T13:43:34.422-0400] {processor.py:914} INFO - Processing file /home/aangava/MSP/airflow_venv/lib/python3.12/site-packages/airflow/example_dags/example_kubernetes_executor.py for tasks to queue
[2025-05-15T13:43:34.424-0400] {logging_mixin.py:190} INFO - [2025-05-15T13:43:34.424-0400] {dagbag.py:588} INFO - Filling up the DagBag from /home/aangava/MSP/airflow_venv/lib/python3.12/site-packages/airflow/example_dags/example_kubernetes_executor.py
[2025-05-15T13:43:34.429-0400] {logging_mixin.py:190} INFO - [2025-05-15T13:43:34.429-0400] {example_kubernetes_executor.py:39} WARNING - The example_kubernetes_executor example DAG requires the kubernetes provider. Please install it with: pip install apache-airflow[cncf.kubernetes]
[2025-05-15T13:43:34.429-0400] {processor.py:927} WARNING - No viable dags retrieved from /home/aangava/MSP/airflow_venv/lib/python3.12/site-packages/airflow/example_dags/example_kubernetes_executor.py
[2025-05-15T13:43:34.443-0400] {processor.py:208} INFO - Processing /home/aangava/MSP/airflow_venv/lib/python3.12/site-packages/airflow/example_dags/example_kubernetes_executor.py took 0.043 seconds
[2025-05-15T13:44:33.823-0400] {processor.py:186} INFO - Started process (PID=55690) to work on /home/aangava/MSP/airflow_venv/lib/python3.12/site-packages/airflow/example_dags/example_kubernetes_executor.py
[2025-05-15T13:44:33.834-0400] {processor.py:914} INFO - Processing file /home/aangava/MSP/airflow_venv/lib/python3.12/site-packages/airflow/example_dags/example_kubernetes_executor.py for tasks to queue
[2025-05-15T13:44:33.837-0400] {logging_mixin.py:190} INFO - [2025-05-15T13:44:33.836-0400] {dagbag.py:588} INFO - Filling up the DagBag from /home/aangava/MSP/airflow_venv/lib/python3.12/site-packages/airflow/example_dags/example_kubernetes_executor.py
[2025-05-15T13:44:33.842-0400] {logging_mixin.py:190} INFO - [2025-05-15T13:44:33.842-0400] {example_kubernetes_executor.py:39} WARNING - The example_kubernetes_executor example DAG requires the kubernetes provider. Please install it with: pip install apache-airflow[cncf.kubernetes]
[2025-05-15T13:44:33.842-0400] {processor.py:927} WARNING - No viable dags retrieved from /home/aangava/MSP/airflow_venv/lib/python3.12/site-packages/airflow/example_dags/example_kubernetes_executor.py
[2025-05-15T13:44:33.858-0400] {processor.py:208} INFO - Processing /home/aangava/MSP/airflow_venv/lib/python3.12/site-packages/airflow/example_dags/example_kubernetes_executor.py took 0.046 seconds
[2025-05-15T13:45:38.630-0400] {processor.py:186} INFO - Started process (PID=55938) to work on /home/aangava/MSP/airflow_venv/lib/python3.12/site-packages/airflow/example_dags/example_kubernetes_executor.py
[2025-05-15T13:45:38.642-0400] {processor.py:914} INFO - Processing file /home/aangava/MSP/airflow_venv/lib/python3.12/site-packages/airflow/example_dags/example_kubernetes_executor.py for tasks to queue
[2025-05-15T13:45:38.645-0400] {logging_mixin.py:190} INFO - [2025-05-15T13:45:38.644-0400] {dagbag.py:588} INFO - Filling up the DagBag from /home/aangava/MSP/airflow_venv/lib/python3.12/site-packages/airflow/example_dags/example_kubernetes_executor.py
[2025-05-15T13:45:38.649-0400] {logging_mixin.py:190} INFO - [2025-05-15T13:45:38.649-0400] {example_kubernetes_executor.py:39} WARNING - The example_kubernetes_executor example DAG requires the kubernetes provider. Please install it with: pip install apache-airflow[cncf.kubernetes]
[2025-05-15T13:45:38.649-0400] {processor.py:927} WARNING - No viable dags retrieved from /home/aangava/MSP/airflow_venv/lib/python3.12/site-packages/airflow/example_dags/example_kubernetes_executor.py
[2025-05-15T13:45:38.660-0400] {processor.py:208} INFO - Processing /home/aangava/MSP/airflow_venv/lib/python3.12/site-packages/airflow/example_dags/example_kubernetes_executor.py took 0.037 seconds
[2025-05-15T13:46:39.472-0400] {processor.py:186} INFO - Started process (PID=56168) to work on /home/aangava/MSP/airflow_venv/lib/python3.12/site-packages/airflow/example_dags/example_kubernetes_executor.py
[2025-05-15T13:46:39.484-0400] {processor.py:914} INFO - Processing file /home/aangava/MSP/airflow_venv/lib/python3.12/site-packages/airflow/example_dags/example_kubernetes_executor.py for tasks to queue
[2025-05-15T13:46:39.487-0400] {logging_mixin.py:190} INFO - [2025-05-15T13:46:39.486-0400] {dagbag.py:588} INFO - Filling up the DagBag from /home/aangava/MSP/airflow_venv/lib/python3.12/site-packages/airflow/example_dags/example_kubernetes_executor.py
[2025-05-15T13:46:39.491-0400] {logging_mixin.py:190} INFO - [2025-05-15T13:46:39.491-0400] {example_kubernetes_executor.py:39} WARNING - The example_kubernetes_executor example DAG requires the kubernetes provider. Please install it with: pip install apache-airflow[cncf.kubernetes]
[2025-05-15T13:46:39.492-0400] {processor.py:927} WARNING - No viable dags retrieved from /home/aangava/MSP/airflow_venv/lib/python3.12/site-packages/airflow/example_dags/example_kubernetes_executor.py
[2025-05-15T13:46:39.507-0400] {processor.py:208} INFO - Processing /home/aangava/MSP/airflow_venv/lib/python3.12/site-packages/airflow/example_dags/example_kubernetes_executor.py took 0.045 seconds
[2025-05-15T13:47:44.667-0400] {processor.py:186} INFO - Started process (PID=56429) to work on /home/aangava/MSP/airflow_venv/lib/python3.12/site-packages/airflow/example_dags/example_kubernetes_executor.py
[2025-05-15T13:47:44.679-0400] {processor.py:914} INFO - Processing file /home/aangava/MSP/airflow_venv/lib/python3.12/site-packages/airflow/example_dags/example_kubernetes_executor.py for tasks to queue
[2025-05-15T13:47:44.681-0400] {logging_mixin.py:190} INFO - [2025-05-15T13:47:44.681-0400] {dagbag.py:588} INFO - Filling up the DagBag from /home/aangava/MSP/airflow_venv/lib/python3.12/site-packages/airflow/example_dags/example_kubernetes_executor.py
[2025-05-15T13:47:44.687-0400] {logging_mixin.py:190} INFO - [2025-05-15T13:47:44.687-0400] {example_kubernetes_executor.py:39} WARNING - The example_kubernetes_executor example DAG requires the kubernetes provider. Please install it with: pip install apache-airflow[cncf.kubernetes]
[2025-05-15T13:47:44.687-0400] {processor.py:927} WARNING - No viable dags retrieved from /home/aangava/MSP/airflow_venv/lib/python3.12/site-packages/airflow/example_dags/example_kubernetes_executor.py
[2025-05-15T13:47:44.703-0400] {processor.py:208} INFO - Processing /home/aangava/MSP/airflow_venv/lib/python3.12/site-packages/airflow/example_dags/example_kubernetes_executor.py took 0.046 seconds
[2025-05-15T13:58:55.298-0400] {processor.py:186} INFO - Started process (PID=56781) to work on /home/aangava/MSP/airflow_venv/lib/python3.12/site-packages/airflow/example_dags/example_kubernetes_executor.py
[2025-05-15T13:58:55.309-0400] {processor.py:914} INFO - Processing file /home/aangava/MSP/airflow_venv/lib/python3.12/site-packages/airflow/example_dags/example_kubernetes_executor.py for tasks to queue
[2025-05-15T13:58:55.311-0400] {logging_mixin.py:190} INFO - [2025-05-15T13:58:55.311-0400] {dagbag.py:588} INFO - Filling up the DagBag from /home/aangava/MSP/airflow_venv/lib/python3.12/site-packages/airflow/example_dags/example_kubernetes_executor.py
[2025-05-15T13:58:55.316-0400] {logging_mixin.py:190} INFO - [2025-05-15T13:58:55.315-0400] {example_kubernetes_executor.py:39} WARNING - The example_kubernetes_executor example DAG requires the kubernetes provider. Please install it with: pip install apache-airflow[cncf.kubernetes]
[2025-05-15T13:58:55.316-0400] {processor.py:927} WARNING - No viable dags retrieved from /home/aangava/MSP/airflow_venv/lib/python3.12/site-packages/airflow/example_dags/example_kubernetes_executor.py
[2025-05-15T13:58:55.330-0400] {processor.py:208} INFO - Processing /home/aangava/MSP/airflow_venv/lib/python3.12/site-packages/airflow/example_dags/example_kubernetes_executor.py took 0.041 seconds
[2025-05-15T14:00:01.402-0400] {processor.py:186} INFO - Started process (PID=57032) to work on /home/aangava/MSP/airflow_venv/lib/python3.12/site-packages/airflow/example_dags/example_kubernetes_executor.py
[2025-05-15T14:00:01.404-0400] {processor.py:914} INFO - Processing file /home/aangava/MSP/airflow_venv/lib/python3.12/site-packages/airflow/example_dags/example_kubernetes_executor.py for tasks to queue
[2025-05-15T14:00:01.405-0400] {logging_mixin.py:190} INFO - [2025-05-15T14:00:01.405-0400] {dagbag.py:588} INFO - Filling up the DagBag from /home/aangava/MSP/airflow_venv/lib/python3.12/site-packages/airflow/example_dags/example_kubernetes_executor.py
[2025-05-15T14:00:01.409-0400] {logging_mixin.py:190} INFO - [2025-05-15T14:00:01.409-0400] {example_kubernetes_executor.py:39} WARNING - The example_kubernetes_executor example DAG requires the kubernetes provider. Please install it with: pip install apache-airflow[cncf.kubernetes]
[2025-05-15T14:00:01.409-0400] {processor.py:927} WARNING - No viable dags retrieved from /home/aangava/MSP/airflow_venv/lib/python3.12/site-packages/airflow/example_dags/example_kubernetes_executor.py
[2025-05-15T14:00:01.424-0400] {processor.py:208} INFO - Processing /home/aangava/MSP/airflow_venv/lib/python3.12/site-packages/airflow/example_dags/example_kubernetes_executor.py took 0.028 seconds
[2025-05-15T14:01:07.773-0400] {processor.py:186} INFO - Started process (PID=57287) to work on /home/aangava/MSP/airflow_venv/lib/python3.12/site-packages/airflow/example_dags/example_kubernetes_executor.py
[2025-05-15T14:01:07.784-0400] {processor.py:914} INFO - Processing file /home/aangava/MSP/airflow_venv/lib/python3.12/site-packages/airflow/example_dags/example_kubernetes_executor.py for tasks to queue
[2025-05-15T14:01:07.787-0400] {logging_mixin.py:190} INFO - [2025-05-15T14:01:07.786-0400] {dagbag.py:588} INFO - Filling up the DagBag from /home/aangava/MSP/airflow_venv/lib/python3.12/site-packages/airflow/example_dags/example_kubernetes_executor.py
[2025-05-15T14:01:07.793-0400] {logging_mixin.py:190} INFO - [2025-05-15T14:01:07.792-0400] {example_kubernetes_executor.py:39} WARNING - The example_kubernetes_executor example DAG requires the kubernetes provider. Please install it with: pip install apache-airflow[cncf.kubernetes]
[2025-05-15T14:01:07.793-0400] {processor.py:927} WARNING - No viable dags retrieved from /home/aangava/MSP/airflow_venv/lib/python3.12/site-packages/airflow/example_dags/example_kubernetes_executor.py
[2025-05-15T14:01:07.809-0400] {processor.py:208} INFO - Processing /home/aangava/MSP/airflow_venv/lib/python3.12/site-packages/airflow/example_dags/example_kubernetes_executor.py took 0.046 seconds
[2025-05-15T14:57:43.921-0400] {processor.py:186} INFO - Started process (PID=57638) to work on /home/aangava/MSP/airflow_venv/lib/python3.12/site-packages/airflow/example_dags/example_kubernetes_executor.py
[2025-05-15T14:57:43.933-0400] {processor.py:914} INFO - Processing file /home/aangava/MSP/airflow_venv/lib/python3.12/site-packages/airflow/example_dags/example_kubernetes_executor.py for tasks to queue
[2025-05-15T14:57:43.936-0400] {logging_mixin.py:190} INFO - [2025-05-15T14:57:43.935-0400] {dagbag.py:588} INFO - Filling up the DagBag from /home/aangava/MSP/airflow_venv/lib/python3.12/site-packages/airflow/example_dags/example_kubernetes_executor.py
[2025-05-15T14:57:43.942-0400] {logging_mixin.py:190} INFO - [2025-05-15T14:57:43.941-0400] {example_kubernetes_executor.py:39} WARNING - The example_kubernetes_executor example DAG requires the kubernetes provider. Please install it with: pip install apache-airflow[cncf.kubernetes]
[2025-05-15T14:57:43.942-0400] {processor.py:927} WARNING - No viable dags retrieved from /home/aangava/MSP/airflow_venv/lib/python3.12/site-packages/airflow/example_dags/example_kubernetes_executor.py
[2025-05-15T14:57:43.958-0400] {processor.py:208} INFO - Processing /home/aangava/MSP/airflow_venv/lib/python3.12/site-packages/airflow/example_dags/example_kubernetes_executor.py took 0.048 seconds
[2025-05-15T14:58:46.282-0400] {processor.py:186} INFO - Started process (PID=57876) to work on /home/aangava/MSP/airflow_venv/lib/python3.12/site-packages/airflow/example_dags/example_kubernetes_executor.py
[2025-05-15T14:58:46.294-0400] {processor.py:914} INFO - Processing file /home/aangava/MSP/airflow_venv/lib/python3.12/site-packages/airflow/example_dags/example_kubernetes_executor.py for tasks to queue
[2025-05-15T14:58:46.297-0400] {logging_mixin.py:190} INFO - [2025-05-15T14:58:46.297-0400] {dagbag.py:588} INFO - Filling up the DagBag from /home/aangava/MSP/airflow_venv/lib/python3.12/site-packages/airflow/example_dags/example_kubernetes_executor.py
[2025-05-15T14:58:46.303-0400] {logging_mixin.py:190} INFO - [2025-05-15T14:58:46.303-0400] {example_kubernetes_executor.py:39} WARNING - The example_kubernetes_executor example DAG requires the kubernetes provider. Please install it with: pip install apache-airflow[cncf.kubernetes]
[2025-05-15T14:58:46.304-0400] {processor.py:927} WARNING - No viable dags retrieved from /home/aangava/MSP/airflow_venv/lib/python3.12/site-packages/airflow/example_dags/example_kubernetes_executor.py
[2025-05-15T14:58:46.319-0400] {processor.py:208} INFO - Processing /home/aangava/MSP/airflow_venv/lib/python3.12/site-packages/airflow/example_dags/example_kubernetes_executor.py took 0.047 seconds
[2025-05-15T14:59:57.452-0400] {processor.py:186} INFO - Started process (PID=58144) to work on /home/aangava/MSP/airflow_venv/lib/python3.12/site-packages/airflow/example_dags/example_kubernetes_executor.py
[2025-05-15T14:59:57.455-0400] {processor.py:914} INFO - Processing file /home/aangava/MSP/airflow_venv/lib/python3.12/site-packages/airflow/example_dags/example_kubernetes_executor.py for tasks to queue
[2025-05-15T14:59:57.458-0400] {logging_mixin.py:190} INFO - [2025-05-15T14:59:57.457-0400] {dagbag.py:588} INFO - Filling up the DagBag from /home/aangava/MSP/airflow_venv/lib/python3.12/site-packages/airflow/example_dags/example_kubernetes_executor.py
[2025-05-15T14:59:57.462-0400] {logging_mixin.py:190} INFO - [2025-05-15T14:59:57.462-0400] {example_kubernetes_executor.py:39} WARNING - The example_kubernetes_executor example DAG requires the kubernetes provider. Please install it with: pip install apache-airflow[cncf.kubernetes]
[2025-05-15T14:59:57.463-0400] {processor.py:927} WARNING - No viable dags retrieved from /home/aangava/MSP/airflow_venv/lib/python3.12/site-packages/airflow/example_dags/example_kubernetes_executor.py
[2025-05-15T14:59:57.475-0400] {processor.py:208} INFO - Processing /home/aangava/MSP/airflow_venv/lib/python3.12/site-packages/airflow/example_dags/example_kubernetes_executor.py took 0.033 seconds
