[2025-05-14T22:59:19.162-0400] {processor.py:186} INFO - Started process (PID=45173) to work on /home/aangava/MSP/airflow_venv/lib/python3.12/site-packages/airflow/example_dags/example_sla_dag.py
[2025-05-14T22:59:19.163-0400] {processor.py:914} INFO - Processing file /home/aangava/MSP/airflow_venv/lib/python3.12/site-packages/airflow/example_dags/example_sla_dag.py for tasks to queue
[2025-05-14T22:59:19.164-0400] {logging_mixin.py:190} INFO - [2025-05-14T22:59:19.163-0400] {dagbag.py:588} INFO - Filling up the DagBag from /home/aangava/MSP/airflow_venv/lib/python3.12/site-packages/airflow/example_dags/example_sla_dag.py
[2025-05-14T22:59:19.173-0400] {processor.py:925} INFO - DAG(s) 'example_sla_dag' retrieved from /home/aangava/MSP/airflow_venv/lib/python3.12/site-packages/airflow/example_dags/example_sla_dag.py
[2025-05-14T22:59:19.187-0400] {logging_mixin.py:190} INFO - [2025-05-14T22:59:19.186-0400] {dag.py:3239} INFO - Sync 1 DAGs
[2025-05-14T22:59:19.205-0400] {logging_mixin.py:190} INFO - [2025-05-14T22:59:19.205-0400] {dag.py:4180} INFO - Setting next_dagrun for example_sla_dag to 2025-05-15 02:56:00+00:00, run_after=2025-05-15 02:58:00+00:00
[2025-05-14T22:59:19.226-0400] {processor.py:208} INFO - Processing /home/aangava/MSP/airflow_venv/lib/python3.12/site-packages/airflow/example_dags/example_sla_dag.py took 0.069 seconds
[2025-05-14T23:01:01.519-0400] {processor.py:186} INFO - Started process (PID=45665) to work on /home/aangava/MSP/airflow_venv/lib/python3.12/site-packages/airflow/example_dags/example_sla_dag.py
[2025-05-14T23:01:01.530-0400] {processor.py:914} INFO - Processing file /home/aangava/MSP/airflow_venv/lib/python3.12/site-packages/airflow/example_dags/example_sla_dag.py for tasks to queue
[2025-05-14T23:01:01.533-0400] {logging_mixin.py:190} INFO - [2025-05-14T23:01:01.532-0400] {dagbag.py:588} INFO - Filling up the DagBag from /home/aangava/MSP/airflow_venv/lib/python3.12/site-packages/airflow/example_dags/example_sla_dag.py
[2025-05-14T23:01:01.548-0400] {processor.py:925} INFO - DAG(s) 'example_sla_dag' retrieved from /home/aangava/MSP/airflow_venv/lib/python3.12/site-packages/airflow/example_dags/example_sla_dag.py
[2025-05-14T23:01:01.568-0400] {logging_mixin.py:190} INFO - [2025-05-14T23:01:01.568-0400] {dag.py:3239} INFO - Sync 1 DAGs
[2025-05-14T23:01:01.587-0400] {logging_mixin.py:190} INFO - [2025-05-14T23:01:01.587-0400] {dag.py:4180} INFO - Setting next_dagrun for example_sla_dag to 2025-05-15 02:58:00+00:00, run_after=2025-05-15 03:00:00+00:00
[2025-05-14T23:01:01.610-0400] {processor.py:208} INFO - Processing /home/aangava/MSP/airflow_venv/lib/python3.12/site-packages/airflow/example_dags/example_sla_dag.py took 0.101 seconds
[2025-05-14T23:02:05.477-0400] {processor.py:186} INFO - Started process (PID=45931) to work on /home/aangava/MSP/airflow_venv/lib/python3.12/site-packages/airflow/example_dags/example_sla_dag.py
[2025-05-14T23:02:05.490-0400] {processor.py:914} INFO - Processing file /home/aangava/MSP/airflow_venv/lib/python3.12/site-packages/airflow/example_dags/example_sla_dag.py for tasks to queue
[2025-05-14T23:02:05.493-0400] {logging_mixin.py:190} INFO - [2025-05-14T23:02:05.492-0400] {dagbag.py:588} INFO - Filling up the DagBag from /home/aangava/MSP/airflow_venv/lib/python3.12/site-packages/airflow/example_dags/example_sla_dag.py
[2025-05-14T23:02:05.508-0400] {processor.py:925} INFO - DAG(s) 'example_sla_dag' retrieved from /home/aangava/MSP/airflow_venv/lib/python3.12/site-packages/airflow/example_dags/example_sla_dag.py
[2025-05-14T23:02:05.527-0400] {logging_mixin.py:190} INFO - [2025-05-14T23:02:05.526-0400] {dag.py:3239} INFO - Sync 1 DAGs
[2025-05-14T23:02:05.546-0400] {logging_mixin.py:190} INFO - [2025-05-14T23:02:05.546-0400] {dag.py:4180} INFO - Setting next_dagrun for example_sla_dag to 2025-05-15 03:00:00+00:00, run_after=2025-05-15 03:02:00+00:00
[2025-05-14T23:02:05.574-0400] {processor.py:208} INFO - Processing /home/aangava/MSP/airflow_venv/lib/python3.12/site-packages/airflow/example_dags/example_sla_dag.py took 0.107 seconds
[2025-05-14T23:03:05.721-0400] {processor.py:186} INFO - Started process (PID=46162) to work on /home/aangava/MSP/airflow_venv/lib/python3.12/site-packages/airflow/example_dags/example_sla_dag.py
[2025-05-14T23:03:05.733-0400] {processor.py:914} INFO - Processing file /home/aangava/MSP/airflow_venv/lib/python3.12/site-packages/airflow/example_dags/example_sla_dag.py for tasks to queue
[2025-05-14T23:03:05.735-0400] {logging_mixin.py:190} INFO - [2025-05-14T23:03:05.734-0400] {dagbag.py:588} INFO - Filling up the DagBag from /home/aangava/MSP/airflow_venv/lib/python3.12/site-packages/airflow/example_dags/example_sla_dag.py
[2025-05-14T23:03:05.746-0400] {processor.py:925} INFO - DAG(s) 'example_sla_dag' retrieved from /home/aangava/MSP/airflow_venv/lib/python3.12/site-packages/airflow/example_dags/example_sla_dag.py
[2025-05-14T23:03:05.762-0400] {logging_mixin.py:190} INFO - [2025-05-14T23:03:05.762-0400] {dag.py:3239} INFO - Sync 1 DAGs
[2025-05-14T23:03:05.786-0400] {logging_mixin.py:190} INFO - [2025-05-14T23:03:05.786-0400] {dag.py:4180} INFO - Setting next_dagrun for example_sla_dag to 2025-05-15 03:00:00+00:00, run_after=2025-05-15 03:02:00+00:00
[2025-05-14T23:03:05.809-0400] {processor.py:208} INFO - Processing /home/aangava/MSP/airflow_venv/lib/python3.12/site-packages/airflow/example_dags/example_sla_dag.py took 0.095 seconds
[2025-05-14T23:04:05.989-0400] {processor.py:186} INFO - Started process (PID=46407) to work on /home/aangava/MSP/airflow_venv/lib/python3.12/site-packages/airflow/example_dags/example_sla_dag.py
[2025-05-14T23:04:05.992-0400] {processor.py:914} INFO - Processing file /home/aangava/MSP/airflow_venv/lib/python3.12/site-packages/airflow/example_dags/example_sla_dag.py for tasks to queue
[2025-05-14T23:04:05.994-0400] {logging_mixin.py:190} INFO - [2025-05-14T23:04:05.993-0400] {dagbag.py:588} INFO - Filling up the DagBag from /home/aangava/MSP/airflow_venv/lib/python3.12/site-packages/airflow/example_dags/example_sla_dag.py
[2025-05-14T23:04:06.008-0400] {processor.py:925} INFO - DAG(s) 'example_sla_dag' retrieved from /home/aangava/MSP/airflow_venv/lib/python3.12/site-packages/airflow/example_dags/example_sla_dag.py
[2025-05-14T23:04:06.027-0400] {logging_mixin.py:190} INFO - [2025-05-14T23:04:06.027-0400] {dag.py:3239} INFO - Sync 1 DAGs
[2025-05-14T23:04:06.048-0400] {logging_mixin.py:190} INFO - [2025-05-14T23:04:06.048-0400] {dag.py:4180} INFO - Setting next_dagrun for example_sla_dag to 2025-05-15 03:02:00+00:00, run_after=2025-05-15 03:04:00+00:00
[2025-05-14T23:04:06.073-0400] {processor.py:208} INFO - Processing /home/aangava/MSP/airflow_venv/lib/python3.12/site-packages/airflow/example_dags/example_sla_dag.py took 0.096 seconds
[2025-05-14T23:05:05.087-0400] {processor.py:186} INFO - Started process (PID=46640) to work on /home/aangava/MSP/airflow_venv/lib/python3.12/site-packages/airflow/example_dags/example_sla_dag.py
[2025-05-14T23:05:05.098-0400] {processor.py:914} INFO - Processing file /home/aangava/MSP/airflow_venv/lib/python3.12/site-packages/airflow/example_dags/example_sla_dag.py for tasks to queue
[2025-05-14T23:05:05.101-0400] {logging_mixin.py:190} INFO - [2025-05-14T23:05:05.100-0400] {dagbag.py:588} INFO - Filling up the DagBag from /home/aangava/MSP/airflow_venv/lib/python3.12/site-packages/airflow/example_dags/example_sla_dag.py
[2025-05-14T23:05:05.116-0400] {processor.py:925} INFO - DAG(s) 'example_sla_dag' retrieved from /home/aangava/MSP/airflow_venv/lib/python3.12/site-packages/airflow/example_dags/example_sla_dag.py
[2025-05-14T23:05:05.141-0400] {logging_mixin.py:190} INFO - [2025-05-14T23:05:05.140-0400] {dag.py:3239} INFO - Sync 1 DAGs
[2025-05-14T23:05:05.162-0400] {logging_mixin.py:190} INFO - [2025-05-14T23:05:05.162-0400] {dag.py:4180} INFO - Setting next_dagrun for example_sla_dag to 2025-05-15 03:02:00+00:00, run_after=2025-05-15 03:04:00+00:00
[2025-05-14T23:05:05.187-0400] {processor.py:208} INFO - Processing /home/aangava/MSP/airflow_venv/lib/python3.12/site-packages/airflow/example_dags/example_sla_dag.py took 0.110 seconds
[2025-05-14T23:06:05.100-0400] {processor.py:186} INFO - Started process (PID=46897) to work on /home/aangava/MSP/airflow_venv/lib/python3.12/site-packages/airflow/example_dags/example_sla_dag.py
[2025-05-14T23:06:05.111-0400] {processor.py:914} INFO - Processing file /home/aangava/MSP/airflow_venv/lib/python3.12/site-packages/airflow/example_dags/example_sla_dag.py for tasks to queue
[2025-05-14T23:06:05.112-0400] {logging_mixin.py:190} INFO - [2025-05-14T23:06:05.112-0400] {dagbag.py:588} INFO - Filling up the DagBag from /home/aangava/MSP/airflow_venv/lib/python3.12/site-packages/airflow/example_dags/example_sla_dag.py
[2025-05-14T23:06:05.121-0400] {processor.py:925} INFO - DAG(s) 'example_sla_dag' retrieved from /home/aangava/MSP/airflow_venv/lib/python3.12/site-packages/airflow/example_dags/example_sla_dag.py
[2025-05-14T23:06:05.138-0400] {logging_mixin.py:190} INFO - [2025-05-14T23:06:05.138-0400] {dag.py:3239} INFO - Sync 1 DAGs
[2025-05-14T23:06:05.162-0400] {logging_mixin.py:190} INFO - [2025-05-14T23:06:05.162-0400] {dag.py:4180} INFO - Setting next_dagrun for example_sla_dag to 2025-05-15 03:04:00+00:00, run_after=2025-05-15 03:06:00+00:00
[2025-05-14T23:06:05.186-0400] {processor.py:208} INFO - Processing /home/aangava/MSP/airflow_venv/lib/python3.12/site-packages/airflow/example_dags/example_sla_dag.py took 0.093 seconds
[2025-05-14T23:07:06.323-0400] {processor.py:186} INFO - Started process (PID=47140) to work on /home/aangava/MSP/airflow_venv/lib/python3.12/site-packages/airflow/example_dags/example_sla_dag.py
[2025-05-14T23:07:06.334-0400] {processor.py:914} INFO - Processing file /home/aangava/MSP/airflow_venv/lib/python3.12/site-packages/airflow/example_dags/example_sla_dag.py for tasks to queue
[2025-05-14T23:07:06.337-0400] {logging_mixin.py:190} INFO - [2025-05-14T23:07:06.336-0400] {dagbag.py:588} INFO - Filling up the DagBag from /home/aangava/MSP/airflow_venv/lib/python3.12/site-packages/airflow/example_dags/example_sla_dag.py
[2025-05-14T23:07:06.350-0400] {processor.py:925} INFO - DAG(s) 'example_sla_dag' retrieved from /home/aangava/MSP/airflow_venv/lib/python3.12/site-packages/airflow/example_dags/example_sla_dag.py
[2025-05-14T23:07:06.366-0400] {logging_mixin.py:190} INFO - [2025-05-14T23:07:06.366-0400] {dag.py:3239} INFO - Sync 1 DAGs
[2025-05-14T23:07:06.386-0400] {logging_mixin.py:190} INFO - [2025-05-14T23:07:06.386-0400] {dag.py:4180} INFO - Setting next_dagrun for example_sla_dag to 2025-05-15 03:04:00+00:00, run_after=2025-05-15 03:06:00+00:00
[2025-05-14T23:07:06.410-0400] {processor.py:208} INFO - Processing /home/aangava/MSP/airflow_venv/lib/python3.12/site-packages/airflow/example_dags/example_sla_dag.py took 0.096 seconds
[2025-05-14T23:08:11.610-0400] {processor.py:186} INFO - Started process (PID=47398) to work on /home/aangava/MSP/airflow_venv/lib/python3.12/site-packages/airflow/example_dags/example_sla_dag.py
[2025-05-14T23:08:11.622-0400] {processor.py:914} INFO - Processing file /home/aangava/MSP/airflow_venv/lib/python3.12/site-packages/airflow/example_dags/example_sla_dag.py for tasks to queue
[2025-05-14T23:08:11.625-0400] {logging_mixin.py:190} INFO - [2025-05-14T23:08:11.625-0400] {dagbag.py:588} INFO - Filling up the DagBag from /home/aangava/MSP/airflow_venv/lib/python3.12/site-packages/airflow/example_dags/example_sla_dag.py
[2025-05-14T23:08:11.640-0400] {processor.py:925} INFO - DAG(s) 'example_sla_dag' retrieved from /home/aangava/MSP/airflow_venv/lib/python3.12/site-packages/airflow/example_dags/example_sla_dag.py
[2025-05-14T23:08:11.657-0400] {logging_mixin.py:190} INFO - [2025-05-14T23:08:11.657-0400] {dag.py:3239} INFO - Sync 1 DAGs
[2025-05-14T23:08:11.676-0400] {logging_mixin.py:190} INFO - [2025-05-14T23:08:11.676-0400] {dag.py:4180} INFO - Setting next_dagrun for example_sla_dag to 2025-05-15 03:06:00+00:00, run_after=2025-05-15 03:08:00+00:00
[2025-05-14T23:08:11.706-0400] {processor.py:208} INFO - Processing /home/aangava/MSP/airflow_venv/lib/python3.12/site-packages/airflow/example_dags/example_sla_dag.py took 0.106 seconds
[2025-05-14T23:09:12.261-0400] {processor.py:186} INFO - Started process (PID=47643) to work on /home/aangava/MSP/airflow_venv/lib/python3.12/site-packages/airflow/example_dags/example_sla_dag.py
[2025-05-14T23:09:12.273-0400] {processor.py:914} INFO - Processing file /home/aangava/MSP/airflow_venv/lib/python3.12/site-packages/airflow/example_dags/example_sla_dag.py for tasks to queue
[2025-05-14T23:09:12.276-0400] {logging_mixin.py:190} INFO - [2025-05-14T23:09:12.275-0400] {dagbag.py:588} INFO - Filling up the DagBag from /home/aangava/MSP/airflow_venv/lib/python3.12/site-packages/airflow/example_dags/example_sla_dag.py
[2025-05-14T23:09:12.293-0400] {processor.py:925} INFO - DAG(s) 'example_sla_dag' retrieved from /home/aangava/MSP/airflow_venv/lib/python3.12/site-packages/airflow/example_dags/example_sla_dag.py
[2025-05-14T23:09:12.313-0400] {logging_mixin.py:190} INFO - [2025-05-14T23:09:12.313-0400] {dag.py:3239} INFO - Sync 1 DAGs
[2025-05-14T23:09:12.335-0400] {logging_mixin.py:190} INFO - [2025-05-14T23:09:12.335-0400] {dag.py:4180} INFO - Setting next_dagrun for example_sla_dag to 2025-05-15 03:06:00+00:00, run_after=2025-05-15 03:08:00+00:00
[2025-05-14T23:09:12.358-0400] {processor.py:208} INFO - Processing /home/aangava/MSP/airflow_venv/lib/python3.12/site-packages/airflow/example_dags/example_sla_dag.py took 0.107 seconds
[2025-05-14T23:10:13.529-0400] {processor.py:186} INFO - Started process (PID=47887) to work on /home/aangava/MSP/airflow_venv/lib/python3.12/site-packages/airflow/example_dags/example_sla_dag.py
[2025-05-14T23:10:13.542-0400] {processor.py:914} INFO - Processing file /home/aangava/MSP/airflow_venv/lib/python3.12/site-packages/airflow/example_dags/example_sla_dag.py for tasks to queue
[2025-05-14T23:10:13.545-0400] {logging_mixin.py:190} INFO - [2025-05-14T23:10:13.544-0400] {dagbag.py:588} INFO - Filling up the DagBag from /home/aangava/MSP/airflow_venv/lib/python3.12/site-packages/airflow/example_dags/example_sla_dag.py
[2025-05-14T23:10:13.562-0400] {processor.py:925} INFO - DAG(s) 'example_sla_dag' retrieved from /home/aangava/MSP/airflow_venv/lib/python3.12/site-packages/airflow/example_dags/example_sla_dag.py
[2025-05-14T23:10:13.585-0400] {logging_mixin.py:190} INFO - [2025-05-14T23:10:13.585-0400] {dag.py:3239} INFO - Sync 1 DAGs
[2025-05-14T23:10:13.614-0400] {logging_mixin.py:190} INFO - [2025-05-14T23:10:13.614-0400] {dag.py:4180} INFO - Setting next_dagrun for example_sla_dag to 2025-05-15 03:08:00+00:00, run_after=2025-05-15 03:10:00+00:00
[2025-05-14T23:10:13.646-0400] {processor.py:208} INFO - Processing /home/aangava/MSP/airflow_venv/lib/python3.12/site-packages/airflow/example_dags/example_sla_dag.py took 0.129 seconds
[2025-05-14T23:11:18.010-0400] {processor.py:186} INFO - Started process (PID=48152) to work on /home/aangava/MSP/airflow_venv/lib/python3.12/site-packages/airflow/example_dags/example_sla_dag.py
[2025-05-14T23:11:18.022-0400] {processor.py:914} INFO - Processing file /home/aangava/MSP/airflow_venv/lib/python3.12/site-packages/airflow/example_dags/example_sla_dag.py for tasks to queue
[2025-05-14T23:11:18.024-0400] {logging_mixin.py:190} INFO - [2025-05-14T23:11:18.024-0400] {dagbag.py:588} INFO - Filling up the DagBag from /home/aangava/MSP/airflow_venv/lib/python3.12/site-packages/airflow/example_dags/example_sla_dag.py
[2025-05-14T23:11:18.037-0400] {processor.py:925} INFO - DAG(s) 'example_sla_dag' retrieved from /home/aangava/MSP/airflow_venv/lib/python3.12/site-packages/airflow/example_dags/example_sla_dag.py
[2025-05-14T23:11:18.055-0400] {logging_mixin.py:190} INFO - [2025-05-14T23:11:18.055-0400] {dag.py:3239} INFO - Sync 1 DAGs
[2025-05-14T23:11:18.075-0400] {logging_mixin.py:190} INFO - [2025-05-14T23:11:18.075-0400] {dag.py:4180} INFO - Setting next_dagrun for example_sla_dag to 2025-05-15 03:08:00+00:00, run_after=2025-05-15 03:10:00+00:00
[2025-05-14T23:11:18.099-0400] {processor.py:208} INFO - Processing /home/aangava/MSP/airflow_venv/lib/python3.12/site-packages/airflow/example_dags/example_sla_dag.py took 0.101 seconds
[2025-05-14T23:12:21.980-0400] {processor.py:186} INFO - Started process (PID=48405) to work on /home/aangava/MSP/airflow_venv/lib/python3.12/site-packages/airflow/example_dags/example_sla_dag.py
[2025-05-14T23:12:21.993-0400] {processor.py:914} INFO - Processing file /home/aangava/MSP/airflow_venv/lib/python3.12/site-packages/airflow/example_dags/example_sla_dag.py for tasks to queue
[2025-05-14T23:12:21.996-0400] {logging_mixin.py:190} INFO - [2025-05-14T23:12:21.996-0400] {dagbag.py:588} INFO - Filling up the DagBag from /home/aangava/MSP/airflow_venv/lib/python3.12/site-packages/airflow/example_dags/example_sla_dag.py
[2025-05-14T23:12:22.012-0400] {processor.py:925} INFO - DAG(s) 'example_sla_dag' retrieved from /home/aangava/MSP/airflow_venv/lib/python3.12/site-packages/airflow/example_dags/example_sla_dag.py
[2025-05-14T23:12:22.031-0400] {logging_mixin.py:190} INFO - [2025-05-14T23:12:22.031-0400] {dag.py:3239} INFO - Sync 1 DAGs
[2025-05-14T23:12:22.050-0400] {logging_mixin.py:190} INFO - [2025-05-14T23:12:22.050-0400] {dag.py:4180} INFO - Setting next_dagrun for example_sla_dag to 2025-05-15 03:10:00+00:00, run_after=2025-05-15 03:12:00+00:00
[2025-05-14T23:12:22.073-0400] {processor.py:208} INFO - Processing /home/aangava/MSP/airflow_venv/lib/python3.12/site-packages/airflow/example_dags/example_sla_dag.py took 0.102 seconds
[2025-05-14T23:13:25.780-0400] {processor.py:186} INFO - Started process (PID=48657) to work on /home/aangava/MSP/airflow_venv/lib/python3.12/site-packages/airflow/example_dags/example_sla_dag.py
[2025-05-14T23:13:25.791-0400] {processor.py:914} INFO - Processing file /home/aangava/MSP/airflow_venv/lib/python3.12/site-packages/airflow/example_dags/example_sla_dag.py for tasks to queue
[2025-05-14T23:13:25.793-0400] {logging_mixin.py:190} INFO - [2025-05-14T23:13:25.792-0400] {dagbag.py:588} INFO - Filling up the DagBag from /home/aangava/MSP/airflow_venv/lib/python3.12/site-packages/airflow/example_dags/example_sla_dag.py
[2025-05-14T23:13:25.808-0400] {processor.py:925} INFO - DAG(s) 'example_sla_dag' retrieved from /home/aangava/MSP/airflow_venv/lib/python3.12/site-packages/airflow/example_dags/example_sla_dag.py
[2025-05-14T23:13:25.828-0400] {logging_mixin.py:190} INFO - [2025-05-14T23:13:25.828-0400] {dag.py:3239} INFO - Sync 1 DAGs
[2025-05-14T23:13:25.850-0400] {logging_mixin.py:190} INFO - [2025-05-14T23:13:25.850-0400] {dag.py:4180} INFO - Setting next_dagrun for example_sla_dag to 2025-05-15 03:10:00+00:00, run_after=2025-05-15 03:12:00+00:00
[2025-05-14T23:13:25.872-0400] {processor.py:208} INFO - Processing /home/aangava/MSP/airflow_venv/lib/python3.12/site-packages/airflow/example_dags/example_sla_dag.py took 0.101 seconds
[2025-05-14T23:14:26.174-0400] {processor.py:186} INFO - Started process (PID=48894) to work on /home/aangava/MSP/airflow_venv/lib/python3.12/site-packages/airflow/example_dags/example_sla_dag.py
[2025-05-14T23:14:26.187-0400] {processor.py:914} INFO - Processing file /home/aangava/MSP/airflow_venv/lib/python3.12/site-packages/airflow/example_dags/example_sla_dag.py for tasks to queue
[2025-05-14T23:14:26.190-0400] {logging_mixin.py:190} INFO - [2025-05-14T23:14:26.189-0400] {dagbag.py:588} INFO - Filling up the DagBag from /home/aangava/MSP/airflow_venv/lib/python3.12/site-packages/airflow/example_dags/example_sla_dag.py
[2025-05-14T23:14:26.207-0400] {processor.py:925} INFO - DAG(s) 'example_sla_dag' retrieved from /home/aangava/MSP/airflow_venv/lib/python3.12/site-packages/airflow/example_dags/example_sla_dag.py
[2025-05-14T23:14:26.231-0400] {logging_mixin.py:190} INFO - [2025-05-14T23:14:26.231-0400] {dag.py:3239} INFO - Sync 1 DAGs
[2025-05-14T23:14:26.254-0400] {logging_mixin.py:190} INFO - [2025-05-14T23:14:26.254-0400] {dag.py:4180} INFO - Setting next_dagrun for example_sla_dag to 2025-05-15 03:12:00+00:00, run_after=2025-05-15 03:14:00+00:00
[2025-05-14T23:14:26.277-0400] {processor.py:208} INFO - Processing /home/aangava/MSP/airflow_venv/lib/python3.12/site-packages/airflow/example_dags/example_sla_dag.py took 0.113 seconds
[2025-05-14T23:15:29.979-0400] {processor.py:186} INFO - Started process (PID=49146) to work on /home/aangava/MSP/airflow_venv/lib/python3.12/site-packages/airflow/example_dags/example_sla_dag.py
[2025-05-14T23:15:29.991-0400] {processor.py:914} INFO - Processing file /home/aangava/MSP/airflow_venv/lib/python3.12/site-packages/airflow/example_dags/example_sla_dag.py for tasks to queue
[2025-05-14T23:15:29.993-0400] {logging_mixin.py:190} INFO - [2025-05-14T23:15:29.993-0400] {dagbag.py:588} INFO - Filling up the DagBag from /home/aangava/MSP/airflow_venv/lib/python3.12/site-packages/airflow/example_dags/example_sla_dag.py
[2025-05-14T23:15:30.009-0400] {processor.py:925} INFO - DAG(s) 'example_sla_dag' retrieved from /home/aangava/MSP/airflow_venv/lib/python3.12/site-packages/airflow/example_dags/example_sla_dag.py
[2025-05-14T23:15:30.034-0400] {logging_mixin.py:190} INFO - [2025-05-14T23:15:30.034-0400] {dag.py:3239} INFO - Sync 1 DAGs
[2025-05-14T23:15:30.053-0400] {logging_mixin.py:190} INFO - [2025-05-14T23:15:30.053-0400] {dag.py:4180} INFO - Setting next_dagrun for example_sla_dag to 2025-05-15 03:12:00+00:00, run_after=2025-05-15 03:14:00+00:00
[2025-05-14T23:15:30.079-0400] {processor.py:208} INFO - Processing /home/aangava/MSP/airflow_venv/lib/python3.12/site-packages/airflow/example_dags/example_sla_dag.py took 0.108 seconds
[2025-05-14T23:16:35.177-0400] {processor.py:186} INFO - Started process (PID=49416) to work on /home/aangava/MSP/airflow_venv/lib/python3.12/site-packages/airflow/example_dags/example_sla_dag.py
[2025-05-14T23:16:35.179-0400] {processor.py:914} INFO - Processing file /home/aangava/MSP/airflow_venv/lib/python3.12/site-packages/airflow/example_dags/example_sla_dag.py for tasks to queue
[2025-05-14T23:16:35.181-0400] {logging_mixin.py:190} INFO - [2025-05-14T23:16:35.181-0400] {dagbag.py:588} INFO - Filling up the DagBag from /home/aangava/MSP/airflow_venv/lib/python3.12/site-packages/airflow/example_dags/example_sla_dag.py
[2025-05-14T23:16:35.196-0400] {processor.py:925} INFO - DAG(s) 'example_sla_dag' retrieved from /home/aangava/MSP/airflow_venv/lib/python3.12/site-packages/airflow/example_dags/example_sla_dag.py
[2025-05-14T23:16:35.211-0400] {logging_mixin.py:190} INFO - [2025-05-14T23:16:35.211-0400] {dag.py:3239} INFO - Sync 1 DAGs
[2025-05-14T23:16:35.231-0400] {logging_mixin.py:190} INFO - [2025-05-14T23:16:35.230-0400] {dag.py:4180} INFO - Setting next_dagrun for example_sla_dag to 2025-05-15 03:14:00+00:00, run_after=2025-05-15 03:16:00+00:00
[2025-05-14T23:16:35.254-0400] {processor.py:208} INFO - Processing /home/aangava/MSP/airflow_venv/lib/python3.12/site-packages/airflow/example_dags/example_sla_dag.py took 0.089 seconds
[2025-05-14T23:17:34.459-0400] {processor.py:186} INFO - Started process (PID=49658) to work on /home/aangava/MSP/airflow_venv/lib/python3.12/site-packages/airflow/example_dags/example_sla_dag.py
[2025-05-14T23:17:34.471-0400] {processor.py:914} INFO - Processing file /home/aangava/MSP/airflow_venv/lib/python3.12/site-packages/airflow/example_dags/example_sla_dag.py for tasks to queue
[2025-05-14T23:17:34.474-0400] {logging_mixin.py:190} INFO - [2025-05-14T23:17:34.473-0400] {dagbag.py:588} INFO - Filling up the DagBag from /home/aangava/MSP/airflow_venv/lib/python3.12/site-packages/airflow/example_dags/example_sla_dag.py
[2025-05-14T23:17:34.488-0400] {processor.py:925} INFO - DAG(s) 'example_sla_dag' retrieved from /home/aangava/MSP/airflow_venv/lib/python3.12/site-packages/airflow/example_dags/example_sla_dag.py
[2025-05-14T23:17:34.512-0400] {logging_mixin.py:190} INFO - [2025-05-14T23:17:34.512-0400] {dag.py:3239} INFO - Sync 1 DAGs
[2025-05-14T23:17:34.533-0400] {logging_mixin.py:190} INFO - [2025-05-14T23:17:34.533-0400] {dag.py:4180} INFO - Setting next_dagrun for example_sla_dag to 2025-05-15 03:14:00+00:00, run_after=2025-05-15 03:16:00+00:00
[2025-05-14T23:17:34.560-0400] {processor.py:208} INFO - Processing /home/aangava/MSP/airflow_venv/lib/python3.12/site-packages/airflow/example_dags/example_sla_dag.py took 0.110 seconds
[2025-05-14T23:18:36.578-0400] {processor.py:186} INFO - Started process (PID=49903) to work on /home/aangava/MSP/airflow_venv/lib/python3.12/site-packages/airflow/example_dags/example_sla_dag.py
[2025-05-14T23:18:36.589-0400] {processor.py:914} INFO - Processing file /home/aangava/MSP/airflow_venv/lib/python3.12/site-packages/airflow/example_dags/example_sla_dag.py for tasks to queue
[2025-05-14T23:18:36.592-0400] {logging_mixin.py:190} INFO - [2025-05-14T23:18:36.591-0400] {dagbag.py:588} INFO - Filling up the DagBag from /home/aangava/MSP/airflow_venv/lib/python3.12/site-packages/airflow/example_dags/example_sla_dag.py
[2025-05-14T23:18:36.606-0400] {processor.py:925} INFO - DAG(s) 'example_sla_dag' retrieved from /home/aangava/MSP/airflow_venv/lib/python3.12/site-packages/airflow/example_dags/example_sla_dag.py
[2025-05-14T23:18:36.624-0400] {logging_mixin.py:190} INFO - [2025-05-14T23:18:36.624-0400] {dag.py:3239} INFO - Sync 1 DAGs
[2025-05-14T23:18:36.651-0400] {logging_mixin.py:190} INFO - [2025-05-14T23:18:36.651-0400] {dag.py:4180} INFO - Setting next_dagrun for example_sla_dag to 2025-05-15 03:16:00+00:00, run_after=2025-05-15 03:18:00+00:00
[2025-05-14T23:18:36.681-0400] {processor.py:208} INFO - Processing /home/aangava/MSP/airflow_venv/lib/python3.12/site-packages/airflow/example_dags/example_sla_dag.py took 0.112 seconds
[2025-05-14T23:19:39.301-0400] {processor.py:186} INFO - Started process (PID=50155) to work on /home/aangava/MSP/airflow_venv/lib/python3.12/site-packages/airflow/example_dags/example_sla_dag.py
[2025-05-14T23:19:39.312-0400] {processor.py:914} INFO - Processing file /home/aangava/MSP/airflow_venv/lib/python3.12/site-packages/airflow/example_dags/example_sla_dag.py for tasks to queue
[2025-05-14T23:19:39.315-0400] {logging_mixin.py:190} INFO - [2025-05-14T23:19:39.314-0400] {dagbag.py:588} INFO - Filling up the DagBag from /home/aangava/MSP/airflow_venv/lib/python3.12/site-packages/airflow/example_dags/example_sla_dag.py
[2025-05-14T23:19:39.329-0400] {processor.py:925} INFO - DAG(s) 'example_sla_dag' retrieved from /home/aangava/MSP/airflow_venv/lib/python3.12/site-packages/airflow/example_dags/example_sla_dag.py
[2025-05-14T23:19:39.348-0400] {logging_mixin.py:190} INFO - [2025-05-14T23:19:39.348-0400] {dag.py:3239} INFO - Sync 1 DAGs
[2025-05-14T23:19:39.367-0400] {logging_mixin.py:190} INFO - [2025-05-14T23:19:39.367-0400] {dag.py:4180} INFO - Setting next_dagrun for example_sla_dag to 2025-05-15 03:16:00+00:00, run_after=2025-05-15 03:18:00+00:00
[2025-05-14T23:19:39.395-0400] {processor.py:208} INFO - Processing /home/aangava/MSP/airflow_venv/lib/python3.12/site-packages/airflow/example_dags/example_sla_dag.py took 0.103 seconds
[2025-05-14T23:20:42.504-0400] {processor.py:186} INFO - Started process (PID=50410) to work on /home/aangava/MSP/airflow_venv/lib/python3.12/site-packages/airflow/example_dags/example_sla_dag.py
[2025-05-14T23:20:42.506-0400] {processor.py:914} INFO - Processing file /home/aangava/MSP/airflow_venv/lib/python3.12/site-packages/airflow/example_dags/example_sla_dag.py for tasks to queue
[2025-05-14T23:20:42.509-0400] {logging_mixin.py:190} INFO - [2025-05-14T23:20:42.508-0400] {dagbag.py:588} INFO - Filling up the DagBag from /home/aangava/MSP/airflow_venv/lib/python3.12/site-packages/airflow/example_dags/example_sla_dag.py
[2025-05-14T23:20:42.522-0400] {processor.py:925} INFO - DAG(s) 'example_sla_dag' retrieved from /home/aangava/MSP/airflow_venv/lib/python3.12/site-packages/airflow/example_dags/example_sla_dag.py
[2025-05-14T23:20:42.541-0400] {logging_mixin.py:190} INFO - [2025-05-14T23:20:42.541-0400] {dag.py:3239} INFO - Sync 1 DAGs
[2025-05-14T23:20:42.560-0400] {logging_mixin.py:190} INFO - [2025-05-14T23:20:42.560-0400] {dag.py:4180} INFO - Setting next_dagrun for example_sla_dag to 2025-05-15 03:18:00+00:00, run_after=2025-05-15 03:20:00+00:00
[2025-05-14T23:20:42.583-0400] {processor.py:208} INFO - Processing /home/aangava/MSP/airflow_venv/lib/python3.12/site-packages/airflow/example_dags/example_sla_dag.py took 0.089 seconds
[2025-05-14T23:21:45.385-0400] {processor.py:186} INFO - Started process (PID=50659) to work on /home/aangava/MSP/airflow_venv/lib/python3.12/site-packages/airflow/example_dags/example_sla_dag.py
[2025-05-14T23:21:45.398-0400] {processor.py:914} INFO - Processing file /home/aangava/MSP/airflow_venv/lib/python3.12/site-packages/airflow/example_dags/example_sla_dag.py for tasks to queue
[2025-05-14T23:21:45.401-0400] {logging_mixin.py:190} INFO - [2025-05-14T23:21:45.401-0400] {dagbag.py:588} INFO - Filling up the DagBag from /home/aangava/MSP/airflow_venv/lib/python3.12/site-packages/airflow/example_dags/example_sla_dag.py
[2025-05-14T23:21:45.415-0400] {processor.py:925} INFO - DAG(s) 'example_sla_dag' retrieved from /home/aangava/MSP/airflow_venv/lib/python3.12/site-packages/airflow/example_dags/example_sla_dag.py
[2025-05-14T23:21:45.433-0400] {logging_mixin.py:190} INFO - [2025-05-14T23:21:45.433-0400] {dag.py:3239} INFO - Sync 1 DAGs
[2025-05-14T23:21:45.452-0400] {logging_mixin.py:190} INFO - [2025-05-14T23:21:45.452-0400] {dag.py:4180} INFO - Setting next_dagrun for example_sla_dag to 2025-05-15 03:18:00+00:00, run_after=2025-05-15 03:20:00+00:00
[2025-05-14T23:21:45.473-0400] {processor.py:208} INFO - Processing /home/aangava/MSP/airflow_venv/lib/python3.12/site-packages/airflow/example_dags/example_sla_dag.py took 0.097 seconds
[2025-05-14T23:24:14.435-0400] {processor.py:186} INFO - Started process (PID=50934) to work on /home/aangava/MSP/airflow_venv/lib/python3.12/site-packages/airflow/example_dags/example_sla_dag.py
[2025-05-14T23:24:14.437-0400] {processor.py:914} INFO - Processing file /home/aangava/MSP/airflow_venv/lib/python3.12/site-packages/airflow/example_dags/example_sla_dag.py for tasks to queue
[2025-05-14T23:24:14.439-0400] {logging_mixin.py:190} INFO - [2025-05-14T23:24:14.439-0400] {dagbag.py:588} INFO - Filling up the DagBag from /home/aangava/MSP/airflow_venv/lib/python3.12/site-packages/airflow/example_dags/example_sla_dag.py
[2025-05-14T23:24:14.454-0400] {processor.py:925} INFO - DAG(s) 'example_sla_dag' retrieved from /home/aangava/MSP/airflow_venv/lib/python3.12/site-packages/airflow/example_dags/example_sla_dag.py
[2025-05-14T23:24:14.477-0400] {logging_mixin.py:190} INFO - [2025-05-14T23:24:14.476-0400] {dag.py:3239} INFO - Sync 1 DAGs
[2025-05-14T23:24:14.504-0400] {logging_mixin.py:190} INFO - [2025-05-14T23:24:14.503-0400] {dag.py:4180} INFO - Setting next_dagrun for example_sla_dag to 2025-05-15 03:22:00+00:00, run_after=2025-05-15 03:24:00+00:00
[2025-05-14T23:24:14.527-0400] {processor.py:208} INFO - Processing /home/aangava/MSP/airflow_venv/lib/python3.12/site-packages/airflow/example_dags/example_sla_dag.py took 0.103 seconds
[2025-05-14T23:25:30.257-0400] {processor.py:186} INFO - Started process (PID=51224) to work on /home/aangava/MSP/airflow_venv/lib/python3.12/site-packages/airflow/example_dags/example_sla_dag.py
[2025-05-14T23:25:30.268-0400] {processor.py:914} INFO - Processing file /home/aangava/MSP/airflow_venv/lib/python3.12/site-packages/airflow/example_dags/example_sla_dag.py for tasks to queue
[2025-05-14T23:25:30.270-0400] {logging_mixin.py:190} INFO - [2025-05-14T23:25:30.270-0400] {dagbag.py:588} INFO - Filling up the DagBag from /home/aangava/MSP/airflow_venv/lib/python3.12/site-packages/airflow/example_dags/example_sla_dag.py
[2025-05-14T23:25:30.282-0400] {processor.py:925} INFO - DAG(s) 'example_sla_dag' retrieved from /home/aangava/MSP/airflow_venv/lib/python3.12/site-packages/airflow/example_dags/example_sla_dag.py
[2025-05-14T23:25:30.302-0400] {logging_mixin.py:190} INFO - [2025-05-14T23:25:30.302-0400] {dag.py:3239} INFO - Sync 1 DAGs
[2025-05-14T23:25:30.324-0400] {logging_mixin.py:190} INFO - [2025-05-14T23:25:30.324-0400] {dag.py:4180} INFO - Setting next_dagrun for example_sla_dag to 2025-05-15 03:22:00+00:00, run_after=2025-05-15 03:24:00+00:00
[2025-05-14T23:25:30.348-0400] {processor.py:208} INFO - Processing /home/aangava/MSP/airflow_venv/lib/python3.12/site-packages/airflow/example_dags/example_sla_dag.py took 0.103 seconds
[2025-05-14T23:26:32.321-0400] {processor.py:186} INFO - Started process (PID=51472) to work on /home/aangava/MSP/airflow_venv/lib/python3.12/site-packages/airflow/example_dags/example_sla_dag.py
[2025-05-14T23:26:32.333-0400] {processor.py:914} INFO - Processing file /home/aangava/MSP/airflow_venv/lib/python3.12/site-packages/airflow/example_dags/example_sla_dag.py for tasks to queue
[2025-05-14T23:26:32.336-0400] {logging_mixin.py:190} INFO - [2025-05-14T23:26:32.336-0400] {dagbag.py:588} INFO - Filling up the DagBag from /home/aangava/MSP/airflow_venv/lib/python3.12/site-packages/airflow/example_dags/example_sla_dag.py
[2025-05-14T23:26:32.349-0400] {processor.py:925} INFO - DAG(s) 'example_sla_dag' retrieved from /home/aangava/MSP/airflow_venv/lib/python3.12/site-packages/airflow/example_dags/example_sla_dag.py
[2025-05-14T23:26:32.368-0400] {logging_mixin.py:190} INFO - [2025-05-14T23:26:32.368-0400] {dag.py:3239} INFO - Sync 1 DAGs
[2025-05-14T23:26:32.388-0400] {logging_mixin.py:190} INFO - [2025-05-14T23:26:32.387-0400] {dag.py:4180} INFO - Setting next_dagrun for example_sla_dag to 2025-05-15 03:24:00+00:00, run_after=2025-05-15 03:26:00+00:00
[2025-05-14T23:26:32.413-0400] {processor.py:208} INFO - Processing /home/aangava/MSP/airflow_venv/lib/python3.12/site-packages/airflow/example_dags/example_sla_dag.py took 0.102 seconds
[2025-05-14T23:28:14.864-0400] {processor.py:186} INFO - Started process (PID=51772) to work on /home/aangava/MSP/airflow_venv/lib/python3.12/site-packages/airflow/example_dags/example_sla_dag.py
[2025-05-14T23:28:14.866-0400] {processor.py:914} INFO - Processing file /home/aangava/MSP/airflow_venv/lib/python3.12/site-packages/airflow/example_dags/example_sla_dag.py for tasks to queue
[2025-05-14T23:28:14.867-0400] {logging_mixin.py:190} INFO - [2025-05-14T23:28:14.866-0400] {dagbag.py:588} INFO - Filling up the DagBag from /home/aangava/MSP/airflow_venv/lib/python3.12/site-packages/airflow/example_dags/example_sla_dag.py
[2025-05-14T23:28:14.879-0400] {processor.py:925} INFO - DAG(s) 'example_sla_dag' retrieved from /home/aangava/MSP/airflow_venv/lib/python3.12/site-packages/airflow/example_dags/example_sla_dag.py
[2025-05-14T23:28:14.895-0400] {logging_mixin.py:190} INFO - [2025-05-14T23:28:14.894-0400] {dag.py:3239} INFO - Sync 1 DAGs
[2025-05-14T23:28:14.917-0400] {logging_mixin.py:190} INFO - [2025-05-14T23:28:14.917-0400] {dag.py:4180} INFO - Setting next_dagrun for example_sla_dag to 2025-05-15 03:26:00+00:00, run_after=2025-05-15 03:28:00+00:00
[2025-05-14T23:28:14.941-0400] {processor.py:208} INFO - Processing /home/aangava/MSP/airflow_venv/lib/python3.12/site-packages/airflow/example_dags/example_sla_dag.py took 0.083 seconds
[2025-05-14T23:29:41.962-0400] {processor.py:186} INFO - Started process (PID=52130) to work on /home/aangava/MSP/airflow_venv/lib/python3.12/site-packages/airflow/example_dags/example_sla_dag.py
[2025-05-14T23:29:41.973-0400] {processor.py:914} INFO - Processing file /home/aangava/MSP/airflow_venv/lib/python3.12/site-packages/airflow/example_dags/example_sla_dag.py for tasks to queue
[2025-05-14T23:29:41.974-0400] {logging_mixin.py:190} INFO - [2025-05-14T23:29:41.974-0400] {dagbag.py:588} INFO - Filling up the DagBag from /home/aangava/MSP/airflow_venv/lib/python3.12/site-packages/airflow/example_dags/example_sla_dag.py
[2025-05-14T23:29:41.986-0400] {processor.py:925} INFO - DAG(s) 'example_sla_dag' retrieved from /home/aangava/MSP/airflow_venv/lib/python3.12/site-packages/airflow/example_dags/example_sla_dag.py
[2025-05-14T23:29:42.003-0400] {logging_mixin.py:190} INFO - [2025-05-14T23:29:42.003-0400] {dag.py:3239} INFO - Sync 1 DAGs
[2025-05-14T23:29:42.171-0400] {logging_mixin.py:190} INFO - [2025-05-14T23:29:42.171-0400] {dag.py:4180} INFO - Setting next_dagrun for example_sla_dag to 2025-05-15 03:26:00+00:00, run_after=2025-05-15 03:28:00+00:00
[2025-05-14T23:29:42.208-0400] {processor.py:208} INFO - Processing /home/aangava/MSP/airflow_venv/lib/python3.12/site-packages/airflow/example_dags/example_sla_dag.py took 0.255 seconds
[2025-05-14T23:30:46.577-0400] {processor.py:186} INFO - Started process (PID=52385) to work on /home/aangava/MSP/airflow_venv/lib/python3.12/site-packages/airflow/example_dags/example_sla_dag.py
[2025-05-14T23:30:46.589-0400] {processor.py:914} INFO - Processing file /home/aangava/MSP/airflow_venv/lib/python3.12/site-packages/airflow/example_dags/example_sla_dag.py for tasks to queue
[2025-05-14T23:30:46.591-0400] {logging_mixin.py:190} INFO - [2025-05-14T23:30:46.590-0400] {dagbag.py:588} INFO - Filling up the DagBag from /home/aangava/MSP/airflow_venv/lib/python3.12/site-packages/airflow/example_dags/example_sla_dag.py
[2025-05-14T23:30:46.604-0400] {processor.py:925} INFO - DAG(s) 'example_sla_dag' retrieved from /home/aangava/MSP/airflow_venv/lib/python3.12/site-packages/airflow/example_dags/example_sla_dag.py
[2025-05-14T23:30:46.625-0400] {logging_mixin.py:190} INFO - [2025-05-14T23:30:46.625-0400] {dag.py:3239} INFO - Sync 1 DAGs
[2025-05-14T23:30:46.648-0400] {logging_mixin.py:190} INFO - [2025-05-14T23:30:46.648-0400] {dag.py:4180} INFO - Setting next_dagrun for example_sla_dag to 2025-05-15 03:28:00+00:00, run_after=2025-05-15 03:30:00+00:00
[2025-05-14T23:30:46.840-0400] {processor.py:208} INFO - Processing /home/aangava/MSP/airflow_venv/lib/python3.12/site-packages/airflow/example_dags/example_sla_dag.py took 0.275 seconds
[2025-05-14T23:31:58.596-0400] {processor.py:186} INFO - Started process (PID=52668) to work on /home/aangava/MSP/airflow_venv/lib/python3.12/site-packages/airflow/example_dags/example_sla_dag.py
[2025-05-14T23:31:58.609-0400] {processor.py:914} INFO - Processing file /home/aangava/MSP/airflow_venv/lib/python3.12/site-packages/airflow/example_dags/example_sla_dag.py for tasks to queue
[2025-05-14T23:31:58.612-0400] {logging_mixin.py:190} INFO - [2025-05-14T23:31:58.611-0400] {dagbag.py:588} INFO - Filling up the DagBag from /home/aangava/MSP/airflow_venv/lib/python3.12/site-packages/airflow/example_dags/example_sla_dag.py
[2025-05-14T23:31:58.629-0400] {processor.py:925} INFO - DAG(s) 'example_sla_dag' retrieved from /home/aangava/MSP/airflow_venv/lib/python3.12/site-packages/airflow/example_dags/example_sla_dag.py
[2025-05-14T23:31:58.648-0400] {logging_mixin.py:190} INFO - [2025-05-14T23:31:58.648-0400] {dag.py:3239} INFO - Sync 1 DAGs
[2025-05-14T23:31:58.667-0400] {logging_mixin.py:190} INFO - [2025-05-14T23:31:58.667-0400] {dag.py:4180} INFO - Setting next_dagrun for example_sla_dag to 2025-05-15 03:28:00+00:00, run_after=2025-05-15 03:30:00+00:00
[2025-05-14T23:31:58.688-0400] {processor.py:208} INFO - Processing /home/aangava/MSP/airflow_venv/lib/python3.12/site-packages/airflow/example_dags/example_sla_dag.py took 0.103 seconds
[2025-05-14T23:33:09.031-0400] {processor.py:186} INFO - Started process (PID=52949) to work on /home/aangava/MSP/airflow_venv/lib/python3.12/site-packages/airflow/example_dags/example_sla_dag.py
[2025-05-14T23:33:09.041-0400] {processor.py:914} INFO - Processing file /home/aangava/MSP/airflow_venv/lib/python3.12/site-packages/airflow/example_dags/example_sla_dag.py for tasks to queue
[2025-05-14T23:33:09.043-0400] {logging_mixin.py:190} INFO - [2025-05-14T23:33:09.042-0400] {dagbag.py:588} INFO - Filling up the DagBag from /home/aangava/MSP/airflow_venv/lib/python3.12/site-packages/airflow/example_dags/example_sla_dag.py
[2025-05-14T23:33:09.054-0400] {processor.py:925} INFO - DAG(s) 'example_sla_dag' retrieved from /home/aangava/MSP/airflow_venv/lib/python3.12/site-packages/airflow/example_dags/example_sla_dag.py
[2025-05-14T23:33:09.071-0400] {logging_mixin.py:190} INFO - [2025-05-14T23:33:09.071-0400] {dag.py:3239} INFO - Sync 1 DAGs
[2025-05-14T23:33:09.092-0400] {logging_mixin.py:190} INFO - [2025-05-14T23:33:09.092-0400] {dag.py:4180} INFO - Setting next_dagrun for example_sla_dag to 2025-05-15 03:30:00+00:00, run_after=2025-05-15 03:32:00+00:00
[2025-05-14T23:33:09.116-0400] {processor.py:208} INFO - Processing /home/aangava/MSP/airflow_venv/lib/python3.12/site-packages/airflow/example_dags/example_sla_dag.py took 0.095 seconds
[2025-05-14T23:39:24.678-0400] {processor.py:186} INFO - Started process (PID=53247) to work on /home/aangava/MSP/airflow_venv/lib/python3.12/site-packages/airflow/example_dags/example_sla_dag.py
[2025-05-14T23:39:24.690-0400] {processor.py:914} INFO - Processing file /home/aangava/MSP/airflow_venv/lib/python3.12/site-packages/airflow/example_dags/example_sla_dag.py for tasks to queue
[2025-05-14T23:39:24.692-0400] {logging_mixin.py:190} INFO - [2025-05-14T23:39:24.692-0400] {dagbag.py:588} INFO - Filling up the DagBag from /home/aangava/MSP/airflow_venv/lib/python3.12/site-packages/airflow/example_dags/example_sla_dag.py
[2025-05-14T23:39:24.707-0400] {processor.py:925} INFO - DAG(s) 'example_sla_dag' retrieved from /home/aangava/MSP/airflow_venv/lib/python3.12/site-packages/airflow/example_dags/example_sla_dag.py
[2025-05-14T23:39:24.731-0400] {logging_mixin.py:190} INFO - [2025-05-14T23:39:24.731-0400] {dag.py:3239} INFO - Sync 1 DAGs
[2025-05-14T23:39:24.760-0400] {logging_mixin.py:190} INFO - [2025-05-14T23:39:24.759-0400] {dag.py:4180} INFO - Setting next_dagrun for example_sla_dag to 2025-05-15 03:36:00+00:00, run_after=2025-05-15 03:38:00+00:00
[2025-05-14T23:39:24.782-0400] {processor.py:208} INFO - Processing /home/aangava/MSP/airflow_venv/lib/python3.12/site-packages/airflow/example_dags/example_sla_dag.py took 0.114 seconds
[2025-05-14T23:40:46.463-0400] {processor.py:186} INFO - Started process (PID=53562) to work on /home/aangava/MSP/airflow_venv/lib/python3.12/site-packages/airflow/example_dags/example_sla_dag.py
[2025-05-14T23:40:46.475-0400] {processor.py:914} INFO - Processing file /home/aangava/MSP/airflow_venv/lib/python3.12/site-packages/airflow/example_dags/example_sla_dag.py for tasks to queue
[2025-05-14T23:40:46.477-0400] {logging_mixin.py:190} INFO - [2025-05-14T23:40:46.477-0400] {dagbag.py:588} INFO - Filling up the DagBag from /home/aangava/MSP/airflow_venv/lib/python3.12/site-packages/airflow/example_dags/example_sla_dag.py
[2025-05-14T23:40:46.490-0400] {processor.py:925} INFO - DAG(s) 'example_sla_dag' retrieved from /home/aangava/MSP/airflow_venv/lib/python3.12/site-packages/airflow/example_dags/example_sla_dag.py
[2025-05-14T23:40:46.510-0400] {logging_mixin.py:190} INFO - [2025-05-14T23:40:46.510-0400] {dag.py:3239} INFO - Sync 1 DAGs
[2025-05-14T23:40:46.532-0400] {logging_mixin.py:190} INFO - [2025-05-14T23:40:46.531-0400] {dag.py:4180} INFO - Setting next_dagrun for example_sla_dag to 2025-05-15 03:38:00+00:00, run_after=2025-05-15 03:40:00+00:00
[2025-05-14T23:40:46.554-0400] {processor.py:208} INFO - Processing /home/aangava/MSP/airflow_venv/lib/python3.12/site-packages/airflow/example_dags/example_sla_dag.py took 0.099 seconds
[2025-05-14T23:41:47.760-0400] {processor.py:186} INFO - Started process (PID=53805) to work on /home/aangava/MSP/airflow_venv/lib/python3.12/site-packages/airflow/example_dags/example_sla_dag.py
[2025-05-14T23:41:47.772-0400] {processor.py:914} INFO - Processing file /home/aangava/MSP/airflow_venv/lib/python3.12/site-packages/airflow/example_dags/example_sla_dag.py for tasks to queue
[2025-05-14T23:41:47.775-0400] {logging_mixin.py:190} INFO - [2025-05-14T23:41:47.774-0400] {dagbag.py:588} INFO - Filling up the DagBag from /home/aangava/MSP/airflow_venv/lib/python3.12/site-packages/airflow/example_dags/example_sla_dag.py
[2025-05-14T23:41:47.788-0400] {processor.py:925} INFO - DAG(s) 'example_sla_dag' retrieved from /home/aangava/MSP/airflow_venv/lib/python3.12/site-packages/airflow/example_dags/example_sla_dag.py
[2025-05-14T23:41:47.807-0400] {logging_mixin.py:190} INFO - [2025-05-14T23:41:47.806-0400] {dag.py:3239} INFO - Sync 1 DAGs
[2025-05-14T23:41:47.825-0400] {logging_mixin.py:190} INFO - [2025-05-14T23:41:47.825-0400] {dag.py:4180} INFO - Setting next_dagrun for example_sla_dag to 2025-05-15 03:38:00+00:00, run_after=2025-05-15 03:40:00+00:00
[2025-05-14T23:41:47.853-0400] {processor.py:208} INFO - Processing /home/aangava/MSP/airflow_venv/lib/python3.12/site-packages/airflow/example_dags/example_sla_dag.py took 0.105 seconds
[2025-05-14T23:42:52.410-0400] {processor.py:186} INFO - Started process (PID=54066) to work on /home/aangava/MSP/airflow_venv/lib/python3.12/site-packages/airflow/example_dags/example_sla_dag.py
[2025-05-14T23:42:52.422-0400] {processor.py:914} INFO - Processing file /home/aangava/MSP/airflow_venv/lib/python3.12/site-packages/airflow/example_dags/example_sla_dag.py for tasks to queue
[2025-05-14T23:42:52.425-0400] {logging_mixin.py:190} INFO - [2025-05-14T23:42:52.424-0400] {dagbag.py:588} INFO - Filling up the DagBag from /home/aangava/MSP/airflow_venv/lib/python3.12/site-packages/airflow/example_dags/example_sla_dag.py
[2025-05-14T23:42:52.437-0400] {processor.py:925} INFO - DAG(s) 'example_sla_dag' retrieved from /home/aangava/MSP/airflow_venv/lib/python3.12/site-packages/airflow/example_dags/example_sla_dag.py
[2025-05-14T23:42:52.457-0400] {logging_mixin.py:190} INFO - [2025-05-14T23:42:52.457-0400] {dag.py:3239} INFO - Sync 1 DAGs
[2025-05-14T23:42:52.480-0400] {logging_mixin.py:190} INFO - [2025-05-14T23:42:52.479-0400] {dag.py:4180} INFO - Setting next_dagrun for example_sla_dag to 2025-05-15 03:40:00+00:00, run_after=2025-05-15 03:42:00+00:00
[2025-05-14T23:42:52.502-0400] {processor.py:208} INFO - Processing /home/aangava/MSP/airflow_venv/lib/python3.12/site-packages/airflow/example_dags/example_sla_dag.py took 0.102 seconds
[2025-05-15T13:39:16.496-0400] {processor.py:186} INFO - Started process (PID=54456) to work on /home/aangava/MSP/airflow_venv/lib/python3.12/site-packages/airflow/example_dags/example_sla_dag.py
[2025-05-15T13:39:16.509-0400] {processor.py:914} INFO - Processing file /home/aangava/MSP/airflow_venv/lib/python3.12/site-packages/airflow/example_dags/example_sla_dag.py for tasks to queue
[2025-05-15T13:39:16.511-0400] {logging_mixin.py:190} INFO - [2025-05-15T13:39:16.511-0400] {dagbag.py:588} INFO - Filling up the DagBag from /home/aangava/MSP/airflow_venv/lib/python3.12/site-packages/airflow/example_dags/example_sla_dag.py
[2025-05-15T13:39:16.524-0400] {processor.py:925} INFO - DAG(s) 'example_sla_dag' retrieved from /home/aangava/MSP/airflow_venv/lib/python3.12/site-packages/airflow/example_dags/example_sla_dag.py
[2025-05-15T13:39:16.547-0400] {logging_mixin.py:190} INFO - [2025-05-15T13:39:16.547-0400] {dag.py:3239} INFO - Sync 1 DAGs
[2025-05-15T13:39:16.577-0400] {logging_mixin.py:190} INFO - [2025-05-15T13:39:16.577-0400] {dag.py:4180} INFO - Setting next_dagrun for example_sla_dag to 2025-05-15 17:36:00+00:00, run_after=2025-05-15 17:38:00+00:00
[2025-05-15T13:39:16.601-0400] {processor.py:208} INFO - Processing /home/aangava/MSP/airflow_venv/lib/python3.12/site-packages/airflow/example_dags/example_sla_dag.py took 0.112 seconds
[2025-05-15T13:40:20.391-0400] {processor.py:186} INFO - Started process (PID=54710) to work on /home/aangava/MSP/airflow_venv/lib/python3.12/site-packages/airflow/example_dags/example_sla_dag.py
[2025-05-15T13:40:20.403-0400] {processor.py:914} INFO - Processing file /home/aangava/MSP/airflow_venv/lib/python3.12/site-packages/airflow/example_dags/example_sla_dag.py for tasks to queue
[2025-05-15T13:40:20.406-0400] {logging_mixin.py:190} INFO - [2025-05-15T13:40:20.405-0400] {dagbag.py:588} INFO - Filling up the DagBag from /home/aangava/MSP/airflow_venv/lib/python3.12/site-packages/airflow/example_dags/example_sla_dag.py
[2025-05-15T13:40:20.419-0400] {processor.py:925} INFO - DAG(s) 'example_sla_dag' retrieved from /home/aangava/MSP/airflow_venv/lib/python3.12/site-packages/airflow/example_dags/example_sla_dag.py
[2025-05-15T13:40:20.441-0400] {logging_mixin.py:190} INFO - [2025-05-15T13:40:20.441-0400] {dag.py:3239} INFO - Sync 1 DAGs
[2025-05-15T13:40:20.464-0400] {logging_mixin.py:190} INFO - [2025-05-15T13:40:20.464-0400] {dag.py:4180} INFO - Setting next_dagrun for example_sla_dag to 2025-05-15 17:38:00+00:00, run_after=2025-05-15 17:40:00+00:00
[2025-05-15T13:40:20.491-0400] {processor.py:208} INFO - Processing /home/aangava/MSP/airflow_venv/lib/python3.12/site-packages/airflow/example_dags/example_sla_dag.py took 0.110 seconds
[2025-05-15T13:41:27.813-0400] {processor.py:186} INFO - Started process (PID=54963) to work on /home/aangava/MSP/airflow_venv/lib/python3.12/site-packages/airflow/example_dags/example_sla_dag.py
[2025-05-15T13:41:27.825-0400] {processor.py:914} INFO - Processing file /home/aangava/MSP/airflow_venv/lib/python3.12/site-packages/airflow/example_dags/example_sla_dag.py for tasks to queue
[2025-05-15T13:41:27.827-0400] {logging_mixin.py:190} INFO - [2025-05-15T13:41:27.826-0400] {dagbag.py:588} INFO - Filling up the DagBag from /home/aangava/MSP/airflow_venv/lib/python3.12/site-packages/airflow/example_dags/example_sla_dag.py
[2025-05-15T13:41:27.840-0400] {processor.py:925} INFO - DAG(s) 'example_sla_dag' retrieved from /home/aangava/MSP/airflow_venv/lib/python3.12/site-packages/airflow/example_dags/example_sla_dag.py
[2025-05-15T13:41:27.862-0400] {logging_mixin.py:190} INFO - [2025-05-15T13:41:27.862-0400] {dag.py:3239} INFO - Sync 1 DAGs
[2025-05-15T13:41:27.888-0400] {logging_mixin.py:190} INFO - [2025-05-15T13:41:27.888-0400] {dag.py:4180} INFO - Setting next_dagrun for example_sla_dag to 2025-05-15 17:38:00+00:00, run_after=2025-05-15 17:40:00+00:00
[2025-05-15T13:41:27.910-0400] {processor.py:208} INFO - Processing /home/aangava/MSP/airflow_venv/lib/python3.12/site-packages/airflow/example_dags/example_sla_dag.py took 0.109 seconds
[2025-05-15T13:42:30.785-0400] {processor.py:186} INFO - Started process (PID=55220) to work on /home/aangava/MSP/airflow_venv/lib/python3.12/site-packages/airflow/example_dags/example_sla_dag.py
[2025-05-15T13:42:30.798-0400] {processor.py:914} INFO - Processing file /home/aangava/MSP/airflow_venv/lib/python3.12/site-packages/airflow/example_dags/example_sla_dag.py for tasks to queue
[2025-05-15T13:42:30.804-0400] {logging_mixin.py:190} INFO - [2025-05-15T13:42:30.802-0400] {dagbag.py:588} INFO - Filling up the DagBag from /home/aangava/MSP/airflow_venv/lib/python3.12/site-packages/airflow/example_dags/example_sla_dag.py
[2025-05-15T13:42:30.841-0400] {processor.py:925} INFO - DAG(s) 'example_sla_dag' retrieved from /home/aangava/MSP/airflow_venv/lib/python3.12/site-packages/airflow/example_dags/example_sla_dag.py
[2025-05-15T13:42:30.908-0400] {logging_mixin.py:190} INFO - [2025-05-15T13:42:30.907-0400] {dag.py:3239} INFO - Sync 1 DAGs
[2025-05-15T13:42:30.951-0400] {logging_mixin.py:190} INFO - [2025-05-15T13:42:30.951-0400] {dag.py:4180} INFO - Setting next_dagrun for example_sla_dag to 2025-05-15 17:40:00+00:00, run_after=2025-05-15 17:42:00+00:00
[2025-05-15T13:42:30.996-0400] {processor.py:208} INFO - Processing /home/aangava/MSP/airflow_venv/lib/python3.12/site-packages/airflow/example_dags/example_sla_dag.py took 0.238 seconds
[2025-05-15T13:43:32.263-0400] {processor.py:186} INFO - Started process (PID=55455) to work on /home/aangava/MSP/airflow_venv/lib/python3.12/site-packages/airflow/example_dags/example_sla_dag.py
[2025-05-15T13:43:32.276-0400] {processor.py:914} INFO - Processing file /home/aangava/MSP/airflow_venv/lib/python3.12/site-packages/airflow/example_dags/example_sla_dag.py for tasks to queue
[2025-05-15T13:43:32.279-0400] {logging_mixin.py:190} INFO - [2025-05-15T13:43:32.278-0400] {dagbag.py:588} INFO - Filling up the DagBag from /home/aangava/MSP/airflow_venv/lib/python3.12/site-packages/airflow/example_dags/example_sla_dag.py
[2025-05-15T13:43:32.296-0400] {processor.py:925} INFO - DAG(s) 'example_sla_dag' retrieved from /home/aangava/MSP/airflow_venv/lib/python3.12/site-packages/airflow/example_dags/example_sla_dag.py
[2025-05-15T13:43:32.320-0400] {logging_mixin.py:190} INFO - [2025-05-15T13:43:32.319-0400] {dag.py:3239} INFO - Sync 1 DAGs
[2025-05-15T13:43:32.347-0400] {logging_mixin.py:190} INFO - [2025-05-15T13:43:32.347-0400] {dag.py:4180} INFO - Setting next_dagrun for example_sla_dag to 2025-05-15 17:40:00+00:00, run_after=2025-05-15 17:42:00+00:00
[2025-05-15T13:43:32.375-0400] {processor.py:208} INFO - Processing /home/aangava/MSP/airflow_venv/lib/python3.12/site-packages/airflow/example_dags/example_sla_dag.py took 0.123 seconds
[2025-05-15T13:44:32.270-0400] {processor.py:186} INFO - Started process (PID=55682) to work on /home/aangava/MSP/airflow_venv/lib/python3.12/site-packages/airflow/example_dags/example_sla_dag.py
[2025-05-15T13:44:32.281-0400] {processor.py:914} INFO - Processing file /home/aangava/MSP/airflow_venv/lib/python3.12/site-packages/airflow/example_dags/example_sla_dag.py for tasks to queue
[2025-05-15T13:44:32.284-0400] {logging_mixin.py:190} INFO - [2025-05-15T13:44:32.283-0400] {dagbag.py:588} INFO - Filling up the DagBag from /home/aangava/MSP/airflow_venv/lib/python3.12/site-packages/airflow/example_dags/example_sla_dag.py
[2025-05-15T13:44:32.295-0400] {processor.py:925} INFO - DAG(s) 'example_sla_dag' retrieved from /home/aangava/MSP/airflow_venv/lib/python3.12/site-packages/airflow/example_dags/example_sla_dag.py
[2025-05-15T13:44:32.311-0400] {logging_mixin.py:190} INFO - [2025-05-15T13:44:32.311-0400] {dag.py:3239} INFO - Sync 1 DAGs
[2025-05-15T13:44:32.330-0400] {logging_mixin.py:190} INFO - [2025-05-15T13:44:32.330-0400] {dag.py:4180} INFO - Setting next_dagrun for example_sla_dag to 2025-05-15 17:42:00+00:00, run_after=2025-05-15 17:44:00+00:00
[2025-05-15T13:44:32.355-0400] {processor.py:208} INFO - Processing /home/aangava/MSP/airflow_venv/lib/python3.12/site-packages/airflow/example_dags/example_sla_dag.py took 0.092 seconds
[2025-05-15T13:45:36.202-0400] {processor.py:186} INFO - Started process (PID=55924) to work on /home/aangava/MSP/airflow_venv/lib/python3.12/site-packages/airflow/example_dags/example_sla_dag.py
[2025-05-15T13:45:36.216-0400] {processor.py:914} INFO - Processing file /home/aangava/MSP/airflow_venv/lib/python3.12/site-packages/airflow/example_dags/example_sla_dag.py for tasks to queue
[2025-05-15T13:45:36.218-0400] {logging_mixin.py:190} INFO - [2025-05-15T13:45:36.218-0400] {dagbag.py:588} INFO - Filling up the DagBag from /home/aangava/MSP/airflow_venv/lib/python3.12/site-packages/airflow/example_dags/example_sla_dag.py
[2025-05-15T13:45:36.233-0400] {processor.py:925} INFO - DAG(s) 'example_sla_dag' retrieved from /home/aangava/MSP/airflow_venv/lib/python3.12/site-packages/airflow/example_dags/example_sla_dag.py
[2025-05-15T13:45:36.253-0400] {logging_mixin.py:190} INFO - [2025-05-15T13:45:36.253-0400] {dag.py:3239} INFO - Sync 1 DAGs
[2025-05-15T13:45:36.279-0400] {logging_mixin.py:190} INFO - [2025-05-15T13:45:36.279-0400] {dag.py:4180} INFO - Setting next_dagrun for example_sla_dag to 2025-05-15 17:42:00+00:00, run_after=2025-05-15 17:44:00+00:00
[2025-05-15T13:45:36.303-0400] {processor.py:208} INFO - Processing /home/aangava/MSP/airflow_venv/lib/python3.12/site-packages/airflow/example_dags/example_sla_dag.py took 0.110 seconds
[2025-05-15T13:46:37.293-0400] {processor.py:186} INFO - Started process (PID=56160) to work on /home/aangava/MSP/airflow_venv/lib/python3.12/site-packages/airflow/example_dags/example_sla_dag.py
[2025-05-15T13:46:37.306-0400] {processor.py:914} INFO - Processing file /home/aangava/MSP/airflow_venv/lib/python3.12/site-packages/airflow/example_dags/example_sla_dag.py for tasks to queue
[2025-05-15T13:46:37.308-0400] {logging_mixin.py:190} INFO - [2025-05-15T13:46:37.308-0400] {dagbag.py:588} INFO - Filling up the DagBag from /home/aangava/MSP/airflow_venv/lib/python3.12/site-packages/airflow/example_dags/example_sla_dag.py
[2025-05-15T13:46:37.322-0400] {processor.py:925} INFO - DAG(s) 'example_sla_dag' retrieved from /home/aangava/MSP/airflow_venv/lib/python3.12/site-packages/airflow/example_dags/example_sla_dag.py
[2025-05-15T13:46:37.344-0400] {logging_mixin.py:190} INFO - [2025-05-15T13:46:37.343-0400] {dag.py:3239} INFO - Sync 1 DAGs
[2025-05-15T13:46:37.364-0400] {logging_mixin.py:190} INFO - [2025-05-15T13:46:37.363-0400] {dag.py:4180} INFO - Setting next_dagrun for example_sla_dag to 2025-05-15 17:44:00+00:00, run_after=2025-05-15 17:46:00+00:00
[2025-05-15T13:46:37.386-0400] {processor.py:208} INFO - Processing /home/aangava/MSP/airflow_venv/lib/python3.12/site-packages/airflow/example_dags/example_sla_dag.py took 0.101 seconds
[2025-05-15T13:47:42.973-0400] {processor.py:186} INFO - Started process (PID=56421) to work on /home/aangava/MSP/airflow_venv/lib/python3.12/site-packages/airflow/example_dags/example_sla_dag.py
[2025-05-15T13:47:42.988-0400] {processor.py:914} INFO - Processing file /home/aangava/MSP/airflow_venv/lib/python3.12/site-packages/airflow/example_dags/example_sla_dag.py for tasks to queue
[2025-05-15T13:47:42.994-0400] {logging_mixin.py:190} INFO - [2025-05-15T13:47:42.992-0400] {dagbag.py:588} INFO - Filling up the DagBag from /home/aangava/MSP/airflow_venv/lib/python3.12/site-packages/airflow/example_dags/example_sla_dag.py
[2025-05-15T13:47:43.011-0400] {processor.py:925} INFO - DAG(s) 'example_sla_dag' retrieved from /home/aangava/MSP/airflow_venv/lib/python3.12/site-packages/airflow/example_dags/example_sla_dag.py
[2025-05-15T13:47:43.043-0400] {logging_mixin.py:190} INFO - [2025-05-15T13:47:43.043-0400] {dag.py:3239} INFO - Sync 1 DAGs
[2025-05-15T13:47:43.072-0400] {logging_mixin.py:190} INFO - [2025-05-15T13:47:43.072-0400] {dag.py:4180} INFO - Setting next_dagrun for example_sla_dag to 2025-05-15 17:44:00+00:00, run_after=2025-05-15 17:46:00+00:00
[2025-05-15T13:47:43.105-0400] {processor.py:208} INFO - Processing /home/aangava/MSP/airflow_venv/lib/python3.12/site-packages/airflow/example_dags/example_sla_dag.py took 0.157 seconds
[2025-05-15T13:58:53.102-0400] {processor.py:186} INFO - Started process (PID=56773) to work on /home/aangava/MSP/airflow_venv/lib/python3.12/site-packages/airflow/example_dags/example_sla_dag.py
[2025-05-15T13:58:53.104-0400] {processor.py:914} INFO - Processing file /home/aangava/MSP/airflow_venv/lib/python3.12/site-packages/airflow/example_dags/example_sla_dag.py for tasks to queue
[2025-05-15T13:58:53.106-0400] {logging_mixin.py:190} INFO - [2025-05-15T13:58:53.106-0400] {dagbag.py:588} INFO - Filling up the DagBag from /home/aangava/MSP/airflow_venv/lib/python3.12/site-packages/airflow/example_dags/example_sla_dag.py
[2025-05-15T13:58:53.120-0400] {processor.py:925} INFO - DAG(s) 'example_sla_dag' retrieved from /home/aangava/MSP/airflow_venv/lib/python3.12/site-packages/airflow/example_dags/example_sla_dag.py
[2025-05-15T13:58:53.139-0400] {logging_mixin.py:190} INFO - [2025-05-15T13:58:53.139-0400] {dag.py:3239} INFO - Sync 1 DAGs
[2025-05-15T13:58:53.165-0400] {logging_mixin.py:190} INFO - [2025-05-15T13:58:53.165-0400] {dag.py:4180} INFO - Setting next_dagrun for example_sla_dag to 2025-05-15 17:56:00+00:00, run_after=2025-05-15 17:58:00+00:00
[2025-05-15T13:58:53.193-0400] {processor.py:208} INFO - Processing /home/aangava/MSP/airflow_venv/lib/python3.12/site-packages/airflow/example_dags/example_sla_dag.py took 0.101 seconds
[2025-05-15T13:59:59.414-0400] {processor.py:186} INFO - Started process (PID=57024) to work on /home/aangava/MSP/airflow_venv/lib/python3.12/site-packages/airflow/example_dags/example_sla_dag.py
[2025-05-15T13:59:59.425-0400] {processor.py:914} INFO - Processing file /home/aangava/MSP/airflow_venv/lib/python3.12/site-packages/airflow/example_dags/example_sla_dag.py for tasks to queue
[2025-05-15T13:59:59.428-0400] {logging_mixin.py:190} INFO - [2025-05-15T13:59:59.427-0400] {dagbag.py:588} INFO - Filling up the DagBag from /home/aangava/MSP/airflow_venv/lib/python3.12/site-packages/airflow/example_dags/example_sla_dag.py
[2025-05-15T13:59:59.444-0400] {processor.py:925} INFO - DAG(s) 'example_sla_dag' retrieved from /home/aangava/MSP/airflow_venv/lib/python3.12/site-packages/airflow/example_dags/example_sla_dag.py
[2025-05-15T13:59:59.468-0400] {logging_mixin.py:190} INFO - [2025-05-15T13:59:59.468-0400] {dag.py:3239} INFO - Sync 1 DAGs
[2025-05-15T13:59:59.493-0400] {logging_mixin.py:190} INFO - [2025-05-15T13:59:59.493-0400] {dag.py:4180} INFO - Setting next_dagrun for example_sla_dag to 2025-05-15 17:56:00+00:00, run_after=2025-05-15 17:58:00+00:00
[2025-05-15T13:59:59.523-0400] {processor.py:208} INFO - Processing /home/aangava/MSP/airflow_venv/lib/python3.12/site-packages/airflow/example_dags/example_sla_dag.py took 0.118 seconds
[2025-05-15T14:01:05.358-0400] {processor.py:186} INFO - Started process (PID=57276) to work on /home/aangava/MSP/airflow_venv/lib/python3.12/site-packages/airflow/example_dags/example_sla_dag.py
[2025-05-15T14:01:05.369-0400] {processor.py:914} INFO - Processing file /home/aangava/MSP/airflow_venv/lib/python3.12/site-packages/airflow/example_dags/example_sla_dag.py for tasks to queue
[2025-05-15T14:01:05.371-0400] {logging_mixin.py:190} INFO - [2025-05-15T14:01:05.371-0400] {dagbag.py:588} INFO - Filling up the DagBag from /home/aangava/MSP/airflow_venv/lib/python3.12/site-packages/airflow/example_dags/example_sla_dag.py
[2025-05-15T14:01:05.381-0400] {processor.py:925} INFO - DAG(s) 'example_sla_dag' retrieved from /home/aangava/MSP/airflow_venv/lib/python3.12/site-packages/airflow/example_dags/example_sla_dag.py
[2025-05-15T14:01:05.401-0400] {logging_mixin.py:190} INFO - [2025-05-15T14:01:05.400-0400] {dag.py:3239} INFO - Sync 1 DAGs
[2025-05-15T14:01:05.422-0400] {logging_mixin.py:190} INFO - [2025-05-15T14:01:05.421-0400] {dag.py:4180} INFO - Setting next_dagrun for example_sla_dag to 2025-05-15 17:58:00+00:00, run_after=2025-05-15 18:00:00+00:00
[2025-05-15T14:01:05.445-0400] {processor.py:208} INFO - Processing /home/aangava/MSP/airflow_venv/lib/python3.12/site-packages/airflow/example_dags/example_sla_dag.py took 0.095 seconds
[2025-05-15T14:57:42.066-0400] {processor.py:186} INFO - Started process (PID=57621) to work on /home/aangava/MSP/airflow_venv/lib/python3.12/site-packages/airflow/example_dags/example_sla_dag.py
[2025-05-15T14:57:42.078-0400] {processor.py:914} INFO - Processing file /home/aangava/MSP/airflow_venv/lib/python3.12/site-packages/airflow/example_dags/example_sla_dag.py for tasks to queue
[2025-05-15T14:57:42.081-0400] {logging_mixin.py:190} INFO - [2025-05-15T14:57:42.080-0400] {dagbag.py:588} INFO - Filling up the DagBag from /home/aangava/MSP/airflow_venv/lib/python3.12/site-packages/airflow/example_dags/example_sla_dag.py
[2025-05-15T14:57:42.097-0400] {processor.py:925} INFO - DAG(s) 'example_sla_dag' retrieved from /home/aangava/MSP/airflow_venv/lib/python3.12/site-packages/airflow/example_dags/example_sla_dag.py
[2025-05-15T14:57:42.120-0400] {logging_mixin.py:190} INFO - [2025-05-15T14:57:42.120-0400] {dag.py:3239} INFO - Sync 1 DAGs
[2025-05-15T14:57:42.149-0400] {logging_mixin.py:190} INFO - [2025-05-15T14:57:42.149-0400] {dag.py:4180} INFO - Setting next_dagrun for example_sla_dag to 2025-05-15 18:54:00+00:00, run_after=2025-05-15 18:56:00+00:00
[2025-05-15T14:57:42.181-0400] {processor.py:208} INFO - Processing /home/aangava/MSP/airflow_venv/lib/python3.12/site-packages/airflow/example_dags/example_sla_dag.py took 0.126 seconds
[2025-05-15T14:58:43.757-0400] {processor.py:186} INFO - Started process (PID=57868) to work on /home/aangava/MSP/airflow_venv/lib/python3.12/site-packages/airflow/example_dags/example_sla_dag.py
[2025-05-15T14:58:43.768-0400] {processor.py:914} INFO - Processing file /home/aangava/MSP/airflow_venv/lib/python3.12/site-packages/airflow/example_dags/example_sla_dag.py for tasks to queue
[2025-05-15T14:58:43.771-0400] {logging_mixin.py:190} INFO - [2025-05-15T14:58:43.770-0400] {dagbag.py:588} INFO - Filling up the DagBag from /home/aangava/MSP/airflow_venv/lib/python3.12/site-packages/airflow/example_dags/example_sla_dag.py
[2025-05-15T14:58:43.785-0400] {processor.py:925} INFO - DAG(s) 'example_sla_dag' retrieved from /home/aangava/MSP/airflow_venv/lib/python3.12/site-packages/airflow/example_dags/example_sla_dag.py
[2025-05-15T14:58:43.802-0400] {logging_mixin.py:190} INFO - [2025-05-15T14:58:43.801-0400] {dag.py:3239} INFO - Sync 1 DAGs
[2025-05-15T14:58:43.822-0400] {logging_mixin.py:190} INFO - [2025-05-15T14:58:43.821-0400] {dag.py:4180} INFO - Setting next_dagrun for example_sla_dag to 2025-05-15 18:56:00+00:00, run_after=2025-05-15 18:58:00+00:00
[2025-05-15T14:58:43.847-0400] {processor.py:208} INFO - Processing /home/aangava/MSP/airflow_venv/lib/python3.12/site-packages/airflow/example_dags/example_sla_dag.py took 0.100 seconds
[2025-05-15T14:59:55.020-0400] {processor.py:186} INFO - Started process (PID=58133) to work on /home/aangava/MSP/airflow_venv/lib/python3.12/site-packages/airflow/example_dags/example_sla_dag.py
[2025-05-15T14:59:55.031-0400] {processor.py:914} INFO - Processing file /home/aangava/MSP/airflow_venv/lib/python3.12/site-packages/airflow/example_dags/example_sla_dag.py for tasks to queue
[2025-05-15T14:59:55.035-0400] {logging_mixin.py:190} INFO - [2025-05-15T14:59:55.034-0400] {dagbag.py:588} INFO - Filling up the DagBag from /home/aangava/MSP/airflow_venv/lib/python3.12/site-packages/airflow/example_dags/example_sla_dag.py
[2025-05-15T14:59:55.050-0400] {processor.py:925} INFO - DAG(s) 'example_sla_dag' retrieved from /home/aangava/MSP/airflow_venv/lib/python3.12/site-packages/airflow/example_dags/example_sla_dag.py
[2025-05-15T14:59:55.070-0400] {logging_mixin.py:190} INFO - [2025-05-15T14:59:55.069-0400] {dag.py:3239} INFO - Sync 1 DAGs
[2025-05-15T14:59:55.092-0400] {logging_mixin.py:190} INFO - [2025-05-15T14:59:55.091-0400] {dag.py:4180} INFO - Setting next_dagrun for example_sla_dag to 2025-05-15 18:56:00+00:00, run_after=2025-05-15 18:58:00+00:00
[2025-05-15T14:59:55.120-0400] {processor.py:208} INFO - Processing /home/aangava/MSP/airflow_venv/lib/python3.12/site-packages/airflow/example_dags/example_sla_dag.py took 0.110 seconds
