[2025-05-14T23:00:23.219-0400] {processor.py:186} INFO - Started process (PID=45521) to work on /home/aangava/MSP/airflow_venv/lib/python3.12/site-packages/airflow/example_dags/example_display_name.py
[2025-05-14T23:00:23.220-0400] {processor.py:914} INFO - Processing file /home/aangava/MSP/airflow_venv/lib/python3.12/site-packages/airflow/example_dags/example_display_name.py for tasks to queue
[2025-05-14T23:00:23.223-0400] {logging_mixin.py:190} INFO - [2025-05-14T23:00:23.222-0400] {dagbag.py:588} INFO - Filling up the DagBag from /home/aangava/MSP/airflow_venv/lib/python3.12/site-packages/airflow/example_dags/example_display_name.py
[2025-05-14T23:00:23.234-0400] {processor.py:925} INFO - DAG(s) 'example_display_name' retrieved from /home/aangava/MSP/airflow_venv/lib/python3.12/site-packages/airflow/example_dags/example_display_name.py
[2025-05-14T23:00:23.260-0400] {logging_mixin.py:190} INFO - [2025-05-14T23:00:23.259-0400] {dag.py:3239} INFO - Sync 1 DAGs
[2025-05-14T23:00:23.273-0400] {logging_mixin.py:190} INFO - [2025-05-14T23:00:23.273-0400] {dag.py:4180} INFO - Setting next_dagrun for example_display_name to None, run_after=None
[2025-05-14T23:00:23.305-0400] {processor.py:208} INFO - Processing /home/aangava/MSP/airflow_venv/lib/python3.12/site-packages/airflow/example_dags/example_display_name.py took 0.096 seconds
[2025-05-14T23:01:27.813-0400] {processor.py:186} INFO - Started process (PID=45781) to work on /home/aangava/MSP/airflow_venv/lib/python3.12/site-packages/airflow/example_dags/example_display_name.py
[2025-05-14T23:01:27.824-0400] {processor.py:914} INFO - Processing file /home/aangava/MSP/airflow_venv/lib/python3.12/site-packages/airflow/example_dags/example_display_name.py for tasks to queue
[2025-05-14T23:01:27.826-0400] {logging_mixin.py:190} INFO - [2025-05-14T23:01:27.826-0400] {dagbag.py:588} INFO - Filling up the DagBag from /home/aangava/MSP/airflow_venv/lib/python3.12/site-packages/airflow/example_dags/example_display_name.py
[2025-05-14T23:01:27.835-0400] {processor.py:925} INFO - DAG(s) 'example_display_name' retrieved from /home/aangava/MSP/airflow_venv/lib/python3.12/site-packages/airflow/example_dags/example_display_name.py
[2025-05-14T23:01:27.857-0400] {logging_mixin.py:190} INFO - [2025-05-14T23:01:27.857-0400] {dag.py:3239} INFO - Sync 1 DAGs
[2025-05-14T23:01:27.871-0400] {logging_mixin.py:190} INFO - [2025-05-14T23:01:27.870-0400] {dag.py:4180} INFO - Setting next_dagrun for example_display_name to None, run_after=None
[2025-05-14T23:01:27.894-0400] {processor.py:208} INFO - Processing /home/aangava/MSP/airflow_venv/lib/python3.12/site-packages/airflow/example_dags/example_display_name.py took 0.092 seconds
[2025-05-14T23:02:29.632-0400] {processor.py:186} INFO - Started process (PID=46022) to work on /home/aangava/MSP/airflow_venv/lib/python3.12/site-packages/airflow/example_dags/example_display_name.py
[2025-05-14T23:02:29.645-0400] {processor.py:914} INFO - Processing file /home/aangava/MSP/airflow_venv/lib/python3.12/site-packages/airflow/example_dags/example_display_name.py for tasks to queue
[2025-05-14T23:02:29.647-0400] {logging_mixin.py:190} INFO - [2025-05-14T23:02:29.647-0400] {dagbag.py:588} INFO - Filling up the DagBag from /home/aangava/MSP/airflow_venv/lib/python3.12/site-packages/airflow/example_dags/example_display_name.py
[2025-05-14T23:02:29.656-0400] {processor.py:925} INFO - DAG(s) 'example_display_name' retrieved from /home/aangava/MSP/airflow_venv/lib/python3.12/site-packages/airflow/example_dags/example_display_name.py
[2025-05-14T23:02:29.675-0400] {logging_mixin.py:190} INFO - [2025-05-14T23:02:29.675-0400] {dag.py:3239} INFO - Sync 1 DAGs
[2025-05-14T23:02:29.686-0400] {logging_mixin.py:190} INFO - [2025-05-14T23:02:29.686-0400] {dag.py:4180} INFO - Setting next_dagrun for example_display_name to None, run_after=None
[2025-05-14T23:02:29.710-0400] {processor.py:208} INFO - Processing /home/aangava/MSP/airflow_venv/lib/python3.12/site-packages/airflow/example_dags/example_display_name.py took 0.088 seconds
[2025-05-14T23:03:31.360-0400] {processor.py:186} INFO - Started process (PID=46267) to work on /home/aangava/MSP/airflow_venv/lib/python3.12/site-packages/airflow/example_dags/example_display_name.py
[2025-05-14T23:03:31.372-0400] {processor.py:914} INFO - Processing file /home/aangava/MSP/airflow_venv/lib/python3.12/site-packages/airflow/example_dags/example_display_name.py for tasks to queue
[2025-05-14T23:03:31.375-0400] {logging_mixin.py:190} INFO - [2025-05-14T23:03:31.375-0400] {dagbag.py:588} INFO - Filling up the DagBag from /home/aangava/MSP/airflow_venv/lib/python3.12/site-packages/airflow/example_dags/example_display_name.py
[2025-05-14T23:03:31.390-0400] {processor.py:925} INFO - DAG(s) 'example_display_name' retrieved from /home/aangava/MSP/airflow_venv/lib/python3.12/site-packages/airflow/example_dags/example_display_name.py
[2025-05-14T23:03:31.412-0400] {logging_mixin.py:190} INFO - [2025-05-14T23:03:31.412-0400] {dag.py:3239} INFO - Sync 1 DAGs
[2025-05-14T23:03:31.424-0400] {logging_mixin.py:190} INFO - [2025-05-14T23:03:31.424-0400] {dag.py:4180} INFO - Setting next_dagrun for example_display_name to None, run_after=None
[2025-05-14T23:03:31.448-0400] {processor.py:208} INFO - Processing /home/aangava/MSP/airflow_venv/lib/python3.12/site-packages/airflow/example_dags/example_display_name.py took 0.099 seconds
[2025-05-14T23:04:29.184-0400] {processor.py:186} INFO - Started process (PID=46500) to work on /home/aangava/MSP/airflow_venv/lib/python3.12/site-packages/airflow/example_dags/example_display_name.py
[2025-05-14T23:04:29.195-0400] {processor.py:914} INFO - Processing file /home/aangava/MSP/airflow_venv/lib/python3.12/site-packages/airflow/example_dags/example_display_name.py for tasks to queue
[2025-05-14T23:04:29.199-0400] {logging_mixin.py:190} INFO - [2025-05-14T23:04:29.198-0400] {dagbag.py:588} INFO - Filling up the DagBag from /home/aangava/MSP/airflow_venv/lib/python3.12/site-packages/airflow/example_dags/example_display_name.py
[2025-05-14T23:04:29.210-0400] {processor.py:925} INFO - DAG(s) 'example_display_name' retrieved from /home/aangava/MSP/airflow_venv/lib/python3.12/site-packages/airflow/example_dags/example_display_name.py
[2025-05-14T23:04:29.234-0400] {logging_mixin.py:190} INFO - [2025-05-14T23:04:29.234-0400] {dag.py:3239} INFO - Sync 1 DAGs
[2025-05-14T23:04:29.248-0400] {logging_mixin.py:190} INFO - [2025-05-14T23:04:29.247-0400] {dag.py:4180} INFO - Setting next_dagrun for example_display_name to None, run_after=None
[2025-05-14T23:04:29.275-0400] {processor.py:208} INFO - Processing /home/aangava/MSP/airflow_venv/lib/python3.12/site-packages/airflow/example_dags/example_display_name.py took 0.102 seconds
[2025-05-14T23:05:27.619-0400] {processor.py:186} INFO - Started process (PID=46731) to work on /home/aangava/MSP/airflow_venv/lib/python3.12/site-packages/airflow/example_dags/example_display_name.py
[2025-05-14T23:05:27.631-0400] {processor.py:914} INFO - Processing file /home/aangava/MSP/airflow_venv/lib/python3.12/site-packages/airflow/example_dags/example_display_name.py for tasks to queue
[2025-05-14T23:05:27.634-0400] {logging_mixin.py:190} INFO - [2025-05-14T23:05:27.633-0400] {dagbag.py:588} INFO - Filling up the DagBag from /home/aangava/MSP/airflow_venv/lib/python3.12/site-packages/airflow/example_dags/example_display_name.py
[2025-05-14T23:05:27.646-0400] {processor.py:925} INFO - DAG(s) 'example_display_name' retrieved from /home/aangava/MSP/airflow_venv/lib/python3.12/site-packages/airflow/example_dags/example_display_name.py
[2025-05-14T23:05:27.668-0400] {logging_mixin.py:190} INFO - [2025-05-14T23:05:27.668-0400] {dag.py:3239} INFO - Sync 1 DAGs
[2025-05-14T23:05:27.682-0400] {logging_mixin.py:190} INFO - [2025-05-14T23:05:27.682-0400] {dag.py:4180} INFO - Setting next_dagrun for example_display_name to None, run_after=None
[2025-05-14T23:05:27.708-0400] {processor.py:208} INFO - Processing /home/aangava/MSP/airflow_venv/lib/python3.12/site-packages/airflow/example_dags/example_display_name.py took 0.098 seconds
[2025-05-14T23:06:29.972-0400] {processor.py:186} INFO - Started process (PID=47000) to work on /home/aangava/MSP/airflow_venv/lib/python3.12/site-packages/airflow/example_dags/example_display_name.py
[2025-05-14T23:06:29.985-0400] {processor.py:914} INFO - Processing file /home/aangava/MSP/airflow_venv/lib/python3.12/site-packages/airflow/example_dags/example_display_name.py for tasks to queue
[2025-05-14T23:06:29.988-0400] {logging_mixin.py:190} INFO - [2025-05-14T23:06:29.987-0400] {dagbag.py:588} INFO - Filling up the DagBag from /home/aangava/MSP/airflow_venv/lib/python3.12/site-packages/airflow/example_dags/example_display_name.py
[2025-05-14T23:06:29.997-0400] {processor.py:925} INFO - DAG(s) 'example_display_name' retrieved from /home/aangava/MSP/airflow_venv/lib/python3.12/site-packages/airflow/example_dags/example_display_name.py
[2025-05-14T23:06:30.022-0400] {logging_mixin.py:190} INFO - [2025-05-14T23:06:30.021-0400] {dag.py:3239} INFO - Sync 1 DAGs
[2025-05-14T23:06:30.036-0400] {logging_mixin.py:190} INFO - [2025-05-14T23:06:30.035-0400] {dag.py:4180} INFO - Setting next_dagrun for example_display_name to None, run_after=None
[2025-05-14T23:06:30.059-0400] {processor.py:208} INFO - Processing /home/aangava/MSP/airflow_venv/lib/python3.12/site-packages/airflow/example_dags/example_display_name.py took 0.097 seconds
[2025-05-14T23:07:31.027-0400] {processor.py:186} INFO - Started process (PID=47240) to work on /home/aangava/MSP/airflow_venv/lib/python3.12/site-packages/airflow/example_dags/example_display_name.py
[2025-05-14T23:07:31.038-0400] {processor.py:914} INFO - Processing file /home/aangava/MSP/airflow_venv/lib/python3.12/site-packages/airflow/example_dags/example_display_name.py for tasks to queue
[2025-05-14T23:07:31.041-0400] {logging_mixin.py:190} INFO - [2025-05-14T23:07:31.040-0400] {dagbag.py:588} INFO - Filling up the DagBag from /home/aangava/MSP/airflow_venv/lib/python3.12/site-packages/airflow/example_dags/example_display_name.py
[2025-05-14T23:07:31.048-0400] {processor.py:925} INFO - DAG(s) 'example_display_name' retrieved from /home/aangava/MSP/airflow_venv/lib/python3.12/site-packages/airflow/example_dags/example_display_name.py
[2025-05-14T23:07:31.067-0400] {logging_mixin.py:190} INFO - [2025-05-14T23:07:31.067-0400] {dag.py:3239} INFO - Sync 1 DAGs
[2025-05-14T23:07:31.080-0400] {logging_mixin.py:190} INFO - [2025-05-14T23:07:31.080-0400] {dag.py:4180} INFO - Setting next_dagrun for example_display_name to None, run_after=None
[2025-05-14T23:07:31.105-0400] {processor.py:208} INFO - Processing /home/aangava/MSP/airflow_venv/lib/python3.12/site-packages/airflow/example_dags/example_display_name.py took 0.086 seconds
[2025-05-14T23:08:34.167-0400] {processor.py:186} INFO - Started process (PID=47490) to work on /home/aangava/MSP/airflow_venv/lib/python3.12/site-packages/airflow/example_dags/example_display_name.py
[2025-05-14T23:08:34.180-0400] {processor.py:914} INFO - Processing file /home/aangava/MSP/airflow_venv/lib/python3.12/site-packages/airflow/example_dags/example_display_name.py for tasks to queue
[2025-05-14T23:08:34.184-0400] {logging_mixin.py:190} INFO - [2025-05-14T23:08:34.183-0400] {dagbag.py:588} INFO - Filling up the DagBag from /home/aangava/MSP/airflow_venv/lib/python3.12/site-packages/airflow/example_dags/example_display_name.py
[2025-05-14T23:08:34.193-0400] {processor.py:925} INFO - DAG(s) 'example_display_name' retrieved from /home/aangava/MSP/airflow_venv/lib/python3.12/site-packages/airflow/example_dags/example_display_name.py
[2025-05-14T23:08:34.213-0400] {logging_mixin.py:190} INFO - [2025-05-14T23:08:34.213-0400] {dag.py:3239} INFO - Sync 1 DAGs
[2025-05-14T23:08:34.225-0400] {logging_mixin.py:190} INFO - [2025-05-14T23:08:34.224-0400] {dag.py:4180} INFO - Setting next_dagrun for example_display_name to None, run_after=None
[2025-05-14T23:08:34.248-0400] {processor.py:208} INFO - Processing /home/aangava/MSP/airflow_venv/lib/python3.12/site-packages/airflow/example_dags/example_display_name.py took 0.091 seconds
[2025-05-14T23:09:36.017-0400] {processor.py:186} INFO - Started process (PID=47734) to work on /home/aangava/MSP/airflow_venv/lib/python3.12/site-packages/airflow/example_dags/example_display_name.py
[2025-05-14T23:09:36.029-0400] {processor.py:914} INFO - Processing file /home/aangava/MSP/airflow_venv/lib/python3.12/site-packages/airflow/example_dags/example_display_name.py for tasks to queue
[2025-05-14T23:09:36.032-0400] {logging_mixin.py:190} INFO - [2025-05-14T23:09:36.031-0400] {dagbag.py:588} INFO - Filling up the DagBag from /home/aangava/MSP/airflow_venv/lib/python3.12/site-packages/airflow/example_dags/example_display_name.py
[2025-05-14T23:09:36.042-0400] {processor.py:925} INFO - DAG(s) 'example_display_name' retrieved from /home/aangava/MSP/airflow_venv/lib/python3.12/site-packages/airflow/example_dags/example_display_name.py
[2025-05-14T23:09:36.064-0400] {logging_mixin.py:190} INFO - [2025-05-14T23:09:36.063-0400] {dag.py:3239} INFO - Sync 1 DAGs
[2025-05-14T23:09:36.079-0400] {logging_mixin.py:190} INFO - [2025-05-14T23:09:36.078-0400] {dag.py:4180} INFO - Setting next_dagrun for example_display_name to None, run_after=None
[2025-05-14T23:09:36.104-0400] {processor.py:208} INFO - Processing /home/aangava/MSP/airflow_venv/lib/python3.12/site-packages/airflow/example_dags/example_display_name.py took 0.097 seconds
[2025-05-14T23:10:40.980-0400] {processor.py:186} INFO - Started process (PID=47993) to work on /home/aangava/MSP/airflow_venv/lib/python3.12/site-packages/airflow/example_dags/example_display_name.py
[2025-05-14T23:10:40.981-0400] {processor.py:914} INFO - Processing file /home/aangava/MSP/airflow_venv/lib/python3.12/site-packages/airflow/example_dags/example_display_name.py for tasks to queue
[2025-05-14T23:10:40.983-0400] {logging_mixin.py:190} INFO - [2025-05-14T23:10:40.983-0400] {dagbag.py:588} INFO - Filling up the DagBag from /home/aangava/MSP/airflow_venv/lib/python3.12/site-packages/airflow/example_dags/example_display_name.py
[2025-05-14T23:10:40.990-0400] {processor.py:925} INFO - DAG(s) 'example_display_name' retrieved from /home/aangava/MSP/airflow_venv/lib/python3.12/site-packages/airflow/example_dags/example_display_name.py
[2025-05-14T23:10:41.005-0400] {logging_mixin.py:190} INFO - [2025-05-14T23:10:41.005-0400] {dag.py:3239} INFO - Sync 1 DAGs
[2025-05-14T23:10:41.017-0400] {logging_mixin.py:190} INFO - [2025-05-14T23:10:41.017-0400] {dag.py:4180} INFO - Setting next_dagrun for example_display_name to None, run_after=None
[2025-05-14T23:10:41.036-0400] {processor.py:208} INFO - Processing /home/aangava/MSP/airflow_venv/lib/python3.12/site-packages/airflow/example_dags/example_display_name.py took 0.063 seconds
[2025-05-14T23:11:41.406-0400] {processor.py:186} INFO - Started process (PID=48249) to work on /home/aangava/MSP/airflow_venv/lib/python3.12/site-packages/airflow/example_dags/example_display_name.py
[2025-05-14T23:11:41.416-0400] {processor.py:914} INFO - Processing file /home/aangava/MSP/airflow_venv/lib/python3.12/site-packages/airflow/example_dags/example_display_name.py for tasks to queue
[2025-05-14T23:11:41.417-0400] {logging_mixin.py:190} INFO - [2025-05-14T23:11:41.417-0400] {dagbag.py:588} INFO - Filling up the DagBag from /home/aangava/MSP/airflow_venv/lib/python3.12/site-packages/airflow/example_dags/example_display_name.py
[2025-05-14T23:11:41.421-0400] {processor.py:925} INFO - DAG(s) 'example_display_name' retrieved from /home/aangava/MSP/airflow_venv/lib/python3.12/site-packages/airflow/example_dags/example_display_name.py
[2025-05-14T23:11:41.431-0400] {logging_mixin.py:190} INFO - [2025-05-14T23:11:41.431-0400] {dag.py:3239} INFO - Sync 1 DAGs
[2025-05-14T23:11:41.438-0400] {logging_mixin.py:190} INFO - [2025-05-14T23:11:41.437-0400] {dag.py:4180} INFO - Setting next_dagrun for example_display_name to None, run_after=None
[2025-05-14T23:11:41.452-0400] {processor.py:208} INFO - Processing /home/aangava/MSP/airflow_venv/lib/python3.12/site-packages/airflow/example_dags/example_display_name.py took 0.051 seconds
[2025-05-14T23:12:51.113-0400] {processor.py:186} INFO - Started process (PID=48517) to work on /home/aangava/MSP/airflow_venv/lib/python3.12/site-packages/airflow/example_dags/example_display_name.py
[2025-05-14T23:12:51.113-0400] {processor.py:914} INFO - Processing file /home/aangava/MSP/airflow_venv/lib/python3.12/site-packages/airflow/example_dags/example_display_name.py for tasks to queue
[2025-05-14T23:12:51.114-0400] {logging_mixin.py:190} INFO - [2025-05-14T23:12:51.114-0400] {dagbag.py:588} INFO - Filling up the DagBag from /home/aangava/MSP/airflow_venv/lib/python3.12/site-packages/airflow/example_dags/example_display_name.py
[2025-05-14T23:12:51.118-0400] {processor.py:925} INFO - DAG(s) 'example_display_name' retrieved from /home/aangava/MSP/airflow_venv/lib/python3.12/site-packages/airflow/example_dags/example_display_name.py
[2025-05-14T23:12:51.127-0400] {logging_mixin.py:190} INFO - [2025-05-14T23:12:51.127-0400] {dag.py:3239} INFO - Sync 1 DAGs
[2025-05-14T23:12:51.133-0400] {logging_mixin.py:190} INFO - [2025-05-14T23:12:51.133-0400] {dag.py:4180} INFO - Setting next_dagrun for example_display_name to None, run_after=None
[2025-05-14T23:12:51.144-0400] {processor.py:208} INFO - Processing /home/aangava/MSP/airflow_venv/lib/python3.12/site-packages/airflow/example_dags/example_display_name.py took 0.035 seconds
[2025-05-14T23:13:49.510-0400] {processor.py:186} INFO - Started process (PID=48754) to work on /home/aangava/MSP/airflow_venv/lib/python3.12/site-packages/airflow/example_dags/example_display_name.py
[2025-05-14T23:13:49.522-0400] {processor.py:914} INFO - Processing file /home/aangava/MSP/airflow_venv/lib/python3.12/site-packages/airflow/example_dags/example_display_name.py for tasks to queue
[2025-05-14T23:13:49.525-0400] {logging_mixin.py:190} INFO - [2025-05-14T23:13:49.524-0400] {dagbag.py:588} INFO - Filling up the DagBag from /home/aangava/MSP/airflow_venv/lib/python3.12/site-packages/airflow/example_dags/example_display_name.py
[2025-05-14T23:13:49.537-0400] {processor.py:925} INFO - DAG(s) 'example_display_name' retrieved from /home/aangava/MSP/airflow_venv/lib/python3.12/site-packages/airflow/example_dags/example_display_name.py
[2025-05-14T23:13:49.558-0400] {logging_mixin.py:190} INFO - [2025-05-14T23:13:49.557-0400] {dag.py:3239} INFO - Sync 1 DAGs
[2025-05-14T23:13:49.570-0400] {logging_mixin.py:190} INFO - [2025-05-14T23:13:49.570-0400] {dag.py:4180} INFO - Setting next_dagrun for example_display_name to None, run_after=None
[2025-05-14T23:13:49.592-0400] {processor.py:208} INFO - Processing /home/aangava/MSP/airflow_venv/lib/python3.12/site-packages/airflow/example_dags/example_display_name.py took 0.093 seconds
[2025-05-14T23:14:51.625-0400] {processor.py:186} INFO - Started process (PID=48998) to work on /home/aangava/MSP/airflow_venv/lib/python3.12/site-packages/airflow/example_dags/example_display_name.py
[2025-05-14T23:14:51.637-0400] {processor.py:914} INFO - Processing file /home/aangava/MSP/airflow_venv/lib/python3.12/site-packages/airflow/example_dags/example_display_name.py for tasks to queue
[2025-05-14T23:14:51.640-0400] {logging_mixin.py:190} INFO - [2025-05-14T23:14:51.639-0400] {dagbag.py:588} INFO - Filling up the DagBag from /home/aangava/MSP/airflow_venv/lib/python3.12/site-packages/airflow/example_dags/example_display_name.py
[2025-05-14T23:14:51.649-0400] {processor.py:925} INFO - DAG(s) 'example_display_name' retrieved from /home/aangava/MSP/airflow_venv/lib/python3.12/site-packages/airflow/example_dags/example_display_name.py
[2025-05-14T23:14:51.670-0400] {logging_mixin.py:190} INFO - [2025-05-14T23:14:51.670-0400] {dag.py:3239} INFO - Sync 1 DAGs
[2025-05-14T23:14:51.684-0400] {logging_mixin.py:190} INFO - [2025-05-14T23:14:51.684-0400] {dag.py:4180} INFO - Setting next_dagrun for example_display_name to None, run_after=None
[2025-05-14T23:14:51.709-0400] {processor.py:208} INFO - Processing /home/aangava/MSP/airflow_venv/lib/python3.12/site-packages/airflow/example_dags/example_display_name.py took 0.095 seconds
[2025-05-14T23:15:54.310-0400] {processor.py:186} INFO - Started process (PID=49254) to work on /home/aangava/MSP/airflow_venv/lib/python3.12/site-packages/airflow/example_dags/example_display_name.py
[2025-05-14T23:15:54.323-0400] {processor.py:914} INFO - Processing file /home/aangava/MSP/airflow_venv/lib/python3.12/site-packages/airflow/example_dags/example_display_name.py for tasks to queue
[2025-05-14T23:15:54.326-0400] {logging_mixin.py:190} INFO - [2025-05-14T23:15:54.325-0400] {dagbag.py:588} INFO - Filling up the DagBag from /home/aangava/MSP/airflow_venv/lib/python3.12/site-packages/airflow/example_dags/example_display_name.py
[2025-05-14T23:15:54.337-0400] {processor.py:925} INFO - DAG(s) 'example_display_name' retrieved from /home/aangava/MSP/airflow_venv/lib/python3.12/site-packages/airflow/example_dags/example_display_name.py
[2025-05-14T23:15:54.361-0400] {logging_mixin.py:190} INFO - [2025-05-14T23:15:54.361-0400] {dag.py:3239} INFO - Sync 1 DAGs
[2025-05-14T23:15:54.378-0400] {logging_mixin.py:190} INFO - [2025-05-14T23:15:54.377-0400] {dag.py:4180} INFO - Setting next_dagrun for example_display_name to None, run_after=None
[2025-05-14T23:15:54.408-0400] {processor.py:208} INFO - Processing /home/aangava/MSP/airflow_venv/lib/python3.12/site-packages/airflow/example_dags/example_display_name.py took 0.108 seconds
[2025-05-14T23:16:56.435-0400] {processor.py:186} INFO - Started process (PID=49507) to work on /home/aangava/MSP/airflow_venv/lib/python3.12/site-packages/airflow/example_dags/example_display_name.py
[2025-05-14T23:16:56.446-0400] {processor.py:914} INFO - Processing file /home/aangava/MSP/airflow_venv/lib/python3.12/site-packages/airflow/example_dags/example_display_name.py for tasks to queue
[2025-05-14T23:16:56.449-0400] {logging_mixin.py:190} INFO - [2025-05-14T23:16:56.448-0400] {dagbag.py:588} INFO - Filling up the DagBag from /home/aangava/MSP/airflow_venv/lib/python3.12/site-packages/airflow/example_dags/example_display_name.py
[2025-05-14T23:16:56.455-0400] {processor.py:925} INFO - DAG(s) 'example_display_name' retrieved from /home/aangava/MSP/airflow_venv/lib/python3.12/site-packages/airflow/example_dags/example_display_name.py
[2025-05-14T23:16:56.471-0400] {logging_mixin.py:190} INFO - [2025-05-14T23:16:56.471-0400] {dag.py:3239} INFO - Sync 1 DAGs
[2025-05-14T23:16:56.484-0400] {logging_mixin.py:190} INFO - [2025-05-14T23:16:56.484-0400] {dag.py:4180} INFO - Setting next_dagrun for example_display_name to None, run_after=None
[2025-05-14T23:16:56.504-0400] {processor.py:208} INFO - Processing /home/aangava/MSP/airflow_venv/lib/python3.12/site-packages/airflow/example_dags/example_display_name.py took 0.075 seconds
[2025-05-14T23:17:57.230-0400] {processor.py:186} INFO - Started process (PID=49747) to work on /home/aangava/MSP/airflow_venv/lib/python3.12/site-packages/airflow/example_dags/example_display_name.py
[2025-05-14T23:17:57.242-0400] {processor.py:914} INFO - Processing file /home/aangava/MSP/airflow_venv/lib/python3.12/site-packages/airflow/example_dags/example_display_name.py for tasks to queue
[2025-05-14T23:17:57.244-0400] {logging_mixin.py:190} INFO - [2025-05-14T23:17:57.243-0400] {dagbag.py:588} INFO - Filling up the DagBag from /home/aangava/MSP/airflow_venv/lib/python3.12/site-packages/airflow/example_dags/example_display_name.py
[2025-05-14T23:17:57.253-0400] {processor.py:925} INFO - DAG(s) 'example_display_name' retrieved from /home/aangava/MSP/airflow_venv/lib/python3.12/site-packages/airflow/example_dags/example_display_name.py
[2025-05-14T23:17:57.274-0400] {logging_mixin.py:190} INFO - [2025-05-14T23:17:57.274-0400] {dag.py:3239} INFO - Sync 1 DAGs
[2025-05-14T23:17:57.289-0400] {logging_mixin.py:190} INFO - [2025-05-14T23:17:57.289-0400] {dag.py:4180} INFO - Setting next_dagrun for example_display_name to None, run_after=None
[2025-05-14T23:17:57.315-0400] {processor.py:208} INFO - Processing /home/aangava/MSP/airflow_venv/lib/python3.12/site-packages/airflow/example_dags/example_display_name.py took 0.095 seconds
[2025-05-14T23:18:57.488-0400] {processor.py:186} INFO - Started process (PID=49986) to work on /home/aangava/MSP/airflow_venv/lib/python3.12/site-packages/airflow/example_dags/example_display_name.py
[2025-05-14T23:18:57.499-0400] {processor.py:914} INFO - Processing file /home/aangava/MSP/airflow_venv/lib/python3.12/site-packages/airflow/example_dags/example_display_name.py for tasks to queue
[2025-05-14T23:18:57.501-0400] {logging_mixin.py:190} INFO - [2025-05-14T23:18:57.500-0400] {dagbag.py:588} INFO - Filling up the DagBag from /home/aangava/MSP/airflow_venv/lib/python3.12/site-packages/airflow/example_dags/example_display_name.py
[2025-05-14T23:18:57.510-0400] {processor.py:925} INFO - DAG(s) 'example_display_name' retrieved from /home/aangava/MSP/airflow_venv/lib/python3.12/site-packages/airflow/example_dags/example_display_name.py
[2025-05-14T23:18:57.529-0400] {logging_mixin.py:190} INFO - [2025-05-14T23:18:57.529-0400] {dag.py:3239} INFO - Sync 1 DAGs
[2025-05-14T23:18:57.540-0400] {logging_mixin.py:190} INFO - [2025-05-14T23:18:57.540-0400] {dag.py:4180} INFO - Setting next_dagrun for example_display_name to None, run_after=None
[2025-05-14T23:18:57.570-0400] {processor.py:208} INFO - Processing /home/aangava/MSP/airflow_venv/lib/python3.12/site-packages/airflow/example_dags/example_display_name.py took 0.093 seconds
[2025-05-14T23:19:59.481-0400] {processor.py:186} INFO - Started process (PID=50238) to work on /home/aangava/MSP/airflow_venv/lib/python3.12/site-packages/airflow/example_dags/example_display_name.py
[2025-05-14T23:19:59.492-0400] {processor.py:914} INFO - Processing file /home/aangava/MSP/airflow_venv/lib/python3.12/site-packages/airflow/example_dags/example_display_name.py for tasks to queue
[2025-05-14T23:19:59.493-0400] {logging_mixin.py:190} INFO - [2025-05-14T23:19:59.493-0400] {dagbag.py:588} INFO - Filling up the DagBag from /home/aangava/MSP/airflow_venv/lib/python3.12/site-packages/airflow/example_dags/example_display_name.py
[2025-05-14T23:19:59.500-0400] {processor.py:925} INFO - DAG(s) 'example_display_name' retrieved from /home/aangava/MSP/airflow_venv/lib/python3.12/site-packages/airflow/example_dags/example_display_name.py
[2025-05-14T23:19:59.519-0400] {logging_mixin.py:190} INFO - [2025-05-14T23:19:59.518-0400] {dag.py:3239} INFO - Sync 1 DAGs
[2025-05-14T23:19:59.533-0400] {logging_mixin.py:190} INFO - [2025-05-14T23:19:59.533-0400] {dag.py:4180} INFO - Setting next_dagrun for example_display_name to None, run_after=None
[2025-05-14T23:19:59.560-0400] {processor.py:208} INFO - Processing /home/aangava/MSP/airflow_venv/lib/python3.12/site-packages/airflow/example_dags/example_display_name.py took 0.085 seconds
[2025-05-14T23:21:04.761-0400] {processor.py:186} INFO - Started process (PID=50499) to work on /home/aangava/MSP/airflow_venv/lib/python3.12/site-packages/airflow/example_dags/example_display_name.py
[2025-05-14T23:21:04.774-0400] {processor.py:914} INFO - Processing file /home/aangava/MSP/airflow_venv/lib/python3.12/site-packages/airflow/example_dags/example_display_name.py for tasks to queue
[2025-05-14T23:21:04.777-0400] {logging_mixin.py:190} INFO - [2025-05-14T23:21:04.777-0400] {dagbag.py:588} INFO - Filling up the DagBag from /home/aangava/MSP/airflow_venv/lib/python3.12/site-packages/airflow/example_dags/example_display_name.py
[2025-05-14T23:21:04.788-0400] {processor.py:925} INFO - DAG(s) 'example_display_name' retrieved from /home/aangava/MSP/airflow_venv/lib/python3.12/site-packages/airflow/example_dags/example_display_name.py
[2025-05-14T23:21:04.809-0400] {logging_mixin.py:190} INFO - [2025-05-14T23:21:04.808-0400] {dag.py:3239} INFO - Sync 1 DAGs
[2025-05-14T23:21:04.822-0400] {logging_mixin.py:190} INFO - [2025-05-14T23:21:04.822-0400] {dag.py:4180} INFO - Setting next_dagrun for example_display_name to None, run_after=None
[2025-05-14T23:21:04.851-0400] {processor.py:208} INFO - Processing /home/aangava/MSP/airflow_venv/lib/python3.12/site-packages/airflow/example_dags/example_display_name.py took 0.098 seconds
[2025-05-14T23:22:08.427-0400] {processor.py:186} INFO - Started process (PID=50748) to work on /home/aangava/MSP/airflow_venv/lib/python3.12/site-packages/airflow/example_dags/example_display_name.py
[2025-05-14T23:22:08.440-0400] {processor.py:914} INFO - Processing file /home/aangava/MSP/airflow_venv/lib/python3.12/site-packages/airflow/example_dags/example_display_name.py for tasks to queue
[2025-05-14T23:22:08.443-0400] {logging_mixin.py:190} INFO - [2025-05-14T23:22:08.442-0400] {dagbag.py:588} INFO - Filling up the DagBag from /home/aangava/MSP/airflow_venv/lib/python3.12/site-packages/airflow/example_dags/example_display_name.py
[2025-05-14T23:22:08.452-0400] {processor.py:925} INFO - DAG(s) 'example_display_name' retrieved from /home/aangava/MSP/airflow_venv/lib/python3.12/site-packages/airflow/example_dags/example_display_name.py
[2025-05-14T23:22:08.473-0400] {logging_mixin.py:190} INFO - [2025-05-14T23:22:08.473-0400] {dag.py:3239} INFO - Sync 1 DAGs
[2025-05-14T23:22:08.484-0400] {logging_mixin.py:190} INFO - [2025-05-14T23:22:08.484-0400] {dag.py:4180} INFO - Setting next_dagrun for example_display_name to None, run_after=None
[2025-05-14T23:22:08.509-0400] {processor.py:208} INFO - Processing /home/aangava/MSP/airflow_venv/lib/python3.12/site-packages/airflow/example_dags/example_display_name.py took 0.090 seconds
[2025-05-14T23:24:49.203-0400] {processor.py:186} INFO - Started process (PID=51071) to work on /home/aangava/MSP/airflow_venv/lib/python3.12/site-packages/airflow/example_dags/example_display_name.py
[2025-05-14T23:24:49.215-0400] {processor.py:914} INFO - Processing file /home/aangava/MSP/airflow_venv/lib/python3.12/site-packages/airflow/example_dags/example_display_name.py for tasks to queue
[2025-05-14T23:24:49.218-0400] {logging_mixin.py:190} INFO - [2025-05-14T23:24:49.218-0400] {dagbag.py:588} INFO - Filling up the DagBag from /home/aangava/MSP/airflow_venv/lib/python3.12/site-packages/airflow/example_dags/example_display_name.py
[2025-05-14T23:24:49.228-0400] {processor.py:925} INFO - DAG(s) 'example_display_name' retrieved from /home/aangava/MSP/airflow_venv/lib/python3.12/site-packages/airflow/example_dags/example_display_name.py
[2025-05-14T23:24:49.248-0400] {logging_mixin.py:190} INFO - [2025-05-14T23:24:49.248-0400] {dag.py:3239} INFO - Sync 1 DAGs
[2025-05-14T23:24:49.259-0400] {logging_mixin.py:190} INFO - [2025-05-14T23:24:49.259-0400] {dag.py:4180} INFO - Setting next_dagrun for example_display_name to None, run_after=None
[2025-05-14T23:24:49.282-0400] {processor.py:208} INFO - Processing /home/aangava/MSP/airflow_venv/lib/python3.12/site-packages/airflow/example_dags/example_display_name.py took 0.088 seconds
[2025-05-14T23:25:52.903-0400] {processor.py:186} INFO - Started process (PID=51320) to work on /home/aangava/MSP/airflow_venv/lib/python3.12/site-packages/airflow/example_dags/example_display_name.py
[2025-05-14T23:25:52.915-0400] {processor.py:914} INFO - Processing file /home/aangava/MSP/airflow_venv/lib/python3.12/site-packages/airflow/example_dags/example_display_name.py for tasks to queue
[2025-05-14T23:25:52.918-0400] {logging_mixin.py:190} INFO - [2025-05-14T23:25:52.917-0400] {dagbag.py:588} INFO - Filling up the DagBag from /home/aangava/MSP/airflow_venv/lib/python3.12/site-packages/airflow/example_dags/example_display_name.py
[2025-05-14T23:25:52.927-0400] {processor.py:925} INFO - DAG(s) 'example_display_name' retrieved from /home/aangava/MSP/airflow_venv/lib/python3.12/site-packages/airflow/example_dags/example_display_name.py
[2025-05-14T23:25:52.947-0400] {logging_mixin.py:190} INFO - [2025-05-14T23:25:52.947-0400] {dag.py:3239} INFO - Sync 1 DAGs
[2025-05-14T23:25:52.960-0400] {logging_mixin.py:190} INFO - [2025-05-14T23:25:52.960-0400] {dag.py:4180} INFO - Setting next_dagrun for example_display_name to None, run_after=None
[2025-05-14T23:25:52.983-0400] {processor.py:208} INFO - Processing /home/aangava/MSP/airflow_venv/lib/python3.12/site-packages/airflow/example_dags/example_display_name.py took 0.090 seconds
[2025-05-14T23:26:58.929-0400] {processor.py:186} INFO - Started process (PID=51586) to work on /home/aangava/MSP/airflow_venv/lib/python3.12/site-packages/airflow/example_dags/example_display_name.py
[2025-05-14T23:26:58.942-0400] {processor.py:914} INFO - Processing file /home/aangava/MSP/airflow_venv/lib/python3.12/site-packages/airflow/example_dags/example_display_name.py for tasks to queue
[2025-05-14T23:26:58.945-0400] {logging_mixin.py:190} INFO - [2025-05-14T23:26:58.944-0400] {dagbag.py:588} INFO - Filling up the DagBag from /home/aangava/MSP/airflow_venv/lib/python3.12/site-packages/airflow/example_dags/example_display_name.py
[2025-05-14T23:26:58.956-0400] {processor.py:925} INFO - DAG(s) 'example_display_name' retrieved from /home/aangava/MSP/airflow_venv/lib/python3.12/site-packages/airflow/example_dags/example_display_name.py
[2025-05-14T23:26:58.984-0400] {logging_mixin.py:190} INFO - [2025-05-14T23:26:58.984-0400] {dag.py:3239} INFO - Sync 1 DAGs
[2025-05-14T23:26:58.999-0400] {logging_mixin.py:190} INFO - [2025-05-14T23:26:58.998-0400] {dag.py:4180} INFO - Setting next_dagrun for example_display_name to None, run_after=None
[2025-05-14T23:26:59.041-0400] {processor.py:208} INFO - Processing /home/aangava/MSP/airflow_venv/lib/python3.12/site-packages/airflow/example_dags/example_display_name.py took 0.120 seconds
[2025-05-14T23:29:00.111-0400] {processor.py:186} INFO - Started process (PID=51967) to work on /home/aangava/MSP/airflow_venv/lib/python3.12/site-packages/airflow/example_dags/example_display_name.py
[2025-05-14T23:29:00.125-0400] {processor.py:914} INFO - Processing file /home/aangava/MSP/airflow_venv/lib/python3.12/site-packages/airflow/example_dags/example_display_name.py for tasks to queue
[2025-05-14T23:29:00.128-0400] {logging_mixin.py:190} INFO - [2025-05-14T23:29:00.127-0400] {dagbag.py:588} INFO - Filling up the DagBag from /home/aangava/MSP/airflow_venv/lib/python3.12/site-packages/airflow/example_dags/example_display_name.py
[2025-05-14T23:29:00.138-0400] {processor.py:925} INFO - DAG(s) 'example_display_name' retrieved from /home/aangava/MSP/airflow_venv/lib/python3.12/site-packages/airflow/example_dags/example_display_name.py
[2025-05-14T23:29:00.163-0400] {logging_mixin.py:190} INFO - [2025-05-14T23:29:00.163-0400] {dag.py:3239} INFO - Sync 1 DAGs
[2025-05-14T23:29:00.179-0400] {logging_mixin.py:190} INFO - [2025-05-14T23:29:00.178-0400] {dag.py:4180} INFO - Setting next_dagrun for example_display_name to None, run_after=None
[2025-05-14T23:29:00.207-0400] {processor.py:208} INFO - Processing /home/aangava/MSP/airflow_venv/lib/python3.12/site-packages/airflow/example_dags/example_display_name.py took 0.106 seconds
[2025-05-14T23:30:08.896-0400] {processor.py:186} INFO - Started process (PID=52235) to work on /home/aangava/MSP/airflow_venv/lib/python3.12/site-packages/airflow/example_dags/example_display_name.py
[2025-05-14T23:30:08.908-0400] {processor.py:914} INFO - Processing file /home/aangava/MSP/airflow_venv/lib/python3.12/site-packages/airflow/example_dags/example_display_name.py for tasks to queue
[2025-05-14T23:30:08.911-0400] {logging_mixin.py:190} INFO - [2025-05-14T23:30:08.910-0400] {dagbag.py:588} INFO - Filling up the DagBag from /home/aangava/MSP/airflow_venv/lib/python3.12/site-packages/airflow/example_dags/example_display_name.py
[2025-05-14T23:30:08.920-0400] {processor.py:925} INFO - DAG(s) 'example_display_name' retrieved from /home/aangava/MSP/airflow_venv/lib/python3.12/site-packages/airflow/example_dags/example_display_name.py
[2025-05-14T23:30:08.938-0400] {logging_mixin.py:190} INFO - [2025-05-14T23:30:08.938-0400] {dag.py:3239} INFO - Sync 1 DAGs
[2025-05-14T23:30:08.950-0400] {logging_mixin.py:190} INFO - [2025-05-14T23:30:08.949-0400] {dag.py:4180} INFO - Setting next_dagrun for example_display_name to None, run_after=None
[2025-05-14T23:30:08.973-0400] {processor.py:208} INFO - Processing /home/aangava/MSP/airflow_venv/lib/python3.12/site-packages/airflow/example_dags/example_display_name.py took 0.086 seconds
[2025-05-14T23:31:13.599-0400] {processor.py:186} INFO - Started process (PID=52488) to work on /home/aangava/MSP/airflow_venv/lib/python3.12/site-packages/airflow/example_dags/example_display_name.py
[2025-05-14T23:31:13.610-0400] {processor.py:914} INFO - Processing file /home/aangava/MSP/airflow_venv/lib/python3.12/site-packages/airflow/example_dags/example_display_name.py for tasks to queue
[2025-05-14T23:31:13.612-0400] {logging_mixin.py:190} INFO - [2025-05-14T23:31:13.612-0400] {dagbag.py:588} INFO - Filling up the DagBag from /home/aangava/MSP/airflow_venv/lib/python3.12/site-packages/airflow/example_dags/example_display_name.py
[2025-05-14T23:31:13.619-0400] {processor.py:925} INFO - DAG(s) 'example_display_name' retrieved from /home/aangava/MSP/airflow_venv/lib/python3.12/site-packages/airflow/example_dags/example_display_name.py
[2025-05-14T23:31:13.641-0400] {logging_mixin.py:190} INFO - [2025-05-14T23:31:13.641-0400] {dag.py:3239} INFO - Sync 1 DAGs
[2025-05-14T23:31:13.812-0400] {logging_mixin.py:190} INFO - [2025-05-14T23:31:13.811-0400] {dag.py:4180} INFO - Setting next_dagrun for example_display_name to None, run_after=None
[2025-05-14T23:31:13.842-0400] {processor.py:208} INFO - Processing /home/aangava/MSP/airflow_venv/lib/python3.12/site-packages/airflow/example_dags/example_display_name.py took 0.251 seconds
[2025-05-14T23:32:25.893-0400] {processor.py:186} INFO - Started process (PID=52784) to work on /home/aangava/MSP/airflow_venv/lib/python3.12/site-packages/airflow/example_dags/example_display_name.py
[2025-05-14T23:32:25.905-0400] {processor.py:914} INFO - Processing file /home/aangava/MSP/airflow_venv/lib/python3.12/site-packages/airflow/example_dags/example_display_name.py for tasks to queue
[2025-05-14T23:32:25.908-0400] {logging_mixin.py:190} INFO - [2025-05-14T23:32:25.907-0400] {dagbag.py:588} INFO - Filling up the DagBag from /home/aangava/MSP/airflow_venv/lib/python3.12/site-packages/airflow/example_dags/example_display_name.py
[2025-05-14T23:32:25.918-0400] {processor.py:925} INFO - DAG(s) 'example_display_name' retrieved from /home/aangava/MSP/airflow_venv/lib/python3.12/site-packages/airflow/example_dags/example_display_name.py
[2025-05-14T23:32:25.937-0400] {logging_mixin.py:190} INFO - [2025-05-14T23:32:25.937-0400] {dag.py:3239} INFO - Sync 1 DAGs
[2025-05-14T23:32:25.950-0400] {logging_mixin.py:190} INFO - [2025-05-14T23:32:25.949-0400] {dag.py:4180} INFO - Setting next_dagrun for example_display_name to None, run_after=None
[2025-05-14T23:32:25.972-0400] {processor.py:208} INFO - Processing /home/aangava/MSP/airflow_venv/lib/python3.12/site-packages/airflow/example_dags/example_display_name.py took 0.088 seconds
[2025-05-14T23:33:34.723-0400] {processor.py:186} INFO - Started process (PID=53046) to work on /home/aangava/MSP/airflow_venv/lib/python3.12/site-packages/airflow/example_dags/example_display_name.py
[2025-05-14T23:33:34.725-0400] {processor.py:914} INFO - Processing file /home/aangava/MSP/airflow_venv/lib/python3.12/site-packages/airflow/example_dags/example_display_name.py for tasks to queue
[2025-05-14T23:33:34.728-0400] {logging_mixin.py:190} INFO - [2025-05-14T23:33:34.727-0400] {dagbag.py:588} INFO - Filling up the DagBag from /home/aangava/MSP/airflow_venv/lib/python3.12/site-packages/airflow/example_dags/example_display_name.py
[2025-05-14T23:33:34.739-0400] {processor.py:925} INFO - DAG(s) 'example_display_name' retrieved from /home/aangava/MSP/airflow_venv/lib/python3.12/site-packages/airflow/example_dags/example_display_name.py
[2025-05-14T23:33:34.761-0400] {logging_mixin.py:190} INFO - [2025-05-14T23:33:34.761-0400] {dag.py:3239} INFO - Sync 1 DAGs
[2025-05-14T23:33:34.777-0400] {logging_mixin.py:190} INFO - [2025-05-14T23:33:34.777-0400] {dag.py:4180} INFO - Setting next_dagrun for example_display_name to None, run_after=None
[2025-05-14T23:33:34.808-0400] {processor.py:208} INFO - Processing /home/aangava/MSP/airflow_venv/lib/python3.12/site-packages/airflow/example_dags/example_display_name.py took 0.101 seconds
[2025-05-14T23:40:03.303-0400] {processor.py:186} INFO - Started process (PID=53395) to work on /home/aangava/MSP/airflow_venv/lib/python3.12/site-packages/airflow/example_dags/example_display_name.py
[2025-05-14T23:40:03.315-0400] {processor.py:914} INFO - Processing file /home/aangava/MSP/airflow_venv/lib/python3.12/site-packages/airflow/example_dags/example_display_name.py for tasks to queue
[2025-05-14T23:40:03.317-0400] {logging_mixin.py:190} INFO - [2025-05-14T23:40:03.316-0400] {dagbag.py:588} INFO - Filling up the DagBag from /home/aangava/MSP/airflow_venv/lib/python3.12/site-packages/airflow/example_dags/example_display_name.py
[2025-05-14T23:40:03.325-0400] {processor.py:925} INFO - DAG(s) 'example_display_name' retrieved from /home/aangava/MSP/airflow_venv/lib/python3.12/site-packages/airflow/example_dags/example_display_name.py
[2025-05-14T23:40:03.343-0400] {logging_mixin.py:190} INFO - [2025-05-14T23:40:03.343-0400] {dag.py:3239} INFO - Sync 1 DAGs
[2025-05-14T23:40:03.355-0400] {logging_mixin.py:190} INFO - [2025-05-14T23:40:03.355-0400] {dag.py:4180} INFO - Setting next_dagrun for example_display_name to None, run_after=None
[2025-05-14T23:40:03.381-0400] {processor.py:208} INFO - Processing /home/aangava/MSP/airflow_venv/lib/python3.12/site-packages/airflow/example_dags/example_display_name.py took 0.089 seconds
[2025-05-14T23:41:09.512-0400] {processor.py:186} INFO - Started process (PID=53652) to work on /home/aangava/MSP/airflow_venv/lib/python3.12/site-packages/airflow/example_dags/example_display_name.py
[2025-05-14T23:41:09.523-0400] {processor.py:914} INFO - Processing file /home/aangava/MSP/airflow_venv/lib/python3.12/site-packages/airflow/example_dags/example_display_name.py for tasks to queue
[2025-05-14T23:41:09.526-0400] {logging_mixin.py:190} INFO - [2025-05-14T23:41:09.525-0400] {dagbag.py:588} INFO - Filling up the DagBag from /home/aangava/MSP/airflow_venv/lib/python3.12/site-packages/airflow/example_dags/example_display_name.py
[2025-05-14T23:41:09.536-0400] {processor.py:925} INFO - DAG(s) 'example_display_name' retrieved from /home/aangava/MSP/airflow_venv/lib/python3.12/site-packages/airflow/example_dags/example_display_name.py
[2025-05-14T23:41:09.556-0400] {logging_mixin.py:190} INFO - [2025-05-14T23:41:09.555-0400] {dag.py:3239} INFO - Sync 1 DAGs
[2025-05-14T23:41:09.567-0400] {logging_mixin.py:190} INFO - [2025-05-14T23:41:09.567-0400] {dag.py:4180} INFO - Setting next_dagrun for example_display_name to None, run_after=None
[2025-05-14T23:41:09.589-0400] {processor.py:208} INFO - Processing /home/aangava/MSP/airflow_venv/lib/python3.12/site-packages/airflow/example_dags/example_display_name.py took 0.087 seconds
[2025-05-14T23:42:12.874-0400] {processor.py:186} INFO - Started process (PID=53901) to work on /home/aangava/MSP/airflow_venv/lib/python3.12/site-packages/airflow/example_dags/example_display_name.py
[2025-05-14T23:42:12.885-0400] {processor.py:914} INFO - Processing file /home/aangava/MSP/airflow_venv/lib/python3.12/site-packages/airflow/example_dags/example_display_name.py for tasks to queue
[2025-05-14T23:42:12.887-0400] {logging_mixin.py:190} INFO - [2025-05-14T23:42:12.886-0400] {dagbag.py:588} INFO - Filling up the DagBag from /home/aangava/MSP/airflow_venv/lib/python3.12/site-packages/airflow/example_dags/example_display_name.py
[2025-05-14T23:42:12.896-0400] {processor.py:925} INFO - DAG(s) 'example_display_name' retrieved from /home/aangava/MSP/airflow_venv/lib/python3.12/site-packages/airflow/example_dags/example_display_name.py
[2025-05-14T23:42:12.914-0400] {logging_mixin.py:190} INFO - [2025-05-14T23:42:12.914-0400] {dag.py:3239} INFO - Sync 1 DAGs
[2025-05-14T23:42:12.925-0400] {logging_mixin.py:190} INFO - [2025-05-14T23:42:12.925-0400] {dag.py:4180} INFO - Setting next_dagrun for example_display_name to None, run_after=None
[2025-05-14T23:42:12.947-0400] {processor.py:208} INFO - Processing /home/aangava/MSP/airflow_venv/lib/python3.12/site-packages/airflow/example_dags/example_display_name.py took 0.082 seconds
[2025-05-15T13:38:25.854-0400] {processor.py:186} INFO - Started process (PID=54207) to work on /home/aangava/MSP/airflow_venv/lib/python3.12/site-packages/airflow/example_dags/example_display_name.py
[2025-05-15T13:38:25.855-0400] {processor.py:914} INFO - Processing file /home/aangava/MSP/airflow_venv/lib/python3.12/site-packages/airflow/example_dags/example_display_name.py for tasks to queue
[2025-05-15T13:38:25.857-0400] {logging_mixin.py:190} INFO - [2025-05-15T13:38:25.856-0400] {dagbag.py:588} INFO - Filling up the DagBag from /home/aangava/MSP/airflow_venv/lib/python3.12/site-packages/airflow/example_dags/example_display_name.py
[2025-05-15T13:38:25.863-0400] {processor.py:925} INFO - DAG(s) 'example_display_name' retrieved from /home/aangava/MSP/airflow_venv/lib/python3.12/site-packages/airflow/example_dags/example_display_name.py
[2025-05-15T13:38:25.882-0400] {logging_mixin.py:190} INFO - [2025-05-15T13:38:25.881-0400] {dag.py:3239} INFO - Sync 1 DAGs
[2025-05-15T13:38:25.893-0400] {logging_mixin.py:190} INFO - [2025-05-15T13:38:25.893-0400] {dag.py:4180} INFO - Setting next_dagrun for example_display_name to None, run_after=None
[2025-05-15T13:38:25.929-0400] {processor.py:208} INFO - Processing /home/aangava/MSP/airflow_venv/lib/python3.12/site-packages/airflow/example_dags/example_display_name.py took 0.081 seconds
[2025-05-15T13:39:42.181-0400] {processor.py:186} INFO - Started process (PID=54560) to work on /home/aangava/MSP/airflow_venv/lib/python3.12/site-packages/airflow/example_dags/example_display_name.py
[2025-05-15T13:39:42.193-0400] {processor.py:914} INFO - Processing file /home/aangava/MSP/airflow_venv/lib/python3.12/site-packages/airflow/example_dags/example_display_name.py for tasks to queue
[2025-05-15T13:39:42.195-0400] {logging_mixin.py:190} INFO - [2025-05-15T13:39:42.194-0400] {dagbag.py:588} INFO - Filling up the DagBag from /home/aangava/MSP/airflow_venv/lib/python3.12/site-packages/airflow/example_dags/example_display_name.py
[2025-05-15T13:39:42.201-0400] {processor.py:925} INFO - DAG(s) 'example_display_name' retrieved from /home/aangava/MSP/airflow_venv/lib/python3.12/site-packages/airflow/example_dags/example_display_name.py
[2025-05-15T13:39:42.223-0400] {logging_mixin.py:190} INFO - [2025-05-15T13:39:42.223-0400] {dag.py:3239} INFO - Sync 1 DAGs
[2025-05-15T13:39:42.239-0400] {logging_mixin.py:190} INFO - [2025-05-15T13:39:42.239-0400] {dag.py:4180} INFO - Setting next_dagrun for example_display_name to None, run_after=None
[2025-05-15T13:39:42.259-0400] {processor.py:208} INFO - Processing /home/aangava/MSP/airflow_venv/lib/python3.12/site-packages/airflow/example_dags/example_display_name.py took 0.085 seconds
[2025-05-15T13:40:45.492-0400] {processor.py:186} INFO - Started process (PID=54804) to work on /home/aangava/MSP/airflow_venv/lib/python3.12/site-packages/airflow/example_dags/example_display_name.py
[2025-05-15T13:40:45.503-0400] {processor.py:914} INFO - Processing file /home/aangava/MSP/airflow_venv/lib/python3.12/site-packages/airflow/example_dags/example_display_name.py for tasks to queue
[2025-05-15T13:40:45.506-0400] {logging_mixin.py:190} INFO - [2025-05-15T13:40:45.505-0400] {dagbag.py:588} INFO - Filling up the DagBag from /home/aangava/MSP/airflow_venv/lib/python3.12/site-packages/airflow/example_dags/example_display_name.py
[2025-05-15T13:40:45.515-0400] {processor.py:925} INFO - DAG(s) 'example_display_name' retrieved from /home/aangava/MSP/airflow_venv/lib/python3.12/site-packages/airflow/example_dags/example_display_name.py
[2025-05-15T13:40:45.536-0400] {logging_mixin.py:190} INFO - [2025-05-15T13:40:45.535-0400] {dag.py:3239} INFO - Sync 1 DAGs
[2025-05-15T13:40:45.548-0400] {logging_mixin.py:190} INFO - [2025-05-15T13:40:45.548-0400] {dag.py:4180} INFO - Setting next_dagrun for example_display_name to None, run_after=None
[2025-05-15T13:40:45.571-0400] {processor.py:208} INFO - Processing /home/aangava/MSP/airflow_venv/lib/python3.12/site-packages/airflow/example_dags/example_display_name.py took 0.089 seconds
[2025-05-15T13:41:54.028-0400] {processor.py:186} INFO - Started process (PID=55069) to work on /home/aangava/MSP/airflow_venv/lib/python3.12/site-packages/airflow/example_dags/example_display_name.py
[2025-05-15T13:41:54.040-0400] {processor.py:914} INFO - Processing file /home/aangava/MSP/airflow_venv/lib/python3.12/site-packages/airflow/example_dags/example_display_name.py for tasks to queue
[2025-05-15T13:41:54.043-0400] {logging_mixin.py:190} INFO - [2025-05-15T13:41:54.042-0400] {dagbag.py:588} INFO - Filling up the DagBag from /home/aangava/MSP/airflow_venv/lib/python3.12/site-packages/airflow/example_dags/example_display_name.py
[2025-05-15T13:41:54.054-0400] {processor.py:925} INFO - DAG(s) 'example_display_name' retrieved from /home/aangava/MSP/airflow_venv/lib/python3.12/site-packages/airflow/example_dags/example_display_name.py
[2025-05-15T13:41:54.072-0400] {logging_mixin.py:190} INFO - [2025-05-15T13:41:54.072-0400] {dag.py:3239} INFO - Sync 1 DAGs
[2025-05-15T13:41:54.085-0400] {logging_mixin.py:190} INFO - [2025-05-15T13:41:54.085-0400] {dag.py:4180} INFO - Setting next_dagrun for example_display_name to None, run_after=None
[2025-05-15T13:41:54.108-0400] {processor.py:208} INFO - Processing /home/aangava/MSP/airflow_venv/lib/python3.12/site-packages/airflow/example_dags/example_display_name.py took 0.089 seconds
[2025-05-15T13:42:52.374-0400] {processor.py:186} INFO - Started process (PID=55302) to work on /home/aangava/MSP/airflow_venv/lib/python3.12/site-packages/airflow/example_dags/example_display_name.py
[2025-05-15T13:42:52.386-0400] {processor.py:914} INFO - Processing file /home/aangava/MSP/airflow_venv/lib/python3.12/site-packages/airflow/example_dags/example_display_name.py for tasks to queue
[2025-05-15T13:42:52.389-0400] {logging_mixin.py:190} INFO - [2025-05-15T13:42:52.388-0400] {dagbag.py:588} INFO - Filling up the DagBag from /home/aangava/MSP/airflow_venv/lib/python3.12/site-packages/airflow/example_dags/example_display_name.py
[2025-05-15T13:42:52.399-0400] {processor.py:925} INFO - DAG(s) 'example_display_name' retrieved from /home/aangava/MSP/airflow_venv/lib/python3.12/site-packages/airflow/example_dags/example_display_name.py
[2025-05-15T13:42:52.415-0400] {logging_mixin.py:190} INFO - [2025-05-15T13:42:52.415-0400] {dag.py:3239} INFO - Sync 1 DAGs
[2025-05-15T13:42:52.429-0400] {logging_mixin.py:190} INFO - [2025-05-15T13:42:52.429-0400] {dag.py:4180} INFO - Setting next_dagrun for example_display_name to None, run_after=None
[2025-05-15T13:42:52.453-0400] {processor.py:208} INFO - Processing /home/aangava/MSP/airflow_venv/lib/python3.12/site-packages/airflow/example_dags/example_display_name.py took 0.088 seconds
[2025-05-15T13:43:54.238-0400] {processor.py:186} INFO - Started process (PID=55537) to work on /home/aangava/MSP/airflow_venv/lib/python3.12/site-packages/airflow/example_dags/example_display_name.py
[2025-05-15T13:43:54.249-0400] {processor.py:914} INFO - Processing file /home/aangava/MSP/airflow_venv/lib/python3.12/site-packages/airflow/example_dags/example_display_name.py for tasks to queue
[2025-05-15T13:43:54.252-0400] {logging_mixin.py:190} INFO - [2025-05-15T13:43:54.251-0400] {dagbag.py:588} INFO - Filling up the DagBag from /home/aangava/MSP/airflow_venv/lib/python3.12/site-packages/airflow/example_dags/example_display_name.py
[2025-05-15T13:43:54.263-0400] {processor.py:925} INFO - DAG(s) 'example_display_name' retrieved from /home/aangava/MSP/airflow_venv/lib/python3.12/site-packages/airflow/example_dags/example_display_name.py
[2025-05-15T13:43:54.285-0400] {logging_mixin.py:190} INFO - [2025-05-15T13:43:54.285-0400] {dag.py:3239} INFO - Sync 1 DAGs
[2025-05-15T13:43:54.299-0400] {logging_mixin.py:190} INFO - [2025-05-15T13:43:54.299-0400] {dag.py:4180} INFO - Setting next_dagrun for example_display_name to None, run_after=None
[2025-05-15T13:43:54.322-0400] {processor.py:208} INFO - Processing /home/aangava/MSP/airflow_venv/lib/python3.12/site-packages/airflow/example_dags/example_display_name.py took 0.094 seconds
[2025-05-15T13:44:56.800-0400] {processor.py:186} INFO - Started process (PID=55776) to work on /home/aangava/MSP/airflow_venv/lib/python3.12/site-packages/airflow/example_dags/example_display_name.py
[2025-05-15T13:44:56.810-0400] {processor.py:914} INFO - Processing file /home/aangava/MSP/airflow_venv/lib/python3.12/site-packages/airflow/example_dags/example_display_name.py for tasks to queue
[2025-05-15T13:44:56.812-0400] {logging_mixin.py:190} INFO - [2025-05-15T13:44:56.812-0400] {dagbag.py:588} INFO - Filling up the DagBag from /home/aangava/MSP/airflow_venv/lib/python3.12/site-packages/airflow/example_dags/example_display_name.py
[2025-05-15T13:44:56.819-0400] {processor.py:925} INFO - DAG(s) 'example_display_name' retrieved from /home/aangava/MSP/airflow_venv/lib/python3.12/site-packages/airflow/example_dags/example_display_name.py
[2025-05-15T13:44:56.836-0400] {logging_mixin.py:190} INFO - [2025-05-15T13:44:56.836-0400] {dag.py:3239} INFO - Sync 1 DAGs
[2025-05-15T13:44:56.848-0400] {logging_mixin.py:190} INFO - [2025-05-15T13:44:56.848-0400] {dag.py:4180} INFO - Setting next_dagrun for example_display_name to None, run_after=None
[2025-05-15T13:44:56.869-0400] {processor.py:208} INFO - Processing /home/aangava/MSP/airflow_venv/lib/python3.12/site-packages/airflow/example_dags/example_display_name.py took 0.076 seconds
[2025-05-15T13:45:59.884-0400] {processor.py:186} INFO - Started process (PID=56019) to work on /home/aangava/MSP/airflow_venv/lib/python3.12/site-packages/airflow/example_dags/example_display_name.py
[2025-05-15T13:45:59.896-0400] {processor.py:914} INFO - Processing file /home/aangava/MSP/airflow_venv/lib/python3.12/site-packages/airflow/example_dags/example_display_name.py for tasks to queue
[2025-05-15T13:45:59.898-0400] {logging_mixin.py:190} INFO - [2025-05-15T13:45:59.897-0400] {dagbag.py:588} INFO - Filling up the DagBag from /home/aangava/MSP/airflow_venv/lib/python3.12/site-packages/airflow/example_dags/example_display_name.py
[2025-05-15T13:45:59.908-0400] {processor.py:925} INFO - DAG(s) 'example_display_name' retrieved from /home/aangava/MSP/airflow_venv/lib/python3.12/site-packages/airflow/example_dags/example_display_name.py
[2025-05-15T13:45:59.933-0400] {logging_mixin.py:190} INFO - [2025-05-15T13:45:59.932-0400] {dag.py:3239} INFO - Sync 1 DAGs
[2025-05-15T13:45:59.948-0400] {logging_mixin.py:190} INFO - [2025-05-15T13:45:59.948-0400] {dag.py:4180} INFO - Setting next_dagrun for example_display_name to None, run_after=None
[2025-05-15T13:45:59.978-0400] {processor.py:208} INFO - Processing /home/aangava/MSP/airflow_venv/lib/python3.12/site-packages/airflow/example_dags/example_display_name.py took 0.104 seconds
[2025-05-15T13:46:59.090-0400] {processor.py:186} INFO - Started process (PID=56249) to work on /home/aangava/MSP/airflow_venv/lib/python3.12/site-packages/airflow/example_dags/example_display_name.py
[2025-05-15T13:46:59.093-0400] {processor.py:914} INFO - Processing file /home/aangava/MSP/airflow_venv/lib/python3.12/site-packages/airflow/example_dags/example_display_name.py for tasks to queue
[2025-05-15T13:46:59.094-0400] {logging_mixin.py:190} INFO - [2025-05-15T13:46:59.094-0400] {dagbag.py:588} INFO - Filling up the DagBag from /home/aangava/MSP/airflow_venv/lib/python3.12/site-packages/airflow/example_dags/example_display_name.py
[2025-05-15T13:46:59.101-0400] {processor.py:925} INFO - DAG(s) 'example_display_name' retrieved from /home/aangava/MSP/airflow_venv/lib/python3.12/site-packages/airflow/example_dags/example_display_name.py
[2025-05-15T13:46:59.119-0400] {logging_mixin.py:190} INFO - [2025-05-15T13:46:59.119-0400] {dag.py:3239} INFO - Sync 1 DAGs
[2025-05-15T13:46:59.133-0400] {logging_mixin.py:190} INFO - [2025-05-15T13:46:59.132-0400] {dag.py:4180} INFO - Setting next_dagrun for example_display_name to None, run_after=None
[2025-05-15T13:46:59.154-0400] {processor.py:208} INFO - Processing /home/aangava/MSP/airflow_venv/lib/python3.12/site-packages/airflow/example_dags/example_display_name.py took 0.073 seconds
[2025-05-15T13:48:06.647-0400] {processor.py:186} INFO - Started process (PID=56510) to work on /home/aangava/MSP/airflow_venv/lib/python3.12/site-packages/airflow/example_dags/example_display_name.py
[2025-05-15T13:48:06.659-0400] {processor.py:914} INFO - Processing file /home/aangava/MSP/airflow_venv/lib/python3.12/site-packages/airflow/example_dags/example_display_name.py for tasks to queue
[2025-05-15T13:48:06.661-0400] {logging_mixin.py:190} INFO - [2025-05-15T13:48:06.660-0400] {dagbag.py:588} INFO - Filling up the DagBag from /home/aangava/MSP/airflow_venv/lib/python3.12/site-packages/airflow/example_dags/example_display_name.py
[2025-05-15T13:48:06.672-0400] {processor.py:925} INFO - DAG(s) 'example_display_name' retrieved from /home/aangava/MSP/airflow_venv/lib/python3.12/site-packages/airflow/example_dags/example_display_name.py
[2025-05-15T13:48:06.689-0400] {logging_mixin.py:190} INFO - [2025-05-15T13:48:06.689-0400] {dag.py:3239} INFO - Sync 1 DAGs
[2025-05-15T13:48:06.701-0400] {logging_mixin.py:190} INFO - [2025-05-15T13:48:06.701-0400] {dag.py:4180} INFO - Setting next_dagrun for example_display_name to None, run_after=None
[2025-05-15T13:48:06.723-0400] {processor.py:208} INFO - Processing /home/aangava/MSP/airflow_venv/lib/python3.12/site-packages/airflow/example_dags/example_display_name.py took 0.085 seconds
[2025-05-15T13:58:47.939-0400] {processor.py:186} INFO - Started process (PID=56754) to work on /home/aangava/MSP/airflow_venv/lib/python3.12/site-packages/airflow/example_dags/example_display_name.py
[2025-05-15T13:58:47.945-0400] {processor.py:914} INFO - Processing file /home/aangava/MSP/airflow_venv/lib/python3.12/site-packages/airflow/example_dags/example_display_name.py for tasks to queue
[2025-05-15T13:58:47.946-0400] {logging_mixin.py:190} INFO - [2025-05-15T13:58:47.946-0400] {dagbag.py:588} INFO - Filling up the DagBag from /home/aangava/MSP/airflow_venv/lib/python3.12/site-packages/airflow/example_dags/example_display_name.py
[2025-05-15T13:58:47.955-0400] {processor.py:925} INFO - DAG(s) 'example_display_name' retrieved from /home/aangava/MSP/airflow_venv/lib/python3.12/site-packages/airflow/example_dags/example_display_name.py
[2025-05-15T13:58:47.977-0400] {logging_mixin.py:190} INFO - [2025-05-15T13:58:47.976-0400] {dag.py:3239} INFO - Sync 1 DAGs
[2025-05-15T13:58:47.993-0400] {logging_mixin.py:190} INFO - [2025-05-15T13:58:47.992-0400] {dag.py:4180} INFO - Setting next_dagrun for example_display_name to None, run_after=None
[2025-05-15T13:58:48.017-0400] {processor.py:208} INFO - Processing /home/aangava/MSP/airflow_venv/lib/python3.12/site-packages/airflow/example_dags/example_display_name.py took 0.088 seconds
[2025-05-15T13:59:54.636-0400] {processor.py:186} INFO - Started process (PID=57007) to work on /home/aangava/MSP/airflow_venv/lib/python3.12/site-packages/airflow/example_dags/example_display_name.py
[2025-05-15T13:59:54.649-0400] {processor.py:914} INFO - Processing file /home/aangava/MSP/airflow_venv/lib/python3.12/site-packages/airflow/example_dags/example_display_name.py for tasks to queue
[2025-05-15T13:59:54.652-0400] {logging_mixin.py:190} INFO - [2025-05-15T13:59:54.651-0400] {dagbag.py:588} INFO - Filling up the DagBag from /home/aangava/MSP/airflow_venv/lib/python3.12/site-packages/airflow/example_dags/example_display_name.py
[2025-05-15T13:59:54.663-0400] {processor.py:925} INFO - DAG(s) 'example_display_name' retrieved from /home/aangava/MSP/airflow_venv/lib/python3.12/site-packages/airflow/example_dags/example_display_name.py
[2025-05-15T13:59:54.685-0400] {logging_mixin.py:190} INFO - [2025-05-15T13:59:54.685-0400] {dag.py:3239} INFO - Sync 1 DAGs
[2025-05-15T13:59:54.700-0400] {logging_mixin.py:190} INFO - [2025-05-15T13:59:54.699-0400] {dag.py:4180} INFO - Setting next_dagrun for example_display_name to None, run_after=None
[2025-05-15T13:59:54.734-0400] {processor.py:208} INFO - Processing /home/aangava/MSP/airflow_venv/lib/python3.12/site-packages/airflow/example_dags/example_display_name.py took 0.108 seconds
[2025-05-15T14:00:59.756-0400] {processor.py:186} INFO - Started process (PID=57256) to work on /home/aangava/MSP/airflow_venv/lib/python3.12/site-packages/airflow/example_dags/example_display_name.py
[2025-05-15T14:00:59.767-0400] {processor.py:914} INFO - Processing file /home/aangava/MSP/airflow_venv/lib/python3.12/site-packages/airflow/example_dags/example_display_name.py for tasks to queue
[2025-05-15T14:00:59.770-0400] {logging_mixin.py:190} INFO - [2025-05-15T14:00:59.769-0400] {dagbag.py:588} INFO - Filling up the DagBag from /home/aangava/MSP/airflow_venv/lib/python3.12/site-packages/airflow/example_dags/example_display_name.py
[2025-05-15T14:00:59.780-0400] {processor.py:925} INFO - DAG(s) 'example_display_name' retrieved from /home/aangava/MSP/airflow_venv/lib/python3.12/site-packages/airflow/example_dags/example_display_name.py
[2025-05-15T14:00:59.803-0400] {logging_mixin.py:190} INFO - [2025-05-15T14:00:59.803-0400] {dag.py:3239} INFO - Sync 1 DAGs
[2025-05-15T14:00:59.821-0400] {logging_mixin.py:190} INFO - [2025-05-15T14:00:59.820-0400] {dag.py:4180} INFO - Setting next_dagrun for example_display_name to None, run_after=None
[2025-05-15T14:00:59.845-0400] {processor.py:208} INFO - Processing /home/aangava/MSP/airflow_venv/lib/python3.12/site-packages/airflow/example_dags/example_display_name.py took 0.100 seconds
[2025-05-15T14:57:37.626-0400] {processor.py:186} INFO - Started process (PID=57604) to work on /home/aangava/MSP/airflow_venv/lib/python3.12/site-packages/airflow/example_dags/example_display_name.py
[2025-05-15T14:57:37.638-0400] {processor.py:914} INFO - Processing file /home/aangava/MSP/airflow_venv/lib/python3.12/site-packages/airflow/example_dags/example_display_name.py for tasks to queue
[2025-05-15T14:57:37.641-0400] {logging_mixin.py:190} INFO - [2025-05-15T14:57:37.640-0400] {dagbag.py:588} INFO - Filling up the DagBag from /home/aangava/MSP/airflow_venv/lib/python3.12/site-packages/airflow/example_dags/example_display_name.py
[2025-05-15T14:57:37.650-0400] {processor.py:925} INFO - DAG(s) 'example_display_name' retrieved from /home/aangava/MSP/airflow_venv/lib/python3.12/site-packages/airflow/example_dags/example_display_name.py
[2025-05-15T14:57:37.675-0400] {logging_mixin.py:190} INFO - [2025-05-15T14:57:37.674-0400] {dag.py:3239} INFO - Sync 1 DAGs
[2025-05-15T14:57:37.690-0400] {logging_mixin.py:190} INFO - [2025-05-15T14:57:37.690-0400] {dag.py:4180} INFO - Setting next_dagrun for example_display_name to None, run_after=None
[2025-05-15T14:57:37.716-0400] {processor.py:208} INFO - Processing /home/aangava/MSP/airflow_venv/lib/python3.12/site-packages/airflow/example_dags/example_display_name.py took 0.101 seconds
[2025-05-15T14:58:38.582-0400] {processor.py:186} INFO - Started process (PID=57845) to work on /home/aangava/MSP/airflow_venv/lib/python3.12/site-packages/airflow/example_dags/example_display_name.py
[2025-05-15T14:58:38.594-0400] {processor.py:914} INFO - Processing file /home/aangava/MSP/airflow_venv/lib/python3.12/site-packages/airflow/example_dags/example_display_name.py for tasks to queue
[2025-05-15T14:58:38.597-0400] {logging_mixin.py:190} INFO - [2025-05-15T14:58:38.596-0400] {dagbag.py:588} INFO - Filling up the DagBag from /home/aangava/MSP/airflow_venv/lib/python3.12/site-packages/airflow/example_dags/example_display_name.py
[2025-05-15T14:58:38.608-0400] {processor.py:925} INFO - DAG(s) 'example_display_name' retrieved from /home/aangava/MSP/airflow_venv/lib/python3.12/site-packages/airflow/example_dags/example_display_name.py
[2025-05-15T14:58:38.637-0400] {logging_mixin.py:190} INFO - [2025-05-15T14:58:38.637-0400] {dag.py:3239} INFO - Sync 1 DAGs
[2025-05-15T14:58:38.658-0400] {logging_mixin.py:190} INFO - [2025-05-15T14:58:38.658-0400] {dag.py:4180} INFO - Setting next_dagrun for example_display_name to None, run_after=None
[2025-05-15T14:58:38.686-0400] {processor.py:208} INFO - Processing /home/aangava/MSP/airflow_venv/lib/python3.12/site-packages/airflow/example_dags/example_display_name.py took 0.113 seconds
[2025-05-15T14:59:50.216-0400] {processor.py:186} INFO - Started process (PID=58116) to work on /home/aangava/MSP/airflow_venv/lib/python3.12/site-packages/airflow/example_dags/example_display_name.py
[2025-05-15T14:59:50.228-0400] {processor.py:914} INFO - Processing file /home/aangava/MSP/airflow_venv/lib/python3.12/site-packages/airflow/example_dags/example_display_name.py for tasks to queue
[2025-05-15T14:59:50.231-0400] {logging_mixin.py:190} INFO - [2025-05-15T14:59:50.230-0400] {dagbag.py:588} INFO - Filling up the DagBag from /home/aangava/MSP/airflow_venv/lib/python3.12/site-packages/airflow/example_dags/example_display_name.py
[2025-05-15T14:59:50.241-0400] {processor.py:925} INFO - DAG(s) 'example_display_name' retrieved from /home/aangava/MSP/airflow_venv/lib/python3.12/site-packages/airflow/example_dags/example_display_name.py
[2025-05-15T14:59:50.265-0400] {logging_mixin.py:190} INFO - [2025-05-15T14:59:50.264-0400] {dag.py:3239} INFO - Sync 1 DAGs
[2025-05-15T14:59:50.281-0400] {logging_mixin.py:190} INFO - [2025-05-15T14:59:50.281-0400] {dag.py:4180} INFO - Setting next_dagrun for example_display_name to None, run_after=None
[2025-05-15T14:59:50.318-0400] {processor.py:208} INFO - Processing /home/aangava/MSP/airflow_venv/lib/python3.12/site-packages/airflow/example_dags/example_display_name.py took 0.111 seconds
