[2025-05-14T23:00:16.315-0400] {processor.py:186} INFO - Started process (PID=45494) to work on /home/aangava/MSP/airflow_venv/lib/python3.12/site-packages/airflow/example_dags/tutorial_dag.py
[2025-05-14T23:00:16.317-0400] {processor.py:914} INFO - Processing file /home/aangava/MSP/airflow_venv/lib/python3.12/site-packages/airflow/example_dags/tutorial_dag.py for tasks to queue
[2025-05-14T23:00:16.319-0400] {logging_mixin.py:190} INFO - [2025-05-14T23:00:16.318-0400] {dagbag.py:588} INFO - Filling up the DagBag from /home/aangava/MSP/airflow_venv/lib/python3.12/site-packages/airflow/example_dags/tutorial_dag.py
[2025-05-14T23:00:16.328-0400] {processor.py:925} INFO - DAG(s) 'tutorial_dag' retrieved from /home/aangava/MSP/airflow_venv/lib/python3.12/site-packages/airflow/example_dags/tutorial_dag.py
[2025-05-14T23:00:16.350-0400] {logging_mixin.py:190} INFO - [2025-05-14T23:00:16.349-0400] {dag.py:3239} INFO - Sync 1 DAGs
[2025-05-14T23:00:16.362-0400] {logging_mixin.py:190} INFO - [2025-05-14T23:00:16.361-0400] {dag.py:4180} INFO - Setting next_dagrun for tutorial_dag to None, run_after=None
[2025-05-14T23:00:16.395-0400] {processor.py:208} INFO - Processing /home/aangava/MSP/airflow_venv/lib/python3.12/site-packages/airflow/example_dags/tutorial_dag.py took 0.090 seconds
[2025-05-14T23:01:20.207-0400] {processor.py:186} INFO - Started process (PID=45750) to work on /home/aangava/MSP/airflow_venv/lib/python3.12/site-packages/airflow/example_dags/tutorial_dag.py
[2025-05-14T23:01:20.219-0400] {processor.py:914} INFO - Processing file /home/aangava/MSP/airflow_venv/lib/python3.12/site-packages/airflow/example_dags/tutorial_dag.py for tasks to queue
[2025-05-14T23:01:20.221-0400] {logging_mixin.py:190} INFO - [2025-05-14T23:01:20.221-0400] {dagbag.py:588} INFO - Filling up the DagBag from /home/aangava/MSP/airflow_venv/lib/python3.12/site-packages/airflow/example_dags/tutorial_dag.py
[2025-05-14T23:01:20.231-0400] {processor.py:925} INFO - DAG(s) 'tutorial_dag' retrieved from /home/aangava/MSP/airflow_venv/lib/python3.12/site-packages/airflow/example_dags/tutorial_dag.py
[2025-05-14T23:01:20.258-0400] {logging_mixin.py:190} INFO - [2025-05-14T23:01:20.258-0400] {dag.py:3239} INFO - Sync 1 DAGs
[2025-05-14T23:01:20.272-0400] {logging_mixin.py:190} INFO - [2025-05-14T23:01:20.272-0400] {dag.py:4180} INFO - Setting next_dagrun for tutorial_dag to None, run_after=None
[2025-05-14T23:01:20.295-0400] {processor.py:208} INFO - Processing /home/aangava/MSP/airflow_venv/lib/python3.12/site-packages/airflow/example_dags/tutorial_dag.py took 0.096 seconds
[2025-05-14T23:02:22.316-0400] {processor.py:186} INFO - Started process (PID=45991) to work on /home/aangava/MSP/airflow_venv/lib/python3.12/site-packages/airflow/example_dags/tutorial_dag.py
[2025-05-14T23:02:22.329-0400] {processor.py:914} INFO - Processing file /home/aangava/MSP/airflow_venv/lib/python3.12/site-packages/airflow/example_dags/tutorial_dag.py for tasks to queue
[2025-05-14T23:02:22.331-0400] {logging_mixin.py:190} INFO - [2025-05-14T23:02:22.331-0400] {dagbag.py:588} INFO - Filling up the DagBag from /home/aangava/MSP/airflow_venv/lib/python3.12/site-packages/airflow/example_dags/tutorial_dag.py
[2025-05-14T23:02:22.340-0400] {processor.py:925} INFO - DAG(s) 'tutorial_dag' retrieved from /home/aangava/MSP/airflow_venv/lib/python3.12/site-packages/airflow/example_dags/tutorial_dag.py
[2025-05-14T23:02:22.360-0400] {logging_mixin.py:190} INFO - [2025-05-14T23:02:22.360-0400] {dag.py:3239} INFO - Sync 1 DAGs
[2025-05-14T23:02:22.373-0400] {logging_mixin.py:190} INFO - [2025-05-14T23:02:22.373-0400] {dag.py:4180} INFO - Setting next_dagrun for tutorial_dag to None, run_after=None
[2025-05-14T23:02:22.399-0400] {processor.py:208} INFO - Processing /home/aangava/MSP/airflow_venv/lib/python3.12/site-packages/airflow/example_dags/tutorial_dag.py took 0.094 seconds
[2025-05-14T23:03:23.939-0400] {processor.py:186} INFO - Started process (PID=46236) to work on /home/aangava/MSP/airflow_venv/lib/python3.12/site-packages/airflow/example_dags/tutorial_dag.py
[2025-05-14T23:03:23.952-0400] {processor.py:914} INFO - Processing file /home/aangava/MSP/airflow_venv/lib/python3.12/site-packages/airflow/example_dags/tutorial_dag.py for tasks to queue
[2025-05-14T23:03:23.955-0400] {logging_mixin.py:190} INFO - [2025-05-14T23:03:23.954-0400] {dagbag.py:588} INFO - Filling up the DagBag from /home/aangava/MSP/airflow_venv/lib/python3.12/site-packages/airflow/example_dags/tutorial_dag.py
[2025-05-14T23:03:23.965-0400] {processor.py:925} INFO - DAG(s) 'tutorial_dag' retrieved from /home/aangava/MSP/airflow_venv/lib/python3.12/site-packages/airflow/example_dags/tutorial_dag.py
[2025-05-14T23:03:23.988-0400] {logging_mixin.py:190} INFO - [2025-05-14T23:03:23.987-0400] {dag.py:3239} INFO - Sync 1 DAGs
[2025-05-14T23:03:24.000-0400] {logging_mixin.py:190} INFO - [2025-05-14T23:03:24.000-0400] {dag.py:4180} INFO - Setting next_dagrun for tutorial_dag to None, run_after=None
[2025-05-14T23:03:24.027-0400] {processor.py:208} INFO - Processing /home/aangava/MSP/airflow_venv/lib/python3.12/site-packages/airflow/example_dags/tutorial_dag.py took 0.099 seconds
[2025-05-14T23:04:21.797-0400] {processor.py:186} INFO - Started process (PID=46467) to work on /home/aangava/MSP/airflow_venv/lib/python3.12/site-packages/airflow/example_dags/tutorial_dag.py
[2025-05-14T23:04:21.801-0400] {processor.py:914} INFO - Processing file /home/aangava/MSP/airflow_venv/lib/python3.12/site-packages/airflow/example_dags/tutorial_dag.py for tasks to queue
[2025-05-14T23:04:21.803-0400] {logging_mixin.py:190} INFO - [2025-05-14T23:04:21.802-0400] {dagbag.py:588} INFO - Filling up the DagBag from /home/aangava/MSP/airflow_venv/lib/python3.12/site-packages/airflow/example_dags/tutorial_dag.py
[2025-05-14T23:04:21.812-0400] {processor.py:925} INFO - DAG(s) 'tutorial_dag' retrieved from /home/aangava/MSP/airflow_venv/lib/python3.12/site-packages/airflow/example_dags/tutorial_dag.py
[2025-05-14T23:04:21.838-0400] {logging_mixin.py:190} INFO - [2025-05-14T23:04:21.837-0400] {dag.py:3239} INFO - Sync 1 DAGs
[2025-05-14T23:04:21.865-0400] {logging_mixin.py:190} INFO - [2025-05-14T23:04:21.865-0400] {dag.py:4180} INFO - Setting next_dagrun for tutorial_dag to None, run_after=None
[2025-05-14T23:04:21.900-0400] {processor.py:208} INFO - Processing /home/aangava/MSP/airflow_venv/lib/python3.12/site-packages/airflow/example_dags/tutorial_dag.py took 0.114 seconds
[2025-05-14T23:05:19.415-0400] {processor.py:186} INFO - Started process (PID=46699) to work on /home/aangava/MSP/airflow_venv/lib/python3.12/site-packages/airflow/example_dags/tutorial_dag.py
[2025-05-14T23:05:19.427-0400] {processor.py:914} INFO - Processing file /home/aangava/MSP/airflow_venv/lib/python3.12/site-packages/airflow/example_dags/tutorial_dag.py for tasks to queue
[2025-05-14T23:05:19.429-0400] {logging_mixin.py:190} INFO - [2025-05-14T23:05:19.428-0400] {dagbag.py:588} INFO - Filling up the DagBag from /home/aangava/MSP/airflow_venv/lib/python3.12/site-packages/airflow/example_dags/tutorial_dag.py
[2025-05-14T23:05:19.437-0400] {processor.py:925} INFO - DAG(s) 'tutorial_dag' retrieved from /home/aangava/MSP/airflow_venv/lib/python3.12/site-packages/airflow/example_dags/tutorial_dag.py
[2025-05-14T23:05:19.457-0400] {logging_mixin.py:190} INFO - [2025-05-14T23:05:19.457-0400] {dag.py:3239} INFO - Sync 1 DAGs
[2025-05-14T23:05:19.470-0400] {logging_mixin.py:190} INFO - [2025-05-14T23:05:19.470-0400] {dag.py:4180} INFO - Setting next_dagrun for tutorial_dag to None, run_after=None
[2025-05-14T23:05:19.492-0400] {processor.py:208} INFO - Processing /home/aangava/MSP/airflow_venv/lib/python3.12/site-packages/airflow/example_dags/tutorial_dag.py took 0.091 seconds
[2025-05-14T23:06:23.380-0400] {processor.py:186} INFO - Started process (PID=46973) to work on /home/aangava/MSP/airflow_venv/lib/python3.12/site-packages/airflow/example_dags/tutorial_dag.py
[2025-05-14T23:06:23.382-0400] {processor.py:914} INFO - Processing file /home/aangava/MSP/airflow_venv/lib/python3.12/site-packages/airflow/example_dags/tutorial_dag.py for tasks to queue
[2025-05-14T23:06:23.385-0400] {logging_mixin.py:190} INFO - [2025-05-14T23:06:23.384-0400] {dagbag.py:588} INFO - Filling up the DagBag from /home/aangava/MSP/airflow_venv/lib/python3.12/site-packages/airflow/example_dags/tutorial_dag.py
[2025-05-14T23:06:23.393-0400] {processor.py:925} INFO - DAG(s) 'tutorial_dag' retrieved from /home/aangava/MSP/airflow_venv/lib/python3.12/site-packages/airflow/example_dags/tutorial_dag.py
[2025-05-14T23:06:23.416-0400] {logging_mixin.py:190} INFO - [2025-05-14T23:06:23.416-0400] {dag.py:3239} INFO - Sync 1 DAGs
[2025-05-14T23:06:23.432-0400] {logging_mixin.py:190} INFO - [2025-05-14T23:06:23.432-0400] {dag.py:4180} INFO - Setting next_dagrun for tutorial_dag to None, run_after=None
[2025-05-14T23:06:23.461-0400] {processor.py:208} INFO - Processing /home/aangava/MSP/airflow_venv/lib/python3.12/site-packages/airflow/example_dags/tutorial_dag.py took 0.092 seconds
[2025-05-14T23:07:22.563-0400] {processor.py:186} INFO - Started process (PID=47207) to work on /home/aangava/MSP/airflow_venv/lib/python3.12/site-packages/airflow/example_dags/tutorial_dag.py
[2025-05-14T23:07:22.574-0400] {processor.py:914} INFO - Processing file /home/aangava/MSP/airflow_venv/lib/python3.12/site-packages/airflow/example_dags/tutorial_dag.py for tasks to queue
[2025-05-14T23:07:22.576-0400] {logging_mixin.py:190} INFO - [2025-05-14T23:07:22.576-0400] {dagbag.py:588} INFO - Filling up the DagBag from /home/aangava/MSP/airflow_venv/lib/python3.12/site-packages/airflow/example_dags/tutorial_dag.py
[2025-05-14T23:07:22.584-0400] {processor.py:925} INFO - DAG(s) 'tutorial_dag' retrieved from /home/aangava/MSP/airflow_venv/lib/python3.12/site-packages/airflow/example_dags/tutorial_dag.py
[2025-05-14T23:07:22.607-0400] {logging_mixin.py:190} INFO - [2025-05-14T23:07:22.607-0400] {dag.py:3239} INFO - Sync 1 DAGs
[2025-05-14T23:07:22.619-0400] {logging_mixin.py:190} INFO - [2025-05-14T23:07:22.619-0400] {dag.py:4180} INFO - Setting next_dagrun for tutorial_dag to None, run_after=None
[2025-05-14T23:07:22.643-0400] {processor.py:208} INFO - Processing /home/aangava/MSP/airflow_venv/lib/python3.12/site-packages/airflow/example_dags/tutorial_dag.py took 0.093 seconds
[2025-05-14T23:08:27.408-0400] {processor.py:186} INFO - Started process (PID=47465) to work on /home/aangava/MSP/airflow_venv/lib/python3.12/site-packages/airflow/example_dags/tutorial_dag.py
[2025-05-14T23:08:27.420-0400] {processor.py:914} INFO - Processing file /home/aangava/MSP/airflow_venv/lib/python3.12/site-packages/airflow/example_dags/tutorial_dag.py for tasks to queue
[2025-05-14T23:08:27.423-0400] {logging_mixin.py:190} INFO - [2025-05-14T23:08:27.423-0400] {dagbag.py:588} INFO - Filling up the DagBag from /home/aangava/MSP/airflow_venv/lib/python3.12/site-packages/airflow/example_dags/tutorial_dag.py
[2025-05-14T23:08:27.433-0400] {processor.py:925} INFO - DAG(s) 'tutorial_dag' retrieved from /home/aangava/MSP/airflow_venv/lib/python3.12/site-packages/airflow/example_dags/tutorial_dag.py
[2025-05-14T23:08:27.455-0400] {logging_mixin.py:190} INFO - [2025-05-14T23:08:27.455-0400] {dag.py:3239} INFO - Sync 1 DAGs
[2025-05-14T23:08:27.468-0400] {logging_mixin.py:190} INFO - [2025-05-14T23:08:27.467-0400] {dag.py:4180} INFO - Setting next_dagrun for tutorial_dag to None, run_after=None
[2025-05-14T23:08:27.490-0400] {processor.py:208} INFO - Processing /home/aangava/MSP/airflow_venv/lib/python3.12/site-packages/airflow/example_dags/tutorial_dag.py took 0.092 seconds
[2025-05-14T23:09:28.847-0400] {processor.py:186} INFO - Started process (PID=47709) to work on /home/aangava/MSP/airflow_venv/lib/python3.12/site-packages/airflow/example_dags/tutorial_dag.py
[2025-05-14T23:09:28.859-0400] {processor.py:914} INFO - Processing file /home/aangava/MSP/airflow_venv/lib/python3.12/site-packages/airflow/example_dags/tutorial_dag.py for tasks to queue
[2025-05-14T23:09:28.862-0400] {logging_mixin.py:190} INFO - [2025-05-14T23:09:28.861-0400] {dagbag.py:588} INFO - Filling up the DagBag from /home/aangava/MSP/airflow_venv/lib/python3.12/site-packages/airflow/example_dags/tutorial_dag.py
[2025-05-14T23:09:28.871-0400] {processor.py:925} INFO - DAG(s) 'tutorial_dag' retrieved from /home/aangava/MSP/airflow_venv/lib/python3.12/site-packages/airflow/example_dags/tutorial_dag.py
[2025-05-14T23:09:28.891-0400] {logging_mixin.py:190} INFO - [2025-05-14T23:09:28.891-0400] {dag.py:3239} INFO - Sync 1 DAGs
[2025-05-14T23:09:28.902-0400] {logging_mixin.py:190} INFO - [2025-05-14T23:09:28.902-0400] {dag.py:4180} INFO - Setting next_dagrun for tutorial_dag to None, run_after=None
[2025-05-14T23:09:28.926-0400] {processor.py:208} INFO - Processing /home/aangava/MSP/airflow_venv/lib/python3.12/site-packages/airflow/example_dags/tutorial_dag.py took 0.089 seconds
[2025-05-14T23:10:33.804-0400] {processor.py:186} INFO - Started process (PID=47968) to work on /home/aangava/MSP/airflow_venv/lib/python3.12/site-packages/airflow/example_dags/tutorial_dag.py
[2025-05-14T23:10:33.816-0400] {processor.py:914} INFO - Processing file /home/aangava/MSP/airflow_venv/lib/python3.12/site-packages/airflow/example_dags/tutorial_dag.py for tasks to queue
[2025-05-14T23:10:33.819-0400] {logging_mixin.py:190} INFO - [2025-05-14T23:10:33.818-0400] {dagbag.py:588} INFO - Filling up the DagBag from /home/aangava/MSP/airflow_venv/lib/python3.12/site-packages/airflow/example_dags/tutorial_dag.py
[2025-05-14T23:10:33.828-0400] {processor.py:925} INFO - DAG(s) 'tutorial_dag' retrieved from /home/aangava/MSP/airflow_venv/lib/python3.12/site-packages/airflow/example_dags/tutorial_dag.py
[2025-05-14T23:10:33.848-0400] {logging_mixin.py:190} INFO - [2025-05-14T23:10:33.848-0400] {dag.py:3239} INFO - Sync 1 DAGs
[2025-05-14T23:10:33.859-0400] {logging_mixin.py:190} INFO - [2025-05-14T23:10:33.859-0400] {dag.py:4180} INFO - Setting next_dagrun for tutorial_dag to None, run_after=None
[2025-05-14T23:10:33.885-0400] {processor.py:208} INFO - Processing /home/aangava/MSP/airflow_venv/lib/python3.12/site-packages/airflow/example_dags/tutorial_dag.py took 0.090 seconds
[2025-05-14T23:11:34.565-0400] {processor.py:186} INFO - Started process (PID=48219) to work on /home/aangava/MSP/airflow_venv/lib/python3.12/site-packages/airflow/example_dags/tutorial_dag.py
[2025-05-14T23:11:34.578-0400] {processor.py:914} INFO - Processing file /home/aangava/MSP/airflow_venv/lib/python3.12/site-packages/airflow/example_dags/tutorial_dag.py for tasks to queue
[2025-05-14T23:11:34.581-0400] {logging_mixin.py:190} INFO - [2025-05-14T23:11:34.580-0400] {dagbag.py:588} INFO - Filling up the DagBag from /home/aangava/MSP/airflow_venv/lib/python3.12/site-packages/airflow/example_dags/tutorial_dag.py
[2025-05-14T23:11:34.589-0400] {processor.py:925} INFO - DAG(s) 'tutorial_dag' retrieved from /home/aangava/MSP/airflow_venv/lib/python3.12/site-packages/airflow/example_dags/tutorial_dag.py
[2025-05-14T23:11:34.612-0400] {logging_mixin.py:190} INFO - [2025-05-14T23:11:34.611-0400] {dag.py:3239} INFO - Sync 1 DAGs
[2025-05-14T23:11:34.629-0400] {logging_mixin.py:190} INFO - [2025-05-14T23:11:34.628-0400] {dag.py:4180} INFO - Setting next_dagrun for tutorial_dag to None, run_after=None
[2025-05-14T23:11:34.655-0400] {processor.py:208} INFO - Processing /home/aangava/MSP/airflow_venv/lib/python3.12/site-packages/airflow/example_dags/tutorial_dag.py took 0.100 seconds
[2025-05-14T23:12:42.466-0400] {processor.py:186} INFO - Started process (PID=48484) to work on /home/aangava/MSP/airflow_venv/lib/python3.12/site-packages/airflow/example_dags/tutorial_dag.py
[2025-05-14T23:12:42.478-0400] {processor.py:914} INFO - Processing file /home/aangava/MSP/airflow_venv/lib/python3.12/site-packages/airflow/example_dags/tutorial_dag.py for tasks to queue
[2025-05-14T23:12:42.481-0400] {logging_mixin.py:190} INFO - [2025-05-14T23:12:42.480-0400] {dagbag.py:588} INFO - Filling up the DagBag from /home/aangava/MSP/airflow_venv/lib/python3.12/site-packages/airflow/example_dags/tutorial_dag.py
[2025-05-14T23:12:42.490-0400] {processor.py:925} INFO - DAG(s) 'tutorial_dag' retrieved from /home/aangava/MSP/airflow_venv/lib/python3.12/site-packages/airflow/example_dags/tutorial_dag.py
[2025-05-14T23:12:42.510-0400] {logging_mixin.py:190} INFO - [2025-05-14T23:12:42.510-0400] {dag.py:3239} INFO - Sync 1 DAGs
[2025-05-14T23:12:42.521-0400] {logging_mixin.py:190} INFO - [2025-05-14T23:12:42.521-0400] {dag.py:4180} INFO - Setting next_dagrun for tutorial_dag to None, run_after=None
[2025-05-14T23:12:42.545-0400] {processor.py:208} INFO - Processing /home/aangava/MSP/airflow_venv/lib/python3.12/site-packages/airflow/example_dags/tutorial_dag.py took 0.091 seconds
[2025-05-14T23:13:40.640-0400] {processor.py:186} INFO - Started process (PID=48718) to work on /home/aangava/MSP/airflow_venv/lib/python3.12/site-packages/airflow/example_dags/tutorial_dag.py
[2025-05-14T23:13:40.643-0400] {processor.py:914} INFO - Processing file /home/aangava/MSP/airflow_venv/lib/python3.12/site-packages/airflow/example_dags/tutorial_dag.py for tasks to queue
[2025-05-14T23:13:40.645-0400] {logging_mixin.py:190} INFO - [2025-05-14T23:13:40.644-0400] {dagbag.py:588} INFO - Filling up the DagBag from /home/aangava/MSP/airflow_venv/lib/python3.12/site-packages/airflow/example_dags/tutorial_dag.py
[2025-05-14T23:13:40.654-0400] {processor.py:925} INFO - DAG(s) 'tutorial_dag' retrieved from /home/aangava/MSP/airflow_venv/lib/python3.12/site-packages/airflow/example_dags/tutorial_dag.py
[2025-05-14T23:13:40.676-0400] {logging_mixin.py:190} INFO - [2025-05-14T23:13:40.676-0400] {dag.py:3239} INFO - Sync 1 DAGs
[2025-05-14T23:13:40.689-0400] {logging_mixin.py:190} INFO - [2025-05-14T23:13:40.689-0400] {dag.py:4180} INFO - Setting next_dagrun for tutorial_dag to None, run_after=None
[2025-05-14T23:13:40.711-0400] {processor.py:208} INFO - Processing /home/aangava/MSP/airflow_venv/lib/python3.12/site-packages/airflow/example_dags/tutorial_dag.py took 0.087 seconds
[2025-05-14T23:14:44.700-0400] {processor.py:186} INFO - Started process (PID=48973) to work on /home/aangava/MSP/airflow_venv/lib/python3.12/site-packages/airflow/example_dags/tutorial_dag.py
[2025-05-14T23:14:44.711-0400] {processor.py:914} INFO - Processing file /home/aangava/MSP/airflow_venv/lib/python3.12/site-packages/airflow/example_dags/tutorial_dag.py for tasks to queue
[2025-05-14T23:14:44.715-0400] {logging_mixin.py:190} INFO - [2025-05-14T23:14:44.714-0400] {dagbag.py:588} INFO - Filling up the DagBag from /home/aangava/MSP/airflow_venv/lib/python3.12/site-packages/airflow/example_dags/tutorial_dag.py
[2025-05-14T23:14:44.724-0400] {processor.py:925} INFO - DAG(s) 'tutorial_dag' retrieved from /home/aangava/MSP/airflow_venv/lib/python3.12/site-packages/airflow/example_dags/tutorial_dag.py
[2025-05-14T23:14:44.741-0400] {logging_mixin.py:190} INFO - [2025-05-14T23:14:44.741-0400] {dag.py:3239} INFO - Sync 1 DAGs
[2025-05-14T23:14:44.752-0400] {logging_mixin.py:190} INFO - [2025-05-14T23:14:44.752-0400] {dag.py:4180} INFO - Setting next_dagrun for tutorial_dag to None, run_after=None
[2025-05-14T23:14:44.774-0400] {processor.py:208} INFO - Processing /home/aangava/MSP/airflow_venv/lib/python3.12/site-packages/airflow/example_dags/tutorial_dag.py took 0.084 seconds
[2025-05-14T23:15:47.183-0400] {processor.py:186} INFO - Started process (PID=49229) to work on /home/aangava/MSP/airflow_venv/lib/python3.12/site-packages/airflow/example_dags/tutorial_dag.py
[2025-05-14T23:15:47.196-0400] {processor.py:914} INFO - Processing file /home/aangava/MSP/airflow_venv/lib/python3.12/site-packages/airflow/example_dags/tutorial_dag.py for tasks to queue
[2025-05-14T23:15:47.199-0400] {logging_mixin.py:190} INFO - [2025-05-14T23:15:47.198-0400] {dagbag.py:588} INFO - Filling up the DagBag from /home/aangava/MSP/airflow_venv/lib/python3.12/site-packages/airflow/example_dags/tutorial_dag.py
[2025-05-14T23:15:47.209-0400] {processor.py:925} INFO - DAG(s) 'tutorial_dag' retrieved from /home/aangava/MSP/airflow_venv/lib/python3.12/site-packages/airflow/example_dags/tutorial_dag.py
[2025-05-14T23:15:47.231-0400] {logging_mixin.py:190} INFO - [2025-05-14T23:15:47.231-0400] {dag.py:3239} INFO - Sync 1 DAGs
[2025-05-14T23:15:47.244-0400] {logging_mixin.py:190} INFO - [2025-05-14T23:15:47.244-0400] {dag.py:4180} INFO - Setting next_dagrun for tutorial_dag to None, run_after=None
[2025-05-14T23:15:47.270-0400] {processor.py:208} INFO - Processing /home/aangava/MSP/airflow_venv/lib/python3.12/site-packages/airflow/example_dags/tutorial_dag.py took 0.096 seconds
[2025-05-14T23:16:50.014-0400] {processor.py:186} INFO - Started process (PID=49479) to work on /home/aangava/MSP/airflow_venv/lib/python3.12/site-packages/airflow/example_dags/tutorial_dag.py
[2025-05-14T23:16:50.015-0400] {processor.py:914} INFO - Processing file /home/aangava/MSP/airflow_venv/lib/python3.12/site-packages/airflow/example_dags/tutorial_dag.py for tasks to queue
[2025-05-14T23:16:50.016-0400] {logging_mixin.py:190} INFO - [2025-05-14T23:16:50.016-0400] {dagbag.py:588} INFO - Filling up the DagBag from /home/aangava/MSP/airflow_venv/lib/python3.12/site-packages/airflow/example_dags/tutorial_dag.py
[2025-05-14T23:16:50.020-0400] {processor.py:925} INFO - DAG(s) 'tutorial_dag' retrieved from /home/aangava/MSP/airflow_venv/lib/python3.12/site-packages/airflow/example_dags/tutorial_dag.py
[2025-05-14T23:16:50.030-0400] {logging_mixin.py:190} INFO - [2025-05-14T23:16:50.030-0400] {dag.py:3239} INFO - Sync 1 DAGs
[2025-05-14T23:16:50.037-0400] {logging_mixin.py:190} INFO - [2025-05-14T23:16:50.037-0400] {dag.py:4180} INFO - Setting next_dagrun for tutorial_dag to None, run_after=None
[2025-05-14T23:16:50.052-0400] {processor.py:208} INFO - Processing /home/aangava/MSP/airflow_venv/lib/python3.12/site-packages/airflow/example_dags/tutorial_dag.py took 0.042 seconds
[2025-05-14T23:17:50.195-0400] {processor.py:186} INFO - Started process (PID=49722) to work on /home/aangava/MSP/airflow_venv/lib/python3.12/site-packages/airflow/example_dags/tutorial_dag.py
[2025-05-14T23:17:50.208-0400] {processor.py:914} INFO - Processing file /home/aangava/MSP/airflow_venv/lib/python3.12/site-packages/airflow/example_dags/tutorial_dag.py for tasks to queue
[2025-05-14T23:17:50.211-0400] {logging_mixin.py:190} INFO - [2025-05-14T23:17:50.210-0400] {dagbag.py:588} INFO - Filling up the DagBag from /home/aangava/MSP/airflow_venv/lib/python3.12/site-packages/airflow/example_dags/tutorial_dag.py
[2025-05-14T23:17:50.220-0400] {processor.py:925} INFO - DAG(s) 'tutorial_dag' retrieved from /home/aangava/MSP/airflow_venv/lib/python3.12/site-packages/airflow/example_dags/tutorial_dag.py
[2025-05-14T23:17:50.238-0400] {logging_mixin.py:190} INFO - [2025-05-14T23:17:50.238-0400] {dag.py:3239} INFO - Sync 1 DAGs
[2025-05-14T23:17:50.249-0400] {logging_mixin.py:190} INFO - [2025-05-14T23:17:50.249-0400] {dag.py:4180} INFO - Setting next_dagrun for tutorial_dag to None, run_after=None
[2025-05-14T23:17:50.273-0400] {processor.py:208} INFO - Processing /home/aangava/MSP/airflow_venv/lib/python3.12/site-packages/airflow/example_dags/tutorial_dag.py took 0.086 seconds
[2025-05-14T23:18:49.033-0400] {processor.py:186} INFO - Started process (PID=49955) to work on /home/aangava/MSP/airflow_venv/lib/python3.12/site-packages/airflow/example_dags/tutorial_dag.py
[2025-05-14T23:18:49.045-0400] {processor.py:914} INFO - Processing file /home/aangava/MSP/airflow_venv/lib/python3.12/site-packages/airflow/example_dags/tutorial_dag.py for tasks to queue
[2025-05-14T23:18:49.048-0400] {logging_mixin.py:190} INFO - [2025-05-14T23:18:49.047-0400] {dagbag.py:588} INFO - Filling up the DagBag from /home/aangava/MSP/airflow_venv/lib/python3.12/site-packages/airflow/example_dags/tutorial_dag.py
[2025-05-14T23:18:49.057-0400] {processor.py:925} INFO - DAG(s) 'tutorial_dag' retrieved from /home/aangava/MSP/airflow_venv/lib/python3.12/site-packages/airflow/example_dags/tutorial_dag.py
[2025-05-14T23:18:49.077-0400] {logging_mixin.py:190} INFO - [2025-05-14T23:18:49.077-0400] {dag.py:3239} INFO - Sync 1 DAGs
[2025-05-14T23:18:49.089-0400] {logging_mixin.py:190} INFO - [2025-05-14T23:18:49.089-0400] {dag.py:4180} INFO - Setting next_dagrun for tutorial_dag to None, run_after=None
[2025-05-14T23:18:49.114-0400] {processor.py:208} INFO - Processing /home/aangava/MSP/airflow_venv/lib/python3.12/site-packages/airflow/example_dags/tutorial_dag.py took 0.092 seconds
[2025-05-14T23:19:51.856-0400] {processor.py:186} INFO - Started process (PID=50205) to work on /home/aangava/MSP/airflow_venv/lib/python3.12/site-packages/airflow/example_dags/tutorial_dag.py
[2025-05-14T23:19:51.858-0400] {processor.py:914} INFO - Processing file /home/aangava/MSP/airflow_venv/lib/python3.12/site-packages/airflow/example_dags/tutorial_dag.py for tasks to queue
[2025-05-14T23:19:51.860-0400] {logging_mixin.py:190} INFO - [2025-05-14T23:19:51.860-0400] {dagbag.py:588} INFO - Filling up the DagBag from /home/aangava/MSP/airflow_venv/lib/python3.12/site-packages/airflow/example_dags/tutorial_dag.py
[2025-05-14T23:19:51.869-0400] {processor.py:925} INFO - DAG(s) 'tutorial_dag' retrieved from /home/aangava/MSP/airflow_venv/lib/python3.12/site-packages/airflow/example_dags/tutorial_dag.py
[2025-05-14T23:19:51.888-0400] {logging_mixin.py:190} INFO - [2025-05-14T23:19:51.887-0400] {dag.py:3239} INFO - Sync 1 DAGs
[2025-05-14T23:19:51.900-0400] {logging_mixin.py:190} INFO - [2025-05-14T23:19:51.900-0400] {dag.py:4180} INFO - Setting next_dagrun for tutorial_dag to None, run_after=None
[2025-05-14T23:19:51.926-0400] {processor.py:208} INFO - Processing /home/aangava/MSP/airflow_venv/lib/python3.12/site-packages/airflow/example_dags/tutorial_dag.py took 0.079 seconds
[2025-05-14T23:20:57.045-0400] {processor.py:186} INFO - Started process (PID=50471) to work on /home/aangava/MSP/airflow_venv/lib/python3.12/site-packages/airflow/example_dags/tutorial_dag.py
[2025-05-14T23:20:57.047-0400] {processor.py:914} INFO - Processing file /home/aangava/MSP/airflow_venv/lib/python3.12/site-packages/airflow/example_dags/tutorial_dag.py for tasks to queue
[2025-05-14T23:20:57.049-0400] {logging_mixin.py:190} INFO - [2025-05-14T23:20:57.048-0400] {dagbag.py:588} INFO - Filling up the DagBag from /home/aangava/MSP/airflow_venv/lib/python3.12/site-packages/airflow/example_dags/tutorial_dag.py
[2025-05-14T23:20:57.055-0400] {processor.py:925} INFO - DAG(s) 'tutorial_dag' retrieved from /home/aangava/MSP/airflow_venv/lib/python3.12/site-packages/airflow/example_dags/tutorial_dag.py
[2025-05-14T23:20:57.075-0400] {logging_mixin.py:190} INFO - [2025-05-14T23:20:57.075-0400] {dag.py:3239} INFO - Sync 1 DAGs
[2025-05-14T23:20:57.088-0400] {logging_mixin.py:190} INFO - [2025-05-14T23:20:57.088-0400] {dag.py:4180} INFO - Setting next_dagrun for tutorial_dag to None, run_after=None
[2025-05-14T23:20:57.116-0400] {processor.py:208} INFO - Processing /home/aangava/MSP/airflow_venv/lib/python3.12/site-packages/airflow/example_dags/tutorial_dag.py took 0.079 seconds
[2025-05-14T23:22:00.699-0400] {processor.py:186} INFO - Started process (PID=50720) to work on /home/aangava/MSP/airflow_venv/lib/python3.12/site-packages/airflow/example_dags/tutorial_dag.py
[2025-05-14T23:22:00.710-0400] {processor.py:914} INFO - Processing file /home/aangava/MSP/airflow_venv/lib/python3.12/site-packages/airflow/example_dags/tutorial_dag.py for tasks to queue
[2025-05-14T23:22:00.712-0400] {logging_mixin.py:190} INFO - [2025-05-14T23:22:00.711-0400] {dagbag.py:588} INFO - Filling up the DagBag from /home/aangava/MSP/airflow_venv/lib/python3.12/site-packages/airflow/example_dags/tutorial_dag.py
[2025-05-14T23:22:00.722-0400] {processor.py:925} INFO - DAG(s) 'tutorial_dag' retrieved from /home/aangava/MSP/airflow_venv/lib/python3.12/site-packages/airflow/example_dags/tutorial_dag.py
[2025-05-14T23:22:00.742-0400] {logging_mixin.py:190} INFO - [2025-05-14T23:22:00.742-0400] {dag.py:3239} INFO - Sync 1 DAGs
[2025-05-14T23:22:00.753-0400] {logging_mixin.py:190} INFO - [2025-05-14T23:22:00.753-0400] {dag.py:4180} INFO - Setting next_dagrun for tutorial_dag to None, run_after=None
[2025-05-14T23:22:00.775-0400] {processor.py:208} INFO - Processing /home/aangava/MSP/airflow_venv/lib/python3.12/site-packages/airflow/example_dags/tutorial_dag.py took 0.082 seconds
[2025-05-14T23:24:41.766-0400] {processor.py:186} INFO - Started process (PID=51040) to work on /home/aangava/MSP/airflow_venv/lib/python3.12/site-packages/airflow/example_dags/tutorial_dag.py
[2025-05-14T23:24:41.778-0400] {processor.py:914} INFO - Processing file /home/aangava/MSP/airflow_venv/lib/python3.12/site-packages/airflow/example_dags/tutorial_dag.py for tasks to queue
[2025-05-14T23:24:41.781-0400] {logging_mixin.py:190} INFO - [2025-05-14T23:24:41.780-0400] {dagbag.py:588} INFO - Filling up the DagBag from /home/aangava/MSP/airflow_venv/lib/python3.12/site-packages/airflow/example_dags/tutorial_dag.py
[2025-05-14T23:24:41.788-0400] {processor.py:925} INFO - DAG(s) 'tutorial_dag' retrieved from /home/aangava/MSP/airflow_venv/lib/python3.12/site-packages/airflow/example_dags/tutorial_dag.py
[2025-05-14T23:24:41.807-0400] {logging_mixin.py:190} INFO - [2025-05-14T23:24:41.806-0400] {dag.py:3239} INFO - Sync 1 DAGs
[2025-05-14T23:24:41.819-0400] {logging_mixin.py:190} INFO - [2025-05-14T23:24:41.819-0400] {dag.py:4180} INFO - Setting next_dagrun for tutorial_dag to None, run_after=None
[2025-05-14T23:24:41.843-0400] {processor.py:208} INFO - Processing /home/aangava/MSP/airflow_venv/lib/python3.12/site-packages/airflow/example_dags/tutorial_dag.py took 0.085 seconds
[2025-05-14T23:25:45.239-0400] {processor.py:186} INFO - Started process (PID=51289) to work on /home/aangava/MSP/airflow_venv/lib/python3.12/site-packages/airflow/example_dags/tutorial_dag.py
[2025-05-14T23:25:45.243-0400] {processor.py:914} INFO - Processing file /home/aangava/MSP/airflow_venv/lib/python3.12/site-packages/airflow/example_dags/tutorial_dag.py for tasks to queue
[2025-05-14T23:25:45.245-0400] {logging_mixin.py:190} INFO - [2025-05-14T23:25:45.244-0400] {dagbag.py:588} INFO - Filling up the DagBag from /home/aangava/MSP/airflow_venv/lib/python3.12/site-packages/airflow/example_dags/tutorial_dag.py
[2025-05-14T23:25:45.254-0400] {processor.py:925} INFO - DAG(s) 'tutorial_dag' retrieved from /home/aangava/MSP/airflow_venv/lib/python3.12/site-packages/airflow/example_dags/tutorial_dag.py
[2025-05-14T23:25:45.278-0400] {logging_mixin.py:190} INFO - [2025-05-14T23:25:45.277-0400] {dag.py:3239} INFO - Sync 1 DAGs
[2025-05-14T23:25:45.295-0400] {logging_mixin.py:190} INFO - [2025-05-14T23:25:45.295-0400] {dag.py:4180} INFO - Setting next_dagrun for tutorial_dag to None, run_after=None
[2025-05-14T23:25:45.321-0400] {processor.py:208} INFO - Processing /home/aangava/MSP/airflow_venv/lib/python3.12/site-packages/airflow/example_dags/tutorial_dag.py took 0.092 seconds
[2025-05-14T23:26:50.057-0400] {processor.py:186} INFO - Started process (PID=51543) to work on /home/aangava/MSP/airflow_venv/lib/python3.12/site-packages/airflow/example_dags/tutorial_dag.py
[2025-05-14T23:26:50.068-0400] {processor.py:914} INFO - Processing file /home/aangava/MSP/airflow_venv/lib/python3.12/site-packages/airflow/example_dags/tutorial_dag.py for tasks to queue
[2025-05-14T23:26:50.070-0400] {logging_mixin.py:190} INFO - [2025-05-14T23:26:50.069-0400] {dagbag.py:588} INFO - Filling up the DagBag from /home/aangava/MSP/airflow_venv/lib/python3.12/site-packages/airflow/example_dags/tutorial_dag.py
[2025-05-14T23:26:50.076-0400] {processor.py:925} INFO - DAG(s) 'tutorial_dag' retrieved from /home/aangava/MSP/airflow_venv/lib/python3.12/site-packages/airflow/example_dags/tutorial_dag.py
[2025-05-14T23:26:50.094-0400] {logging_mixin.py:190} INFO - [2025-05-14T23:26:50.094-0400] {dag.py:3239} INFO - Sync 1 DAGs
[2025-05-14T23:26:50.110-0400] {logging_mixin.py:190} INFO - [2025-05-14T23:26:50.110-0400] {dag.py:4180} INFO - Setting next_dagrun for tutorial_dag to None, run_after=None
[2025-05-14T23:26:50.136-0400] {processor.py:208} INFO - Processing /home/aangava/MSP/airflow_venv/lib/python3.12/site-packages/airflow/example_dags/tutorial_dag.py took 0.085 seconds
[2025-05-14T23:28:52.167-0400] {processor.py:186} INFO - Started process (PID=51936) to work on /home/aangava/MSP/airflow_venv/lib/python3.12/site-packages/airflow/example_dags/tutorial_dag.py
[2025-05-14T23:28:52.178-0400] {processor.py:914} INFO - Processing file /home/aangava/MSP/airflow_venv/lib/python3.12/site-packages/airflow/example_dags/tutorial_dag.py for tasks to queue
[2025-05-14T23:28:52.181-0400] {logging_mixin.py:190} INFO - [2025-05-14T23:28:52.180-0400] {dagbag.py:588} INFO - Filling up the DagBag from /home/aangava/MSP/airflow_venv/lib/python3.12/site-packages/airflow/example_dags/tutorial_dag.py
[2025-05-14T23:28:52.190-0400] {processor.py:925} INFO - DAG(s) 'tutorial_dag' retrieved from /home/aangava/MSP/airflow_venv/lib/python3.12/site-packages/airflow/example_dags/tutorial_dag.py
[2025-05-14T23:28:52.207-0400] {logging_mixin.py:190} INFO - [2025-05-14T23:28:52.207-0400] {dag.py:3239} INFO - Sync 1 DAGs
[2025-05-14T23:28:52.218-0400] {logging_mixin.py:190} INFO - [2025-05-14T23:28:52.218-0400] {dag.py:4180} INFO - Setting next_dagrun for tutorial_dag to None, run_after=None
[2025-05-14T23:28:52.240-0400] {processor.py:208} INFO - Processing /home/aangava/MSP/airflow_venv/lib/python3.12/site-packages/airflow/example_dags/tutorial_dag.py took 0.082 seconds
[2025-05-14T23:30:01.557-0400] {processor.py:186} INFO - Started process (PID=52208) to work on /home/aangava/MSP/airflow_venv/lib/python3.12/site-packages/airflow/example_dags/tutorial_dag.py
[2025-05-14T23:30:01.570-0400] {processor.py:914} INFO - Processing file /home/aangava/MSP/airflow_venv/lib/python3.12/site-packages/airflow/example_dags/tutorial_dag.py for tasks to queue
[2025-05-14T23:30:01.574-0400] {logging_mixin.py:190} INFO - [2025-05-14T23:30:01.573-0400] {dagbag.py:588} INFO - Filling up the DagBag from /home/aangava/MSP/airflow_venv/lib/python3.12/site-packages/airflow/example_dags/tutorial_dag.py
[2025-05-14T23:30:01.584-0400] {processor.py:925} INFO - DAG(s) 'tutorial_dag' retrieved from /home/aangava/MSP/airflow_venv/lib/python3.12/site-packages/airflow/example_dags/tutorial_dag.py
[2025-05-14T23:30:01.606-0400] {logging_mixin.py:190} INFO - [2025-05-14T23:30:01.606-0400] {dag.py:3239} INFO - Sync 1 DAGs
[2025-05-14T23:30:01.620-0400] {logging_mixin.py:190} INFO - [2025-05-14T23:30:01.620-0400] {dag.py:4180} INFO - Setting next_dagrun for tutorial_dag to None, run_after=None
[2025-05-14T23:30:01.648-0400] {processor.py:208} INFO - Processing /home/aangava/MSP/airflow_venv/lib/python3.12/site-packages/airflow/example_dags/tutorial_dag.py took 0.100 seconds
[2025-05-14T23:31:05.172-0400] {processor.py:186} INFO - Started process (PID=52461) to work on /home/aangava/MSP/airflow_venv/lib/python3.12/site-packages/airflow/example_dags/tutorial_dag.py
[2025-05-14T23:31:05.185-0400] {processor.py:914} INFO - Processing file /home/aangava/MSP/airflow_venv/lib/python3.12/site-packages/airflow/example_dags/tutorial_dag.py for tasks to queue
[2025-05-14T23:31:05.186-0400] {logging_mixin.py:190} INFO - [2025-05-14T23:31:05.186-0400] {dagbag.py:588} INFO - Filling up the DagBag from /home/aangava/MSP/airflow_venv/lib/python3.12/site-packages/airflow/example_dags/tutorial_dag.py
[2025-05-14T23:31:05.193-0400] {processor.py:925} INFO - DAG(s) 'tutorial_dag' retrieved from /home/aangava/MSP/airflow_venv/lib/python3.12/site-packages/airflow/example_dags/tutorial_dag.py
[2025-05-14T23:31:05.211-0400] {logging_mixin.py:190} INFO - [2025-05-14T23:31:05.211-0400] {dag.py:3239} INFO - Sync 1 DAGs
[2025-05-14T23:31:05.416-0400] {logging_mixin.py:190} INFO - [2025-05-14T23:31:05.415-0400] {dag.py:4180} INFO - Setting next_dagrun for tutorial_dag to None, run_after=None
[2025-05-14T23:31:05.446-0400] {processor.py:208} INFO - Processing /home/aangava/MSP/airflow_venv/lib/python3.12/site-packages/airflow/example_dags/tutorial_dag.py took 0.283 seconds
[2025-05-14T23:32:19.130-0400] {processor.py:186} INFO - Started process (PID=52753) to work on /home/aangava/MSP/airflow_venv/lib/python3.12/site-packages/airflow/example_dags/tutorial_dag.py
[2025-05-14T23:32:19.143-0400] {processor.py:914} INFO - Processing file /home/aangava/MSP/airflow_venv/lib/python3.12/site-packages/airflow/example_dags/tutorial_dag.py for tasks to queue
[2025-05-14T23:32:19.148-0400] {logging_mixin.py:190} INFO - [2025-05-14T23:32:19.147-0400] {dagbag.py:588} INFO - Filling up the DagBag from /home/aangava/MSP/airflow_venv/lib/python3.12/site-packages/airflow/example_dags/tutorial_dag.py
[2025-05-14T23:32:19.158-0400] {processor.py:925} INFO - DAG(s) 'tutorial_dag' retrieved from /home/aangava/MSP/airflow_venv/lib/python3.12/site-packages/airflow/example_dags/tutorial_dag.py
[2025-05-14T23:32:19.176-0400] {logging_mixin.py:190} INFO - [2025-05-14T23:32:19.176-0400] {dag.py:3239} INFO - Sync 1 DAGs
[2025-05-14T23:32:19.189-0400] {logging_mixin.py:190} INFO - [2025-05-14T23:32:19.189-0400] {dag.py:4180} INFO - Setting next_dagrun for tutorial_dag to None, run_after=None
[2025-05-14T23:32:19.217-0400] {processor.py:208} INFO - Processing /home/aangava/MSP/airflow_venv/lib/python3.12/site-packages/airflow/example_dags/tutorial_dag.py took 0.098 seconds
[2025-05-14T23:33:28.384-0400] {processor.py:186} INFO - Started process (PID=53021) to work on /home/aangava/MSP/airflow_venv/lib/python3.12/site-packages/airflow/example_dags/tutorial_dag.py
[2025-05-14T23:33:28.395-0400] {processor.py:914} INFO - Processing file /home/aangava/MSP/airflow_venv/lib/python3.12/site-packages/airflow/example_dags/tutorial_dag.py for tasks to queue
[2025-05-14T23:33:28.397-0400] {logging_mixin.py:190} INFO - [2025-05-14T23:33:28.396-0400] {dagbag.py:588} INFO - Filling up the DagBag from /home/aangava/MSP/airflow_venv/lib/python3.12/site-packages/airflow/example_dags/tutorial_dag.py
[2025-05-14T23:33:28.407-0400] {processor.py:925} INFO - DAG(s) 'tutorial_dag' retrieved from /home/aangava/MSP/airflow_venv/lib/python3.12/site-packages/airflow/example_dags/tutorial_dag.py
[2025-05-14T23:33:28.426-0400] {logging_mixin.py:190} INFO - [2025-05-14T23:33:28.425-0400] {dag.py:3239} INFO - Sync 1 DAGs
[2025-05-14T23:33:28.436-0400] {logging_mixin.py:190} INFO - [2025-05-14T23:33:28.436-0400] {dag.py:4180} INFO - Setting next_dagrun for tutorial_dag to None, run_after=None
[2025-05-14T23:33:28.458-0400] {processor.py:208} INFO - Processing /home/aangava/MSP/airflow_venv/lib/python3.12/site-packages/airflow/example_dags/tutorial_dag.py took 0.085 seconds
[2025-05-14T23:39:55.869-0400] {processor.py:186} INFO - Started process (PID=53370) to work on /home/aangava/MSP/airflow_venv/lib/python3.12/site-packages/airflow/example_dags/tutorial_dag.py
[2025-05-14T23:39:55.881-0400] {processor.py:914} INFO - Processing file /home/aangava/MSP/airflow_venv/lib/python3.12/site-packages/airflow/example_dags/tutorial_dag.py for tasks to queue
[2025-05-14T23:39:55.884-0400] {logging_mixin.py:190} INFO - [2025-05-14T23:39:55.883-0400] {dagbag.py:588} INFO - Filling up the DagBag from /home/aangava/MSP/airflow_venv/lib/python3.12/site-packages/airflow/example_dags/tutorial_dag.py
[2025-05-14T23:39:55.892-0400] {processor.py:925} INFO - DAG(s) 'tutorial_dag' retrieved from /home/aangava/MSP/airflow_venv/lib/python3.12/site-packages/airflow/example_dags/tutorial_dag.py
[2025-05-14T23:39:55.914-0400] {logging_mixin.py:190} INFO - [2025-05-14T23:39:55.913-0400] {dag.py:3239} INFO - Sync 1 DAGs
[2025-05-14T23:39:55.928-0400] {logging_mixin.py:190} INFO - [2025-05-14T23:39:55.928-0400] {dag.py:4180} INFO - Setting next_dagrun for tutorial_dag to None, run_after=None
[2025-05-14T23:39:55.950-0400] {processor.py:208} INFO - Processing /home/aangava/MSP/airflow_venv/lib/python3.12/site-packages/airflow/example_dags/tutorial_dag.py took 0.092 seconds
[2025-05-14T23:41:02.812-0400] {processor.py:186} INFO - Started process (PID=53627) to work on /home/aangava/MSP/airflow_venv/lib/python3.12/site-packages/airflow/example_dags/tutorial_dag.py
[2025-05-14T23:41:02.824-0400] {processor.py:914} INFO - Processing file /home/aangava/MSP/airflow_venv/lib/python3.12/site-packages/airflow/example_dags/tutorial_dag.py for tasks to queue
[2025-05-14T23:41:02.827-0400] {logging_mixin.py:190} INFO - [2025-05-14T23:41:02.826-0400] {dagbag.py:588} INFO - Filling up the DagBag from /home/aangava/MSP/airflow_venv/lib/python3.12/site-packages/airflow/example_dags/tutorial_dag.py
[2025-05-14T23:41:02.836-0400] {processor.py:925} INFO - DAG(s) 'tutorial_dag' retrieved from /home/aangava/MSP/airflow_venv/lib/python3.12/site-packages/airflow/example_dags/tutorial_dag.py
[2025-05-14T23:41:02.860-0400] {logging_mixin.py:190} INFO - [2025-05-14T23:41:02.860-0400] {dag.py:3239} INFO - Sync 1 DAGs
[2025-05-14T23:41:02.873-0400] {logging_mixin.py:190} INFO - [2025-05-14T23:41:02.873-0400] {dag.py:4180} INFO - Setting next_dagrun for tutorial_dag to None, run_after=None
[2025-05-14T23:41:02.896-0400] {processor.py:208} INFO - Processing /home/aangava/MSP/airflow_venv/lib/python3.12/site-packages/airflow/example_dags/tutorial_dag.py took 0.094 seconds
[2025-05-14T23:42:04.913-0400] {processor.py:186} INFO - Started process (PID=53870) to work on /home/aangava/MSP/airflow_venv/lib/python3.12/site-packages/airflow/example_dags/tutorial_dag.py
[2025-05-14T23:42:04.925-0400] {processor.py:914} INFO - Processing file /home/aangava/MSP/airflow_venv/lib/python3.12/site-packages/airflow/example_dags/tutorial_dag.py for tasks to queue
[2025-05-14T23:42:04.928-0400] {logging_mixin.py:190} INFO - [2025-05-14T23:42:04.927-0400] {dagbag.py:588} INFO - Filling up the DagBag from /home/aangava/MSP/airflow_venv/lib/python3.12/site-packages/airflow/example_dags/tutorial_dag.py
[2025-05-14T23:42:04.939-0400] {processor.py:925} INFO - DAG(s) 'tutorial_dag' retrieved from /home/aangava/MSP/airflow_venv/lib/python3.12/site-packages/airflow/example_dags/tutorial_dag.py
[2025-05-14T23:42:04.963-0400] {logging_mixin.py:190} INFO - [2025-05-14T23:42:04.963-0400] {dag.py:3239} INFO - Sync 1 DAGs
[2025-05-14T23:42:04.977-0400] {logging_mixin.py:190} INFO - [2025-05-14T23:42:04.977-0400] {dag.py:4180} INFO - Setting next_dagrun for tutorial_dag to None, run_after=None
[2025-05-14T23:42:05.004-0400] {processor.py:208} INFO - Processing /home/aangava/MSP/airflow_venv/lib/python3.12/site-packages/airflow/example_dags/tutorial_dag.py took 0.101 seconds
[2025-05-14T23:43:06.339-0400] {processor.py:186} INFO - Started process (PID=54124) to work on /home/aangava/MSP/airflow_venv/lib/python3.12/site-packages/airflow/example_dags/tutorial_dag.py
[2025-05-14T23:43:06.354-0400] {processor.py:914} INFO - Processing file /home/aangava/MSP/airflow_venv/lib/python3.12/site-packages/airflow/example_dags/tutorial_dag.py for tasks to queue
[2025-05-14T23:43:06.357-0400] {logging_mixin.py:190} INFO - [2025-05-14T23:43:06.356-0400] {dagbag.py:588} INFO - Filling up the DagBag from /home/aangava/MSP/airflow_venv/lib/python3.12/site-packages/airflow/example_dags/tutorial_dag.py
[2025-05-14T23:43:06.365-0400] {processor.py:925} INFO - DAG(s) 'tutorial_dag' retrieved from /home/aangava/MSP/airflow_venv/lib/python3.12/site-packages/airflow/example_dags/tutorial_dag.py
[2025-05-14T23:43:06.390-0400] {logging_mixin.py:190} INFO - [2025-05-14T23:43:06.389-0400] {dag.py:3239} INFO - Sync 1 DAGs
[2025-05-14T23:43:06.404-0400] {logging_mixin.py:190} INFO - [2025-05-14T23:43:06.404-0400] {dag.py:4180} INFO - Setting next_dagrun for tutorial_dag to None, run_after=None
[2025-05-14T23:43:06.448-0400] {processor.py:208} INFO - Processing /home/aangava/MSP/airflow_venv/lib/python3.12/site-packages/airflow/example_dags/tutorial_dag.py took 0.138 seconds
[2025-05-15T13:39:10.836-0400] {processor.py:186} INFO - Started process (PID=54433) to work on /home/aangava/MSP/airflow_venv/lib/python3.12/site-packages/airflow/example_dags/tutorial_dag.py
[2025-05-15T13:39:10.838-0400] {processor.py:914} INFO - Processing file /home/aangava/MSP/airflow_venv/lib/python3.12/site-packages/airflow/example_dags/tutorial_dag.py for tasks to queue
[2025-05-15T13:39:10.840-0400] {logging_mixin.py:190} INFO - [2025-05-15T13:39:10.840-0400] {dagbag.py:588} INFO - Filling up the DagBag from /home/aangava/MSP/airflow_venv/lib/python3.12/site-packages/airflow/example_dags/tutorial_dag.py
[2025-05-15T13:39:10.851-0400] {processor.py:925} INFO - DAG(s) 'tutorial_dag' retrieved from /home/aangava/MSP/airflow_venv/lib/python3.12/site-packages/airflow/example_dags/tutorial_dag.py
[2025-05-15T13:39:10.871-0400] {logging_mixin.py:190} INFO - [2025-05-15T13:39:10.870-0400] {dag.py:3239} INFO - Sync 1 DAGs
[2025-05-15T13:39:10.884-0400] {logging_mixin.py:190} INFO - [2025-05-15T13:39:10.884-0400] {dag.py:4180} INFO - Setting next_dagrun for tutorial_dag to None, run_after=None
[2025-05-15T13:39:10.908-0400] {processor.py:208} INFO - Processing /home/aangava/MSP/airflow_venv/lib/python3.12/site-packages/airflow/example_dags/tutorial_dag.py took 0.091 seconds
[2025-05-15T13:40:14.806-0400] {processor.py:186} INFO - Started process (PID=54686) to work on /home/aangava/MSP/airflow_venv/lib/python3.12/site-packages/airflow/example_dags/tutorial_dag.py
[2025-05-15T13:40:14.818-0400] {processor.py:914} INFO - Processing file /home/aangava/MSP/airflow_venv/lib/python3.12/site-packages/airflow/example_dags/tutorial_dag.py for tasks to queue
[2025-05-15T13:40:14.820-0400] {logging_mixin.py:190} INFO - [2025-05-15T13:40:14.819-0400] {dagbag.py:588} INFO - Filling up the DagBag from /home/aangava/MSP/airflow_venv/lib/python3.12/site-packages/airflow/example_dags/tutorial_dag.py
[2025-05-15T13:40:14.827-0400] {processor.py:925} INFO - DAG(s) 'tutorial_dag' retrieved from /home/aangava/MSP/airflow_venv/lib/python3.12/site-packages/airflow/example_dags/tutorial_dag.py
[2025-05-15T13:40:14.846-0400] {logging_mixin.py:190} INFO - [2025-05-15T13:40:14.846-0400] {dag.py:3239} INFO - Sync 1 DAGs
[2025-05-15T13:40:14.857-0400] {logging_mixin.py:190} INFO - [2025-05-15T13:40:14.857-0400] {dag.py:4180} INFO - Setting next_dagrun for tutorial_dag to None, run_after=None
[2025-05-15T13:40:14.880-0400] {processor.py:208} INFO - Processing /home/aangava/MSP/airflow_venv/lib/python3.12/site-packages/airflow/example_dags/tutorial_dag.py took 0.084 seconds
[2025-05-15T13:41:21.331-0400] {processor.py:186} INFO - Started process (PID=54939) to work on /home/aangava/MSP/airflow_venv/lib/python3.12/site-packages/airflow/example_dags/tutorial_dag.py
[2025-05-15T13:41:21.344-0400] {processor.py:914} INFO - Processing file /home/aangava/MSP/airflow_venv/lib/python3.12/site-packages/airflow/example_dags/tutorial_dag.py for tasks to queue
[2025-05-15T13:41:21.348-0400] {logging_mixin.py:190} INFO - [2025-05-15T13:41:21.347-0400] {dagbag.py:588} INFO - Filling up the DagBag from /home/aangava/MSP/airflow_venv/lib/python3.12/site-packages/airflow/example_dags/tutorial_dag.py
[2025-05-15T13:41:21.359-0400] {processor.py:925} INFO - DAG(s) 'tutorial_dag' retrieved from /home/aangava/MSP/airflow_venv/lib/python3.12/site-packages/airflow/example_dags/tutorial_dag.py
[2025-05-15T13:41:21.387-0400] {logging_mixin.py:190} INFO - [2025-05-15T13:41:21.387-0400] {dag.py:3239} INFO - Sync 1 DAGs
[2025-05-15T13:41:21.401-0400] {logging_mixin.py:190} INFO - [2025-05-15T13:41:21.400-0400] {dag.py:4180} INFO - Setting next_dagrun for tutorial_dag to None, run_after=None
[2025-05-15T13:41:21.435-0400] {processor.py:208} INFO - Processing /home/aangava/MSP/airflow_venv/lib/python3.12/site-packages/airflow/example_dags/tutorial_dag.py took 0.116 seconds
[2025-05-15T13:42:24.559-0400] {processor.py:186} INFO - Started process (PID=55184) to work on /home/aangava/MSP/airflow_venv/lib/python3.12/site-packages/airflow/example_dags/tutorial_dag.py
[2025-05-15T13:42:24.570-0400] {processor.py:914} INFO - Processing file /home/aangava/MSP/airflow_venv/lib/python3.12/site-packages/airflow/example_dags/tutorial_dag.py for tasks to queue
[2025-05-15T13:42:24.571-0400] {logging_mixin.py:190} INFO - [2025-05-15T13:42:24.571-0400] {dagbag.py:588} INFO - Filling up the DagBag from /home/aangava/MSP/airflow_venv/lib/python3.12/site-packages/airflow/example_dags/tutorial_dag.py
[2025-05-15T13:42:24.578-0400] {processor.py:925} INFO - DAG(s) 'tutorial_dag' retrieved from /home/aangava/MSP/airflow_venv/lib/python3.12/site-packages/airflow/example_dags/tutorial_dag.py
[2025-05-15T13:42:24.594-0400] {logging_mixin.py:190} INFO - [2025-05-15T13:42:24.594-0400] {dag.py:3239} INFO - Sync 1 DAGs
[2025-05-15T13:42:24.605-0400] {logging_mixin.py:190} INFO - [2025-05-15T13:42:24.605-0400] {dag.py:4180} INFO - Setting next_dagrun for tutorial_dag to None, run_after=None
[2025-05-15T13:42:24.630-0400] {processor.py:208} INFO - Processing /home/aangava/MSP/airflow_venv/lib/python3.12/site-packages/airflow/example_dags/tutorial_dag.py took 0.078 seconds
[2025-05-15T13:43:26.429-0400] {processor.py:186} INFO - Started process (PID=55431) to work on /home/aangava/MSP/airflow_venv/lib/python3.12/site-packages/airflow/example_dags/tutorial_dag.py
[2025-05-15T13:43:26.441-0400] {processor.py:914} INFO - Processing file /home/aangava/MSP/airflow_venv/lib/python3.12/site-packages/airflow/example_dags/tutorial_dag.py for tasks to queue
[2025-05-15T13:43:26.443-0400] {logging_mixin.py:190} INFO - [2025-05-15T13:43:26.443-0400] {dagbag.py:588} INFO - Filling up the DagBag from /home/aangava/MSP/airflow_venv/lib/python3.12/site-packages/airflow/example_dags/tutorial_dag.py
[2025-05-15T13:43:26.451-0400] {processor.py:925} INFO - DAG(s) 'tutorial_dag' retrieved from /home/aangava/MSP/airflow_venv/lib/python3.12/site-packages/airflow/example_dags/tutorial_dag.py
[2025-05-15T13:43:26.474-0400] {logging_mixin.py:190} INFO - [2025-05-15T13:43:26.474-0400] {dag.py:3239} INFO - Sync 1 DAGs
[2025-05-15T13:43:26.485-0400] {logging_mixin.py:190} INFO - [2025-05-15T13:43:26.485-0400] {dag.py:4180} INFO - Setting next_dagrun for tutorial_dag to None, run_after=None
[2025-05-15T13:43:26.509-0400] {processor.py:208} INFO - Processing /home/aangava/MSP/airflow_venv/lib/python3.12/site-packages/airflow/example_dags/tutorial_dag.py took 0.089 seconds
[2025-05-15T13:44:26.172-0400] {processor.py:186} INFO - Started process (PID=55658) to work on /home/aangava/MSP/airflow_venv/lib/python3.12/site-packages/airflow/example_dags/tutorial_dag.py
[2025-05-15T13:44:26.183-0400] {processor.py:914} INFO - Processing file /home/aangava/MSP/airflow_venv/lib/python3.12/site-packages/airflow/example_dags/tutorial_dag.py for tasks to queue
[2025-05-15T13:44:26.188-0400] {logging_mixin.py:190} INFO - [2025-05-15T13:44:26.186-0400] {dagbag.py:588} INFO - Filling up the DagBag from /home/aangava/MSP/airflow_venv/lib/python3.12/site-packages/airflow/example_dags/tutorial_dag.py
[2025-05-15T13:44:26.197-0400] {processor.py:925} INFO - DAG(s) 'tutorial_dag' retrieved from /home/aangava/MSP/airflow_venv/lib/python3.12/site-packages/airflow/example_dags/tutorial_dag.py
[2025-05-15T13:44:26.220-0400] {logging_mixin.py:190} INFO - [2025-05-15T13:44:26.220-0400] {dag.py:3239} INFO - Sync 1 DAGs
[2025-05-15T13:44:26.232-0400] {logging_mixin.py:190} INFO - [2025-05-15T13:44:26.231-0400] {dag.py:4180} INFO - Setting next_dagrun for tutorial_dag to None, run_after=None
[2025-05-15T13:44:26.257-0400] {processor.py:208} INFO - Processing /home/aangava/MSP/airflow_venv/lib/python3.12/site-packages/airflow/example_dags/tutorial_dag.py took 0.096 seconds
[2025-05-15T13:45:29.754-0400] {processor.py:186} INFO - Started process (PID=55900) to work on /home/aangava/MSP/airflow_venv/lib/python3.12/site-packages/airflow/example_dags/tutorial_dag.py
[2025-05-15T13:45:29.766-0400] {processor.py:914} INFO - Processing file /home/aangava/MSP/airflow_venv/lib/python3.12/site-packages/airflow/example_dags/tutorial_dag.py for tasks to queue
[2025-05-15T13:45:29.769-0400] {logging_mixin.py:190} INFO - [2025-05-15T13:45:29.768-0400] {dagbag.py:588} INFO - Filling up the DagBag from /home/aangava/MSP/airflow_venv/lib/python3.12/site-packages/airflow/example_dags/tutorial_dag.py
[2025-05-15T13:45:29.778-0400] {processor.py:925} INFO - DAG(s) 'tutorial_dag' retrieved from /home/aangava/MSP/airflow_venv/lib/python3.12/site-packages/airflow/example_dags/tutorial_dag.py
[2025-05-15T13:45:29.802-0400] {logging_mixin.py:190} INFO - [2025-05-15T13:45:29.801-0400] {dag.py:3239} INFO - Sync 1 DAGs
[2025-05-15T13:45:29.815-0400] {logging_mixin.py:190} INFO - [2025-05-15T13:45:29.814-0400] {dag.py:4180} INFO - Setting next_dagrun for tutorial_dag to None, run_after=None
[2025-05-15T13:45:29.838-0400] {processor.py:208} INFO - Processing /home/aangava/MSP/airflow_venv/lib/python3.12/site-packages/airflow/example_dags/tutorial_dag.py took 0.095 seconds
[2025-05-15T13:46:32.695-0400] {processor.py:186} INFO - Started process (PID=56142) to work on /home/aangava/MSP/airflow_venv/lib/python3.12/site-packages/airflow/example_dags/tutorial_dag.py
[2025-05-15T13:46:32.707-0400] {processor.py:914} INFO - Processing file /home/aangava/MSP/airflow_venv/lib/python3.12/site-packages/airflow/example_dags/tutorial_dag.py for tasks to queue
[2025-05-15T13:46:32.710-0400] {logging_mixin.py:190} INFO - [2025-05-15T13:46:32.709-0400] {dagbag.py:588} INFO - Filling up the DagBag from /home/aangava/MSP/airflow_venv/lib/python3.12/site-packages/airflow/example_dags/tutorial_dag.py
[2025-05-15T13:46:32.720-0400] {processor.py:925} INFO - DAG(s) 'tutorial_dag' retrieved from /home/aangava/MSP/airflow_venv/lib/python3.12/site-packages/airflow/example_dags/tutorial_dag.py
[2025-05-15T13:46:32.743-0400] {logging_mixin.py:190} INFO - [2025-05-15T13:46:32.742-0400] {dag.py:3239} INFO - Sync 1 DAGs
[2025-05-15T13:46:32.755-0400] {logging_mixin.py:190} INFO - [2025-05-15T13:46:32.754-0400] {dag.py:4180} INFO - Setting next_dagrun for tutorial_dag to None, run_after=None
[2025-05-15T13:46:32.779-0400] {processor.py:208} INFO - Processing /home/aangava/MSP/airflow_venv/lib/python3.12/site-packages/airflow/example_dags/tutorial_dag.py took 0.093 seconds
[2025-05-15T13:47:36.220-0400] {processor.py:186} INFO - Started process (PID=56397) to work on /home/aangava/MSP/airflow_venv/lib/python3.12/site-packages/airflow/example_dags/tutorial_dag.py
[2025-05-15T13:47:36.232-0400] {processor.py:914} INFO - Processing file /home/aangava/MSP/airflow_venv/lib/python3.12/site-packages/airflow/example_dags/tutorial_dag.py for tasks to queue
[2025-05-15T13:47:36.235-0400] {logging_mixin.py:190} INFO - [2025-05-15T13:47:36.234-0400] {dagbag.py:588} INFO - Filling up the DagBag from /home/aangava/MSP/airflow_venv/lib/python3.12/site-packages/airflow/example_dags/tutorial_dag.py
[2025-05-15T13:47:36.245-0400] {processor.py:925} INFO - DAG(s) 'tutorial_dag' retrieved from /home/aangava/MSP/airflow_venv/lib/python3.12/site-packages/airflow/example_dags/tutorial_dag.py
[2025-05-15T13:47:36.265-0400] {logging_mixin.py:190} INFO - [2025-05-15T13:47:36.265-0400] {dag.py:3239} INFO - Sync 1 DAGs
[2025-05-15T13:47:36.276-0400] {logging_mixin.py:190} INFO - [2025-05-15T13:47:36.276-0400] {dag.py:4180} INFO - Setting next_dagrun for tutorial_dag to None, run_after=None
[2025-05-15T13:47:36.299-0400] {processor.py:208} INFO - Processing /home/aangava/MSP/airflow_venv/lib/python3.12/site-packages/airflow/example_dags/tutorial_dag.py took 0.088 seconds
[2025-05-15T13:58:40.139-0400] {processor.py:186} INFO - Started process (PID=56723) to work on /home/aangava/MSP/airflow_venv/lib/python3.12/site-packages/airflow/example_dags/tutorial_dag.py
[2025-05-15T13:58:40.151-0400] {processor.py:914} INFO - Processing file /home/aangava/MSP/airflow_venv/lib/python3.12/site-packages/airflow/example_dags/tutorial_dag.py for tasks to queue
[2025-05-15T13:58:40.154-0400] {logging_mixin.py:190} INFO - [2025-05-15T13:58:40.153-0400] {dagbag.py:588} INFO - Filling up the DagBag from /home/aangava/MSP/airflow_venv/lib/python3.12/site-packages/airflow/example_dags/tutorial_dag.py
[2025-05-15T13:58:40.164-0400] {processor.py:925} INFO - DAG(s) 'tutorial_dag' retrieved from /home/aangava/MSP/airflow_venv/lib/python3.12/site-packages/airflow/example_dags/tutorial_dag.py
[2025-05-15T13:58:40.191-0400] {logging_mixin.py:190} INFO - [2025-05-15T13:58:40.190-0400] {dag.py:3239} INFO - Sync 1 DAGs
[2025-05-15T13:58:40.209-0400] {logging_mixin.py:190} INFO - [2025-05-15T13:58:40.208-0400] {dag.py:4180} INFO - Setting next_dagrun for tutorial_dag to None, run_after=None
[2025-05-15T13:58:40.237-0400] {processor.py:208} INFO - Processing /home/aangava/MSP/airflow_venv/lib/python3.12/site-packages/airflow/example_dags/tutorial_dag.py took 0.108 seconds
[2025-05-15T13:59:46.836-0400] {processor.py:186} INFO - Started process (PID=56976) to work on /home/aangava/MSP/airflow_venv/lib/python3.12/site-packages/airflow/example_dags/tutorial_dag.py
[2025-05-15T13:59:46.848-0400] {processor.py:914} INFO - Processing file /home/aangava/MSP/airflow_venv/lib/python3.12/site-packages/airflow/example_dags/tutorial_dag.py for tasks to queue
[2025-05-15T13:59:46.851-0400] {logging_mixin.py:190} INFO - [2025-05-15T13:59:46.850-0400] {dagbag.py:588} INFO - Filling up the DagBag from /home/aangava/MSP/airflow_venv/lib/python3.12/site-packages/airflow/example_dags/tutorial_dag.py
[2025-05-15T13:59:46.861-0400] {processor.py:925} INFO - DAG(s) 'tutorial_dag' retrieved from /home/aangava/MSP/airflow_venv/lib/python3.12/site-packages/airflow/example_dags/tutorial_dag.py
[2025-05-15T13:59:46.885-0400] {logging_mixin.py:190} INFO - [2025-05-15T13:59:46.885-0400] {dag.py:3239} INFO - Sync 1 DAGs
[2025-05-15T13:59:46.899-0400] {logging_mixin.py:190} INFO - [2025-05-15T13:59:46.899-0400] {dag.py:4180} INFO - Setting next_dagrun for tutorial_dag to None, run_after=None
[2025-05-15T13:59:46.929-0400] {processor.py:208} INFO - Processing /home/aangava/MSP/airflow_venv/lib/python3.12/site-packages/airflow/example_dags/tutorial_dag.py took 0.103 seconds
[2025-05-15T14:00:53.269-0400] {processor.py:186} INFO - Started process (PID=57231) to work on /home/aangava/MSP/airflow_venv/lib/python3.12/site-packages/airflow/example_dags/tutorial_dag.py
[2025-05-15T14:00:53.281-0400] {processor.py:914} INFO - Processing file /home/aangava/MSP/airflow_venv/lib/python3.12/site-packages/airflow/example_dags/tutorial_dag.py for tasks to queue
[2025-05-15T14:00:53.283-0400] {logging_mixin.py:190} INFO - [2025-05-15T14:00:53.282-0400] {dagbag.py:588} INFO - Filling up the DagBag from /home/aangava/MSP/airflow_venv/lib/python3.12/site-packages/airflow/example_dags/tutorial_dag.py
[2025-05-15T14:00:53.289-0400] {processor.py:925} INFO - DAG(s) 'tutorial_dag' retrieved from /home/aangava/MSP/airflow_venv/lib/python3.12/site-packages/airflow/example_dags/tutorial_dag.py
[2025-05-15T14:00:53.308-0400] {logging_mixin.py:190} INFO - [2025-05-15T14:00:53.307-0400] {dag.py:3239} INFO - Sync 1 DAGs
[2025-05-15T14:00:53.321-0400] {logging_mixin.py:190} INFO - [2025-05-15T14:00:53.321-0400] {dag.py:4180} INFO - Setting next_dagrun for tutorial_dag to None, run_after=None
[2025-05-15T14:00:53.343-0400] {processor.py:208} INFO - Processing /home/aangava/MSP/airflow_venv/lib/python3.12/site-packages/airflow/example_dags/tutorial_dag.py took 0.084 seconds
[2025-05-15T14:57:30.597-0400] {processor.py:186} INFO - Started process (PID=57571) to work on /home/aangava/MSP/airflow_venv/lib/python3.12/site-packages/airflow/example_dags/tutorial_dag.py
[2025-05-15T14:57:30.609-0400] {processor.py:914} INFO - Processing file /home/aangava/MSP/airflow_venv/lib/python3.12/site-packages/airflow/example_dags/tutorial_dag.py for tasks to queue
[2025-05-15T14:57:30.611-0400] {logging_mixin.py:190} INFO - [2025-05-15T14:57:30.610-0400] {dagbag.py:588} INFO - Filling up the DagBag from /home/aangava/MSP/airflow_venv/lib/python3.12/site-packages/airflow/example_dags/tutorial_dag.py
[2025-05-15T14:57:30.619-0400] {processor.py:925} INFO - DAG(s) 'tutorial_dag' retrieved from /home/aangava/MSP/airflow_venv/lib/python3.12/site-packages/airflow/example_dags/tutorial_dag.py
[2025-05-15T14:57:30.640-0400] {logging_mixin.py:190} INFO - [2025-05-15T14:57:30.640-0400] {dag.py:3239} INFO - Sync 1 DAGs
[2025-05-15T14:57:30.654-0400] {logging_mixin.py:190} INFO - [2025-05-15T14:57:30.654-0400] {dag.py:4180} INFO - Setting next_dagrun for tutorial_dag to None, run_after=None
[2025-05-15T14:57:30.684-0400] {processor.py:208} INFO - Processing /home/aangava/MSP/airflow_venv/lib/python3.12/site-packages/airflow/example_dags/tutorial_dag.py took 0.096 seconds
[2025-05-15T14:58:30.859-0400] {processor.py:186} INFO - Started process (PID=57820) to work on /home/aangava/MSP/airflow_venv/lib/python3.12/site-packages/airflow/example_dags/tutorial_dag.py
[2025-05-15T14:58:30.871-0400] {processor.py:914} INFO - Processing file /home/aangava/MSP/airflow_venv/lib/python3.12/site-packages/airflow/example_dags/tutorial_dag.py for tasks to queue
[2025-05-15T14:58:30.874-0400] {logging_mixin.py:190} INFO - [2025-05-15T14:58:30.873-0400] {dagbag.py:588} INFO - Filling up the DagBag from /home/aangava/MSP/airflow_venv/lib/python3.12/site-packages/airflow/example_dags/tutorial_dag.py
[2025-05-15T14:58:30.884-0400] {processor.py:925} INFO - DAG(s) 'tutorial_dag' retrieved from /home/aangava/MSP/airflow_venv/lib/python3.12/site-packages/airflow/example_dags/tutorial_dag.py
[2025-05-15T14:58:30.907-0400] {logging_mixin.py:190} INFO - [2025-05-15T14:58:30.906-0400] {dag.py:3239} INFO - Sync 1 DAGs
[2025-05-15T14:58:30.918-0400] {logging_mixin.py:190} INFO - [2025-05-15T14:58:30.918-0400] {dag.py:4180} INFO - Setting next_dagrun for tutorial_dag to None, run_after=None
[2025-05-15T14:58:30.943-0400] {processor.py:208} INFO - Processing /home/aangava/MSP/airflow_venv/lib/python3.12/site-packages/airflow/example_dags/tutorial_dag.py took 0.094 seconds
[2025-05-15T14:59:41.953-0400] {processor.py:186} INFO - Started process (PID=58083) to work on /home/aangava/MSP/airflow_venv/lib/python3.12/site-packages/airflow/example_dags/tutorial_dag.py
[2025-05-15T14:59:41.963-0400] {processor.py:914} INFO - Processing file /home/aangava/MSP/airflow_venv/lib/python3.12/site-packages/airflow/example_dags/tutorial_dag.py for tasks to queue
[2025-05-15T14:59:41.966-0400] {logging_mixin.py:190} INFO - [2025-05-15T14:59:41.965-0400] {dagbag.py:588} INFO - Filling up the DagBag from /home/aangava/MSP/airflow_venv/lib/python3.12/site-packages/airflow/example_dags/tutorial_dag.py
[2025-05-15T14:59:41.972-0400] {processor.py:925} INFO - DAG(s) 'tutorial_dag' retrieved from /home/aangava/MSP/airflow_venv/lib/python3.12/site-packages/airflow/example_dags/tutorial_dag.py
[2025-05-15T14:59:41.988-0400] {logging_mixin.py:190} INFO - [2025-05-15T14:59:41.988-0400] {dag.py:3239} INFO - Sync 1 DAGs
[2025-05-15T14:59:42.002-0400] {logging_mixin.py:190} INFO - [2025-05-15T14:59:42.002-0400] {dag.py:4180} INFO - Setting next_dagrun for tutorial_dag to None, run_after=None
[2025-05-15T14:59:42.025-0400] {processor.py:208} INFO - Processing /home/aangava/MSP/airflow_venv/lib/python3.12/site-packages/airflow/example_dags/tutorial_dag.py took 0.080 seconds
