[2025-05-16T13:00:11.835-0400] {processor.py:186} INFO - Started process (PID=58656) to work on /home/aangava/MSP/airflow_venv/lib/python3.12/site-packages/airflow/example_dags/plugins/event_listener.py
[2025-05-16T13:00:11.835-0400] {processor.py:914} INFO - Processing file /home/aangava/MSP/airflow_venv/lib/python3.12/site-packages/airflow/example_dags/plugins/event_listener.py for tasks to queue
[2025-05-16T13:00:11.836-0400] {logging_mixin.py:190} INFO - [2025-05-16T13:00:11.836-0400] {dagbag.py:588} INFO - Filling up the DagBag from /home/aangava/MSP/airflow_venv/lib/python3.12/site-packages/airflow/example_dags/plugins/event_listener.py
[2025-05-16T13:00:11.838-0400] {processor.py:927} WARNING - No viable dags retrieved from /home/aangava/MSP/airflow_venv/lib/python3.12/site-packages/airflow/example_dags/plugins/event_listener.py
[2025-05-16T13:00:11.845-0400] {processor.py:208} INFO - Processing /home/aangava/MSP/airflow_venv/lib/python3.12/site-packages/airflow/example_dags/plugins/event_listener.py took 0.014 seconds
[2025-05-16T13:03:41.663-0400] {processor.py:186} INFO - Started process (PID=59070) to work on /home/aangava/MSP/airflow_venv/lib/python3.12/site-packages/airflow/example_dags/plugins/event_listener.py
[2025-05-16T13:03:41.664-0400] {processor.py:914} INFO - Processing file /home/aangava/MSP/airflow_venv/lib/python3.12/site-packages/airflow/example_dags/plugins/event_listener.py for tasks to queue
[2025-05-16T13:03:41.665-0400] {logging_mixin.py:190} INFO - [2025-05-16T13:03:41.665-0400] {dagbag.py:588} INFO - Filling up the DagBag from /home/aangava/MSP/airflow_venv/lib/python3.12/site-packages/airflow/example_dags/plugins/event_listener.py
[2025-05-16T13:03:41.667-0400] {processor.py:927} WARNING - No viable dags retrieved from /home/aangava/MSP/airflow_venv/lib/python3.12/site-packages/airflow/example_dags/plugins/event_listener.py
[2025-05-16T13:03:41.677-0400] {processor.py:208} INFO - Processing /home/aangava/MSP/airflow_venv/lib/python3.12/site-packages/airflow/example_dags/plugins/event_listener.py took 0.018 seconds
[2025-05-16T13:04:56.299-0400] {processor.py:186} INFO - Started process (PID=59516) to work on /home/aangava/MSP/airflow_venv/lib/python3.12/site-packages/airflow/example_dags/plugins/event_listener.py
[2025-05-16T13:04:56.300-0400] {processor.py:914} INFO - Processing file /home/aangava/MSP/airflow_venv/lib/python3.12/site-packages/airflow/example_dags/plugins/event_listener.py for tasks to queue
[2025-05-16T13:04:56.301-0400] {logging_mixin.py:190} INFO - [2025-05-16T13:04:56.301-0400] {dagbag.py:588} INFO - Filling up the DagBag from /home/aangava/MSP/airflow_venv/lib/python3.12/site-packages/airflow/example_dags/plugins/event_listener.py
[2025-05-16T13:04:56.303-0400] {processor.py:927} WARNING - No viable dags retrieved from /home/aangava/MSP/airflow_venv/lib/python3.12/site-packages/airflow/example_dags/plugins/event_listener.py
[2025-05-16T13:04:56.309-0400] {processor.py:208} INFO - Processing /home/aangava/MSP/airflow_venv/lib/python3.12/site-packages/airflow/example_dags/plugins/event_listener.py took 0.014 seconds
[2025-05-16T16:11:18.379-0400] {processor.py:186} INFO - Started process (PID=95327) to work on /home/aangava/MSP/airflow_venv/lib/python3.12/site-packages/airflow/example_dags/plugins/event_listener.py
[2025-05-16T16:11:18.380-0400] {processor.py:914} INFO - Processing file /home/aangava/MSP/airflow_venv/lib/python3.12/site-packages/airflow/example_dags/plugins/event_listener.py for tasks to queue
[2025-05-16T16:11:18.382-0400] {logging_mixin.py:190} INFO - [2025-05-16T16:11:18.382-0400] {dagbag.py:588} INFO - Filling up the DagBag from /home/aangava/MSP/airflow_venv/lib/python3.12/site-packages/airflow/example_dags/plugins/event_listener.py
[2025-05-16T16:11:18.384-0400] {processor.py:927} WARNING - No viable dags retrieved from /home/aangava/MSP/airflow_venv/lib/python3.12/site-packages/airflow/example_dags/plugins/event_listener.py
[2025-05-16T16:11:18.391-0400] {processor.py:208} INFO - Processing /home/aangava/MSP/airflow_venv/lib/python3.12/site-packages/airflow/example_dags/plugins/event_listener.py took 0.015 seconds
[2025-05-16T16:12:36.414-0400] {processor.py:186} INFO - Started process (PID=95638) to work on /home/aangava/MSP/airflow_venv/lib/python3.12/site-packages/airflow/example_dags/plugins/event_listener.py
[2025-05-16T16:12:36.415-0400] {processor.py:914} INFO - Processing file /home/aangava/MSP/airflow_venv/lib/python3.12/site-packages/airflow/example_dags/plugins/event_listener.py for tasks to queue
[2025-05-16T16:12:36.417-0400] {logging_mixin.py:190} INFO - [2025-05-16T16:12:36.416-0400] {dagbag.py:588} INFO - Filling up the DagBag from /home/aangava/MSP/airflow_venv/lib/python3.12/site-packages/airflow/example_dags/plugins/event_listener.py
[2025-05-16T16:12:36.419-0400] {processor.py:927} WARNING - No viable dags retrieved from /home/aangava/MSP/airflow_venv/lib/python3.12/site-packages/airflow/example_dags/plugins/event_listener.py
[2025-05-16T16:12:36.428-0400] {processor.py:208} INFO - Processing /home/aangava/MSP/airflow_venv/lib/python3.12/site-packages/airflow/example_dags/plugins/event_listener.py took 0.018 seconds
[2025-05-16T16:13:33.434-0400] {processor.py:186} INFO - Started process (PID=95868) to work on /home/aangava/MSP/airflow_venv/lib/python3.12/site-packages/airflow/example_dags/plugins/event_listener.py
[2025-05-16T16:13:33.444-0400] {processor.py:914} INFO - Processing file /home/aangava/MSP/airflow_venv/lib/python3.12/site-packages/airflow/example_dags/plugins/event_listener.py for tasks to queue
[2025-05-16T16:13:33.446-0400] {logging_mixin.py:190} INFO - [2025-05-16T16:13:33.445-0400] {dagbag.py:588} INFO - Filling up the DagBag from /home/aangava/MSP/airflow_venv/lib/python3.12/site-packages/airflow/example_dags/plugins/event_listener.py
[2025-05-16T16:13:33.447-0400] {processor.py:927} WARNING - No viable dags retrieved from /home/aangava/MSP/airflow_venv/lib/python3.12/site-packages/airflow/example_dags/plugins/event_listener.py
[2025-05-16T16:13:33.454-0400] {processor.py:208} INFO - Processing /home/aangava/MSP/airflow_venv/lib/python3.12/site-packages/airflow/example_dags/plugins/event_listener.py took 0.023 seconds
[2025-05-16T16:14:28.902-0400] {processor.py:186} INFO - Started process (PID=96095) to work on /home/aangava/MSP/airflow_venv/lib/python3.12/site-packages/airflow/example_dags/plugins/event_listener.py
[2025-05-16T16:14:28.904-0400] {processor.py:914} INFO - Processing file /home/aangava/MSP/airflow_venv/lib/python3.12/site-packages/airflow/example_dags/plugins/event_listener.py for tasks to queue
[2025-05-16T16:14:28.906-0400] {logging_mixin.py:190} INFO - [2025-05-16T16:14:28.905-0400] {dagbag.py:588} INFO - Filling up the DagBag from /home/aangava/MSP/airflow_venv/lib/python3.12/site-packages/airflow/example_dags/plugins/event_listener.py
[2025-05-16T16:14:28.907-0400] {processor.py:927} WARNING - No viable dags retrieved from /home/aangava/MSP/airflow_venv/lib/python3.12/site-packages/airflow/example_dags/plugins/event_listener.py
[2025-05-16T16:14:28.914-0400] {processor.py:208} INFO - Processing /home/aangava/MSP/airflow_venv/lib/python3.12/site-packages/airflow/example_dags/plugins/event_listener.py took 0.016 seconds
