[2025-05-16T13:00:40.223-0400] {processor.py:186} INFO - Started process (PID=58787) to work on /home/aangava/MSP/airflow_venv/lib/python3.12/site-packages/airflow/example_dags/example_dynamic_task_mapping_with_no_taskflow_operators.py
[2025-05-16T13:00:40.223-0400] {processor.py:914} INFO - Processing file /home/aangava/MSP/airflow_venv/lib/python3.12/site-packages/airflow/example_dags/example_dynamic_task_mapping_with_no_taskflow_operators.py for tasks to queue
[2025-05-16T13:00:40.224-0400] {logging_mixin.py:190} INFO - [2025-05-16T13:00:40.224-0400] {dagbag.py:588} INFO - Filling up the DagBag from /home/aangava/MSP/airflow_venv/lib/python3.12/site-packages/airflow/example_dags/example_dynamic_task_mapping_with_no_taskflow_operators.py
[2025-05-16T13:00:40.228-0400] {processor.py:925} INFO - DAG(s) 'example_dynamic_task_mapping_with_no_taskflow_operators' retrieved from /home/aangava/MSP/airflow_venv/lib/python3.12/site-packages/airflow/example_dags/example_dynamic_task_mapping_with_no_taskflow_operators.py
[2025-05-16T13:00:40.236-0400] {logging_mixin.py:190} INFO - [2025-05-16T13:00:40.236-0400] {dag.py:3239} INFO - Sync 1 DAGs
[2025-05-16T13:00:40.242-0400] {logging_mixin.py:190} INFO - [2025-05-16T13:00:40.242-0400] {dag.py:4180} INFO - Setting next_dagrun for example_dynamic_task_mapping_with_no_taskflow_operators to None, run_after=None
[2025-05-16T13:00:40.254-0400] {processor.py:208} INFO - Processing /home/aangava/MSP/airflow_venv/lib/python3.12/site-packages/airflow/example_dags/example_dynamic_task_mapping_with_no_taskflow_operators.py took 0.034 seconds
[2025-05-16T13:03:32.662-0400] {processor.py:186} INFO - Started process (PID=59035) to work on /home/aangava/MSP/airflow_venv/lib/python3.12/site-packages/airflow/example_dags/example_dynamic_task_mapping_with_no_taskflow_operators.py
[2025-05-16T13:03:32.664-0400] {processor.py:914} INFO - Processing file /home/aangava/MSP/airflow_venv/lib/python3.12/site-packages/airflow/example_dags/example_dynamic_task_mapping_with_no_taskflow_operators.py for tasks to queue
[2025-05-16T13:03:32.665-0400] {logging_mixin.py:190} INFO - [2025-05-16T13:03:32.665-0400] {dagbag.py:588} INFO - Filling up the DagBag from /home/aangava/MSP/airflow_venv/lib/python3.12/site-packages/airflow/example_dags/example_dynamic_task_mapping_with_no_taskflow_operators.py
[2025-05-16T13:03:32.671-0400] {processor.py:925} INFO - DAG(s) 'example_dynamic_task_mapping_with_no_taskflow_operators' retrieved from /home/aangava/MSP/airflow_venv/lib/python3.12/site-packages/airflow/example_dags/example_dynamic_task_mapping_with_no_taskflow_operators.py
[2025-05-16T13:03:32.681-0400] {logging_mixin.py:190} INFO - [2025-05-16T13:03:32.680-0400] {dag.py:3239} INFO - Sync 1 DAGs
[2025-05-16T13:03:32.687-0400] {logging_mixin.py:190} INFO - [2025-05-16T13:03:32.687-0400] {dag.py:4180} INFO - Setting next_dagrun for example_dynamic_task_mapping_with_no_taskflow_operators to None, run_after=None
[2025-05-16T13:03:32.701-0400] {processor.py:208} INFO - Processing /home/aangava/MSP/airflow_venv/lib/python3.12/site-packages/airflow/example_dags/example_dynamic_task_mapping_with_no_taskflow_operators.py took 0.043 seconds
[2025-05-16T13:04:26.646-0400] {processor.py:186} INFO - Started process (PID=59276) to work on /home/aangava/MSP/airflow_venv/lib/python3.12/site-packages/airflow/example_dags/example_dynamic_task_mapping_with_no_taskflow_operators.py
[2025-05-16T13:04:26.648-0400] {processor.py:914} INFO - Processing file /home/aangava/MSP/airflow_venv/lib/python3.12/site-packages/airflow/example_dags/example_dynamic_task_mapping_with_no_taskflow_operators.py for tasks to queue
[2025-05-16T13:04:26.649-0400] {logging_mixin.py:190} INFO - [2025-05-16T13:04:26.649-0400] {dagbag.py:588} INFO - Filling up the DagBag from /home/aangava/MSP/airflow_venv/lib/python3.12/site-packages/airflow/example_dags/example_dynamic_task_mapping_with_no_taskflow_operators.py
[2025-05-16T13:04:26.654-0400] {processor.py:925} INFO - DAG(s) 'example_dynamic_task_mapping_with_no_taskflow_operators' retrieved from /home/aangava/MSP/airflow_venv/lib/python3.12/site-packages/airflow/example_dags/example_dynamic_task_mapping_with_no_taskflow_operators.py
[2025-05-16T13:04:26.666-0400] {logging_mixin.py:190} INFO - [2025-05-16T13:04:26.666-0400] {dag.py:3239} INFO - Sync 1 DAGs
[2025-05-16T13:04:26.675-0400] {logging_mixin.py:190} INFO - [2025-05-16T13:04:26.675-0400] {dag.py:4180} INFO - Setting next_dagrun for example_dynamic_task_mapping_with_no_taskflow_operators to None, run_after=None
[2025-05-16T13:04:26.687-0400] {processor.py:208} INFO - Processing /home/aangava/MSP/airflow_venv/lib/python3.12/site-packages/airflow/example_dags/example_dynamic_task_mapping_with_no_taskflow_operators.py took 0.046 seconds
[2025-05-16T16:10:52.690-0400] {processor.py:186} INFO - Started process (PID=95202) to work on /home/aangava/MSP/airflow_venv/lib/python3.12/site-packages/airflow/example_dags/example_dynamic_task_mapping_with_no_taskflow_operators.py
[2025-05-16T16:10:52.691-0400] {processor.py:914} INFO - Processing file /home/aangava/MSP/airflow_venv/lib/python3.12/site-packages/airflow/example_dags/example_dynamic_task_mapping_with_no_taskflow_operators.py for tasks to queue
[2025-05-16T16:10:52.693-0400] {logging_mixin.py:190} INFO - [2025-05-16T16:10:52.693-0400] {dagbag.py:588} INFO - Filling up the DagBag from /home/aangava/MSP/airflow_venv/lib/python3.12/site-packages/airflow/example_dags/example_dynamic_task_mapping_with_no_taskflow_operators.py
[2025-05-16T16:10:52.700-0400] {processor.py:925} INFO - DAG(s) 'example_dynamic_task_mapping_with_no_taskflow_operators' retrieved from /home/aangava/MSP/airflow_venv/lib/python3.12/site-packages/airflow/example_dags/example_dynamic_task_mapping_with_no_taskflow_operators.py
[2025-05-16T16:10:52.713-0400] {logging_mixin.py:190} INFO - [2025-05-16T16:10:52.713-0400] {dag.py:3239} INFO - Sync 1 DAGs
[2025-05-16T16:10:52.722-0400] {logging_mixin.py:190} INFO - [2025-05-16T16:10:52.722-0400] {dag.py:4180} INFO - Setting next_dagrun for example_dynamic_task_mapping_with_no_taskflow_operators to None, run_after=None
[2025-05-16T16:10:52.738-0400] {processor.py:208} INFO - Processing /home/aangava/MSP/airflow_venv/lib/python3.12/site-packages/airflow/example_dags/example_dynamic_task_mapping_with_no_taskflow_operators.py took 0.052 seconds
[2025-05-16T16:11:48.291-0400] {processor.py:186} INFO - Started process (PID=95450) to work on /home/aangava/MSP/airflow_venv/lib/python3.12/site-packages/airflow/example_dags/example_dynamic_task_mapping_with_no_taskflow_operators.py
[2025-05-16T16:11:48.292-0400] {processor.py:914} INFO - Processing file /home/aangava/MSP/airflow_venv/lib/python3.12/site-packages/airflow/example_dags/example_dynamic_task_mapping_with_no_taskflow_operators.py for tasks to queue
[2025-05-16T16:11:48.293-0400] {logging_mixin.py:190} INFO - [2025-05-16T16:11:48.293-0400] {dagbag.py:588} INFO - Filling up the DagBag from /home/aangava/MSP/airflow_venv/lib/python3.12/site-packages/airflow/example_dags/example_dynamic_task_mapping_with_no_taskflow_operators.py
[2025-05-16T16:11:48.300-0400] {processor.py:925} INFO - DAG(s) 'example_dynamic_task_mapping_with_no_taskflow_operators' retrieved from /home/aangava/MSP/airflow_venv/lib/python3.12/site-packages/airflow/example_dags/example_dynamic_task_mapping_with_no_taskflow_operators.py
[2025-05-16T16:11:48.310-0400] {logging_mixin.py:190} INFO - [2025-05-16T16:11:48.310-0400] {dag.py:3239} INFO - Sync 1 DAGs
[2025-05-16T16:11:48.319-0400] {logging_mixin.py:190} INFO - [2025-05-16T16:11:48.318-0400] {dag.py:4180} INFO - Setting next_dagrun for example_dynamic_task_mapping_with_no_taskflow_operators to None, run_after=None
[2025-05-16T16:11:48.330-0400] {processor.py:208} INFO - Processing /home/aangava/MSP/airflow_venv/lib/python3.12/site-packages/airflow/example_dags/example_dynamic_task_mapping_with_no_taskflow_operators.py took 0.043 seconds
[2025-05-16T16:12:46.089-0400] {processor.py:186} INFO - Started process (PID=95678) to work on /home/aangava/MSP/airflow_venv/lib/python3.12/site-packages/airflow/example_dags/example_dynamic_task_mapping_with_no_taskflow_operators.py
[2025-05-16T16:12:46.091-0400] {processor.py:914} INFO - Processing file /home/aangava/MSP/airflow_venv/lib/python3.12/site-packages/airflow/example_dags/example_dynamic_task_mapping_with_no_taskflow_operators.py for tasks to queue
[2025-05-16T16:12:46.092-0400] {logging_mixin.py:190} INFO - [2025-05-16T16:12:46.092-0400] {dagbag.py:588} INFO - Filling up the DagBag from /home/aangava/MSP/airflow_venv/lib/python3.12/site-packages/airflow/example_dags/example_dynamic_task_mapping_with_no_taskflow_operators.py
[2025-05-16T16:12:46.099-0400] {processor.py:925} INFO - DAG(s) 'example_dynamic_task_mapping_with_no_taskflow_operators' retrieved from /home/aangava/MSP/airflow_venv/lib/python3.12/site-packages/airflow/example_dags/example_dynamic_task_mapping_with_no_taskflow_operators.py
[2025-05-16T16:12:46.108-0400] {logging_mixin.py:190} INFO - [2025-05-16T16:12:46.108-0400] {dag.py:3239} INFO - Sync 1 DAGs
[2025-05-16T16:12:46.117-0400] {logging_mixin.py:190} INFO - [2025-05-16T16:12:46.117-0400] {dag.py:4180} INFO - Setting next_dagrun for example_dynamic_task_mapping_with_no_taskflow_operators to None, run_after=None
[2025-05-16T16:12:46.131-0400] {processor.py:208} INFO - Processing /home/aangava/MSP/airflow_venv/lib/python3.12/site-packages/airflow/example_dags/example_dynamic_task_mapping_with_no_taskflow_operators.py took 0.045 seconds
[2025-05-16T16:13:41.444-0400] {processor.py:186} INFO - Started process (PID=95900) to work on /home/aangava/MSP/airflow_venv/lib/python3.12/site-packages/airflow/example_dags/example_dynamic_task_mapping_with_no_taskflow_operators.py
[2025-05-16T16:13:41.454-0400] {processor.py:914} INFO - Processing file /home/aangava/MSP/airflow_venv/lib/python3.12/site-packages/airflow/example_dags/example_dynamic_task_mapping_with_no_taskflow_operators.py for tasks to queue
[2025-05-16T16:13:41.457-0400] {logging_mixin.py:190} INFO - [2025-05-16T16:13:41.457-0400] {dagbag.py:588} INFO - Filling up the DagBag from /home/aangava/MSP/airflow_venv/lib/python3.12/site-packages/airflow/example_dags/example_dynamic_task_mapping_with_no_taskflow_operators.py
[2025-05-16T16:13:41.463-0400] {processor.py:925} INFO - DAG(s) 'example_dynamic_task_mapping_with_no_taskflow_operators' retrieved from /home/aangava/MSP/airflow_venv/lib/python3.12/site-packages/airflow/example_dags/example_dynamic_task_mapping_with_no_taskflow_operators.py
[2025-05-16T16:13:41.471-0400] {logging_mixin.py:190} INFO - [2025-05-16T16:13:41.471-0400] {dag.py:3239} INFO - Sync 1 DAGs
[2025-05-16T16:13:41.479-0400] {logging_mixin.py:190} INFO - [2025-05-16T16:13:41.479-0400] {dag.py:4180} INFO - Setting next_dagrun for example_dynamic_task_mapping_with_no_taskflow_operators to None, run_after=None
[2025-05-16T16:13:41.492-0400] {processor.py:208} INFO - Processing /home/aangava/MSP/airflow_venv/lib/python3.12/site-packages/airflow/example_dags/example_dynamic_task_mapping_with_no_taskflow_operators.py took 0.051 seconds
[2025-05-16T16:14:36.750-0400] {processor.py:186} INFO - Started process (PID=96121) to work on /home/aangava/MSP/airflow_venv/lib/python3.12/site-packages/airflow/example_dags/example_dynamic_task_mapping_with_no_taskflow_operators.py
[2025-05-16T16:14:36.752-0400] {processor.py:914} INFO - Processing file /home/aangava/MSP/airflow_venv/lib/python3.12/site-packages/airflow/example_dags/example_dynamic_task_mapping_with_no_taskflow_operators.py for tasks to queue
[2025-05-16T16:14:36.757-0400] {logging_mixin.py:190} INFO - [2025-05-16T16:14:36.756-0400] {dagbag.py:588} INFO - Filling up the DagBag from /home/aangava/MSP/airflow_venv/lib/python3.12/site-packages/airflow/example_dags/example_dynamic_task_mapping_with_no_taskflow_operators.py
[2025-05-16T16:14:36.765-0400] {processor.py:925} INFO - DAG(s) 'example_dynamic_task_mapping_with_no_taskflow_operators' retrieved from /home/aangava/MSP/airflow_venv/lib/python3.12/site-packages/airflow/example_dags/example_dynamic_task_mapping_with_no_taskflow_operators.py
[2025-05-16T16:14:36.776-0400] {logging_mixin.py:190} INFO - [2025-05-16T16:14:36.776-0400] {dag.py:3239} INFO - Sync 1 DAGs
[2025-05-16T16:14:36.785-0400] {logging_mixin.py:190} INFO - [2025-05-16T16:14:36.785-0400] {dag.py:4180} INFO - Setting next_dagrun for example_dynamic_task_mapping_with_no_taskflow_operators to None, run_after=None
[2025-05-16T16:14:36.807-0400] {processor.py:208} INFO - Processing /home/aangava/MSP/airflow_venv/lib/python3.12/site-packages/airflow/example_dags/example_dynamic_task_mapping_with_no_taskflow_operators.py took 0.064 seconds
[2025-05-16T16:15:29.788-0400] {processor.py:186} INFO - Started process (PID=96504) to work on /home/aangava/MSP/airflow_venv/lib/python3.12/site-packages/airflow/example_dags/example_dynamic_task_mapping_with_no_taskflow_operators.py
[2025-05-16T16:15:29.790-0400] {processor.py:914} INFO - Processing file /home/aangava/MSP/airflow_venv/lib/python3.12/site-packages/airflow/example_dags/example_dynamic_task_mapping_with_no_taskflow_operators.py for tasks to queue
[2025-05-16T16:15:29.791-0400] {logging_mixin.py:190} INFO - [2025-05-16T16:15:29.791-0400] {dagbag.py:588} INFO - Filling up the DagBag from /home/aangava/MSP/airflow_venv/lib/python3.12/site-packages/airflow/example_dags/example_dynamic_task_mapping_with_no_taskflow_operators.py
[2025-05-16T16:15:29.797-0400] {processor.py:925} INFO - DAG(s) 'example_dynamic_task_mapping_with_no_taskflow_operators' retrieved from /home/aangava/MSP/airflow_venv/lib/python3.12/site-packages/airflow/example_dags/example_dynamic_task_mapping_with_no_taskflow_operators.py
[2025-05-16T16:15:29.809-0400] {logging_mixin.py:190} INFO - [2025-05-16T16:15:29.809-0400] {dag.py:3239} INFO - Sync 1 DAGs
[2025-05-16T16:15:29.819-0400] {logging_mixin.py:190} INFO - [2025-05-16T16:15:29.819-0400] {dag.py:4180} INFO - Setting next_dagrun for example_dynamic_task_mapping_with_no_taskflow_operators to None, run_after=None
[2025-05-16T16:15:29.833-0400] {processor.py:208} INFO - Processing /home/aangava/MSP/airflow_venv/lib/python3.12/site-packages/airflow/example_dags/example_dynamic_task_mapping_with_no_taskflow_operators.py took 0.049 seconds
[2025-05-16T16:16:23.725-0400] {processor.py:186} INFO - Started process (PID=104972) to work on /home/aangava/MSP/airflow_venv/lib/python3.12/site-packages/airflow/example_dags/example_dynamic_task_mapping_with_no_taskflow_operators.py
[2025-05-16T16:16:23.726-0400] {processor.py:914} INFO - Processing file /home/aangava/MSP/airflow_venv/lib/python3.12/site-packages/airflow/example_dags/example_dynamic_task_mapping_with_no_taskflow_operators.py for tasks to queue
[2025-05-16T16:16:23.728-0400] {logging_mixin.py:190} INFO - [2025-05-16T16:16:23.728-0400] {dagbag.py:588} INFO - Filling up the DagBag from /home/aangava/MSP/airflow_venv/lib/python3.12/site-packages/airflow/example_dags/example_dynamic_task_mapping_with_no_taskflow_operators.py
[2025-05-16T16:16:23.735-0400] {processor.py:925} INFO - DAG(s) 'example_dynamic_task_mapping_with_no_taskflow_operators' retrieved from /home/aangava/MSP/airflow_venv/lib/python3.12/site-packages/airflow/example_dags/example_dynamic_task_mapping_with_no_taskflow_operators.py
[2025-05-16T16:16:23.748-0400] {logging_mixin.py:190} INFO - [2025-05-16T16:16:23.748-0400] {dag.py:3239} INFO - Sync 1 DAGs
[2025-05-16T16:16:23.760-0400] {logging_mixin.py:190} INFO - [2025-05-16T16:16:23.760-0400] {dag.py:4180} INFO - Setting next_dagrun for example_dynamic_task_mapping_with_no_taskflow_operators to None, run_after=None
[2025-05-16T16:16:23.779-0400] {processor.py:208} INFO - Processing /home/aangava/MSP/airflow_venv/lib/python3.12/site-packages/airflow/example_dags/example_dynamic_task_mapping_with_no_taskflow_operators.py took 0.059 seconds
