[2025-05-16T13:00:28.824-0400] {processor.py:186} INFO - Started process (PID=58745) to work on /home/aangava/MSP/airflow_venv/lib/python3.12/site-packages/airflow/example_dags/example_dynamic_task_mapping.py
[2025-05-16T13:00:28.824-0400] {processor.py:914} INFO - Processing file /home/aangava/MSP/airflow_venv/lib/python3.12/site-packages/airflow/example_dags/example_dynamic_task_mapping.py for tasks to queue
[2025-05-16T13:00:28.825-0400] {logging_mixin.py:190} INFO - [2025-05-16T13:00:28.825-0400] {dagbag.py:588} INFO - Filling up the DagBag from /home/aangava/MSP/airflow_venv/lib/python3.12/site-packages/airflow/example_dags/example_dynamic_task_mapping.py
[2025-05-16T13:00:28.830-0400] {processor.py:925} INFO - DAG(s) 'example_dynamic_task_mapping' retrieved from /home/aangava/MSP/airflow_venv/lib/python3.12/site-packages/airflow/example_dags/example_dynamic_task_mapping.py
[2025-05-16T13:00:28.840-0400] {logging_mixin.py:190} INFO - [2025-05-16T13:00:28.840-0400] {dag.py:3239} INFO - Sync 1 DAGs
[2025-05-16T13:00:28.849-0400] {logging_mixin.py:190} INFO - [2025-05-16T13:00:28.849-0400] {dag.py:4180} INFO - Setting next_dagrun for example_dynamic_task_mapping to None, run_after=None
[2025-05-16T13:00:28.862-0400] {processor.py:208} INFO - Processing /home/aangava/MSP/airflow_venv/lib/python3.12/site-packages/airflow/example_dags/example_dynamic_task_mapping.py took 0.042 seconds
[2025-05-16T13:03:21.401-0400] {processor.py:186} INFO - Started process (PID=58987) to work on /home/aangava/MSP/airflow_venv/lib/python3.12/site-packages/airflow/example_dags/example_dynamic_task_mapping.py
[2025-05-16T13:03:21.402-0400] {processor.py:914} INFO - Processing file /home/aangava/MSP/airflow_venv/lib/python3.12/site-packages/airflow/example_dags/example_dynamic_task_mapping.py for tasks to queue
[2025-05-16T13:03:21.403-0400] {logging_mixin.py:190} INFO - [2025-05-16T13:03:21.403-0400] {dagbag.py:588} INFO - Filling up the DagBag from /home/aangava/MSP/airflow_venv/lib/python3.12/site-packages/airflow/example_dags/example_dynamic_task_mapping.py
[2025-05-16T13:03:21.408-0400] {processor.py:925} INFO - DAG(s) 'example_dynamic_task_mapping' retrieved from /home/aangava/MSP/airflow_venv/lib/python3.12/site-packages/airflow/example_dags/example_dynamic_task_mapping.py
[2025-05-16T13:03:21.418-0400] {logging_mixin.py:190} INFO - [2025-05-16T13:03:21.418-0400] {dag.py:3239} INFO - Sync 1 DAGs
[2025-05-16T13:03:21.425-0400] {logging_mixin.py:190} INFO - [2025-05-16T13:03:21.425-0400] {dag.py:4180} INFO - Setting next_dagrun for example_dynamic_task_mapping to None, run_after=None
[2025-05-16T13:03:21.436-0400] {processor.py:208} INFO - Processing /home/aangava/MSP/airflow_venv/lib/python3.12/site-packages/airflow/example_dags/example_dynamic_task_mapping.py took 0.040 seconds
[2025-05-16T13:04:15.067-0400] {processor.py:186} INFO - Started process (PID=59220) to work on /home/aangava/MSP/airflow_venv/lib/python3.12/site-packages/airflow/example_dags/example_dynamic_task_mapping.py
[2025-05-16T13:04:15.077-0400] {processor.py:914} INFO - Processing file /home/aangava/MSP/airflow_venv/lib/python3.12/site-packages/airflow/example_dags/example_dynamic_task_mapping.py for tasks to queue
[2025-05-16T13:04:15.078-0400] {logging_mixin.py:190} INFO - [2025-05-16T13:04:15.077-0400] {dagbag.py:588} INFO - Filling up the DagBag from /home/aangava/MSP/airflow_venv/lib/python3.12/site-packages/airflow/example_dags/example_dynamic_task_mapping.py
[2025-05-16T13:04:15.083-0400] {processor.py:925} INFO - DAG(s) 'example_dynamic_task_mapping' retrieved from /home/aangava/MSP/airflow_venv/lib/python3.12/site-packages/airflow/example_dags/example_dynamic_task_mapping.py
[2025-05-16T13:04:15.095-0400] {logging_mixin.py:190} INFO - [2025-05-16T13:04:15.095-0400] {dag.py:3239} INFO - Sync 1 DAGs
[2025-05-16T13:04:15.103-0400] {logging_mixin.py:190} INFO - [2025-05-16T13:04:15.103-0400] {dag.py:4180} INFO - Setting next_dagrun for example_dynamic_task_mapping to None, run_after=None
[2025-05-16T13:04:15.117-0400] {processor.py:208} INFO - Processing /home/aangava/MSP/airflow_venv/lib/python3.12/site-packages/airflow/example_dags/example_dynamic_task_mapping.py took 0.053 seconds
