[2025-05-16T13:00:45.366-0400] {processor.py:186} INFO - Started process (PID=58811) to work on /home/aangava/MSP/airflow_venv/lib/python3.12/site-packages/airflow/example_dags/example_inlet_event_extra.py
[2025-05-16T13:00:45.366-0400] {processor.py:914} INFO - Processing file /home/aangava/MSP/airflow_venv/lib/python3.12/site-packages/airflow/example_dags/example_inlet_event_extra.py for tasks to queue
[2025-05-16T13:00:45.367-0400] {logging_mixin.py:190} INFO - [2025-05-16T13:00:45.367-0400] {dagbag.py:588} INFO - Filling up the DagBag from /home/aangava/MSP/airflow_venv/lib/python3.12/site-packages/airflow/example_dags/example_inlet_event_extra.py
[2025-05-16T13:00:45.374-0400] {processor.py:925} INFO - DAG(s) 'read_dataset_event', 'read_dataset_event_from_classic' retrieved from /home/aangava/MSP/airflow_venv/lib/python3.12/site-packages/airflow/example_dags/example_inlet_event_extra.py
[2025-05-16T13:00:45.384-0400] {logging_mixin.py:190} INFO - [2025-05-16T13:00:45.384-0400] {dag.py:3239} INFO - Sync 2 DAGs
[2025-05-16T13:00:45.395-0400] {logging_mixin.py:190} INFO - [2025-05-16T13:00:45.395-0400] {dag.py:4180} INFO - Setting next_dagrun for read_dataset_event to 2025-05-15 00:00:00+00:00, run_after=2025-05-16 00:00:00+00:00
[2025-05-16T13:00:45.398-0400] {logging_mixin.py:190} INFO - [2025-05-16T13:00:45.397-0400] {dag.py:4180} INFO - Setting next_dagrun for read_dataset_event_from_classic to 2025-05-15 00:00:00+00:00, run_after=2025-05-16 00:00:00+00:00
[2025-05-16T13:00:45.410-0400] {processor.py:208} INFO - Processing /home/aangava/MSP/airflow_venv/lib/python3.12/site-packages/airflow/example_dags/example_inlet_event_extra.py took 0.048 seconds
[2025-05-16T13:03:37.340-0400] {processor.py:186} INFO - Started process (PID=59052) to work on /home/aangava/MSP/airflow_venv/lib/python3.12/site-packages/airflow/example_dags/example_inlet_event_extra.py
[2025-05-16T13:03:37.341-0400] {processor.py:914} INFO - Processing file /home/aangava/MSP/airflow_venv/lib/python3.12/site-packages/airflow/example_dags/example_inlet_event_extra.py for tasks to queue
[2025-05-16T13:03:37.342-0400] {logging_mixin.py:190} INFO - [2025-05-16T13:03:37.342-0400] {dagbag.py:588} INFO - Filling up the DagBag from /home/aangava/MSP/airflow_venv/lib/python3.12/site-packages/airflow/example_dags/example_inlet_event_extra.py
[2025-05-16T13:03:37.350-0400] {processor.py:925} INFO - DAG(s) 'read_dataset_event_from_classic', 'read_dataset_event' retrieved from /home/aangava/MSP/airflow_venv/lib/python3.12/site-packages/airflow/example_dags/example_inlet_event_extra.py
[2025-05-16T13:03:37.362-0400] {logging_mixin.py:190} INFO - [2025-05-16T13:03:37.362-0400] {dag.py:3239} INFO - Sync 2 DAGs
[2025-05-16T13:03:37.374-0400] {logging_mixin.py:190} INFO - [2025-05-16T13:03:37.374-0400] {dag.py:4180} INFO - Setting next_dagrun for read_dataset_event to 2025-05-15 00:00:00+00:00, run_after=2025-05-16 00:00:00+00:00
[2025-05-16T13:03:37.377-0400] {logging_mixin.py:190} INFO - [2025-05-16T13:03:37.377-0400] {dag.py:4180} INFO - Setting next_dagrun for read_dataset_event_from_classic to 2025-05-15 00:00:00+00:00, run_after=2025-05-16 00:00:00+00:00
[2025-05-16T13:03:37.388-0400] {processor.py:208} INFO - Processing /home/aangava/MSP/airflow_venv/lib/python3.12/site-packages/airflow/example_dags/example_inlet_event_extra.py took 0.053 seconds
[2025-05-16T13:04:31.610-0400] {processor.py:186} INFO - Started process (PID=59342) to work on /home/aangava/MSP/airflow_venv/lib/python3.12/site-packages/airflow/example_dags/example_inlet_event_extra.py
[2025-05-16T13:04:31.620-0400] {processor.py:914} INFO - Processing file /home/aangava/MSP/airflow_venv/lib/python3.12/site-packages/airflow/example_dags/example_inlet_event_extra.py for tasks to queue
[2025-05-16T13:04:31.621-0400] {logging_mixin.py:190} INFO - [2025-05-16T13:04:31.620-0400] {dagbag.py:588} INFO - Filling up the DagBag from /home/aangava/MSP/airflow_venv/lib/python3.12/site-packages/airflow/example_dags/example_inlet_event_extra.py
[2025-05-16T13:04:31.628-0400] {processor.py:925} INFO - DAG(s) 'read_dataset_event_from_classic', 'read_dataset_event' retrieved from /home/aangava/MSP/airflow_venv/lib/python3.12/site-packages/airflow/example_dags/example_inlet_event_extra.py
[2025-05-16T13:04:31.641-0400] {logging_mixin.py:190} INFO - [2025-05-16T13:04:31.641-0400] {dag.py:3239} INFO - Sync 2 DAGs
[2025-05-16T13:04:31.655-0400] {logging_mixin.py:190} INFO - [2025-05-16T13:04:31.655-0400] {dag.py:4180} INFO - Setting next_dagrun for read_dataset_event to 2025-05-15 00:00:00+00:00, run_after=2025-05-16 00:00:00+00:00
[2025-05-16T13:04:31.658-0400] {logging_mixin.py:190} INFO - [2025-05-16T13:04:31.657-0400] {dag.py:4180} INFO - Setting next_dagrun for read_dataset_event_from_classic to 2025-05-15 00:00:00+00:00, run_after=2025-05-16 00:00:00+00:00
[2025-05-16T13:04:31.670-0400] {processor.py:208} INFO - Processing /home/aangava/MSP/airflow_venv/lib/python3.12/site-packages/airflow/example_dags/example_inlet_event_extra.py took 0.065 seconds
