[2025-05-16T13:00:25.956-0400] {processor.py:186} INFO - Started process (PID=58727) to work on /home/aangava/MSP/airflow_venv/lib/python3.12/site-packages/airflow/example_dags/example_datasets.py
[2025-05-16T13:00:25.957-0400] {processor.py:914} INFO - Processing file /home/aangava/MSP/airflow_venv/lib/python3.12/site-packages/airflow/example_dags/example_datasets.py for tasks to queue
[2025-05-16T13:00:25.958-0400] {logging_mixin.py:190} INFO - [2025-05-16T13:00:25.957-0400] {dagbag.py:588} INFO - Filling up the DagBag from /home/aangava/MSP/airflow_venv/lib/python3.12/site-packages/airflow/example_dags/example_datasets.py
[2025-05-16T13:00:25.966-0400] {processor.py:925} INFO - DAG(s) 'consume_1_or_both_2_and_3_with_dataset_expressions', 'consume_1_or_2_with_dataset_expressions', 'conditional_dataset_and_time_based_timetable', 'dataset_consumes_1_never_scheduled', 'dataset_consumes_1_and_2', 'dataset_produces_2', 'dataset_consumes_unknown_never_scheduled', 'dataset_consumes_1', 'consume_1_and_2_with_dataset_expressions', 'dataset_produces_1' retrieved from /home/aangava/MSP/airflow_venv/lib/python3.12/site-packages/airflow/example_dags/example_datasets.py
[2025-05-16T13:00:25.988-0400] {logging_mixin.py:190} INFO - [2025-05-16T13:00:25.987-0400] {dag.py:3239} INFO - Sync 10 DAGs
[2025-05-16T13:00:26.000-0400] {logging_mixin.py:190} INFO - [2025-05-16T13:00:26.000-0400] {dag.py:4180} INFO - Setting next_dagrun for conditional_dataset_and_time_based_timetable to 2025-05-14 01:00:00+00:00, run_after=2025-05-14 01:00:00+00:00
[2025-05-16T13:00:26.001-0400] {logging_mixin.py:190} INFO - [2025-05-16T13:00:26.001-0400] {dag.py:4180} INFO - Setting next_dagrun for consume_1_and_2_with_dataset_expressions to None, run_after=None
[2025-05-16T13:00:26.002-0400] {logging_mixin.py:190} INFO - [2025-05-16T13:00:26.002-0400] {dag.py:4180} INFO - Setting next_dagrun for consume_1_or_2_with_dataset_expressions to None, run_after=None
[2025-05-16T13:00:26.002-0400] {logging_mixin.py:190} INFO - [2025-05-16T13:00:26.002-0400] {dag.py:4180} INFO - Setting next_dagrun for consume_1_or_both_2_and_3_with_dataset_expressions to None, run_after=None
[2025-05-16T13:00:26.003-0400] {logging_mixin.py:190} INFO - [2025-05-16T13:00:26.003-0400] {dag.py:4180} INFO - Setting next_dagrun for dataset_consumes_1 to None, run_after=None
[2025-05-16T13:00:26.003-0400] {logging_mixin.py:190} INFO - [2025-05-16T13:00:26.003-0400] {dag.py:4180} INFO - Setting next_dagrun for dataset_consumes_1_and_2 to None, run_after=None
[2025-05-16T13:00:26.003-0400] {logging_mixin.py:190} INFO - [2025-05-16T13:00:26.003-0400] {dag.py:4180} INFO - Setting next_dagrun for dataset_consumes_1_never_scheduled to None, run_after=None
[2025-05-16T13:00:26.004-0400] {logging_mixin.py:190} INFO - [2025-05-16T13:00:26.004-0400] {dag.py:4180} INFO - Setting next_dagrun for dataset_consumes_unknown_never_scheduled to None, run_after=None
[2025-05-16T13:00:26.005-0400] {logging_mixin.py:190} INFO - [2025-05-16T13:00:26.005-0400] {dag.py:4180} INFO - Setting next_dagrun for dataset_produces_1 to 2025-05-15 00:00:00+00:00, run_after=2025-05-16 00:00:00+00:00
[2025-05-16T13:00:26.005-0400] {logging_mixin.py:190} INFO - [2025-05-16T13:00:26.005-0400] {dag.py:4180} INFO - Setting next_dagrun for dataset_produces_2 to None, run_after=None
[2025-05-16T13:00:26.024-0400] {processor.py:208} INFO - Processing /home/aangava/MSP/airflow_venv/lib/python3.12/site-packages/airflow/example_dags/example_datasets.py took 0.072 seconds
[2025-05-16T13:03:17.379-0400] {processor.py:186} INFO - Started process (PID=58969) to work on /home/aangava/MSP/airflow_venv/lib/python3.12/site-packages/airflow/example_dags/example_datasets.py
[2025-05-16T13:03:17.380-0400] {processor.py:914} INFO - Processing file /home/aangava/MSP/airflow_venv/lib/python3.12/site-packages/airflow/example_dags/example_datasets.py for tasks to queue
[2025-05-16T13:03:17.381-0400] {logging_mixin.py:190} INFO - [2025-05-16T13:03:17.381-0400] {dagbag.py:588} INFO - Filling up the DagBag from /home/aangava/MSP/airflow_venv/lib/python3.12/site-packages/airflow/example_dags/example_datasets.py
[2025-05-16T13:03:17.394-0400] {processor.py:925} INFO - DAG(s) 'dataset_consumes_unknown_never_scheduled', 'dataset_produces_1', 'conditional_dataset_and_time_based_timetable', 'consume_1_and_2_with_dataset_expressions', 'dataset_produces_2', 'dataset_consumes_1', 'dataset_consumes_1_never_scheduled', 'consume_1_or_both_2_and_3_with_dataset_expressions', 'dataset_consumes_1_and_2', 'consume_1_or_2_with_dataset_expressions' retrieved from /home/aangava/MSP/airflow_venv/lib/python3.12/site-packages/airflow/example_dags/example_datasets.py
[2025-05-16T13:03:17.423-0400] {logging_mixin.py:190} INFO - [2025-05-16T13:03:17.423-0400] {dag.py:3239} INFO - Sync 10 DAGs
[2025-05-16T13:03:17.440-0400] {logging_mixin.py:190} INFO - [2025-05-16T13:03:17.440-0400] {dag.py:4180} INFO - Setting next_dagrun for conditional_dataset_and_time_based_timetable to 2025-05-14 01:00:00+00:00, run_after=2025-05-14 01:00:00+00:00
[2025-05-16T13:03:17.444-0400] {logging_mixin.py:190} INFO - [2025-05-16T13:03:17.444-0400] {dag.py:4180} INFO - Setting next_dagrun for consume_1_and_2_with_dataset_expressions to None, run_after=None
[2025-05-16T13:03:17.445-0400] {logging_mixin.py:190} INFO - [2025-05-16T13:03:17.445-0400] {dag.py:4180} INFO - Setting next_dagrun for consume_1_or_2_with_dataset_expressions to None, run_after=None
[2025-05-16T13:03:17.446-0400] {logging_mixin.py:190} INFO - [2025-05-16T13:03:17.446-0400] {dag.py:4180} INFO - Setting next_dagrun for consume_1_or_both_2_and_3_with_dataset_expressions to None, run_after=None
[2025-05-16T13:03:17.447-0400] {logging_mixin.py:190} INFO - [2025-05-16T13:03:17.447-0400] {dag.py:4180} INFO - Setting next_dagrun for dataset_consumes_1 to None, run_after=None
[2025-05-16T13:03:17.448-0400] {logging_mixin.py:190} INFO - [2025-05-16T13:03:17.448-0400] {dag.py:4180} INFO - Setting next_dagrun for dataset_consumes_1_and_2 to None, run_after=None
[2025-05-16T13:03:17.449-0400] {logging_mixin.py:190} INFO - [2025-05-16T13:03:17.449-0400] {dag.py:4180} INFO - Setting next_dagrun for dataset_consumes_1_never_scheduled to None, run_after=None
[2025-05-16T13:03:17.449-0400] {logging_mixin.py:190} INFO - [2025-05-16T13:03:17.449-0400] {dag.py:4180} INFO - Setting next_dagrun for dataset_consumes_unknown_never_scheduled to None, run_after=None
[2025-05-16T13:03:17.451-0400] {logging_mixin.py:190} INFO - [2025-05-16T13:03:17.451-0400] {dag.py:4180} INFO - Setting next_dagrun for dataset_produces_1 to 2025-05-15 00:00:00+00:00, run_after=2025-05-16 00:00:00+00:00
[2025-05-16T13:03:17.451-0400] {logging_mixin.py:190} INFO - [2025-05-16T13:03:17.451-0400] {dag.py:4180} INFO - Setting next_dagrun for dataset_produces_2 to None, run_after=None
[2025-05-16T13:03:17.478-0400] {processor.py:208} INFO - Processing /home/aangava/MSP/airflow_venv/lib/python3.12/site-packages/airflow/example_dags/example_datasets.py took 0.104 seconds
[2025-05-16T13:04:11.513-0400] {processor.py:186} INFO - Started process (PID=59204) to work on /home/aangava/MSP/airflow_venv/lib/python3.12/site-packages/airflow/example_dags/example_datasets.py
[2025-05-16T13:04:11.514-0400] {processor.py:914} INFO - Processing file /home/aangava/MSP/airflow_venv/lib/python3.12/site-packages/airflow/example_dags/example_datasets.py for tasks to queue
[2025-05-16T13:04:11.515-0400] {logging_mixin.py:190} INFO - [2025-05-16T13:04:11.515-0400] {dagbag.py:588} INFO - Filling up the DagBag from /home/aangava/MSP/airflow_venv/lib/python3.12/site-packages/airflow/example_dags/example_datasets.py
[2025-05-16T13:04:11.524-0400] {processor.py:925} INFO - DAG(s) 'dataset_consumes_1_and_2', 'consume_1_and_2_with_dataset_expressions', 'consume_1_or_2_with_dataset_expressions', 'dataset_consumes_1', 'dataset_produces_1', 'dataset_consumes_unknown_never_scheduled', 'consume_1_or_both_2_and_3_with_dataset_expressions', 'dataset_consumes_1_never_scheduled', 'conditional_dataset_and_time_based_timetable', 'dataset_produces_2' retrieved from /home/aangava/MSP/airflow_venv/lib/python3.12/site-packages/airflow/example_dags/example_datasets.py
[2025-05-16T13:04:11.546-0400] {logging_mixin.py:190} INFO - [2025-05-16T13:04:11.545-0400] {dag.py:3239} INFO - Sync 10 DAGs
[2025-05-16T13:04:11.558-0400] {logging_mixin.py:190} INFO - [2025-05-16T13:04:11.558-0400] {dag.py:4180} INFO - Setting next_dagrun for conditional_dataset_and_time_based_timetable to 2025-05-14 01:00:00+00:00, run_after=2025-05-14 01:00:00+00:00
[2025-05-16T13:04:11.560-0400] {logging_mixin.py:190} INFO - [2025-05-16T13:04:11.560-0400] {dag.py:4180} INFO - Setting next_dagrun for consume_1_and_2_with_dataset_expressions to None, run_after=None
[2025-05-16T13:04:11.560-0400] {logging_mixin.py:190} INFO - [2025-05-16T13:04:11.560-0400] {dag.py:4180} INFO - Setting next_dagrun for consume_1_or_2_with_dataset_expressions to None, run_after=None
[2025-05-16T13:04:11.561-0400] {logging_mixin.py:190} INFO - [2025-05-16T13:04:11.561-0400] {dag.py:4180} INFO - Setting next_dagrun for consume_1_or_both_2_and_3_with_dataset_expressions to None, run_after=None
[2025-05-16T13:04:11.561-0400] {logging_mixin.py:190} INFO - [2025-05-16T13:04:11.561-0400] {dag.py:4180} INFO - Setting next_dagrun for dataset_consumes_1 to None, run_after=None
[2025-05-16T13:04:11.562-0400] {logging_mixin.py:190} INFO - [2025-05-16T13:04:11.561-0400] {dag.py:4180} INFO - Setting next_dagrun for dataset_consumes_1_and_2 to None, run_after=None
[2025-05-16T13:04:11.562-0400] {logging_mixin.py:190} INFO - [2025-05-16T13:04:11.562-0400] {dag.py:4180} INFO - Setting next_dagrun for dataset_consumes_1_never_scheduled to None, run_after=None
[2025-05-16T13:04:11.562-0400] {logging_mixin.py:190} INFO - [2025-05-16T13:04:11.562-0400] {dag.py:4180} INFO - Setting next_dagrun for dataset_consumes_unknown_never_scheduled to None, run_after=None
[2025-05-16T13:04:11.563-0400] {logging_mixin.py:190} INFO - [2025-05-16T13:04:11.563-0400] {dag.py:4180} INFO - Setting next_dagrun for dataset_produces_1 to 2025-05-15 00:00:00+00:00, run_after=2025-05-16 00:00:00+00:00
[2025-05-16T13:04:11.564-0400] {logging_mixin.py:190} INFO - [2025-05-16T13:04:11.564-0400] {dag.py:4180} INFO - Setting next_dagrun for dataset_produces_2 to None, run_after=None
[2025-05-16T13:04:11.580-0400] {processor.py:208} INFO - Processing /home/aangava/MSP/airflow_venv/lib/python3.12/site-packages/airflow/example_dags/example_datasets.py took 0.072 seconds
