[2025-05-16T13:00:28.221-0400] {processor.py:186} INFO - Started process (PID=58737) to work on /home/aangava/MSP/airflow_venv/lib/python3.12/site-packages/airflow/example_dags/example_branch_python_dop_operator_3.py
[2025-05-16T13:00:28.221-0400] {processor.py:914} INFO - Processing file /home/aangava/MSP/airflow_venv/lib/python3.12/site-packages/airflow/example_dags/example_branch_python_dop_operator_3.py for tasks to queue
[2025-05-16T13:00:28.222-0400] {logging_mixin.py:190} INFO - [2025-05-16T13:00:28.222-0400] {dagbag.py:588} INFO - Filling up the DagBag from /home/aangava/MSP/airflow_venv/lib/python3.12/site-packages/airflow/example_dags/example_branch_python_dop_operator_3.py
[2025-05-16T13:00:28.229-0400] {processor.py:925} INFO - DAG(s) 'example_branch_dop_operator_v3' retrieved from /home/aangava/MSP/airflow_venv/lib/python3.12/site-packages/airflow/example_dags/example_branch_python_dop_operator_3.py
[2025-05-16T13:00:28.242-0400] {logging_mixin.py:190} INFO - [2025-05-16T13:00:28.241-0400] {dag.py:3239} INFO - Sync 1 DAGs
[2025-05-16T13:00:28.255-0400] {logging_mixin.py:190} INFO - [2025-05-16T13:00:28.255-0400] {dag.py:4180} INFO - Setting next_dagrun for example_branch_dop_operator_v3 to 2025-05-16 16:59:00+00:00, run_after=2025-05-16 17:00:00+00:00
[2025-05-16T13:00:28.271-0400] {processor.py:208} INFO - Processing /home/aangava/MSP/airflow_venv/lib/python3.12/site-packages/airflow/example_dags/example_branch_python_dop_operator_3.py took 0.054 seconds
[2025-05-16T13:03:19.755-0400] {processor.py:186} INFO - Started process (PID=58980) to work on /home/aangava/MSP/airflow_venv/lib/python3.12/site-packages/airflow/example_dags/example_branch_python_dop_operator_3.py
[2025-05-16T13:03:19.765-0400] {processor.py:914} INFO - Processing file /home/aangava/MSP/airflow_venv/lib/python3.12/site-packages/airflow/example_dags/example_branch_python_dop_operator_3.py for tasks to queue
[2025-05-16T13:03:19.766-0400] {logging_mixin.py:190} INFO - [2025-05-16T13:03:19.766-0400] {dagbag.py:588} INFO - Filling up the DagBag from /home/aangava/MSP/airflow_venv/lib/python3.12/site-packages/airflow/example_dags/example_branch_python_dop_operator_3.py
[2025-05-16T13:03:19.772-0400] {processor.py:925} INFO - DAG(s) 'example_branch_dop_operator_v3' retrieved from /home/aangava/MSP/airflow_venv/lib/python3.12/site-packages/airflow/example_dags/example_branch_python_dop_operator_3.py
[2025-05-16T13:03:19.783-0400] {logging_mixin.py:190} INFO - [2025-05-16T13:03:19.783-0400] {dag.py:3239} INFO - Sync 1 DAGs
[2025-05-16T13:03:19.796-0400] {logging_mixin.py:190} INFO - [2025-05-16T13:03:19.795-0400] {dag.py:4180} INFO - Setting next_dagrun for example_branch_dop_operator_v3 to 2025-05-16 17:02:00+00:00, run_after=2025-05-16 17:03:00+00:00
[2025-05-16T13:03:19.808-0400] {processor.py:208} INFO - Processing /home/aangava/MSP/airflow_venv/lib/python3.12/site-packages/airflow/example_dags/example_branch_python_dop_operator_3.py took 0.058 seconds
[2025-05-16T13:04:13.158-0400] {processor.py:186} INFO - Started process (PID=59212) to work on /home/aangava/MSP/airflow_venv/lib/python3.12/site-packages/airflow/example_dags/example_branch_python_dop_operator_3.py
[2025-05-16T13:04:13.160-0400] {processor.py:914} INFO - Processing file /home/aangava/MSP/airflow_venv/lib/python3.12/site-packages/airflow/example_dags/example_branch_python_dop_operator_3.py for tasks to queue
[2025-05-16T13:04:13.160-0400] {logging_mixin.py:190} INFO - [2025-05-16T13:04:13.160-0400] {dagbag.py:588} INFO - Filling up the DagBag from /home/aangava/MSP/airflow_venv/lib/python3.12/site-packages/airflow/example_dags/example_branch_python_dop_operator_3.py
[2025-05-16T13:04:13.166-0400] {processor.py:925} INFO - DAG(s) 'example_branch_dop_operator_v3' retrieved from /home/aangava/MSP/airflow_venv/lib/python3.12/site-packages/airflow/example_dags/example_branch_python_dop_operator_3.py
[2025-05-16T13:04:13.176-0400] {logging_mixin.py:190} INFO - [2025-05-16T13:04:13.176-0400] {dag.py:3239} INFO - Sync 1 DAGs
[2025-05-16T13:04:13.188-0400] {logging_mixin.py:190} INFO - [2025-05-16T13:04:13.188-0400] {dag.py:4180} INFO - Setting next_dagrun for example_branch_dop_operator_v3 to 2025-05-16 17:03:00+00:00, run_after=2025-05-16 17:04:00+00:00
[2025-05-16T13:04:13.200-0400] {processor.py:208} INFO - Processing /home/aangava/MSP/airflow_venv/lib/python3.12/site-packages/airflow/example_dags/example_branch_python_dop_operator_3.py took 0.045 seconds
