[2025-05-16T13:00:24.825-0400] {processor.py:186} INFO - Started process (PID=58726) to work on /home/aangava/MSP/airflow_venv/lib/python3.12/site-packages/airflow/example_dags/example_python_operator.py
[2025-05-16T13:00:24.825-0400] {processor.py:914} INFO - Processing file /home/aangava/MSP/airflow_venv/lib/python3.12/site-packages/airflow/example_dags/example_python_operator.py for tasks to queue
[2025-05-16T13:00:24.826-0400] {logging_mixin.py:190} INFO - [2025-05-16T13:00:24.826-0400] {dagbag.py:588} INFO - Filling up the DagBag from /home/aangava/MSP/airflow_venv/lib/python3.12/site-packages/airflow/example_dags/example_python_operator.py
[2025-05-16T13:00:24.857-0400] {logging_mixin.py:190} INFO - [2025-05-16T13:00:24.856-0400] {example_python_operator.py:93} WARNING - The virtalenv_python example task requires virtualenv, please install it.
[2025-05-16T13:00:24.858-0400] {processor.py:925} INFO - DAG(s) 'example_python_operator' retrieved from /home/aangava/MSP/airflow_venv/lib/python3.12/site-packages/airflow/example_dags/example_python_operator.py
[2025-05-16T13:00:24.870-0400] {logging_mixin.py:190} INFO - [2025-05-16T13:00:24.870-0400] {dag.py:3239} INFO - Sync 1 DAGs
[2025-05-16T13:00:24.878-0400] {logging_mixin.py:190} INFO - [2025-05-16T13:00:24.878-0400] {dag.py:4180} INFO - Setting next_dagrun for example_python_operator to None, run_after=None
[2025-05-16T13:00:24.892-0400] {processor.py:208} INFO - Processing /home/aangava/MSP/airflow_venv/lib/python3.12/site-packages/airflow/example_dags/example_python_operator.py took 0.072 seconds
[2025-05-16T13:03:16.783-0400] {processor.py:186} INFO - Started process (PID=58968) to work on /home/aangava/MSP/airflow_venv/lib/python3.12/site-packages/airflow/example_dags/example_python_operator.py
[2025-05-16T13:03:16.793-0400] {processor.py:914} INFO - Processing file /home/aangava/MSP/airflow_venv/lib/python3.12/site-packages/airflow/example_dags/example_python_operator.py for tasks to queue
[2025-05-16T13:03:16.794-0400] {logging_mixin.py:190} INFO - [2025-05-16T13:03:16.794-0400] {dagbag.py:588} INFO - Filling up the DagBag from /home/aangava/MSP/airflow_venv/lib/python3.12/site-packages/airflow/example_dags/example_python_operator.py
[2025-05-16T13:03:16.830-0400] {logging_mixin.py:190} INFO - [2025-05-16T13:03:16.829-0400] {example_python_operator.py:93} WARNING - The virtalenv_python example task requires virtualenv, please install it.
[2025-05-16T13:03:16.830-0400] {processor.py:925} INFO - DAG(s) 'example_python_operator' retrieved from /home/aangava/MSP/airflow_venv/lib/python3.12/site-packages/airflow/example_dags/example_python_operator.py
[2025-05-16T13:03:16.843-0400] {logging_mixin.py:190} INFO - [2025-05-16T13:03:16.842-0400] {dag.py:3239} INFO - Sync 1 DAGs
[2025-05-16T13:03:16.850-0400] {logging_mixin.py:190} INFO - [2025-05-16T13:03:16.850-0400] {dag.py:4180} INFO - Setting next_dagrun for example_python_operator to None, run_after=None
[2025-05-16T13:03:16.868-0400] {processor.py:208} INFO - Processing /home/aangava/MSP/airflow_venv/lib/python3.12/site-packages/airflow/example_dags/example_python_operator.py took 0.090 seconds
[2025-05-16T13:04:10.639-0400] {processor.py:186} INFO - Started process (PID=59197) to work on /home/aangava/MSP/airflow_venv/lib/python3.12/site-packages/airflow/example_dags/example_python_operator.py
[2025-05-16T13:04:10.649-0400] {processor.py:914} INFO - Processing file /home/aangava/MSP/airflow_venv/lib/python3.12/site-packages/airflow/example_dags/example_python_operator.py for tasks to queue
[2025-05-16T13:04:10.650-0400] {logging_mixin.py:190} INFO - [2025-05-16T13:04:10.650-0400] {dagbag.py:588} INFO - Filling up the DagBag from /home/aangava/MSP/airflow_venv/lib/python3.12/site-packages/airflow/example_dags/example_python_operator.py
[2025-05-16T13:04:10.701-0400] {logging_mixin.py:190} INFO - [2025-05-16T13:04:10.700-0400] {example_python_operator.py:93} WARNING - The virtalenv_python example task requires virtualenv, please install it.
[2025-05-16T13:04:10.701-0400] {processor.py:925} INFO - DAG(s) 'example_python_operator' retrieved from /home/aangava/MSP/airflow_venv/lib/python3.12/site-packages/airflow/example_dags/example_python_operator.py
[2025-05-16T13:04:10.712-0400] {logging_mixin.py:190} INFO - [2025-05-16T13:04:10.712-0400] {dag.py:3239} INFO - Sync 1 DAGs
[2025-05-16T13:04:10.719-0400] {logging_mixin.py:190} INFO - [2025-05-16T13:04:10.719-0400] {dag.py:4180} INFO - Setting next_dagrun for example_python_operator to None, run_after=None
[2025-05-16T13:04:10.732-0400] {processor.py:208} INFO - Processing /home/aangava/MSP/airflow_venv/lib/python3.12/site-packages/airflow/example_dags/example_python_operator.py took 0.097 seconds
[2025-05-16T13:05:01.434-0400] {processor.py:186} INFO - Started process (PID=59552) to work on /home/aangava/MSP/airflow_venv/lib/python3.12/site-packages/airflow/example_dags/example_python_operator.py
[2025-05-16T13:05:01.436-0400] {processor.py:914} INFO - Processing file /home/aangava/MSP/airflow_venv/lib/python3.12/site-packages/airflow/example_dags/example_python_operator.py for tasks to queue
[2025-05-16T13:05:01.437-0400] {logging_mixin.py:190} INFO - [2025-05-16T13:05:01.436-0400] {dagbag.py:588} INFO - Filling up the DagBag from /home/aangava/MSP/airflow_venv/lib/python3.12/site-packages/airflow/example_dags/example_python_operator.py
[2025-05-16T13:05:01.459-0400] {logging_mixin.py:190} INFO - [2025-05-16T13:05:01.459-0400] {example_python_operator.py:93} WARNING - The virtalenv_python example task requires virtualenv, please install it.
[2025-05-16T13:05:01.459-0400] {processor.py:925} INFO - DAG(s) 'example_python_operator' retrieved from /home/aangava/MSP/airflow_venv/lib/python3.12/site-packages/airflow/example_dags/example_python_operator.py
[2025-05-16T13:05:01.470-0400] {logging_mixin.py:190} INFO - [2025-05-16T13:05:01.470-0400] {dag.py:3239} INFO - Sync 1 DAGs
[2025-05-16T13:05:01.476-0400] {logging_mixin.py:190} INFO - [2025-05-16T13:05:01.476-0400] {dag.py:4180} INFO - Setting next_dagrun for example_python_operator to None, run_after=None
[2025-05-16T13:05:01.488-0400] {processor.py:208} INFO - Processing /home/aangava/MSP/airflow_venv/lib/python3.12/site-packages/airflow/example_dags/example_python_operator.py took 0.057 seconds
