[2025-05-16T13:00:29.959-0400] {processor.py:186} INFO - Started process (PID=58746) to work on /home/aangava/MSP/airflow_venv/lib/python3.12/site-packages/airflow/example_dags/example_branch_operator.py
[2025-05-16T13:00:29.959-0400] {processor.py:914} INFO - Processing file /home/aangava/MSP/airflow_venv/lib/python3.12/site-packages/airflow/example_dags/example_branch_operator.py for tasks to queue
[2025-05-16T13:00:29.960-0400] {logging_mixin.py:190} INFO - [2025-05-16T13:00:29.960-0400] {dagbag.py:588} INFO - Filling up the DagBag from /home/aangava/MSP/airflow_venv/lib/python3.12/site-packages/airflow/example_dags/example_branch_operator.py
[2025-05-16T13:00:29.987-0400] {processor.py:927} WARNING - No viable dags retrieved from /home/aangava/MSP/airflow_venv/lib/python3.12/site-packages/airflow/example_dags/example_branch_operator.py
[2025-05-16T13:00:29.994-0400] {processor.py:208} INFO - Processing /home/aangava/MSP/airflow_venv/lib/python3.12/site-packages/airflow/example_dags/example_branch_operator.py took 0.039 seconds
[2025-05-16T13:03:22.532-0400] {processor.py:186} INFO - Started process (PID=58994) to work on /home/aangava/MSP/airflow_venv/lib/python3.12/site-packages/airflow/example_dags/example_branch_operator.py
[2025-05-16T13:03:22.542-0400] {processor.py:914} INFO - Processing file /home/aangava/MSP/airflow_venv/lib/python3.12/site-packages/airflow/example_dags/example_branch_operator.py for tasks to queue
[2025-05-16T13:03:22.543-0400] {logging_mixin.py:190} INFO - [2025-05-16T13:03:22.543-0400] {dagbag.py:588} INFO - Filling up the DagBag from /home/aangava/MSP/airflow_venv/lib/python3.12/site-packages/airflow/example_dags/example_branch_operator.py
[2025-05-16T13:03:22.585-0400] {processor.py:927} WARNING - No viable dags retrieved from /home/aangava/MSP/airflow_venv/lib/python3.12/site-packages/airflow/example_dags/example_branch_operator.py
[2025-05-16T13:03:22.592-0400] {processor.py:208} INFO - Processing /home/aangava/MSP/airflow_venv/lib/python3.12/site-packages/airflow/example_dags/example_branch_operator.py took 0.064 seconds
[2025-05-16T13:04:16.195-0400] {processor.py:186} INFO - Started process (PID=59221) to work on /home/aangava/MSP/airflow_venv/lib/python3.12/site-packages/airflow/example_dags/example_branch_operator.py
[2025-05-16T13:04:16.199-0400] {processor.py:914} INFO - Processing file /home/aangava/MSP/airflow_venv/lib/python3.12/site-packages/airflow/example_dags/example_branch_operator.py for tasks to queue
[2025-05-16T13:04:16.200-0400] {logging_mixin.py:190} INFO - [2025-05-16T13:04:16.200-0400] {dagbag.py:588} INFO - Filling up the DagBag from /home/aangava/MSP/airflow_venv/lib/python3.12/site-packages/airflow/example_dags/example_branch_operator.py
[2025-05-16T13:04:16.227-0400] {processor.py:927} WARNING - No viable dags retrieved from /home/aangava/MSP/airflow_venv/lib/python3.12/site-packages/airflow/example_dags/example_branch_operator.py
[2025-05-16T13:04:16.234-0400] {processor.py:208} INFO - Processing /home/aangava/MSP/airflow_venv/lib/python3.12/site-packages/airflow/example_dags/example_branch_operator.py took 0.043 seconds
[2025-05-16T16:10:42.408-0400] {processor.py:186} INFO - Started process (PID=95149) to work on /home/aangava/MSP/airflow_venv/lib/python3.12/site-packages/airflow/example_dags/example_branch_operator.py
[2025-05-16T16:10:42.418-0400] {processor.py:914} INFO - Processing file /home/aangava/MSP/airflow_venv/lib/python3.12/site-packages/airflow/example_dags/example_branch_operator.py for tasks to queue
[2025-05-16T16:10:42.420-0400] {logging_mixin.py:190} INFO - [2025-05-16T16:10:42.419-0400] {dagbag.py:588} INFO - Filling up the DagBag from /home/aangava/MSP/airflow_venv/lib/python3.12/site-packages/airflow/example_dags/example_branch_operator.py
[2025-05-16T16:10:42.442-0400] {processor.py:927} WARNING - No viable dags retrieved from /home/aangava/MSP/airflow_venv/lib/python3.12/site-packages/airflow/example_dags/example_branch_operator.py
[2025-05-16T16:10:42.448-0400] {processor.py:208} INFO - Processing /home/aangava/MSP/airflow_venv/lib/python3.12/site-packages/airflow/example_dags/example_branch_operator.py took 0.044 seconds
[2025-05-16T16:11:39.146-0400] {processor.py:186} INFO - Started process (PID=95409) to work on /home/aangava/MSP/airflow_venv/lib/python3.12/site-packages/airflow/example_dags/example_branch_operator.py
[2025-05-16T16:11:39.147-0400] {processor.py:914} INFO - Processing file /home/aangava/MSP/airflow_venv/lib/python3.12/site-packages/airflow/example_dags/example_branch_operator.py for tasks to queue
[2025-05-16T16:11:39.149-0400] {logging_mixin.py:190} INFO - [2025-05-16T16:11:39.149-0400] {dagbag.py:588} INFO - Filling up the DagBag from /home/aangava/MSP/airflow_venv/lib/python3.12/site-packages/airflow/example_dags/example_branch_operator.py
[2025-05-16T16:11:39.172-0400] {processor.py:927} WARNING - No viable dags retrieved from /home/aangava/MSP/airflow_venv/lib/python3.12/site-packages/airflow/example_dags/example_branch_operator.py
[2025-05-16T16:11:39.179-0400] {processor.py:208} INFO - Processing /home/aangava/MSP/airflow_venv/lib/python3.12/site-packages/airflow/example_dags/example_branch_operator.py took 0.037 seconds
[2025-05-16T16:12:30.739-0400] {processor.py:186} INFO - Started process (PID=95620) to work on /home/aangava/MSP/airflow_venv/lib/python3.12/site-packages/airflow/example_dags/example_branch_operator.py
[2025-05-16T16:12:30.749-0400] {processor.py:914} INFO - Processing file /home/aangava/MSP/airflow_venv/lib/python3.12/site-packages/airflow/example_dags/example_branch_operator.py for tasks to queue
[2025-05-16T16:12:30.751-0400] {logging_mixin.py:190} INFO - [2025-05-16T16:12:30.750-0400] {dagbag.py:588} INFO - Filling up the DagBag from /home/aangava/MSP/airflow_venv/lib/python3.12/site-packages/airflow/example_dags/example_branch_operator.py
[2025-05-16T16:12:30.786-0400] {processor.py:927} WARNING - No viable dags retrieved from /home/aangava/MSP/airflow_venv/lib/python3.12/site-packages/airflow/example_dags/example_branch_operator.py
[2025-05-16T16:12:30.794-0400] {processor.py:208} INFO - Processing /home/aangava/MSP/airflow_venv/lib/python3.12/site-packages/airflow/example_dags/example_branch_operator.py took 0.059 seconds
[2025-05-16T16:13:26.038-0400] {processor.py:186} INFO - Started process (PID=95842) to work on /home/aangava/MSP/airflow_venv/lib/python3.12/site-packages/airflow/example_dags/example_branch_operator.py
[2025-05-16T16:13:26.039-0400] {processor.py:914} INFO - Processing file /home/aangava/MSP/airflow_venv/lib/python3.12/site-packages/airflow/example_dags/example_branch_operator.py for tasks to queue
[2025-05-16T16:13:26.040-0400] {logging_mixin.py:190} INFO - [2025-05-16T16:13:26.040-0400] {dagbag.py:588} INFO - Filling up the DagBag from /home/aangava/MSP/airflow_venv/lib/python3.12/site-packages/airflow/example_dags/example_branch_operator.py
[2025-05-16T16:13:26.072-0400] {processor.py:927} WARNING - No viable dags retrieved from /home/aangava/MSP/airflow_venv/lib/python3.12/site-packages/airflow/example_dags/example_branch_operator.py
[2025-05-16T16:13:26.080-0400] {processor.py:208} INFO - Processing /home/aangava/MSP/airflow_venv/lib/python3.12/site-packages/airflow/example_dags/example_branch_operator.py took 0.046 seconds
[2025-05-16T16:14:21.129-0400] {processor.py:186} INFO - Started process (PID=96061) to work on /home/aangava/MSP/airflow_venv/lib/python3.12/site-packages/airflow/example_dags/example_branch_operator.py
[2025-05-16T16:14:21.130-0400] {processor.py:914} INFO - Processing file /home/aangava/MSP/airflow_venv/lib/python3.12/site-packages/airflow/example_dags/example_branch_operator.py for tasks to queue
[2025-05-16T16:14:21.131-0400] {logging_mixin.py:190} INFO - [2025-05-16T16:14:21.131-0400] {dagbag.py:588} INFO - Filling up the DagBag from /home/aangava/MSP/airflow_venv/lib/python3.12/site-packages/airflow/example_dags/example_branch_operator.py
[2025-05-16T16:14:21.157-0400] {processor.py:927} WARNING - No viable dags retrieved from /home/aangava/MSP/airflow_venv/lib/python3.12/site-packages/airflow/example_dags/example_branch_operator.py
[2025-05-16T16:14:21.166-0400] {processor.py:208} INFO - Processing /home/aangava/MSP/airflow_venv/lib/python3.12/site-packages/airflow/example_dags/example_branch_operator.py took 0.041 seconds
[2025-05-16T16:15:13.778-0400] {processor.py:186} INFO - Started process (PID=96288) to work on /home/aangava/MSP/airflow_venv/lib/python3.12/site-packages/airflow/example_dags/example_branch_operator.py
[2025-05-16T16:15:13.788-0400] {processor.py:914} INFO - Processing file /home/aangava/MSP/airflow_venv/lib/python3.12/site-packages/airflow/example_dags/example_branch_operator.py for tasks to queue
[2025-05-16T16:15:13.790-0400] {logging_mixin.py:190} INFO - [2025-05-16T16:15:13.790-0400] {dagbag.py:588} INFO - Filling up the DagBag from /home/aangava/MSP/airflow_venv/lib/python3.12/site-packages/airflow/example_dags/example_branch_operator.py
[2025-05-16T16:15:13.808-0400] {processor.py:927} WARNING - No viable dags retrieved from /home/aangava/MSP/airflow_venv/lib/python3.12/site-packages/airflow/example_dags/example_branch_operator.py
[2025-05-16T16:15:13.815-0400] {processor.py:208} INFO - Processing /home/aangava/MSP/airflow_venv/lib/python3.12/site-packages/airflow/example_dags/example_branch_operator.py took 0.041 seconds
[2025-05-16T16:16:08.543-0400] {processor.py:186} INFO - Started process (PID=100791) to work on /home/aangava/MSP/airflow_venv/lib/python3.12/site-packages/airflow/example_dags/example_branch_operator.py
[2025-05-16T16:16:08.544-0400] {processor.py:914} INFO - Processing file /home/aangava/MSP/airflow_venv/lib/python3.12/site-packages/airflow/example_dags/example_branch_operator.py for tasks to queue
[2025-05-16T16:16:08.545-0400] {logging_mixin.py:190} INFO - [2025-05-16T16:16:08.545-0400] {dagbag.py:588} INFO - Filling up the DagBag from /home/aangava/MSP/airflow_venv/lib/python3.12/site-packages/airflow/example_dags/example_branch_operator.py
[2025-05-16T16:16:08.579-0400] {processor.py:927} WARNING - No viable dags retrieved from /home/aangava/MSP/airflow_venv/lib/python3.12/site-packages/airflow/example_dags/example_branch_operator.py
[2025-05-16T16:16:08.587-0400] {processor.py:208} INFO - Processing /home/aangava/MSP/airflow_venv/lib/python3.12/site-packages/airflow/example_dags/example_branch_operator.py took 0.048 seconds
