[2025-05-16T13:00:44.228-0400] {processor.py:186} INFO - Started process (PID=58804) to work on /home/aangava/MSP/airflow_venv/lib/python3.12/site-packages/airflow/example_dags/example_display_name.py
[2025-05-16T13:00:44.229-0400] {processor.py:914} INFO - Processing file /home/aangava/MSP/airflow_venv/lib/python3.12/site-packages/airflow/example_dags/example_display_name.py for tasks to queue
[2025-05-16T13:00:44.229-0400] {logging_mixin.py:190} INFO - [2025-05-16T13:00:44.229-0400] {dagbag.py:588} INFO - Filling up the DagBag from /home/aangava/MSP/airflow_venv/lib/python3.12/site-packages/airflow/example_dags/example_display_name.py
[2025-05-16T13:00:44.233-0400] {processor.py:925} INFO - DAG(s) 'example_display_name' retrieved from /home/aangava/MSP/airflow_venv/lib/python3.12/site-packages/airflow/example_dags/example_display_name.py
[2025-05-16T13:00:44.243-0400] {logging_mixin.py:190} INFO - [2025-05-16T13:00:44.242-0400] {dag.py:3239} INFO - Sync 1 DAGs
[2025-05-16T13:00:44.249-0400] {logging_mixin.py:190} INFO - [2025-05-16T13:00:44.249-0400] {dag.py:4180} INFO - Setting next_dagrun for example_display_name to None, run_after=None
[2025-05-16T13:00:44.262-0400] {processor.py:208} INFO - Processing /home/aangava/MSP/airflow_venv/lib/python3.12/site-packages/airflow/example_dags/example_display_name.py took 0.038 seconds
[2025-05-16T13:03:36.207-0400] {processor.py:186} INFO - Started process (PID=59051) to work on /home/aangava/MSP/airflow_venv/lib/python3.12/site-packages/airflow/example_dags/example_display_name.py
[2025-05-16T13:03:36.209-0400] {processor.py:914} INFO - Processing file /home/aangava/MSP/airflow_venv/lib/python3.12/site-packages/airflow/example_dags/example_display_name.py for tasks to queue
[2025-05-16T13:03:36.210-0400] {logging_mixin.py:190} INFO - [2025-05-16T13:03:36.210-0400] {dagbag.py:588} INFO - Filling up the DagBag from /home/aangava/MSP/airflow_venv/lib/python3.12/site-packages/airflow/example_dags/example_display_name.py
[2025-05-16T13:03:36.216-0400] {processor.py:925} INFO - DAG(s) 'example_display_name' retrieved from /home/aangava/MSP/airflow_venv/lib/python3.12/site-packages/airflow/example_dags/example_display_name.py
[2025-05-16T13:03:36.228-0400] {logging_mixin.py:190} INFO - [2025-05-16T13:03:36.228-0400] {dag.py:3239} INFO - Sync 1 DAGs
[2025-05-16T13:03:36.239-0400] {logging_mixin.py:190} INFO - [2025-05-16T13:03:36.239-0400] {dag.py:4180} INFO - Setting next_dagrun for example_display_name to None, run_after=None
[2025-05-16T13:03:36.255-0400] {processor.py:208} INFO - Processing /home/aangava/MSP/airflow_venv/lib/python3.12/site-packages/airflow/example_dags/example_display_name.py took 0.052 seconds
[2025-05-16T13:04:30.479-0400] {processor.py:186} INFO - Started process (PID=59331) to work on /home/aangava/MSP/airflow_venv/lib/python3.12/site-packages/airflow/example_dags/example_display_name.py
[2025-05-16T13:04:30.480-0400] {processor.py:914} INFO - Processing file /home/aangava/MSP/airflow_venv/lib/python3.12/site-packages/airflow/example_dags/example_display_name.py for tasks to queue
[2025-05-16T13:04:30.481-0400] {logging_mixin.py:190} INFO - [2025-05-16T13:04:30.481-0400] {dagbag.py:588} INFO - Filling up the DagBag from /home/aangava/MSP/airflow_venv/lib/python3.12/site-packages/airflow/example_dags/example_display_name.py
[2025-05-16T13:04:30.485-0400] {processor.py:925} INFO - DAG(s) 'example_display_name' retrieved from /home/aangava/MSP/airflow_venv/lib/python3.12/site-packages/airflow/example_dags/example_display_name.py
[2025-05-16T13:04:30.495-0400] {logging_mixin.py:190} INFO - [2025-05-16T13:04:30.495-0400] {dag.py:3239} INFO - Sync 1 DAGs
[2025-05-16T13:04:30.503-0400] {logging_mixin.py:190} INFO - [2025-05-16T13:04:30.502-0400] {dag.py:4180} INFO - Setting next_dagrun for example_display_name to None, run_after=None
[2025-05-16T13:04:30.516-0400] {processor.py:208} INFO - Processing /home/aangava/MSP/airflow_venv/lib/python3.12/site-packages/airflow/example_dags/example_display_name.py took 0.041 seconds
[2025-05-16T16:10:55.557-0400] {processor.py:186} INFO - Started process (PID=95212) to work on /home/aangava/MSP/airflow_venv/lib/python3.12/site-packages/airflow/example_dags/example_display_name.py
[2025-05-16T16:10:55.566-0400] {processor.py:914} INFO - Processing file /home/aangava/MSP/airflow_venv/lib/python3.12/site-packages/airflow/example_dags/example_display_name.py for tasks to queue
[2025-05-16T16:10:55.568-0400] {logging_mixin.py:190} INFO - [2025-05-16T16:10:55.568-0400] {dagbag.py:588} INFO - Filling up the DagBag from /home/aangava/MSP/airflow_venv/lib/python3.12/site-packages/airflow/example_dags/example_display_name.py
[2025-05-16T16:10:55.574-0400] {processor.py:925} INFO - DAG(s) 'example_display_name' retrieved from /home/aangava/MSP/airflow_venv/lib/python3.12/site-packages/airflow/example_dags/example_display_name.py
[2025-05-16T16:10:55.584-0400] {logging_mixin.py:190} INFO - [2025-05-16T16:10:55.584-0400] {dag.py:3239} INFO - Sync 1 DAGs
[2025-05-16T16:10:55.591-0400] {logging_mixin.py:190} INFO - [2025-05-16T16:10:55.591-0400] {dag.py:4180} INFO - Setting next_dagrun for example_display_name to None, run_after=None
[2025-05-16T16:10:55.604-0400] {processor.py:208} INFO - Processing /home/aangava/MSP/airflow_venv/lib/python3.12/site-packages/airflow/example_dags/example_display_name.py took 0.051 seconds
[2025-05-16T16:11:52.293-0400] {processor.py:186} INFO - Started process (PID=95466) to work on /home/aangava/MSP/airflow_venv/lib/python3.12/site-packages/airflow/example_dags/example_display_name.py
[2025-05-16T16:11:52.294-0400] {processor.py:914} INFO - Processing file /home/aangava/MSP/airflow_venv/lib/python3.12/site-packages/airflow/example_dags/example_display_name.py for tasks to queue
[2025-05-16T16:11:52.295-0400] {logging_mixin.py:190} INFO - [2025-05-16T16:11:52.295-0400] {dagbag.py:588} INFO - Filling up the DagBag from /home/aangava/MSP/airflow_venv/lib/python3.12/site-packages/airflow/example_dags/example_display_name.py
[2025-05-16T16:11:52.303-0400] {processor.py:925} INFO - DAG(s) 'example_display_name' retrieved from /home/aangava/MSP/airflow_venv/lib/python3.12/site-packages/airflow/example_dags/example_display_name.py
[2025-05-16T16:11:52.314-0400] {logging_mixin.py:190} INFO - [2025-05-16T16:11:52.314-0400] {dag.py:3239} INFO - Sync 1 DAGs
[2025-05-16T16:11:52.322-0400] {logging_mixin.py:190} INFO - [2025-05-16T16:11:52.322-0400] {dag.py:4180} INFO - Setting next_dagrun for example_display_name to None, run_after=None
[2025-05-16T16:11:52.339-0400] {processor.py:208} INFO - Processing /home/aangava/MSP/airflow_venv/lib/python3.12/site-packages/airflow/example_dags/example_display_name.py took 0.050 seconds
[2025-05-16T16:12:48.960-0400] {processor.py:186} INFO - Started process (PID=95694) to work on /home/aangava/MSP/airflow_venv/lib/python3.12/site-packages/airflow/example_dags/example_display_name.py
[2025-05-16T16:12:48.961-0400] {processor.py:914} INFO - Processing file /home/aangava/MSP/airflow_venv/lib/python3.12/site-packages/airflow/example_dags/example_display_name.py for tasks to queue
[2025-05-16T16:12:48.963-0400] {logging_mixin.py:190} INFO - [2025-05-16T16:12:48.962-0400] {dagbag.py:588} INFO - Filling up the DagBag from /home/aangava/MSP/airflow_venv/lib/python3.12/site-packages/airflow/example_dags/example_display_name.py
[2025-05-16T16:12:48.969-0400] {processor.py:925} INFO - DAG(s) 'example_display_name' retrieved from /home/aangava/MSP/airflow_venv/lib/python3.12/site-packages/airflow/example_dags/example_display_name.py
[2025-05-16T16:12:48.979-0400] {logging_mixin.py:190} INFO - [2025-05-16T16:12:48.978-0400] {dag.py:3239} INFO - Sync 1 DAGs
[2025-05-16T16:12:48.986-0400] {logging_mixin.py:190} INFO - [2025-05-16T16:12:48.986-0400] {dag.py:4180} INFO - Setting next_dagrun for example_display_name to None, run_after=None
[2025-05-16T16:12:49.001-0400] {processor.py:208} INFO - Processing /home/aangava/MSP/airflow_venv/lib/python3.12/site-packages/airflow/example_dags/example_display_name.py took 0.044 seconds
[2025-05-16T16:13:45.443-0400] {processor.py:186} INFO - Started process (PID=95916) to work on /home/aangava/MSP/airflow_venv/lib/python3.12/site-packages/airflow/example_dags/example_display_name.py
[2025-05-16T16:13:45.452-0400] {processor.py:914} INFO - Processing file /home/aangava/MSP/airflow_venv/lib/python3.12/site-packages/airflow/example_dags/example_display_name.py for tasks to queue
[2025-05-16T16:13:45.454-0400] {logging_mixin.py:190} INFO - [2025-05-16T16:13:45.454-0400] {dagbag.py:588} INFO - Filling up the DagBag from /home/aangava/MSP/airflow_venv/lib/python3.12/site-packages/airflow/example_dags/example_display_name.py
[2025-05-16T16:13:45.461-0400] {processor.py:925} INFO - DAG(s) 'example_display_name' retrieved from /home/aangava/MSP/airflow_venv/lib/python3.12/site-packages/airflow/example_dags/example_display_name.py
[2025-05-16T16:13:45.470-0400] {logging_mixin.py:190} INFO - [2025-05-16T16:13:45.470-0400] {dag.py:3239} INFO - Sync 1 DAGs
[2025-05-16T16:13:45.478-0400] {logging_mixin.py:190} INFO - [2025-05-16T16:13:45.478-0400] {dag.py:4180} INFO - Setting next_dagrun for example_display_name to None, run_after=None
[2025-05-16T16:13:45.492-0400] {processor.py:208} INFO - Processing /home/aangava/MSP/airflow_venv/lib/python3.12/site-packages/airflow/example_dags/example_display_name.py took 0.053 seconds
[2025-05-16T16:14:41.276-0400] {processor.py:186} INFO - Started process (PID=96143) to work on /home/aangava/MSP/airflow_venv/lib/python3.12/site-packages/airflow/example_dags/example_display_name.py
[2025-05-16T16:14:41.277-0400] {processor.py:914} INFO - Processing file /home/aangava/MSP/airflow_venv/lib/python3.12/site-packages/airflow/example_dags/example_display_name.py for tasks to queue
[2025-05-16T16:14:41.278-0400] {logging_mixin.py:190} INFO - [2025-05-16T16:14:41.278-0400] {dagbag.py:588} INFO - Filling up the DagBag from /home/aangava/MSP/airflow_venv/lib/python3.12/site-packages/airflow/example_dags/example_display_name.py
[2025-05-16T16:14:41.284-0400] {processor.py:925} INFO - DAG(s) 'example_display_name' retrieved from /home/aangava/MSP/airflow_venv/lib/python3.12/site-packages/airflow/example_dags/example_display_name.py
[2025-05-16T16:14:41.295-0400] {logging_mixin.py:190} INFO - [2025-05-16T16:14:41.295-0400] {dag.py:3239} INFO - Sync 1 DAGs
[2025-05-16T16:14:41.304-0400] {logging_mixin.py:190} INFO - [2025-05-16T16:14:41.304-0400] {dag.py:4180} INFO - Setting next_dagrun for example_display_name to None, run_after=None
[2025-05-16T16:14:41.317-0400] {processor.py:208} INFO - Processing /home/aangava/MSP/airflow_venv/lib/python3.12/site-packages/airflow/example_dags/example_display_name.py took 0.045 seconds
[2025-05-16T16:15:34.310-0400] {processor.py:186} INFO - Started process (PID=96526) to work on /home/aangava/MSP/airflow_venv/lib/python3.12/site-packages/airflow/example_dags/example_display_name.py
[2025-05-16T16:15:34.320-0400] {processor.py:914} INFO - Processing file /home/aangava/MSP/airflow_venv/lib/python3.12/site-packages/airflow/example_dags/example_display_name.py for tasks to queue
[2025-05-16T16:15:34.322-0400] {logging_mixin.py:190} INFO - [2025-05-16T16:15:34.322-0400] {dagbag.py:588} INFO - Filling up the DagBag from /home/aangava/MSP/airflow_venv/lib/python3.12/site-packages/airflow/example_dags/example_display_name.py
[2025-05-16T16:15:34.328-0400] {processor.py:925} INFO - DAG(s) 'example_display_name' retrieved from /home/aangava/MSP/airflow_venv/lib/python3.12/site-packages/airflow/example_dags/example_display_name.py
[2025-05-16T16:15:34.343-0400] {logging_mixin.py:190} INFO - [2025-05-16T16:15:34.342-0400] {dag.py:3239} INFO - Sync 1 DAGs
[2025-05-16T16:15:34.352-0400] {logging_mixin.py:190} INFO - [2025-05-16T16:15:34.352-0400] {dag.py:4180} INFO - Setting next_dagrun for example_display_name to None, run_after=None
[2025-05-16T16:15:34.367-0400] {processor.py:208} INFO - Processing /home/aangava/MSP/airflow_venv/lib/python3.12/site-packages/airflow/example_dags/example_display_name.py took 0.060 seconds
[2025-05-16T16:16:26.424-0400] {processor.py:186} INFO - Started process (PID=105644) to work on /home/aangava/MSP/airflow_venv/lib/python3.12/site-packages/airflow/example_dags/example_display_name.py
[2025-05-16T16:16:26.425-0400] {processor.py:914} INFO - Processing file /home/aangava/MSP/airflow_venv/lib/python3.12/site-packages/airflow/example_dags/example_display_name.py for tasks to queue
[2025-05-16T16:16:26.426-0400] {logging_mixin.py:190} INFO - [2025-05-16T16:16:26.426-0400] {dagbag.py:588} INFO - Filling up the DagBag from /home/aangava/MSP/airflow_venv/lib/python3.12/site-packages/airflow/example_dags/example_display_name.py
[2025-05-16T16:16:26.434-0400] {processor.py:925} INFO - DAG(s) 'example_display_name' retrieved from /home/aangava/MSP/airflow_venv/lib/python3.12/site-packages/airflow/example_dags/example_display_name.py
[2025-05-16T16:16:26.446-0400] {logging_mixin.py:190} INFO - [2025-05-16T16:16:26.446-0400] {dag.py:3239} INFO - Sync 1 DAGs
[2025-05-16T16:16:26.459-0400] {logging_mixin.py:190} INFO - [2025-05-16T16:16:26.459-0400] {dag.py:4180} INFO - Setting next_dagrun for example_display_name to None, run_after=None
[2025-05-16T16:16:26.475-0400] {processor.py:208} INFO - Processing /home/aangava/MSP/airflow_venv/lib/python3.12/site-packages/airflow/example_dags/example_display_name.py took 0.055 seconds
