[2025-05-16T13:00:08.423-0400] {processor.py:186} INFO - Started process (PID=58633) to work on /home/aangava/MSP/airflow_venv/lib/python3.12/site-packages/airflow/example_dags/example_dataset_alias_with_no_taskflow.py
[2025-05-16T13:00:08.424-0400] {processor.py:914} INFO - Processing file /home/aangava/MSP/airflow_venv/lib/python3.12/site-packages/airflow/example_dags/example_dataset_alias_with_no_taskflow.py for tasks to queue
[2025-05-16T13:00:08.425-0400] {logging_mixin.py:190} INFO - [2025-05-16T13:00:08.425-0400] {dagbag.py:588} INFO - Filling up the DagBag from /home/aangava/MSP/airflow_venv/lib/python3.12/site-packages/airflow/example_dags/example_dataset_alias_with_no_taskflow.py
[2025-05-16T13:00:08.443-0400] {processor.py:925} INFO - DAG(s) 'dataset_s3_bucket_consumer_with_no_taskflow', 'dataset_s3_bucket_producer_with_no_taskflow', 'dataset_alias_example_alias_producer_with_no_taskflow', 'dataset_alias_example_alias_consumer_with_no_taskflow' retrieved from /home/aangava/MSP/airflow_venv/lib/python3.12/site-packages/airflow/example_dags/example_dataset_alias_with_no_taskflow.py
[2025-05-16T13:00:08.457-0400] {logging_mixin.py:190} INFO - [2025-05-16T13:00:08.457-0400] {dag.py:3239} INFO - Sync 4 DAGs
[2025-05-16T13:00:08.469-0400] {logging_mixin.py:190} INFO - [2025-05-16T13:00:08.469-0400] {dag.py:4180} INFO - Setting next_dagrun for dataset_alias_example_alias_consumer_with_no_taskflow to None, run_after=None
[2025-05-16T13:00:08.471-0400] {logging_mixin.py:190} INFO - [2025-05-16T13:00:08.471-0400] {dag.py:4180} INFO - Setting next_dagrun for dataset_alias_example_alias_producer_with_no_taskflow to None, run_after=None
[2025-05-16T13:00:08.472-0400] {logging_mixin.py:190} INFO - [2025-05-16T13:00:08.471-0400] {dag.py:4180} INFO - Setting next_dagrun for dataset_s3_bucket_consumer_with_no_taskflow to None, run_after=None
[2025-05-16T13:00:08.472-0400] {logging_mixin.py:190} INFO - [2025-05-16T13:00:08.472-0400] {dag.py:4180} INFO - Setting next_dagrun for dataset_s3_bucket_producer_with_no_taskflow to None, run_after=None
[2025-05-16T13:00:08.488-0400] {processor.py:208} INFO - Processing /home/aangava/MSP/airflow_venv/lib/python3.12/site-packages/airflow/example_dags/example_dataset_alias_with_no_taskflow.py took 0.071 seconds
[2025-05-16T13:03:40.228-0400] {processor.py:186} INFO - Started process (PID=59067) to work on /home/aangava/MSP/airflow_venv/lib/python3.12/site-packages/airflow/example_dags/example_dataset_alias_with_no_taskflow.py
[2025-05-16T13:03:40.229-0400] {processor.py:914} INFO - Processing file /home/aangava/MSP/airflow_venv/lib/python3.12/site-packages/airflow/example_dags/example_dataset_alias_with_no_taskflow.py for tasks to queue
[2025-05-16T13:03:40.231-0400] {logging_mixin.py:190} INFO - [2025-05-16T13:03:40.230-0400] {dagbag.py:588} INFO - Filling up the DagBag from /home/aangava/MSP/airflow_venv/lib/python3.12/site-packages/airflow/example_dags/example_dataset_alias_with_no_taskflow.py
[2025-05-16T13:03:40.248-0400] {processor.py:925} INFO - DAG(s) 'dataset_s3_bucket_consumer_with_no_taskflow', 'dataset_s3_bucket_producer_with_no_taskflow', 'dataset_alias_example_alias_consumer_with_no_taskflow', 'dataset_alias_example_alias_producer_with_no_taskflow' retrieved from /home/aangava/MSP/airflow_venv/lib/python3.12/site-packages/airflow/example_dags/example_dataset_alias_with_no_taskflow.py
[2025-05-16T13:03:40.267-0400] {logging_mixin.py:190} INFO - [2025-05-16T13:03:40.267-0400] {dag.py:3239} INFO - Sync 4 DAGs
[2025-05-16T13:03:40.281-0400] {logging_mixin.py:190} INFO - [2025-05-16T13:03:40.281-0400] {dag.py:4180} INFO - Setting next_dagrun for dataset_alias_example_alias_consumer_with_no_taskflow to None, run_after=None
[2025-05-16T13:03:40.283-0400] {logging_mixin.py:190} INFO - [2025-05-16T13:03:40.283-0400] {dag.py:4180} INFO - Setting next_dagrun for dataset_alias_example_alias_producer_with_no_taskflow to None, run_after=None
[2025-05-16T13:03:40.284-0400] {logging_mixin.py:190} INFO - [2025-05-16T13:03:40.284-0400] {dag.py:4180} INFO - Setting next_dagrun for dataset_s3_bucket_consumer_with_no_taskflow to None, run_after=None
[2025-05-16T13:03:40.284-0400] {logging_mixin.py:190} INFO - [2025-05-16T13:03:40.284-0400] {dag.py:4180} INFO - Setting next_dagrun for dataset_s3_bucket_producer_with_no_taskflow to None, run_after=None
[2025-05-16T13:03:40.301-0400] {processor.py:208} INFO - Processing /home/aangava/MSP/airflow_venv/lib/python3.12/site-packages/airflow/example_dags/example_dataset_alias_with_no_taskflow.py took 0.078 seconds
[2025-05-16T13:04:52.964-0400] {processor.py:186} INFO - Started process (PID=59492) to work on /home/aangava/MSP/airflow_venv/lib/python3.12/site-packages/airflow/example_dags/example_dataset_alias_with_no_taskflow.py
[2025-05-16T13:04:52.974-0400] {processor.py:914} INFO - Processing file /home/aangava/MSP/airflow_venv/lib/python3.12/site-packages/airflow/example_dags/example_dataset_alias_with_no_taskflow.py for tasks to queue
[2025-05-16T13:04:52.975-0400] {logging_mixin.py:190} INFO - [2025-05-16T13:04:52.975-0400] {dagbag.py:588} INFO - Filling up the DagBag from /home/aangava/MSP/airflow_venv/lib/python3.12/site-packages/airflow/example_dags/example_dataset_alias_with_no_taskflow.py
[2025-05-16T13:04:52.988-0400] {processor.py:925} INFO - DAG(s) 'dataset_s3_bucket_consumer_with_no_taskflow', 'dataset_s3_bucket_producer_with_no_taskflow', 'dataset_alias_example_alias_consumer_with_no_taskflow', 'dataset_alias_example_alias_producer_with_no_taskflow' retrieved from /home/aangava/MSP/airflow_venv/lib/python3.12/site-packages/airflow/example_dags/example_dataset_alias_with_no_taskflow.py
[2025-05-16T13:04:53.000-0400] {logging_mixin.py:190} INFO - [2025-05-16T13:04:53.000-0400] {dag.py:3239} INFO - Sync 4 DAGs
[2025-05-16T13:04:53.011-0400] {logging_mixin.py:190} INFO - [2025-05-16T13:04:53.010-0400] {dag.py:4180} INFO - Setting next_dagrun for dataset_alias_example_alias_consumer_with_no_taskflow to None, run_after=None
[2025-05-16T13:04:53.012-0400] {logging_mixin.py:190} INFO - [2025-05-16T13:04:53.012-0400] {dag.py:4180} INFO - Setting next_dagrun for dataset_alias_example_alias_producer_with_no_taskflow to None, run_after=None
[2025-05-16T13:04:53.012-0400] {logging_mixin.py:190} INFO - [2025-05-16T13:04:53.012-0400] {dag.py:4180} INFO - Setting next_dagrun for dataset_s3_bucket_consumer_with_no_taskflow to None, run_after=None
[2025-05-16T13:04:53.013-0400] {logging_mixin.py:190} INFO - [2025-05-16T13:04:53.013-0400] {dag.py:4180} INFO - Setting next_dagrun for dataset_s3_bucket_producer_with_no_taskflow to None, run_after=None
[2025-05-16T13:04:53.029-0400] {processor.py:208} INFO - Processing /home/aangava/MSP/airflow_venv/lib/python3.12/site-packages/airflow/example_dags/example_dataset_alias_with_no_taskflow.py took 0.070 seconds
