[2025-05-16T13:00:23.412-0400] {processor.py:186} INFO - Started process (PID=58718) to work on /home/aangava/MSP/airflow_venv/lib/python3.12/site-packages/airflow/example_dags/example_trigger_controller_dag.py
[2025-05-16T13:00:23.413-0400] {processor.py:914} INFO - Processing file /home/aangava/MSP/airflow_venv/lib/python3.12/site-packages/airflow/example_dags/example_trigger_controller_dag.py for tasks to queue
[2025-05-16T13:00:23.414-0400] {logging_mixin.py:190} INFO - [2025-05-16T13:00:23.413-0400] {dagbag.py:588} INFO - Filling up the DagBag from /home/aangava/MSP/airflow_venv/lib/python3.12/site-packages/airflow/example_dags/example_trigger_controller_dag.py
[2025-05-16T13:00:23.417-0400] {processor.py:925} INFO - DAG(s) 'example_trigger_controller_dag' retrieved from /home/aangava/MSP/airflow_venv/lib/python3.12/site-packages/airflow/example_dags/example_trigger_controller_dag.py
[2025-05-16T13:00:23.430-0400] {logging_mixin.py:190} INFO - [2025-05-16T13:00:23.430-0400] {dag.py:3239} INFO - Sync 1 DAGs
[2025-05-16T13:00:23.442-0400] {logging_mixin.py:190} INFO - [2025-05-16T13:00:23.441-0400] {dag.py:4180} INFO - Setting next_dagrun for example_trigger_controller_dag to 2021-01-01 00:00:00+00:00, run_after=2021-01-01 00:00:00+00:00
[2025-05-16T13:00:23.457-0400] {processor.py:208} INFO - Processing /home/aangava/MSP/airflow_venv/lib/python3.12/site-packages/airflow/example_dags/example_trigger_controller_dag.py took 0.049 seconds
[2025-05-16T13:03:14.514-0400] {processor.py:186} INFO - Started process (PID=58960) to work on /home/aangava/MSP/airflow_venv/lib/python3.12/site-packages/airflow/example_dags/example_trigger_controller_dag.py
[2025-05-16T13:03:14.515-0400] {processor.py:914} INFO - Processing file /home/aangava/MSP/airflow_venv/lib/python3.12/site-packages/airflow/example_dags/example_trigger_controller_dag.py for tasks to queue
[2025-05-16T13:03:14.516-0400] {logging_mixin.py:190} INFO - [2025-05-16T13:03:14.516-0400] {dagbag.py:588} INFO - Filling up the DagBag from /home/aangava/MSP/airflow_venv/lib/python3.12/site-packages/airflow/example_dags/example_trigger_controller_dag.py
[2025-05-16T13:03:14.521-0400] {processor.py:925} INFO - DAG(s) 'example_trigger_controller_dag' retrieved from /home/aangava/MSP/airflow_venv/lib/python3.12/site-packages/airflow/example_dags/example_trigger_controller_dag.py
[2025-05-16T13:03:14.532-0400] {logging_mixin.py:190} INFO - [2025-05-16T13:03:14.531-0400] {dag.py:3239} INFO - Sync 1 DAGs
[2025-05-16T13:03:14.543-0400] {logging_mixin.py:190} INFO - [2025-05-16T13:03:14.543-0400] {dag.py:4180} INFO - Setting next_dagrun for example_trigger_controller_dag to 2021-01-01 00:00:00+00:00, run_after=2021-01-01 00:00:00+00:00
[2025-05-16T13:03:14.556-0400] {processor.py:208} INFO - Processing /home/aangava/MSP/airflow_venv/lib/python3.12/site-packages/airflow/example_dags/example_trigger_controller_dag.py took 0.046 seconds
[2025-05-16T13:03:53.366-0400] {processor.py:186} INFO - Started process (PID=59132) to work on /home/aangava/MSP/airflow_venv/lib/python3.12/site-packages/airflow/example_dags/example_trigger_controller_dag.py
[2025-05-16T13:03:53.367-0400] {processor.py:914} INFO - Processing file /home/aangava/MSP/airflow_venv/lib/python3.12/site-packages/airflow/example_dags/example_trigger_controller_dag.py for tasks to queue
[2025-05-16T13:03:53.368-0400] {logging_mixin.py:190} INFO - [2025-05-16T13:03:53.368-0400] {dagbag.py:588} INFO - Filling up the DagBag from /home/aangava/MSP/airflow_venv/lib/python3.12/site-packages/airflow/example_dags/example_trigger_controller_dag.py
[2025-05-16T13:03:53.374-0400] {processor.py:925} INFO - DAG(s) 'example_trigger_controller_dag' retrieved from /home/aangava/MSP/airflow_venv/lib/python3.12/site-packages/airflow/example_dags/example_trigger_controller_dag.py
[2025-05-16T13:03:53.386-0400] {logging_mixin.py:190} INFO - [2025-05-16T13:03:53.386-0400] {dag.py:3239} INFO - Sync 1 DAGs
[2025-05-16T13:03:53.398-0400] {logging_mixin.py:190} INFO - [2025-05-16T13:03:53.398-0400] {dag.py:4180} INFO - Setting next_dagrun for example_trigger_controller_dag to 2021-01-01 00:00:00+00:00, run_after=2021-01-01 00:00:00+00:00
[2025-05-16T13:03:53.412-0400] {processor.py:208} INFO - Processing /home/aangava/MSP/airflow_venv/lib/python3.12/site-packages/airflow/example_dags/example_trigger_controller_dag.py took 0.050 seconds
[2025-05-16T13:04:43.558-0400] {processor.py:186} INFO - Started process (PID=59411) to work on /home/aangava/MSP/airflow_venv/lib/python3.12/site-packages/airflow/example_dags/example_trigger_controller_dag.py
[2025-05-16T13:04:43.568-0400] {processor.py:914} INFO - Processing file /home/aangava/MSP/airflow_venv/lib/python3.12/site-packages/airflow/example_dags/example_trigger_controller_dag.py for tasks to queue
[2025-05-16T13:04:43.569-0400] {logging_mixin.py:190} INFO - [2025-05-16T13:04:43.568-0400] {dagbag.py:588} INFO - Filling up the DagBag from /home/aangava/MSP/airflow_venv/lib/python3.12/site-packages/airflow/example_dags/example_trigger_controller_dag.py
[2025-05-16T13:04:43.572-0400] {processor.py:925} INFO - DAG(s) 'example_trigger_controller_dag' retrieved from /home/aangava/MSP/airflow_venv/lib/python3.12/site-packages/airflow/example_dags/example_trigger_controller_dag.py
[2025-05-16T13:04:43.584-0400] {logging_mixin.py:190} INFO - [2025-05-16T13:04:43.584-0400] {dag.py:3239} INFO - Sync 1 DAGs
[2025-05-16T13:04:43.595-0400] {logging_mixin.py:190} INFO - [2025-05-16T13:04:43.595-0400] {dag.py:4180} INFO - Setting next_dagrun for example_trigger_controller_dag to 2021-01-01 00:00:00+00:00, run_after=2021-01-01 00:00:00+00:00
[2025-05-16T13:04:43.607-0400] {processor.py:208} INFO - Processing /home/aangava/MSP/airflow_venv/lib/python3.12/site-packages/airflow/example_dags/example_trigger_controller_dag.py took 0.053 seconds
