[2025-05-16T13:00:39.091-0400] {processor.py:186} INFO - Started process (PID=58786) to work on /home/aangava/MSP/airflow_venv/lib/python3.12/site-packages/airflow/example_dags/example_task_group.py
[2025-05-16T13:00:39.092-0400] {processor.py:914} INFO - Processing file /home/aangava/MSP/airflow_venv/lib/python3.12/site-packages/airflow/example_dags/example_task_group.py for tasks to queue
[2025-05-16T13:00:39.093-0400] {logging_mixin.py:190} INFO - [2025-05-16T13:00:39.092-0400] {dagbag.py:588} INFO - Filling up the DagBag from /home/aangava/MSP/airflow_venv/lib/python3.12/site-packages/airflow/example_dags/example_task_group.py
[2025-05-16T13:00:39.097-0400] {processor.py:925} INFO - DAG(s) 'example_task_group' retrieved from /home/aangava/MSP/airflow_venv/lib/python3.12/site-packages/airflow/example_dags/example_task_group.py
[2025-05-16T13:00:39.106-0400] {logging_mixin.py:190} INFO - [2025-05-16T13:00:39.106-0400] {dag.py:3239} INFO - Sync 1 DAGs
[2025-05-16T13:00:39.113-0400] {logging_mixin.py:190} INFO - [2025-05-16T13:00:39.112-0400] {dag.py:4180} INFO - Setting next_dagrun for example_task_group to None, run_after=None
[2025-05-16T13:00:39.125-0400] {processor.py:208} INFO - Processing /home/aangava/MSP/airflow_venv/lib/python3.12/site-packages/airflow/example_dags/example_task_group.py took 0.038 seconds
[2025-05-16T13:03:31.531-0400] {processor.py:186} INFO - Started process (PID=59028) to work on /home/aangava/MSP/airflow_venv/lib/python3.12/site-packages/airflow/example_dags/example_task_group.py
[2025-05-16T13:03:31.532-0400] {processor.py:914} INFO - Processing file /home/aangava/MSP/airflow_venv/lib/python3.12/site-packages/airflow/example_dags/example_task_group.py for tasks to queue
[2025-05-16T13:03:31.533-0400] {logging_mixin.py:190} INFO - [2025-05-16T13:03:31.533-0400] {dagbag.py:588} INFO - Filling up the DagBag from /home/aangava/MSP/airflow_venv/lib/python3.12/site-packages/airflow/example_dags/example_task_group.py
[2025-05-16T13:03:31.538-0400] {processor.py:925} INFO - DAG(s) 'example_task_group' retrieved from /home/aangava/MSP/airflow_venv/lib/python3.12/site-packages/airflow/example_dags/example_task_group.py
[2025-05-16T13:03:31.550-0400] {logging_mixin.py:190} INFO - [2025-05-16T13:03:31.550-0400] {dag.py:3239} INFO - Sync 1 DAGs
[2025-05-16T13:03:31.558-0400] {logging_mixin.py:190} INFO - [2025-05-16T13:03:31.558-0400] {dag.py:4180} INFO - Setting next_dagrun for example_task_group to None, run_after=None
[2025-05-16T13:03:31.577-0400] {processor.py:208} INFO - Processing /home/aangava/MSP/airflow_venv/lib/python3.12/site-packages/airflow/example_dags/example_task_group.py took 0.050 seconds
[2025-05-16T13:04:26.473-0400] {processor.py:186} INFO - Started process (PID=59275) to work on /home/aangava/MSP/airflow_venv/lib/python3.12/site-packages/airflow/example_dags/example_task_group.py
[2025-05-16T13:04:26.475-0400] {processor.py:914} INFO - Processing file /home/aangava/MSP/airflow_venv/lib/python3.12/site-packages/airflow/example_dags/example_task_group.py for tasks to queue
[2025-05-16T13:04:26.476-0400] {logging_mixin.py:190} INFO - [2025-05-16T13:04:26.476-0400] {dagbag.py:588} INFO - Filling up the DagBag from /home/aangava/MSP/airflow_venv/lib/python3.12/site-packages/airflow/example_dags/example_task_group.py
[2025-05-16T13:04:26.481-0400] {processor.py:925} INFO - DAG(s) 'example_task_group' retrieved from /home/aangava/MSP/airflow_venv/lib/python3.12/site-packages/airflow/example_dags/example_task_group.py
[2025-05-16T13:04:26.494-0400] {logging_mixin.py:190} INFO - [2025-05-16T13:04:26.494-0400] {dag.py:3239} INFO - Sync 1 DAGs
[2025-05-16T13:04:26.503-0400] {logging_mixin.py:190} INFO - [2025-05-16T13:04:26.502-0400] {dag.py:4180} INFO - Setting next_dagrun for example_task_group to None, run_after=None
[2025-05-16T13:04:26.517-0400] {processor.py:208} INFO - Processing /home/aangava/MSP/airflow_venv/lib/python3.12/site-packages/airflow/example_dags/example_task_group.py took 0.047 seconds
[2025-05-16T16:10:51.559-0400] {processor.py:186} INFO - Started process (PID=95195) to work on /home/aangava/MSP/airflow_venv/lib/python3.12/site-packages/airflow/example_dags/example_task_group.py
[2025-05-16T16:10:51.571-0400] {processor.py:914} INFO - Processing file /home/aangava/MSP/airflow_venv/lib/python3.12/site-packages/airflow/example_dags/example_task_group.py for tasks to queue
[2025-05-16T16:10:51.572-0400] {logging_mixin.py:190} INFO - [2025-05-16T16:10:51.572-0400] {dagbag.py:588} INFO - Filling up the DagBag from /home/aangava/MSP/airflow_venv/lib/python3.12/site-packages/airflow/example_dags/example_task_group.py
[2025-05-16T16:10:51.580-0400] {processor.py:925} INFO - DAG(s) 'example_task_group' retrieved from /home/aangava/MSP/airflow_venv/lib/python3.12/site-packages/airflow/example_dags/example_task_group.py
[2025-05-16T16:10:51.596-0400] {logging_mixin.py:190} INFO - [2025-05-16T16:10:51.596-0400] {dag.py:3239} INFO - Sync 1 DAGs
[2025-05-16T16:10:51.605-0400] {logging_mixin.py:190} INFO - [2025-05-16T16:10:51.605-0400] {dag.py:4180} INFO - Setting next_dagrun for example_task_group to None, run_after=None
[2025-05-16T16:10:51.622-0400] {processor.py:208} INFO - Processing /home/aangava/MSP/airflow_venv/lib/python3.12/site-packages/airflow/example_dags/example_task_group.py took 0.067 seconds
[2025-05-16T16:11:47.152-0400] {processor.py:186} INFO - Started process (PID=95443) to work on /home/aangava/MSP/airflow_venv/lib/python3.12/site-packages/airflow/example_dags/example_task_group.py
[2025-05-16T16:11:47.153-0400] {processor.py:914} INFO - Processing file /home/aangava/MSP/airflow_venv/lib/python3.12/site-packages/airflow/example_dags/example_task_group.py for tasks to queue
[2025-05-16T16:11:47.154-0400] {logging_mixin.py:190} INFO - [2025-05-16T16:11:47.154-0400] {dagbag.py:588} INFO - Filling up the DagBag from /home/aangava/MSP/airflow_venv/lib/python3.12/site-packages/airflow/example_dags/example_task_group.py
[2025-05-16T16:11:47.161-0400] {processor.py:925} INFO - DAG(s) 'example_task_group' retrieved from /home/aangava/MSP/airflow_venv/lib/python3.12/site-packages/airflow/example_dags/example_task_group.py
[2025-05-16T16:11:47.172-0400] {logging_mixin.py:190} INFO - [2025-05-16T16:11:47.171-0400] {dag.py:3239} INFO - Sync 1 DAGs
[2025-05-16T16:11:47.179-0400] {logging_mixin.py:190} INFO - [2025-05-16T16:11:47.179-0400] {dag.py:4180} INFO - Setting next_dagrun for example_task_group to None, run_after=None
[2025-05-16T16:11:47.195-0400] {processor.py:208} INFO - Processing /home/aangava/MSP/airflow_venv/lib/python3.12/site-packages/airflow/example_dags/example_task_group.py took 0.047 seconds
[2025-05-16T16:12:44.962-0400] {processor.py:186} INFO - Started process (PID=95677) to work on /home/aangava/MSP/airflow_venv/lib/python3.12/site-packages/airflow/example_dags/example_task_group.py
[2025-05-16T16:12:44.972-0400] {processor.py:914} INFO - Processing file /home/aangava/MSP/airflow_venv/lib/python3.12/site-packages/airflow/example_dags/example_task_group.py for tasks to queue
[2025-05-16T16:12:44.975-0400] {logging_mixin.py:190} INFO - [2025-05-16T16:12:44.974-0400] {dagbag.py:588} INFO - Filling up the DagBag from /home/aangava/MSP/airflow_venv/lib/python3.12/site-packages/airflow/example_dags/example_task_group.py
[2025-05-16T16:12:44.981-0400] {processor.py:925} INFO - DAG(s) 'example_task_group' retrieved from /home/aangava/MSP/airflow_venv/lib/python3.12/site-packages/airflow/example_dags/example_task_group.py
[2025-05-16T16:12:44.994-0400] {logging_mixin.py:190} INFO - [2025-05-16T16:12:44.994-0400] {dag.py:3239} INFO - Sync 1 DAGs
[2025-05-16T16:12:45.003-0400] {logging_mixin.py:190} INFO - [2025-05-16T16:12:45.002-0400] {dag.py:4180} INFO - Setting next_dagrun for example_task_group to None, run_after=None
[2025-05-16T16:12:45.017-0400] {processor.py:208} INFO - Processing /home/aangava/MSP/airflow_venv/lib/python3.12/site-packages/airflow/example_dags/example_task_group.py took 0.059 seconds
[2025-05-16T16:13:40.307-0400] {processor.py:186} INFO - Started process (PID=95899) to work on /home/aangava/MSP/airflow_venv/lib/python3.12/site-packages/airflow/example_dags/example_task_group.py
[2025-05-16T16:13:40.317-0400] {processor.py:914} INFO - Processing file /home/aangava/MSP/airflow_venv/lib/python3.12/site-packages/airflow/example_dags/example_task_group.py for tasks to queue
[2025-05-16T16:13:40.319-0400] {logging_mixin.py:190} INFO - [2025-05-16T16:13:40.319-0400] {dagbag.py:588} INFO - Filling up the DagBag from /home/aangava/MSP/airflow_venv/lib/python3.12/site-packages/airflow/example_dags/example_task_group.py
[2025-05-16T16:13:40.325-0400] {processor.py:925} INFO - DAG(s) 'example_task_group' retrieved from /home/aangava/MSP/airflow_venv/lib/python3.12/site-packages/airflow/example_dags/example_task_group.py
[2025-05-16T16:13:40.336-0400] {logging_mixin.py:190} INFO - [2025-05-16T16:13:40.336-0400] {dag.py:3239} INFO - Sync 1 DAGs
[2025-05-16T16:13:40.346-0400] {logging_mixin.py:190} INFO - [2025-05-16T16:13:40.345-0400] {dag.py:4180} INFO - Setting next_dagrun for example_task_group to None, run_after=None
[2025-05-16T16:13:40.358-0400] {processor.py:208} INFO - Processing /home/aangava/MSP/airflow_venv/lib/python3.12/site-packages/airflow/example_dags/example_task_group.py took 0.055 seconds
[2025-05-16T16:14:36.136-0400] {processor.py:186} INFO - Started process (PID=96120) to work on /home/aangava/MSP/airflow_venv/lib/python3.12/site-packages/airflow/example_dags/example_task_group.py
[2025-05-16T16:14:36.145-0400] {processor.py:914} INFO - Processing file /home/aangava/MSP/airflow_venv/lib/python3.12/site-packages/airflow/example_dags/example_task_group.py for tasks to queue
[2025-05-16T16:14:36.147-0400] {logging_mixin.py:190} INFO - [2025-05-16T16:14:36.147-0400] {dagbag.py:588} INFO - Filling up the DagBag from /home/aangava/MSP/airflow_venv/lib/python3.12/site-packages/airflow/example_dags/example_task_group.py
[2025-05-16T16:14:36.154-0400] {processor.py:925} INFO - DAG(s) 'example_task_group' retrieved from /home/aangava/MSP/airflow_venv/lib/python3.12/site-packages/airflow/example_dags/example_task_group.py
[2025-05-16T16:14:36.166-0400] {logging_mixin.py:190} INFO - [2025-05-16T16:14:36.165-0400] {dag.py:3239} INFO - Sync 1 DAGs
[2025-05-16T16:14:36.174-0400] {logging_mixin.py:190} INFO - [2025-05-16T16:14:36.174-0400] {dag.py:4180} INFO - Setting next_dagrun for example_task_group to None, run_after=None
[2025-05-16T16:14:36.191-0400] {processor.py:208} INFO - Processing /home/aangava/MSP/airflow_venv/lib/python3.12/site-packages/airflow/example_dags/example_task_group.py took 0.060 seconds
[2025-05-16T16:15:28.558-0400] {processor.py:186} INFO - Started process (PID=96503) to work on /home/aangava/MSP/airflow_venv/lib/python3.12/site-packages/airflow/example_dags/example_task_group.py
[2025-05-16T16:15:28.563-0400] {processor.py:914} INFO - Processing file /home/aangava/MSP/airflow_venv/lib/python3.12/site-packages/airflow/example_dags/example_task_group.py for tasks to queue
[2025-05-16T16:15:28.566-0400] {logging_mixin.py:190} INFO - [2025-05-16T16:15:28.565-0400] {dagbag.py:588} INFO - Filling up the DagBag from /home/aangava/MSP/airflow_venv/lib/python3.12/site-packages/airflow/example_dags/example_task_group.py
[2025-05-16T16:15:28.584-0400] {processor.py:925} INFO - DAG(s) 'example_task_group' retrieved from /home/aangava/MSP/airflow_venv/lib/python3.12/site-packages/airflow/example_dags/example_task_group.py
[2025-05-16T16:15:28.610-0400] {logging_mixin.py:190} INFO - [2025-05-16T16:15:28.610-0400] {dag.py:3239} INFO - Sync 1 DAGs
[2025-05-16T16:15:28.628-0400] {logging_mixin.py:190} INFO - [2025-05-16T16:15:28.628-0400] {dag.py:4180} INFO - Setting next_dagrun for example_task_group to None, run_after=None
[2025-05-16T16:15:28.653-0400] {processor.py:208} INFO - Processing /home/aangava/MSP/airflow_venv/lib/python3.12/site-packages/airflow/example_dags/example_task_group.py took 0.107 seconds
[2025-05-16T16:16:22.592-0400] {processor.py:186} INFO - Started process (PID=104663) to work on /home/aangava/MSP/airflow_venv/lib/python3.12/site-packages/airflow/example_dags/example_task_group.py
[2025-05-16T16:16:22.601-0400] {processor.py:914} INFO - Processing file /home/aangava/MSP/airflow_venv/lib/python3.12/site-packages/airflow/example_dags/example_task_group.py for tasks to queue
[2025-05-16T16:16:22.603-0400] {logging_mixin.py:190} INFO - [2025-05-16T16:16:22.603-0400] {dagbag.py:588} INFO - Filling up the DagBag from /home/aangava/MSP/airflow_venv/lib/python3.12/site-packages/airflow/example_dags/example_task_group.py
[2025-05-16T16:16:22.610-0400] {processor.py:925} INFO - DAG(s) 'example_task_group' retrieved from /home/aangava/MSP/airflow_venv/lib/python3.12/site-packages/airflow/example_dags/example_task_group.py
[2025-05-16T16:16:22.621-0400] {logging_mixin.py:190} INFO - [2025-05-16T16:16:22.621-0400] {dag.py:3239} INFO - Sync 1 DAGs
[2025-05-16T16:16:22.630-0400] {logging_mixin.py:190} INFO - [2025-05-16T16:16:22.629-0400] {dag.py:4180} INFO - Setting next_dagrun for example_task_group to None, run_after=None
[2025-05-16T16:16:22.647-0400] {processor.py:208} INFO - Processing /home/aangava/MSP/airflow_venv/lib/python3.12/site-packages/airflow/example_dags/example_task_group.py took 0.060 seconds
