[2025-05-16T13:00:32.218-0400] {processor.py:186} INFO - Started process (PID=58754) to work on /home/aangava/MSP/airflow_venv/lib/python3.12/site-packages/airflow/example_dags/example_outlet_event_extra.py
[2025-05-16T13:00:32.218-0400] {processor.py:914} INFO - Processing file /home/aangava/MSP/airflow_venv/lib/python3.12/site-packages/airflow/example_dags/example_outlet_event_extra.py for tasks to queue
[2025-05-16T13:00:32.219-0400] {logging_mixin.py:190} INFO - [2025-05-16T13:00:32.219-0400] {dagbag.py:588} INFO - Filling up the DagBag from /home/aangava/MSP/airflow_venv/lib/python3.12/site-packages/airflow/example_dags/example_outlet_event_extra.py
[2025-05-16T13:00:32.227-0400] {processor.py:925} INFO - DAG(s) 'dataset_with_extra_by_yield', 'dataset_with_extra_by_context', 'dataset_with_extra_from_classic_operator' retrieved from /home/aangava/MSP/airflow_venv/lib/python3.12/site-packages/airflow/example_dags/example_outlet_event_extra.py
[2025-05-16T13:00:32.241-0400] {logging_mixin.py:190} INFO - [2025-05-16T13:00:32.241-0400] {dag.py:3239} INFO - Sync 3 DAGs
[2025-05-16T13:00:32.254-0400] {logging_mixin.py:190} INFO - [2025-05-16T13:00:32.254-0400] {dag.py:4180} INFO - Setting next_dagrun for dataset_with_extra_by_context to 2025-05-15 00:00:00+00:00, run_after=2025-05-16 00:00:00+00:00
[2025-05-16T13:00:32.257-0400] {logging_mixin.py:190} INFO - [2025-05-16T13:00:32.257-0400] {dag.py:4180} INFO - Setting next_dagrun for dataset_with_extra_by_yield to 2025-05-15 00:00:00+00:00, run_after=2025-05-16 00:00:00+00:00
[2025-05-16T13:00:32.258-0400] {logging_mixin.py:190} INFO - [2025-05-16T13:00:32.258-0400] {dag.py:4180} INFO - Setting next_dagrun for dataset_with_extra_from_classic_operator to 2025-05-15 00:00:00+00:00, run_after=2025-05-16 00:00:00+00:00
[2025-05-16T13:00:32.274-0400] {processor.py:208} INFO - Processing /home/aangava/MSP/airflow_venv/lib/python3.12/site-packages/airflow/example_dags/example_outlet_event_extra.py took 0.060 seconds
[2025-05-16T13:03:24.795-0400] {processor.py:186} INFO - Started process (PID=59002) to work on /home/aangava/MSP/airflow_venv/lib/python3.12/site-packages/airflow/example_dags/example_outlet_event_extra.py
[2025-05-16T13:03:24.804-0400] {processor.py:914} INFO - Processing file /home/aangava/MSP/airflow_venv/lib/python3.12/site-packages/airflow/example_dags/example_outlet_event_extra.py for tasks to queue
[2025-05-16T13:03:24.805-0400] {logging_mixin.py:190} INFO - [2025-05-16T13:03:24.805-0400] {dagbag.py:588} INFO - Filling up the DagBag from /home/aangava/MSP/airflow_venv/lib/python3.12/site-packages/airflow/example_dags/example_outlet_event_extra.py
[2025-05-16T13:03:24.813-0400] {processor.py:925} INFO - DAG(s) 'dataset_with_extra_from_classic_operator', 'dataset_with_extra_by_context', 'dataset_with_extra_by_yield' retrieved from /home/aangava/MSP/airflow_venv/lib/python3.12/site-packages/airflow/example_dags/example_outlet_event_extra.py
[2025-05-16T13:03:24.826-0400] {logging_mixin.py:190} INFO - [2025-05-16T13:03:24.826-0400] {dag.py:3239} INFO - Sync 3 DAGs
[2025-05-16T13:03:24.837-0400] {logging_mixin.py:190} INFO - [2025-05-16T13:03:24.837-0400] {dag.py:4180} INFO - Setting next_dagrun for dataset_with_extra_by_context to 2025-05-15 00:00:00+00:00, run_after=2025-05-16 00:00:00+00:00
[2025-05-16T13:03:24.841-0400] {logging_mixin.py:190} INFO - [2025-05-16T13:03:24.841-0400] {dag.py:4180} INFO - Setting next_dagrun for dataset_with_extra_by_yield to 2025-05-15 00:00:00+00:00, run_after=2025-05-16 00:00:00+00:00
[2025-05-16T13:03:24.842-0400] {logging_mixin.py:190} INFO - [2025-05-16T13:03:24.842-0400] {dag.py:4180} INFO - Setting next_dagrun for dataset_with_extra_from_classic_operator to 2025-05-15 00:00:00+00:00, run_after=2025-05-16 00:00:00+00:00
[2025-05-16T13:03:24.860-0400] {processor.py:208} INFO - Processing /home/aangava/MSP/airflow_venv/lib/python3.12/site-packages/airflow/example_dags/example_outlet_event_extra.py took 0.069 seconds
[2025-05-16T13:04:18.454-0400] {processor.py:186} INFO - Started process (PID=59229) to work on /home/aangava/MSP/airflow_venv/lib/python3.12/site-packages/airflow/example_dags/example_outlet_event_extra.py
[2025-05-16T13:04:18.464-0400] {processor.py:914} INFO - Processing file /home/aangava/MSP/airflow_venv/lib/python3.12/site-packages/airflow/example_dags/example_outlet_event_extra.py for tasks to queue
[2025-05-16T13:04:18.465-0400] {logging_mixin.py:190} INFO - [2025-05-16T13:04:18.464-0400] {dagbag.py:588} INFO - Filling up the DagBag from /home/aangava/MSP/airflow_venv/lib/python3.12/site-packages/airflow/example_dags/example_outlet_event_extra.py
[2025-05-16T13:04:18.472-0400] {processor.py:925} INFO - DAG(s) 'dataset_with_extra_from_classic_operator', 'dataset_with_extra_by_yield', 'dataset_with_extra_by_context' retrieved from /home/aangava/MSP/airflow_venv/lib/python3.12/site-packages/airflow/example_dags/example_outlet_event_extra.py
[2025-05-16T13:04:18.487-0400] {logging_mixin.py:190} INFO - [2025-05-16T13:04:18.487-0400] {dag.py:3239} INFO - Sync 3 DAGs
[2025-05-16T13:04:18.499-0400] {logging_mixin.py:190} INFO - [2025-05-16T13:04:18.499-0400] {dag.py:4180} INFO - Setting next_dagrun for dataset_with_extra_by_context to 2025-05-15 00:00:00+00:00, run_after=2025-05-16 00:00:00+00:00
[2025-05-16T13:04:18.502-0400] {logging_mixin.py:190} INFO - [2025-05-16T13:04:18.501-0400] {dag.py:4180} INFO - Setting next_dagrun for dataset_with_extra_by_yield to 2025-05-15 00:00:00+00:00, run_after=2025-05-16 00:00:00+00:00
[2025-05-16T13:04:18.504-0400] {logging_mixin.py:190} INFO - [2025-05-16T13:04:18.503-0400] {dag.py:4180} INFO - Setting next_dagrun for dataset_with_extra_from_classic_operator to 2025-05-15 00:00:00+00:00, run_after=2025-05-16 00:00:00+00:00
[2025-05-16T13:04:18.518-0400] {processor.py:208} INFO - Processing /home/aangava/MSP/airflow_venv/lib/python3.12/site-packages/airflow/example_dags/example_outlet_event_extra.py took 0.068 seconds
[2025-05-16T16:10:44.681-0400] {processor.py:186} INFO - Started process (PID=95169) to work on /home/aangava/MSP/airflow_venv/lib/python3.12/site-packages/airflow/example_dags/example_outlet_event_extra.py
[2025-05-16T16:10:44.682-0400] {processor.py:914} INFO - Processing file /home/aangava/MSP/airflow_venv/lib/python3.12/site-packages/airflow/example_dags/example_outlet_event_extra.py for tasks to queue
[2025-05-16T16:10:44.683-0400] {logging_mixin.py:190} INFO - [2025-05-16T16:10:44.683-0400] {dagbag.py:588} INFO - Filling up the DagBag from /home/aangava/MSP/airflow_venv/lib/python3.12/site-packages/airflow/example_dags/example_outlet_event_extra.py
[2025-05-16T16:10:44.694-0400] {processor.py:925} INFO - DAG(s) 'dataset_with_extra_by_context', 'dataset_with_extra_by_yield', 'dataset_with_extra_from_classic_operator' retrieved from /home/aangava/MSP/airflow_venv/lib/python3.12/site-packages/airflow/example_dags/example_outlet_event_extra.py
[2025-05-16T16:10:44.709-0400] {logging_mixin.py:190} INFO - [2025-05-16T16:10:44.709-0400] {dag.py:3239} INFO - Sync 3 DAGs
[2025-05-16T16:10:44.725-0400] {logging_mixin.py:190} INFO - [2025-05-16T16:10:44.725-0400] {dag.py:4180} INFO - Setting next_dagrun for dataset_with_extra_by_context to 2025-05-15 00:00:00+00:00, run_after=2025-05-16 00:00:00+00:00
[2025-05-16T16:10:44.728-0400] {logging_mixin.py:190} INFO - [2025-05-16T16:10:44.728-0400] {dag.py:4180} INFO - Setting next_dagrun for dataset_with_extra_by_yield to 2025-05-15 00:00:00+00:00, run_after=2025-05-16 00:00:00+00:00
[2025-05-16T16:10:44.729-0400] {logging_mixin.py:190} INFO - [2025-05-16T16:10:44.729-0400] {dag.py:4180} INFO - Setting next_dagrun for dataset_with_extra_from_classic_operator to 2025-05-15 00:00:00+00:00, run_after=2025-05-16 00:00:00+00:00
[2025-05-16T16:10:44.745-0400] {processor.py:208} INFO - Processing /home/aangava/MSP/airflow_venv/lib/python3.12/site-packages/airflow/example_dags/example_outlet_event_extra.py took 0.068 seconds
[2025-05-16T16:11:40.424-0400] {processor.py:186} INFO - Started process (PID=95417) to work on /home/aangava/MSP/airflow_venv/lib/python3.12/site-packages/airflow/example_dags/example_outlet_event_extra.py
[2025-05-16T16:11:40.424-0400] {processor.py:914} INFO - Processing file /home/aangava/MSP/airflow_venv/lib/python3.12/site-packages/airflow/example_dags/example_outlet_event_extra.py for tasks to queue
[2025-05-16T16:11:40.426-0400] {logging_mixin.py:190} INFO - [2025-05-16T16:11:40.426-0400] {dagbag.py:588} INFO - Filling up the DagBag from /home/aangava/MSP/airflow_venv/lib/python3.12/site-packages/airflow/example_dags/example_outlet_event_extra.py
[2025-05-16T16:11:40.435-0400] {processor.py:925} INFO - DAG(s) 'dataset_with_extra_by_yield', 'dataset_with_extra_by_context', 'dataset_with_extra_from_classic_operator' retrieved from /home/aangava/MSP/airflow_venv/lib/python3.12/site-packages/airflow/example_dags/example_outlet_event_extra.py
[2025-05-16T16:11:40.448-0400] {logging_mixin.py:190} INFO - [2025-05-16T16:11:40.448-0400] {dag.py:3239} INFO - Sync 3 DAGs
[2025-05-16T16:11:40.463-0400] {logging_mixin.py:190} INFO - [2025-05-16T16:11:40.462-0400] {dag.py:4180} INFO - Setting next_dagrun for dataset_with_extra_by_context to 2025-05-15 00:00:00+00:00, run_after=2025-05-16 00:00:00+00:00
[2025-05-16T16:11:40.465-0400] {logging_mixin.py:190} INFO - [2025-05-16T16:11:40.465-0400] {dag.py:4180} INFO - Setting next_dagrun for dataset_with_extra_by_yield to 2025-05-15 00:00:00+00:00, run_after=2025-05-16 00:00:00+00:00
[2025-05-16T16:11:40.466-0400] {logging_mixin.py:190} INFO - [2025-05-16T16:11:40.466-0400] {dag.py:4180} INFO - Setting next_dagrun for dataset_with_extra_from_classic_operator to 2025-05-15 00:00:00+00:00, run_after=2025-05-16 00:00:00+00:00
[2025-05-16T16:11:40.483-0400] {processor.py:208} INFO - Processing /home/aangava/MSP/airflow_venv/lib/python3.12/site-packages/airflow/example_dags/example_outlet_event_extra.py took 0.063 seconds
[2025-05-16T16:12:32.996-0400] {processor.py:186} INFO - Started process (PID=95628) to work on /home/aangava/MSP/airflow_venv/lib/python3.12/site-packages/airflow/example_dags/example_outlet_event_extra.py
[2025-05-16T16:12:33.006-0400] {processor.py:914} INFO - Processing file /home/aangava/MSP/airflow_venv/lib/python3.12/site-packages/airflow/example_dags/example_outlet_event_extra.py for tasks to queue
[2025-05-16T16:12:33.007-0400] {logging_mixin.py:190} INFO - [2025-05-16T16:12:33.007-0400] {dagbag.py:588} INFO - Filling up the DagBag from /home/aangava/MSP/airflow_venv/lib/python3.12/site-packages/airflow/example_dags/example_outlet_event_extra.py
[2025-05-16T16:12:33.019-0400] {processor.py:925} INFO - DAG(s) 'dataset_with_extra_by_yield', 'dataset_with_extra_by_context', 'dataset_with_extra_from_classic_operator' retrieved from /home/aangava/MSP/airflow_venv/lib/python3.12/site-packages/airflow/example_dags/example_outlet_event_extra.py
[2025-05-16T16:12:33.032-0400] {logging_mixin.py:190} INFO - [2025-05-16T16:12:33.032-0400] {dag.py:3239} INFO - Sync 3 DAGs
[2025-05-16T16:12:33.045-0400] {logging_mixin.py:190} INFO - [2025-05-16T16:12:33.045-0400] {dag.py:4180} INFO - Setting next_dagrun for dataset_with_extra_by_context to 2025-05-15 00:00:00+00:00, run_after=2025-05-16 00:00:00+00:00
[2025-05-16T16:12:33.048-0400] {logging_mixin.py:190} INFO - [2025-05-16T16:12:33.048-0400] {dag.py:4180} INFO - Setting next_dagrun for dataset_with_extra_by_yield to 2025-05-15 00:00:00+00:00, run_after=2025-05-16 00:00:00+00:00
[2025-05-16T16:12:33.050-0400] {logging_mixin.py:190} INFO - [2025-05-16T16:12:33.049-0400] {dag.py:4180} INFO - Setting next_dagrun for dataset_with_extra_from_classic_operator to 2025-05-15 00:00:00+00:00, run_after=2025-05-16 00:00:00+00:00
[2025-05-16T16:12:33.065-0400] {processor.py:208} INFO - Processing /home/aangava/MSP/airflow_venv/lib/python3.12/site-packages/airflow/example_dags/example_outlet_event_extra.py took 0.074 seconds
[2025-05-16T16:13:26.984-0400] {processor.py:186} INFO - Started process (PID=95844) to work on /home/aangava/MSP/airflow_venv/lib/python3.12/site-packages/airflow/example_dags/example_outlet_event_extra.py
[2025-05-16T16:13:26.985-0400] {processor.py:914} INFO - Processing file /home/aangava/MSP/airflow_venv/lib/python3.12/site-packages/airflow/example_dags/example_outlet_event_extra.py for tasks to queue
[2025-05-16T16:13:26.986-0400] {logging_mixin.py:190} INFO - [2025-05-16T16:13:26.986-0400] {dagbag.py:588} INFO - Filling up the DagBag from /home/aangava/MSP/airflow_venv/lib/python3.12/site-packages/airflow/example_dags/example_outlet_event_extra.py
[2025-05-16T16:13:26.996-0400] {processor.py:925} INFO - DAG(s) 'dataset_with_extra_by_yield', 'dataset_with_extra_from_classic_operator', 'dataset_with_extra_by_context' retrieved from /home/aangava/MSP/airflow_venv/lib/python3.12/site-packages/airflow/example_dags/example_outlet_event_extra.py
[2025-05-16T16:13:27.008-0400] {logging_mixin.py:190} INFO - [2025-05-16T16:13:27.008-0400] {dag.py:3239} INFO - Sync 3 DAGs
[2025-05-16T16:13:27.020-0400] {logging_mixin.py:190} INFO - [2025-05-16T16:13:27.020-0400] {dag.py:4180} INFO - Setting next_dagrun for dataset_with_extra_by_context to 2025-05-15 00:00:00+00:00, run_after=2025-05-16 00:00:00+00:00
[2025-05-16T16:13:27.023-0400] {logging_mixin.py:190} INFO - [2025-05-16T16:13:27.023-0400] {dag.py:4180} INFO - Setting next_dagrun for dataset_with_extra_by_yield to 2025-05-15 00:00:00+00:00, run_after=2025-05-16 00:00:00+00:00
[2025-05-16T16:13:27.024-0400] {logging_mixin.py:190} INFO - [2025-05-16T16:13:27.024-0400] {dag.py:4180} INFO - Setting next_dagrun for dataset_with_extra_from_classic_operator to 2025-05-15 00:00:00+00:00, run_after=2025-05-16 00:00:00+00:00
[2025-05-16T16:13:27.039-0400] {processor.py:208} INFO - Processing /home/aangava/MSP/airflow_venv/lib/python3.12/site-packages/airflow/example_dags/example_outlet_event_extra.py took 0.059 seconds
[2025-05-16T16:14:22.471-0400] {processor.py:186} INFO - Started process (PID=96063) to work on /home/aangava/MSP/airflow_venv/lib/python3.12/site-packages/airflow/example_dags/example_outlet_event_extra.py
[2025-05-16T16:14:22.481-0400] {processor.py:914} INFO - Processing file /home/aangava/MSP/airflow_venv/lib/python3.12/site-packages/airflow/example_dags/example_outlet_event_extra.py for tasks to queue
[2025-05-16T16:14:22.483-0400] {logging_mixin.py:190} INFO - [2025-05-16T16:14:22.482-0400] {dagbag.py:588} INFO - Filling up the DagBag from /home/aangava/MSP/airflow_venv/lib/python3.12/site-packages/airflow/example_dags/example_outlet_event_extra.py
[2025-05-16T16:14:22.493-0400] {processor.py:925} INFO - DAG(s) 'dataset_with_extra_from_classic_operator', 'dataset_with_extra_by_context', 'dataset_with_extra_by_yield' retrieved from /home/aangava/MSP/airflow_venv/lib/python3.12/site-packages/airflow/example_dags/example_outlet_event_extra.py
[2025-05-16T16:14:22.506-0400] {logging_mixin.py:190} INFO - [2025-05-16T16:14:22.506-0400] {dag.py:3239} INFO - Sync 3 DAGs
[2025-05-16T16:14:22.522-0400] {logging_mixin.py:190} INFO - [2025-05-16T16:14:22.522-0400] {dag.py:4180} INFO - Setting next_dagrun for dataset_with_extra_by_context to 2025-05-15 00:00:00+00:00, run_after=2025-05-16 00:00:00+00:00
[2025-05-16T16:14:22.525-0400] {logging_mixin.py:190} INFO - [2025-05-16T16:14:22.525-0400] {dag.py:4180} INFO - Setting next_dagrun for dataset_with_extra_by_yield to 2025-05-15 00:00:00+00:00, run_after=2025-05-16 00:00:00+00:00
[2025-05-16T16:14:22.526-0400] {logging_mixin.py:190} INFO - [2025-05-16T16:14:22.526-0400] {dag.py:4180} INFO - Setting next_dagrun for dataset_with_extra_from_classic_operator to 2025-05-15 00:00:00+00:00, run_after=2025-05-16 00:00:00+00:00
[2025-05-16T16:14:22.543-0400] {processor.py:208} INFO - Processing /home/aangava/MSP/airflow_venv/lib/python3.12/site-packages/airflow/example_dags/example_outlet_event_extra.py took 0.076 seconds
[2025-05-16T16:15:16.038-0400] {processor.py:186} INFO - Started process (PID=96296) to work on /home/aangava/MSP/airflow_venv/lib/python3.12/site-packages/airflow/example_dags/example_outlet_event_extra.py
[2025-05-16T16:15:16.039-0400] {processor.py:914} INFO - Processing file /home/aangava/MSP/airflow_venv/lib/python3.12/site-packages/airflow/example_dags/example_outlet_event_extra.py for tasks to queue
[2025-05-16T16:15:16.041-0400] {logging_mixin.py:190} INFO - [2025-05-16T16:15:16.041-0400] {dagbag.py:588} INFO - Filling up the DagBag from /home/aangava/MSP/airflow_venv/lib/python3.12/site-packages/airflow/example_dags/example_outlet_event_extra.py
[2025-05-16T16:15:16.053-0400] {processor.py:925} INFO - DAG(s) 'dataset_with_extra_by_context', 'dataset_with_extra_by_yield', 'dataset_with_extra_from_classic_operator' retrieved from /home/aangava/MSP/airflow_venv/lib/python3.12/site-packages/airflow/example_dags/example_outlet_event_extra.py
[2025-05-16T16:15:16.071-0400] {logging_mixin.py:190} INFO - [2025-05-16T16:15:16.070-0400] {dag.py:3239} INFO - Sync 3 DAGs
[2025-05-16T16:15:16.088-0400] {logging_mixin.py:190} INFO - [2025-05-16T16:15:16.088-0400] {dag.py:4180} INFO - Setting next_dagrun for dataset_with_extra_by_context to 2025-05-15 00:00:00+00:00, run_after=2025-05-16 00:00:00+00:00
[2025-05-16T16:15:16.091-0400] {logging_mixin.py:190} INFO - [2025-05-16T16:15:16.091-0400] {dag.py:4180} INFO - Setting next_dagrun for dataset_with_extra_by_yield to 2025-05-15 00:00:00+00:00, run_after=2025-05-16 00:00:00+00:00
[2025-05-16T16:15:16.093-0400] {logging_mixin.py:190} INFO - [2025-05-16T16:15:16.092-0400] {dag.py:4180} INFO - Setting next_dagrun for dataset_with_extra_from_classic_operator to 2025-05-15 00:00:00+00:00, run_after=2025-05-16 00:00:00+00:00
[2025-05-16T16:15:16.113-0400] {processor.py:208} INFO - Processing /home/aangava/MSP/airflow_venv/lib/python3.12/site-packages/airflow/example_dags/example_outlet_event_extra.py took 0.078 seconds
