[2025-05-16T13:02:56.818-0400] {processor.py:186} INFO - Started process (PID=58882) to work on /home/aangava/MSP/airflow_venv/lib/python3.12/site-packages/airflow/example_dags/tutorial.py
[2025-05-16T13:02:56.819-0400] {processor.py:914} INFO - Processing file /home/aangava/MSP/airflow_venv/lib/python3.12/site-packages/airflow/example_dags/tutorial.py for tasks to queue
[2025-05-16T13:02:56.819-0400] {logging_mixin.py:190} INFO - [2025-05-16T13:02:56.819-0400] {dagbag.py:588} INFO - Filling up the DagBag from /home/aangava/MSP/airflow_venv/lib/python3.12/site-packages/airflow/example_dags/tutorial.py
[2025-05-16T13:02:56.824-0400] {processor.py:925} INFO - DAG(s) 'tutorial' retrieved from /home/aangava/MSP/airflow_venv/lib/python3.12/site-packages/airflow/example_dags/tutorial.py
[2025-05-16T13:02:56.836-0400] {logging_mixin.py:190} INFO - [2025-05-16T13:02:56.836-0400] {dag.py:3239} INFO - Sync 1 DAGs
[2025-05-16T13:02:56.847-0400] {logging_mixin.py:190} INFO - [2025-05-16T13:02:56.847-0400] {dag.py:4180} INFO - Setting next_dagrun for tutorial to 2025-05-15 00:00:00+00:00, run_after=2025-05-16 00:00:00+00:00
[2025-05-16T13:02:56.861-0400] {processor.py:208} INFO - Processing /home/aangava/MSP/airflow_venv/lib/python3.12/site-packages/airflow/example_dags/tutorial.py took 0.047 seconds
[2025-05-16T13:04:00.769-0400] {processor.py:186} INFO - Started process (PID=59163) to work on /home/aangava/MSP/airflow_venv/lib/python3.12/site-packages/airflow/example_dags/tutorial.py
[2025-05-16T13:04:00.779-0400] {processor.py:914} INFO - Processing file /home/aangava/MSP/airflow_venv/lib/python3.12/site-packages/airflow/example_dags/tutorial.py for tasks to queue
[2025-05-16T13:04:00.780-0400] {logging_mixin.py:190} INFO - [2025-05-16T13:04:00.779-0400] {dagbag.py:588} INFO - Filling up the DagBag from /home/aangava/MSP/airflow_venv/lib/python3.12/site-packages/airflow/example_dags/tutorial.py
[2025-05-16T13:04:00.785-0400] {processor.py:925} INFO - DAG(s) 'tutorial' retrieved from /home/aangava/MSP/airflow_venv/lib/python3.12/site-packages/airflow/example_dags/tutorial.py
[2025-05-16T13:04:00.795-0400] {logging_mixin.py:190} INFO - [2025-05-16T13:04:00.795-0400] {dag.py:3239} INFO - Sync 1 DAGs
[2025-05-16T13:04:00.808-0400] {logging_mixin.py:190} INFO - [2025-05-16T13:04:00.808-0400] {dag.py:4180} INFO - Setting next_dagrun for tutorial to 2025-05-15 00:00:00+00:00, run_after=2025-05-16 00:00:00+00:00
[2025-05-16T13:04:00.820-0400] {processor.py:208} INFO - Processing /home/aangava/MSP/airflow_venv/lib/python3.12/site-packages/airflow/example_dags/tutorial.py took 0.055 seconds
[2025-05-16T13:04:50.005-0400] {processor.py:186} INFO - Started process (PID=59440) to work on /home/aangava/MSP/airflow_venv/lib/python3.12/site-packages/airflow/example_dags/tutorial.py
[2025-05-16T13:04:50.007-0400] {processor.py:914} INFO - Processing file /home/aangava/MSP/airflow_venv/lib/python3.12/site-packages/airflow/example_dags/tutorial.py for tasks to queue
[2025-05-16T13:04:50.009-0400] {logging_mixin.py:190} INFO - [2025-05-16T13:04:50.008-0400] {dagbag.py:588} INFO - Filling up the DagBag from /home/aangava/MSP/airflow_venv/lib/python3.12/site-packages/airflow/example_dags/tutorial.py
[2025-05-16T13:04:50.016-0400] {processor.py:925} INFO - DAG(s) 'tutorial' retrieved from /home/aangava/MSP/airflow_venv/lib/python3.12/site-packages/airflow/example_dags/tutorial.py
[2025-05-16T13:04:50.026-0400] {logging_mixin.py:190} INFO - [2025-05-16T13:04:50.026-0400] {dag.py:3239} INFO - Sync 1 DAGs
[2025-05-16T13:04:50.040-0400] {logging_mixin.py:190} INFO - [2025-05-16T13:04:50.040-0400] {dag.py:4180} INFO - Setting next_dagrun for tutorial to 2025-05-15 00:00:00+00:00, run_after=2025-05-16 00:00:00+00:00
[2025-05-16T13:04:50.056-0400] {processor.py:208} INFO - Processing /home/aangava/MSP/airflow_venv/lib/python3.12/site-packages/airflow/example_dags/tutorial.py took 0.056 seconds
